<?xml version="1.0"?>
<rdf:RDF
 xmlns:rdf="http://www.w3.org/TR/WD-rdf-syntax#"
 xmlns:g2="g2-12-0-13.rdf"
 xmlns="">

<g2:Module ID="TEST-VECTOR-FUNCTIONS">
  <g2:version>
    <g2:Structure>
      <g2:sa.MAJOR-VERSION g2:type="Integer">12</g2:sa.MAJOR-VERSION>
      <g2:sa.MINOR-VERSION g2:type="Integer">0</g2:sa.MINOR-VERSION>
      <g2:sa.RELEASE-QUALITY g2:type="Text"></g2:sa.RELEASE-QUALITY>
      <g2:sa.REVISION g2:type="Integer">13</g2:sa.REVISION>
      <g2:sa.BUILD-IDENTIFICATION g2:type="Text">TA22</g2:sa.BUILD-IDENTIFICATION></g2:Structure></g2:version>
  <g2:systemtables>
    <g2:Sequence>
      <rdf:li>
      <g2:c.MODULE-INFORMATION ID="77f29e1cf12c11de87db000c297e6b9c">
        <g2:a.AUTHORS>
          <g2:Structure>
            <g2:sa.AUTHORS>
              <g2:Sequence>
                <rdf:li g2:type="Symbol">ADMINISTRATOR</rdf:li></g2:Sequence></g2:sa.AUTHORS>
            <g2:sa.TIMESTAMP>
              <g2:Structure>
                <g2:sa.YEAR g2:type="Integer">2012</g2:sa.YEAR>
                <g2:sa.MONTH g2:type="Integer">8</g2:sa.MONTH>
                <g2:sa.DATE g2:type="Integer">21</g2:sa.DATE>
                <g2:sa.HOURS g2:type="Integer">8</g2:sa.HOURS>
                <g2:sa.MINUTES g2:type="Integer">20</g2:sa.MINUTES></g2:Structure></g2:sa.TIMESTAMP></g2:Structure></g2:a.AUTHORS>
        <g2:a.TOP-LEVEL-MODULE g2:type="Symbol">TEST-VECTOR-FUNCTIONS</g2:a.TOP-LEVEL-MODULE>
        <g2:a.DIRECTLY-REQUIRED-MODULES>
          <g2:Sequence>
            <rdf:li g2:type="Symbol">SYS-MOD</rdf:li>
            <rdf:li g2:type="Symbol">UILROOT</rdf:li>
            <rdf:li g2:type="Symbol">TSDRIVER</rdf:li></g2:Sequence></g2:a.DIRECTLY-REQUIRED-MODULES>
        <g2:a.ICON-VARIABLES>
          <g2:Structure>
            <g2:sa.WIDTH g2:type="Integer">50</g2:sa.WIDTH>
            <g2:sa.HEIGHT g2:type="Integer">50</g2:sa.HEIGHT></g2:Structure></g2:a.ICON-VARIABLES></g2:c.MODULE-INFORMATION></rdf:li>
      <rdf:li>
      <g2:c.DEBUGGING-PARAMETERS ID="77f29e1df12c11de87db000c297e6b9c">
        <g2:a.ICON-VARIABLES>
          <g2:Structure>
            <g2:sa.WIDTH g2:type="Integer">50</g2:sa.WIDTH>
            <g2:sa.HEIGHT g2:type="Integer">50</g2:sa.HEIGHT></g2:Structure></g2:a.ICON-VARIABLES></g2:c.DEBUGGING-PARAMETERS></rdf:li>
      <rdf:li>
      <g2:c.TIMING-PARAMETERS ID="77f29e21f12c11de87db000c297e6b9c">
        <g2:a.ICON-VARIABLES>
          <g2:Structure>
            <g2:sa.WIDTH g2:type="Integer">50</g2:sa.WIDTH>
            <g2:sa.HEIGHT g2:type="Integer">50</g2:sa.HEIGHT></g2:Structure></g2:a.ICON-VARIABLES></g2:c.TIMING-PARAMETERS></rdf:li>
      <rdf:li>
      <g2:c.INFERENCE-ENGINE-PARAMETERS ID="77f29e2af12c11de87db000c297e6b9c">
        <g2:a.ICON-VARIABLES>
          <g2:Structure>
            <g2:sa.WIDTH g2:type="Integer">50</g2:sa.WIDTH>
            <g2:sa.HEIGHT g2:type="Integer">50</g2:sa.HEIGHT></g2:Structure></g2:a.ICON-VARIABLES></g2:c.INFERENCE-ENGINE-PARAMETERS></rdf:li>
      <rdf:li>
      <g2:c.DATA-SERVER-PARAMETERS ID="77f29e2bf12c11de87db000c297e6b9c">
        <g2:a.ICON-VARIABLES>
          <g2:Structure>
            <g2:sa.WIDTH g2:type="Integer">50</g2:sa.WIDTH>
            <g2:sa.HEIGHT g2:type="Integer">50</g2:sa.HEIGHT></g2:Structure></g2:a.ICON-VARIABLES></g2:c.DATA-SERVER-PARAMETERS></rdf:li>
      <rdf:li>
      <g2:c.G2GL-PARAMETERS ID="77f29e2ff12c11de87db000c297e6b9c">
        <g2:a.ICON-VARIABLES>
          <g2:Structure>
            <g2:sa.WIDTH g2:type="Integer">50</g2:sa.WIDTH>
            <g2:sa.HEIGHT g2:type="Integer">50</g2:sa.HEIGHT></g2:Structure></g2:a.ICON-VARIABLES></g2:c.G2GL-PARAMETERS></rdf:li>
      <rdf:li>
      <g2:c.SIMULATION-PARAMETERS ID="77f29e2df12c11de87db000c297e6b9c">
        <g2:a.ICON-VARIABLES>
          <g2:Structure>
            <g2:sa.WIDTH g2:type="Integer">50</g2:sa.WIDTH>
            <g2:sa.HEIGHT g2:type="Integer">50</g2:sa.HEIGHT></g2:Structure></g2:a.ICON-VARIABLES></g2:c.SIMULATION-PARAMETERS></rdf:li>
      <rdf:li>
      <g2:c.KB-CONFIGURATION ID="77f29e30f12c11de87db000c297e6b9c">
        <g2:a.ICON-VARIABLES>
          <g2:Structure>
            <g2:sa.WIDTH g2:type="Integer">50</g2:sa.WIDTH>
            <g2:sa.HEIGHT g2:type="Integer">50</g2:sa.HEIGHT></g2:Structure></g2:a.ICON-VARIABLES></g2:c.KB-CONFIGURATION></rdf:li>
      <rdf:li>
      <g2:c.PRINTER-SETUP ID="77f29e1ef12c11de87db000c297e6b9c">
        <g2:a.ICON-VARIABLES>
          <g2:Structure>
            <g2:sa.WIDTH g2:type="Integer">50</g2:sa.WIDTH>
            <g2:sa.HEIGHT g2:type="Integer">50</g2:sa.HEIGHT></g2:Structure></g2:a.ICON-VARIABLES></g2:c.PRINTER-SETUP></rdf:li>
      <rdf:li>
      <g2:c.MESSAGE-BOARD-PARAMETERS ID="77f29e24f12c11de87db000c297e6b9c">
        <g2:a.ICON-VARIABLES>
          <g2:Structure>
            <g2:sa.WIDTH g2:type="Integer">50</g2:sa.WIDTH>
            <g2:sa.HEIGHT g2:type="Integer">50</g2:sa.HEIGHT></g2:Structure></g2:a.ICON-VARIABLES></g2:c.MESSAGE-BOARD-PARAMETERS></rdf:li>
      <rdf:li>
      <g2:c.LOGBOOK-PARAMETERS ID="77f29e23f12c11de87db000c297e6b9c">
        <g2:a.ICON-VARIABLES>
          <g2:Structure>
            <g2:sa.WIDTH g2:type="Integer">50</g2:sa.WIDTH>
            <g2:sa.HEIGHT g2:type="Integer">50</g2:sa.HEIGHT></g2:Structure></g2:a.ICON-VARIABLES></g2:c.LOGBOOK-PARAMETERS></rdf:li>
      <rdf:li>
      <g2:c.LOG-FILE-PARAMETERS ID="77f29e25f12c11de87db000c297e6b9c">
        <g2:a.ICON-VARIABLES>
          <g2:Structure>
            <g2:sa.WIDTH g2:type="Integer">50</g2:sa.WIDTH>
            <g2:sa.HEIGHT g2:type="Integer">50</g2:sa.HEIGHT></g2:Structure></g2:a.ICON-VARIABLES></g2:c.LOG-FILE-PARAMETERS></rdf:li>
      <rdf:li>
      <g2:c.COLOR-PARAMETERS ID="77f29e27f12c11de87db000c297e6b9c">
        <g2:a.ICON-VARIABLES>
          <g2:Structure>
            <g2:sa.WIDTH g2:type="Integer">50</g2:sa.WIDTH>
            <g2:sa.HEIGHT g2:type="Integer">50</g2:sa.HEIGHT></g2:Structure></g2:a.ICON-VARIABLES></g2:c.COLOR-PARAMETERS></rdf:li>
      <rdf:li>
      <g2:c.LANGUAGE-PARAMETERS ID="77f29e20f12c11de87db000c297e6b9c">
        <g2:a.ICON-VARIABLES>
          <g2:Structure>
            <g2:sa.WIDTH g2:type="Integer">50</g2:sa.WIDTH>
            <g2:sa.HEIGHT g2:type="Integer">50</g2:sa.HEIGHT></g2:Structure></g2:a.ICON-VARIABLES></g2:c.LANGUAGE-PARAMETERS></rdf:li>
      <rdf:li>
      <g2:c.FONTS ID="77f29e1ff12c11de87db000c297e6b9c">
        <g2:a.ICON-VARIABLES>
          <g2:Structure>
            <g2:sa.WIDTH g2:type="Integer">50</g2:sa.WIDTH>
            <g2:sa.HEIGHT g2:type="Integer">50</g2:sa.HEIGHT></g2:Structure></g2:a.ICON-VARIABLES></g2:c.FONTS></rdf:li>
      <rdf:li>
      <g2:c.EDITOR-PARAMETERS ID="77f29e28f12c11de87db000c297e6b9c">
        <g2:a.ICON-VARIABLES>
          <g2:Structure>
            <g2:sa.WIDTH g2:type="Integer">50</g2:sa.WIDTH>
            <g2:sa.HEIGHT g2:type="Integer">50</g2:sa.HEIGHT></g2:Structure></g2:a.ICON-VARIABLES></g2:c.EDITOR-PARAMETERS></rdf:li>
      <rdf:li>
      <g2:c.MENU-PARAMETERS ID="77f29e26f12c11de87db000c297e6b9c">
        <g2:a.ICON-VARIABLES>
          <g2:Structure>
            <g2:sa.WIDTH g2:type="Integer">50</g2:sa.WIDTH>
            <g2:sa.HEIGHT g2:type="Integer">50</g2:sa.HEIGHT></g2:Structure></g2:a.ICON-VARIABLES></g2:c.MENU-PARAMETERS></rdf:li>
      <rdf:li>
      <g2:c.MISCELLANEOUS-PARAMETERS ID="77f29e2ef12c11de87db000c297e6b9c">
        <g2:a.BACKWARD-COMPATIBILITY-FEATURES>
          <g2:Sequence>
            <rdf:li g2:type="Symbol">PRINT-MEANS-PRINT-TO-SERVER-IN-CONFIGURATIONS</rdf:li>
            <rdf:li g2:type="Symbol">INCONSISTENT-BEHAVIOR-OF-MOVE-IN-CONFIGURATIONS</rdf:li></g2:Sequence></g2:a.BACKWARD-COMPATIBILITY-FEATURES>
        <g2:a.ICON-VARIABLES>
          <g2:Structure>
            <g2:sa.WIDTH g2:type="Integer">50</g2:sa.WIDTH>
            <g2:sa.HEIGHT g2:type="Integer">50</g2:sa.HEIGHT></g2:Structure></g2:a.ICON-VARIABLES></g2:c.MISCELLANEOUS-PARAMETERS></rdf:li>
      <rdf:li>
      <g2:c.DRAWING-PARAMETERS ID="77f29e22f12c11de87db000c297e6b9c">
        <g2:a.ICON-VARIABLES>
          <g2:Structure>
            <g2:sa.WIDTH g2:type="Integer">50</g2:sa.WIDTH>
            <g2:sa.HEIGHT g2:type="Integer">50</g2:sa.HEIGHT></g2:Structure></g2:a.ICON-VARIABLES></g2:c.DRAWING-PARAMETERS></rdf:li>
      <rdf:li>
      <g2:c.SAVING-PARAMETERS ID="77f29e29f12c11de87db000c297e6b9c">
        <g2:a.ICON-VARIABLES>
          <g2:Structure>
            <g2:sa.WIDTH g2:type="Integer">50</g2:sa.WIDTH>
            <g2:sa.HEIGHT g2:type="Integer">50</g2:sa.HEIGHT></g2:Structure></g2:a.ICON-VARIABLES></g2:c.SAVING-PARAMETERS></rdf:li>
      <rdf:li>
      <g2:c.VERSION-CONTROL-PARAMETERS ID="77f29e2cf12c11de87db000c297e6b9c">
        <g2:a.ICON-VARIABLES>
          <g2:Structure>
            <g2:sa.WIDTH g2:type="Integer">50</g2:sa.WIDTH>
            <g2:sa.HEIGHT g2:type="Integer">50</g2:sa.HEIGHT></g2:Structure></g2:a.ICON-VARIABLES></g2:c.VERSION-CONTROL-PARAMETERS></rdf:li></g2:Sequence></g2:systemtables>
  <g2:externaldefinitions>
    <g2:Sequence>
      <rdf:li>
      <g2:c.CONNECTION-DEFINITION>
        <g2:a.CLASS-NAME g2:type="Symbol">NEXT-BENCHMARK</g2:a.CLASS-NAME>
        <g2:a.DIRECT-SUPERIOR-CLASSES>
          <g2:Sequence>
            <rdf:li g2:type="Symbol">CONNECTION</rdf:li></g2:Sequence></g2:a.DIRECT-SUPERIOR-CLASSES>
        <g2:a.CROSS-SECTION-PATTERN>
          <g2:Structure>
            <g2:sa.CROSS-SECTION-REGIONS>
              <g2:Sequence>
                <rdf:li>
                <g2:Structure>
                  <g2:sa.REGION-NAME g2:type="Symbol">OUTLINE</g2:sa.REGION-NAME>
                  <g2:sa.REGION-COLOR g2:type="Symbol">RED</g2:sa.REGION-COLOR></g2:Structure></rdf:li>
                <rdf:li>
                <g2:Structure>
                  <g2:sa.REGION-NAME g2:type="Symbol">INSIDE</g2:sa.REGION-NAME>
                  <g2:sa.REGION-COLOR g2:type="Symbol">TURQUOISE</g2:sa.REGION-COLOR></g2:Structure></rdf:li></g2:Sequence></g2:sa.CROSS-SECTION-REGIONS>
            <g2:sa.CROSS-SECTION-STRIPES>
              <g2:Sequence>
                <rdf:li>
                <g2:Structure>
                  <g2:sa.REGION-NAME g2:type="Symbol">OUTLINE</g2:sa.REGION-NAME>
                  <g2:sa.REGION-SIZE g2:type="Integer">1</g2:sa.REGION-SIZE></g2:Structure></rdf:li>
                <rdf:li>
                <g2:Structure>
                  <g2:sa.REGION-NAME g2:type="Symbol">INSIDE</g2:sa.REGION-NAME>
                  <g2:sa.REGION-SIZE g2:type="Integer">2</g2:sa.REGION-SIZE></g2:Structure></rdf:li>
                <rdf:li>
                <g2:Structure>
                  <g2:sa.REGION-NAME g2:type="Symbol">OUTLINE</g2:sa.REGION-NAME>
                  <g2:sa.REGION-SIZE g2:type="Integer">1</g2:sa.REGION-SIZE></g2:Structure></rdf:li></g2:Sequence></g2:sa.CROSS-SECTION-STRIPES></g2:Structure></g2:a.CROSS-SECTION-PATTERN>
        <g2:a.STUB-LENGTH g2:type="Integer">5</g2:a.STUB-LENGTH>
        <g2:a.JUNCTION-BLOCK g2:type="Symbol">NEXT-BENCHMARK-JUNCTION-DEFINITION</g2:a.JUNCTION-BLOCK></g2:c.CONNECTION-DEFINITION></rdf:li>
      <rdf:li>
      <g2:c.OBJECT-DEFINITION>
        <g2:a.AUTHORS>
          <g2:Structure>
            <g2:sa.AUTHORS>
              <g2:Sequence>
                <rdf:li g2:type="Symbol">ADMINISTRATOR</rdf:li></g2:Sequence></g2:sa.AUTHORS>
            <g2:sa.TIMESTAMP>
              <g2:Structure>
                <g2:sa.YEAR g2:type="Integer">2009</g2:sa.YEAR>
                <g2:sa.MONTH g2:type="Integer">10</g2:sa.MONTH>
                <g2:sa.DATE g2:type="Integer">22</g2:sa.DATE>
                <g2:sa.HOURS g2:type="Integer">10</g2:sa.HOURS>
                <g2:sa.MINUTES g2:type="Integer">58</g2:sa.MINUTES></g2:Structure></g2:sa.TIMESTAMP></g2:Structure></g2:a.AUTHORS>
        <g2:a.CLASS-NAME g2:type="Symbol">START-FLOW</g2:a.CLASS-NAME>
        <g2:a.DIRECT-SUPERIOR-CLASSES>
          <g2:Sequence>
            <rdf:li g2:type="Symbol">BENCHMARK-NODE</rdf:li></g2:Sequence></g2:a.DIRECT-SUPERIOR-CLASSES>
        <g2:a.CLASS-SPECIFIC-ATTRIBUTES>
          <g2:Sequence>
            <rdf:li>
            <g2:Structure>
              <g2:sa.ATTRIBUTE-NAME g2:type="Symbol">NUMBER-OF-EXECUTED-TESTS</g2:sa.ATTRIBUTE-NAME>
              <g2:sa.ATTRIBUTE-INITIAL-VALUE g2:type="Integer">0</g2:sa.ATTRIBUTE-INITIAL-VALUE></g2:Structure></rdf:li>
            <rdf:li>
            <g2:Structure>
              <g2:sa.ATTRIBUTE-NAME g2:type="Symbol">TOTAL-NUMBER-OF-TESTS</g2:sa.ATTRIBUTE-NAME>
              <g2:sa.ATTRIBUTE-INITIAL-VALUE g2:type="Integer">0</g2:sa.ATTRIBUTE-INITIAL-VALUE></g2:Structure></rdf:li></g2:Sequence></g2:a.CLASS-SPECIFIC-ATTRIBUTES>
        <g2:a.ATTRIBUTE-INITIALIZATIONS>
          <g2:Sequence>
            <rdf:li>
            <g2:Structure>
              <g2:sa.USER-ATTRIBUTE-NAME g2:type="Symbol">TEST-PROCEDURE</g2:sa.USER-ATTRIBUTE-NAME>
              <g2:sa.INITIALIZATION>
                <g2:Structure>
                  <g2:sa.INITIAL-VALUE g2:type="Symbol">START-START-FLOW</g2:sa.INITIAL-VALUE></g2:Structure></g2:sa.INITIALIZATION></g2:Structure></rdf:li></g2:Sequence></g2:a.ATTRIBUTE-INITIALIZATIONS>
        <g2:a.ICON-DESCRIPTION>
          <g2:Structure>
            <g2:sa.WIDTH g2:type="Integer">50</g2:sa.WIDTH>
            <g2:sa.HEIGHT g2:type="Integer">25</g2:sa.HEIGHT>
            <g2:sa.LAYERS>
              <g2:Sequence>
                <rdf:li>
                <g2:Structure>
                  <g2:sa.REGION-OR-COLOR g2:type="Symbol">RED</g2:sa.REGION-OR-COLOR>
                  <g2:sa.LINE-DRAWING-ELEMENTS>
                    <g2:Sequence>
                      <rdf:li>
                      <g2:Structure>
                        <g2:sa.TYPE g2:type="Symbol">LINES</g2:sa.TYPE>
                        <g2:sa.POINTS>
                          <g2:Sequence>
                            <rdf:li>
                            <g2:Structure>
                              <g2:sa.X g2:type="Integer">13</g2:sa.X>
                              <g2:sa.Y g2:type="Integer">15</g2:sa.Y></g2:Structure></rdf:li>
                            <rdf:li>
                            <g2:Structure>
                              <g2:sa.X g2:type="Integer">11</g2:sa.X>
                              <g2:sa.Y g2:type="Integer">23</g2:sa.Y></g2:Structure></rdf:li>
                            <rdf:li>
                            <g2:Structure>
                              <g2:sa.X g2:type="Integer">1</g2:sa.X>
                              <g2:sa.Y g2:type="Integer">23</g2:sa.Y></g2:Structure></rdf:li>
                            <rdf:li>
                            <g2:Structure>
                              <g2:sa.X g2:type="Integer">6</g2:sa.X>
                              <g2:sa.Y g2:type="Integer">1</g2:sa.Y></g2:Structure></rdf:li>
                            <rdf:li>
                            <g2:Structure>
                              <g2:sa.X g2:type="Integer">16</g2:sa.X>
                              <g2:sa.Y g2:type="Integer">1</g2:sa.Y></g2:Structure></rdf:li>
                            <rdf:li>
                            <g2:Structure>
                              <g2:sa.X g2:type="Integer">14</g2:sa.X>
                              <g2:sa.Y g2:type="Integer">9</g2:sa.Y></g2:Structure></rdf:li></g2:Sequence></g2:sa.POINTS></g2:Structure></rdf:li>
                      <rdf:li>
                      <g2:Structure>
                        <g2:sa.TYPE g2:type="Symbol">LINES</g2:sa.TYPE>
                        <g2:sa.POINTS>
                          <g2:Sequence>
                            <rdf:li>
                            <g2:Structure>
                              <g2:sa.X g2:type="Integer">9</g2:sa.X>
                              <g2:sa.Y g2:type="Integer">15</g2:sa.Y></g2:Structure></rdf:li>
                            <rdf:li>
                            <g2:Structure>
                              <g2:sa.X g2:type="Integer">16</g2:sa.X>
                              <g2:sa.Y g2:type="Integer">15</g2:sa.Y></g2:Structure></rdf:li></g2:Sequence></g2:sa.POINTS></g2:Structure></rdf:li>
                      <rdf:li>
                      <g2:Structure>
                        <g2:sa.TYPE g2:type="Symbol">LINES</g2:sa.TYPE>
                        <g2:sa.POINTS>
                          <g2:Sequence>
                            <rdf:li>
                            <g2:Structure>
                              <g2:sa.X g2:type="Integer">24</g2:sa.X>
                              <g2:sa.Y g2:type="Integer">1</g2:sa.Y></g2:Structure></rdf:li>
                            <rdf:li>
                            <g2:Structure>
                              <g2:sa.X g2:type="Integer">33</g2:sa.X>
                              <g2:sa.Y g2:type="Integer">1</g2:sa.Y></g2:Structure></rdf:li>
                            <rdf:li>
                            <g2:Structure>
                              <g2:sa.X g2:type="Integer">28</g2:sa.X>
                              <g2:sa.Y g2:type="Integer">23</g2:sa.Y></g2:Structure></rdf:li>
                            <rdf:li>
                            <g2:Structure>
                              <g2:sa.X g2:type="Integer">19</g2:sa.X>
                              <g2:sa.Y g2:type="Integer">23</g2:sa.Y></g2:Structure></rdf:li>
                            <rdf:li>
                            <g2:Structure>
                              <g2:sa.X g2:type="Integer">24</g2:sa.X>
                              <g2:sa.Y g2:type="Integer">1</g2:sa.Y></g2:Structure></rdf:li></g2:Sequence></g2:sa.POINTS></g2:Structure></rdf:li>
                      <rdf:li>
                      <g2:Structure>
                        <g2:sa.TYPE g2:type="Symbol">LINES</g2:sa.TYPE>
                        <g2:sa.POINTS>
                          <g2:Sequence>
                            <rdf:li>
                            <g2:Structure>
                              <g2:sa.X g2:type="Integer">41</g2:sa.X>
                              <g2:sa.Y g2:type="Integer">2</g2:sa.Y></g2:Structure></rdf:li>
                            <rdf:li>
                            <g2:Structure>
                              <g2:sa.X g2:type="Integer">37</g2:sa.X>
                              <g2:sa.Y g2:type="Integer">19</g2:sa.Y></g2:Structure></rdf:li></g2:Sequence></g2:sa.POINTS></g2:Structure></rdf:li>
                      <rdf:li>
                      <g2:Structure>
                        <g2:sa.TYPE g2:type="Symbol">LINES</g2:sa.TYPE>
                        <g2:sa.POINTS>
                          <g2:Sequence>
                            <rdf:li>
                            <g2:Structure>
                              <g2:sa.X g2:type="Integer">36</g2:sa.X>
                              <g2:sa.Y g2:type="Integer">21</g2:sa.Y></g2:Structure></rdf:li>
                            <rdf:li>
                            <g2:Structure>
                              <g2:sa.X g2:type="Integer">36</g2:sa.X>
                              <g2:sa.Y g2:type="Integer">22</g2:sa.Y></g2:Structure></rdf:li></g2:Sequence></g2:sa.POINTS></g2:Structure></rdf:li></g2:Sequence></g2:sa.LINE-DRAWING-ELEMENTS></g2:Structure></rdf:li></g2:Sequence></g2:sa.LAYERS></g2:Structure></g2:a.ICON-DESCRIPTION>
        <g2:a.STUBS>
          <g2:Sequence>
            <rdf:li>
            <g2:Structure>
              <g2:sa.CONNECTION-CLASS g2:type="Symbol">NEXT-BENCHMARK</g2:sa.CONNECTION-CLASS>
              <g2:sa.EDGE-LOCATION g2:type="Symbol">BOTTOM</g2:sa.EDGE-LOCATION>
              <g2:sa.COORDINATE-LOCATION g2:type="Integer">25</g2:sa.COORDINATE-LOCATION></g2:Structure></rdf:li></g2:Sequence></g2:a.STUBS></g2:c.OBJECT-DEFINITION></rdf:li>
      <rdf:li>
      <g2:c.OBJECT-DEFINITION>
        <g2:a.CLASS-NAME g2:type="Symbol">END-FLOW</g2:a.CLASS-NAME>
        <g2:a.DIRECT-SUPERIOR-CLASSES>
          <g2:Sequence>
            <rdf:li g2:type="Symbol">BENCHMARK-NODE</rdf:li></g2:Sequence></g2:a.DIRECT-SUPERIOR-CLASSES>
        <g2:a.ATTRIBUTE-INITIALIZATIONS>
          <g2:Sequence>
            <rdf:li>
            <g2:Structure>
              <g2:sa.USER-ATTRIBUTE-NAME g2:type="Symbol">TEST-PROCEDURE</g2:sa.USER-ATTRIBUTE-NAME>
              <g2:sa.INITIALIZATION>
                <g2:Structure>
                  <g2:sa.INITIAL-VALUE g2:type="Symbol">END-TEST</g2:sa.INITIAL-VALUE></g2:Structure></g2:sa.INITIALIZATION></g2:Structure></rdf:li></g2:Sequence></g2:a.ATTRIBUTE-INITIALIZATIONS>
        <g2:a.ICON-DESCRIPTION>
          <g2:Structure>
            <g2:sa.WIDTH g2:type="Integer">50</g2:sa.WIDTH>
            <g2:sa.HEIGHT g2:type="Integer">25</g2:sa.HEIGHT>
            <g2:sa.LAYERS>
              <g2:Sequence>
                <rdf:li>
                <g2:Structure>
                  <g2:sa.REGION-OR-COLOR g2:type="Symbol">RED</g2:sa.REGION-OR-COLOR>
                  <g2:sa.LINE-DRAWING-ELEMENTS>
                    <g2:Sequence>
                      <rdf:li>
                      <g2:Structure>
                        <g2:sa.TYPE g2:type="Symbol">LINES</g2:sa.TYPE>
                        <g2:sa.POINTS>
                          <g2:Sequence>
                            <rdf:li>
                            <g2:Structure>
                              <g2:sa.X g2:type="Integer">10</g2:sa.X>
                              <g2:sa.Y g2:type="Integer">23</g2:sa.Y></g2:Structure></rdf:li>
                            <rdf:li>
                            <g2:Structure>
                              <g2:sa.X g2:type="Integer">2</g2:sa.X>
                              <g2:sa.Y g2:type="Integer">23</g2:sa.Y></g2:Structure></rdf:li>
                            <rdf:li>
                            <g2:Structure>
                              <g2:sa.X g2:type="Integer">4</g2:sa.X>
                              <g2:sa.Y g2:type="Integer">2</g2:sa.Y></g2:Structure></rdf:li>
                            <rdf:li>
                            <g2:Structure>
                              <g2:sa.X g2:type="Integer">12</g2:sa.X>
                              <g2:sa.Y g2:type="Integer">2</g2:sa.Y></g2:Structure></rdf:li></g2:Sequence></g2:sa.POINTS></g2:Structure></rdf:li>
                      <rdf:li>
                      <g2:Structure>
                        <g2:sa.TYPE g2:type="Symbol">LINES</g2:sa.TYPE>
                        <g2:sa.POINTS>
                          <g2:Sequence>
                            <rdf:li>
                            <g2:Structure>
                              <g2:sa.X g2:type="Integer">3</g2:sa.X>
                              <g2:sa.Y g2:type="Integer">12</g2:sa.Y></g2:Structure></rdf:li>
                            <rdf:li>
                            <g2:Structure>
                              <g2:sa.X g2:type="Integer">8</g2:sa.X>
                              <g2:sa.Y g2:type="Integer">12</g2:sa.Y></g2:Structure></rdf:li></g2:Sequence></g2:sa.POINTS></g2:Structure></rdf:li>
                      <rdf:li>
                      <g2:Structure>
                        <g2:sa.TYPE g2:type="Symbol">LINES</g2:sa.TYPE>
                        <g2:sa.POINTS>
                          <g2:Sequence>
                            <rdf:li>
                            <g2:Structure>
                              <g2:sa.X g2:type="Integer">25</g2:sa.X>
                              <g2:sa.Y g2:type="Integer">2</g2:sa.Y></g2:Structure></rdf:li>
                            <rdf:li>
                            <g2:Structure>
                              <g2:sa.X g2:type="Integer">22</g2:sa.X>
                              <g2:sa.Y g2:type="Integer">23</g2:sa.Y></g2:Structure></rdf:li>
                            <rdf:li>
                            <g2:Structure>
                              <g2:sa.X g2:type="Integer">17</g2:sa.X>
                              <g2:sa.Y g2:type="Integer">2</g2:sa.Y></g2:Structure></rdf:li>
                            <rdf:li>
                            <g2:Structure>
                              <g2:sa.X g2:type="Integer">14</g2:sa.X>
                              <g2:sa.Y g2:type="Integer">23</g2:sa.Y></g2:Structure></rdf:li></g2:Sequence></g2:sa.POINTS></g2:Structure></rdf:li>
                      <rdf:li>
                      <g2:Structure>
                        <g2:sa.TYPE g2:type="Symbol">LINES</g2:sa.TYPE>
                        <g2:sa.POINTS>
                          <g2:Sequence>
                            <rdf:li>
                            <g2:Structure>
                              <g2:sa.X g2:type="Integer">30</g2:sa.X>
                              <g2:sa.Y g2:type="Integer">2</g2:sa.Y></g2:Structure></rdf:li>
                            <rdf:li>
                            <g2:Structure>
                              <g2:sa.X g2:type="Integer">27</g2:sa.X>
                              <g2:sa.Y g2:type="Integer">23</g2:sa.Y></g2:Structure></rdf:li></g2:Sequence></g2:sa.POINTS></g2:Structure></rdf:li>
                      <rdf:li>
                      <g2:Structure>
                        <g2:sa.TYPE g2:type="Symbol">LINES</g2:sa.TYPE>
                        <g2:sa.POINTS>
                          <g2:Sequence>
                            <rdf:li>
                            <g2:Structure>
                              <g2:sa.X g2:type="Integer">30</g2:sa.X>
                              <g2:sa.Y g2:type="Integer">2</g2:sa.Y></g2:Structure></rdf:li>
                            <rdf:li>
                            <g2:Structure>
                              <g2:sa.ARC g2:type="TruthValue">true</g2:sa.ARC>
                              <g2:sa.X g2:type="Integer">34</g2:sa.X>
                              <g2:sa.Y g2:type="Integer">4</g2:sa.Y></g2:Structure></rdf:li>
                            <rdf:li>
                            <g2:Structure>
                              <g2:sa.X g2:type="Integer">34</g2:sa.X>
                              <g2:sa.Y g2:type="Integer">9</g2:sa.Y></g2:Structure></rdf:li></g2:Sequence></g2:sa.POINTS></g2:Structure></rdf:li>
                      <rdf:li>
                      <g2:Structure>
                        <g2:sa.TYPE g2:type="Symbol">LINES</g2:sa.TYPE>
                        <g2:sa.POINTS>
                          <g2:Sequence>
                            <rdf:li>
                            <g2:Structure>
                              <g2:sa.X g2:type="Integer">27</g2:sa.X>
                              <g2:sa.Y g2:type="Integer">22</g2:sa.Y></g2:Structure></rdf:li>
                            <rdf:li>
                            <g2:Structure>
                              <g2:sa.ARC g2:type="TruthValue">true</g2:sa.ARC>
                              <g2:sa.X g2:type="Integer">31</g2:sa.X>
                              <g2:sa.Y g2:type="Integer">21</g2:sa.Y></g2:Structure></rdf:li>
                            <rdf:li>
                            <g2:Structure>
                              <g2:sa.X g2:type="Integer">33</g2:sa.X>
                              <g2:sa.Y g2:type="Integer">18</g2:sa.Y></g2:Structure></rdf:li></g2:Sequence></g2:sa.POINTS></g2:Structure></rdf:li>
                      <rdf:li>
                      <g2:Structure>
                        <g2:sa.TYPE g2:type="Symbol">LINES</g2:sa.TYPE>
                        <g2:sa.POINTS>
                          <g2:Sequence>
                            <rdf:li>
                            <g2:Structure>
                              <g2:sa.X g2:type="Integer">34</g2:sa.X>
                              <g2:sa.Y g2:type="Integer">8</g2:sa.Y></g2:Structure></rdf:li>
                            <rdf:li>
                            <g2:Structure>
                              <g2:sa.X g2:type="Integer">33</g2:sa.X>
                              <g2:sa.Y g2:type="Integer">18</g2:sa.Y></g2:Structure></rdf:li></g2:Sequence></g2:sa.POINTS></g2:Structure></rdf:li>
                      <rdf:li>
                      <g2:Structure>
                        <g2:sa.TYPE g2:type="Symbol">LINES</g2:sa.TYPE>
                        <g2:sa.POINTS>
                          <g2:Sequence>
                            <rdf:li>
                            <g2:Structure>
                              <g2:sa.X g2:type="Integer">41</g2:sa.X>
                              <g2:sa.Y g2:type="Integer">3</g2:sa.Y></g2:Structure></rdf:li>
                            <rdf:li>
                            <g2:Structure>
                              <g2:sa.X g2:type="Integer">38</g2:sa.X>
                              <g2:sa.Y g2:type="Integer">20</g2:sa.Y></g2:Structure></rdf:li></g2:Sequence></g2:sa.POINTS></g2:Structure></rdf:li>
                      <rdf:li>
                      <g2:Structure>
                        <g2:sa.TYPE g2:type="Symbol">LINES</g2:sa.TYPE>
                        <g2:sa.POINTS>
                          <g2:Sequence>
                            <rdf:li>
                            <g2:Structure>
                              <g2:sa.X g2:type="Integer">38</g2:sa.X>
                              <g2:sa.Y g2:type="Integer">22</g2:sa.Y></g2:Structure></rdf:li>
                            <rdf:li>
                            <g2:Structure>
                              <g2:sa.X g2:type="Integer">38</g2:sa.X>
                              <g2:sa.Y g2:type="Integer">24</g2:sa.Y></g2:Structure></rdf:li></g2:Sequence></g2:sa.POINTS></g2:Structure></rdf:li></g2:Sequence></g2:sa.LINE-DRAWING-ELEMENTS></g2:Structure></rdf:li></g2:Sequence></g2:sa.LAYERS></g2:Structure></g2:a.ICON-DESCRIPTION>
        <g2:a.STUBS>
          <g2:Sequence>
            <rdf:li>
            <g2:Structure>
              <g2:sa.CONNECTION-CLASS g2:type="Symbol">NEXT-BENCHMARK</g2:sa.CONNECTION-CLASS>
              <g2:sa.STUB-DIRECTION g2:type="Symbol">INPUT</g2:sa.STUB-DIRECTION>
              <g2:sa.EDGE-LOCATION g2:type="Symbol">TOP</g2:sa.EDGE-LOCATION>
              <g2:sa.COORDINATE-LOCATION g2:type="Integer">25</g2:sa.COORDINATE-LOCATION></g2:Structure></rdf:li></g2:Sequence></g2:a.STUBS></g2:c.OBJECT-DEFINITION></rdf:li>
      <rdf:li>
      <g2:c.OBJECT-DEFINITION>
        <g2:a.CLASS-NAME g2:type="Symbol">TEST-RESULT-PARAMETER</g2:a.CLASS-NAME>
        <g2:a.DIRECT-SUPERIOR-CLASSES>
          <g2:Sequence>
            <rdf:li g2:type="Symbol">SYMBOLIC-PARAMETER</rdf:li></g2:Sequence></g2:a.DIRECT-SUPERIOR-CLASSES>
        <g2:a.CLASS-SPECIFIC-ATTRIBUTES>
          <g2:Sequence>
            <rdf:li>
            <g2:Structure>
              <g2:sa.ATTRIBUTE-NAME g2:type="Symbol">TEST-INFO</g2:sa.ATTRIBUTE-NAME>
              <g2:sa.ATTRIBUTE-INITIAL-ITEM-CLASS g2:type="Symbol">TEXT-PARAMETER</g2:sa.ATTRIBUTE-INITIAL-ITEM-CLASS>
              <g2:sa.ATTRIBUTE-INITIAL-ITEM-CLASS-RESTRICTED-TO-VARIABLE-OR-PARAMETER g2:type="TruthValue">true</g2:sa.ATTRIBUTE-INITIAL-ITEM-CLASS-RESTRICTED-TO-VARIABLE-OR-PARAMETER></g2:Structure></rdf:li>
            <rdf:li>
            <g2:Structure>
              <g2:sa.ATTRIBUTE-NAME g2:type="Symbol">PREVIOUS-TEST-RESULT</g2:sa.ATTRIBUTE-NAME>
              <g2:sa.ATTRIBUTE-INITIAL-VALUE g2:type="Symbol">UNKNOWN</g2:sa.ATTRIBUTE-INITIAL-VALUE></g2:Structure></rdf:li></g2:Sequence></g2:a.CLASS-SPECIFIC-ATTRIBUTES>
        <g2:a.ATTRIBUTE-INITIALIZATIONS>
          <g2:Sequence>
            <rdf:li>
            <g2:Structure>
              <g2:sa.SYSTEM-ATTRIBUTE-DESIGNATION g2:type="Symbol">INITIAL-VALUE</g2:sa.SYSTEM-ATTRIBUTE-DESIGNATION>
              <g2:sa.INITIALIZATION g2:type="Symbol">NOT-YET-RUN</g2:sa.INITIALIZATION></g2:Structure></rdf:li></g2:Sequence></g2:a.ATTRIBUTE-INITIALIZATIONS></g2:c.OBJECT-DEFINITION></rdf:li>
      <rdf:li>
      <g2:c.OBJECT-DEFINITION>
        <g2:a.AUTHORS>
          <g2:Structure>
            <g2:sa.AUTHORS>
              <g2:Sequence>
                <rdf:li g2:type="Symbol">ADMINISTRATOR</rdf:li></g2:Sequence></g2:sa.AUTHORS>
            <g2:sa.TIMESTAMP>
              <g2:Structure>
                <g2:sa.YEAR g2:type="Integer">2009</g2:sa.YEAR>
                <g2:sa.MONTH g2:type="Integer">10</g2:sa.MONTH>
                <g2:sa.DATE g2:type="Integer">22</g2:sa.DATE>
                <g2:sa.HOURS g2:type="Integer">10</g2:sa.HOURS>
                <g2:sa.MINUTES g2:type="Integer">57</g2:sa.MINUTES></g2:Structure></g2:sa.TIMESTAMP></g2:Structure></g2:a.AUTHORS>
        <g2:a.CLASS-NAME g2:type="Symbol">BENCHMARK-TEST</g2:a.CLASS-NAME>
        <g2:a.DIRECT-SUPERIOR-CLASSES>
          <g2:Sequence>
            <rdf:li g2:type="Symbol">BENCHMARK-NODE</rdf:li></g2:Sequence></g2:a.DIRECT-SUPERIOR-CLASSES>
        <g2:a.CLASS-SPECIFIC-ATTRIBUTES>
          <g2:Sequence>
            <rdf:li>
            <g2:Structure>
              <g2:sa.ATTRIBUTE-NAME g2:type="Symbol">COUNTED</g2:sa.ATTRIBUTE-NAME>
              <g2:sa.ATTRIBUTE-INITIAL-VALUE g2:type="TruthValue">false</g2:sa.ATTRIBUTE-INITIAL-VALUE></g2:Structure></rdf:li></g2:Sequence></g2:a.CLASS-SPECIFIC-ATTRIBUTES>
        <g2:a.ICON-DESCRIPTION>
          <g2:Structure>
            <g2:sa.WIDTH g2:type="Integer">30</g2:sa.WIDTH>
            <g2:sa.HEIGHT g2:type="Integer">24</g2:sa.HEIGHT>
            <g2:sa.REGIONS>
              <g2:Sequence>
                <rdf:li>
                <g2:Structure>
                  <g2:sa.REGION-NAME g2:type="Symbol">DONE-CHECK-MARK</g2:sa.REGION-NAME>
                  <g2:sa.COLOR-NAME g2:type="Symbol">TRANSPARENT</g2:sa.COLOR-NAME></g2:Structure></rdf:li></g2:Sequence></g2:sa.REGIONS>
            <g2:sa.LAYERS>
              <g2:Sequence>
                <rdf:li>
                <g2:Structure>
                  <g2:sa.REGION-OR-COLOR g2:type="Symbol">BLUE</g2:sa.REGION-OR-COLOR>
                  <g2:sa.LINE-DRAWING-ELEMENTS>
                    <g2:Sequence>
                      <rdf:li>
                      <g2:Structure>
                        <g2:sa.TYPE g2:type="Symbol">FILLED-POLYGON</g2:sa.TYPE>
                        <g2:sa.POINTS>
                          <g2:Sequence>
                            <rdf:li>
                            <g2:Structure>
                              <g2:sa.X g2:type="Integer">15</g2:sa.X>
                              <g2:sa.Y g2:type="Integer">3</g2:sa.Y></g2:Structure></rdf:li>
                            <rdf:li>
                            <g2:Structure>
                              <g2:sa.X g2:type="Integer">6</g2:sa.X>
                              <g2:sa.Y g2:type="Integer">12</g2:sa.Y></g2:Structure></rdf:li>
                            <rdf:li>
                            <g2:Structure>
                              <g2:sa.X g2:type="Integer">15</g2:sa.X>
                              <g2:sa.Y g2:type="Integer">21</g2:sa.Y></g2:Structure></rdf:li>
                            <rdf:li>
                            <g2:Structure>
                              <g2:sa.X g2:type="Integer">12</g2:sa.X>
                              <g2:sa.Y g2:type="Integer">24</g2:sa.Y></g2:Structure></rdf:li>
                            <rdf:li>
                            <g2:Structure>
                              <g2:sa.X g2:type="Integer">0</g2:sa.X>
                              <g2:sa.Y g2:type="Integer">12</g2:sa.Y></g2:Structure></rdf:li>
                            <rdf:li>
                            <g2:Structure>
                              <g2:sa.X g2:type="Integer">12</g2:sa.X>
                              <g2:sa.Y g2:type="Integer">0</g2:sa.Y></g2:Structure></rdf:li></g2:Sequence></g2:sa.POINTS></g2:Structure></rdf:li></g2:Sequence></g2:sa.LINE-DRAWING-ELEMENTS></g2:Structure></rdf:li>
                <rdf:li>
                <g2:Structure>
                  <g2:sa.REGION-OR-COLOR g2:type="Symbol">BLUE</g2:sa.REGION-OR-COLOR>
                  <g2:sa.LINE-DRAWING-ELEMENTS>
                    <g2:Sequence>
                      <rdf:li>
                      <g2:Structure>
                        <g2:sa.TYPE g2:type="Symbol">OUTLINE</g2:sa.TYPE>
                        <g2:sa.POINTS>
                          <g2:Sequence>
                            <rdf:li>
                            <g2:Structure>
                              <g2:sa.X g2:type="Integer">18</g2:sa.X>
                              <g2:sa.Y g2:type="Integer">0</g2:sa.Y></g2:Structure></rdf:li>
                            <rdf:li>
                            <g2:Structure>
                              <g2:sa.X g2:type="Integer">30</g2:sa.X>
                              <g2:sa.Y g2:type="Integer">12</g2:sa.Y></g2:Structure></rdf:li>
                            <rdf:li>
                            <g2:Structure>
                              <g2:sa.X g2:type="Integer">18</g2:sa.X>
                              <g2:sa.Y g2:type="Integer">24</g2:sa.Y></g2:Structure></rdf:li>
                            <rdf:li>
                            <g2:Structure>
                              <g2:sa.X g2:type="Integer">6</g2:sa.X>
                              <g2:sa.Y g2:type="Integer">12</g2:sa.Y></g2:Structure></rdf:li></g2:Sequence></g2:sa.POINTS></g2:Structure></rdf:li></g2:Sequence></g2:sa.LINE-DRAWING-ELEMENTS></g2:Structure></rdf:li>
                <rdf:li>
                <g2:Structure>
                  <g2:sa.REGION-OR-COLOR g2:type="Symbol">BLUE</g2:sa.REGION-OR-COLOR>
                  <g2:sa.LINE-DRAWING-ELEMENTS>
                    <g2:Sequence>
                      <rdf:li>
                      <g2:Structure>
                        <g2:sa.TYPE g2:type="Symbol">FILLED-CIRCLE</g2:sa.TYPE>
                        <g2:sa.POINTS>
                          <g2:Sequence>
                            <rdf:li>
                            <g2:Structure>
                              <g2:sa.X g2:type="Integer">21</g2:sa.X>
                              <g2:sa.Y g2:type="Integer">14</g2:sa.Y></g2:Structure></rdf:li>
                            <rdf:li>
                            <g2:Structure>
                              <g2:sa.X g2:type="Integer">22</g2:sa.X>
                              <g2:sa.Y g2:type="Integer">12</g2:sa.Y></g2:Structure></rdf:li>
                            <rdf:li>
                            <g2:Structure>
                              <g2:sa.X g2:type="Integer">23</g2:sa.X>
                              <g2:sa.Y g2:type="Integer">13</g2:sa.Y></g2:Structure></rdf:li></g2:Sequence></g2:sa.POINTS></g2:Structure></rdf:li>
                      <rdf:li>
                      <g2:Structure>
                        <g2:sa.TYPE g2:type="Symbol">FILLED-CIRCLE</g2:sa.TYPE>
                        <g2:sa.POINTS>
                          <g2:Sequence>
                            <rdf:li>
                            <g2:Structure>
                              <g2:sa.X g2:type="Integer">15</g2:sa.X>
                              <g2:sa.Y g2:type="Integer">14</g2:sa.Y></g2:Structure></rdf:li>
                            <rdf:li>
                            <g2:Structure>
                              <g2:sa.X g2:type="Integer">16</g2:sa.X>
                              <g2:sa.Y g2:type="Integer">12</g2:sa.Y></g2:Structure></rdf:li>
                            <rdf:li>
                            <g2:Structure>
                              <g2:sa.X g2:type="Integer">17</g2:sa.X>
                              <g2:sa.Y g2:type="Integer">13</g2:sa.Y></g2:Structure></rdf:li></g2:Sequence></g2:sa.POINTS></g2:Structure></rdf:li></g2:Sequence></g2:sa.LINE-DRAWING-ELEMENTS></g2:Structure></rdf:li>
                <rdf:li>
                <g2:Structure>
                  <g2:sa.REGION-OR-COLOR g2:type="Symbol">BLUE</g2:sa.REGION-OR-COLOR>
                  <g2:sa.LINE-DRAWING-ELEMENTS>
                    <g2:Sequence>
                      <rdf:li>
                      <g2:Structure>
                        <g2:sa.TYPE g2:type="Symbol">FILLED-POLYGON</g2:sa.TYPE>
                        <g2:sa.POINTS>
                          <g2:Sequence>
                            <rdf:li>
                            <g2:Structure>
                              <g2:sa.X g2:type="Integer">12</g2:sa.X>
                              <g2:sa.Y g2:type="Integer">13</g2:sa.Y></g2:Structure></rdf:li>
                            <rdf:li>
                            <g2:Structure>
                              <g2:sa.X g2:type="Integer">13</g2:sa.X>
                              <g2:sa.Y g2:type="Integer">11</g2:sa.Y></g2:Structure></rdf:li>
                            <rdf:li>
                            <g2:Structure>
                              <g2:sa.X g2:type="Integer">17</g2:sa.X>
                              <g2:sa.Y g2:type="Integer">11</g2:sa.Y></g2:Structure></rdf:li>
                            <rdf:li>
                            <g2:Structure>
                              <g2:sa.X g2:type="Integer">18</g2:sa.X>
                              <g2:sa.Y g2:type="Integer">8</g2:sa.Y></g2:Structure></rdf:li>
                            <rdf:li>
                            <g2:Structure>
                              <g2:sa.X g2:type="Integer">22</g2:sa.X>
                              <g2:sa.Y g2:type="Integer">8</g2:sa.Y></g2:Structure></rdf:li>
                            <rdf:li>
                            <g2:Structure>
                              <g2:sa.X g2:type="Integer">21</g2:sa.X>
                              <g2:sa.Y g2:type="Integer">11</g2:sa.Y></g2:Structure></rdf:li>
                            <rdf:li>
                            <g2:Structure>
                              <g2:sa.X g2:type="Integer">25</g2:sa.X>
                              <g2:sa.Y g2:type="Integer">11</g2:sa.Y></g2:Structure></rdf:li>
                            <rdf:li>
                            <g2:Structure>
                              <g2:sa.X g2:type="Integer">24</g2:sa.X>
                              <g2:sa.Y g2:type="Integer">13</g2:sa.Y></g2:Structure></rdf:li></g2:Sequence></g2:sa.POINTS></g2:Structure></rdf:li></g2:Sequence></g2:sa.LINE-DRAWING-ELEMENTS></g2:Structure></rdf:li>
                <rdf:li>
                <g2:Structure>
                  <g2:sa.REGION-OR-COLOR g2:type="Symbol">BLUE</g2:sa.REGION-OR-COLOR>
                  <g2:sa.LINE-DRAWING-ELEMENTS>
                    <g2:Sequence>
                      <rdf:li>
                      <g2:Structure>
                        <g2:sa.TYPE g2:type="Symbol">LINES</g2:sa.TYPE>
                        <g2:sa.POINTS>
                          <g2:Sequence>
                            <rdf:li>
                            <g2:Structure>
                              <g2:sa.X g2:type="Integer">16</g2:sa.X>
                              <g2:sa.Y g2:type="Integer">8</g2:sa.Y></g2:Structure></rdf:li>
                            <rdf:li>
                            <g2:Structure>
                              <g2:sa.X g2:type="Integer">14</g2:sa.X>
                              <g2:sa.Y g2:type="Integer">8</g2:sa.Y></g2:Structure></rdf:li></g2:Sequence></g2:sa.POINTS></g2:Structure></rdf:li>
                      <rdf:li>
                      <g2:Structure>
                        <g2:sa.TYPE g2:type="Symbol">LINES</g2:sa.TYPE>
                        <g2:sa.POINTS>
                          <g2:Sequence>
                            <rdf:li>
                            <g2:Structure>
                              <g2:sa.X g2:type="Integer">15</g2:sa.X>
                              <g2:sa.Y g2:type="Integer">9</g2:sa.Y></g2:Structure></rdf:li>
                            <rdf:li>
                            <g2:Structure>
                              <g2:sa.X g2:type="Integer">12</g2:sa.X>
                              <g2:sa.Y g2:type="Integer">9</g2:sa.Y></g2:Structure></rdf:li></g2:Sequence></g2:sa.POINTS></g2:Structure></rdf:li>
                      <rdf:li>
                      <g2:Structure>
                        <g2:sa.TYPE g2:type="Symbol">LINES</g2:sa.TYPE>
                        <g2:sa.POINTS>
                          <g2:Sequence>
                            <rdf:li>
                            <g2:Structure>
                              <g2:sa.X g2:type="Integer">12</g2:sa.X>
                              <g2:sa.Y g2:type="Integer">11</g2:sa.Y></g2:Structure></rdf:li>
                            <rdf:li>
                            <g2:Structure>
                              <g2:sa.X g2:type="Integer">9</g2:sa.X>
                              <g2:sa.Y g2:type="Integer">11</g2:sa.Y></g2:Structure></rdf:li></g2:Sequence></g2:sa.POINTS></g2:Structure></rdf:li>
                      <rdf:li>
                      <g2:Structure>
                        <g2:sa.TYPE g2:type="Symbol">LINES</g2:sa.TYPE>
                        <g2:sa.POINTS>
                          <g2:Sequence>
                            <rdf:li>
                            <g2:Structure>
                              <g2:sa.X g2:type="Integer">11</g2:sa.X>
                              <g2:sa.Y g2:type="Integer">12</g2:sa.Y></g2:Structure></rdf:li>
                            <rdf:li>
                            <g2:Structure>
                              <g2:sa.X g2:type="Integer">8</g2:sa.X>
                              <g2:sa.Y g2:type="Integer">12</g2:sa.Y></g2:Structure></rdf:li></g2:Sequence></g2:sa.POINTS></g2:Structure></rdf:li></g2:Sequence></g2:sa.LINE-DRAWING-ELEMENTS></g2:Structure></rdf:li>
                <rdf:li>
                <g2:Structure>
                  <g2:sa.REGION-OR-COLOR g2:type="Symbol">DONE-CHECK-MARK</g2:sa.REGION-OR-COLOR>
                  <g2:sa.LINE-DRAWING-ELEMENTS>
                    <g2:Sequence>
                      <rdf:li>
                      <g2:Structure>
                        <g2:sa.TYPE g2:type="Symbol">FILLED-POLYGON</g2:sa.TYPE>
                        <g2:sa.POINTS>
                          <g2:Sequence>
                            <rdf:li>
                            <g2:Structure>
                              <g2:sa.X g2:type="Integer">24</g2:sa.X>
                              <g2:sa.Y g2:type="Integer">2</g2:sa.Y></g2:Structure></rdf:li>
                            <rdf:li>
                            <g2:Structure>
                              <g2:sa.X g2:type="Integer">24</g2:sa.X>
                              <g2:sa.Y g2:type="Integer">1</g2:sa.Y></g2:Structure></rdf:li>
                            <rdf:li>
                            <g2:Structure>
                              <g2:sa.X g2:type="Integer">26</g2:sa.X>
                              <g2:sa.Y g2:type="Integer">3</g2:sa.Y></g2:Structure></rdf:li>
                            <rdf:li>
                            <g2:Structure>
                              <g2:sa.X g2:type="Integer">28</g2:sa.X>
                              <g2:sa.Y g2:type="Integer">1</g2:sa.Y></g2:Structure></rdf:li>
                            <rdf:li>
                            <g2:Structure>
                              <g2:sa.X g2:type="Integer">28</g2:sa.X>
                              <g2:sa.Y g2:type="Integer">2</g2:sa.Y></g2:Structure></rdf:li>
                            <rdf:li>
                            <g2:Structure>
                              <g2:sa.X g2:type="Integer">25</g2:sa.X>
                              <g2:sa.Y g2:type="Integer">4</g2:sa.Y></g2:Structure></rdf:li></g2:Sequence></g2:sa.POINTS></g2:Structure></rdf:li></g2:Sequence></g2:sa.LINE-DRAWING-ELEMENTS></g2:Structure></rdf:li></g2:Sequence></g2:sa.LAYERS></g2:Structure></g2:a.ICON-DESCRIPTION>
        <g2:a.STUBS>
          <g2:Sequence>
            <rdf:li>
            <g2:Structure>
              <g2:sa.PORTNAME g2:type="Symbol">NEXT-TEST-PORT</g2:sa.PORTNAME>
              <g2:sa.CONNECTION-CLASS g2:type="Symbol">NEXT-BENCHMARK</g2:sa.CONNECTION-CLASS>
              <g2:sa.EDGE-LOCATION g2:type="Symbol">BOTTOM</g2:sa.EDGE-LOCATION>
              <g2:sa.COORDINATE-LOCATION g2:type="Integer">15</g2:sa.COORDINATE-LOCATION></g2:Structure></rdf:li></g2:Sequence></g2:a.STUBS></g2:c.OBJECT-DEFINITION></rdf:li></g2:Sequence></g2:externaldefinitions>
  <g2:panes>
    <g2:Sequence>
      <rdf:li>
      <g2:Structure>
        <g2:sa.WORKSPACE><g2:c.KB-WORKSPACE rdf:resource="#77f29e31f12c11de87db000c297e6b9c"/></g2:sa.WORKSPACE>
        <g2:sa.X-IN-WORKSPACE g2:type="Integer">-148</g2:sa.X-IN-WORKSPACE>
        <g2:sa.Y-IN-WORKSPACE g2:type="Integer">164</g2:sa.Y-IN-WORKSPACE>
        <g2:sa.X-MAGNIFICATION g2:type="Integer">256</g2:sa.X-MAGNIFICATION>
        <g2:sa.Y-MAGNIFICATION g2:type="Integer">256</g2:sa.Y-MAGNIFICATION></g2:Structure></rdf:li></g2:Sequence></g2:panes>
  <g2:checksums>
    <g2:Structure>
      <g2:sa.ATTRIBUTE-NAME g2:type="Text">7d8d36e3834907496a9370812e873f0a</g2:sa.ATTRIBUTE-NAME>
      <g2:sa.UUID g2:type="Text">797aa1fe6ee556fd1c4ee89dc6ceea64</g2:sa.UUID>
      <g2:sa.VALUE g2:type="Text">b087cf3e3110a2f3135779933a3c8d31</g2:sa.VALUE>
      <g2:sa.TEXT g2:type="Text">1b954b947382061cba78a401de3588ec</g2:sa.TEXT>
      <g2:sa.BINARY g2:type="Text">e4c23762ed2823a27e62a64b95c024e7</g2:sa.BINARY></g2:Structure></g2:checksums></g2:Module>

<g2:c.KB-WORKSPACE ID="77f29e31f12c11de87db000c297e6b9c">
  <g2:a.NAMES g2:type="Symbol">TEST-VECTOR-FUNCTIONS-WS</g2:a.NAMES>
  <g2:a.MODULE-ASSIGNMENT g2:type="Symbol">TEST-VECTOR-FUNCTIONS</g2:a.MODULE-ASSIGNMENT>
  <g2:a.DEFAULT-WINDOW-POSITION-AND-SCALE>
    <g2:Structure>
      <g2:sa.X g2:type="Integer">560</g2:sa.X>
      <g2:sa.Y g2:type="Integer">327</g2:sa.Y></g2:Structure></g2:a.DEFAULT-WINDOW-POSITION-AND-SCALE>
  <g2:a.EDGES-OF-WORKSPACE>
    <g2:Structure>
      <g2:sa.LEFT g2:type="Integer">-650</g2:sa.LEFT>
      <g2:sa.TOP g2:type="Integer">276</g2:sa.TOP>
      <g2:sa.RIGHT g2:type="Integer">326</g2:sa.RIGHT>
      <g2:sa.BOTTOM g2:type="Integer">-339</g2:sa.BOTTOM></g2:Structure></g2:a.EDGES-OF-WORKSPACE>
  <g2:a.NAME-BOX>
    <g2:Structure>
      <g2:sa.COLOR>
        <g2:Structure>
          <g2:sa.BACKGROUND-COLOR g2:type="Symbol">BLACK</g2:sa.BACKGROUND-COLOR>
          <g2:sa.TEXT-COLOR g2:type="Symbol">WHITE</g2:sa.TEXT-COLOR></g2:Structure></g2:sa.COLOR>
      <g2:sa.POSITION>
        <g2:Structure>
          <g2:sa.X-OFFSET g2:type="Integer">-400</g2:sa.X-OFFSET>
          <g2:sa.Y-OFFSET g2:type="Integer">277</g2:sa.Y-OFFSET></g2:Structure></g2:sa.POSITION></g2:Structure></g2:a.NAME-BOX></g2:c.KB-WORKSPACE>

<c.BENCHMARK-TEST ID="3a3b1e0ef12d11de87db000c297e6b9c">
  <g2:a.NAMES g2:type="Symbol">VECTOR-ADD</g2:a.NAMES>
  <ua.TEST-RESULT>
    <c.TEST-RESULT-PARAMETER ID="3a3b1e10f12d11de87db000c297e6b9c">
      <g2:a.OPTIONS>
        <g2:Structure>
          <g2:sa.FORWARD-CHAIN g2:type="TruthValue">true</g2:sa.FORWARD-CHAIN>
          <g2:sa.FORWARD-CHAIN-EVEN-FOR-SAME-VALUE g2:type="TruthValue">false</g2:sa.FORWARD-CHAIN-EVEN-FOR-SAME-VALUE></g2:Structure></g2:a.OPTIONS>
      <ua.TEST-INFO>
        <g2:c.TEXT-PARAMETER ID="3a3b1e11f12d11de87db000c297e6b9c">
          <g2:a.OPTIONS>
            <g2:Structure>
              <g2:sa.FORWARD-CHAIN g2:type="TruthValue">false</g2:sa.FORWARD-CHAIN>
              <g2:sa.FORWARD-CHAIN-EVEN-FOR-SAME-VALUE g2:type="TruthValue">false</g2:sa.FORWARD-CHAIN-EVEN-FOR-SAME-VALUE></g2:Structure></g2:a.OPTIONS>
          <g2:a.ICON-VARIABLES>
            <g2:Structure>
              <g2:sa.WIDTH g2:type="Integer">50</g2:sa.WIDTH>
              <g2:sa.HEIGHT g2:type="Integer">50</g2:sa.HEIGHT></g2:Structure></g2:a.ICON-VARIABLES></g2:c.TEXT-PARAMETER></ua.TEST-INFO>
      <g2:a.ICON-VARIABLES>
        <g2:Structure>
          <g2:sa.WIDTH g2:type="Integer">50</g2:sa.WIDTH>
          <g2:sa.HEIGHT g2:type="Integer">50</g2:sa.HEIGHT></g2:Structure></g2:a.ICON-VARIABLES></c.TEST-RESULT-PARAMETER></ua.TEST-RESULT>
  <ua.TIMEOUT-LIMIT g2:type="Integer" g2:unit="SECONDS">20</ua.TIMEOUT-LIMIT>
  <ua.COUNTED g2:type="TruthValue" g2:unit="TRUTH-VALUE">false</ua.COUNTED>
  <g2:a.ICON-VARIABLES>
    <g2:Structure>
      <g2:sa.WIDTH g2:type="Integer">30</g2:sa.WIDTH>
      <g2:sa.HEIGHT g2:type="Integer">24</g2:sa.HEIGHT></g2:Structure></g2:a.ICON-VARIABLES>
  <g2:a.FOLLOWING-ITEM-IN-WORKSPACE-LAYERING><c.NEXT-BENCHMARK rdf:resource="#9563447ceb6b11e18066000c2937a70d"/></g2:a.FOLLOWING-ITEM-IN-WORKSPACE-LAYERING>
  <g2:a.POSITION-IN-WORKSPACE>
    <g2:Structure>
      <g2:sa.X g2:type="Integer">-322</g2:sa.X>
      <g2:sa.Y g2:type="Integer">98</g2:sa.Y>
      <g2:sa.SUPERIOR><g2:c.KB-WORKSPACE rdf:resource="#77f29e31f12c11de87db000c297e6b9c"/></g2:sa.SUPERIOR></g2:Structure></g2:a.POSITION-IN-WORKSPACE>
  <g2:a.SIZE-IN-WORKSPACE>
    <g2:Structure>
      <g2:sa.WIDTH g2:type="Integer">30</g2:sa.WIDTH>
      <g2:sa.HEIGHT g2:type="Integer">24</g2:sa.HEIGHT></g2:Structure></g2:a.SIZE-IN-WORKSPACE>
  <g2:a.NAME-BOX>
    <g2:Structure>
      <g2:sa.COLOR>
        <g2:Structure>
          <g2:sa.BACKGROUND-COLOR g2:type="Symbol">TRANSPARENT</g2:sa.BACKGROUND-COLOR>
          <g2:sa.TEXT-COLOR g2:type="Symbol">FOREGROUND</g2:sa.TEXT-COLOR></g2:Structure></g2:sa.COLOR>
      <g2:sa.POSITION>
        <g2:Structure>
          <g2:sa.X-OFFSET g2:type="Integer">-133</g2:sa.X-OFFSET>
          <g2:sa.Y-OFFSET g2:type="Integer">14</g2:sa.Y-OFFSET></g2:Structure></g2:sa.POSITION></g2:Structure></g2:a.NAME-BOX></c.BENCHMARK-TEST>

<g2:c.KB-WORKSPACE ID="3a3b1e12f12d11de87db000c297e6b9c">
  <g2:a.NAMES g2:type="Symbol">VECTOR-ADD-WS</g2:a.NAMES>
  <g2:a.DEFAULT-WINDOW-POSITION-AND-SCALE>
    <g2:Structure>
      <g2:sa.X g2:type="Integer">1087</g2:sa.X>
      <g2:sa.Y g2:type="Integer">286</g2:sa.Y></g2:Structure></g2:a.DEFAULT-WINDOW-POSITION-AND-SCALE>
  <g2:a.EDGES-OF-WORKSPACE>
    <g2:Structure>
      <g2:sa.LEFT g2:type="Integer">-350</g2:sa.LEFT>
      <g2:sa.TOP g2:type="Integer">250</g2:sa.TOP>
      <g2:sa.RIGHT g2:type="Integer">-55</g2:sa.RIGHT>
      <g2:sa.BOTTOM g2:type="Integer">30</g2:sa.BOTTOM></g2:Structure></g2:a.EDGES-OF-WORKSPACE>
  <g2:a.PARENT-OF-SUBWORKSPACE><c.BENCHMARK-TEST rdf:resource="#3a3b1e0ef12d11de87db000c297e6b9c"/></g2:a.PARENT-OF-SUBWORKSPACE>
  <g2:a.NAME-BOX>
    <g2:Structure>
      <g2:sa.COLOR>
        <g2:Structure>
          <g2:sa.BACKGROUND-COLOR g2:type="Symbol">BLACK</g2:sa.BACKGROUND-COLOR>
          <g2:sa.TEXT-COLOR g2:type="Symbol">WHITE</g2:sa.TEXT-COLOR></g2:Structure></g2:sa.COLOR>
      <g2:sa.POSITION>
        <g2:Structure>
          <g2:sa.X-OFFSET g2:type="Integer">-117</g2:sa.X-OFFSET>
          <g2:sa.Y-OFFSET g2:type="Integer">80</g2:sa.Y-OFFSET></g2:Structure></g2:sa.POSITION></g2:Structure></g2:a.NAME-BOX></g2:c.KB-WORKSPACE>

<g2:c.PROCEDURE ID="95634479eb6b11e18066000c2937a70d">
  <g2:a.AUTHORS>
    <g2:Structure>
      <g2:sa.AUTHORS>
        <g2:Sequence>
          <rdf:li g2:type="Symbol">SRDJAN</rdf:li>
          <rdf:li g2:type="Symbol">ADMINISTRATOR</rdf:li></g2:Sequence></g2:sa.AUTHORS>
      <g2:sa.TIMESTAMP>
        <g2:Structure>
          <g2:sa.YEAR g2:type="Integer">2017</g2:sa.YEAR>
          <g2:sa.MONTH g2:type="Integer">2</g2:sa.MONTH>
          <g2:sa.DATE g2:type="Integer">27</g2:sa.DATE>
          <g2:sa.HOURS g2:type="Integer">20</g2:sa.HOURS>
          <g2:sa.MINUTES g2:type="Integer">57</g2:sa.MINUTES></g2:Structure></g2:sa.TIMESTAMP></g2:Structure></g2:a.AUTHORS>
  <g2:a.UNINTERRUPTED-PROCEDURE-EXECUTION-LIMIT g2:type="Integer">60</g2:a.UNINTERRUPTED-PROCEDURE-EXECUTION-LIMIT>
  <g2:a.TEXT><![CDATA[
vector-add-test(node: class benchmark-node)
array1, array2, array3, array4: class quantity-array;
te, ts, tf: quantity;
i: integer;
eq: truth-value;
begin
    create a quantity-array array1;
    create a quantity-array array2;
    create a quantity-array array3;
    create a quantity-array array4;
    
    change the array-length of array1 to array-size;
    change the array-length of array2 to array-size;
    change the array-length of array3 to array-size;
    change the array-length of array4 to array-size;

    for i = 0 to array-size - 1 do
        change array1[i] = random (0, 100);
        change array2[i] = random (0, 100); 
    end;

    ts = the current subsecond real time;

    for i = 1 to loop-times do
        call g2-array-add (array1, array2, array3);
    end;

    te = the current subsecond real time;
    post "[loop-times] cals to procedure g2-array-add in [te - ts] seconds";
    
    for i = 1 to loop-times do
        array4 = vector-add (array1, array2, array4);
    end;

    tf = the current subsecond real time;
    post "[loop-times] cals to function vector-add in [tf - te] seconds";
    
    post "performance improvements: [((te - ts) - (tf - te)) / (te - ts) * 100]%";
    
    eq = call g2-array-equal(array3, array4);
    if eq then
        call pass(node)
    else begin
        call fail(node, "vector-add result is wrong.")
    end;
    
    delete array1;
    delete array2;
    delete array3;
    delete array4;
end

]]></g2:a.TEXT>
  <g2:a.ICON-VARIABLES>
    <g2:Structure>
      <g2:sa.WIDTH g2:type="Integer">50</g2:sa.WIDTH>
      <g2:sa.HEIGHT g2:type="Integer">50</g2:sa.HEIGHT></g2:Structure></g2:a.ICON-VARIABLES>
  <g2:a.POSITION-IN-WORKSPACE>
    <g2:Structure>
      <g2:sa.X g2:type="Integer">-165</g2:sa.X>
      <g2:sa.Y g2:type="Integer">121</g2:sa.Y>
      <g2:sa.SUPERIOR><g2:c.KB-WORKSPACE rdf:resource="#3a3b1e12f12d11de87db000c297e6b9c"/></g2:sa.SUPERIOR></g2:Structure></g2:a.POSITION-IN-WORKSPACE>
  <g2:a.SIZE-IN-WORKSPACE>
    <g2:Structure>
      <g2:sa.WIDTH g2:type="Integer">50</g2:sa.WIDTH>
      <g2:sa.HEIGHT g2:type="Integer">50</g2:sa.HEIGHT></g2:Structure></g2:a.SIZE-IN-WORKSPACE>
  <g2:a.NAME-BOX>
    <g2:Structure>
      <g2:sa.COLOR>
        <g2:Structure>
          <g2:sa.BACKGROUND-COLOR g2:type="Symbol">TRANSPARENT</g2:sa.BACKGROUND-COLOR>
          <g2:sa.TEXT-COLOR g2:type="Symbol">FOREGROUND</g2:sa.TEXT-COLOR></g2:Structure></g2:sa.COLOR>
      <g2:sa.POSITION>
        <g2:Structure>
          <g2:sa.X-OFFSET g2:type="Integer">-80</g2:sa.X-OFFSET>
          <g2:sa.Y-OFFSET g2:type="Integer">-29</g2:sa.Y-OFFSET></g2:Structure></g2:sa.POSITION></g2:Structure></g2:a.NAME-BOX></g2:c.PROCEDURE>

<c.END-FLOW ID="3a3b1e16f12d11de87db000c297e6b9c">
  <ua.TEST-RESULT>
    <c.TEST-RESULT-PARAMETER ID="3a3b1e17f12d11de87db000c297e6b9c">
      <g2:a.OPTIONS>
        <g2:Structure>
          <g2:sa.FORWARD-CHAIN g2:type="TruthValue">true</g2:sa.FORWARD-CHAIN>
          <g2:sa.FORWARD-CHAIN-EVEN-FOR-SAME-VALUE g2:type="TruthValue">false</g2:sa.FORWARD-CHAIN-EVEN-FOR-SAME-VALUE></g2:Structure></g2:a.OPTIONS>
      <ua.TEST-INFO>
        <g2:c.TEXT-PARAMETER ID="3a3b1e18f12d11de87db000c297e6b9c">
          <g2:a.OPTIONS>
            <g2:Structure>
              <g2:sa.FORWARD-CHAIN g2:type="TruthValue">false</g2:sa.FORWARD-CHAIN>
              <g2:sa.FORWARD-CHAIN-EVEN-FOR-SAME-VALUE g2:type="TruthValue">false</g2:sa.FORWARD-CHAIN-EVEN-FOR-SAME-VALUE></g2:Structure></g2:a.OPTIONS>
          <g2:a.ICON-VARIABLES>
            <g2:Structure>
              <g2:sa.WIDTH g2:type="Integer">50</g2:sa.WIDTH>
              <g2:sa.HEIGHT g2:type="Integer">50</g2:sa.HEIGHT></g2:Structure></g2:a.ICON-VARIABLES></g2:c.TEXT-PARAMETER></ua.TEST-INFO>
      <g2:a.ICON-VARIABLES>
        <g2:Structure>
          <g2:sa.WIDTH g2:type="Integer">50</g2:sa.WIDTH>
          <g2:sa.HEIGHT g2:type="Integer">50</g2:sa.HEIGHT></g2:Structure></g2:a.ICON-VARIABLES></c.TEST-RESULT-PARAMETER></ua.TEST-RESULT>
  <ua.TIMEOUT-LIMIT g2:type="Integer" g2:unit="SECONDS">10</ua.TIMEOUT-LIMIT>
  <g2:a.ICON-VARIABLES>
    <g2:Structure>
      <g2:sa.WIDTH g2:type="Integer">50</g2:sa.WIDTH>
      <g2:sa.HEIGHT g2:type="Integer">25</g2:sa.HEIGHT></g2:Structure></g2:a.ICON-VARIABLES>
  <g2:a.FOLLOWING-ITEM-IN-WORKSPACE-LAYERING><c.START-FLOW rdf:resource="#3a3b1e1af12d11de87db000c297e6b9c"/></g2:a.FOLLOWING-ITEM-IN-WORKSPACE-LAYERING>
  <g2:a.POSITION-IN-WORKSPACE>
    <g2:Structure>
      <g2:sa.X g2:type="Integer">-316</g2:sa.X>
      <g2:sa.Y g2:type="Integer">-87</g2:sa.Y>
      <g2:sa.SUPERIOR><g2:c.KB-WORKSPACE rdf:resource="#77f29e31f12c11de87db000c297e6b9c"/></g2:sa.SUPERIOR></g2:Structure></g2:a.POSITION-IN-WORKSPACE>
  <g2:a.SIZE-IN-WORKSPACE>
    <g2:Structure>
      <g2:sa.WIDTH g2:type="Integer">50</g2:sa.WIDTH>
      <g2:sa.HEIGHT g2:type="Integer">25</g2:sa.HEIGHT></g2:Structure></g2:a.SIZE-IN-WORKSPACE></c.END-FLOW>

<c.START-FLOW ID="3a3b1e1af12d11de87db000c297e6b9c">
  <ua.TEST-RESULT>
    <c.TEST-RESULT-PARAMETER ID="3a3b1e1bf12d11de87db000c297e6b9c">
      <g2:a.OPTIONS>
        <g2:Structure>
          <g2:sa.FORWARD-CHAIN g2:type="TruthValue">true</g2:sa.FORWARD-CHAIN>
          <g2:sa.FORWARD-CHAIN-EVEN-FOR-SAME-VALUE g2:type="TruthValue">false</g2:sa.FORWARD-CHAIN-EVEN-FOR-SAME-VALUE></g2:Structure></g2:a.OPTIONS>
      <ua.TEST-INFO>
        <g2:c.TEXT-PARAMETER ID="3a3b1e1cf12d11de87db000c297e6b9c">
          <g2:a.OPTIONS>
            <g2:Structure>
              <g2:sa.FORWARD-CHAIN g2:type="TruthValue">false</g2:sa.FORWARD-CHAIN>
              <g2:sa.FORWARD-CHAIN-EVEN-FOR-SAME-VALUE g2:type="TruthValue">false</g2:sa.FORWARD-CHAIN-EVEN-FOR-SAME-VALUE></g2:Structure></g2:a.OPTIONS>
          <g2:a.ICON-VARIABLES>
            <g2:Structure>
              <g2:sa.WIDTH g2:type="Integer">50</g2:sa.WIDTH>
              <g2:sa.HEIGHT g2:type="Integer">50</g2:sa.HEIGHT></g2:Structure></g2:a.ICON-VARIABLES></g2:c.TEXT-PARAMETER></ua.TEST-INFO>
      <g2:a.ICON-VARIABLES>
        <g2:Structure>
          <g2:sa.WIDTH g2:type="Integer">50</g2:sa.WIDTH>
          <g2:sa.HEIGHT g2:type="Integer">50</g2:sa.HEIGHT></g2:Structure></g2:a.ICON-VARIABLES></c.TEST-RESULT-PARAMETER></ua.TEST-RESULT>
  <ua.TIMEOUT-LIMIT g2:type="Integer" g2:unit="SECONDS">10</ua.TIMEOUT-LIMIT>
  <ua.NUMBER-OF-EXECUTED-TESTS g2:type="Integer">3</ua.NUMBER-OF-EXECUTED-TESTS>
  <ua.TOTAL-NUMBER-OF-TESTS g2:type="Integer">3</ua.TOTAL-NUMBER-OF-TESTS>
  <g2:a.ICON-VARIABLES>
    <g2:Structure>
      <g2:sa.WIDTH g2:type="Integer">50</g2:sa.WIDTH>
      <g2:sa.HEIGHT g2:type="Integer">25</g2:sa.HEIGHT></g2:Structure></g2:a.ICON-VARIABLES>
  <g2:a.FOLLOWING-ITEM-IN-WORKSPACE-LAYERING><c.NEXT-BENCHMARK rdf:resource="#9563447eeb6b11e18066000c2937a70d"/></g2:a.FOLLOWING-ITEM-IN-WORKSPACE-LAYERING>
  <g2:a.POSITION-IN-WORKSPACE>
    <g2:Structure>
      <g2:sa.X g2:type="Integer">-322</g2:sa.X>
      <g2:sa.Y g2:type="Integer">162</g2:sa.Y>
      <g2:sa.SUPERIOR><g2:c.KB-WORKSPACE rdf:resource="#77f29e31f12c11de87db000c297e6b9c"/></g2:sa.SUPERIOR></g2:Structure></g2:a.POSITION-IN-WORKSPACE>
  <g2:a.SIZE-IN-WORKSPACE>
    <g2:Structure>
      <g2:sa.WIDTH g2:type="Integer">50</g2:sa.WIDTH>
      <g2:sa.HEIGHT g2:type="Integer">25</g2:sa.HEIGHT></g2:Structure></g2:a.SIZE-IN-WORKSPACE></c.START-FLOW>

<c.BENCHMARK-TEST ID="432365a7f12f11de87db000c297e6b9c">
  <g2:a.NAMES g2:type="Symbol">SCALAR-MULTIPLY</g2:a.NAMES>
  <ua.TEST-RESULT>
    <c.TEST-RESULT-PARAMETER ID="432365a9f12f11de87db000c297e6b9c">
      <g2:a.OPTIONS>
        <g2:Structure>
          <g2:sa.FORWARD-CHAIN g2:type="TruthValue">true</g2:sa.FORWARD-CHAIN>
          <g2:sa.FORWARD-CHAIN-EVEN-FOR-SAME-VALUE g2:type="TruthValue">false</g2:sa.FORWARD-CHAIN-EVEN-FOR-SAME-VALUE></g2:Structure></g2:a.OPTIONS>
      <ua.TEST-INFO>
        <g2:c.TEXT-PARAMETER ID="432365aaf12f11de87db000c297e6b9c">
          <g2:a.OPTIONS>
            <g2:Structure>
              <g2:sa.FORWARD-CHAIN g2:type="TruthValue">false</g2:sa.FORWARD-CHAIN>
              <g2:sa.FORWARD-CHAIN-EVEN-FOR-SAME-VALUE g2:type="TruthValue">false</g2:sa.FORWARD-CHAIN-EVEN-FOR-SAME-VALUE></g2:Structure></g2:a.OPTIONS>
          <g2:a.ICON-VARIABLES>
            <g2:Structure>
              <g2:sa.WIDTH g2:type="Integer">50</g2:sa.WIDTH>
              <g2:sa.HEIGHT g2:type="Integer">50</g2:sa.HEIGHT></g2:Structure></g2:a.ICON-VARIABLES></g2:c.TEXT-PARAMETER></ua.TEST-INFO>
      <g2:a.ICON-VARIABLES>
        <g2:Structure>
          <g2:sa.WIDTH g2:type="Integer">50</g2:sa.WIDTH>
          <g2:sa.HEIGHT g2:type="Integer">50</g2:sa.HEIGHT></g2:Structure></g2:a.ICON-VARIABLES></c.TEST-RESULT-PARAMETER></ua.TEST-RESULT>
  <ua.TIMEOUT-LIMIT g2:type="Integer" g2:unit="SECONDS">20</ua.TIMEOUT-LIMIT>
  <ua.COUNTED g2:type="TruthValue" g2:unit="TRUTH-VALUE">false</ua.COUNTED>
  <g2:a.ICON-VARIABLES>
    <g2:Structure>
      <g2:sa.WIDTH g2:type="Integer">30</g2:sa.WIDTH>
      <g2:sa.HEIGHT g2:type="Integer">24</g2:sa.HEIGHT></g2:Structure></g2:a.ICON-VARIABLES>
  <g2:a.FOLLOWING-ITEM-IN-WORKSPACE-LAYERING><c.NEXT-BENCHMARK rdf:resource="#9563447feb6b11e18066000c2937a70d"/></g2:a.FOLLOWING-ITEM-IN-WORKSPACE-LAYERING>
  <g2:a.POSITION-IN-WORKSPACE>
    <g2:Structure>
      <g2:sa.X g2:type="Integer">-322</g2:sa.X>
      <g2:sa.Y g2:type="Integer">-14</g2:sa.Y>
      <g2:sa.SUPERIOR><g2:c.KB-WORKSPACE rdf:resource="#77f29e31f12c11de87db000c297e6b9c"/></g2:sa.SUPERIOR></g2:Structure></g2:a.POSITION-IN-WORKSPACE>
  <g2:a.SIZE-IN-WORKSPACE>
    <g2:Structure>
      <g2:sa.WIDTH g2:type="Integer">30</g2:sa.WIDTH>
      <g2:sa.HEIGHT g2:type="Integer">24</g2:sa.HEIGHT></g2:Structure></g2:a.SIZE-IN-WORKSPACE>
  <g2:a.NAME-BOX>
    <g2:Structure>
      <g2:sa.COLOR>
        <g2:Structure>
          <g2:sa.BACKGROUND-COLOR g2:type="Symbol">TRANSPARENT</g2:sa.BACKGROUND-COLOR>
          <g2:sa.TEXT-COLOR g2:type="Symbol">FOREGROUND</g2:sa.TEXT-COLOR></g2:Structure></g2:sa.COLOR>
      <g2:sa.POSITION>
        <g2:Structure>
          <g2:sa.X-OFFSET g2:type="Integer">-171</g2:sa.X-OFFSET>
          <g2:sa.Y-OFFSET g2:type="Integer">16</g2:sa.Y-OFFSET></g2:Structure></g2:sa.POSITION></g2:Structure></g2:a.NAME-BOX></c.BENCHMARK-TEST>

<g2:c.KB-WORKSPACE ID="432365abf12f11de87db000c297e6b9c">
  <g2:a.NAMES g2:type="Symbol">SCALAR-MULTIPLY-WS</g2:a.NAMES>
  <g2:a.DEFAULT-WINDOW-POSITION-AND-SCALE>
    <g2:Structure>
      <g2:sa.X g2:type="Integer">949</g2:sa.X>
      <g2:sa.Y g2:type="Integer">642</g2:sa.Y></g2:Structure></g2:a.DEFAULT-WINDOW-POSITION-AND-SCALE>
  <g2:a.EDGES-OF-WORKSPACE>
    <g2:Structure>
      <g2:sa.LEFT g2:type="Integer">-328</g2:sa.LEFT>
      <g2:sa.TOP g2:type="Integer">252</g2:sa.TOP>
      <g2:sa.RIGHT g2:type="Integer">-37</g2:sa.RIGHT>
      <g2:sa.BOTTOM g2:type="Integer">44</g2:sa.BOTTOM></g2:Structure></g2:a.EDGES-OF-WORKSPACE>
  <g2:a.PARENT-OF-SUBWORKSPACE><c.BENCHMARK-TEST rdf:resource="#432365a7f12f11de87db000c297e6b9c"/></g2:a.PARENT-OF-SUBWORKSPACE>
  <g2:a.NAME-BOX>
    <g2:Structure>
      <g2:sa.COLOR>
        <g2:Structure>
          <g2:sa.BACKGROUND-COLOR g2:type="Symbol">BLACK</g2:sa.BACKGROUND-COLOR>
          <g2:sa.TEXT-COLOR g2:type="Symbol">WHITE</g2:sa.TEXT-COLOR></g2:Structure></g2:sa.COLOR>
      <g2:sa.POSITION>
        <g2:Structure>
          <g2:sa.X-OFFSET g2:type="Integer">-115</g2:sa.X-OFFSET>
          <g2:sa.Y-OFFSET g2:type="Integer">74</g2:sa.Y-OFFSET></g2:Structure></g2:sa.POSITION></g2:Structure></g2:a.NAME-BOX></g2:c.KB-WORKSPACE>

<g2:c.PROCEDURE ID="95634475eb6b11e18066000c2937a70d">
  <g2:a.AUTHORS>
    <g2:Structure>
      <g2:sa.AUTHORS>
        <g2:Sequence>
          <rdf:li g2:type="Symbol">ADMINISTRATOR</rdf:li></g2:Sequence></g2:sa.AUTHORS>
      <g2:sa.TIMESTAMP>
        <g2:Structure>
          <g2:sa.YEAR g2:type="Integer">2012</g2:sa.YEAR>
          <g2:sa.MONTH g2:type="Integer">8</g2:sa.MONTH>
          <g2:sa.DATE g2:type="Integer">21</g2:sa.DATE>
          <g2:sa.HOURS g2:type="Integer">11</g2:sa.HOURS>
          <g2:sa.MINUTES g2:type="Integer">9</g2:sa.MINUTES></g2:Structure></g2:sa.TIMESTAMP></g2:Structure></g2:a.AUTHORS>
  <g2:a.TEXT><![CDATA[
scalar-multiply-test(node: class benchmark-node)
array1, array2, array3: class quantity-array;
result: quantity;
te, ts, tf: quantity;
i: integer;
eq: truth-value;
begin
    create a quantity-array array1;
    create a quantity-array array2;
    create a quantity-array array3;

    change the array-length of array1 to array-size;
    change the array-length of array2 to array-size;
    change the array-length of array3 to array-size;

    for i = 0 to array-size - 1 do
        change array1[i] = random (0, 100);
        change array2[i] = random (0, 100);
    end;

    ts = the current subsecond real time;

    for i = 1 to loop-times do
        call g2-scalar-multiply(array1, ts, array2);
    end;

    te = the current subsecond real time;
    post "[loop-times] cals to quantity  scalar-multiply in [te - ts] seconds";

    for i = 1 to loop-times do
        array3 = vector-scalar-multiply(array1, ts, array3);
    end;
    
    tf = the current subsecond real time;
    post "[loop-times] cals to quantity  scalar-multiply in [tf - te] seconds";

    post "performance improvements: [((te - ts) - (tf - te)) / (te - ts) * 100]%";
    
    eq = call g2-array-equal(array2, array3);
    
    if eq then
        call pass(node)
    else begin
        call fail(node, "vector-scalar-multiply result is wrong.")
    end;
    
    delete array1;
    delete array2;
    delete array3;
end

]]></g2:a.TEXT>
  <g2:a.ICON-VARIABLES>
    <g2:Structure>
      <g2:sa.WIDTH g2:type="Integer">50</g2:sa.WIDTH>
      <g2:sa.HEIGHT g2:type="Integer">50</g2:sa.HEIGHT></g2:Structure></g2:a.ICON-VARIABLES>
  <g2:a.POSITION-IN-WORKSPACE>
    <g2:Structure>
      <g2:sa.X g2:type="Integer">-198</g2:sa.X>
      <g2:sa.Y g2:type="Integer">135</g2:sa.Y>
      <g2:sa.SUPERIOR><g2:c.KB-WORKSPACE rdf:resource="#432365abf12f11de87db000c297e6b9c"/></g2:sa.SUPERIOR></g2:Structure></g2:a.POSITION-IN-WORKSPACE>
  <g2:a.SIZE-IN-WORKSPACE>
    <g2:Structure>
      <g2:sa.WIDTH g2:type="Integer">50</g2:sa.WIDTH>
      <g2:sa.HEIGHT g2:type="Integer">50</g2:sa.HEIGHT></g2:Structure></g2:a.SIZE-IN-WORKSPACE>
  <g2:a.NAME-BOX>
    <g2:Structure>
      <g2:sa.COLOR>
        <g2:Structure>
          <g2:sa.BACKGROUND-COLOR g2:type="Symbol">TRANSPARENT</g2:sa.BACKGROUND-COLOR>
          <g2:sa.TEXT-COLOR g2:type="Symbol">FOREGROUND</g2:sa.TEXT-COLOR></g2:Structure></g2:sa.COLOR>
      <g2:sa.POSITION>
        <g2:Structure>
          <g2:sa.X-OFFSET g2:type="Integer">-100</g2:sa.X-OFFSET>
          <g2:sa.Y-OFFSET g2:type="Integer">-29</g2:sa.Y-OFFSET></g2:Structure></g2:sa.POSITION></g2:Structure></g2:a.NAME-BOX></g2:c.PROCEDURE>

<c.BENCHMARK-TEST ID="fd5b1d35eb6011e18066000c2937a70d">
  <g2:a.NAMES g2:type="Symbol">VECTOR-MULTIPLY</g2:a.NAMES>
  <ua.TEST-RESULT>
    <c.TEST-RESULT-PARAMETER ID="fd5b1d37eb6011e18066000c2937a70d">
      <g2:a.OPTIONS>
        <g2:Structure>
          <g2:sa.FORWARD-CHAIN g2:type="TruthValue">true</g2:sa.FORWARD-CHAIN>
          <g2:sa.FORWARD-CHAIN-EVEN-FOR-SAME-VALUE g2:type="TruthValue">false</g2:sa.FORWARD-CHAIN-EVEN-FOR-SAME-VALUE></g2:Structure></g2:a.OPTIONS>
      <ua.TEST-INFO>
        <g2:c.TEXT-PARAMETER ID="fd5b1d38eb6011e18066000c2937a70d">
          <g2:a.OPTIONS>
            <g2:Structure>
              <g2:sa.FORWARD-CHAIN g2:type="TruthValue">false</g2:sa.FORWARD-CHAIN>
              <g2:sa.FORWARD-CHAIN-EVEN-FOR-SAME-VALUE g2:type="TruthValue">false</g2:sa.FORWARD-CHAIN-EVEN-FOR-SAME-VALUE></g2:Structure></g2:a.OPTIONS>
          <g2:a.ICON-VARIABLES>
            <g2:Structure>
              <g2:sa.WIDTH g2:type="Integer">50</g2:sa.WIDTH>
              <g2:sa.HEIGHT g2:type="Integer">50</g2:sa.HEIGHT></g2:Structure></g2:a.ICON-VARIABLES></g2:c.TEXT-PARAMETER></ua.TEST-INFO>
      <g2:a.ICON-VARIABLES>
        <g2:Structure>
          <g2:sa.WIDTH g2:type="Integer">50</g2:sa.WIDTH>
          <g2:sa.HEIGHT g2:type="Integer">50</g2:sa.HEIGHT></g2:Structure></g2:a.ICON-VARIABLES></c.TEST-RESULT-PARAMETER></ua.TEST-RESULT>
  <ua.TIMEOUT-LIMIT g2:type="Integer" g2:unit="SECONDS">10</ua.TIMEOUT-LIMIT>
  <ua.COUNTED g2:type="TruthValue" g2:unit="TRUTH-VALUE">false</ua.COUNTED>
  <g2:a.ICON-VARIABLES>
    <g2:Structure>
      <g2:sa.WIDTH g2:type="Integer">30</g2:sa.WIDTH>
      <g2:sa.HEIGHT g2:type="Integer">24</g2:sa.HEIGHT></g2:Structure></g2:a.ICON-VARIABLES>
  <g2:a.FOLLOWING-ITEM-IN-WORKSPACE-LAYERING><c.NEXT-BENCHMARK rdf:resource="#9563447deb6b11e18066000c2937a70d"/></g2:a.FOLLOWING-ITEM-IN-WORKSPACE-LAYERING>
  <g2:a.POSITION-IN-WORKSPACE>
    <g2:Structure>
      <g2:sa.X g2:type="Integer">-321</g2:sa.X>
      <g2:sa.Y g2:type="Integer">42</g2:sa.Y>
      <g2:sa.SUPERIOR><g2:c.KB-WORKSPACE rdf:resource="#77f29e31f12c11de87db000c297e6b9c"/></g2:sa.SUPERIOR></g2:Structure></g2:a.POSITION-IN-WORKSPACE>
  <g2:a.SIZE-IN-WORKSPACE>
    <g2:Structure>
      <g2:sa.WIDTH g2:type="Integer">30</g2:sa.WIDTH>
      <g2:sa.HEIGHT g2:type="Integer">24</g2:sa.HEIGHT></g2:Structure></g2:a.SIZE-IN-WORKSPACE>
  <g2:a.NAME-BOX>
    <g2:Structure>
      <g2:sa.COLOR>
        <g2:Structure>
          <g2:sa.BACKGROUND-COLOR g2:type="Symbol">TRANSPARENT</g2:sa.BACKGROUND-COLOR>
          <g2:sa.TEXT-COLOR g2:type="Symbol">FOREGROUND</g2:sa.TEXT-COLOR></g2:Structure></g2:sa.COLOR>
      <g2:sa.POSITION>
        <g2:Structure>
          <g2:sa.X-OFFSET g2:type="Integer">-172</g2:sa.X-OFFSET>
          <g2:sa.Y-OFFSET g2:type="Integer">15</g2:sa.Y-OFFSET></g2:Structure></g2:sa.POSITION></g2:Structure></g2:a.NAME-BOX></c.BENCHMARK-TEST>

<g2:c.KB-WORKSPACE ID="fd5b1d39eb6011e18066000c2937a70d">
  <g2:a.NAMES g2:type="Symbol">VECTOR-MULTIPLY-WS</g2:a.NAMES>
  <g2:a.DEFAULT-WINDOW-POSITION-AND-SCALE>
    <g2:Structure>
      <g2:sa.X g2:type="Integer">628</g2:sa.X>
      <g2:sa.Y g2:type="Integer">618</g2:sa.Y></g2:Structure></g2:a.DEFAULT-WINDOW-POSITION-AND-SCALE>
  <g2:a.EDGES-OF-WORKSPACE>
    <g2:Structure>
      <g2:sa.LEFT g2:type="Integer">-375</g2:sa.LEFT>
      <g2:sa.TOP g2:type="Integer">250</g2:sa.TOP>
      <g2:sa.RIGHT g2:type="Integer">0</g2:sa.RIGHT>
      <g2:sa.BOTTOM g2:type="Integer">17</g2:sa.BOTTOM></g2:Structure></g2:a.EDGES-OF-WORKSPACE>
  <g2:a.PARENT-OF-SUBWORKSPACE><c.BENCHMARK-TEST rdf:resource="#fd5b1d35eb6011e18066000c2937a70d"/></g2:a.PARENT-OF-SUBWORKSPACE>
  <g2:a.NAME-BOX>
    <g2:Structure>
      <g2:sa.COLOR>
        <g2:Structure>
          <g2:sa.BACKGROUND-COLOR g2:type="Symbol">BLACK</g2:sa.BACKGROUND-COLOR>
          <g2:sa.TEXT-COLOR g2:type="Symbol">WHITE</g2:sa.TEXT-COLOR></g2:Structure></g2:sa.COLOR>
      <g2:sa.POSITION>
        <g2:Structure>
          <g2:sa.X-OFFSET g2:type="Integer">-132</g2:sa.X-OFFSET>
          <g2:sa.Y-OFFSET g2:type="Integer">86</g2:sa.Y-OFFSET></g2:Structure></g2:sa.POSITION></g2:Structure></g2:a.NAME-BOX></g2:c.KB-WORKSPACE>

<g2:c.PROCEDURE ID="fd5b1d3aeb6011e18066000c2937a70d">
  <g2:a.AUTHORS>
    <g2:Structure>
      <g2:sa.AUTHORS>
        <g2:Sequence>
          <rdf:li g2:type="Symbol">SRDJAN</rdf:li>
          <rdf:li g2:type="Symbol">ADMINISTRATOR</rdf:li></g2:Sequence></g2:sa.AUTHORS>
      <g2:sa.TIMESTAMP>
        <g2:Structure>
          <g2:sa.YEAR g2:type="Integer">2017</g2:sa.YEAR>
          <g2:sa.MONTH g2:type="Integer">2</g2:sa.MONTH>
          <g2:sa.DATE g2:type="Integer">27</g2:sa.DATE>
          <g2:sa.HOURS g2:type="Integer">20</g2:sa.HOURS>
          <g2:sa.MINUTES g2:type="Integer">57</g2:sa.MINUTES></g2:Structure></g2:sa.TIMESTAMP></g2:Structure></g2:a.AUTHORS>
  <g2:a.UNINTERRUPTED-PROCEDURE-EXECUTION-LIMIT g2:type="Integer">90</g2:a.UNINTERRUPTED-PROCEDURE-EXECUTION-LIMIT>
  <g2:a.TEXT><![CDATA[
vector-multiply-test(node: class benchmark-node)
array1, array2: class quantity-array;
result1, result2: quantity;
te, ts, tf: quantity;
i: integer;
begin
    create a quantity-array array1;
    create a quantity-array array2;

    change the array-length of array1 to array-size;
    change the array-length of array2 to array-size;

    for i = 0 to array-size - 1 do
        change array1[i] = random (0, 100);
        change array2[i] = random (0, 100); 
    end;

    ts = the current subsecond real time;

    for i = 1 to loop-times do
        result1 = call g2-array-multiply(array1, array2);
    end;

    te = the current subsecond real time;
    post "[loop-times] calls of procedure g2-array-multiply in [te - ts] seconds";
    
    for i = 1 to loop-times do
        result2 = vector-multiply(array1, array2);
    end;

    tf = the current subsecond real time;
    post "[loop-times] calls of function vector-multiply in [tf - te] seconds";

    post "performance improvements: [((te - ts) - (tf - te)) / (te - ts) * 100]%";

    if result1 = result2 then
        call pass(node)
    else begin
        call fail(node, "vector-multiply result is wrong.")
    end;

    delete array1;
    delete array2;
end

]]></g2:a.TEXT>
  <g2:a.ICON-VARIABLES>
    <g2:Structure>
      <g2:sa.WIDTH g2:type="Integer">50</g2:sa.WIDTH>
      <g2:sa.HEIGHT g2:type="Integer">50</g2:sa.HEIGHT></g2:Structure></g2:a.ICON-VARIABLES>
  <g2:a.POSITION-IN-WORKSPACE>
    <g2:Structure>
      <g2:sa.X g2:type="Integer">-129</g2:sa.X>
      <g2:sa.Y g2:type="Integer">127</g2:sa.Y>
      <g2:sa.SUPERIOR><g2:c.KB-WORKSPACE rdf:resource="#fd5b1d39eb6011e18066000c2937a70d"/></g2:sa.SUPERIOR></g2:Structure></g2:a.POSITION-IN-WORKSPACE>
  <g2:a.SIZE-IN-WORKSPACE>
    <g2:Structure>
      <g2:sa.WIDTH g2:type="Integer">50</g2:sa.WIDTH>
      <g2:sa.HEIGHT g2:type="Integer">50</g2:sa.HEIGHT></g2:Structure></g2:a.SIZE-IN-WORKSPACE>
  <g2:a.NAME-BOX>
    <g2:Structure>
      <g2:sa.COLOR>
        <g2:Structure>
          <g2:sa.BACKGROUND-COLOR g2:type="Symbol">TRANSPARENT</g2:sa.BACKGROUND-COLOR>
          <g2:sa.TEXT-COLOR g2:type="Symbol">FOREGROUND</g2:sa.TEXT-COLOR></g2:Structure></g2:sa.COLOR>
      <g2:sa.POSITION>
        <g2:Structure>
          <g2:sa.X-OFFSET g2:type="Integer">-101</g2:sa.X-OFFSET>
          <g2:sa.Y-OFFSET g2:type="Integer">-29</g2:sa.Y-OFFSET></g2:Structure></g2:sa.POSITION></g2:Structure></g2:a.NAME-BOX></g2:c.PROCEDURE>

<c.NEXT-BENCHMARK ID="9563447ceb6b11e18066000c2937a70d">
  <g2:a.CONNECTION-VERTICES>
    <g2:Sequence>
      <rdf:li g2:type="Integer">-5</rdf:li>
      <rdf:li g2:type="Integer">1</rdf:li></g2:Sequence></g2:a.CONNECTION-VERTICES>
  <g2:a.CONNECTION-STYLE g2:type="Symbol">ORTHOGONAL</g2:a.CONNECTION-STYLE>
  <g2:a.CONNECTION-OUTPUT>
    <g2:Structure>
      <g2:sa.ITEM><c.BENCHMARK-TEST rdf:resource="#fd5b1d35eb6011e18066000c2937a70d"/></g2:sa.ITEM>
      <g2:sa.SIDE g2:type="Symbol">TOP</g2:sa.SIDE>
      <g2:sa.POSITION g2:type="Integer">15</g2:sa.POSITION></g2:Structure></g2:a.CONNECTION-OUTPUT>
  <g2:a.CONNECTION-INPUT>
    <g2:Structure>
      <g2:sa.ITEM><c.BENCHMARK-TEST rdf:resource="#3a3b1e0ef12d11de87db000c297e6b9c"/></g2:sa.ITEM>
      <g2:sa.SIDE g2:type="Symbol">BOTTOM</g2:sa.SIDE>
      <g2:sa.POSITION g2:type="Integer">15</g2:sa.POSITION>
      <g2:sa.PORT-NAME g2:type="Symbol">NEXT-TEST-PORT</g2:sa.PORT-NAME></g2:Structure></g2:a.CONNECTION-INPUT>
  <g2:a.FOLLOWING-ITEM-IN-WORKSPACE-LAYERING><c.END-FLOW rdf:resource="#3a3b1e16f12d11de87db000c297e6b9c"/></g2:a.FOLLOWING-ITEM-IN-WORKSPACE-LAYERING>
  <g2:a.ITEM-COLOR-PATTERN>
    <g2:Structure>
      <g2:sa.OUTLINE g2:type="Symbol">RED</g2:sa.OUTLINE>
      <g2:sa.INSIDE g2:type="Symbol">TURQUOISE</g2:sa.INSIDE></g2:Structure></g2:a.ITEM-COLOR-PATTERN></c.NEXT-BENCHMARK>

<c.NEXT-BENCHMARK ID="9563447deb6b11e18066000c2937a70d">
  <g2:a.CONNECTION-VERTICES>
    <g2:Sequence>
      <rdf:li g2:type="Integer">-4</rdf:li>
      <rdf:li g2:type="Integer">-1</rdf:li></g2:Sequence></g2:a.CONNECTION-VERTICES>
  <g2:a.CONNECTION-STYLE g2:type="Symbol">ORTHOGONAL</g2:a.CONNECTION-STYLE>
  <g2:a.CONNECTION-OUTPUT>
    <g2:Structure>
      <g2:sa.ITEM><c.BENCHMARK-TEST rdf:resource="#432365a7f12f11de87db000c297e6b9c"/></g2:sa.ITEM>
      <g2:sa.SIDE g2:type="Symbol">TOP</g2:sa.SIDE>
      <g2:sa.POSITION g2:type="Integer">15</g2:sa.POSITION></g2:Structure></g2:a.CONNECTION-OUTPUT>
  <g2:a.CONNECTION-INPUT>
    <g2:Structure>
      <g2:sa.ITEM><c.BENCHMARK-TEST rdf:resource="#fd5b1d35eb6011e18066000c2937a70d"/></g2:sa.ITEM>
      <g2:sa.SIDE g2:type="Symbol">BOTTOM</g2:sa.SIDE>
      <g2:sa.POSITION g2:type="Integer">15</g2:sa.POSITION>
      <g2:sa.PORT-NAME g2:type="Symbol">NEXT-TEST-PORT</g2:sa.PORT-NAME></g2:Structure></g2:a.CONNECTION-INPUT>
  <g2:a.FOLLOWING-ITEM-IN-WORKSPACE-LAYERING><c.BENCHMARK-TEST rdf:resource="#432365a7f12f11de87db000c297e6b9c"/></g2:a.FOLLOWING-ITEM-IN-WORKSPACE-LAYERING>
  <g2:a.ITEM-COLOR-PATTERN>
    <g2:Structure>
      <g2:sa.OUTLINE g2:type="Symbol">RED</g2:sa.OUTLINE>
      <g2:sa.INSIDE g2:type="Symbol">TURQUOISE</g2:sa.INSIDE></g2:Structure></g2:a.ITEM-COLOR-PATTERN></c.NEXT-BENCHMARK>

<c.NEXT-BENCHMARK ID="9563447eeb6b11e18066000c2937a70d">
  <g2:a.CONNECTION-VERTICES g2:type="Sequence"></g2:a.CONNECTION-VERTICES>
  <g2:a.CONNECTION-STYLE g2:type="Symbol">ORTHOGONAL</g2:a.CONNECTION-STYLE>
  <g2:a.CONNECTION-OUTPUT>
    <g2:Structure>
      <g2:sa.ITEM><c.BENCHMARK-TEST rdf:resource="#3a3b1e0ef12d11de87db000c297e6b9c"/></g2:sa.ITEM>
      <g2:sa.SIDE g2:type="Symbol">TOP</g2:sa.SIDE>
      <g2:sa.POSITION g2:type="Integer">15</g2:sa.POSITION></g2:Structure></g2:a.CONNECTION-OUTPUT>
  <g2:a.CONNECTION-INPUT>
    <g2:Structure>
      <g2:sa.ITEM><c.START-FLOW rdf:resource="#3a3b1e1af12d11de87db000c297e6b9c"/></g2:sa.ITEM>
      <g2:sa.SIDE g2:type="Symbol">BOTTOM</g2:sa.SIDE>
      <g2:sa.POSITION g2:type="Integer">25</g2:sa.POSITION></g2:Structure></g2:a.CONNECTION-INPUT>
  <g2:a.ITEM-COLOR-PATTERN>
    <g2:Structure>
      <g2:sa.OUTLINE g2:type="Symbol">RED</g2:sa.OUTLINE>
      <g2:sa.INSIDE g2:type="Symbol">TURQUOISE</g2:sa.INSIDE></g2:Structure></g2:a.ITEM-COLOR-PATTERN></c.NEXT-BENCHMARK>

<c.NEXT-BENCHMARK ID="9563447feb6b11e18066000c2937a70d">
  <g2:a.CONNECTION-VERTICES>
    <g2:Sequence>
      <rdf:li g2:type="Integer">-5</rdf:li>
      <rdf:li g2:type="Integer">0</rdf:li></g2:Sequence></g2:a.CONNECTION-VERTICES>
  <g2:a.CONNECTION-STYLE g2:type="Symbol">ORTHOGONAL</g2:a.CONNECTION-STYLE>
  <g2:a.CONNECTION-OUTPUT>
    <g2:Structure>
      <g2:sa.ITEM><c.END-FLOW rdf:resource="#3a3b1e16f12d11de87db000c297e6b9c"/></g2:sa.ITEM>
      <g2:sa.SIDE g2:type="Symbol">TOP</g2:sa.SIDE>
      <g2:sa.POSITION g2:type="Integer">19</g2:sa.POSITION></g2:Structure></g2:a.CONNECTION-OUTPUT>
  <g2:a.CONNECTION-INPUT>
    <g2:Structure>
      <g2:sa.ITEM><c.BENCHMARK-TEST rdf:resource="#432365a7f12f11de87db000c297e6b9c"/></g2:sa.ITEM>
      <g2:sa.SIDE g2:type="Symbol">BOTTOM</g2:sa.SIDE>
      <g2:sa.POSITION g2:type="Integer">15</g2:sa.POSITION>
      <g2:sa.PORT-NAME g2:type="Symbol">NEXT-TEST-PORT</g2:sa.PORT-NAME></g2:Structure></g2:a.CONNECTION-INPUT>
  <g2:a.FOLLOWING-ITEM-IN-WORKSPACE-LAYERING><c.BENCHMARK-TEST rdf:resource="#3a3b1e0ef12d11de87db000c297e6b9c"/></g2:a.FOLLOWING-ITEM-IN-WORKSPACE-LAYERING>
  <g2:a.ITEM-COLOR-PATTERN>
    <g2:Structure>
      <g2:sa.OUTLINE g2:type="Symbol">RED</g2:sa.OUTLINE>
      <g2:sa.INSIDE g2:type="Symbol">TURQUOISE</g2:sa.INSIDE></g2:Structure></g2:a.ITEM-COLOR-PATTERN></c.NEXT-BENCHMARK>

<g2:c.READOUT-TABLE ID="cf0e5779eb7211e18066000c2937a70d">
  <g2:a.EXPRESSION-TO-DISPLAY>array-size</g2:a.EXPRESSION-TO-DISPLAY>
  <g2:a.FOLLOWING-ITEM-IN-WORKSPACE-LAYERING><c.BENCHMARK-TEST rdf:resource="#fd5b1d35eb6011e18066000c2937a70d"/></g2:a.FOLLOWING-ITEM-IN-WORKSPACE-LAYERING>
  <g2:a.POSITION-IN-WORKSPACE>
    <g2:Structure>
      <g2:sa.X g2:type="Integer">-458</g2:sa.X>
      <g2:sa.Y g2:type="Integer">162</g2:sa.Y>
      <g2:sa.SUPERIOR><g2:c.KB-WORKSPACE rdf:resource="#77f29e31f12c11de87db000c297e6b9c"/></g2:sa.SUPERIOR></g2:Structure></g2:a.POSITION-IN-WORKSPACE>
  <g2:a.SIZE-IN-WORKSPACE>
    <g2:Structure>
      <g2:sa.WIDTH g2:type="Integer">119</g2:sa.WIDTH>
      <g2:sa.HEIGHT g2:type="Integer">25</g2:sa.HEIGHT></g2:Structure></g2:a.SIZE-IN-WORKSPACE></g2:c.READOUT-TABLE>

<g2:c.INTEGER-PARAMETER ID="8cf21c4deb7411e18066000c2937a70d">
  <g2:a.OPTIONS>
    <g2:Structure>
      <g2:sa.FORWARD-CHAIN g2:type="TruthValue">false</g2:sa.FORWARD-CHAIN>
      <g2:sa.FORWARD-CHAIN-EVEN-FOR-SAME-VALUE g2:type="TruthValue">false</g2:sa.FORWARD-CHAIN-EVEN-FOR-SAME-VALUE></g2:Structure></g2:a.OPTIONS>
  <g2:a.NAMES g2:type="Symbol">ARRAY-SIZE</g2:a.NAMES>
  <g2:a.INITIAL-VALUE g2:type="Integer">100</g2:a.INITIAL-VALUE>
  <g2:a.ICON-VARIABLES>
    <g2:Structure>
      <g2:sa.WIDTH g2:type="Integer">50</g2:sa.WIDTH>
      <g2:sa.HEIGHT g2:type="Integer">50</g2:sa.HEIGHT></g2:Structure></g2:a.ICON-VARIABLES>
  <g2:a.FOLLOWING-ITEM-IN-WORKSPACE-LAYERING><g2:c.READOUT-TABLE rdf:resource="#cf0e5779eb7211e18066000c2937a70d"/></g2:a.FOLLOWING-ITEM-IN-WORKSPACE-LAYERING>
  <g2:a.POSITION-IN-WORKSPACE>
    <g2:Structure>
      <g2:sa.X g2:type="Integer">-562</g2:sa.X>
      <g2:sa.Y g2:type="Integer">150</g2:sa.Y>
      <g2:sa.SUPERIOR><g2:c.KB-WORKSPACE rdf:resource="#77f29e31f12c11de87db000c297e6b9c"/></g2:sa.SUPERIOR></g2:Structure></g2:a.POSITION-IN-WORKSPACE>
  <g2:a.SIZE-IN-WORKSPACE>
    <g2:Structure>
      <g2:sa.WIDTH g2:type="Integer">50</g2:sa.WIDTH>
      <g2:sa.HEIGHT g2:type="Integer">50</g2:sa.HEIGHT></g2:Structure></g2:a.SIZE-IN-WORKSPACE>
  <g2:a.NAME-BOX>
    <g2:Structure>
      <g2:sa.COLOR>
        <g2:Structure>
          <g2:sa.BACKGROUND-COLOR g2:type="Symbol">TRANSPARENT</g2:sa.BACKGROUND-COLOR>
          <g2:sa.TEXT-COLOR g2:type="Symbol">FOREGROUND</g2:sa.TEXT-COLOR></g2:Structure></g2:sa.COLOR>
      <g2:sa.POSITION>
        <g2:Structure>
          <g2:sa.X-OFFSET g2:type="Integer">-55</g2:sa.X-OFFSET>
          <g2:sa.Y-OFFSET g2:type="Integer">-29</g2:sa.Y-OFFSET></g2:Structure></g2:sa.POSITION></g2:Structure></g2:a.NAME-BOX></g2:c.INTEGER-PARAMETER>

<g2:c.INTEGER-PARAMETER ID="a49f82b5eb7711e18066000c2937a70d">
  <g2:a.OPTIONS>
    <g2:Structure>
      <g2:sa.FORWARD-CHAIN g2:type="TruthValue">false</g2:sa.FORWARD-CHAIN>
      <g2:sa.FORWARD-CHAIN-EVEN-FOR-SAME-VALUE g2:type="TruthValue">false</g2:sa.FORWARD-CHAIN-EVEN-FOR-SAME-VALUE></g2:Structure></g2:a.OPTIONS>
  <g2:a.NAMES g2:type="Symbol">LOOP-TIMES</g2:a.NAMES>
  <g2:a.INITIAL-VALUE g2:type="Integer">100000</g2:a.INITIAL-VALUE>
  <g2:a.ICON-VARIABLES>
    <g2:Structure>
      <g2:sa.WIDTH g2:type="Integer">50</g2:sa.WIDTH>
      <g2:sa.HEIGHT g2:type="Integer">50</g2:sa.HEIGHT></g2:Structure></g2:a.ICON-VARIABLES>
  <g2:a.FOLLOWING-ITEM-IN-WORKSPACE-LAYERING><g2:c.INTEGER-PARAMETER rdf:resource="#8cf21c4deb7411e18066000c2937a70d"/></g2:a.FOLLOWING-ITEM-IN-WORKSPACE-LAYERING>
  <g2:a.POSITION-IN-WORKSPACE>
    <g2:Structure>
      <g2:sa.X g2:type="Integer">-563</g2:sa.X>
      <g2:sa.Y g2:type="Integer">38</g2:sa.Y>
      <g2:sa.SUPERIOR><g2:c.KB-WORKSPACE rdf:resource="#77f29e31f12c11de87db000c297e6b9c"/></g2:sa.SUPERIOR></g2:Structure></g2:a.POSITION-IN-WORKSPACE>
  <g2:a.SIZE-IN-WORKSPACE>
    <g2:Structure>
      <g2:sa.WIDTH g2:type="Integer">50</g2:sa.WIDTH>
      <g2:sa.HEIGHT g2:type="Integer">50</g2:sa.HEIGHT></g2:Structure></g2:a.SIZE-IN-WORKSPACE>
  <g2:a.NAME-BOX>
    <g2:Structure>
      <g2:sa.COLOR>
        <g2:Structure>
          <g2:sa.BACKGROUND-COLOR g2:type="Symbol">TRANSPARENT</g2:sa.BACKGROUND-COLOR>
          <g2:sa.TEXT-COLOR g2:type="Symbol">FOREGROUND</g2:sa.TEXT-COLOR></g2:Structure></g2:sa.COLOR>
      <g2:sa.POSITION>
        <g2:Structure>
          <g2:sa.X-OFFSET g2:type="Integer">-57</g2:sa.X-OFFSET>
          <g2:sa.Y-OFFSET g2:type="Integer">-29</g2:sa.Y-OFFSET></g2:Structure></g2:sa.POSITION></g2:Structure></g2:a.NAME-BOX></g2:c.INTEGER-PARAMETER>

<g2:c.FREE-TEXT ID="4d629468eb7811e18066000c2937a70d">
  <g2:a.TEXT>NOTE: The performance of new vector functions can only show performance improvements on very small arrays, use different ARRAY-SIZE for test (2~2000).</g2:a.TEXT>
  <g2:a.TEXT-FONT>
    <g2:Structure>
      <g2:sa.FONT-SIZE g2:type="Symbol">LARGE</g2:sa.FONT-SIZE></g2:Structure></g2:a.TEXT-FONT>
  <g2:a.TEXT-ALIGNMENT g2:type="Symbol">LEFT</g2:a.TEXT-ALIGNMENT>
  <g2:a.FOLLOWING-ITEM-IN-WORKSPACE-LAYERING><g2:c.INTEGER-PARAMETER rdf:resource="#a49f82b5eb7711e18066000c2937a70d"/></g2:a.FOLLOWING-ITEM-IN-WORKSPACE-LAYERING>
  <g2:a.POSITION-IN-WORKSPACE>
    <g2:Structure>
      <g2:sa.X g2:type="Integer">58</g2:sa.X>
      <g2:sa.Y g2:type="Integer">178</g2:sa.Y>
      <g2:sa.SUPERIOR><g2:c.KB-WORKSPACE rdf:resource="#77f29e31f12c11de87db000c297e6b9c"/></g2:sa.SUPERIOR></g2:Structure></g2:a.POSITION-IN-WORKSPACE>
  <g2:a.SIZE-IN-WORKSPACE>
    <g2:Structure>
      <g2:sa.WIDTH g2:type="Integer">475</g2:sa.WIDTH>
      <g2:sa.HEIGHT g2:type="Integer">89</g2:sa.HEIGHT></g2:Structure></g2:a.SIZE-IN-WORKSPACE></g2:c.FREE-TEXT>

<g2:c.FREEFORM-TABLE ID="4a481ba8eb7911e18066000c2937a70d">
  <g2:a.NAMES g2:type="Symbol">PERFORMANCE-TABLE</g2:a.NAMES>
  <g2:a.TABLE-SIZE>
    <g2:Structure>
      <g2:sa.NUMBER-OF-COLUMNS g2:type="Integer">4</g2:sa.NUMBER-OF-COLUMNS>
      <g2:sa.NUMBER-OF-ROWS g2:type="Integer">6</g2:sa.NUMBER-OF-ROWS></g2:Structure></g2:a.TABLE-SIZE>
  <g2:a.DEFAULT-CELL-FORMAT>
    <g2:Structure>
      <g2:sa.WIDTH g2:type="Integer">130</g2:sa.WIDTH></g2:Structure></g2:a.DEFAULT-CELL-FORMAT>
  <g2:a.TABLE-CELLS>
    <g2:Sequence>
      <rdf:li>
      <g2:Sequence>
        <rdf:li>
        <g2:Structure>
          <g2:sa.EXPRESSION g2:type="Text"><![CDATA["array-size"]]></g2:sa.EXPRESSION>
          <g2:sa.CELL-DISPLAY-TEXT g2:type="Text">array-size</g2:sa.CELL-DISPLAY-TEXT></g2:Structure></rdf:li>
        <rdf:li>
        <g2:Structure>
          <g2:sa.EXPRESSION g2:type="Text"><![CDATA["vector-add()"]]></g2:sa.EXPRESSION>
          <g2:sa.CELL-DISPLAY-TEXT g2:type="Text">vector-add()</g2:sa.CELL-DISPLAY-TEXT></g2:Structure></rdf:li>
        <rdf:li>
        <g2:Structure>
          <g2:sa.EXPRESSION g2:type="Text"><![CDATA["vector-multiply()"]]></g2:sa.EXPRESSION>
          <g2:sa.CELL-DISPLAY-TEXT g2:type="Text">vector-multiply()</g2:sa.CELL-DISPLAY-TEXT></g2:Structure></rdf:li>
        <rdf:li>
        <g2:Structure>
          <g2:sa.EXPRESSION g2:type="Text"><![CDATA["scalar-multiply()"]]></g2:sa.EXPRESSION>
          <g2:sa.CELL-DISPLAY-TEXT g2:type="Text">scalar-multiply()</g2:sa.CELL-DISPLAY-TEXT></g2:Structure></rdf:li></g2:Sequence></rdf:li>
      <rdf:li>
      <g2:Sequence>
        <rdf:li>
        <g2:Structure>
          <g2:sa.EXPRESSION g2:type="Text">2</g2:sa.EXPRESSION>
          <g2:sa.CELL-DISPLAY-TEXT g2:type="Text">2</g2:sa.CELL-DISPLAY-TEXT></g2:Structure></rdf:li>
        <rdf:li>
        <g2:Structure>
          <g2:sa.EXPRESSION g2:type="Text"><![CDATA["71%"]]></g2:sa.EXPRESSION>
          <g2:sa.CELL-DISPLAY-TEXT g2:type="Text">71%</g2:sa.CELL-DISPLAY-TEXT></g2:Structure></rdf:li>
        <rdf:li>
        <g2:Structure>
          <g2:sa.EXPRESSION g2:type="Text"><![CDATA["75%"]]></g2:sa.EXPRESSION>
          <g2:sa.CELL-DISPLAY-TEXT g2:type="Text">75%</g2:sa.CELL-DISPLAY-TEXT></g2:Structure></rdf:li>
        <rdf:li>
        <g2:Structure>
          <g2:sa.EXPRESSION g2:type="Text"><![CDATA["57%"]]></g2:sa.EXPRESSION>
          <g2:sa.CELL-DISPLAY-TEXT g2:type="Text">57%</g2:sa.CELL-DISPLAY-TEXT></g2:Structure></rdf:li></g2:Sequence></rdf:li>
      <rdf:li>
      <g2:Sequence>
        <rdf:li>
        <g2:Structure>
          <g2:sa.EXPRESSION g2:type="Text">10</g2:sa.EXPRESSION>
          <g2:sa.CELL-DISPLAY-TEXT g2:type="Text">10</g2:sa.CELL-DISPLAY-TEXT></g2:Structure></rdf:li>
        <rdf:li>
        <g2:Structure>
          <g2:sa.EXPRESSION g2:type="Text"><![CDATA["50%"]]></g2:sa.EXPRESSION>
          <g2:sa.CELL-DISPLAY-TEXT g2:type="Text">50%</g2:sa.CELL-DISPLAY-TEXT></g2:Structure></rdf:li>
        <rdf:li>
        <g2:Structure>
          <g2:sa.EXPRESSION g2:type="Text"><![CDATA["56%"]]></g2:sa.EXPRESSION>
          <g2:sa.CELL-DISPLAY-TEXT g2:type="Text">56%</g2:sa.CELL-DISPLAY-TEXT></g2:Structure></rdf:li>
        <rdf:li>
        <g2:Structure>
          <g2:sa.EXPRESSION g2:type="Text"><![CDATA["63%"]]></g2:sa.EXPRESSION>
          <g2:sa.CELL-DISPLAY-TEXT g2:type="Text">63%</g2:sa.CELL-DISPLAY-TEXT></g2:Structure></rdf:li></g2:Sequence></rdf:li>
      <rdf:li>
      <g2:Sequence>
        <rdf:li>
        <g2:Structure>
          <g2:sa.EXPRESSION g2:type="Text">100</g2:sa.EXPRESSION>
          <g2:sa.CELL-DISPLAY-TEXT g2:type="Text">100</g2:sa.CELL-DISPLAY-TEXT></g2:Structure></rdf:li>
        <rdf:li>
        <g2:Structure>
          <g2:sa.EXPRESSION g2:type="Text"><![CDATA["0%"]]></g2:sa.EXPRESSION>
          <g2:sa.CELL-DISPLAY-TEXT g2:type="Text">0%</g2:sa.CELL-DISPLAY-TEXT></g2:Structure></rdf:li>
        <rdf:li>
        <g2:Structure>
          <g2:sa.EXPRESSION g2:type="Text"><![CDATA["22%"]]></g2:sa.EXPRESSION>
          <g2:sa.CELL-DISPLAY-TEXT g2:type="Text">22%</g2:sa.CELL-DISPLAY-TEXT></g2:Structure></rdf:li>
        <rdf:li>
        <g2:Structure>
          <g2:sa.EXPRESSION g2:type="Text"><![CDATA["21%"]]></g2:sa.EXPRESSION>
          <g2:sa.CELL-DISPLAY-TEXT g2:type="Text">21%</g2:sa.CELL-DISPLAY-TEXT></g2:Structure></rdf:li></g2:Sequence></rdf:li>
      <rdf:li>
      <g2:Sequence>
        <rdf:li>
        <g2:Structure>
          <g2:sa.EXPRESSION g2:type="Text">1000</g2:sa.EXPRESSION>
          <g2:sa.CELL-DISPLAY-TEXT g2:type="Text">1000</g2:sa.CELL-DISPLAY-TEXT></g2:Structure></rdf:li>
        <rdf:li>
        <g2:Structure>
          <g2:sa.EXPRESSION g2:type="Text"><![CDATA["-17%"]]></g2:sa.EXPRESSION>
          <g2:sa.CELL-DISPLAY-TEXT g2:type="Text">-17%</g2:sa.CELL-DISPLAY-TEXT></g2:Structure></rdf:li>
        <rdf:li>
        <g2:Structure>
          <g2:sa.EXPRESSION g2:type="Text"><![CDATA["6%"]]></g2:sa.EXPRESSION>
          <g2:sa.CELL-DISPLAY-TEXT g2:type="Text">6%</g2:sa.CELL-DISPLAY-TEXT></g2:Structure></rdf:li>
        <rdf:li>
        <g2:Structure>
          <g2:sa.EXPRESSION g2:type="Text"><![CDATA["8%"]]></g2:sa.EXPRESSION>
          <g2:sa.CELL-DISPLAY-TEXT g2:type="Text">8%</g2:sa.CELL-DISPLAY-TEXT></g2:Structure></rdf:li></g2:Sequence></rdf:li>
      <rdf:li>
      <g2:Sequence>
        <rdf:li>
        <g2:Structure>
          <g2:sa.EXPRESSION g2:type="Text">2000</g2:sa.EXPRESSION>
          <g2:sa.CELL-DISPLAY-TEXT g2:type="Text">2000</g2:sa.CELL-DISPLAY-TEXT></g2:Structure></rdf:li>
        <rdf:li>
        <g2:Structure>
          <g2:sa.EXPRESSION g2:type="Text"><![CDATA["-10%"]]></g2:sa.EXPRESSION>
          <g2:sa.CELL-DISPLAY-TEXT g2:type="Text">-10%</g2:sa.CELL-DISPLAY-TEXT></g2:Structure></rdf:li>
        <rdf:li>
        <g2:Structure>
          <g2:sa.EXPRESSION g2:type="Text"><![CDATA["7%"]]></g2:sa.EXPRESSION>
          <g2:sa.CELL-DISPLAY-TEXT g2:type="Text">7%</g2:sa.CELL-DISPLAY-TEXT></g2:Structure></rdf:li>
        <rdf:li>
        <g2:Structure>
          <g2:sa.EXPRESSION g2:type="Text"><![CDATA["5%"]]></g2:sa.EXPRESSION>
          <g2:sa.CELL-DISPLAY-TEXT g2:type="Text">5%</g2:sa.CELL-DISPLAY-TEXT></g2:Structure></rdf:li></g2:Sequence></rdf:li></g2:Sequence></g2:a.TABLE-CELLS>
  <g2:a.FOLLOWING-ITEM-IN-WORKSPACE-LAYERING><g2:c.FREE-TEXT rdf:resource="#4d629468eb7811e18066000c2937a70d"/></g2:a.FOLLOWING-ITEM-IN-WORKSPACE-LAYERING>
  <g2:a.POSITION-IN-WORKSPACE>
    <g2:Structure>
      <g2:sa.X g2:type="Integer">-329</g2:sa.X>
      <g2:sa.Y g2:type="Integer">-221</g2:sa.Y>
      <g2:sa.SUPERIOR><g2:c.KB-WORKSPACE rdf:resource="#77f29e31f12c11de87db000c297e6b9c"/></g2:sa.SUPERIOR></g2:Structure></g2:a.POSITION-IN-WORKSPACE>
  <g2:a.SIZE-IN-WORKSPACE>
    <g2:Structure>
      <g2:sa.WIDTH g2:type="Integer">530</g2:sa.WIDTH>
      <g2:sa.HEIGHT g2:type="Integer">164</g2:sa.HEIGHT></g2:Structure></g2:a.SIZE-IN-WORKSPACE></g2:c.FREEFORM-TABLE>
</rdf:RDF>
