<?xml version="1.0"?>
<rdf:RDF
 xmlns:rdf="http://www.w3.org/TR/WD-rdf-syntax#"
 xmlns:g2="g2-12-0-8.rdf"
 xmlns="">

<g2:Module ID="TEST-GNNE">
  <g2:version>
    <g2:Structure>
      <g2:sa.MAJOR-VERSION g2:type="Integer">12</g2:sa.MAJOR-VERSION>
      <g2:sa.MINOR-VERSION g2:type="Integer">0</g2:sa.MINOR-VERSION>
      <g2:sa.RELEASE-QUALITY g2:type="Text"></g2:sa.RELEASE-QUALITY>
      <g2:sa.REVISION g2:type="Integer">8</g2:sa.REVISION>
      <g2:sa.BUILD-IDENTIFICATION g2:type="Text">SI04</g2:sa.BUILD-IDENTIFICATION></g2:Structure></g2:version>
  <g2:systemtables>
    <g2:Sequence>
      <rdf:li>
      <g2:c.MODULE-INFORMATION ID="ebd36ec64fde11dfb1b4001641761fb2">
        <g2:a.AUTHORS>
          <g2:Structure>
            <g2:sa.AUTHORS>
              <g2:Sequence>
                <rdf:li g2:type="Symbol">SYSADMIN</rdf:li></g2:Sequence></g2:sa.AUTHORS>
            <g2:sa.TIMESTAMP>
              <g2:Structure>
                <g2:sa.YEAR g2:type="Integer">2010</g2:sa.YEAR>
                <g2:sa.MONTH g2:type="Integer">4</g2:sa.MONTH>
                <g2:sa.DATE g2:type="Integer">25</g2:sa.DATE>
                <g2:sa.HOURS g2:type="Integer">2</g2:sa.HOURS>
                <g2:sa.MINUTES g2:type="Integer">13</g2:sa.MINUTES></g2:Structure></g2:sa.TIMESTAMP></g2:Structure></g2:a.AUTHORS>
        <g2:a.TOP-LEVEL-MODULE g2:type="Symbol">TEST-GNNE</g2:a.TOP-LEVEL-MODULE>
        <g2:a.DIRECTLY-REQUIRED-MODULES>
          <g2:Sequence>
            <rdf:li g2:type="Symbol">GNNE-DEMO</rdf:li>
            <rdf:li g2:type="Symbol">TSDRIVER</rdf:li></g2:Sequence></g2:a.DIRECTLY-REQUIRED-MODULES>
        <g2:a.ICON-VARIABLES>
          <g2:Structure>
            <g2:sa.WIDTH g2:type="Integer">50</g2:sa.WIDTH>
            <g2:sa.HEIGHT g2:type="Integer">50</g2:sa.HEIGHT></g2:Structure></g2:a.ICON-VARIABLES></g2:c.MODULE-INFORMATION></rdf:li>
      <rdf:li>
      <g2:c.DEBUGGING-PARAMETERS ID="ebd36ec74fde11dfb1b4001641761fb2">
        <g2:a.ICON-VARIABLES>
          <g2:Structure>
            <g2:sa.WIDTH g2:type="Integer">50</g2:sa.WIDTH>
            <g2:sa.HEIGHT g2:type="Integer">50</g2:sa.HEIGHT></g2:Structure></g2:a.ICON-VARIABLES></g2:c.DEBUGGING-PARAMETERS></rdf:li>
      <rdf:li>
      <g2:c.TIMING-PARAMETERS ID="ebd36ecb4fde11dfb1b4001641761fb2">
        <g2:a.MINIMUM-SCHEDULING-INTERVAL>0.002 seconds</g2:a.MINIMUM-SCHEDULING-INTERVAL>
        <g2:a.METER-LAG-TIME>0 seconds</g2:a.METER-LAG-TIME>
        <g2:a.INTERFACE-MODE>always service interface first</g2:a.INTERFACE-MODE>
        <g2:a.ATTRIBUTE-DISPLAY-UPDATE-INTERVAL g2:type="Float">0.5</g2:a.ATTRIBUTE-DISPLAY-UPDATE-INTERVAL>
        <g2:a.ICON-VARIABLES>
          <g2:Structure>
            <g2:sa.WIDTH g2:type="Integer">50</g2:sa.WIDTH>
            <g2:sa.HEIGHT g2:type="Integer">50</g2:sa.HEIGHT></g2:Structure></g2:a.ICON-VARIABLES></g2:c.TIMING-PARAMETERS></rdf:li>
      <rdf:li>
      <g2:c.INFERENCE-ENGINE-PARAMETERS ID="ebd36ed44fde11dfb1b4001641761fb2">
        <g2:a.ICON-VARIABLES>
          <g2:Structure>
            <g2:sa.WIDTH g2:type="Integer">50</g2:sa.WIDTH>
            <g2:sa.HEIGHT g2:type="Integer">50</g2:sa.HEIGHT></g2:Structure></g2:a.ICON-VARIABLES></g2:c.INFERENCE-ENGINE-PARAMETERS></rdf:li>
      <rdf:li>
      <g2:c.DATA-SERVER-PARAMETERS ID="ebd36ed54fde11dfb1b4001641761fb2">
        <g2:a.AUTHORS>
          <g2:Structure>
            <g2:sa.AUTHORS>
              <g2:Sequence>
                <rdf:li g2:type="Symbol">ADMINISTRATOR</rdf:li></g2:Sequence></g2:sa.AUTHORS>
            <g2:sa.TIMESTAMP>
              <g2:Structure>
                <g2:sa.YEAR g2:type="Integer">2016</g2:sa.YEAR>
                <g2:sa.MONTH g2:type="Integer">9</g2:sa.MONTH>
                <g2:sa.DATE g2:type="Integer">24</g2:sa.DATE>
                <g2:sa.HOURS g2:type="Integer">15</g2:sa.HOURS>
                <g2:sa.MINUTES g2:type="Integer">23</g2:sa.MINUTES></g2:Structure></g2:sa.TIMESTAMP></g2:Structure></g2:a.AUTHORS>
        <g2:a.ICON-VARIABLES>
          <g2:Structure>
            <g2:sa.WIDTH g2:type="Integer">50</g2:sa.WIDTH>
            <g2:sa.HEIGHT g2:type="Integer">50</g2:sa.HEIGHT></g2:Structure></g2:a.ICON-VARIABLES></g2:c.DATA-SERVER-PARAMETERS></rdf:li>
      <rdf:li>
      <g2:c.G2GL-PARAMETERS ID="ebd36ed94fde11dfb1b4001641761fb2">
        <g2:a.ICON-VARIABLES>
          <g2:Structure>
            <g2:sa.WIDTH g2:type="Integer">50</g2:sa.WIDTH>
            <g2:sa.HEIGHT g2:type="Integer">50</g2:sa.HEIGHT></g2:Structure></g2:a.ICON-VARIABLES></g2:c.G2GL-PARAMETERS></rdf:li>
      <rdf:li>
      <g2:c.SIMULATION-PARAMETERS ID="ebd36ed74fde11dfb1b4001641761fb2">
        <g2:a.ICON-VARIABLES>
          <g2:Structure>
            <g2:sa.WIDTH g2:type="Integer">50</g2:sa.WIDTH>
            <g2:sa.HEIGHT g2:type="Integer">50</g2:sa.HEIGHT></g2:Structure></g2:a.ICON-VARIABLES></g2:c.SIMULATION-PARAMETERS></rdf:li>
      <rdf:li>
      <g2:c.KB-CONFIGURATION ID="ebd36eda4fde11dfb1b4001641761fb2">
        <g2:a.ITEM-CONFIGURATION>
          <g2:Sequence>
            <rdf:li>
            <g2:Structure>
              <g2:sa.TYPE g2:type="Symbol">CONFIGURE-USER-INTERFACE</g2:sa.TYPE>
              <g2:sa.CLAUSES>
                <g2:Sequence>
                  <rdf:li>
                  <g2:Structure>
                    <g2:sa.APPLICABLE-USER-MODES>
                      <g2:Structure>
                        <g2:sa.NEGATIVE g2:type="TruthValue">false</g2:sa.NEGATIVE>
                        <g2:sa.MODES>
                          <g2:Sequence>
                            <rdf:li g2:type="Symbol">SYSTEM-ADMINISTRATOR</rdf:li>
                            <rdf:li g2:type="Symbol">DEVELOPER</rdf:li></g2:Sequence></g2:sa.MODES></g2:Structure></g2:sa.APPLICABLE-USER-MODES>
                    <g2:sa.STATEMENTS>
                      <g2:Sequence>
                        <rdf:li>
                        <g2:Structure>
                          <g2:sa.OPERATION-TYPE g2:type="Symbol">TYPING</g2:sa.OPERATION-TYPE>
                          <g2:sa.KEY-CODE>
                            <g2:Structure>
                              <g2:sa.KEYBOARD-SYMBOL g2:type="Symbol">F3</g2:sa.KEYBOARD-SYMBOL>
                              <g2:sa.MODIFIERS g2:type="Integer">0</g2:sa.MODIFIERS></g2:Structure></g2:sa.KEY-CODE>
                          <g2:sa.CONSEQUENT-ACTION g2:type="Symbol">_KEYSTROKE-HANDLER</g2:sa.CONSEQUENT-ACTION>
                          <g2:sa.APPLICABLE-ITEMS>
                            <g2:Sequence>
                              <rdf:li g2:type="Symbol">ITEM</rdf:li></g2:Sequence></g2:sa.APPLICABLE-ITEMS></g2:Structure></rdf:li></g2:Sequence></g2:sa.STATEMENTS></g2:Structure></rdf:li></g2:Sequence></g2:sa.CLAUSES></g2:Structure></rdf:li>
            <rdf:li>
            <g2:Structure>
              <g2:sa.TYPE g2:type="Symbol">CONFIGURE-USER-INTERFACE</g2:sa.TYPE>
              <g2:sa.CLAUSES>
                <g2:Sequence>
                  <rdf:li>
                  <g2:Structure>
                    <g2:sa.APPLICABLE-USER-MODES>
                      <g2:Structure>
                        <g2:sa.NEGATIVE g2:type="TruthValue">false</g2:sa.NEGATIVE>
                        <g2:sa.MODES>
                          <g2:Sequence>
                            <rdf:li g2:type="Symbol">SYSTEM-ADMINISTRATOR</rdf:li>
                            <rdf:li g2:type="Symbol">DEVELOPER</rdf:li></g2:Sequence></g2:sa.MODES></g2:Structure></g2:sa.APPLICABLE-USER-MODES>
                    <g2:sa.STATEMENTS>
                      <g2:Sequence>
                        <rdf:li>
                        <g2:Structure>
                          <g2:sa.OPERATION-TYPE g2:type="Symbol">TYPING</g2:sa.OPERATION-TYPE>
                          <g2:sa.KEY-CODE>
                            <g2:Structure>
                              <g2:sa.KEYBOARD-SYMBOL g2:type="Symbol">F2</g2:sa.KEYBOARD-SYMBOL>
                              <g2:sa.MODIFIERS g2:type="Integer">0</g2:sa.MODIFIERS></g2:Structure></g2:sa.KEY-CODE>
                          <g2:sa.CONSEQUENT-ACTION g2:type="Symbol">_KEYSTROKE-HANDLER</g2:sa.CONSEQUENT-ACTION>
                          <g2:sa.APPLICABLE-ITEMS>
                            <g2:Sequence>
                              <rdf:li g2:type="Symbol">ITEM</rdf:li></g2:Sequence></g2:sa.APPLICABLE-ITEMS></g2:Structure></rdf:li></g2:Sequence></g2:sa.STATEMENTS></g2:Structure></rdf:li></g2:Sequence></g2:sa.CLAUSES></g2:Structure></rdf:li>
            <rdf:li>
            <g2:Structure>
              <g2:sa.TYPE g2:type="Symbol">CONFIGURE-USER-INTERFACE</g2:sa.TYPE>
              <g2:sa.CLAUSES>
                <g2:Sequence>
                  <rdf:li>
                  <g2:Structure>
                    <g2:sa.APPLICABLE-USER-MODES>
                      <g2:Structure>
                        <g2:sa.NEGATIVE g2:type="TruthValue">false</g2:sa.NEGATIVE>
                        <g2:sa.MODES>
                          <g2:Sequence>
                            <rdf:li g2:type="Symbol">SYSTEM-ADMINISTRATOR</rdf:li>
                            <rdf:li g2:type="Symbol">DEVELOPER</rdf:li>
                            <rdf:li g2:type="Symbol">MODELER</rdf:li></g2:Sequence></g2:sa.MODES></g2:Structure></g2:sa.APPLICABLE-USER-MODES>
                    <g2:sa.STATEMENTS>
                      <g2:Sequence>
                        <rdf:li>
                        <g2:Structure>
                          <g2:sa.OPERATION-TYPE g2:type="Symbol">TYPING</g2:sa.OPERATION-TYPE>
                          <g2:sa.KEY-CODE>
                            <g2:Structure>
                              <g2:sa.KEYBOARD-SYMBOL g2:type="Symbol">F4</g2:sa.KEYBOARD-SYMBOL>
                              <g2:sa.MODIFIERS g2:type="Integer">0</g2:sa.MODIFIERS></g2:Structure></g2:sa.KEY-CODE>
                          <g2:sa.CONSEQUENT-ACTION g2:type="Symbol">_KEYSTROKE-HANDLER</g2:sa.CONSEQUENT-ACTION>
                          <g2:sa.APPLICABLE-ITEMS>
                            <g2:Sequence>
                              <rdf:li g2:type="Symbol">ITEM</rdf:li></g2:Sequence></g2:sa.APPLICABLE-ITEMS></g2:Structure></rdf:li></g2:Sequence></g2:sa.STATEMENTS></g2:Structure></rdf:li></g2:Sequence></g2:sa.CLAUSES></g2:Structure></rdf:li>
            <rdf:li>
            <g2:Structure>
              <g2:sa.TYPE g2:type="Symbol">CONFIGURE-USER-INTERFACE</g2:sa.TYPE>
              <g2:sa.CLAUSES>
                <g2:Sequence>
                  <rdf:li>
                  <g2:Structure>
                    <g2:sa.APPLICABLE-USER-MODES>
                      <g2:Structure>
                        <g2:sa.NEGATIVE g2:type="TruthValue">false</g2:sa.NEGATIVE>
                        <g2:sa.MODES>
                          <g2:Sequence>
                            <rdf:li g2:type="Symbol">SYSTEM-ADMINISTRATOR</rdf:li>
                            <rdf:li g2:type="Symbol">DEVELOPER</rdf:li>
                            <rdf:li g2:type="Symbol">MODELER</rdf:li></g2:Sequence></g2:sa.MODES></g2:Structure></g2:sa.APPLICABLE-USER-MODES>
                    <g2:sa.STATEMENTS>
                      <g2:Sequence>
                        <rdf:li>
                        <g2:Structure>
                          <g2:sa.OPERATION-TYPE g2:type="Symbol">TYPING</g2:sa.OPERATION-TYPE>
                          <g2:sa.KEY-CODE>
                            <g2:Structure>
                              <g2:sa.KEYBOARD-SYMBOL g2:type="Symbol">DELETE</g2:sa.KEYBOARD-SYMBOL>
                              <g2:sa.MODIFIERS g2:type="Integer">0</g2:sa.MODIFIERS></g2:Structure></g2:sa.KEY-CODE>
                          <g2:sa.CONSEQUENT-ACTION g2:type="Symbol">_KEYSTROKE-HANDLER</g2:sa.CONSEQUENT-ACTION>
                          <g2:sa.APPLICABLE-ITEMS>
                            <g2:Sequence>
                              <rdf:li g2:type="Symbol">ITEM</rdf:li></g2:Sequence></g2:sa.APPLICABLE-ITEMS></g2:Structure></rdf:li></g2:Sequence></g2:sa.STATEMENTS></g2:Structure></rdf:li></g2:Sequence></g2:sa.CLAUSES></g2:Structure></rdf:li>
            <rdf:li>
            <g2:Structure>
              <g2:sa.TYPE g2:type="Symbol">CONFIGURE-USER-INTERFACE</g2:sa.TYPE>
              <g2:sa.CLAUSES>
                <g2:Sequence>
                  <rdf:li>
                  <g2:Structure>
                    <g2:sa.APPLICABLE-USER-MODES>
                      <g2:Structure>
                        <g2:sa.NEGATIVE g2:type="TruthValue">false</g2:sa.NEGATIVE>
                        <g2:sa.MODES>
                          <g2:Sequence>
                            <rdf:li g2:type="Symbol">SYSTEM-ADMINISTRATOR</rdf:li>
                            <rdf:li g2:type="Symbol">DEVELOPER</rdf:li>
                            <rdf:li g2:type="Symbol">MODELER</rdf:li></g2:Sequence></g2:sa.MODES></g2:Structure></g2:sa.APPLICABLE-USER-MODES>
                    <g2:sa.STATEMENTS>
                      <g2:Sequence>
                        <rdf:li>
                        <g2:Structure>
                          <g2:sa.OPERATION-TYPE g2:type="Symbol">TYPING</g2:sa.OPERATION-TYPE>
                          <g2:sa.KEY-CODE>
                            <g2:Structure>
                              <g2:sa.KEYBOARD-SYMBOL g2:type="Symbol">P</g2:sa.KEYBOARD-SYMBOL>
                              <g2:sa.MODIFIERS g2:type="Integer">2</g2:sa.MODIFIERS></g2:Structure></g2:sa.KEY-CODE>
                          <g2:sa.CONSEQUENT-ACTION g2:type="Symbol">_KEYSTROKE-HANDLER</g2:sa.CONSEQUENT-ACTION>
                          <g2:sa.APPLICABLE-ITEMS>
                            <g2:Sequence>
                              <rdf:li g2:type="Symbol">ITEM</rdf:li></g2:Sequence></g2:sa.APPLICABLE-ITEMS></g2:Structure></rdf:li></g2:Sequence></g2:sa.STATEMENTS></g2:Structure></rdf:li></g2:Sequence></g2:sa.CLAUSES></g2:Structure></rdf:li>
            <rdf:li>
            <g2:Structure>
              <g2:sa.TYPE g2:type="Symbol">CONFIGURE-USER-INTERFACE</g2:sa.TYPE>
              <g2:sa.CLAUSES>
                <g2:Sequence>
                  <rdf:li>
                  <g2:Structure>
                    <g2:sa.APPLICABLE-USER-MODES>
                      <g2:Structure>
                        <g2:sa.NEGATIVE g2:type="TruthValue">false</g2:sa.NEGATIVE>
                        <g2:sa.MODES>
                          <g2:Sequence>
                            <rdf:li g2:type="Symbol">SYSTEM-ADMINISTRATOR</rdf:li>
                            <rdf:li g2:type="Symbol">DEVELOPER</rdf:li>
                            <rdf:li g2:type="Symbol">MODELER</rdf:li></g2:Sequence></g2:sa.MODES></g2:Structure></g2:sa.APPLICABLE-USER-MODES>
                    <g2:sa.STATEMENTS>
                      <g2:Sequence>
                        <rdf:li>
                        <g2:Structure>
                          <g2:sa.OPERATION-TYPE g2:type="Symbol">TYPING</g2:sa.OPERATION-TYPE>
                          <g2:sa.KEY-CODE>
                            <g2:Structure>
                              <g2:sa.KEYBOARD-SYMBOL g2:type="Symbol">S</g2:sa.KEYBOARD-SYMBOL>
                              <g2:sa.MODIFIERS g2:type="Integer">2</g2:sa.MODIFIERS></g2:Structure></g2:sa.KEY-CODE>
                          <g2:sa.CONSEQUENT-ACTION g2:type="Symbol">_KEYSTROKE-HANDLER</g2:sa.CONSEQUENT-ACTION>
                          <g2:sa.APPLICABLE-ITEMS>
                            <g2:Sequence>
                              <rdf:li g2:type="Symbol">ITEM</rdf:li></g2:Sequence></g2:sa.APPLICABLE-ITEMS></g2:Structure></rdf:li></g2:Sequence></g2:sa.STATEMENTS></g2:Structure></rdf:li></g2:Sequence></g2:sa.CLAUSES></g2:Structure></rdf:li>
            <rdf:li>
            <g2:Structure>
              <g2:sa.TYPE g2:type="Symbol">CONFIGURE-USER-INTERFACE</g2:sa.TYPE>
              <g2:sa.CLAUSES>
                <g2:Sequence>
                  <rdf:li>
                  <g2:Structure>
                    <g2:sa.APPLICABLE-USER-MODES>
                      <g2:Structure>
                        <g2:sa.NEGATIVE g2:type="TruthValue">false</g2:sa.NEGATIVE>
                        <g2:sa.MODES>
                          <g2:Sequence>
                            <rdf:li g2:type="Symbol">SYSTEM-ADMINISTRATOR</rdf:li>
                            <rdf:li g2:type="Symbol">DEVELOPER</rdf:li>
                            <rdf:li g2:type="Symbol">MODELER</rdf:li></g2:Sequence></g2:sa.MODES></g2:Structure></g2:sa.APPLICABLE-USER-MODES>
                    <g2:sa.STATEMENTS>
                      <g2:Sequence>
                        <rdf:li>
                        <g2:Structure>
                          <g2:sa.OPERATION-TYPE g2:type="Symbol">TYPING</g2:sa.OPERATION-TYPE>
                          <g2:sa.KEY-CODE>
                            <g2:Structure>
                              <g2:sa.KEYBOARD-SYMBOL g2:type="Symbol">O</g2:sa.KEYBOARD-SYMBOL>
                              <g2:sa.MODIFIERS g2:type="Integer">2</g2:sa.MODIFIERS></g2:Structure></g2:sa.KEY-CODE>
                          <g2:sa.CONSEQUENT-ACTION g2:type="Symbol">_KEYSTROKE-HANDLER</g2:sa.CONSEQUENT-ACTION>
                          <g2:sa.APPLICABLE-ITEMS>
                            <g2:Sequence>
                              <rdf:li g2:type="Symbol">ITEM</rdf:li></g2:Sequence></g2:sa.APPLICABLE-ITEMS></g2:Structure></rdf:li></g2:Sequence></g2:sa.STATEMENTS></g2:Structure></rdf:li></g2:Sequence></g2:sa.CLAUSES></g2:Structure></rdf:li>
            <rdf:li>
            <g2:Structure>
              <g2:sa.TYPE g2:type="Symbol">CONFIGURE-USER-INTERFACE</g2:sa.TYPE>
              <g2:sa.CLAUSES>
                <g2:Sequence>
                  <rdf:li>
                  <g2:Structure>
                    <g2:sa.APPLICABLE-USER-MODES>
                      <g2:Structure>
                        <g2:sa.NEGATIVE g2:type="TruthValue">false</g2:sa.NEGATIVE>
                        <g2:sa.MODES>
                          <g2:Sequence>
                            <rdf:li g2:type="Symbol">SYSTEM-ADMINISTRATOR</rdf:li>
                            <rdf:li g2:type="Symbol">DEVELOPER</rdf:li>
                            <rdf:li g2:type="Symbol">MODELER</rdf:li></g2:Sequence></g2:sa.MODES></g2:Structure></g2:sa.APPLICABLE-USER-MODES>
                    <g2:sa.STATEMENTS>
                      <g2:Sequence>
                        <rdf:li>
                        <g2:Structure>
                          <g2:sa.OPERATION-TYPE g2:type="Symbol">TYPING</g2:sa.OPERATION-TYPE>
                          <g2:sa.KEY-CODE>
                            <g2:Structure>
                              <g2:sa.KEYBOARD-SYMBOL g2:type="Symbol">N</g2:sa.KEYBOARD-SYMBOL>
                              <g2:sa.MODIFIERS g2:type="Integer">2</g2:sa.MODIFIERS></g2:Structure></g2:sa.KEY-CODE>
                          <g2:sa.CONSEQUENT-ACTION g2:type="Symbol">_KEYSTROKE-HANDLER</g2:sa.CONSEQUENT-ACTION>
                          <g2:sa.APPLICABLE-ITEMS>
                            <g2:Sequence>
                              <rdf:li g2:type="Symbol">ITEM</rdf:li></g2:Sequence></g2:sa.APPLICABLE-ITEMS></g2:Structure></rdf:li></g2:Sequence></g2:sa.STATEMENTS></g2:Structure></rdf:li></g2:Sequence></g2:sa.CLAUSES></g2:Structure></rdf:li>
            <rdf:li>
            <g2:Structure>
              <g2:sa.TYPE g2:type="Symbol">CONFIGURE-USER-INTERFACE</g2:sa.TYPE>
              <g2:sa.CLAUSES>
                <g2:Sequence>
                  <rdf:li>
                  <g2:Structure>
                    <g2:sa.APPLICABLE-USER-MODES>
                      <g2:Structure>
                        <g2:sa.NEGATIVE g2:type="TruthValue">false</g2:sa.NEGATIVE>
                        <g2:sa.MODES>
                          <g2:Sequence>
                            <rdf:li g2:type="Symbol">SYSTEM-ADMINISTRATOR</rdf:li>
                            <rdf:li g2:type="Symbol">DEVELOPER</rdf:li>
                            <rdf:li g2:type="Symbol">MODELER</rdf:li></g2:Sequence></g2:sa.MODES></g2:Structure></g2:sa.APPLICABLE-USER-MODES>
                    <g2:sa.STATEMENTS>
                      <g2:Sequence>
                        <rdf:li>
                        <g2:Structure>
                          <g2:sa.OPERATION-TYPE g2:type="Symbol">TYPING</g2:sa.OPERATION-TYPE>
                          <g2:sa.KEY-CODE>
                            <g2:Structure>
                              <g2:sa.KEYBOARD-SYMBOL g2:type="Symbol">DELETE</g2:sa.KEYBOARD-SYMBOL>
                              <g2:sa.MODIFIERS g2:type="Integer">0</g2:sa.MODIFIERS></g2:Structure></g2:sa.KEY-CODE>
                          <g2:sa.CONSEQUENT-ACTION g2:type="Symbol">_KEYSTROKE-HANDLER</g2:sa.CONSEQUENT-ACTION>
                          <g2:sa.APPLICABLE-ITEMS>
                            <g2:Sequence>
                              <rdf:li g2:type="Symbol">GRPE-CHART-VIEW</rdf:li></g2:Sequence></g2:sa.APPLICABLE-ITEMS></g2:Structure></rdf:li></g2:Sequence></g2:sa.STATEMENTS></g2:Structure></rdf:li></g2:Sequence></g2:sa.CLAUSES></g2:Structure></rdf:li>
            <rdf:li>
            <g2:Structure>
              <g2:sa.TYPE g2:type="Symbol">CONFIGURE-USER-INTERFACE</g2:sa.TYPE>
              <g2:sa.CLAUSES>
                <g2:Sequence>
                  <rdf:li>
                  <g2:Structure>
                    <g2:sa.APPLICABLE-USER-MODES>
                      <g2:Structure>
                        <g2:sa.NEGATIVE g2:type="TruthValue">false</g2:sa.NEGATIVE>
                        <g2:sa.MODES>
                          <g2:Sequence>
                            <rdf:li g2:type="Symbol">SYSTEM-ADMINISTRATOR</rdf:li>
                            <rdf:li g2:type="Symbol">DEVELOPER</rdf:li>
                            <rdf:li g2:type="Symbol">MODELER</rdf:li></g2:Sequence></g2:sa.MODES></g2:Structure></g2:sa.APPLICABLE-USER-MODES>
                    <g2:sa.STATEMENTS>
                      <g2:Sequence>
                        <rdf:li>
                        <g2:Structure>
                          <g2:sa.OPERATION-TYPE g2:type="Symbol">CLICKING</g2:sa.OPERATION-TYPE>
                          <g2:sa.KEY-CODE>
                            <g2:Structure>
                              <g2:sa.MOUSE-BUTTON g2:type="Symbol">RIGHT</g2:sa.MOUSE-BUTTON>
                              <g2:sa.MODIFIERS g2:type="Integer">0</g2:sa.MODIFIERS></g2:Structure></g2:sa.KEY-CODE>
                          <g2:sa.CONSEQUENT-ACTION g2:type="Symbol">POPUP-MENU.-.-.</g2:sa.CONSEQUENT-ACTION>
                          <g2:sa.APPLICABLE-ITEMS>
                            <g2:Sequence>
                              <rdf:li g2:type="Symbol">CONNECTION</rdf:li></g2:Sequence></g2:sa.APPLICABLE-ITEMS></g2:Structure></rdf:li>
                        <rdf:li>
                        <g2:Structure>
                          <g2:sa.OPERATION-TYPE g2:type="Symbol">CLICKING</g2:sa.OPERATION-TYPE>
                          <g2:sa.KEY-CODE>
                            <g2:Structure>
                              <g2:sa.MOUSE-BUTTON g2:type="Symbol">LEFT</g2:sa.MOUSE-BUTTON>
                              <g2:sa.MODIFIERS g2:type="Integer">8</g2:sa.MODIFIERS></g2:Structure></g2:sa.KEY-CODE>
                          <g2:sa.CONSEQUENT-ACTION g2:type="Symbol">_KEYSTROKE-HANDLER</g2:sa.CONSEQUENT-ACTION>
                          <g2:sa.APPLICABLE-ITEMS>
                            <g2:Sequence>
                              <rdf:li g2:type="Symbol">CONNECTION</rdf:li></g2:Sequence></g2:sa.APPLICABLE-ITEMS></g2:Structure></rdf:li>
                        <rdf:li>
                        <g2:Structure>
                          <g2:sa.OPERATION-TYPE g2:type="Symbol">CLICKING</g2:sa.OPERATION-TYPE>
                          <g2:sa.KEY-CODE>
                            <g2:Structure>
                              <g2:sa.MOUSE-BUTTON g2:type="Symbol">RIGHT</g2:sa.MOUSE-BUTTON>
                              <g2:sa.MODIFIERS g2:type="Integer">0</g2:sa.MODIFIERS></g2:Structure></g2:sa.KEY-CODE>
                          <g2:sa.CONSEQUENT-ACTION g2:type="Symbol">POPUP-MENU.-.-.</g2:sa.CONSEQUENT-ACTION>
                          <g2:sa.APPLICABLE-ITEMS>
                            <g2:Sequence>
                              <rdf:li g2:type="Symbol">DEFAULT-JUNCTION</rdf:li></g2:Sequence></g2:sa.APPLICABLE-ITEMS></g2:Structure></rdf:li>
                        <rdf:li>
                        <g2:Structure>
                          <g2:sa.OPERATION-TYPE g2:type="Symbol">CLICKING</g2:sa.OPERATION-TYPE>
                          <g2:sa.KEY-CODE>
                            <g2:Structure>
                              <g2:sa.MOUSE-BUTTON g2:type="Symbol">LEFT</g2:sa.MOUSE-BUTTON>
                              <g2:sa.MODIFIERS g2:type="Integer">8</g2:sa.MODIFIERS></g2:Structure></g2:sa.KEY-CODE>
                          <g2:sa.CONSEQUENT-ACTION g2:type="Symbol">_KEYSTROKE-HANDLER</g2:sa.CONSEQUENT-ACTION>
                          <g2:sa.APPLICABLE-ITEMS>
                            <g2:Sequence>
                              <rdf:li g2:type="Symbol">DEFAULT-JUNCTION</rdf:li></g2:Sequence></g2:sa.APPLICABLE-ITEMS></g2:Structure></rdf:li>
                        <rdf:li>
                        <g2:Structure>
                          <g2:sa.OPERATION-TYPE g2:type="Symbol">CLICKING</g2:sa.OPERATION-TYPE>
                          <g2:sa.KEY-CODE>
                            <g2:Structure>
                              <g2:sa.MOUSE-BUTTON g2:type="Symbol">RIGHT</g2:sa.MOUSE-BUTTON>
                              <g2:sa.MODIFIERS g2:type="Integer">0</g2:sa.MODIFIERS></g2:Structure></g2:sa.KEY-CODE>
                          <g2:sa.CONSEQUENT-ACTION g2:type="Symbol">POPUP-MENU.-.-.</g2:sa.CONSEQUENT-ACTION>
                          <g2:sa.APPLICABLE-ITEMS>
                            <g2:Sequence>
                              <rdf:li g2:type="Symbol">IMAGE-DEFINITION</rdf:li></g2:Sequence></g2:sa.APPLICABLE-ITEMS></g2:Structure></rdf:li>
                        <rdf:li>
                        <g2:Structure>
                          <g2:sa.OPERATION-TYPE g2:type="Symbol">CLICKING</g2:sa.OPERATION-TYPE>
                          <g2:sa.KEY-CODE>
                            <g2:Structure>
                              <g2:sa.MOUSE-BUTTON g2:type="Symbol">LEFT</g2:sa.MOUSE-BUTTON>
                              <g2:sa.MODIFIERS g2:type="Integer">8</g2:sa.MODIFIERS></g2:Structure></g2:sa.KEY-CODE>
                          <g2:sa.CONSEQUENT-ACTION g2:type="Symbol">_KEYSTROKE-HANDLER</g2:sa.CONSEQUENT-ACTION>
                          <g2:sa.APPLICABLE-ITEMS>
                            <g2:Sequence>
                              <rdf:li g2:type="Symbol">IMAGE-DEFINITION</rdf:li></g2:Sequence></g2:sa.APPLICABLE-ITEMS></g2:Structure></rdf:li>
                        <rdf:li>
                        <g2:Structure>
                          <g2:sa.OPERATION-TYPE g2:type="Symbol">CLICKING</g2:sa.OPERATION-TYPE>
                          <g2:sa.KEY-CODE>
                            <g2:Structure>
                              <g2:sa.MOUSE-BUTTON g2:type="Symbol">RIGHT</g2:sa.MOUSE-BUTTON>
                              <g2:sa.MODIFIERS g2:type="Integer">0</g2:sa.MODIFIERS></g2:Structure></g2:sa.KEY-CODE>
                          <g2:sa.CONSEQUENT-ACTION g2:type="Symbol">POPUP-MENU.-.-.</g2:sa.CONSEQUENT-ACTION>
                          <g2:sa.APPLICABLE-ITEMS>
                            <g2:Sequence>
                              <rdf:li g2:type="Symbol">BORDERLESS-FREE-TEXT</rdf:li></g2:Sequence></g2:sa.APPLICABLE-ITEMS></g2:Structure></rdf:li>
                        <rdf:li>
                        <g2:Structure>
                          <g2:sa.OPERATION-TYPE g2:type="Symbol">CLICKING</g2:sa.OPERATION-TYPE>
                          <g2:sa.KEY-CODE>
                            <g2:Structure>
                              <g2:sa.MOUSE-BUTTON g2:type="Symbol">LEFT</g2:sa.MOUSE-BUTTON>
                              <g2:sa.MODIFIERS g2:type="Integer">8</g2:sa.MODIFIERS></g2:Structure></g2:sa.KEY-CODE>
                          <g2:sa.CONSEQUENT-ACTION g2:type="Symbol">_KEYSTROKE-HANDLER</g2:sa.CONSEQUENT-ACTION>
                          <g2:sa.APPLICABLE-ITEMS>
                            <g2:Sequence>
                              <rdf:li g2:type="Symbol">BORDERLESS-FREE-TEXT</rdf:li></g2:Sequence></g2:sa.APPLICABLE-ITEMS></g2:Structure></rdf:li>
                        <rdf:li>
                        <g2:Structure>
                          <g2:sa.OPERATION-TYPE g2:type="Symbol">CLICKING</g2:sa.OPERATION-TYPE>
                          <g2:sa.KEY-CODE>
                            <g2:Structure>
                              <g2:sa.MOUSE-BUTTON g2:type="Symbol">RIGHT</g2:sa.MOUSE-BUTTON>
                              <g2:sa.MODIFIERS g2:type="Integer">0</g2:sa.MODIFIERS></g2:Structure></g2:sa.KEY-CODE>
                          <g2:sa.CONSEQUENT-ACTION g2:type="Symbol">POPUP-MENU.-.-.</g2:sa.CONSEQUENT-ACTION>
                          <g2:sa.APPLICABLE-ITEMS>
                            <g2:Sequence>
                              <rdf:li g2:type="Symbol">FREE-TEXT</rdf:li></g2:Sequence></g2:sa.APPLICABLE-ITEMS></g2:Structure></rdf:li>
                        <rdf:li>
                        <g2:Structure>
                          <g2:sa.OPERATION-TYPE g2:type="Symbol">CLICKING</g2:sa.OPERATION-TYPE>
                          <g2:sa.KEY-CODE>
                            <g2:Structure>
                              <g2:sa.MOUSE-BUTTON g2:type="Symbol">LEFT</g2:sa.MOUSE-BUTTON>
                              <g2:sa.MODIFIERS g2:type="Integer">8</g2:sa.MODIFIERS></g2:Structure></g2:sa.KEY-CODE>
                          <g2:sa.CONSEQUENT-ACTION g2:type="Symbol">_KEYSTROKE-HANDLER</g2:sa.CONSEQUENT-ACTION>
                          <g2:sa.APPLICABLE-ITEMS>
                            <g2:Sequence>
                              <rdf:li g2:type="Symbol">FREE-TEXT</rdf:li></g2:Sequence></g2:sa.APPLICABLE-ITEMS></g2:Structure></rdf:li>
                        <rdf:li>
                        <g2:Structure>
                          <g2:sa.OPERATION-TYPE g2:type="Symbol">CLICKING</g2:sa.OPERATION-TYPE>
                          <g2:sa.KEY-CODE>
                            <g2:Structure>
                              <g2:sa.MOUSE-BUTTON g2:type="Symbol">RIGHT</g2:sa.MOUSE-BUTTON>
                              <g2:sa.MODIFIERS g2:type="Integer">0</g2:sa.MODIFIERS></g2:Structure></g2:sa.KEY-CODE>
                          <g2:sa.CONSEQUENT-ACTION g2:type="Symbol">POPUP-MENU.-.-.</g2:sa.CONSEQUENT-ACTION>
                          <g2:sa.APPLICABLE-ITEMS>
                            <g2:Sequence>
                              <rdf:li g2:type="Symbol">KB-WORKSPACE</rdf:li></g2:Sequence></g2:sa.APPLICABLE-ITEMS></g2:Structure></rdf:li>
                        <rdf:li>
                        <g2:Structure>
                          <g2:sa.OPERATION-TYPE g2:type="Symbol">CLICKING</g2:sa.OPERATION-TYPE>
                          <g2:sa.KEY-CODE>
                            <g2:Structure>
                              <g2:sa.MOUSE-BUTTON g2:type="Symbol">LEFT</g2:sa.MOUSE-BUTTON>
                              <g2:sa.MODIFIERS g2:type="Integer">8</g2:sa.MODIFIERS></g2:Structure></g2:sa.KEY-CODE>
                          <g2:sa.CONSEQUENT-ACTION g2:type="Symbol">_KEYSTROKE-HANDLER</g2:sa.CONSEQUENT-ACTION>
                          <g2:sa.APPLICABLE-ITEMS>
                            <g2:Sequence>
                              <rdf:li g2:type="Symbol">KB-WORKSPACE</rdf:li></g2:Sequence></g2:sa.APPLICABLE-ITEMS></g2:Structure></rdf:li>
                        <rdf:li>
                        <g2:Structure>
                          <g2:sa.OPERATION-TYPE g2:type="Symbol">CLICKING</g2:sa.OPERATION-TYPE>
                          <g2:sa.KEY-CODE>
                            <g2:Structure>
                              <g2:sa.MOUSE-BUTTON g2:type="Symbol">RIGHT</g2:sa.MOUSE-BUTTON>
                              <g2:sa.MODIFIERS g2:type="Integer">0</g2:sa.MODIFIERS></g2:Structure></g2:sa.KEY-CODE>
                          <g2:sa.CONSEQUENT-ACTION g2:type="Symbol">POPUP-MENU.-.-.</g2:sa.CONSEQUENT-ACTION>
                          <g2:sa.APPLICABLE-ITEMS>
                            <g2:Sequence>
                              <rdf:li g2:type="Symbol">NETWORK-INTERFACE</rdf:li></g2:Sequence></g2:sa.APPLICABLE-ITEMS></g2:Structure></rdf:li>
                        <rdf:li>
                        <g2:Structure>
                          <g2:sa.OPERATION-TYPE g2:type="Symbol">CLICKING</g2:sa.OPERATION-TYPE>
                          <g2:sa.KEY-CODE>
                            <g2:Structure>
                              <g2:sa.MOUSE-BUTTON g2:type="Symbol">LEFT</g2:sa.MOUSE-BUTTON>
                              <g2:sa.MODIFIERS g2:type="Integer">8</g2:sa.MODIFIERS></g2:Structure></g2:sa.KEY-CODE>
                          <g2:sa.CONSEQUENT-ACTION g2:type="Symbol">_KEYSTROKE-HANDLER</g2:sa.CONSEQUENT-ACTION>
                          <g2:sa.APPLICABLE-ITEMS>
                            <g2:Sequence>
                              <rdf:li g2:type="Symbol">NETWORK-INTERFACE</rdf:li></g2:Sequence></g2:sa.APPLICABLE-ITEMS></g2:Structure></rdf:li>
                        <rdf:li>
                        <g2:Structure>
                          <g2:sa.OPERATION-TYPE g2:type="Symbol">CLICKING</g2:sa.OPERATION-TYPE>
                          <g2:sa.KEY-CODE>
                            <g2:Structure>
                              <g2:sa.MOUSE-BUTTON g2:type="Symbol">RIGHT</g2:sa.MOUSE-BUTTON>
                              <g2:sa.MODIFIERS g2:type="Integer">0</g2:sa.MODIFIERS></g2:Structure></g2:sa.KEY-CODE>
                          <g2:sa.CONSEQUENT-ACTION g2:type="Symbol">POPUP-MENU.-.-.</g2:sa.CONSEQUENT-ACTION>
                          <g2:sa.APPLICABLE-ITEMS>
                            <g2:Sequence>
                              <rdf:li g2:type="Symbol">GRTL-WORKSPACE</rdf:li></g2:Sequence></g2:sa.APPLICABLE-ITEMS></g2:Structure></rdf:li>
                        <rdf:li>
                        <g2:Structure>
                          <g2:sa.OPERATION-TYPE g2:type="Symbol">CLICKING</g2:sa.OPERATION-TYPE>
                          <g2:sa.KEY-CODE>
                            <g2:Structure>
                              <g2:sa.MOUSE-BUTTON g2:type="Symbol">LEFT</g2:sa.MOUSE-BUTTON>
                              <g2:sa.MODIFIERS g2:type="Integer">8</g2:sa.MODIFIERS></g2:Structure></g2:sa.KEY-CODE>
                          <g2:sa.CONSEQUENT-ACTION g2:type="Symbol">_KEYSTROKE-HANDLER</g2:sa.CONSEQUENT-ACTION>
                          <g2:sa.APPLICABLE-ITEMS>
                            <g2:Sequence>
                              <rdf:li g2:type="Symbol">GRTL-WORKSPACE</rdf:li></g2:Sequence></g2:sa.APPLICABLE-ITEMS></g2:Structure></rdf:li>
                        <rdf:li>
                        <g2:Structure>
                          <g2:sa.OPERATION-TYPE g2:type="Symbol">CLICKING</g2:sa.OPERATION-TYPE>
                          <g2:sa.KEY-CODE>
                            <g2:Structure>
                              <g2:sa.MOUSE-BUTTON g2:type="Symbol">RIGHT</g2:sa.MOUSE-BUTTON>
                              <g2:sa.MODIFIERS g2:type="Integer">0</g2:sa.MODIFIERS></g2:Structure></g2:sa.KEY-CODE>
                          <g2:sa.CONSEQUENT-ACTION g2:type="Symbol">POPUP-MENU.-.-.</g2:sa.CONSEQUENT-ACTION>
                          <g2:sa.APPLICABLE-ITEMS>
                            <g2:Sequence>
                              <rdf:li g2:type="Symbol">GRTL-ITEM</rdf:li></g2:Sequence></g2:sa.APPLICABLE-ITEMS></g2:Structure></rdf:li>
                        <rdf:li>
                        <g2:Structure>
                          <g2:sa.OPERATION-TYPE g2:type="Symbol">CLICKING</g2:sa.OPERATION-TYPE>
                          <g2:sa.KEY-CODE>
                            <g2:Structure>
                              <g2:sa.MOUSE-BUTTON g2:type="Symbol">LEFT</g2:sa.MOUSE-BUTTON>
                              <g2:sa.MODIFIERS g2:type="Integer">8</g2:sa.MODIFIERS></g2:Structure></g2:sa.KEY-CODE>
                          <g2:sa.CONSEQUENT-ACTION g2:type="Symbol">_KEYSTROKE-HANDLER</g2:sa.CONSEQUENT-ACTION>
                          <g2:sa.APPLICABLE-ITEMS>
                            <g2:Sequence>
                              <rdf:li g2:type="Symbol">GRTL-ITEM</rdf:li></g2:Sequence></g2:sa.APPLICABLE-ITEMS></g2:Structure></rdf:li>
                        <rdf:li>
                        <g2:Structure>
                          <g2:sa.OPERATION-TYPE g2:type="Symbol">CLICKING</g2:sa.OPERATION-TYPE>
                          <g2:sa.KEY-CODE>
                            <g2:Structure>
                              <g2:sa.MOUSE-BUTTON g2:type="Symbol">RIGHT</g2:sa.MOUSE-BUTTON>
                              <g2:sa.MODIFIERS g2:type="Integer">0</g2:sa.MODIFIERS></g2:Structure></g2:sa.KEY-CODE>
                          <g2:sa.CONSEQUENT-ACTION g2:type="Symbol">POPUP-MENU.-.-.</g2:sa.CONSEQUENT-ACTION>
                          <g2:sa.APPLICABLE-ITEMS>
                            <g2:Sequence>
                              <rdf:li g2:type="Symbol">GRTL-SCHEME</rdf:li></g2:Sequence></g2:sa.APPLICABLE-ITEMS></g2:Structure></rdf:li>
                        <rdf:li>
                        <g2:Structure>
                          <g2:sa.OPERATION-TYPE g2:type="Symbol">CLICKING</g2:sa.OPERATION-TYPE>
                          <g2:sa.KEY-CODE>
                            <g2:Structure>
                              <g2:sa.MOUSE-BUTTON g2:type="Symbol">LEFT</g2:sa.MOUSE-BUTTON>
                              <g2:sa.MODIFIERS g2:type="Integer">8</g2:sa.MODIFIERS></g2:Structure></g2:sa.KEY-CODE>
                          <g2:sa.CONSEQUENT-ACTION g2:type="Symbol">_KEYSTROKE-HANDLER</g2:sa.CONSEQUENT-ACTION>
                          <g2:sa.APPLICABLE-ITEMS>
                            <g2:Sequence>
                              <rdf:li g2:type="Symbol">GRTL-SCHEME</rdf:li></g2:Sequence></g2:sa.APPLICABLE-ITEMS></g2:Structure></rdf:li>
                        <rdf:li>
                        <g2:Structure>
                          <g2:sa.OPERATION-TYPE g2:type="Symbol">CLICKING</g2:sa.OPERATION-TYPE>
                          <g2:sa.KEY-CODE>
                            <g2:Structure>
                              <g2:sa.MOUSE-BUTTON g2:type="Symbol">RIGHT</g2:sa.MOUSE-BUTTON>
                              <g2:sa.MODIFIERS g2:type="Integer">0</g2:sa.MODIFIERS></g2:Structure></g2:sa.KEY-CODE>
                          <g2:sa.CONSEQUENT-ACTION g2:type="Symbol">POPUP-MENU.-.-.</g2:sa.CONSEQUENT-ACTION>
                          <g2:sa.APPLICABLE-ITEMS>
                            <g2:Sequence>
                              <rdf:li g2:type="Symbol">GRTL-SCHEME-TEMPLATE</rdf:li></g2:Sequence></g2:sa.APPLICABLE-ITEMS></g2:Structure></rdf:li>
                        <rdf:li>
                        <g2:Structure>
                          <g2:sa.OPERATION-TYPE g2:type="Symbol">CLICKING</g2:sa.OPERATION-TYPE>
                          <g2:sa.KEY-CODE>
                            <g2:Structure>
                              <g2:sa.MOUSE-BUTTON g2:type="Symbol">LEFT</g2:sa.MOUSE-BUTTON>
                              <g2:sa.MODIFIERS g2:type="Integer">8</g2:sa.MODIFIERS></g2:Structure></g2:sa.KEY-CODE>
                          <g2:sa.CONSEQUENT-ACTION g2:type="Symbol">_KEYSTROKE-HANDLER</g2:sa.CONSEQUENT-ACTION>
                          <g2:sa.APPLICABLE-ITEMS>
                            <g2:Sequence>
                              <rdf:li g2:type="Symbol">GRTL-SCHEME-TEMPLATE</rdf:li></g2:Sequence></g2:sa.APPLICABLE-ITEMS></g2:Structure></rdf:li>
                        <rdf:li>
                        <g2:Structure>
                          <g2:sa.OPERATION-TYPE g2:type="Symbol">CLICKING</g2:sa.OPERATION-TYPE>
                          <g2:sa.KEY-CODE>
                            <g2:Structure>
                              <g2:sa.MOUSE-BUTTON g2:type="Symbol">RIGHT</g2:sa.MOUSE-BUTTON>
                              <g2:sa.MODIFIERS g2:type="Integer">0</g2:sa.MODIFIERS></g2:Structure></g2:sa.KEY-CODE>
                          <g2:sa.CONSEQUENT-ACTION g2:type="Symbol">POPUP-MENU.-.-.</g2:sa.CONSEQUENT-ACTION>
                          <g2:sa.APPLICABLE-ITEMS>
                            <g2:Sequence>
                              <rdf:li g2:type="Symbol">GRTL-DOMAIN-OBJECT-CLASS-DEFINITION</rdf:li></g2:Sequence></g2:sa.APPLICABLE-ITEMS></g2:Structure></rdf:li>
                        <rdf:li>
                        <g2:Structure>
                          <g2:sa.OPERATION-TYPE g2:type="Symbol">CLICKING</g2:sa.OPERATION-TYPE>
                          <g2:sa.KEY-CODE>
                            <g2:Structure>
                              <g2:sa.MOUSE-BUTTON g2:type="Symbol">LEFT</g2:sa.MOUSE-BUTTON>
                              <g2:sa.MODIFIERS g2:type="Integer">8</g2:sa.MODIFIERS></g2:Structure></g2:sa.KEY-CODE>
                          <g2:sa.CONSEQUENT-ACTION g2:type="Symbol">_KEYSTROKE-HANDLER</g2:sa.CONSEQUENT-ACTION>
                          <g2:sa.APPLICABLE-ITEMS>
                            <g2:Sequence>
                              <rdf:li g2:type="Symbol">GRTL-DOMAIN-OBJECT-CLASS-DEFINITION</rdf:li></g2:Sequence></g2:sa.APPLICABLE-ITEMS></g2:Structure></rdf:li>
                        <rdf:li>
                        <g2:Structure>
                          <g2:sa.OPERATION-TYPE g2:type="Symbol">CLICKING</g2:sa.OPERATION-TYPE>
                          <g2:sa.KEY-CODE>
                            <g2:Structure>
                              <g2:sa.MOUSE-BUTTON g2:type="Symbol">RIGHT</g2:sa.MOUSE-BUTTON>
                              <g2:sa.MODIFIERS g2:type="Integer">0</g2:sa.MODIFIERS></g2:Structure></g2:sa.KEY-CODE>
                          <g2:sa.CONSEQUENT-ACTION g2:type="Symbol">POPUP-MENU.-.-.</g2:sa.CONSEQUENT-ACTION>
                          <g2:sa.APPLICABLE-ITEMS>
                            <g2:Sequence>
                              <rdf:li g2:type="Symbol">GRTL-VALUE-TRANSLATION-PROCEDURE</rdf:li></g2:Sequence></g2:sa.APPLICABLE-ITEMS></g2:Structure></rdf:li>
                        <rdf:li>
                        <g2:Structure>
                          <g2:sa.OPERATION-TYPE g2:type="Symbol">CLICKING</g2:sa.OPERATION-TYPE>
                          <g2:sa.KEY-CODE>
                            <g2:Structure>
                              <g2:sa.MOUSE-BUTTON g2:type="Symbol">LEFT</g2:sa.MOUSE-BUTTON>
                              <g2:sa.MODIFIERS g2:type="Integer">8</g2:sa.MODIFIERS></g2:Structure></g2:sa.KEY-CODE>
                          <g2:sa.CONSEQUENT-ACTION g2:type="Symbol">_KEYSTROKE-HANDLER</g2:sa.CONSEQUENT-ACTION>
                          <g2:sa.APPLICABLE-ITEMS>
                            <g2:Sequence>
                              <rdf:li g2:type="Symbol">GRTL-VALUE-TRANSLATION-PROCEDURE</rdf:li></g2:Sequence></g2:sa.APPLICABLE-ITEMS></g2:Structure></rdf:li>
                        <rdf:li>
                        <g2:Structure>
                          <g2:sa.OPERATION-TYPE g2:type="Symbol">CLICKING</g2:sa.OPERATION-TYPE>
                          <g2:sa.KEY-CODE>
                            <g2:Structure>
                              <g2:sa.MOUSE-BUTTON g2:type="Symbol">RIGHT</g2:sa.MOUSE-BUTTON>
                              <g2:sa.MODIFIERS g2:type="Integer">0</g2:sa.MODIFIERS></g2:Structure></g2:sa.KEY-CODE>
                          <g2:sa.CONSEQUENT-ACTION g2:type="Symbol">POPUP-MENU.-.-.</g2:sa.CONSEQUENT-ACTION>
                          <g2:sa.APPLICABLE-ITEMS>
                            <g2:Sequence>
                              <rdf:li g2:type="Symbol">GRTL-USER-PREFERENCES</rdf:li></g2:Sequence></g2:sa.APPLICABLE-ITEMS></g2:Structure></rdf:li>
                        <rdf:li>
                        <g2:Structure>
                          <g2:sa.OPERATION-TYPE g2:type="Symbol">CLICKING</g2:sa.OPERATION-TYPE>
                          <g2:sa.KEY-CODE>
                            <g2:Structure>
                              <g2:sa.MOUSE-BUTTON g2:type="Symbol">LEFT</g2:sa.MOUSE-BUTTON>
                              <g2:sa.MODIFIERS g2:type="Integer">8</g2:sa.MODIFIERS></g2:Structure></g2:sa.KEY-CODE>
                          <g2:sa.CONSEQUENT-ACTION g2:type="Symbol">_KEYSTROKE-HANDLER</g2:sa.CONSEQUENT-ACTION>
                          <g2:sa.APPLICABLE-ITEMS>
                            <g2:Sequence>
                              <rdf:li g2:type="Symbol">GRTL-USER-PREFERENCES</rdf:li></g2:Sequence></g2:sa.APPLICABLE-ITEMS></g2:Structure></rdf:li>
                        <rdf:li>
                        <g2:Structure>
                          <g2:sa.OPERATION-TYPE g2:type="Symbol">CLICKING</g2:sa.OPERATION-TYPE>
                          <g2:sa.KEY-CODE>
                            <g2:Structure>
                              <g2:sa.MOUSE-BUTTON g2:type="Symbol">RIGHT</g2:sa.MOUSE-BUTTON>
                              <g2:sa.MODIFIERS g2:type="Integer">0</g2:sa.MODIFIERS></g2:Structure></g2:sa.KEY-CODE>
                          <g2:sa.CONSEQUENT-ACTION g2:type="Symbol">POPUP-MENU.-.-.</g2:sa.CONSEQUENT-ACTION>
                          <g2:sa.APPLICABLE-ITEMS>
                            <g2:Sequence>
                              <rdf:li g2:type="Symbol">GRTL-DEFAULT-USER-PREFERENCES</rdf:li></g2:Sequence></g2:sa.APPLICABLE-ITEMS></g2:Structure></rdf:li>
                        <rdf:li>
                        <g2:Structure>
                          <g2:sa.OPERATION-TYPE g2:type="Symbol">CLICKING</g2:sa.OPERATION-TYPE>
                          <g2:sa.KEY-CODE>
                            <g2:Structure>
                              <g2:sa.MOUSE-BUTTON g2:type="Symbol">LEFT</g2:sa.MOUSE-BUTTON>
                              <g2:sa.MODIFIERS g2:type="Integer">8</g2:sa.MODIFIERS></g2:Structure></g2:sa.KEY-CODE>
                          <g2:sa.CONSEQUENT-ACTION g2:type="Symbol">_KEYSTROKE-HANDLER</g2:sa.CONSEQUENT-ACTION>
                          <g2:sa.APPLICABLE-ITEMS>
                            <g2:Sequence>
                              <rdf:li g2:type="Symbol">GRTL-DEFAULT-USER-PREFERENCES</rdf:li></g2:Sequence></g2:sa.APPLICABLE-ITEMS></g2:Structure></rdf:li>
                        <rdf:li>
                        <g2:Structure>
                          <g2:sa.OPERATION-TYPE g2:type="Symbol">CLICKING</g2:sa.OPERATION-TYPE>
                          <g2:sa.KEY-CODE>
                            <g2:Structure>
                              <g2:sa.MOUSE-BUTTON g2:type="Symbol">RIGHT</g2:sa.MOUSE-BUTTON>
                              <g2:sa.MODIFIERS g2:type="Integer">0</g2:sa.MODIFIERS></g2:Structure></g2:sa.KEY-CODE>
                          <g2:sa.CONSEQUENT-ACTION g2:type="Symbol">POPUP-MENU.-.-.</g2:sa.CONSEQUENT-ACTION>
                          <g2:sa.APPLICABLE-ITEMS>
                            <g2:Sequence>
                              <rdf:li g2:type="Symbol">GQSV-TABULAR-VIEW-MANAGER</rdf:li></g2:Sequence></g2:sa.APPLICABLE-ITEMS></g2:Structure></rdf:li>
                        <rdf:li>
                        <g2:Structure>
                          <g2:sa.OPERATION-TYPE g2:type="Symbol">CLICKING</g2:sa.OPERATION-TYPE>
                          <g2:sa.KEY-CODE>
                            <g2:Structure>
                              <g2:sa.MOUSE-BUTTON g2:type="Symbol">LEFT</g2:sa.MOUSE-BUTTON>
                              <g2:sa.MODIFIERS g2:type="Integer">8</g2:sa.MODIFIERS></g2:Structure></g2:sa.KEY-CODE>
                          <g2:sa.CONSEQUENT-ACTION g2:type="Symbol">_KEYSTROKE-HANDLER</g2:sa.CONSEQUENT-ACTION>
                          <g2:sa.APPLICABLE-ITEMS>
                            <g2:Sequence>
                              <rdf:li g2:type="Symbol">GQSV-TABULAR-VIEW-MANAGER</rdf:li></g2:Sequence></g2:sa.APPLICABLE-ITEMS></g2:Structure></rdf:li>
                        <rdf:li>
                        <g2:Structure>
                          <g2:sa.OPERATION-TYPE g2:type="Symbol">CLICKING</g2:sa.OPERATION-TYPE>
                          <g2:sa.KEY-CODE>
                            <g2:Structure>
                              <g2:sa.MOUSE-BUTTON g2:type="Symbol">RIGHT</g2:sa.MOUSE-BUTTON>
                              <g2:sa.MODIFIERS g2:type="Integer">0</g2:sa.MODIFIERS></g2:Structure></g2:sa.KEY-CODE>
                          <g2:sa.CONSEQUENT-ACTION g2:type="Symbol">POPUP-MENU.-.-.</g2:sa.CONSEQUENT-ACTION>
                          <g2:sa.APPLICABLE-ITEMS>
                            <g2:Sequence>
                              <rdf:li g2:type="Symbol">GQS-QUEUE-ACCESS-TABLE</rdf:li></g2:Sequence></g2:sa.APPLICABLE-ITEMS></g2:Structure></rdf:li>
                        <rdf:li>
                        <g2:Structure>
                          <g2:sa.OPERATION-TYPE g2:type="Symbol">CLICKING</g2:sa.OPERATION-TYPE>
                          <g2:sa.KEY-CODE>
                            <g2:Structure>
                              <g2:sa.MOUSE-BUTTON g2:type="Symbol">LEFT</g2:sa.MOUSE-BUTTON>
                              <g2:sa.MODIFIERS g2:type="Integer">8</g2:sa.MODIFIERS></g2:Structure></g2:sa.KEY-CODE>
                          <g2:sa.CONSEQUENT-ACTION g2:type="Symbol">_KEYSTROKE-HANDLER</g2:sa.CONSEQUENT-ACTION>
                          <g2:sa.APPLICABLE-ITEMS>
                            <g2:Sequence>
                              <rdf:li g2:type="Symbol">GQS-QUEUE-ACCESS-TABLE</rdf:li></g2:Sequence></g2:sa.APPLICABLE-ITEMS></g2:Structure></rdf:li>
                        <rdf:li>
                        <g2:Structure>
                          <g2:sa.OPERATION-TYPE g2:type="Symbol">CLICKING</g2:sa.OPERATION-TYPE>
                          <g2:sa.KEY-CODE>
                            <g2:Structure>
                              <g2:sa.MOUSE-BUTTON g2:type="Symbol">RIGHT</g2:sa.MOUSE-BUTTON>
                              <g2:sa.MODIFIERS g2:type="Integer">0</g2:sa.MODIFIERS></g2:Structure></g2:sa.KEY-CODE>
                          <g2:sa.CONSEQUENT-ACTION g2:type="Symbol">POPUP-MENU.-.-.</g2:sa.CONSEQUENT-ACTION>
                          <g2:sa.APPLICABLE-ITEMS>
                            <g2:Sequence>
                              <rdf:li g2:type="Symbol">GQSV-TABULAR-VIEW-TEMPLATE</rdf:li></g2:Sequence></g2:sa.APPLICABLE-ITEMS></g2:Structure></rdf:li>
                        <rdf:li>
                        <g2:Structure>
                          <g2:sa.OPERATION-TYPE g2:type="Symbol">CLICKING</g2:sa.OPERATION-TYPE>
                          <g2:sa.KEY-CODE>
                            <g2:Structure>
                              <g2:sa.MOUSE-BUTTON g2:type="Symbol">LEFT</g2:sa.MOUSE-BUTTON>
                              <g2:sa.MODIFIERS g2:type="Integer">8</g2:sa.MODIFIERS></g2:Structure></g2:sa.KEY-CODE>
                          <g2:sa.CONSEQUENT-ACTION g2:type="Symbol">_KEYSTROKE-HANDLER</g2:sa.CONSEQUENT-ACTION>
                          <g2:sa.APPLICABLE-ITEMS>
                            <g2:Sequence>
                              <rdf:li g2:type="Symbol">GQSV-TABULAR-VIEW-TEMPLATE</rdf:li></g2:Sequence></g2:sa.APPLICABLE-ITEMS></g2:Structure></rdf:li>
                        <rdf:li>
                        <g2:Structure>
                          <g2:sa.OPERATION-TYPE g2:type="Symbol">CLICKING</g2:sa.OPERATION-TYPE>
                          <g2:sa.KEY-CODE>
                            <g2:Structure>
                              <g2:sa.MOUSE-BUTTON g2:type="Symbol">RIGHT</g2:sa.MOUSE-BUTTON>
                              <g2:sa.MODIFIERS g2:type="Integer">0</g2:sa.MODIFIERS></g2:Structure></g2:sa.KEY-CODE>
                          <g2:sa.CONSEQUENT-ACTION g2:type="Symbol">POPUP-MENU.-.-.</g2:sa.CONSEQUENT-ACTION>
                          <g2:sa.APPLICABLE-ITEMS>
                            <g2:Sequence>
                              <rdf:li g2:type="Symbol">NETWORK-INTERFACE</rdf:li></g2:Sequence></g2:sa.APPLICABLE-ITEMS></g2:Structure></rdf:li>
                        <rdf:li>
                        <g2:Structure>
                          <g2:sa.OPERATION-TYPE g2:type="Symbol">CLICKING</g2:sa.OPERATION-TYPE>
                          <g2:sa.KEY-CODE>
                            <g2:Structure>
                              <g2:sa.MOUSE-BUTTON g2:type="Symbol">LEFT</g2:sa.MOUSE-BUTTON>
                              <g2:sa.MODIFIERS g2:type="Integer">8</g2:sa.MODIFIERS></g2:Structure></g2:sa.KEY-CODE>
                          <g2:sa.CONSEQUENT-ACTION g2:type="Symbol">_KEYSTROKE-HANDLER</g2:sa.CONSEQUENT-ACTION>
                          <g2:sa.APPLICABLE-ITEMS>
                            <g2:Sequence>
                              <rdf:li g2:type="Symbol">NETWORK-INTERFACE</rdf:li></g2:Sequence></g2:sa.APPLICABLE-ITEMS></g2:Structure></rdf:li>
                        <rdf:li>
                        <g2:Structure>
                          <g2:sa.OPERATION-TYPE g2:type="Symbol">CLICKING</g2:sa.OPERATION-TYPE>
                          <g2:sa.KEY-CODE>
                            <g2:Structure>
                              <g2:sa.MOUSE-BUTTON g2:type="Symbol">RIGHT</g2:sa.MOUSE-BUTTON>
                              <g2:sa.MODIFIERS g2:type="Integer">0</g2:sa.MODIFIERS></g2:Structure></g2:sa.KEY-CODE>
                          <g2:sa.CONSEQUENT-ACTION g2:type="Symbol">POPUP-MENU.-.-.</g2:sa.CONSEQUENT-ACTION>
                          <g2:sa.APPLICABLE-ITEMS>
                            <g2:Sequence>
                              <rdf:li g2:type="Symbol">GDSM-G2-HTTP-SERVER</rdf:li></g2:Sequence></g2:sa.APPLICABLE-ITEMS></g2:Structure></rdf:li>
                        <rdf:li>
                        <g2:Structure>
                          <g2:sa.OPERATION-TYPE g2:type="Symbol">CLICKING</g2:sa.OPERATION-TYPE>
                          <g2:sa.KEY-CODE>
                            <g2:Structure>
                              <g2:sa.MOUSE-BUTTON g2:type="Symbol">LEFT</g2:sa.MOUSE-BUTTON>
                              <g2:sa.MODIFIERS g2:type="Integer">8</g2:sa.MODIFIERS></g2:Structure></g2:sa.KEY-CODE>
                          <g2:sa.CONSEQUENT-ACTION g2:type="Symbol">_KEYSTROKE-HANDLER</g2:sa.CONSEQUENT-ACTION>
                          <g2:sa.APPLICABLE-ITEMS>
                            <g2:Sequence>
                              <rdf:li g2:type="Symbol">GDSM-G2-HTTP-SERVER</rdf:li></g2:Sequence></g2:sa.APPLICABLE-ITEMS></g2:Structure></rdf:li></g2:Sequence></g2:sa.STATEMENTS></g2:Structure></rdf:li></g2:Sequence></g2:sa.CLAUSES></g2:Structure></rdf:li>
            <rdf:li>
            <g2:Structure>
              <g2:sa.TYPE g2:type="Symbol">CONFIGURE-USER-INTERFACE</g2:sa.TYPE>
              <g2:sa.CLAUSES>
                <g2:Sequence>
                  <rdf:li>
                  <g2:Structure>
                    <g2:sa.APPLICABLE-USER-MODES>
                      <g2:Structure>
                        <g2:sa.NEGATIVE g2:type="TruthValue">false</g2:sa.NEGATIVE>
                        <g2:sa.MODES>
                          <g2:Sequence>
                            <rdf:li g2:type="Symbol">SYSTEM-ADMINISTRATOR</rdf:li>
                            <rdf:li g2:type="Symbol">DEVELOPER</rdf:li></g2:Sequence></g2:sa.MODES></g2:Structure></g2:sa.APPLICABLE-USER-MODES>
                    <g2:sa.STATEMENTS>
                      <g2:Sequence>
                        <rdf:li>
                        <g2:Structure>
                          <g2:sa.OPERATION-TYPE g2:type="Symbol">PRESSING</g2:sa.OPERATION-TYPE>
                          <g2:sa.KEY-CODE>
                            <g2:Structure>
                              <g2:sa.MOUSE-BUTTON g2:type="Symbol">RIGHT</g2:sa.MOUSE-BUTTON>
                              <g2:sa.MODIFIERS g2:type="Integer">4</g2:sa.MODIFIERS></g2:Structure></g2:sa.KEY-CODE>
                          <g2:sa.CONSEQUENT-ACTION g2:type="Symbol">SHOW-CLASS-DEFINITION</g2:sa.CONSEQUENT-ACTION></g2:Structure></rdf:li></g2:Sequence></g2:sa.STATEMENTS></g2:Structure></rdf:li>
                  <rdf:li>
                  <g2:Structure>
                    <g2:sa.APPLICABLE-USER-MODES>
                      <g2:Structure>
                        <g2:sa.NEGATIVE g2:type="TruthValue">false</g2:sa.NEGATIVE>
                        <g2:sa.MODES>
                          <g2:Sequence>
                            <rdf:li g2:type="Symbol">SYSTEM-ADMINISTRATOR</rdf:li>
                            <rdf:li g2:type="Symbol">DEVELOPER</rdf:li>
                            <rdf:li g2:type="Symbol">MODELER</rdf:li></g2:Sequence></g2:sa.MODES></g2:Structure></g2:sa.APPLICABLE-USER-MODES>
                    <g2:sa.STATEMENTS>
                      <g2:Sequence>
                        <rdf:li>
                        <g2:Structure>
                          <g2:sa.OPERATION-TYPE g2:type="Symbol">PRESSING</g2:sa.OPERATION-TYPE>
                          <g2:sa.KEY-CODE>
                            <g2:Structure>
                              <g2:sa.MOUSE-BUTTON g2:type="Symbol">RIGHT</g2:sa.MOUSE-BUTTON>
                              <g2:sa.MODIFIERS g2:type="Integer">2</g2:sa.MODIFIERS></g2:Structure></g2:sa.KEY-CODE>
                          <g2:sa.CONSEQUENT-ACTION g2:type="Symbol">GO-TO-SUBWORKSPACE</g2:sa.CONSEQUENT-ACTION>
                          <g2:sa.APPLICABLE-ITEMS>
                            <g2:Sequence>
                              <rdf:li g2:type="Symbol">OBJECT</rdf:li></g2:Sequence></g2:sa.APPLICABLE-ITEMS></g2:Structure></rdf:li>
                        <rdf:li>
                        <g2:Structure>
                          <g2:sa.OPERATION-TYPE g2:type="Symbol">PRESSING</g2:sa.OPERATION-TYPE>
                          <g2:sa.KEY-CODE>
                            <g2:Structure>
                              <g2:sa.MOUSE-BUTTON g2:type="Symbol">RIGHT</g2:sa.MOUSE-BUTTON>
                              <g2:sa.MODIFIERS g2:type="Integer">2</g2:sa.MODIFIERS></g2:Structure></g2:sa.KEY-CODE>
                          <g2:sa.CONSEQUENT-ACTION g2:type="Symbol">HIDE-WORKSPACE</g2:sa.CONSEQUENT-ACTION>
                          <g2:sa.APPLICABLE-ITEMS>
                            <g2:Sequence>
                              <rdf:li g2:type="Symbol">KB-WORKSPACE</rdf:li></g2:Sequence></g2:sa.APPLICABLE-ITEMS></g2:Structure></rdf:li>
                        <rdf:li>
                        <g2:Structure>
                          <g2:sa.OPERATION-TYPE g2:type="Symbol">PRESSING</g2:sa.OPERATION-TYPE>
                          <g2:sa.KEY-CODE>
                            <g2:Structure>
                              <g2:sa.MOUSE-BUTTON g2:type="Symbol">RIGHT</g2:sa.MOUSE-BUTTON>
                              <g2:sa.MODIFIERS g2:type="Integer">1</g2:sa.MODIFIERS></g2:Structure></g2:sa.KEY-CODE>
                          <g2:sa.CONSEQUENT-ACTION g2:type="Symbol">GO-TO-SUPERIOR</g2:sa.CONSEQUENT-ACTION>
                          <g2:sa.APPLICABLE-ITEMS>
                            <g2:Sequence>
                              <rdf:li g2:type="Symbol">KB-WORKSPACE</rdf:li></g2:Sequence></g2:sa.APPLICABLE-ITEMS></g2:Structure></rdf:li></g2:Sequence></g2:sa.STATEMENTS></g2:Structure></rdf:li>
                  <rdf:li>
                  <g2:Structure>
                    <g2:sa.APPLICABLE-USER-MODES>
                      <g2:Structure>
                        <g2:sa.NEGATIVE g2:type="TruthValue">true</g2:sa.NEGATIVE>
                        <g2:sa.MODES>
                          <g2:Sequence>
                            <rdf:li g2:type="Symbol">ADMINISTRATOR</rdf:li></g2:Sequence></g2:sa.MODES></g2:Structure></g2:sa.APPLICABLE-USER-MODES>
                    <g2:sa.STATEMENTS>
                      <g2:Sequence>
                        <rdf:li>
                        <g2:Structure>
                          <g2:sa.OPERATION-TYPE g2:type="Symbol">ATTRIBUTE-VISIBILITY</g2:sa.OPERATION-TYPE>
                          <g2:sa.ATTRIBUTES>
                            <g2:Sequence>
                              <rdf:li g2:type="Symbol">MAIN-MENU-USER-RESTRICTIONS</rdf:li>
                              <rdf:li g2:type="Symbol">KEYBOARD-COMMAND-RESTRICTIONS</rdf:li>
                              <rdf:li g2:type="Symbol">INITIAL-G2-USER-MODE-FOR-THIS-KB</rdf:li></g2:Sequence></g2:sa.ATTRIBUTES>
                          <g2:sa.RESTRICTION-TYPE g2:type="Symbol">EXCLUDE</g2:sa.RESTRICTION-TYPE>
                          <g2:sa.APPLICABLE-ITEMS>
                            <g2:Sequence>
                              <rdf:li g2:type="Symbol">KB-RESTRICTIONS</rdf:li></g2:Sequence></g2:sa.APPLICABLE-ITEMS></g2:Structure></rdf:li>
                        <rdf:li>
                        <g2:Structure>
                          <g2:sa.OPERATION-TYPE g2:type="Symbol">PRESSING</g2:sa.OPERATION-TYPE>
                          <g2:sa.KEY-CODE>
                            <g2:Structure>
                              <g2:sa.MOUSE-BUTTON g2:type="Symbol">LEFT</g2:sa.MOUSE-BUTTON>
                              <g2:sa.MODIFIERS g2:type="Integer">0</g2:sa.MODIFIERS></g2:Structure></g2:sa.KEY-CODE>
                          <g2:sa.CONSEQUENT-ACTION>
                            <g2:Structure>
                              <g2:sa.MOUSE-TRACKING-PROCEDURE-NAME g2:type="Symbol">GRTL-TRACK-MOUSE-OVER-MESSAGE</g2:sa.MOUSE-TRACKING-PROCEDURE-NAME>
                              <g2:sa.MOUSE-TRACKING-APPLICABLE-ITEMS>
                                <g2:Sequence>
                                  <rdf:li g2:type="Symbol">BPR-ANNOTATION</rdf:li></g2:Sequence></g2:sa.MOUSE-TRACKING-APPLICABLE-ITEMS>
                              <g2:sa.MOUSE-MOTION-TRACKING_qm g2:type="TruthValue">true</g2:sa.MOUSE-MOTION-TRACKING_qm></g2:Structure></g2:sa.CONSEQUENT-ACTION>
                          <g2:sa.APPLICABLE-ITEMS>
                            <g2:Sequence>
                              <rdf:li g2:type="Symbol">BPR-ANNOTATION</rdf:li></g2:Sequence></g2:sa.APPLICABLE-ITEMS></g2:Structure></rdf:li>
                        <rdf:li>
                        <g2:Structure>
                          <g2:sa.OPERATION-TYPE g2:type="Symbol">PRESSING</g2:sa.OPERATION-TYPE>
                          <g2:sa.KEY-CODE>
                            <g2:Structure>
                              <g2:sa.MOUSE-BUTTON g2:type="Symbol">RIGHT</g2:sa.MOUSE-BUTTON>
                              <g2:sa.MODIFIERS g2:type="Integer">0</g2:sa.MODIFIERS></g2:Structure></g2:sa.KEY-CODE>
                          <g2:sa.CONSEQUENT-ACTION>
                            <g2:Structure>
                              <g2:sa.MOUSE-TRACKING-PROCEDURE-NAME g2:type="Symbol">GRTL-TRACK-MOUSE-OVER-MESSAGE</g2:sa.MOUSE-TRACKING-PROCEDURE-NAME>
                              <g2:sa.MOUSE-TRACKING-APPLICABLE-ITEMS>
                                <g2:Sequence>
                                  <rdf:li g2:type="Symbol">_GXL-CELL</rdf:li></g2:Sequence></g2:sa.MOUSE-TRACKING-APPLICABLE-ITEMS>
                              <g2:sa.MOUSE-MOTION-TRACKING_qm g2:type="TruthValue">true</g2:sa.MOUSE-MOTION-TRACKING_qm></g2:Structure></g2:sa.CONSEQUENT-ACTION>
                          <g2:sa.APPLICABLE-ITEMS>
                            <g2:Sequence>
                              <rdf:li g2:type="Symbol">_GXL-CELL</rdf:li></g2:Sequence></g2:sa.APPLICABLE-ITEMS></g2:Structure></rdf:li>
                        <rdf:li>
                        <g2:Structure>
                          <g2:sa.OPERATION-TYPE g2:type="Symbol">PRESSING</g2:sa.OPERATION-TYPE>
                          <g2:sa.KEY-CODE>
                            <g2:Structure>
                              <g2:sa.MOUSE-BUTTON g2:type="Symbol">RIGHT</g2:sa.MOUSE-BUTTON>
                              <g2:sa.MODIFIERS g2:type="Integer">0</g2:sa.MODIFIERS></g2:Structure></g2:sa.KEY-CODE>
                          <g2:sa.CONSEQUENT-ACTION>
                            <g2:Structure>
                              <g2:sa.MOUSE-TRACKING-PROCEDURE-NAME g2:type="Symbol">GRTL-TRACK-MOUSE-OVER-MESSAGE</g2:sa.MOUSE-TRACKING-PROCEDURE-NAME>
                              <g2:sa.MOUSE-TRACKING-APPLICABLE-ITEMS>
                                <g2:Sequence>
                                  <rdf:li g2:type="Symbol">UIL-EDIT-BOX</rdf:li></g2:Sequence></g2:sa.MOUSE-TRACKING-APPLICABLE-ITEMS>
                              <g2:sa.MOUSE-MOTION-TRACKING_qm g2:type="TruthValue">true</g2:sa.MOUSE-MOTION-TRACKING_qm></g2:Structure></g2:sa.CONSEQUENT-ACTION>
                          <g2:sa.APPLICABLE-ITEMS>
                            <g2:Sequence>
                              <rdf:li g2:type="Symbol">UIL-EDIT-BOX</rdf:li></g2:Sequence></g2:sa.APPLICABLE-ITEMS></g2:Structure></rdf:li>
                        <rdf:li>
                        <g2:Structure>
                          <g2:sa.OPERATION-TYPE g2:type="Symbol">TYPING</g2:sa.OPERATION-TYPE>
                          <g2:sa.KEY-CODE>
                            <g2:Structure>
                              <g2:sa.KEYBOARD-SYMBOL g2:type="Symbol">MENU</g2:sa.KEYBOARD-SYMBOL>
                              <g2:sa.MODIFIERS g2:type="Integer">0</g2:sa.MODIFIERS></g2:Structure></g2:sa.KEY-CODE>
                          <g2:sa.CONSEQUENT-ACTION g2:type="Symbol">POPUP-MENU.-.-.</g2:sa.CONSEQUENT-ACTION></g2:Structure></rdf:li></g2:Sequence></g2:sa.STATEMENTS></g2:Structure></rdf:li></g2:Sequence></g2:sa.CLAUSES></g2:Structure></rdf:li></g2:Sequence></g2:a.ITEM-CONFIGURATION>
        <g2:a.MAIN-MENU-USER-RESTRICTIONS>
          <g2:Sequence>
            <rdf:li>
            <g2:Structure>
              <g2:sa.APPLICABLE-USER-MODES>
                <g2:Structure>
                  <g2:sa.NEGATIVE g2:type="TruthValue">true</g2:sa.NEGATIVE>
                  <g2:sa.MODES>
                    <g2:Sequence>
                      <rdf:li g2:type="Symbol">ADMINISTRATOR</rdf:li>
                      <rdf:li g2:type="Symbol">DEVELOPER</rdf:li>
                      <rdf:li g2:type="Symbol">MODELER</rdf:li></g2:Sequence></g2:sa.MODES></g2:Structure></g2:sa.APPLICABLE-USER-MODES>
              <g2:sa.STATEMENTS>
                <g2:Sequence>
                  <rdf:li>
                  <g2:Structure>
                    <g2:sa.RESTRICTION-TYPE g2:type="Symbol">EXCLUDE-ABSOLUTELY</g2:sa.RESTRICTION-TYPE>
                    <g2:sa.MENU-CHOICES>
                      <g2:Sequence>
                        <rdf:li g2:type="Symbol">CHANGE-MODE</rdf:li></g2:Sequence></g2:sa.MENU-CHOICES></g2:Structure></rdf:li></g2:Sequence></g2:sa.STATEMENTS></g2:Structure></rdf:li>
            <rdf:li>
            <g2:Structure>
              <g2:sa.APPLICABLE-USER-MODES>
                <g2:Structure>
                  <g2:sa.NEGATIVE g2:type="TruthValue">true</g2:sa.NEGATIVE>
                  <g2:sa.MODES>
                    <g2:Sequence>
                      <rdf:li g2:type="Symbol">ADMINISTRATOR</rdf:li></g2:Sequence></g2:sa.MODES></g2:Structure></g2:sa.APPLICABLE-USER-MODES>
              <g2:sa.STATEMENTS>
                <g2:Sequence>
                  <rdf:li>
                  <g2:Structure>
                    <g2:sa.RESTRICTION-TYPE g2:type="Symbol">EXCLUDE-ABSOLUTELY</g2:sa.RESTRICTION-TYPE>
                    <g2:sa.MENU-CHOICES>
                      <g2:Sequence>
                        <rdf:li g2:type="Symbol">SHUT-DOWN-G2</rdf:li>
                        <rdf:li g2:type="Symbol">LAUNCH-ONLINE-HELP</rdf:li></g2:Sequence></g2:sa.MENU-CHOICES></g2:Structure></rdf:li></g2:Sequence></g2:sa.STATEMENTS></g2:Structure></rdf:li>
            <rdf:li>
            <g2:Structure>
              <g2:sa.APPLICABLE-USER-MODES>
                <g2:Structure>
                  <g2:sa.NEGATIVE g2:type="TruthValue">false</g2:sa.NEGATIVE>
                  <g2:sa.MODES>
                    <g2:Sequence>
                      <rdf:li g2:type="Symbol">OPERATOR</rdf:li>
                      <rdf:li g2:type="Symbol">MODELER</rdf:li></g2:Sequence></g2:sa.MODES></g2:Structure></g2:sa.APPLICABLE-USER-MODES>
              <g2:sa.STATEMENTS>
                <g2:Sequence>
                  <rdf:li>
                  <g2:Structure>
                    <g2:sa.RESTRICTION-TYPE g2:type="Symbol">EXCLUDE-ABSOLUTELY</g2:sa.RESTRICTION-TYPE>
                    <g2:sa.MENU-CHOICES>
                      <g2:Sequence>
                        <rdf:li g2:type="Symbol">NEW-WORKSPACE</rdf:li>
                        <rdf:li g2:type="Symbol">GET-WORKSPACE</rdf:li>
                        <rdf:li g2:type="Symbol">INSPECT</rdf:li>
                        <rdf:li g2:type="Symbol">SYSTEM-TABLES</rdf:li>
                        <rdf:li g2:type="Symbol">RUN-OPTIONS</rdf:li>
                        <rdf:li g2:type="Symbol">CHANGE-MODE</rdf:li>
                        <rdf:li g2:type="Symbol">MISCELLANY</rdf:li>
                        <rdf:li g2:type="Symbol">PAUSE</rdf:li>
                        <rdf:li g2:type="Symbol">RESET</rdf:li>
                        <rdf:li g2:type="Symbol">START</rdf:li>
                        <rdf:li g2:type="Symbol">RESUME</rdf:li>
                        <rdf:li g2:type="Symbol">RESTART</rdf:li>
                        <rdf:li g2:type="Symbol">SAVE-KB</rdf:li></g2:Sequence></g2:sa.MENU-CHOICES></g2:Structure></rdf:li></g2:Sequence></g2:sa.STATEMENTS></g2:Structure></rdf:li></g2:Sequence></g2:a.MAIN-MENU-USER-RESTRICTIONS>
        <g2:a.KEYBOARD-COMMAND-RESTRICTIONS>
          <g2:Sequence>
            <rdf:li>
            <g2:Structure>
              <g2:sa.APPLICABLE-USER-MODES>
                <g2:Structure>
                  <g2:sa.NEGATIVE g2:type="TruthValue">true</g2:sa.NEGATIVE>
                  <g2:sa.MODES>
                    <g2:Sequence>
                      <rdf:li g2:type="Symbol">ADMINISTRATOR</rdf:li>
                      <rdf:li g2:type="Symbol">DEVELOPER</rdf:li></g2:Sequence></g2:sa.MODES></g2:Structure></g2:sa.APPLICABLE-USER-MODES>
              <g2:sa.STATEMENTS>
                <g2:Sequence>
                  <rdf:li>
                  <g2:Structure>
                    <g2:sa.RESTRICTION-TYPE g2:type="Symbol">EXCLUDE-ABSOLUTELY</g2:sa.RESTRICTION-TYPE>
                    <g2:sa.COMMAND-CHOICES>
                      <g2:Sequence>
                        <rdf:li g2:type="Symbol">PAUSE</rdf:li></g2:Sequence></g2:sa.COMMAND-CHOICES></g2:Structure></rdf:li></g2:Sequence></g2:sa.STATEMENTS></g2:Structure></rdf:li></g2:Sequence></g2:a.KEYBOARD-COMMAND-RESTRICTIONS>
        <g2:a.ICON-VARIABLES>
          <g2:Structure>
            <g2:sa.WIDTH g2:type="Integer">50</g2:sa.WIDTH>
            <g2:sa.HEIGHT g2:type="Integer">50</g2:sa.HEIGHT></g2:Structure></g2:a.ICON-VARIABLES></g2:c.KB-CONFIGURATION></rdf:li>
      <rdf:li>
      <g2:c.PRINTER-SETUP ID="ebd36ec84fde11dfb1b4001641761fb2">
        <g2:a.ICON-VARIABLES>
          <g2:Structure>
            <g2:sa.WIDTH g2:type="Integer">50</g2:sa.WIDTH>
            <g2:sa.HEIGHT g2:type="Integer">50</g2:sa.HEIGHT></g2:Structure></g2:a.ICON-VARIABLES></g2:c.PRINTER-SETUP></rdf:li>
      <rdf:li>
      <g2:c.MESSAGE-BOARD-PARAMETERS ID="ebd36ece4fde11dfb1b4001641761fb2">
        <g2:a.ICON-VARIABLES>
          <g2:Structure>
            <g2:sa.WIDTH g2:type="Integer">50</g2:sa.WIDTH>
            <g2:sa.HEIGHT g2:type="Integer">50</g2:sa.HEIGHT></g2:Structure></g2:a.ICON-VARIABLES></g2:c.MESSAGE-BOARD-PARAMETERS></rdf:li>
      <rdf:li>
      <g2:c.LOGBOOK-PARAMETERS ID="ebd36ecd4fde11dfb1b4001641761fb2">
        <g2:a.ICON-VARIABLES>
          <g2:Structure>
            <g2:sa.WIDTH g2:type="Integer">50</g2:sa.WIDTH>
            <g2:sa.HEIGHT g2:type="Integer">50</g2:sa.HEIGHT></g2:Structure></g2:a.ICON-VARIABLES></g2:c.LOGBOOK-PARAMETERS></rdf:li>
      <rdf:li>
      <g2:c.LOG-FILE-PARAMETERS ID="ebd36ecf4fde11dfb1b4001641761fb2">
        <g2:a.ICON-VARIABLES>
          <g2:Structure>
            <g2:sa.WIDTH g2:type="Integer">50</g2:sa.WIDTH>
            <g2:sa.HEIGHT g2:type="Integer">50</g2:sa.HEIGHT></g2:Structure></g2:a.ICON-VARIABLES></g2:c.LOG-FILE-PARAMETERS></rdf:li>
      <rdf:li>
      <g2:c.COLOR-PARAMETERS ID="ebd36ed14fde11dfb1b4001641761fb2">
        <g2:a.ICON-VARIABLES>
          <g2:Structure>
            <g2:sa.WIDTH g2:type="Integer">50</g2:sa.WIDTH>
            <g2:sa.HEIGHT g2:type="Integer">50</g2:sa.HEIGHT></g2:Structure></g2:a.ICON-VARIABLES></g2:c.COLOR-PARAMETERS></rdf:li>
      <rdf:li>
      <g2:c.LANGUAGE-PARAMETERS ID="ebd36eca4fde11dfb1b4001641761fb2">
        <g2:a.ICON-VARIABLES>
          <g2:Structure>
            <g2:sa.WIDTH g2:type="Integer">50</g2:sa.WIDTH>
            <g2:sa.HEIGHT g2:type="Integer">50</g2:sa.HEIGHT></g2:Structure></g2:a.ICON-VARIABLES></g2:c.LANGUAGE-PARAMETERS></rdf:li>
      <rdf:li>
      <g2:c.FONTS ID="ebd36ec94fde11dfb1b4001641761fb2">
        <g2:a.ICON-VARIABLES>
          <g2:Structure>
            <g2:sa.WIDTH g2:type="Integer">50</g2:sa.WIDTH>
            <g2:sa.HEIGHT g2:type="Integer">50</g2:sa.HEIGHT></g2:Structure></g2:a.ICON-VARIABLES></g2:c.FONTS></rdf:li>
      <rdf:li>
      <g2:c.EDITOR-PARAMETERS ID="ebd36ed24fde11dfb1b4001641761fb2">
        <g2:a.ICON-VARIABLES>
          <g2:Structure>
            <g2:sa.WIDTH g2:type="Integer">50</g2:sa.WIDTH>
            <g2:sa.HEIGHT g2:type="Integer">50</g2:sa.HEIGHT></g2:Structure></g2:a.ICON-VARIABLES></g2:c.EDITOR-PARAMETERS></rdf:li>
      <rdf:li>
      <g2:c.MENU-PARAMETERS ID="ebd36ed04fde11dfb1b4001641761fb2">
        <g2:a.AUTOMATICALLY-SHOW-DEVELOPER-MENU-BAR>
          <g2:Structure>
            <g2:sa.EVENTS>
              <g2:Sequence>
                <rdf:li g2:type="Symbol">PAUSE</rdf:li>
                <rdf:li g2:type="Symbol">RESET</rdf:li></g2:Sequence></g2:sa.EVENTS>
            <g2:sa.MODES>
              <g2:Sequence>
                <rdf:li g2:type="Symbol">DEVELOPER</rdf:li>
                <rdf:li g2:type="Symbol">ADMINISTRATOR</rdf:li></g2:Sequence></g2:sa.MODES></g2:Structure></g2:a.AUTOMATICALLY-SHOW-DEVELOPER-MENU-BAR>
        <g2:a.ICON-VARIABLES>
          <g2:Structure>
            <g2:sa.WIDTH g2:type="Integer">50</g2:sa.WIDTH>
            <g2:sa.HEIGHT g2:type="Integer">50</g2:sa.HEIGHT></g2:Structure></g2:a.ICON-VARIABLES></g2:c.MENU-PARAMETERS></rdf:li>
      <rdf:li>
      <g2:c.MISCELLANEOUS-PARAMETERS ID="ebd36ed84fde11dfb1b4001641761fb2">
        <g2:a.START-KB-AFTER-LOAD_qm g2:type="TruthValue">true</g2:a.START-KB-AFTER-LOAD_qm>
        <g2:a.BACKWARD-COMPATIBILITY-FEATURES>
          <g2:Sequence>
            <rdf:li g2:type="Symbol">PRINT-MEANS-PRINT-TO-SERVER-IN-CONFIGURATIONS</rdf:li>
            <rdf:li g2:type="Symbol">INCONSISTENT-BEHAVIOR-OF-MOVE-IN-CONFIGURATIONS</rdf:li>
            <rdf:li g2:type="Symbol">EXTRA-VERTICES-IN-G2-GET-CONNECTION-VERTICES</rdf:li></g2:Sequence></g2:a.BACKWARD-COMPATIBILITY-FEATURES>
        <g2:a.SHOW-UUIDS-IN-ATTRIBUTE-TABLES g2:type="TruthValue">true</g2:a.SHOW-UUIDS-IN-ATTRIBUTE-TABLES>
        <g2:a.CONNECTION-CACHING-ENABLED_qm g2:type="TruthValue">true</g2:a.CONNECTION-CACHING-ENABLED_qm>
        <g2:a.ICON-VARIABLES>
          <g2:Structure>
            <g2:sa.WIDTH g2:type="Integer">50</g2:sa.WIDTH>
            <g2:sa.HEIGHT g2:type="Integer">50</g2:sa.HEIGHT></g2:Structure></g2:a.ICON-VARIABLES></g2:c.MISCELLANEOUS-PARAMETERS></rdf:li>
      <rdf:li>
      <g2:c.DRAWING-PARAMETERS ID="ebd36ecc4fde11dfb1b4001641761fb2">
        <g2:a.ICON-VARIABLES>
          <g2:Structure>
            <g2:sa.WIDTH g2:type="Integer">50</g2:sa.WIDTH>
            <g2:sa.HEIGHT g2:type="Integer">50</g2:sa.HEIGHT></g2:Structure></g2:a.ICON-VARIABLES></g2:c.DRAWING-PARAMETERS></rdf:li>
      <rdf:li>
      <g2:c.SAVING-PARAMETERS ID="ebd36ed34fde11dfb1b4001641761fb2">
        <g2:a.ENABLE-KB-CHANGE-LOGGING g2:type="TruthValue">true</g2:a.ENABLE-KB-CHANGE-LOGGING>
        <g2:a.ICON-VARIABLES>
          <g2:Structure>
            <g2:sa.WIDTH g2:type="Integer">50</g2:sa.WIDTH>
            <g2:sa.HEIGHT g2:type="Integer">50</g2:sa.HEIGHT></g2:Structure></g2:a.ICON-VARIABLES></g2:c.SAVING-PARAMETERS></rdf:li>
      <rdf:li>
      <g2:c.VERSION-CONTROL-PARAMETERS ID="ebd36ed64fde11dfb1b4001641761fb2">
        <g2:a.ENABLE-KB-CHANGE-LOGGING g2:type="TruthValue">true</g2:a.ENABLE-KB-CHANGE-LOGGING>
        <g2:a.ICON-VARIABLES>
          <g2:Structure>
            <g2:sa.WIDTH g2:type="Integer">50</g2:sa.WIDTH>
            <g2:sa.HEIGHT g2:type="Integer">50</g2:sa.HEIGHT></g2:Structure></g2:a.ICON-VARIABLES></g2:c.VERSION-CONTROL-PARAMETERS></rdf:li></g2:Sequence></g2:systemtables>
  <g2:externaldefinitions>
    <g2:Sequence>
      <rdf:li>
      <g2:c.CLASS-DEFINITION>
        <g2:a.AUTHORS>
          <g2:Structure>
            <g2:sa.AUTHORS>
              <g2:Sequence>
                <rdf:li g2:type="Symbol">MAK</rdf:li></g2:Sequence></g2:sa.AUTHORS>
            <g2:sa.TIMESTAMP>
              <g2:Structure>
                <g2:sa.YEAR g2:type="Integer">1997</g2:sa.YEAR>
                <g2:sa.MONTH g2:type="Integer">6</g2:sa.MONTH>
                <g2:sa.DATE g2:type="Integer">3</g2:sa.DATE>
                <g2:sa.HOURS g2:type="Integer">22</g2:sa.HOURS>
                <g2:sa.MINUTES g2:type="Integer">11</g2:sa.MINUTES></g2:Structure></g2:sa.TIMESTAMP></g2:Structure></g2:a.AUTHORS>
        <g2:a.CLASS-NAME g2:type="Symbol">GFR-PERMANENT-INTEGER-LIST</g2:a.CLASS-NAME>
        <g2:a.DIRECT-SUPERIOR-CLASSES>
          <g2:Sequence>
            <rdf:li g2:type="Symbol">INTEGER-LIST</rdf:li></g2:Sequence></g2:a.DIRECT-SUPERIOR-CLASSES>
        <g2:a.INCLUDE-IN-MENUS g2:type="TruthValue">false</g2:a.INCLUDE-IN-MENUS>
        <g2:a.ATTRIBUTE-INITIALIZATIONS>
          <g2:Sequence>
            <rdf:li>
            <g2:Structure>
              <g2:sa.SYSTEM-ATTRIBUTE-DESIGNATION g2:type="Symbol">LIST-IS-PERMANENT</g2:sa.SYSTEM-ATTRIBUTE-DESIGNATION>
              <g2:sa.INITIALIZATION g2:type="TruthValue">true</g2:sa.INITIALIZATION></g2:Structure></rdf:li></g2:Sequence></g2:a.ATTRIBUTE-INITIALIZATIONS></g2:c.CLASS-DEFINITION></rdf:li>
      <rdf:li>
      <g2:c.CLASS-DEFINITION>
        <g2:a.AUTHORS>
          <g2:Structure>
            <g2:sa.AUTHORS>
              <g2:Sequence>
                <rdf:li g2:type="Symbol">MAK</rdf:li></g2:Sequence></g2:sa.AUTHORS>
            <g2:sa.TIMESTAMP>
              <g2:Structure>
                <g2:sa.YEAR g2:type="Integer">1997</g2:sa.YEAR>
                <g2:sa.MONTH g2:type="Integer">6</g2:sa.MONTH>
                <g2:sa.DATE g2:type="Integer">3</g2:sa.DATE>
                <g2:sa.HOURS g2:type="Integer">22</g2:sa.HOURS>
                <g2:sa.MINUTES g2:type="Integer">11</g2:sa.MINUTES></g2:Structure></g2:sa.TIMESTAMP></g2:Structure></g2:a.AUTHORS>
        <g2:a.CLASS-NAME g2:type="Symbol">GFR-PERMANENT-TEXT-LIST</g2:a.CLASS-NAME>
        <g2:a.DIRECT-SUPERIOR-CLASSES>
          <g2:Sequence>
            <rdf:li g2:type="Symbol">TEXT-LIST</rdf:li></g2:Sequence></g2:a.DIRECT-SUPERIOR-CLASSES>
        <g2:a.INCLUDE-IN-MENUS g2:type="TruthValue">false</g2:a.INCLUDE-IN-MENUS>
        <g2:a.ATTRIBUTE-INITIALIZATIONS>
          <g2:Sequence>
            <rdf:li>
            <g2:Structure>
              <g2:sa.SYSTEM-ATTRIBUTE-DESIGNATION g2:type="Symbol">LIST-IS-PERMANENT</g2:sa.SYSTEM-ATTRIBUTE-DESIGNATION>
              <g2:sa.INITIALIZATION g2:type="TruthValue">true</g2:sa.INITIALIZATION></g2:Structure></rdf:li></g2:Sequence></g2:a.ATTRIBUTE-INITIALIZATIONS></g2:c.CLASS-DEFINITION></rdf:li>
      <rdf:li>
      <g2:c.CLASS-DEFINITION>
        <g2:a.AUTHORS>
          <g2:Structure>
            <g2:sa.AUTHORS>
              <g2:Sequence>
                <rdf:li g2:type="Symbol">MAK</rdf:li></g2:Sequence></g2:sa.AUTHORS>
            <g2:sa.TIMESTAMP>
              <g2:Structure>
                <g2:sa.YEAR g2:type="Integer">1997</g2:sa.YEAR>
                <g2:sa.MONTH g2:type="Integer">6</g2:sa.MONTH>
                <g2:sa.DATE g2:type="Integer">3</g2:sa.DATE>
                <g2:sa.HOURS g2:type="Integer">22</g2:sa.HOURS>
                <g2:sa.MINUTES g2:type="Integer">11</g2:sa.MINUTES></g2:Structure></g2:sa.TIMESTAMP></g2:Structure></g2:a.AUTHORS>
        <g2:a.CLASS-NAME g2:type="Symbol">GFR-PERMANENT-SYMBOL-LIST</g2:a.CLASS-NAME>
        <g2:a.DIRECT-SUPERIOR-CLASSES>
          <g2:Sequence>
            <rdf:li g2:type="Symbol">SYMBOL-LIST</rdf:li></g2:Sequence></g2:a.DIRECT-SUPERIOR-CLASSES>
        <g2:a.INCLUDE-IN-MENUS g2:type="TruthValue">false</g2:a.INCLUDE-IN-MENUS>
        <g2:a.ATTRIBUTE-INITIALIZATIONS>
          <g2:Sequence>
            <rdf:li>
            <g2:Structure>
              <g2:sa.SYSTEM-ATTRIBUTE-DESIGNATION g2:type="Symbol">LIST-IS-PERMANENT</g2:sa.SYSTEM-ATTRIBUTE-DESIGNATION>
              <g2:sa.INITIALIZATION g2:type="TruthValue">true</g2:sa.INITIALIZATION></g2:Structure></rdf:li></g2:Sequence></g2:a.ATTRIBUTE-INITIALIZATIONS></g2:c.CLASS-DEFINITION></rdf:li>
      <rdf:li>
      <g2:c.OBJECT-DEFINITION>
        <g2:a.AUTHORS>
          <g2:Structure>
            <g2:sa.AUTHORS>
              <g2:Sequence>
                <rdf:li g2:type="Symbol">MSN</rdf:li>
                <rdf:li g2:type="Symbol">MAK</rdf:li></g2:Sequence></g2:sa.AUTHORS>
            <g2:sa.TIMESTAMP>
              <g2:Structure>
                <g2:sa.YEAR g2:type="Integer">2002</g2:sa.YEAR>
                <g2:sa.MONTH g2:type="Integer">5</g2:sa.MONTH>
                <g2:sa.DATE g2:type="Integer">23</g2:sa.DATE>
                <g2:sa.HOURS g2:type="Integer">11</g2:sa.HOURS>
                <g2:sa.MINUTES g2:type="Integer">24</g2:sa.MINUTES></g2:Structure></g2:sa.TIMESTAMP></g2:Structure></g2:a.AUTHORS>
        <g2:a.CLASS-NAME g2:type="Symbol">GFR-VERSION-INFORMATION-OBJECT</g2:a.CLASS-NAME>
        <g2:a.DIRECT-SUPERIOR-CLASSES>
          <g2:Sequence>
            <rdf:li g2:type="Symbol">OBJECT</rdf:li></g2:Sequence></g2:a.DIRECT-SUPERIOR-CLASSES>
        <g2:a.CLASS-SPECIFIC-ATTRIBUTES>
          <g2:Sequence>
            <rdf:li>
            <g2:Structure>
              <g2:sa.ATTRIBUTE-NAME g2:type="Symbol">GFR-MODULE-NAME</g2:sa.ATTRIBUTE-NAME>
              <g2:sa.ATTRIBUTE-TYPE-SPECIFICATION g2:type="Symbol">SYMBOL</g2:sa.ATTRIBUTE-TYPE-SPECIFICATION>
              <g2:sa.ATTRIBUTE-INITIAL-VALUE g2:type="Symbol">UNSPECIFIED</g2:sa.ATTRIBUTE-INITIAL-VALUE>
              <g2:sa.ATTRIBUTE-IS-INDEXED g2:type="TruthValue">true</g2:sa.ATTRIBUTE-IS-INDEXED></g2:Structure></rdf:li>
            <rdf:li>
            <g2:Structure>
              <g2:sa.ATTRIBUTE-NAME g2:type="Symbol">GFR-PACKAGE-NAME</g2:sa.ATTRIBUTE-NAME>
              <g2:sa.ATTRIBUTE-TYPE-SPECIFICATION g2:type="Symbol">TEXT</g2:sa.ATTRIBUTE-TYPE-SPECIFICATION>
              <g2:sa.ATTRIBUTE-INITIAL-VALUE g2:type="Text"></g2:sa.ATTRIBUTE-INITIAL-VALUE>
              <g2:sa.ATTRIBUTE-IS-INDEXED g2:type="TruthValue">true</g2:sa.ATTRIBUTE-IS-INDEXED></g2:Structure></rdf:li>
            <rdf:li>
            <g2:Structure>
              <g2:sa.ATTRIBUTE-NAME g2:type="Symbol">GFR-VERSION-DESCRIPTION</g2:sa.ATTRIBUTE-NAME>
              <g2:sa.ATTRIBUTE-TYPE-SPECIFICATION g2:type="Symbol">TEXT</g2:sa.ATTRIBUTE-TYPE-SPECIFICATION>
              <g2:sa.ATTRIBUTE-INITIAL-VALUE g2:type="Text"></g2:sa.ATTRIBUTE-INITIAL-VALUE></g2:Structure></rdf:li>
            <rdf:li>
            <g2:Structure>
              <g2:sa.ATTRIBUTE-NAME g2:type="Symbol">GFR-MINIMUM-G2-VERSION</g2:sa.ATTRIBUTE-NAME>
              <g2:sa.ATTRIBUTE-TYPE-SPECIFICATION g2:type="Symbol">TEXT</g2:sa.ATTRIBUTE-TYPE-SPECIFICATION>
              <g2:sa.ATTRIBUTE-INITIAL-VALUE g2:type="Text"></g2:sa.ATTRIBUTE-INITIAL-VALUE></g2:Structure></rdf:li>
            <rdf:li>
            <g2:Structure>
              <g2:sa.ATTRIBUTE-NAME g2:type="Symbol">GFR-VERSION-NUMBER</g2:sa.ATTRIBUTE-NAME>
              <g2:sa.ATTRIBUTE-TYPE-SPECIFICATION g2:type="Symbol">QUANTITY</g2:sa.ATTRIBUTE-TYPE-SPECIFICATION>
              <g2:sa.ATTRIBUTE-INITIAL-VALUE g2:type="Integer">0</g2:sa.ATTRIBUTE-INITIAL-VALUE></g2:Structure></rdf:li>
            <rdf:li>
            <g2:Structure>
              <g2:sa.ATTRIBUTE-NAME g2:type="Symbol">GFR-OLDEST-COMPATIBLE-VERSION</g2:sa.ATTRIBUTE-NAME>
              <g2:sa.ATTRIBUTE-TYPE-SPECIFICATION g2:type="Symbol">QUANTITY</g2:sa.ATTRIBUTE-TYPE-SPECIFICATION>
              <g2:sa.ATTRIBUTE-INITIAL-VALUE g2:type="Integer">0</g2:sa.ATTRIBUTE-INITIAL-VALUE></g2:Structure></rdf:li>
            <rdf:li>
            <g2:Structure>
              <g2:sa.ATTRIBUTE-NAME g2:type="Symbol">GFR-UPGRADE-PROCEDURE</g2:sa.ATTRIBUTE-NAME>
              <g2:sa.ATTRIBUTE-TYPE-SPECIFICATION g2:type="Symbol">SYMBOL</g2:sa.ATTRIBUTE-TYPE-SPECIFICATION>
              <g2:sa.ATTRIBUTE-INITIAL-VALUE g2:type="Symbol">UNSPECIFIED</g2:sa.ATTRIBUTE-INITIAL-VALUE></g2:Structure></rdf:li>
            <rdf:li>
            <g2:Structure>
              <g2:sa.ATTRIBUTE-NAME g2:type="Symbol">GFR-COPYRIGHT-INFORMATION</g2:sa.ATTRIBUTE-NAME>
              <g2:sa.ATTRIBUTE-TYPE-SPECIFICATION g2:type="Symbol">TEXT</g2:sa.ATTRIBUTE-TYPE-SPECIFICATION>
              <g2:sa.ATTRIBUTE-INITIAL-VALUE g2:type="Text"></g2:sa.ATTRIBUTE-INITIAL-VALUE></g2:Structure></rdf:li>
            <rdf:li>
            <g2:Structure>
              <g2:sa.ATTRIBUTE-NAME g2:type="Symbol">GFR-BUILD-INFORMATION</g2:sa.ATTRIBUTE-NAME>
              <g2:sa.ATTRIBUTE-TYPE-SPECIFICATION g2:type="Symbol">TEXT</g2:sa.ATTRIBUTE-TYPE-SPECIFICATION>
              <g2:sa.ATTRIBUTE-INITIAL-VALUE g2:type="Text"></g2:sa.ATTRIBUTE-INITIAL-VALUE></g2:Structure></rdf:li>
            <rdf:li>
            <g2:Structure>
              <g2:sa.ATTRIBUTE-NAME g2:type="Symbol">_GFR-SUPPORTING-MODULES</g2:sa.ATTRIBUTE-NAME>
              <g2:sa.ATTRIBUTE-TYPE-SPECIFICATION g2:type="Symbol">GFR-PERMANENT-SYMBOL-LIST</g2:sa.ATTRIBUTE-TYPE-SPECIFICATION>
              <g2:sa.ATTRIBUTE-INITIAL-ITEM-CLASS g2:type="Symbol">GFR-PERMANENT-SYMBOL-LIST</g2:sa.ATTRIBUTE-INITIAL-ITEM-CLASS></g2:Structure></rdf:li>
            <rdf:li>
            <g2:Structure>
              <g2:sa.ATTRIBUTE-NAME g2:type="Symbol">_GFR-SUPPORTING-MODULE-VERSION-STRINGS</g2:sa.ATTRIBUTE-NAME>
              <g2:sa.ATTRIBUTE-TYPE-SPECIFICATION g2:type="Symbol">GFR-PERMANENT-TEXT-LIST</g2:sa.ATTRIBUTE-TYPE-SPECIFICATION>
              <g2:sa.ATTRIBUTE-INITIAL-ITEM-CLASS g2:type="Symbol">GFR-PERMANENT-TEXT-LIST</g2:sa.ATTRIBUTE-INITIAL-ITEM-CLASS></g2:Structure></rdf:li>
            <rdf:li>
            <g2:Structure>
              <g2:sa.ATTRIBUTE-NAME g2:type="Symbol">_GFR-SUPPORTING-MODULE-VERSION-NUMBERS</g2:sa.ATTRIBUTE-NAME>
              <g2:sa.ATTRIBUTE-TYPE-SPECIFICATION g2:type="Symbol">GFR-PERMANENT-INTEGER-LIST</g2:sa.ATTRIBUTE-TYPE-SPECIFICATION>
              <g2:sa.ATTRIBUTE-INITIAL-ITEM-CLASS g2:type="Symbol">GFR-PERMANENT-INTEGER-LIST</g2:sa.ATTRIBUTE-INITIAL-ITEM-CLASS></g2:Structure></rdf:li>
            <rdf:li>
            <g2:Structure>
              <g2:sa.ATTRIBUTE-NAME g2:type="Symbol">_GFR-SUPPORTING-MODULE-COMPATIBLE-VERSION-NUMBERS</g2:sa.ATTRIBUTE-NAME>
              <g2:sa.ATTRIBUTE-TYPE-SPECIFICATION g2:type="Symbol">GFR-PERMANENT-INTEGER-LIST</g2:sa.ATTRIBUTE-TYPE-SPECIFICATION>
              <g2:sa.ATTRIBUTE-INITIAL-ITEM-CLASS g2:type="Symbol">GFR-PERMANENT-INTEGER-LIST</g2:sa.ATTRIBUTE-INITIAL-ITEM-CLASS></g2:Structure></rdf:li>
            <rdf:li>
            <g2:Structure>
              <g2:sa.ATTRIBUTE-NAME g2:type="Symbol">_GFR-UPGRADED-AND-NEEDS-SAVING</g2:sa.ATTRIBUTE-NAME>
              <g2:sa.ATTRIBUTE-TYPE-SPECIFICATION g2:type="Symbol">TRUTH-VALUE</g2:sa.ATTRIBUTE-TYPE-SPECIFICATION>
              <g2:sa.ATTRIBUTE-INITIAL-VALUE g2:type="TruthValue">false</g2:sa.ATTRIBUTE-INITIAL-VALUE></g2:Structure></rdf:li>
            <rdf:li>
            <g2:Structure>
              <g2:sa.ATTRIBUTE-NAME g2:type="Symbol">_GFR-USER-HAS-ALLOWED-UPGRADE</g2:sa.ATTRIBUTE-NAME>
              <g2:sa.ATTRIBUTE-TYPE-SPECIFICATION g2:type="Symbol">TRUTH-VALUE</g2:sa.ATTRIBUTE-TYPE-SPECIFICATION>
              <g2:sa.ATTRIBUTE-INITIAL-VALUE g2:type="TruthValue">false</g2:sa.ATTRIBUTE-INITIAL-VALUE></g2:Structure></rdf:li></g2:Sequence></g2:a.CLASS-SPECIFIC-ATTRIBUTES>
        <g2:a.INSTANCE-CONFIGURATION>
          <g2:Sequence>
            <rdf:li>
            <g2:Structure>
              <g2:sa.TYPE g2:type="Symbol">RESTRICT-PROPRIETARY-ITEMS</g2:sa.TYPE>
              <g2:sa.CLAUSES>
                <g2:Sequence>
                  <rdf:li>
                  <g2:Structure>
                    <g2:sa.OPERATION-TYPE g2:type="Symbol">ITEM-MENU</g2:sa.OPERATION-TYPE>
                    <g2:sa.RESTRICTION-TYPE g2:type="Symbol">EXCLUDE-ADDITIONALLY</g2:sa.RESTRICTION-TYPE>
                    <g2:sa.MENU-CHOICES>
                      <g2:Sequence>
                        <rdf:li g2:type="Symbol">TABLE-OF-HIDDEN-ATTRIBUTES</rdf:li></g2:Sequence></g2:sa.MENU-CHOICES>
                    <g2:sa.APPLICABLE-ITEMS>
                      <g2:Sequence>
                        <rdf:li g2:type="Symbol">GFR-VERSION-INFORMATION-OBJECT</rdf:li></g2:Sequence></g2:sa.APPLICABLE-ITEMS></g2:Structure></rdf:li>
                  <rdf:li>
                  <g2:Structure>
                    <g2:sa.OPERATION-TYPE g2:type="Symbol">ATTRIBUTE-VISIBILITY</g2:sa.OPERATION-TYPE>
                    <g2:sa.ATTRIBUTES>
                      <g2:Sequence>
                        <rdf:li g2:type="Symbol">_GFR-SUPPORTING-MODULES</rdf:li>
                        <rdf:li g2:type="Symbol">_GFR-SUPPORTING-MODULE-VERSION-STRINGS</rdf:li>
                        <rdf:li g2:type="Symbol">_GFR-SUPPORTING-MODULE-VERSION-NUMBERS</rdf:li>
                        <rdf:li g2:type="Symbol">_GFR-SUPPORTING-MODULE-COMPATIBLE-VERSION-NUMBERS</rdf:li>
                        <rdf:li g2:type="Symbol">GFR-UUID</rdf:li>
                        <rdf:li g2:type="Symbol">ITEM-CONFIGURATION</rdf:li>
                        <rdf:li g2:type="Symbol">_GFR-UPGRADED-AND-NEEDS-SAVING</rdf:li>
                        <rdf:li g2:type="Symbol">_GFR-USER-HAS-ALLOWED-UPGRADE</rdf:li></g2:Sequence></g2:sa.ATTRIBUTES>
                    <g2:sa.RESTRICTION-TYPE g2:type="Symbol">EXCLUDE-ADDITIONALLY</g2:sa.RESTRICTION-TYPE>
                    <g2:sa.APPLICABLE-ITEMS>
                      <g2:Sequence>
                        <rdf:li g2:type="Symbol">GFR-VERSION-INFORMATION-OBJECT</rdf:li></g2:Sequence></g2:sa.APPLICABLE-ITEMS></g2:Structure></rdf:li></g2:Sequence></g2:sa.CLAUSES></g2:Structure></rdf:li>
            <rdf:li>
            <g2:Structure>
              <g2:sa.TYPE g2:type="Symbol">CONFIGURE-USER-INTERFACE</g2:sa.TYPE>
              <g2:sa.CLAUSES>
                <g2:Sequence>
                  <rdf:li>
                  <g2:Structure>
                    <g2:sa.APPLICABLE-USER-MODES>
                      <g2:Structure>
                        <g2:sa.NEGATIVE g2:type="TruthValue">true</g2:sa.NEGATIVE>
                        <g2:sa.MODES>
                          <g2:Sequence>
                            <rdf:li g2:type="Symbol">ADMINISTRATOR</rdf:li></g2:Sequence></g2:sa.MODES></g2:Structure></g2:sa.APPLICABLE-USER-MODES>
                    <g2:sa.STATEMENTS>
                      <g2:Sequence>
                        <rdf:li>
                        <g2:Structure>
                          <g2:sa.OPERATION-TYPE g2:type="Symbol">ITEM-MENU</g2:sa.OPERATION-TYPE>
                          <g2:sa.RESTRICTION-TYPE g2:type="Symbol">EXCLUDE-ADDITIONALLY</g2:sa.RESTRICTION-TYPE>
                          <g2:sa.MENU-CHOICES>
                            <g2:Sequence>
                              <rdf:li g2:type="Symbol">TABLE-OF-HIDDEN-ATTRIBUTES</rdf:li></g2:Sequence></g2:sa.MENU-CHOICES>
                          <g2:sa.APPLICABLE-ITEMS>
                            <g2:Sequence>
                              <rdf:li g2:type="Symbol">GFR-VERSION-INFORMATION-OBJECT</rdf:li></g2:Sequence></g2:sa.APPLICABLE-ITEMS></g2:Structure></rdf:li>
                        <rdf:li>
                        <g2:Structure>
                          <g2:sa.OPERATION-TYPE g2:type="Symbol">ATTRIBUTE-VISIBILITY</g2:sa.OPERATION-TYPE>
                          <g2:sa.ATTRIBUTES>
                            <g2:Sequence>
                              <rdf:li g2:type="Symbol">_GFR-SUPPORTING-MODULES</rdf:li>
                              <rdf:li g2:type="Symbol">_GFR-SUPPORTING-MODULE-VERSION-STRINGS</rdf:li>
                              <rdf:li g2:type="Symbol">_GFR-SUPPORTING-MODULE-VERSION-NUMBERS</rdf:li>
                              <rdf:li g2:type="Symbol">_GFR-SUPPORTING-MODULE-COMPATIBLE-VERSION-NUMBERS</rdf:li>
                              <rdf:li g2:type="Symbol">GFR-VERSION-NUMBER</rdf:li>
                              <rdf:li g2:type="Symbol">GFR-OLDEST-COMPATIBLE-VERSION</rdf:li>
                              <rdf:li g2:type="Symbol">GFR-BUILD-INFORMATION</rdf:li>
                              <rdf:li g2:type="Symbol">GFR-UPGRADE-PROCEDURE</rdf:li>
                              <rdf:li g2:type="Symbol">GFR-UUID</rdf:li>
                              <rdf:li g2:type="Symbol">ITEM-CONFIGURATION</rdf:li>
                              <rdf:li g2:type="Symbol">_GFR-UPGRADED-AND-NEEDS-SAVING</rdf:li>
                              <rdf:li g2:type="Symbol">_GFR-USER-HAS-ALLOWED-UPGRADE</rdf:li></g2:Sequence></g2:sa.ATTRIBUTES>
                          <g2:sa.RESTRICTION-TYPE g2:type="Symbol">EXCLUDE-ADDITIONALLY</g2:sa.RESTRICTION-TYPE>
                          <g2:sa.APPLICABLE-ITEMS>
                            <g2:Sequence>
                              <rdf:li g2:type="Symbol">GFR-VERSION-INFORMATION-OBJECT</rdf:li></g2:Sequence></g2:sa.APPLICABLE-ITEMS></g2:Structure></rdf:li></g2:Sequence></g2:sa.STATEMENTS></g2:Structure></rdf:li></g2:Sequence></g2:sa.CLAUSES></g2:Structure></rdf:li></g2:Sequence></g2:a.INSTANCE-CONFIGURATION>
        <g2:a.INCLUDE-IN-MENUS g2:type="TruthValue">false</g2:a.INCLUDE-IN-MENUS>
        <g2:a.ICON-DESCRIPTION>
          <g2:Structure>
            <g2:sa.WIDTH g2:type="Integer">17</g2:sa.WIDTH>
            <g2:sa.HEIGHT g2:type="Integer">17</g2:sa.HEIGHT>
            <g2:sa.REGIONS>
              <g2:Sequence>
                <rdf:li>
                <g2:Structure>
                  <g2:sa.REGION-NAME g2:type="Symbol">COPYRIGHT-SYMBOL</g2:sa.REGION-NAME>
                  <g2:sa.COLOR-NAME g2:type="Symbol">BLACK</g2:sa.COLOR-NAME></g2:Structure></rdf:li></g2:Sequence></g2:sa.REGIONS>
            <g2:sa.VARIABLES>
              <g2:Sequence>
                <rdf:li>
                <g2:Structure>
                  <g2:sa.VARIABLE-NAME g2:type="Symbol">C</g2:sa.VARIABLE-NAME>
                  <g2:sa.INITIAL-VALUE g2:type="Text">undefined-text</g2:sa.INITIAL-VALUE></g2:Structure></rdf:li></g2:Sequence></g2:sa.VARIABLES>
            <g2:sa.LAYERS>
              <g2:Sequence>
                <rdf:li>
                <g2:Structure>
                  <g2:sa.REGION-OR-COLOR g2:type="Symbol">COPYRIGHT-SYMBOL</g2:sa.REGION-OR-COLOR>
                  <g2:sa.LINE-DRAWING-ELEMENTS>
                    <g2:Sequence>
                      <rdf:li>
                      <g2:Structure>
                        <g2:sa.TYPE g2:type="Symbol">TEXT</g2:sa.TYPE>
                        <g2:sa.LABEL g2:type="Text">©</g2:sa.LABEL>
                        <g2:sa.POINT>
                          <g2:Structure>
                            <g2:sa.X g2:type="Integer">0</g2:sa.X>
                            <g2:sa.Y g2:type="Integer">17</g2:sa.Y></g2:Structure></g2:sa.POINT>
                        <g2:sa.FONT-SIZE g2:type="Symbol">EXTRA-LARGE</g2:sa.FONT-SIZE></g2:Structure></rdf:li></g2:Sequence></g2:sa.LINE-DRAWING-ELEMENTS></g2:Structure></rdf:li></g2:Sequence></g2:sa.LAYERS></g2:Structure></g2:a.ICON-DESCRIPTION>
        <g2:a.ATTRIBUTE-DISPLAYS>
          <g2:Sequence>
            <rdf:li>
            <g2:Structure>
              <g2:sa.ATTRIBUTE-LIST>
                <g2:Sequence>
                  <rdf:li>
                  <g2:Structure>
                    <g2:sa.ATTRIBUTE g2:type="Symbol">GFR-COPYRIGHT-INFORMATION</g2:sa.ATTRIBUTE>
                    <g2:sa.DISPLAY-WITH-NAME g2:type="TruthValue">false</g2:sa.DISPLAY-WITH-NAME></g2:Structure></rdf:li></g2:Sequence></g2:sa.ATTRIBUTE-LIST>
              <g2:sa.POSITION g2:type="Symbol">AT-STANDARD-POSITION</g2:sa.POSITION></g2:Structure></rdf:li></g2:Sequence></g2:a.ATTRIBUTE-DISPLAYS></g2:c.OBJECT-DEFINITION></rdf:li>
      <rdf:li>
      <g2:c.OBJECT-DEFINITION>
        <g2:a.AUTHORS>
          <g2:Structure>
            <g2:sa.AUTHORS>
              <g2:Sequence>
                <rdf:li g2:type="Symbol">MAK</rdf:li></g2:Sequence></g2:sa.AUTHORS>
            <g2:sa.TIMESTAMP>
              <g2:Structure>
                <g2:sa.YEAR g2:type="Integer">1997</g2:sa.YEAR>
                <g2:sa.MONTH g2:type="Integer">5</g2:sa.MONTH>
                <g2:sa.DATE g2:type="Integer">13</g2:sa.DATE>
                <g2:sa.HOURS g2:type="Integer">18</g2:sa.HOURS>
                <g2:sa.MINUTES g2:type="Integer">19</g2:sa.MINUTES></g2:Structure></g2:sa.TIMESTAMP></g2:Structure></g2:a.AUTHORS>
        <g2:a.CLASS-NAME g2:type="Symbol">GFR-PUBLIC-BIN</g2:a.CLASS-NAME>
        <g2:a.DIRECT-SUPERIOR-CLASSES>
          <g2:Sequence>
            <rdf:li g2:type="Symbol">OBJECT</rdf:li></g2:Sequence></g2:a.DIRECT-SUPERIOR-CLASSES>
        <g2:a.INCLUDE-IN-MENUS g2:type="TruthValue">false</g2:a.INCLUDE-IN-MENUS>
        <g2:a.ICON-DESCRIPTION>
          <g2:Structure>
            <g2:sa.WIDTH g2:type="Integer">100</g2:sa.WIDTH>
            <g2:sa.HEIGHT g2:type="Integer">100</g2:sa.HEIGHT>
            <g2:sa.REGIONS>
              <g2:Sequence>
                <rdf:li>
                <g2:Structure>
                  <g2:sa.REGION-NAME g2:type="Symbol">OUTLINE</g2:sa.REGION-NAME>
                  <g2:sa.COLOR-NAME g2:type="Symbol">BLACK</g2:sa.COLOR-NAME></g2:Structure></rdf:li></g2:Sequence></g2:sa.REGIONS>
            <g2:sa.LAYERS>
              <g2:Sequence>
                <rdf:li>
                <g2:Structure>
                  <g2:sa.REGION-OR-COLOR g2:type="Symbol">PALE-TURQUOISE</g2:sa.REGION-OR-COLOR>
                  <g2:sa.LINE-DRAWING-ELEMENTS>
                    <g2:Sequence>
                      <rdf:li>
                      <g2:Structure>
                        <g2:sa.TYPE g2:type="Symbol">FILLED-POLYGON</g2:sa.TYPE>
                        <g2:sa.POINTS>
                          <g2:Sequence>
                            <rdf:li>
                            <g2:Structure>
                              <g2:sa.X g2:type="Integer">5</g2:sa.X>
                              <g2:sa.Y g2:type="Integer">29</g2:sa.Y></g2:Structure></rdf:li>
                            <rdf:li>
                            <g2:Structure>
                              <g2:sa.X g2:type="Integer">33</g2:sa.X>
                              <g2:sa.Y g2:type="Integer">40</g2:sa.Y></g2:Structure></rdf:li>
                            <rdf:li>
                            <g2:Structure>
                              <g2:sa.X g2:type="Integer">33</g2:sa.X>
                              <g2:sa.Y g2:type="Integer">97</g2:sa.Y></g2:Structure></rdf:li>
                            <rdf:li>
                            <g2:Structure>
                              <g2:sa.X g2:type="Integer">5</g2:sa.X>
                              <g2:sa.Y g2:type="Integer">79</g2:sa.Y></g2:Structure></rdf:li></g2:Sequence></g2:sa.POINTS></g2:Structure></rdf:li>
                      <rdf:li>
                      <g2:Structure>
                        <g2:sa.TYPE g2:type="Symbol">FILLED-POLYGON</g2:sa.TYPE>
                        <g2:sa.POINTS>
                          <g2:Sequence>
                            <rdf:li>
                            <g2:Structure>
                              <g2:sa.X g2:type="Integer">31</g2:sa.X>
                              <g2:sa.Y g2:type="Integer">13</g2:sa.Y></g2:Structure></rdf:li>
                            <rdf:li>
                            <g2:Structure>
                              <g2:sa.X g2:type="Integer">32</g2:sa.X>
                              <g2:sa.Y g2:type="Integer">18</g2:sa.Y></g2:Structure></rdf:li>
                            <rdf:li>
                            <g2:Structure>
                              <g2:sa.X g2:type="Integer">5</g2:sa.X>
                              <g2:sa.Y g2:type="Integer">29</g2:sa.Y></g2:Structure></rdf:li>
                            <rdf:li>
                            <g2:Structure>
                              <g2:sa.X g2:type="Integer">3</g2:sa.X>
                              <g2:sa.Y g2:type="Integer">25</g2:sa.Y></g2:Structure></rdf:li></g2:Sequence></g2:sa.POINTS></g2:Structure></rdf:li></g2:Sequence></g2:sa.LINE-DRAWING-ELEMENTS></g2:Structure></rdf:li>
                <rdf:li>
                <g2:Structure>
                  <g2:sa.REGION-OR-COLOR g2:type="Symbol">DARK-SLATE-BLUE</g2:sa.REGION-OR-COLOR>
                  <g2:sa.LINE-DRAWING-ELEMENTS>
                    <g2:Sequence>
                      <rdf:li>
                      <g2:Structure>
                        <g2:sa.TYPE g2:type="Symbol">FILLED-POLYGON</g2:sa.TYPE>
                        <g2:sa.POINTS>
                          <g2:Sequence>
                            <rdf:li>
                            <g2:Structure>
                              <g2:sa.X g2:type="Integer">6</g2:sa.X>
                              <g2:sa.Y g2:type="Integer">29</g2:sa.Y></g2:Structure></rdf:li>
                            <rdf:li>
                            <g2:Structure>
                              <g2:sa.X g2:type="Integer">39</g2:sa.X>
                              <g2:sa.Y g2:type="Integer">22</g2:sa.Y></g2:Structure></rdf:li>
                            <rdf:li>
                            <g2:Structure>
                              <g2:sa.X g2:type="Integer">66</g2:sa.X>
                              <g2:sa.Y g2:type="Integer">33</g2:sa.Y></g2:Structure></rdf:li>
                            <rdf:li>
                            <g2:Structure>
                              <g2:sa.X g2:type="Integer">32</g2:sa.X>
                              <g2:sa.Y g2:type="Integer">40</g2:sa.Y></g2:Structure></rdf:li></g2:Sequence></g2:sa.POINTS></g2:Structure></rdf:li>
                      <rdf:li>
                      <g2:Structure>
                        <g2:sa.TYPE g2:type="Symbol">FILLED-POLYGON</g2:sa.TYPE>
                        <g2:sa.POINTS>
                          <g2:Sequence>
                            <rdf:li>
                            <g2:Structure>
                              <g2:sa.X g2:type="Integer">5</g2:sa.X>
                              <g2:sa.Y g2:type="Integer">29</g2:sa.Y></g2:Structure></rdf:li>
                            <rdf:li>
                            <g2:Structure>
                              <g2:sa.X g2:type="Integer">32</g2:sa.X>
                              <g2:sa.Y g2:type="Integer">18</g2:sa.Y></g2:Structure></rdf:li>
                            <rdf:li>
                            <g2:Structure>
                              <g2:sa.X g2:type="Integer">65</g2:sa.X>
                              <g2:sa.Y g2:type="Integer">12</g2:sa.Y></g2:Structure></rdf:li>
                            <rdf:li>
                            <g2:Structure>
                              <g2:sa.X g2:type="Integer">39</g2:sa.X>
                              <g2:sa.Y g2:type="Integer">22</g2:sa.Y></g2:Structure></rdf:li></g2:Sequence></g2:sa.POINTS></g2:Structure></rdf:li></g2:Sequence></g2:sa.LINE-DRAWING-ELEMENTS></g2:Structure></rdf:li>
                <rdf:li>
                <g2:Structure>
                  <g2:sa.REGION-OR-COLOR g2:type="Symbol">TURQUOISE</g2:sa.REGION-OR-COLOR>
                  <g2:sa.LINE-DRAWING-ELEMENTS>
                    <g2:Sequence>
                      <rdf:li>
                      <g2:Structure>
                        <g2:sa.TYPE g2:type="Symbol">FILLED-POLYGON</g2:sa.TYPE>
                        <g2:sa.POINTS>
                          <g2:Sequence>
                            <rdf:li>
                            <g2:Structure>
                              <g2:sa.X g2:type="Integer">67</g2:sa.X>
                              <g2:sa.Y g2:type="Integer">33</g2:sa.Y></g2:Structure></rdf:li>
                            <rdf:li>
                            <g2:Structure>
                              <g2:sa.X g2:type="Integer">67</g2:sa.X>
                              <g2:sa.Y g2:type="Integer">87</g2:sa.Y></g2:Structure></rdf:li>
                            <rdf:li>
                            <g2:Structure>
                              <g2:sa.X g2:type="Integer">33</g2:sa.X>
                              <g2:sa.Y g2:type="Integer">97</g2:sa.Y></g2:Structure></rdf:li>
                            <rdf:li>
                            <g2:Structure>
                              <g2:sa.X g2:type="Integer">33</g2:sa.X>
                              <g2:sa.Y g2:type="Integer">40</g2:sa.Y></g2:Structure></rdf:li></g2:Sequence></g2:sa.POINTS></g2:Structure></rdf:li>
                      <rdf:li>
                      <g2:Structure>
                        <g2:sa.TYPE g2:type="Symbol">FILLED-POLYGON</g2:sa.TYPE>
                        <g2:sa.POINTS>
                          <g2:Sequence>
                            <rdf:li>
                            <g2:Structure>
                              <g2:sa.X g2:type="Integer">64</g2:sa.X>
                              <g2:sa.Y g2:type="Integer">8</g2:sa.Y></g2:Structure></rdf:li>
                            <rdf:li>
                            <g2:Structure>
                              <g2:sa.X g2:type="Integer">65</g2:sa.X>
                              <g2:sa.Y g2:type="Integer">12</g2:sa.Y></g2:Structure></rdf:li>
                            <rdf:li>
                            <g2:Structure>
                              <g2:sa.X g2:type="Integer">32</g2:sa.X>
                              <g2:sa.Y g2:type="Integer">18</g2:sa.Y></g2:Structure></rdf:li>
                            <rdf:li>
                            <g2:Structure>
                              <g2:sa.X g2:type="Integer">31</g2:sa.X>
                              <g2:sa.Y g2:type="Integer">13</g2:sa.Y></g2:Structure></rdf:li></g2:Sequence></g2:sa.POINTS></g2:Structure></rdf:li></g2:Sequence></g2:sa.LINE-DRAWING-ELEMENTS></g2:Structure></rdf:li>
                <rdf:li>
                <g2:Structure>
                  <g2:sa.REGION-OR-COLOR g2:type="Symbol">LIGHT-GRAY</g2:sa.REGION-OR-COLOR>
                  <g2:sa.LINE-DRAWING-ELEMENTS>
                    <g2:Sequence>
                      <rdf:li>
                      <g2:Structure>
                        <g2:sa.TYPE g2:type="Symbol">FILLED-POLYGON</g2:sa.TYPE>
                        <g2:sa.POINTS>
                          <g2:Sequence>
                            <rdf:li>
                            <g2:Structure>
                              <g2:sa.X g2:type="Integer">99</g2:sa.X>
                              <g2:sa.Y g2:type="Integer">22</g2:sa.Y></g2:Structure></rdf:li>
                            <rdf:li>
                            <g2:Structure>
                              <g2:sa.X g2:type="Integer">89</g2:sa.X>
                              <g2:sa.Y g2:type="Integer">33</g2:sa.Y></g2:Structure></rdf:li>
                            <rdf:li>
                            <g2:Structure>
                              <g2:sa.X g2:type="Integer">78</g2:sa.X>
                              <g2:sa.Y g2:type="Integer">22</g2:sa.Y></g2:Structure></rdf:li></g2:Sequence></g2:sa.POINTS></g2:Structure></rdf:li></g2:Sequence></g2:sa.LINE-DRAWING-ELEMENTS></g2:Structure></rdf:li>
                <rdf:li>
                <g2:Structure>
                  <g2:sa.REGION-OR-COLOR g2:type="Symbol">GRAY</g2:sa.REGION-OR-COLOR>
                  <g2:sa.LINE-DRAWING-ELEMENTS>
                    <g2:Sequence>
                      <rdf:li>
                      <g2:Structure>
                        <g2:sa.TYPE g2:type="Symbol">FILLED-POLYGON</g2:sa.TYPE>
                        <g2:sa.POINTS>
                          <g2:Sequence>
                            <rdf:li>
                            <g2:Structure>
                              <g2:sa.X g2:type="Integer">99</g2:sa.X>
                              <g2:sa.Y g2:type="Integer">43</g2:sa.Y></g2:Structure></rdf:li>
                            <rdf:li>
                            <g2:Structure>
                              <g2:sa.X g2:type="Integer">88</g2:sa.X>
                              <g2:sa.Y g2:type="Integer">33</g2:sa.Y></g2:Structure></rdf:li>
                            <rdf:li>
                            <g2:Structure>
                              <g2:sa.X g2:type="Integer">99</g2:sa.X>
                              <g2:sa.Y g2:type="Integer">22</g2:sa.Y></g2:Structure></rdf:li></g2:Sequence></g2:sa.POINTS></g2:Structure></rdf:li></g2:Sequence></g2:sa.LINE-DRAWING-ELEMENTS></g2:Structure></rdf:li>
                <rdf:li>
                <g2:Structure>
                  <g2:sa.REGION-OR-COLOR g2:type="Symbol">EXTRA-LIGHT-GRAY</g2:sa.REGION-OR-COLOR>
                  <g2:sa.LINE-DRAWING-ELEMENTS>
                    <g2:Sequence>
                      <rdf:li>
                      <g2:Structure>
                        <g2:sa.TYPE g2:type="Symbol">FILLED-POLYGON</g2:sa.TYPE>
                        <g2:sa.POINTS>
                          <g2:Sequence>
                            <rdf:li>
                            <g2:Structure>
                              <g2:sa.X g2:type="Integer">89</g2:sa.X>
                              <g2:sa.Y g2:type="Integer">33</g2:sa.Y></g2:Structure></rdf:li>
                            <rdf:li>
                            <g2:Structure>
                              <g2:sa.X g2:type="Integer">78</g2:sa.X>
                              <g2:sa.Y g2:type="Integer">43</g2:sa.Y></g2:Structure></rdf:li>
                            <rdf:li>
                            <g2:Structure>
                              <g2:sa.X g2:type="Integer">78</g2:sa.X>
                              <g2:sa.Y g2:type="Integer">22</g2:sa.Y></g2:Structure></rdf:li></g2:Sequence></g2:sa.POINTS></g2:Structure></rdf:li></g2:Sequence></g2:sa.LINE-DRAWING-ELEMENTS></g2:Structure></rdf:li>
                <rdf:li>
                <g2:Structure>
                  <g2:sa.REGION-OR-COLOR g2:type="Symbol">GRAY</g2:sa.REGION-OR-COLOR>
                  <g2:sa.LINE-DRAWING-ELEMENTS>
                    <g2:Sequence>
                      <rdf:li>
                      <g2:Structure>
                        <g2:sa.TYPE g2:type="Symbol">FILLED-POLYGON</g2:sa.TYPE>
                        <g2:sa.POINTS>
                          <g2:Sequence>
                            <rdf:li>
                            <g2:Structure>
                              <g2:sa.X g2:type="Integer">99</g2:sa.X>
                              <g2:sa.Y g2:type="Integer">43</g2:sa.Y></g2:Structure></rdf:li>
                            <rdf:li>
                            <g2:Structure>
                              <g2:sa.X g2:type="Integer">78</g2:sa.X>
                              <g2:sa.Y g2:type="Integer">43</g2:sa.Y></g2:Structure></rdf:li>
                            <rdf:li>
                            <g2:Structure>
                              <g2:sa.X g2:type="Integer">88</g2:sa.X>
                              <g2:sa.Y g2:type="Integer">33</g2:sa.Y></g2:Structure></rdf:li></g2:Sequence></g2:sa.POINTS></g2:Structure></rdf:li></g2:Sequence></g2:sa.LINE-DRAWING-ELEMENTS></g2:Structure></rdf:li>
                <rdf:li>
                <g2:Structure>
                  <g2:sa.REGION-OR-COLOR g2:type="Symbol">OUTLINE</g2:sa.REGION-OR-COLOR>
                  <g2:sa.LINE-DRAWING-ELEMENTS>
                    <g2:Sequence>
                      <rdf:li>
                      <g2:Structure>
                        <g2:sa.TYPE g2:type="Symbol">OUTLINE</g2:sa.TYPE>
                        <g2:sa.POINTS>
                          <g2:Sequence>
                            <rdf:li>
                            <g2:Structure>
                              <g2:sa.X g2:type="Integer">33</g2:sa.X>
                              <g2:sa.Y g2:type="Integer">40</g2:sa.Y></g2:Structure></rdf:li>
                            <rdf:li>
                            <g2:Structure>
                              <g2:sa.X g2:type="Integer">33</g2:sa.X>
                              <g2:sa.Y g2:type="Integer">97</g2:sa.Y></g2:Structure></rdf:li>
                            <rdf:li>
                            <g2:Structure>
                              <g2:sa.X g2:type="Integer">5</g2:sa.X>
                              <g2:sa.Y g2:type="Integer">79</g2:sa.Y></g2:Structure></rdf:li>
                            <rdf:li>
                            <g2:Structure>
                              <g2:sa.X g2:type="Integer">5</g2:sa.X>
                              <g2:sa.Y g2:type="Integer">29</g2:sa.Y></g2:Structure></rdf:li></g2:Sequence></g2:sa.POINTS></g2:Structure></rdf:li>
                      <rdf:li>
                      <g2:Structure>
                        <g2:sa.TYPE g2:type="Symbol">OUTLINE</g2:sa.TYPE>
                        <g2:sa.POINTS>
                          <g2:Sequence>
                            <rdf:li>
                            <g2:Structure>
                              <g2:sa.X g2:type="Integer">33</g2:sa.X>
                              <g2:sa.Y g2:type="Integer">97</g2:sa.Y></g2:Structure></rdf:li>
                            <rdf:li>
                            <g2:Structure>
                              <g2:sa.X g2:type="Integer">67</g2:sa.X>
                              <g2:sa.Y g2:type="Integer">87</g2:sa.Y></g2:Structure></rdf:li>
                            <rdf:li>
                            <g2:Structure>
                              <g2:sa.X g2:type="Integer">67</g2:sa.X>
                              <g2:sa.Y g2:type="Integer">33</g2:sa.Y></g2:Structure></rdf:li>
                            <rdf:li>
                            <g2:Structure>
                              <g2:sa.X g2:type="Integer">33</g2:sa.X>
                              <g2:sa.Y g2:type="Integer">40</g2:sa.Y></g2:Structure></rdf:li></g2:Sequence></g2:sa.POINTS></g2:Structure></rdf:li>
                      <rdf:li>
                      <g2:Structure>
                        <g2:sa.TYPE g2:type="Symbol">OUTLINE</g2:sa.TYPE>
                        <g2:sa.POINTS>
                          <g2:Sequence>
                            <rdf:li>
                            <g2:Structure>
                              <g2:sa.X g2:type="Integer">3</g2:sa.X>
                              <g2:sa.Y g2:type="Integer">25</g2:sa.Y></g2:Structure></rdf:li>
                            <rdf:li>
                            <g2:Structure>
                              <g2:sa.X g2:type="Integer">31</g2:sa.X>
                              <g2:sa.Y g2:type="Integer">13</g2:sa.Y></g2:Structure></rdf:li>
                            <rdf:li>
                            <g2:Structure>
                              <g2:sa.X g2:type="Integer">32</g2:sa.X>
                              <g2:sa.Y g2:type="Integer">18</g2:sa.Y></g2:Structure></rdf:li>
                            <rdf:li>
                            <g2:Structure>
                              <g2:sa.X g2:type="Integer">5</g2:sa.X>
                              <g2:sa.Y g2:type="Integer">29</g2:sa.Y></g2:Structure></rdf:li></g2:Sequence></g2:sa.POINTS></g2:Structure></rdf:li>
                      <rdf:li>
                      <g2:Structure>
                        <g2:sa.TYPE g2:type="Symbol">OUTLINE</g2:sa.TYPE>
                        <g2:sa.POINTS>
                          <g2:Sequence>
                            <rdf:li>
                            <g2:Structure>
                              <g2:sa.X g2:type="Integer">32</g2:sa.X>
                              <g2:sa.Y g2:type="Integer">18</g2:sa.Y></g2:Structure></rdf:li>
                            <rdf:li>
                            <g2:Structure>
                              <g2:sa.X g2:type="Integer">65</g2:sa.X>
                              <g2:sa.Y g2:type="Integer">12</g2:sa.Y></g2:Structure></rdf:li>
                            <rdf:li>
                            <g2:Structure>
                              <g2:sa.X g2:type="Integer">64</g2:sa.X>
                              <g2:sa.Y g2:type="Integer">8</g2:sa.Y></g2:Structure></rdf:li>
                            <rdf:li>
                            <g2:Structure>
                              <g2:sa.X g2:type="Integer">31</g2:sa.X>
                              <g2:sa.Y g2:type="Integer">13</g2:sa.Y></g2:Structure></rdf:li></g2:Sequence></g2:sa.POINTS></g2:Structure></rdf:li>
                      <rdf:li>
                      <g2:Structure>
                        <g2:sa.TYPE g2:type="Symbol">LINES</g2:sa.TYPE>
                        <g2:sa.POINTS>
                          <g2:Sequence>
                            <rdf:li>
                            <g2:Structure>
                              <g2:sa.X g2:type="Integer">67</g2:sa.X>
                              <g2:sa.Y g2:type="Integer">33</g2:sa.Y></g2:Structure></rdf:li>
                            <rdf:li>
                            <g2:Structure>
                              <g2:sa.X g2:type="Integer">39</g2:sa.X>
                              <g2:sa.Y g2:type="Integer">22</g2:sa.Y></g2:Structure></rdf:li></g2:Sequence></g2:sa.POINTS></g2:Structure></rdf:li>
                      <rdf:li>
                      <g2:Structure>
                        <g2:sa.TYPE g2:type="Symbol">LINES</g2:sa.TYPE>
                        <g2:sa.POINTS>
                          <g2:Sequence>
                            <rdf:li>
                            <g2:Structure>
                              <g2:sa.X g2:type="Integer">5</g2:sa.X>
                              <g2:sa.Y g2:type="Integer">29</g2:sa.Y></g2:Structure></rdf:li>
                            <rdf:li>
                            <g2:Structure>
                              <g2:sa.X g2:type="Integer">39</g2:sa.X>
                              <g2:sa.Y g2:type="Integer">22</g2:sa.Y></g2:Structure></rdf:li></g2:Sequence></g2:sa.POINTS></g2:Structure></rdf:li>
                      <rdf:li>
                      <g2:Structure>
                        <g2:sa.TYPE g2:type="Symbol">LINES</g2:sa.TYPE>
                        <g2:sa.POINTS>
                          <g2:Sequence>
                            <rdf:li>
                            <g2:Structure>
                              <g2:sa.X g2:type="Integer">39</g2:sa.X>
                              <g2:sa.Y g2:type="Integer">22</g2:sa.Y></g2:Structure></rdf:li>
                            <rdf:li>
                            <g2:Structure>
                              <g2:sa.X g2:type="Integer">65</g2:sa.X>
                              <g2:sa.Y g2:type="Integer">12</g2:sa.Y></g2:Structure></rdf:li></g2:Sequence></g2:sa.POINTS></g2:Structure></rdf:li>
                      <rdf:li>
                      <g2:Structure>
                        <g2:sa.TYPE g2:type="Symbol">OUTLINE</g2:sa.TYPE>
                        <g2:sa.POINTS>
                          <g2:Sequence>
                            <rdf:li>
                            <g2:Structure>
                              <g2:sa.X g2:type="Integer">78</g2:sa.X>
                              <g2:sa.Y g2:type="Integer">22</g2:sa.Y></g2:Structure></rdf:li>
                            <rdf:li>
                            <g2:Structure>
                              <g2:sa.X g2:type="Integer">78</g2:sa.X>
                              <g2:sa.Y g2:type="Integer">43</g2:sa.Y></g2:Structure></rdf:li>
                            <rdf:li>
                            <g2:Structure>
                              <g2:sa.X g2:type="Integer">99</g2:sa.X>
                              <g2:sa.Y g2:type="Integer">43</g2:sa.Y></g2:Structure></rdf:li>
                            <rdf:li>
                            <g2:Structure>
                              <g2:sa.X g2:type="Integer">99</g2:sa.X>
                              <g2:sa.Y g2:type="Integer">22</g2:sa.Y></g2:Structure></rdf:li></g2:Sequence></g2:sa.POINTS></g2:Structure></rdf:li>
                      <rdf:li>
                      <g2:Structure>
                        <g2:sa.TYPE g2:type="Symbol">LINES</g2:sa.TYPE>
                        <g2:sa.POINTS>
                          <g2:Sequence>
                            <rdf:li>
                            <g2:Structure>
                              <g2:sa.X g2:type="Integer">78</g2:sa.X>
                              <g2:sa.Y g2:type="Integer">43</g2:sa.Y></g2:Structure></rdf:li>
                            <rdf:li>
                            <g2:Structure>
                              <g2:sa.X g2:type="Integer">99</g2:sa.X>
                              <g2:sa.Y g2:type="Integer">22</g2:sa.Y></g2:Structure></rdf:li></g2:Sequence></g2:sa.POINTS></g2:Structure></rdf:li>
                      <rdf:li>
                      <g2:Structure>
                        <g2:sa.TYPE g2:type="Symbol">LINES</g2:sa.TYPE>
                        <g2:sa.POINTS>
                          <g2:Sequence>
                            <rdf:li>
                            <g2:Structure>
                              <g2:sa.X g2:type="Integer">81</g2:sa.X>
                              <g2:sa.Y g2:type="Integer">17</g2:sa.Y></g2:Structure></rdf:li>
                            <rdf:li>
                            <g2:Structure>
                              <g2:sa.ARC g2:type="TruthValue">true</g2:sa.ARC>
                              <g2:sa.X g2:type="Integer">68</g2:sa.X>
                              <g2:sa.Y g2:type="Integer">14</g2:sa.Y></g2:Structure></rdf:li>
                            <rdf:li>
                            <g2:Structure>
                              <g2:sa.X g2:type="Integer">58</g2:sa.X>
                              <g2:sa.Y g2:type="Integer">23</g2:sa.Y></g2:Structure></rdf:li></g2:Sequence></g2:sa.POINTS></g2:Structure></rdf:li>
                      <rdf:li>
                      <g2:Structure>
                        <g2:sa.TYPE g2:type="Symbol">FILLED-POLYGON</g2:sa.TYPE>
                        <g2:sa.POINTS>
                          <g2:Sequence>
                            <rdf:li>
                            <g2:Structure>
                              <g2:sa.X g2:type="Integer">63</g2:sa.X>
                              <g2:sa.Y g2:type="Integer">20</g2:sa.Y></g2:Structure></rdf:li>
                            <rdf:li>
                            <g2:Structure>
                              <g2:sa.X g2:type="Integer">58</g2:sa.X>
                              <g2:sa.Y g2:type="Integer">23</g2:sa.Y></g2:Structure></rdf:li>
                            <rdf:li>
                            <g2:Structure>
                              <g2:sa.X g2:type="Integer">58</g2:sa.X>
                              <g2:sa.Y g2:type="Integer">18</g2:sa.Y></g2:Structure></rdf:li></g2:Sequence></g2:sa.POINTS></g2:Structure></rdf:li>
                      <rdf:li>
                      <g2:Structure>
                        <g2:sa.TYPE g2:type="Symbol">LINES</g2:sa.TYPE>
                        <g2:sa.POINTS>
                          <g2:Sequence>
                            <rdf:li>
                            <g2:Structure>
                              <g2:sa.X g2:type="Integer">78</g2:sa.X>
                              <g2:sa.Y g2:type="Integer">22</g2:sa.Y></g2:Structure></rdf:li>
                            <rdf:li>
                            <g2:Structure>
                              <g2:sa.X g2:type="Integer">99</g2:sa.X>
                              <g2:sa.Y g2:type="Integer">43</g2:sa.Y></g2:Structure></rdf:li></g2:Sequence></g2:sa.POINTS></g2:Structure></rdf:li></g2:Sequence></g2:sa.LINE-DRAWING-ELEMENTS></g2:Structure></rdf:li></g2:Sequence></g2:sa.LAYERS></g2:Structure></g2:a.ICON-DESCRIPTION></g2:c.OBJECT-DEFINITION></rdf:li>
      <rdf:li>
      <g2:c.CONNECTION-DEFINITION>
        <g2:a.CLASS-NAME g2:type="Symbol">NEXT-BENCHMARK</g2:a.CLASS-NAME>
        <g2:a.DIRECT-SUPERIOR-CLASSES>
          <g2:Sequence>
            <rdf:li g2:type="Symbol">CONNECTION</rdf:li></g2:Sequence></g2:a.DIRECT-SUPERIOR-CLASSES>
        <g2:a.CROSS-SECTION-PATTERN>
          <g2:Structure>
            <g2:sa.CROSS-SECTION-REGIONS>
              <g2:Sequence>
                <rdf:li>
                <g2:Structure>
                  <g2:sa.REGION-NAME g2:type="Symbol">OUTLINE</g2:sa.REGION-NAME>
                  <g2:sa.REGION-COLOR g2:type="Symbol">RED</g2:sa.REGION-COLOR></g2:Structure></rdf:li>
                <rdf:li>
                <g2:Structure>
                  <g2:sa.REGION-NAME g2:type="Symbol">INSIDE</g2:sa.REGION-NAME>
                  <g2:sa.REGION-COLOR g2:type="Symbol">TURQUOISE</g2:sa.REGION-COLOR></g2:Structure></rdf:li></g2:Sequence></g2:sa.CROSS-SECTION-REGIONS>
            <g2:sa.CROSS-SECTION-STRIPES>
              <g2:Sequence>
                <rdf:li>
                <g2:Structure>
                  <g2:sa.REGION-NAME g2:type="Symbol">OUTLINE</g2:sa.REGION-NAME>
                  <g2:sa.REGION-SIZE g2:type="Integer">1</g2:sa.REGION-SIZE></g2:Structure></rdf:li>
                <rdf:li>
                <g2:Structure>
                  <g2:sa.REGION-NAME g2:type="Symbol">INSIDE</g2:sa.REGION-NAME>
                  <g2:sa.REGION-SIZE g2:type="Integer">2</g2:sa.REGION-SIZE></g2:Structure></rdf:li>
                <rdf:li>
                <g2:Structure>
                  <g2:sa.REGION-NAME g2:type="Symbol">OUTLINE</g2:sa.REGION-NAME>
                  <g2:sa.REGION-SIZE g2:type="Integer">1</g2:sa.REGION-SIZE></g2:Structure></rdf:li></g2:Sequence></g2:sa.CROSS-SECTION-STRIPES></g2:Structure></g2:a.CROSS-SECTION-PATTERN>
        <g2:a.STUB-LENGTH g2:type="Integer">5</g2:a.STUB-LENGTH>
        <g2:a.JUNCTION-BLOCK g2:type="Symbol">NEXT-BENCHMARK-JUNCTION-DEFINITION</g2:a.JUNCTION-BLOCK></g2:c.CONNECTION-DEFINITION></rdf:li>
      <rdf:li>
      <g2:c.OBJECT-DEFINITION>
        <g2:a.AUTHORS>
          <g2:Structure>
            <g2:sa.AUTHORS>
              <g2:Sequence>
                <rdf:li g2:type="Symbol">ADMINISTRATOR</rdf:li></g2:Sequence></g2:sa.AUTHORS>
            <g2:sa.TIMESTAMP>
              <g2:Structure>
                <g2:sa.YEAR g2:type="Integer">2009</g2:sa.YEAR>
                <g2:sa.MONTH g2:type="Integer">10</g2:sa.MONTH>
                <g2:sa.DATE g2:type="Integer">22</g2:sa.DATE>
                <g2:sa.HOURS g2:type="Integer">10</g2:sa.HOURS>
                <g2:sa.MINUTES g2:type="Integer">57</g2:sa.MINUTES></g2:Structure></g2:sa.TIMESTAMP></g2:Structure></g2:a.AUTHORS>
        <g2:a.CLASS-NAME g2:type="Symbol">BENCHMARK-TEST</g2:a.CLASS-NAME>
        <g2:a.DIRECT-SUPERIOR-CLASSES>
          <g2:Sequence>
            <rdf:li g2:type="Symbol">BENCHMARK-NODE</rdf:li></g2:Sequence></g2:a.DIRECT-SUPERIOR-CLASSES>
        <g2:a.CLASS-SPECIFIC-ATTRIBUTES>
          <g2:Sequence>
            <rdf:li>
            <g2:Structure>
              <g2:sa.ATTRIBUTE-NAME g2:type="Symbol">COUNTED</g2:sa.ATTRIBUTE-NAME>
              <g2:sa.ATTRIBUTE-INITIAL-VALUE g2:type="TruthValue">false</g2:sa.ATTRIBUTE-INITIAL-VALUE></g2:Structure></rdf:li></g2:Sequence></g2:a.CLASS-SPECIFIC-ATTRIBUTES>
        <g2:a.ICON-DESCRIPTION>
          <g2:Structure>
            <g2:sa.WIDTH g2:type="Integer">30</g2:sa.WIDTH>
            <g2:sa.HEIGHT g2:type="Integer">24</g2:sa.HEIGHT>
            <g2:sa.REGIONS>
              <g2:Sequence>
                <rdf:li>
                <g2:Structure>
                  <g2:sa.REGION-NAME g2:type="Symbol">DONE-CHECK-MARK</g2:sa.REGION-NAME>
                  <g2:sa.COLOR-NAME g2:type="Symbol">TRANSPARENT</g2:sa.COLOR-NAME></g2:Structure></rdf:li></g2:Sequence></g2:sa.REGIONS>
            <g2:sa.LAYERS>
              <g2:Sequence>
                <rdf:li>
                <g2:Structure>
                  <g2:sa.REGION-OR-COLOR g2:type="Symbol">BLUE</g2:sa.REGION-OR-COLOR>
                  <g2:sa.LINE-DRAWING-ELEMENTS>
                    <g2:Sequence>
                      <rdf:li>
                      <g2:Structure>
                        <g2:sa.TYPE g2:type="Symbol">FILLED-POLYGON</g2:sa.TYPE>
                        <g2:sa.POINTS>
                          <g2:Sequence>
                            <rdf:li>
                            <g2:Structure>
                              <g2:sa.X g2:type="Integer">15</g2:sa.X>
                              <g2:sa.Y g2:type="Integer">3</g2:sa.Y></g2:Structure></rdf:li>
                            <rdf:li>
                            <g2:Structure>
                              <g2:sa.X g2:type="Integer">6</g2:sa.X>
                              <g2:sa.Y g2:type="Integer">12</g2:sa.Y></g2:Structure></rdf:li>
                            <rdf:li>
                            <g2:Structure>
                              <g2:sa.X g2:type="Integer">15</g2:sa.X>
                              <g2:sa.Y g2:type="Integer">21</g2:sa.Y></g2:Structure></rdf:li>
                            <rdf:li>
                            <g2:Structure>
                              <g2:sa.X g2:type="Integer">12</g2:sa.X>
                              <g2:sa.Y g2:type="Integer">24</g2:sa.Y></g2:Structure></rdf:li>
                            <rdf:li>
                            <g2:Structure>
                              <g2:sa.X g2:type="Integer">0</g2:sa.X>
                              <g2:sa.Y g2:type="Integer">12</g2:sa.Y></g2:Structure></rdf:li>
                            <rdf:li>
                            <g2:Structure>
                              <g2:sa.X g2:type="Integer">12</g2:sa.X>
                              <g2:sa.Y g2:type="Integer">0</g2:sa.Y></g2:Structure></rdf:li></g2:Sequence></g2:sa.POINTS></g2:Structure></rdf:li></g2:Sequence></g2:sa.LINE-DRAWING-ELEMENTS></g2:Structure></rdf:li>
                <rdf:li>
                <g2:Structure>
                  <g2:sa.REGION-OR-COLOR g2:type="Symbol">BLUE</g2:sa.REGION-OR-COLOR>
                  <g2:sa.LINE-DRAWING-ELEMENTS>
                    <g2:Sequence>
                      <rdf:li>
                      <g2:Structure>
                        <g2:sa.TYPE g2:type="Symbol">OUTLINE</g2:sa.TYPE>
                        <g2:sa.POINTS>
                          <g2:Sequence>
                            <rdf:li>
                            <g2:Structure>
                              <g2:sa.X g2:type="Integer">18</g2:sa.X>
                              <g2:sa.Y g2:type="Integer">0</g2:sa.Y></g2:Structure></rdf:li>
                            <rdf:li>
                            <g2:Structure>
                              <g2:sa.X g2:type="Integer">30</g2:sa.X>
                              <g2:sa.Y g2:type="Integer">12</g2:sa.Y></g2:Structure></rdf:li>
                            <rdf:li>
                            <g2:Structure>
                              <g2:sa.X g2:type="Integer">18</g2:sa.X>
                              <g2:sa.Y g2:type="Integer">24</g2:sa.Y></g2:Structure></rdf:li>
                            <rdf:li>
                            <g2:Structure>
                              <g2:sa.X g2:type="Integer">6</g2:sa.X>
                              <g2:sa.Y g2:type="Integer">12</g2:sa.Y></g2:Structure></rdf:li></g2:Sequence></g2:sa.POINTS></g2:Structure></rdf:li></g2:Sequence></g2:sa.LINE-DRAWING-ELEMENTS></g2:Structure></rdf:li>
                <rdf:li>
                <g2:Structure>
                  <g2:sa.REGION-OR-COLOR g2:type="Symbol">BLUE</g2:sa.REGION-OR-COLOR>
                  <g2:sa.LINE-DRAWING-ELEMENTS>
                    <g2:Sequence>
                      <rdf:li>
                      <g2:Structure>
                        <g2:sa.TYPE g2:type="Symbol">FILLED-CIRCLE</g2:sa.TYPE>
                        <g2:sa.POINTS>
                          <g2:Sequence>
                            <rdf:li>
                            <g2:Structure>
                              <g2:sa.X g2:type="Integer">21</g2:sa.X>
                              <g2:sa.Y g2:type="Integer">14</g2:sa.Y></g2:Structure></rdf:li>
                            <rdf:li>
                            <g2:Structure>
                              <g2:sa.X g2:type="Integer">22</g2:sa.X>
                              <g2:sa.Y g2:type="Integer">12</g2:sa.Y></g2:Structure></rdf:li>
                            <rdf:li>
                            <g2:Structure>
                              <g2:sa.X g2:type="Integer">23</g2:sa.X>
                              <g2:sa.Y g2:type="Integer">13</g2:sa.Y></g2:Structure></rdf:li></g2:Sequence></g2:sa.POINTS></g2:Structure></rdf:li>
                      <rdf:li>
                      <g2:Structure>
                        <g2:sa.TYPE g2:type="Symbol">FILLED-CIRCLE</g2:sa.TYPE>
                        <g2:sa.POINTS>
                          <g2:Sequence>
                            <rdf:li>
                            <g2:Structure>
                              <g2:sa.X g2:type="Integer">15</g2:sa.X>
                              <g2:sa.Y g2:type="Integer">14</g2:sa.Y></g2:Structure></rdf:li>
                            <rdf:li>
                            <g2:Structure>
                              <g2:sa.X g2:type="Integer">16</g2:sa.X>
                              <g2:sa.Y g2:type="Integer">12</g2:sa.Y></g2:Structure></rdf:li>
                            <rdf:li>
                            <g2:Structure>
                              <g2:sa.X g2:type="Integer">17</g2:sa.X>
                              <g2:sa.Y g2:type="Integer">13</g2:sa.Y></g2:Structure></rdf:li></g2:Sequence></g2:sa.POINTS></g2:Structure></rdf:li></g2:Sequence></g2:sa.LINE-DRAWING-ELEMENTS></g2:Structure></rdf:li>
                <rdf:li>
                <g2:Structure>
                  <g2:sa.REGION-OR-COLOR g2:type="Symbol">BLUE</g2:sa.REGION-OR-COLOR>
                  <g2:sa.LINE-DRAWING-ELEMENTS>
                    <g2:Sequence>
                      <rdf:li>
                      <g2:Structure>
                        <g2:sa.TYPE g2:type="Symbol">FILLED-POLYGON</g2:sa.TYPE>
                        <g2:sa.POINTS>
                          <g2:Sequence>
                            <rdf:li>
                            <g2:Structure>
                              <g2:sa.X g2:type="Integer">12</g2:sa.X>
                              <g2:sa.Y g2:type="Integer">13</g2:sa.Y></g2:Structure></rdf:li>
                            <rdf:li>
                            <g2:Structure>
                              <g2:sa.X g2:type="Integer">13</g2:sa.X>
                              <g2:sa.Y g2:type="Integer">11</g2:sa.Y></g2:Structure></rdf:li>
                            <rdf:li>
                            <g2:Structure>
                              <g2:sa.X g2:type="Integer">17</g2:sa.X>
                              <g2:sa.Y g2:type="Integer">11</g2:sa.Y></g2:Structure></rdf:li>
                            <rdf:li>
                            <g2:Structure>
                              <g2:sa.X g2:type="Integer">18</g2:sa.X>
                              <g2:sa.Y g2:type="Integer">8</g2:sa.Y></g2:Structure></rdf:li>
                            <rdf:li>
                            <g2:Structure>
                              <g2:sa.X g2:type="Integer">22</g2:sa.X>
                              <g2:sa.Y g2:type="Integer">8</g2:sa.Y></g2:Structure></rdf:li>
                            <rdf:li>
                            <g2:Structure>
                              <g2:sa.X g2:type="Integer">21</g2:sa.X>
                              <g2:sa.Y g2:type="Integer">11</g2:sa.Y></g2:Structure></rdf:li>
                            <rdf:li>
                            <g2:Structure>
                              <g2:sa.X g2:type="Integer">25</g2:sa.X>
                              <g2:sa.Y g2:type="Integer">11</g2:sa.Y></g2:Structure></rdf:li>
                            <rdf:li>
                            <g2:Structure>
                              <g2:sa.X g2:type="Integer">24</g2:sa.X>
                              <g2:sa.Y g2:type="Integer">13</g2:sa.Y></g2:Structure></rdf:li></g2:Sequence></g2:sa.POINTS></g2:Structure></rdf:li></g2:Sequence></g2:sa.LINE-DRAWING-ELEMENTS></g2:Structure></rdf:li>
                <rdf:li>
                <g2:Structure>
                  <g2:sa.REGION-OR-COLOR g2:type="Symbol">BLUE</g2:sa.REGION-OR-COLOR>
                  <g2:sa.LINE-DRAWING-ELEMENTS>
                    <g2:Sequence>
                      <rdf:li>
                      <g2:Structure>
                        <g2:sa.TYPE g2:type="Symbol">LINES</g2:sa.TYPE>
                        <g2:sa.POINTS>
                          <g2:Sequence>
                            <rdf:li>
                            <g2:Structure>
                              <g2:sa.X g2:type="Integer">16</g2:sa.X>
                              <g2:sa.Y g2:type="Integer">8</g2:sa.Y></g2:Structure></rdf:li>
                            <rdf:li>
                            <g2:Structure>
                              <g2:sa.X g2:type="Integer">14</g2:sa.X>
                              <g2:sa.Y g2:type="Integer">8</g2:sa.Y></g2:Structure></rdf:li></g2:Sequence></g2:sa.POINTS></g2:Structure></rdf:li>
                      <rdf:li>
                      <g2:Structure>
                        <g2:sa.TYPE g2:type="Symbol">LINES</g2:sa.TYPE>
                        <g2:sa.POINTS>
                          <g2:Sequence>
                            <rdf:li>
                            <g2:Structure>
                              <g2:sa.X g2:type="Integer">15</g2:sa.X>
                              <g2:sa.Y g2:type="Integer">9</g2:sa.Y></g2:Structure></rdf:li>
                            <rdf:li>
                            <g2:Structure>
                              <g2:sa.X g2:type="Integer">12</g2:sa.X>
                              <g2:sa.Y g2:type="Integer">9</g2:sa.Y></g2:Structure></rdf:li></g2:Sequence></g2:sa.POINTS></g2:Structure></rdf:li>
                      <rdf:li>
                      <g2:Structure>
                        <g2:sa.TYPE g2:type="Symbol">LINES</g2:sa.TYPE>
                        <g2:sa.POINTS>
                          <g2:Sequence>
                            <rdf:li>
                            <g2:Structure>
                              <g2:sa.X g2:type="Integer">12</g2:sa.X>
                              <g2:sa.Y g2:type="Integer">11</g2:sa.Y></g2:Structure></rdf:li>
                            <rdf:li>
                            <g2:Structure>
                              <g2:sa.X g2:type="Integer">9</g2:sa.X>
                              <g2:sa.Y g2:type="Integer">11</g2:sa.Y></g2:Structure></rdf:li></g2:Sequence></g2:sa.POINTS></g2:Structure></rdf:li>
                      <rdf:li>
                      <g2:Structure>
                        <g2:sa.TYPE g2:type="Symbol">LINES</g2:sa.TYPE>
                        <g2:sa.POINTS>
                          <g2:Sequence>
                            <rdf:li>
                            <g2:Structure>
                              <g2:sa.X g2:type="Integer">11</g2:sa.X>
                              <g2:sa.Y g2:type="Integer">12</g2:sa.Y></g2:Structure></rdf:li>
                            <rdf:li>
                            <g2:Structure>
                              <g2:sa.X g2:type="Integer">8</g2:sa.X>
                              <g2:sa.Y g2:type="Integer">12</g2:sa.Y></g2:Structure></rdf:li></g2:Sequence></g2:sa.POINTS></g2:Structure></rdf:li></g2:Sequence></g2:sa.LINE-DRAWING-ELEMENTS></g2:Structure></rdf:li>
                <rdf:li>
                <g2:Structure>
                  <g2:sa.REGION-OR-COLOR g2:type="Symbol">DONE-CHECK-MARK</g2:sa.REGION-OR-COLOR>
                  <g2:sa.LINE-DRAWING-ELEMENTS>
                    <g2:Sequence>
                      <rdf:li>
                      <g2:Structure>
                        <g2:sa.TYPE g2:type="Symbol">FILLED-POLYGON</g2:sa.TYPE>
                        <g2:sa.POINTS>
                          <g2:Sequence>
                            <rdf:li>
                            <g2:Structure>
                              <g2:sa.X g2:type="Integer">24</g2:sa.X>
                              <g2:sa.Y g2:type="Integer">2</g2:sa.Y></g2:Structure></rdf:li>
                            <rdf:li>
                            <g2:Structure>
                              <g2:sa.X g2:type="Integer">24</g2:sa.X>
                              <g2:sa.Y g2:type="Integer">1</g2:sa.Y></g2:Structure></rdf:li>
                            <rdf:li>
                            <g2:Structure>
                              <g2:sa.X g2:type="Integer">26</g2:sa.X>
                              <g2:sa.Y g2:type="Integer">3</g2:sa.Y></g2:Structure></rdf:li>
                            <rdf:li>
                            <g2:Structure>
                              <g2:sa.X g2:type="Integer">28</g2:sa.X>
                              <g2:sa.Y g2:type="Integer">1</g2:sa.Y></g2:Structure></rdf:li>
                            <rdf:li>
                            <g2:Structure>
                              <g2:sa.X g2:type="Integer">28</g2:sa.X>
                              <g2:sa.Y g2:type="Integer">2</g2:sa.Y></g2:Structure></rdf:li>
                            <rdf:li>
                            <g2:Structure>
                              <g2:sa.X g2:type="Integer">25</g2:sa.X>
                              <g2:sa.Y g2:type="Integer">4</g2:sa.Y></g2:Structure></rdf:li></g2:Sequence></g2:sa.POINTS></g2:Structure></rdf:li></g2:Sequence></g2:sa.LINE-DRAWING-ELEMENTS></g2:Structure></rdf:li></g2:Sequence></g2:sa.LAYERS></g2:Structure></g2:a.ICON-DESCRIPTION>
        <g2:a.STUBS>
          <g2:Sequence>
            <rdf:li>
            <g2:Structure>
              <g2:sa.PORTNAME g2:type="Symbol">NEXT-TEST-PORT</g2:sa.PORTNAME>
              <g2:sa.CONNECTION-CLASS g2:type="Symbol">NEXT-BENCHMARK</g2:sa.CONNECTION-CLASS>
              <g2:sa.EDGE-LOCATION g2:type="Symbol">BOTTOM</g2:sa.EDGE-LOCATION>
              <g2:sa.COORDINATE-LOCATION g2:type="Integer">15</g2:sa.COORDINATE-LOCATION></g2:Structure></rdf:li></g2:Sequence></g2:a.STUBS></g2:c.OBJECT-DEFINITION></rdf:li>
      <rdf:li>
      <g2:c.OBJECT-DEFINITION>
        <g2:a.AUTHORS>
          <g2:Structure>
            <g2:sa.AUTHORS>
              <g2:Sequence>
                <rdf:li g2:type="Symbol">ADMINISTRATOR</rdf:li></g2:Sequence></g2:sa.AUTHORS>
            <g2:sa.TIMESTAMP>
              <g2:Structure>
                <g2:sa.YEAR g2:type="Integer">2009</g2:sa.YEAR>
                <g2:sa.MONTH g2:type="Integer">10</g2:sa.MONTH>
                <g2:sa.DATE g2:type="Integer">22</g2:sa.DATE>
                <g2:sa.HOURS g2:type="Integer">10</g2:sa.HOURS>
                <g2:sa.MINUTES g2:type="Integer">58</g2:sa.MINUTES></g2:Structure></g2:sa.TIMESTAMP></g2:Structure></g2:a.AUTHORS>
        <g2:a.CLASS-NAME g2:type="Symbol">START-FLOW</g2:a.CLASS-NAME>
        <g2:a.DIRECT-SUPERIOR-CLASSES>
          <g2:Sequence>
            <rdf:li g2:type="Symbol">BENCHMARK-NODE</rdf:li></g2:Sequence></g2:a.DIRECT-SUPERIOR-CLASSES>
        <g2:a.CLASS-SPECIFIC-ATTRIBUTES>
          <g2:Sequence>
            <rdf:li>
            <g2:Structure>
              <g2:sa.ATTRIBUTE-NAME g2:type="Symbol">NUMBER-OF-EXECUTED-TESTS</g2:sa.ATTRIBUTE-NAME>
              <g2:sa.ATTRIBUTE-INITIAL-VALUE g2:type="Integer">0</g2:sa.ATTRIBUTE-INITIAL-VALUE></g2:Structure></rdf:li>
            <rdf:li>
            <g2:Structure>
              <g2:sa.ATTRIBUTE-NAME g2:type="Symbol">TOTAL-NUMBER-OF-TESTS</g2:sa.ATTRIBUTE-NAME>
              <g2:sa.ATTRIBUTE-INITIAL-VALUE g2:type="Integer">0</g2:sa.ATTRIBUTE-INITIAL-VALUE></g2:Structure></rdf:li></g2:Sequence></g2:a.CLASS-SPECIFIC-ATTRIBUTES>
        <g2:a.ATTRIBUTE-INITIALIZATIONS>
          <g2:Sequence>
            <rdf:li>
            <g2:Structure>
              <g2:sa.USER-ATTRIBUTE-NAME g2:type="Symbol">TEST-PROCEDURE</g2:sa.USER-ATTRIBUTE-NAME>
              <g2:sa.INITIALIZATION>
                <g2:Structure>
                  <g2:sa.INITIAL-VALUE g2:type="Symbol">START-START-FLOW</g2:sa.INITIAL-VALUE></g2:Structure></g2:sa.INITIALIZATION></g2:Structure></rdf:li></g2:Sequence></g2:a.ATTRIBUTE-INITIALIZATIONS>
        <g2:a.ICON-DESCRIPTION>
          <g2:Structure>
            <g2:sa.WIDTH g2:type="Integer">50</g2:sa.WIDTH>
            <g2:sa.HEIGHT g2:type="Integer">25</g2:sa.HEIGHT>
            <g2:sa.LAYERS>
              <g2:Sequence>
                <rdf:li>
                <g2:Structure>
                  <g2:sa.REGION-OR-COLOR g2:type="Symbol">RED</g2:sa.REGION-OR-COLOR>
                  <g2:sa.LINE-DRAWING-ELEMENTS>
                    <g2:Sequence>
                      <rdf:li>
                      <g2:Structure>
                        <g2:sa.TYPE g2:type="Symbol">LINES</g2:sa.TYPE>
                        <g2:sa.POINTS>
                          <g2:Sequence>
                            <rdf:li>
                            <g2:Structure>
                              <g2:sa.X g2:type="Integer">13</g2:sa.X>
                              <g2:sa.Y g2:type="Integer">15</g2:sa.Y></g2:Structure></rdf:li>
                            <rdf:li>
                            <g2:Structure>
                              <g2:sa.X g2:type="Integer">11</g2:sa.X>
                              <g2:sa.Y g2:type="Integer">23</g2:sa.Y></g2:Structure></rdf:li>
                            <rdf:li>
                            <g2:Structure>
                              <g2:sa.X g2:type="Integer">1</g2:sa.X>
                              <g2:sa.Y g2:type="Integer">23</g2:sa.Y></g2:Structure></rdf:li>
                            <rdf:li>
                            <g2:Structure>
                              <g2:sa.X g2:type="Integer">6</g2:sa.X>
                              <g2:sa.Y g2:type="Integer">1</g2:sa.Y></g2:Structure></rdf:li>
                            <rdf:li>
                            <g2:Structure>
                              <g2:sa.X g2:type="Integer">16</g2:sa.X>
                              <g2:sa.Y g2:type="Integer">1</g2:sa.Y></g2:Structure></rdf:li>
                            <rdf:li>
                            <g2:Structure>
                              <g2:sa.X g2:type="Integer">14</g2:sa.X>
                              <g2:sa.Y g2:type="Integer">9</g2:sa.Y></g2:Structure></rdf:li></g2:Sequence></g2:sa.POINTS></g2:Structure></rdf:li>
                      <rdf:li>
                      <g2:Structure>
                        <g2:sa.TYPE g2:type="Symbol">LINES</g2:sa.TYPE>
                        <g2:sa.POINTS>
                          <g2:Sequence>
                            <rdf:li>
                            <g2:Structure>
                              <g2:sa.X g2:type="Integer">9</g2:sa.X>
                              <g2:sa.Y g2:type="Integer">15</g2:sa.Y></g2:Structure></rdf:li>
                            <rdf:li>
                            <g2:Structure>
                              <g2:sa.X g2:type="Integer">16</g2:sa.X>
                              <g2:sa.Y g2:type="Integer">15</g2:sa.Y></g2:Structure></rdf:li></g2:Sequence></g2:sa.POINTS></g2:Structure></rdf:li>
                      <rdf:li>
                      <g2:Structure>
                        <g2:sa.TYPE g2:type="Symbol">LINES</g2:sa.TYPE>
                        <g2:sa.POINTS>
                          <g2:Sequence>
                            <rdf:li>
                            <g2:Structure>
                              <g2:sa.X g2:type="Integer">24</g2:sa.X>
                              <g2:sa.Y g2:type="Integer">1</g2:sa.Y></g2:Structure></rdf:li>
                            <rdf:li>
                            <g2:Structure>
                              <g2:sa.X g2:type="Integer">33</g2:sa.X>
                              <g2:sa.Y g2:type="Integer">1</g2:sa.Y></g2:Structure></rdf:li>
                            <rdf:li>
                            <g2:Structure>
                              <g2:sa.X g2:type="Integer">28</g2:sa.X>
                              <g2:sa.Y g2:type="Integer">23</g2:sa.Y></g2:Structure></rdf:li>
                            <rdf:li>
                            <g2:Structure>
                              <g2:sa.X g2:type="Integer">19</g2:sa.X>
                              <g2:sa.Y g2:type="Integer">23</g2:sa.Y></g2:Structure></rdf:li>
                            <rdf:li>
                            <g2:Structure>
                              <g2:sa.X g2:type="Integer">24</g2:sa.X>
                              <g2:sa.Y g2:type="Integer">1</g2:sa.Y></g2:Structure></rdf:li></g2:Sequence></g2:sa.POINTS></g2:Structure></rdf:li>
                      <rdf:li>
                      <g2:Structure>
                        <g2:sa.TYPE g2:type="Symbol">LINES</g2:sa.TYPE>
                        <g2:sa.POINTS>
                          <g2:Sequence>
                            <rdf:li>
                            <g2:Structure>
                              <g2:sa.X g2:type="Integer">41</g2:sa.X>
                              <g2:sa.Y g2:type="Integer">2</g2:sa.Y></g2:Structure></rdf:li>
                            <rdf:li>
                            <g2:Structure>
                              <g2:sa.X g2:type="Integer">37</g2:sa.X>
                              <g2:sa.Y g2:type="Integer">19</g2:sa.Y></g2:Structure></rdf:li></g2:Sequence></g2:sa.POINTS></g2:Structure></rdf:li>
                      <rdf:li>
                      <g2:Structure>
                        <g2:sa.TYPE g2:type="Symbol">LINES</g2:sa.TYPE>
                        <g2:sa.POINTS>
                          <g2:Sequence>
                            <rdf:li>
                            <g2:Structure>
                              <g2:sa.X g2:type="Integer">36</g2:sa.X>
                              <g2:sa.Y g2:type="Integer">21</g2:sa.Y></g2:Structure></rdf:li>
                            <rdf:li>
                            <g2:Structure>
                              <g2:sa.X g2:type="Integer">36</g2:sa.X>
                              <g2:sa.Y g2:type="Integer">22</g2:sa.Y></g2:Structure></rdf:li></g2:Sequence></g2:sa.POINTS></g2:Structure></rdf:li></g2:Sequence></g2:sa.LINE-DRAWING-ELEMENTS></g2:Structure></rdf:li></g2:Sequence></g2:sa.LAYERS></g2:Structure></g2:a.ICON-DESCRIPTION>
        <g2:a.STUBS>
          <g2:Sequence>
            <rdf:li>
            <g2:Structure>
              <g2:sa.CONNECTION-CLASS g2:type="Symbol">NEXT-BENCHMARK</g2:sa.CONNECTION-CLASS>
              <g2:sa.EDGE-LOCATION g2:type="Symbol">BOTTOM</g2:sa.EDGE-LOCATION>
              <g2:sa.COORDINATE-LOCATION g2:type="Integer">25</g2:sa.COORDINATE-LOCATION></g2:Structure></rdf:li></g2:Sequence></g2:a.STUBS></g2:c.OBJECT-DEFINITION></rdf:li>
      <rdf:li>
      <g2:c.OBJECT-DEFINITION>
        <g2:a.CLASS-NAME g2:type="Symbol">TEST-RESULT-PARAMETER</g2:a.CLASS-NAME>
        <g2:a.DIRECT-SUPERIOR-CLASSES>
          <g2:Sequence>
            <rdf:li g2:type="Symbol">SYMBOLIC-PARAMETER</rdf:li></g2:Sequence></g2:a.DIRECT-SUPERIOR-CLASSES>
        <g2:a.CLASS-SPECIFIC-ATTRIBUTES>
          <g2:Sequence>
            <rdf:li>
            <g2:Structure>
              <g2:sa.ATTRIBUTE-NAME g2:type="Symbol">TEST-INFO</g2:sa.ATTRIBUTE-NAME>
              <g2:sa.ATTRIBUTE-INITIAL-ITEM-CLASS g2:type="Symbol">TEXT-PARAMETER</g2:sa.ATTRIBUTE-INITIAL-ITEM-CLASS>
              <g2:sa.ATTRIBUTE-INITIAL-ITEM-CLASS-RESTRICTED-TO-VARIABLE-OR-PARAMETER g2:type="TruthValue">true</g2:sa.ATTRIBUTE-INITIAL-ITEM-CLASS-RESTRICTED-TO-VARIABLE-OR-PARAMETER></g2:Structure></rdf:li>
            <rdf:li>
            <g2:Structure>
              <g2:sa.ATTRIBUTE-NAME g2:type="Symbol">PREVIOUS-TEST-RESULT</g2:sa.ATTRIBUTE-NAME>
              <g2:sa.ATTRIBUTE-INITIAL-VALUE g2:type="Symbol">UNKNOWN</g2:sa.ATTRIBUTE-INITIAL-VALUE></g2:Structure></rdf:li></g2:Sequence></g2:a.CLASS-SPECIFIC-ATTRIBUTES>
        <g2:a.ATTRIBUTE-INITIALIZATIONS>
          <g2:Sequence>
            <rdf:li>
            <g2:Structure>
              <g2:sa.SYSTEM-ATTRIBUTE-DESIGNATION g2:type="Symbol">INITIAL-VALUE</g2:sa.SYSTEM-ATTRIBUTE-DESIGNATION>
              <g2:sa.INITIALIZATION g2:type="Symbol">NOT-YET-RUN</g2:sa.INITIALIZATION></g2:Structure></rdf:li></g2:Sequence></g2:a.ATTRIBUTE-INITIALIZATIONS></g2:c.OBJECT-DEFINITION></rdf:li>
      <rdf:li>
      <g2:c.OBJECT-DEFINITION>
        <g2:a.CLASS-NAME g2:type="Symbol">END-FLOW</g2:a.CLASS-NAME>
        <g2:a.DIRECT-SUPERIOR-CLASSES>
          <g2:Sequence>
            <rdf:li g2:type="Symbol">BENCHMARK-NODE</rdf:li></g2:Sequence></g2:a.DIRECT-SUPERIOR-CLASSES>
        <g2:a.ATTRIBUTE-INITIALIZATIONS>
          <g2:Sequence>
            <rdf:li>
            <g2:Structure>
              <g2:sa.USER-ATTRIBUTE-NAME g2:type="Symbol">TEST-PROCEDURE</g2:sa.USER-ATTRIBUTE-NAME>
              <g2:sa.INITIALIZATION>
                <g2:Structure>
                  <g2:sa.INITIAL-VALUE g2:type="Symbol">END-TEST</g2:sa.INITIAL-VALUE></g2:Structure></g2:sa.INITIALIZATION></g2:Structure></rdf:li></g2:Sequence></g2:a.ATTRIBUTE-INITIALIZATIONS>
        <g2:a.ICON-DESCRIPTION>
          <g2:Structure>
            <g2:sa.WIDTH g2:type="Integer">50</g2:sa.WIDTH>
            <g2:sa.HEIGHT g2:type="Integer">25</g2:sa.HEIGHT>
            <g2:sa.LAYERS>
              <g2:Sequence>
                <rdf:li>
                <g2:Structure>
                  <g2:sa.REGION-OR-COLOR g2:type="Symbol">RED</g2:sa.REGION-OR-COLOR>
                  <g2:sa.LINE-DRAWING-ELEMENTS>
                    <g2:Sequence>
                      <rdf:li>
                      <g2:Structure>
                        <g2:sa.TYPE g2:type="Symbol">LINES</g2:sa.TYPE>
                        <g2:sa.POINTS>
                          <g2:Sequence>
                            <rdf:li>
                            <g2:Structure>
                              <g2:sa.X g2:type="Integer">10</g2:sa.X>
                              <g2:sa.Y g2:type="Integer">23</g2:sa.Y></g2:Structure></rdf:li>
                            <rdf:li>
                            <g2:Structure>
                              <g2:sa.X g2:type="Integer">2</g2:sa.X>
                              <g2:sa.Y g2:type="Integer">23</g2:sa.Y></g2:Structure></rdf:li>
                            <rdf:li>
                            <g2:Structure>
                              <g2:sa.X g2:type="Integer">4</g2:sa.X>
                              <g2:sa.Y g2:type="Integer">2</g2:sa.Y></g2:Structure></rdf:li>
                            <rdf:li>
                            <g2:Structure>
                              <g2:sa.X g2:type="Integer">12</g2:sa.X>
                              <g2:sa.Y g2:type="Integer">2</g2:sa.Y></g2:Structure></rdf:li></g2:Sequence></g2:sa.POINTS></g2:Structure></rdf:li>
                      <rdf:li>
                      <g2:Structure>
                        <g2:sa.TYPE g2:type="Symbol">LINES</g2:sa.TYPE>
                        <g2:sa.POINTS>
                          <g2:Sequence>
                            <rdf:li>
                            <g2:Structure>
                              <g2:sa.X g2:type="Integer">3</g2:sa.X>
                              <g2:sa.Y g2:type="Integer">12</g2:sa.Y></g2:Structure></rdf:li>
                            <rdf:li>
                            <g2:Structure>
                              <g2:sa.X g2:type="Integer">8</g2:sa.X>
                              <g2:sa.Y g2:type="Integer">12</g2:sa.Y></g2:Structure></rdf:li></g2:Sequence></g2:sa.POINTS></g2:Structure></rdf:li>
                      <rdf:li>
                      <g2:Structure>
                        <g2:sa.TYPE g2:type="Symbol">LINES</g2:sa.TYPE>
                        <g2:sa.POINTS>
                          <g2:Sequence>
                            <rdf:li>
                            <g2:Structure>
                              <g2:sa.X g2:type="Integer">25</g2:sa.X>
                              <g2:sa.Y g2:type="Integer">2</g2:sa.Y></g2:Structure></rdf:li>
                            <rdf:li>
                            <g2:Structure>
                              <g2:sa.X g2:type="Integer">22</g2:sa.X>
                              <g2:sa.Y g2:type="Integer">23</g2:sa.Y></g2:Structure></rdf:li>
                            <rdf:li>
                            <g2:Structure>
                              <g2:sa.X g2:type="Integer">17</g2:sa.X>
                              <g2:sa.Y g2:type="Integer">2</g2:sa.Y></g2:Structure></rdf:li>
                            <rdf:li>
                            <g2:Structure>
                              <g2:sa.X g2:type="Integer">14</g2:sa.X>
                              <g2:sa.Y g2:type="Integer">23</g2:sa.Y></g2:Structure></rdf:li></g2:Sequence></g2:sa.POINTS></g2:Structure></rdf:li>
                      <rdf:li>
                      <g2:Structure>
                        <g2:sa.TYPE g2:type="Symbol">LINES</g2:sa.TYPE>
                        <g2:sa.POINTS>
                          <g2:Sequence>
                            <rdf:li>
                            <g2:Structure>
                              <g2:sa.X g2:type="Integer">30</g2:sa.X>
                              <g2:sa.Y g2:type="Integer">2</g2:sa.Y></g2:Structure></rdf:li>
                            <rdf:li>
                            <g2:Structure>
                              <g2:sa.X g2:type="Integer">27</g2:sa.X>
                              <g2:sa.Y g2:type="Integer">23</g2:sa.Y></g2:Structure></rdf:li></g2:Sequence></g2:sa.POINTS></g2:Structure></rdf:li>
                      <rdf:li>
                      <g2:Structure>
                        <g2:sa.TYPE g2:type="Symbol">LINES</g2:sa.TYPE>
                        <g2:sa.POINTS>
                          <g2:Sequence>
                            <rdf:li>
                            <g2:Structure>
                              <g2:sa.X g2:type="Integer">30</g2:sa.X>
                              <g2:sa.Y g2:type="Integer">2</g2:sa.Y></g2:Structure></rdf:li>
                            <rdf:li>
                            <g2:Structure>
                              <g2:sa.ARC g2:type="TruthValue">true</g2:sa.ARC>
                              <g2:sa.X g2:type="Integer">34</g2:sa.X>
                              <g2:sa.Y g2:type="Integer">4</g2:sa.Y></g2:Structure></rdf:li>
                            <rdf:li>
                            <g2:Structure>
                              <g2:sa.X g2:type="Integer">34</g2:sa.X>
                              <g2:sa.Y g2:type="Integer">9</g2:sa.Y></g2:Structure></rdf:li></g2:Sequence></g2:sa.POINTS></g2:Structure></rdf:li>
                      <rdf:li>
                      <g2:Structure>
                        <g2:sa.TYPE g2:type="Symbol">LINES</g2:sa.TYPE>
                        <g2:sa.POINTS>
                          <g2:Sequence>
                            <rdf:li>
                            <g2:Structure>
                              <g2:sa.X g2:type="Integer">27</g2:sa.X>
                              <g2:sa.Y g2:type="Integer">22</g2:sa.Y></g2:Structure></rdf:li>
                            <rdf:li>
                            <g2:Structure>
                              <g2:sa.ARC g2:type="TruthValue">true</g2:sa.ARC>
                              <g2:sa.X g2:type="Integer">31</g2:sa.X>
                              <g2:sa.Y g2:type="Integer">21</g2:sa.Y></g2:Structure></rdf:li>
                            <rdf:li>
                            <g2:Structure>
                              <g2:sa.X g2:type="Integer">33</g2:sa.X>
                              <g2:sa.Y g2:type="Integer">18</g2:sa.Y></g2:Structure></rdf:li></g2:Sequence></g2:sa.POINTS></g2:Structure></rdf:li>
                      <rdf:li>
                      <g2:Structure>
                        <g2:sa.TYPE g2:type="Symbol">LINES</g2:sa.TYPE>
                        <g2:sa.POINTS>
                          <g2:Sequence>
                            <rdf:li>
                            <g2:Structure>
                              <g2:sa.X g2:type="Integer">34</g2:sa.X>
                              <g2:sa.Y g2:type="Integer">8</g2:sa.Y></g2:Structure></rdf:li>
                            <rdf:li>
                            <g2:Structure>
                              <g2:sa.X g2:type="Integer">33</g2:sa.X>
                              <g2:sa.Y g2:type="Integer">18</g2:sa.Y></g2:Structure></rdf:li></g2:Sequence></g2:sa.POINTS></g2:Structure></rdf:li>
                      <rdf:li>
                      <g2:Structure>
                        <g2:sa.TYPE g2:type="Symbol">LINES</g2:sa.TYPE>
                        <g2:sa.POINTS>
                          <g2:Sequence>
                            <rdf:li>
                            <g2:Structure>
                              <g2:sa.X g2:type="Integer">41</g2:sa.X>
                              <g2:sa.Y g2:type="Integer">3</g2:sa.Y></g2:Structure></rdf:li>
                            <rdf:li>
                            <g2:Structure>
                              <g2:sa.X g2:type="Integer">38</g2:sa.X>
                              <g2:sa.Y g2:type="Integer">20</g2:sa.Y></g2:Structure></rdf:li></g2:Sequence></g2:sa.POINTS></g2:Structure></rdf:li>
                      <rdf:li>
                      <g2:Structure>
                        <g2:sa.TYPE g2:type="Symbol">LINES</g2:sa.TYPE>
                        <g2:sa.POINTS>
                          <g2:Sequence>
                            <rdf:li>
                            <g2:Structure>
                              <g2:sa.X g2:type="Integer">38</g2:sa.X>
                              <g2:sa.Y g2:type="Integer">22</g2:sa.Y></g2:Structure></rdf:li>
                            <rdf:li>
                            <g2:Structure>
                              <g2:sa.X g2:type="Integer">38</g2:sa.X>
                              <g2:sa.Y g2:type="Integer">24</g2:sa.Y></g2:Structure></rdf:li></g2:Sequence></g2:sa.POINTS></g2:Structure></rdf:li></g2:Sequence></g2:sa.LINE-DRAWING-ELEMENTS></g2:Structure></rdf:li></g2:Sequence></g2:sa.LAYERS></g2:Structure></g2:a.ICON-DESCRIPTION>
        <g2:a.STUBS>
          <g2:Sequence>
            <rdf:li>
            <g2:Structure>
              <g2:sa.CONNECTION-CLASS g2:type="Symbol">NEXT-BENCHMARK</g2:sa.CONNECTION-CLASS>
              <g2:sa.STUB-DIRECTION g2:type="Symbol">INPUT</g2:sa.STUB-DIRECTION>
              <g2:sa.EDGE-LOCATION g2:type="Symbol">TOP</g2:sa.EDGE-LOCATION>
              <g2:sa.COORDINATE-LOCATION g2:type="Integer">25</g2:sa.COORDINATE-LOCATION></g2:Structure></rdf:li></g2:Sequence></g2:a.STUBS></g2:c.OBJECT-DEFINITION></rdf:li></g2:Sequence></g2:externaldefinitions>
  <g2:panes>
    <g2:Sequence>
      <rdf:li>
      <g2:Structure>
        <g2:sa.WORKSPACE><g2:c.KB-WORKSPACE rdf:resource="#ebd36edb4fde11dfb1b4001641761fb2"/></g2:sa.WORKSPACE>
        <g2:sa.X-IN-WORKSPACE g2:type="Integer">422</g2:sa.X-IN-WORKSPACE>
        <g2:sa.Y-IN-WORKSPACE g2:type="Integer">132</g2:sa.Y-IN-WORKSPACE>
        <g2:sa.X-MAGNIFICATION g2:type="Integer">153</g2:sa.X-MAGNIFICATION>
        <g2:sa.Y-MAGNIFICATION g2:type="Integer">153</g2:sa.Y-MAGNIFICATION></g2:Structure></rdf:li></g2:Sequence></g2:panes>
  <g2:checksums>
    <g2:Structure>
      <g2:sa.ATTRIBUTE-NAME g2:type="Text">ac728c1a59c3438512351ade1e9f10df</g2:sa.ATTRIBUTE-NAME>
      <g2:sa.UUID g2:type="Text">d35606a6d5ecea53c8c6ff88c62121de</g2:sa.UUID>
      <g2:sa.VALUE g2:type="Text">f3e43561e087956eb760e6b59a37d285</g2:sa.VALUE>
      <g2:sa.TEXT g2:type="Text">5f06f57212feb82506198f3b43e406b8</g2:sa.TEXT>
      <g2:sa.BINARY g2:type="Text">d41d8cd98f00b204e9800998ecf8427e</g2:sa.BINARY></g2:Structure></g2:checksums></g2:Module>

<g2:c.KB-WORKSPACE ID="ebd36edb4fde11dfb1b4001641761fb2">
  <g2:a.NAMES g2:type="Symbol">TEST-GNNE-TOP</g2:a.NAMES>
  <g2:a.MODULE-ASSIGNMENT g2:type="Symbol">TEST-GNNE</g2:a.MODULE-ASSIGNMENT>
  <g2:a.DEFAULT-WINDOW-POSITION-AND-SCALE>
    <g2:Structure>
      <g2:sa.X g2:type="Integer">307</g2:sa.X>
      <g2:sa.Y g2:type="Integer">206</g2:sa.Y>
      <g2:sa.X-SCALE g2:type="Float">0.59765625</g2:sa.X-SCALE>
      <g2:sa.Y-SCALE g2:type="Float">0.59765625</g2:sa.Y-SCALE></g2:Structure></g2:a.DEFAULT-WINDOW-POSITION-AND-SCALE>
  <g2:a.EDGES-OF-WORKSPACE>
    <g2:Structure>
      <g2:sa.LEFT g2:type="Integer">-350</g2:sa.LEFT>
      <g2:sa.TOP g2:type="Integer">370</g2:sa.TOP>
      <g2:sa.RIGHT g2:type="Integer">1288</g2:sa.RIGHT>
      <g2:sa.BOTTOM g2:type="Integer">-1586</g2:sa.BOTTOM></g2:Structure></g2:a.EDGES-OF-WORKSPACE>
  <g2:a.NAME-BOX>
    <g2:Structure>
      <g2:sa.COLOR>
        <g2:Structure>
          <g2:sa.BACKGROUND-COLOR g2:type="Symbol">BLACK</g2:sa.BACKGROUND-COLOR>
          <g2:sa.TEXT-COLOR g2:type="Symbol">WHITE</g2:sa.TEXT-COLOR></g2:Structure></g2:sa.COLOR>
      <g2:sa.POSITION>
        <g2:Structure>
          <g2:sa.X-OFFSET g2:type="Integer">-789</g2:sa.X-OFFSET>
          <g2:sa.Y-OFFSET g2:type="Integer">828</g2:sa.Y-OFFSET></g2:Structure></g2:sa.POSITION></g2:Structure></g2:a.NAME-BOX></g2:c.KB-WORKSPACE>

<c.END-FLOW ID="ebd36edc4fde11dfb1b4001641761fb2">
  <ua.TEST-RESULT>
    <c.TEST-RESULT-PARAMETER ID="ebd36edd4fde11dfb1b4001641761fb2">
      <g2:a.OPTIONS>
        <g2:Structure>
          <g2:sa.FORWARD-CHAIN g2:type="TruthValue">true</g2:sa.FORWARD-CHAIN>
          <g2:sa.FORWARD-CHAIN-EVEN-FOR-SAME-VALUE g2:type="TruthValue">false</g2:sa.FORWARD-CHAIN-EVEN-FOR-SAME-VALUE></g2:Structure></g2:a.OPTIONS>
      <ua.TEST-INFO>
        <g2:c.TEXT-PARAMETER ID="ebd36ede4fde11dfb1b4001641761fb2">
          <g2:a.OPTIONS>
            <g2:Structure>
              <g2:sa.FORWARD-CHAIN g2:type="TruthValue">false</g2:sa.FORWARD-CHAIN>
              <g2:sa.FORWARD-CHAIN-EVEN-FOR-SAME-VALUE g2:type="TruthValue">false</g2:sa.FORWARD-CHAIN-EVEN-FOR-SAME-VALUE></g2:Structure></g2:a.OPTIONS>
          <g2:a.ICON-VARIABLES>
            <g2:Structure>
              <g2:sa.WIDTH g2:type="Integer">50</g2:sa.WIDTH>
              <g2:sa.HEIGHT g2:type="Integer">50</g2:sa.HEIGHT></g2:Structure></g2:a.ICON-VARIABLES></g2:c.TEXT-PARAMETER></ua.TEST-INFO>
      <g2:a.ICON-VARIABLES>
        <g2:Structure>
          <g2:sa.WIDTH g2:type="Integer">50</g2:sa.WIDTH>
          <g2:sa.HEIGHT g2:type="Integer">50</g2:sa.HEIGHT></g2:Structure></g2:a.ICON-VARIABLES></c.TEST-RESULT-PARAMETER></ua.TEST-RESULT>
  <ua.TIMEOUT-LIMIT g2:type="Integer" g2:unit="SECONDS">10</ua.TIMEOUT-LIMIT>
  <g2:a.ICON-VARIABLES>
    <g2:Structure>
      <g2:sa.WIDTH g2:type="Integer">50</g2:sa.WIDTH>
      <g2:sa.HEIGHT g2:type="Integer">25</g2:sa.HEIGHT></g2:Structure></g2:a.ICON-VARIABLES>
  <g2:a.FOLLOWING-ITEM-IN-WORKSPACE-LAYERING><c.NEXT-BENCHMARK rdf:resource="#7791401d822411e6aced000c2973fc18"/></g2:a.FOLLOWING-ITEM-IN-WORKSPACE-LAYERING>
  <g2:a.POSITION-IN-WORKSPACE>
    <g2:Structure>
      <g2:sa.X g2:type="Integer">967</g2:sa.X>
      <g2:sa.Y g2:type="Integer">-338</g2:sa.Y>
      <g2:sa.SUPERIOR><g2:c.KB-WORKSPACE rdf:resource="#ebd36edb4fde11dfb1b4001641761fb2"/></g2:sa.SUPERIOR></g2:Structure></g2:a.POSITION-IN-WORKSPACE>
  <g2:a.SIZE-IN-WORKSPACE>
    <g2:Structure>
      <g2:sa.WIDTH g2:type="Integer">50</g2:sa.WIDTH>
      <g2:sa.HEIGHT g2:type="Integer">25</g2:sa.HEIGHT></g2:Structure></g2:a.SIZE-IN-WORKSPACE></c.END-FLOW>

<c.START-FLOW ID="ebd36ee04fde11dfb1b4001641761fb2">
  <ua.TEST-RESULT>
    <c.TEST-RESULT-PARAMETER ID="ebd36ee14fde11dfb1b4001641761fb2">
      <g2:a.OPTIONS>
        <g2:Structure>
          <g2:sa.FORWARD-CHAIN g2:type="TruthValue">true</g2:sa.FORWARD-CHAIN>
          <g2:sa.FORWARD-CHAIN-EVEN-FOR-SAME-VALUE g2:type="TruthValue">false</g2:sa.FORWARD-CHAIN-EVEN-FOR-SAME-VALUE></g2:Structure></g2:a.OPTIONS>
      <ua.TEST-INFO>
        <g2:c.TEXT-PARAMETER ID="ebd36ee24fde11dfb1b4001641761fb2">
          <g2:a.OPTIONS>
            <g2:Structure>
              <g2:sa.FORWARD-CHAIN g2:type="TruthValue">false</g2:sa.FORWARD-CHAIN>
              <g2:sa.FORWARD-CHAIN-EVEN-FOR-SAME-VALUE g2:type="TruthValue">false</g2:sa.FORWARD-CHAIN-EVEN-FOR-SAME-VALUE></g2:Structure></g2:a.OPTIONS>
          <g2:a.ICON-VARIABLES>
            <g2:Structure>
              <g2:sa.WIDTH g2:type="Integer">50</g2:sa.WIDTH>
              <g2:sa.HEIGHT g2:type="Integer">50</g2:sa.HEIGHT></g2:Structure></g2:a.ICON-VARIABLES></g2:c.TEXT-PARAMETER></ua.TEST-INFO>
      <g2:a.ICON-VARIABLES>
        <g2:Structure>
          <g2:sa.WIDTH g2:type="Integer">50</g2:sa.WIDTH>
          <g2:sa.HEIGHT g2:type="Integer">50</g2:sa.HEIGHT></g2:Structure></g2:a.ICON-VARIABLES></c.TEST-RESULT-PARAMETER></ua.TEST-RESULT>
  <ua.TIMEOUT-LIMIT g2:type="Integer" g2:unit="SECONDS">10</ua.TIMEOUT-LIMIT>
  <ua.NUMBER-OF-EXECUTED-TESTS g2:type="Integer">30</ua.NUMBER-OF-EXECUTED-TESTS>
  <ua.TOTAL-NUMBER-OF-TESTS g2:type="Integer">30</ua.TOTAL-NUMBER-OF-TESTS>
  <g2:a.ICON-VARIABLES>
    <g2:Structure>
      <g2:sa.WIDTH g2:type="Integer">50</g2:sa.WIDTH>
      <g2:sa.HEIGHT g2:type="Integer">25</g2:sa.HEIGHT></g2:Structure></g2:a.ICON-VARIABLES>
  <g2:a.FOLLOWING-ITEM-IN-WORKSPACE-LAYERING><c.NEXT-BENCHMARK rdf:resource="#77914026822411e6aced000c2973fc18"/></g2:a.FOLLOWING-ITEM-IN-WORKSPACE-LAYERING>
  <g2:a.POSITION-IN-WORKSPACE>
    <g2:Structure>
      <g2:sa.X g2:type="Integer">-278</g2:sa.X>
      <g2:sa.Y g2:type="Integer">144</g2:sa.Y>
      <g2:sa.SUPERIOR><g2:c.KB-WORKSPACE rdf:resource="#ebd36edb4fde11dfb1b4001641761fb2"/></g2:sa.SUPERIOR></g2:Structure></g2:a.POSITION-IN-WORKSPACE>
  <g2:a.SIZE-IN-WORKSPACE>
    <g2:Structure>
      <g2:sa.WIDTH g2:type="Integer">50</g2:sa.WIDTH>
      <g2:sa.HEIGHT g2:type="Integer">25</g2:sa.HEIGHT></g2:Structure></g2:a.SIZE-IN-WORKSPACE></c.START-FLOW>

<g2:c.LOOSE-END ID="b34000c94fdf11dfb1b4001641761fb2">
  <g2:a.FOLLOWING-ITEM-IN-WORKSPACE-LAYERING><c.BENCHMARK-TEST rdf:resource="#b34000ca4fdf11dfb1b4001641761fb2"/></g2:a.FOLLOWING-ITEM-IN-WORKSPACE-LAYERING>
  <g2:a.POSITION-IN-WORKSPACE>
    <g2:Structure>
      <g2:sa.X g2:type="Integer">-282</g2:sa.X>
      <g2:sa.Y g2:type="Integer">17</g2:sa.Y>
      <g2:sa.SUPERIOR><g2:c.KB-WORKSPACE rdf:resource="#ebd36edb4fde11dfb1b4001641761fb2"/></g2:sa.SUPERIOR></g2:Structure></g2:a.POSITION-IN-WORKSPACE></g2:c.LOOSE-END>

<c.BENCHMARK-TEST ID="b34000ca4fdf11dfb1b4001641761fb2">
  <g2:a.NAMES g2:type="Symbol">SHOW-INPUTS-PROJECTION-CHART</g2:a.NAMES>
  <ua.TEST-RESULT>
    <c.TEST-RESULT-PARAMETER ID="b34000cc4fdf11dfb1b4001641761fb2">
      <g2:a.OPTIONS>
        <g2:Structure>
          <g2:sa.FORWARD-CHAIN g2:type="TruthValue">true</g2:sa.FORWARD-CHAIN>
          <g2:sa.FORWARD-CHAIN-EVEN-FOR-SAME-VALUE g2:type="TruthValue">false</g2:sa.FORWARD-CHAIN-EVEN-FOR-SAME-VALUE></g2:Structure></g2:a.OPTIONS>
      <ua.TEST-INFO>
        <g2:c.TEXT-PARAMETER ID="b34000cd4fdf11dfb1b4001641761fb2">
          <g2:a.OPTIONS>
            <g2:Structure>
              <g2:sa.FORWARD-CHAIN g2:type="TruthValue">false</g2:sa.FORWARD-CHAIN>
              <g2:sa.FORWARD-CHAIN-EVEN-FOR-SAME-VALUE g2:type="TruthValue">false</g2:sa.FORWARD-CHAIN-EVEN-FOR-SAME-VALUE></g2:Structure></g2:a.OPTIONS>
          <g2:a.ICON-VARIABLES>
            <g2:Structure>
              <g2:sa.WIDTH g2:type="Integer">50</g2:sa.WIDTH>
              <g2:sa.HEIGHT g2:type="Integer">50</g2:sa.HEIGHT></g2:Structure></g2:a.ICON-VARIABLES></g2:c.TEXT-PARAMETER></ua.TEST-INFO>
      <g2:a.ICON-VARIABLES>
        <g2:Structure>
          <g2:sa.WIDTH g2:type="Integer">50</g2:sa.WIDTH>
          <g2:sa.HEIGHT g2:type="Integer">50</g2:sa.HEIGHT></g2:Structure></g2:a.ICON-VARIABLES></c.TEST-RESULT-PARAMETER></ua.TEST-RESULT>
  <ua.TIMEOUT-LIMIT g2:type="Integer" g2:unit="SECONDS">10</ua.TIMEOUT-LIMIT>
  <ua.COUNTED g2:type="TruthValue" g2:unit="TRUTH-VALUE">false</ua.COUNTED>
  <g2:a.ICON-VARIABLES>
    <g2:Structure>
      <g2:sa.WIDTH g2:type="Integer">30</g2:sa.WIDTH>
      <g2:sa.HEIGHT g2:type="Integer">24</g2:sa.HEIGHT></g2:Structure></g2:a.ICON-VARIABLES>
  <g2:a.FOLLOWING-ITEM-IN-WORKSPACE-LAYERING><c.NEXT-BENCHMARK rdf:resource="#38f68d1476ab11e69b45000c2973fc18"/></g2:a.FOLLOWING-ITEM-IN-WORKSPACE-LAYERING>
  <g2:a.POSITION-IN-WORKSPACE>
    <g2:Structure>
      <g2:sa.X g2:type="Integer">-282</g2:sa.X>
      <g2:sa.Y g2:type="Integer">-356</g2:sa.Y>
      <g2:sa.SUPERIOR><g2:c.KB-WORKSPACE rdf:resource="#ebd36edb4fde11dfb1b4001641761fb2"/></g2:sa.SUPERIOR></g2:Structure></g2:a.POSITION-IN-WORKSPACE>
  <g2:a.SIZE-IN-WORKSPACE>
    <g2:Structure>
      <g2:sa.WIDTH g2:type="Integer">30</g2:sa.WIDTH>
      <g2:sa.HEIGHT g2:type="Integer">24</g2:sa.HEIGHT></g2:Structure></g2:a.SIZE-IN-WORKSPACE>
  <g2:a.NAME-BOX>
    <g2:Structure>
      <g2:sa.COLOR>
        <g2:Structure>
          <g2:sa.BACKGROUND-COLOR g2:type="Symbol">TRANSPARENT</g2:sa.BACKGROUND-COLOR>
          <g2:sa.TEXT-COLOR g2:type="Symbol">FOREGROUND</g2:sa.TEXT-COLOR></g2:Structure></g2:sa.COLOR>
      <g2:sa.POSITION>
        <g2:Structure>
          <g2:sa.X-OFFSET g2:type="Integer">19</g2:sa.X-OFFSET>
          <g2:sa.Y-OFFSET g2:type="Integer">16</g2:sa.Y-OFFSET></g2:Structure></g2:sa.POSITION></g2:Structure></g2:a.NAME-BOX></c.BENCHMARK-TEST>

<g2:c.KB-WORKSPACE ID="b34000ce4fdf11dfb1b4001641761fb2">
  <g2:a.DEFAULT-WINDOW-POSITION-AND-SCALE>
    <g2:Structure>
      <g2:sa.X g2:type="Integer">627</g2:sa.X>
      <g2:sa.Y g2:type="Integer">330</g2:sa.Y></g2:Structure></g2:a.DEFAULT-WINDOW-POSITION-AND-SCALE>
  <g2:a.EDGES-OF-WORKSPACE>
    <g2:Structure>
      <g2:sa.LEFT g2:type="Integer">-350</g2:sa.LEFT>
      <g2:sa.TOP g2:type="Integer">250</g2:sa.TOP>
      <g2:sa.RIGHT g2:type="Integer">350</g2:sa.RIGHT>
      <g2:sa.BOTTOM g2:type="Integer">-250</g2:sa.BOTTOM></g2:Structure></g2:a.EDGES-OF-WORKSPACE>
  <g2:a.PARENT-OF-SUBWORKSPACE><c.BENCHMARK-TEST rdf:resource="#b34000ca4fdf11dfb1b4001641761fb2"/></g2:a.PARENT-OF-SUBWORKSPACE></g2:c.KB-WORKSPACE>

<g2:c.PROCEDURE ID="b34000cf4fdf11dfb1b4001641761fb2">
  <g2:a.AUTHORS>
    <g2:Structure>
      <g2:sa.AUTHORS>
        <g2:Sequence>
          <rdf:li g2:type="Symbol">ADMINISTRATOR</rdf:li></g2:Sequence></g2:sa.AUTHORS>
      <g2:sa.TIMESTAMP>
        <g2:Structure>
          <g2:sa.YEAR g2:type="Integer">2016</g2:sa.YEAR>
          <g2:sa.MONTH g2:type="Integer">9</g2:sa.MONTH>
          <g2:sa.DATE g2:type="Integer">9</g2:sa.DATE>
          <g2:sa.HOURS g2:type="Integer">21</g2:sa.HOURS>
          <g2:sa.MINUTES g2:type="Integer">55</g2:sa.MINUTES></g2:Structure></g2:sa.TIMESTAMP></g2:Structure></g2:a.AUTHORS>
  <g2:a.TEXT><![CDATA[
show-inputs-projection-chart-test(node: class benchmark-node )

	err: class error;
	x, y: class g2-window;

begin
	show the workspace of gnne-demo-data-set-2;
	for x = each g2-window do
		if the g2-window-management-type of x exists and the g2-window-management-type of x = the symbol remote then
			y = x;
	end;
	begin
		call gnne-show-inputs-in-projection-chart(gnne-demo-data-set-2, y);
	end on error(err)
		begin
			call fail(node, "show-inputs-projection-chart failed");
			return;
		end;
	end;
	call pass(node);
end

]]></g2:a.TEXT>
  <g2:a.ICON-VARIABLES>
    <g2:Structure>
      <g2:sa.WIDTH g2:type="Integer">50</g2:sa.WIDTH>
      <g2:sa.HEIGHT g2:type="Integer">50</g2:sa.HEIGHT></g2:Structure></g2:a.ICON-VARIABLES>
  <g2:a.POSITION-IN-WORKSPACE>
    <g2:Structure>
      <g2:sa.X g2:type="Integer">-40</g2:sa.X>
      <g2:sa.Y g2:type="Integer">58</g2:sa.Y>
      <g2:sa.SUPERIOR><g2:c.KB-WORKSPACE rdf:resource="#b34000ce4fdf11dfb1b4001641761fb2"/></g2:sa.SUPERIOR></g2:Structure></g2:a.POSITION-IN-WORKSPACE>
  <g2:a.SIZE-IN-WORKSPACE>
    <g2:Structure>
      <g2:sa.WIDTH g2:type="Integer">50</g2:sa.WIDTH>
      <g2:sa.HEIGHT g2:type="Integer">50</g2:sa.HEIGHT></g2:Structure></g2:a.SIZE-IN-WORKSPACE>
  <g2:a.NAME-BOX>
    <g2:Structure>
      <g2:sa.COLOR>
        <g2:Structure>
          <g2:sa.BACKGROUND-COLOR g2:type="Symbol">TRANSPARENT</g2:sa.BACKGROUND-COLOR>
          <g2:sa.TEXT-COLOR g2:type="Symbol">FOREGROUND</g2:sa.TEXT-COLOR></g2:Structure></g2:sa.COLOR>
      <g2:sa.POSITION>
        <g2:Structure>
          <g2:sa.X-OFFSET g2:type="Integer">-159</g2:sa.X-OFFSET>
          <g2:sa.Y-OFFSET g2:type="Integer">-29</g2:sa.Y-OFFSET></g2:Structure></g2:sa.POSITION></g2:Structure></g2:a.NAME-BOX></g2:c.PROCEDURE>

<c.BENCHMARK-TEST ID="b34000d04fdf11dfb1b4001641761fb2">
  <g2:a.NAMES g2:type="Symbol">SHOW-INPUTS</g2:a.NAMES>
  <ua.TEST-RESULT>
    <c.TEST-RESULT-PARAMETER ID="b34000d24fdf11dfb1b4001641761fb2">
      <g2:a.OPTIONS>
        <g2:Structure>
          <g2:sa.FORWARD-CHAIN g2:type="TruthValue">true</g2:sa.FORWARD-CHAIN>
          <g2:sa.FORWARD-CHAIN-EVEN-FOR-SAME-VALUE g2:type="TruthValue">false</g2:sa.FORWARD-CHAIN-EVEN-FOR-SAME-VALUE></g2:Structure></g2:a.OPTIONS>
      <ua.TEST-INFO>
        <g2:c.TEXT-PARAMETER ID="b34000d34fdf11dfb1b4001641761fb2">
          <g2:a.OPTIONS>
            <g2:Structure>
              <g2:sa.FORWARD-CHAIN g2:type="TruthValue">false</g2:sa.FORWARD-CHAIN>
              <g2:sa.FORWARD-CHAIN-EVEN-FOR-SAME-VALUE g2:type="TruthValue">false</g2:sa.FORWARD-CHAIN-EVEN-FOR-SAME-VALUE></g2:Structure></g2:a.OPTIONS>
          <g2:a.ICON-VARIABLES>
            <g2:Structure>
              <g2:sa.WIDTH g2:type="Integer">50</g2:sa.WIDTH>
              <g2:sa.HEIGHT g2:type="Integer">50</g2:sa.HEIGHT></g2:Structure></g2:a.ICON-VARIABLES></g2:c.TEXT-PARAMETER></ua.TEST-INFO>
      <g2:a.ICON-VARIABLES>
        <g2:Structure>
          <g2:sa.WIDTH g2:type="Integer">50</g2:sa.WIDTH>
          <g2:sa.HEIGHT g2:type="Integer">50</g2:sa.HEIGHT></g2:Structure></g2:a.ICON-VARIABLES></c.TEST-RESULT-PARAMETER></ua.TEST-RESULT>
  <ua.TIMEOUT-LIMIT g2:type="Integer" g2:unit="SECONDS">10</ua.TIMEOUT-LIMIT>
  <ua.COUNTED g2:type="TruthValue" g2:unit="TRUTH-VALUE">false</ua.COUNTED>
  <g2:a.ICON-VARIABLES>
    <g2:Structure>
      <g2:sa.WIDTH g2:type="Integer">30</g2:sa.WIDTH>
      <g2:sa.HEIGHT g2:type="Integer">24</g2:sa.HEIGHT></g2:Structure></g2:a.ICON-VARIABLES>
  <g2:a.FOLLOWING-ITEM-IN-WORKSPACE-LAYERING><c.NEXT-BENCHMARK rdf:resource="#b34000f24fdf11dfb1b4001641761fb2"/></g2:a.FOLLOWING-ITEM-IN-WORKSPACE-LAYERING>
  <g2:a.POSITION-IN-WORKSPACE>
    <g2:Structure>
      <g2:sa.X g2:type="Integer">-282</g2:sa.X>
      <g2:sa.Y g2:type="Integer">-78</g2:sa.Y>
      <g2:sa.SUPERIOR><g2:c.KB-WORKSPACE rdf:resource="#ebd36edb4fde11dfb1b4001641761fb2"/></g2:sa.SUPERIOR></g2:Structure></g2:a.POSITION-IN-WORKSPACE>
  <g2:a.SIZE-IN-WORKSPACE>
    <g2:Structure>
      <g2:sa.WIDTH g2:type="Integer">30</g2:sa.WIDTH>
      <g2:sa.HEIGHT g2:type="Integer">24</g2:sa.HEIGHT></g2:Structure></g2:a.SIZE-IN-WORKSPACE>
  <g2:a.NAME-BOX>
    <g2:Structure>
      <g2:sa.COLOR>
        <g2:Structure>
          <g2:sa.BACKGROUND-COLOR g2:type="Symbol">TRANSPARENT</g2:sa.BACKGROUND-COLOR>
          <g2:sa.TEXT-COLOR g2:type="Symbol">FOREGROUND</g2:sa.TEXT-COLOR></g2:Structure></g2:sa.COLOR>
      <g2:sa.POSITION>
        <g2:Structure>
          <g2:sa.X-OFFSET g2:type="Integer">19</g2:sa.X-OFFSET>
          <g2:sa.Y-OFFSET g2:type="Integer">16</g2:sa.Y-OFFSET></g2:Structure></g2:sa.POSITION></g2:Structure></g2:a.NAME-BOX></c.BENCHMARK-TEST>

<g2:c.KB-WORKSPACE ID="b34000d44fdf11dfb1b4001641761fb2">
  <g2:a.DEFAULT-WINDOW-POSITION-AND-SCALE>
    <g2:Structure>
      <g2:sa.X g2:type="Integer">391</g2:sa.X>
      <g2:sa.Y g2:type="Integer">348</g2:sa.Y></g2:Structure></g2:a.DEFAULT-WINDOW-POSITION-AND-SCALE>
  <g2:a.EDGES-OF-WORKSPACE>
    <g2:Structure>
      <g2:sa.LEFT g2:type="Integer">-350</g2:sa.LEFT>
      <g2:sa.TOP g2:type="Integer">250</g2:sa.TOP>
      <g2:sa.RIGHT g2:type="Integer">350</g2:sa.RIGHT>
      <g2:sa.BOTTOM g2:type="Integer">-250</g2:sa.BOTTOM></g2:Structure></g2:a.EDGES-OF-WORKSPACE>
  <g2:a.PARENT-OF-SUBWORKSPACE><c.BENCHMARK-TEST rdf:resource="#b34000d04fdf11dfb1b4001641761fb2"/></g2:a.PARENT-OF-SUBWORKSPACE></g2:c.KB-WORKSPACE>

<g2:c.PROCEDURE ID="b34000d54fdf11dfb1b4001641761fb2">
  <g2:a.AUTHORS>
    <g2:Structure>
      <g2:sa.AUTHORS>
        <g2:Sequence>
          <rdf:li g2:type="Symbol">ADMINISTRATOR</rdf:li></g2:Sequence></g2:sa.AUTHORS>
      <g2:sa.TIMESTAMP>
        <g2:Structure>
          <g2:sa.YEAR g2:type="Integer">2016</g2:sa.YEAR>
          <g2:sa.MONTH g2:type="Integer">9</g2:sa.MONTH>
          <g2:sa.DATE g2:type="Integer">9</g2:sa.DATE>
          <g2:sa.HOURS g2:type="Integer">21</g2:sa.HOURS>
          <g2:sa.MINUTES g2:type="Integer">47</g2:sa.MINUTES></g2:Structure></g2:sa.TIMESTAMP></g2:Structure></g2:a.AUTHORS>
  <g2:a.TEXT><![CDATA[
show-inputs-test(node: class benchmark-node )

	err: class error;
	x, y: class g2-window;
	
begin

	show the workspace of gnne-demo-data-set-2;
	for x = each g2-window do
		if the g2-window-management-type of x exists and the g2-window-management-type of x = the symbol remote then
			y = x;
	end;
	
	begin
		call gnne-show-inputs-in-line-chart(gnne-demo-data-set-2, y);
	end on error(err)
		begin
			call fail(node, "Show Single Input failed");
			return;
		end;
	end;
	
	call pass(node);
end

]]></g2:a.TEXT>
  <g2:a.ICON-VARIABLES>
    <g2:Structure>
      <g2:sa.WIDTH g2:type="Integer">50</g2:sa.WIDTH>
      <g2:sa.HEIGHT g2:type="Integer">50</g2:sa.HEIGHT></g2:Structure></g2:a.ICON-VARIABLES>
  <g2:a.POSITION-IN-WORKSPACE>
    <g2:Structure>
      <g2:sa.X g2:type="Integer">-37</g2:sa.X>
      <g2:sa.Y g2:type="Integer">38</g2:sa.Y>
      <g2:sa.SUPERIOR><g2:c.KB-WORKSPACE rdf:resource="#b34000d44fdf11dfb1b4001641761fb2"/></g2:sa.SUPERIOR></g2:Structure></g2:a.POSITION-IN-WORKSPACE>
  <g2:a.SIZE-IN-WORKSPACE>
    <g2:Structure>
      <g2:sa.WIDTH g2:type="Integer">50</g2:sa.WIDTH>
      <g2:sa.HEIGHT g2:type="Integer">50</g2:sa.HEIGHT></g2:Structure></g2:a.SIZE-IN-WORKSPACE>
  <g2:a.NAME-BOX>
    <g2:Structure>
      <g2:sa.COLOR>
        <g2:Structure>
          <g2:sa.BACKGROUND-COLOR g2:type="Symbol">TRANSPARENT</g2:sa.BACKGROUND-COLOR>
          <g2:sa.TEXT-COLOR g2:type="Symbol">FOREGROUND</g2:sa.TEXT-COLOR></g2:Structure></g2:sa.COLOR>
      <g2:sa.POSITION>
        <g2:Structure>
          <g2:sa.X-OFFSET g2:type="Integer">-84</g2:sa.X-OFFSET>
          <g2:sa.Y-OFFSET g2:type="Integer">-29</g2:sa.Y-OFFSET></g2:Structure></g2:sa.POSITION></g2:Structure></g2:a.NAME-BOX></g2:c.PROCEDURE>

<c.BENCHMARK-TEST ID="b34000d64fdf11dfb1b4001641761fb2">
  <g2:a.NAMES g2:type="Symbol">SHOW-SINGLE-INPUT</g2:a.NAMES>
  <ua.TEST-RESULT>
    <c.TEST-RESULT-PARAMETER ID="b34000d84fdf11dfb1b4001641761fb2">
      <g2:a.OPTIONS>
        <g2:Structure>
          <g2:sa.FORWARD-CHAIN g2:type="TruthValue">true</g2:sa.FORWARD-CHAIN>
          <g2:sa.FORWARD-CHAIN-EVEN-FOR-SAME-VALUE g2:type="TruthValue">false</g2:sa.FORWARD-CHAIN-EVEN-FOR-SAME-VALUE></g2:Structure></g2:a.OPTIONS>
      <ua.TEST-INFO>
        <g2:c.TEXT-PARAMETER ID="b34000d94fdf11dfb1b4001641761fb2">
          <g2:a.OPTIONS>
            <g2:Structure>
              <g2:sa.FORWARD-CHAIN g2:type="TruthValue">false</g2:sa.FORWARD-CHAIN>
              <g2:sa.FORWARD-CHAIN-EVEN-FOR-SAME-VALUE g2:type="TruthValue">false</g2:sa.FORWARD-CHAIN-EVEN-FOR-SAME-VALUE></g2:Structure></g2:a.OPTIONS>
          <g2:a.ICON-VARIABLES>
            <g2:Structure>
              <g2:sa.WIDTH g2:type="Integer">50</g2:sa.WIDTH>
              <g2:sa.HEIGHT g2:type="Integer">50</g2:sa.HEIGHT></g2:Structure></g2:a.ICON-VARIABLES></g2:c.TEXT-PARAMETER></ua.TEST-INFO>
      <g2:a.ICON-VARIABLES>
        <g2:Structure>
          <g2:sa.WIDTH g2:type="Integer">50</g2:sa.WIDTH>
          <g2:sa.HEIGHT g2:type="Integer">50</g2:sa.HEIGHT></g2:Structure></g2:a.ICON-VARIABLES></c.TEST-RESULT-PARAMETER></ua.TEST-RESULT>
  <ua.TIMEOUT-LIMIT g2:type="Integer" g2:unit="SECONDS">10</ua.TIMEOUT-LIMIT>
  <ua.COUNTED g2:type="TruthValue" g2:unit="TRUTH-VALUE">false</ua.COUNTED>
  <g2:a.ICON-VARIABLES>
    <g2:Structure>
      <g2:sa.WIDTH g2:type="Integer">30</g2:sa.WIDTH>
      <g2:sa.HEIGHT g2:type="Integer">24</g2:sa.HEIGHT></g2:Structure></g2:a.ICON-VARIABLES>
  <g2:a.FOLLOWING-ITEM-IN-WORKSPACE-LAYERING><c.NEXT-BENCHMARK rdf:resource="#b34000f34fdf11dfb1b4001641761fb2"/></g2:a.FOLLOWING-ITEM-IN-WORKSPACE-LAYERING>
  <g2:a.POSITION-IN-WORKSPACE>
    <g2:Structure>
      <g2:sa.X g2:type="Integer">-282</g2:sa.X>
      <g2:sa.Y g2:type="Integer">-149</g2:sa.Y>
      <g2:sa.SUPERIOR><g2:c.KB-WORKSPACE rdf:resource="#ebd36edb4fde11dfb1b4001641761fb2"/></g2:sa.SUPERIOR></g2:Structure></g2:a.POSITION-IN-WORKSPACE>
  <g2:a.SIZE-IN-WORKSPACE>
    <g2:Structure>
      <g2:sa.WIDTH g2:type="Integer">30</g2:sa.WIDTH>
      <g2:sa.HEIGHT g2:type="Integer">24</g2:sa.HEIGHT></g2:Structure></g2:a.SIZE-IN-WORKSPACE>
  <g2:a.NAME-BOX>
    <g2:Structure>
      <g2:sa.COLOR>
        <g2:Structure>
          <g2:sa.BACKGROUND-COLOR g2:type="Symbol">TRANSPARENT</g2:sa.BACKGROUND-COLOR>
          <g2:sa.TEXT-COLOR g2:type="Symbol">FOREGROUND</g2:sa.TEXT-COLOR></g2:Structure></g2:sa.COLOR>
      <g2:sa.POSITION>
        <g2:Structure>
          <g2:sa.X-OFFSET g2:type="Integer">19</g2:sa.X-OFFSET>
          <g2:sa.Y-OFFSET g2:type="Integer">16</g2:sa.Y-OFFSET></g2:Structure></g2:sa.POSITION></g2:Structure></g2:a.NAME-BOX></c.BENCHMARK-TEST>

<g2:c.KB-WORKSPACE ID="b34000da4fdf11dfb1b4001641761fb2">
  <g2:a.DEFAULT-WINDOW-POSITION-AND-SCALE>
    <g2:Structure>
      <g2:sa.X g2:type="Integer">627</g2:sa.X>
      <g2:sa.Y g2:type="Integer">330</g2:sa.Y></g2:Structure></g2:a.DEFAULT-WINDOW-POSITION-AND-SCALE>
  <g2:a.EDGES-OF-WORKSPACE>
    <g2:Structure>
      <g2:sa.LEFT g2:type="Integer">-350</g2:sa.LEFT>
      <g2:sa.TOP g2:type="Integer">250</g2:sa.TOP>
      <g2:sa.RIGHT g2:type="Integer">350</g2:sa.RIGHT>
      <g2:sa.BOTTOM g2:type="Integer">-250</g2:sa.BOTTOM></g2:Structure></g2:a.EDGES-OF-WORKSPACE>
  <g2:a.PARENT-OF-SUBWORKSPACE><c.BENCHMARK-TEST rdf:resource="#b34000d64fdf11dfb1b4001641761fb2"/></g2:a.PARENT-OF-SUBWORKSPACE></g2:c.KB-WORKSPACE>

<g2:c.PROCEDURE ID="b34000db4fdf11dfb1b4001641761fb2">
  <g2:a.AUTHORS>
    <g2:Structure>
      <g2:sa.AUTHORS>
        <g2:Sequence>
          <rdf:li g2:type="Symbol">ADMINISTRATOR</rdf:li></g2:Sequence></g2:sa.AUTHORS>
      <g2:sa.TIMESTAMP>
        <g2:Structure>
          <g2:sa.YEAR g2:type="Integer">2016</g2:sa.YEAR>
          <g2:sa.MONTH g2:type="Integer">9</g2:sa.MONTH>
          <g2:sa.DATE g2:type="Integer">9</g2:sa.DATE>
          <g2:sa.HOURS g2:type="Integer">21</g2:sa.HOURS>
          <g2:sa.MINUTES g2:type="Integer">54</g2:sa.MINUTES></g2:Structure></g2:sa.TIMESTAMP></g2:Structure></g2:a.AUTHORS>
  <g2:a.TEXT><![CDATA[
show-single-input-test(node: class benchmark-node )
	
	err: class error;
	x, y: class g2-window;

begin
	show the workspace of gnne-demo-data-set-2;
	for x = each g2-window do
		if the g2-window-management-type of x exists and the g2-window-management-type of x = the symbol remote then
			y = x;
	end;
	begin
		call gnne-show-input-variable-in-line-chart(gnne-demo-data-set-2 , 1, y )
	end on error(err)
		begin
			call fail(node, "Show Single Input failed");
			return;
		end;
	end;
	call pass(node);
end

]]></g2:a.TEXT>
  <g2:a.ICON-VARIABLES>
    <g2:Structure>
      <g2:sa.WIDTH g2:type="Integer">50</g2:sa.WIDTH>
      <g2:sa.HEIGHT g2:type="Integer">50</g2:sa.HEIGHT></g2:Structure></g2:a.ICON-VARIABLES>
  <g2:a.POSITION-IN-WORKSPACE>
    <g2:Structure>
      <g2:sa.X g2:type="Integer">-36</g2:sa.X>
      <g2:sa.Y g2:type="Integer">112</g2:sa.Y>
      <g2:sa.SUPERIOR><g2:c.KB-WORKSPACE rdf:resource="#b34000da4fdf11dfb1b4001641761fb2"/></g2:sa.SUPERIOR></g2:Structure></g2:a.POSITION-IN-WORKSPACE>
  <g2:a.SIZE-IN-WORKSPACE>
    <g2:Structure>
      <g2:sa.WIDTH g2:type="Integer">50</g2:sa.WIDTH>
      <g2:sa.HEIGHT g2:type="Integer">50</g2:sa.HEIGHT></g2:Structure></g2:a.SIZE-IN-WORKSPACE>
  <g2:a.NAME-BOX>
    <g2:Structure>
      <g2:sa.COLOR>
        <g2:Structure>
          <g2:sa.BACKGROUND-COLOR g2:type="Symbol">TRANSPARENT</g2:sa.BACKGROUND-COLOR>
          <g2:sa.TEXT-COLOR g2:type="Symbol">FOREGROUND</g2:sa.TEXT-COLOR></g2:Structure></g2:sa.COLOR>
      <g2:sa.POSITION>
        <g2:Structure>
          <g2:sa.X-OFFSET g2:type="Integer">-108</g2:sa.X-OFFSET>
          <g2:sa.Y-OFFSET g2:type="Integer">-29</g2:sa.Y-OFFSET></g2:Structure></g2:sa.POSITION></g2:Structure></g2:a.NAME-BOX></g2:c.PROCEDURE>

<c.BENCHMARK-TEST ID="b34000dc4fdf11dfb1b4001641761fb2">
  <g2:a.NAMES g2:type="Symbol">SHOW-OUTPUTS</g2:a.NAMES>
  <ua.TEST-RESULT>
    <c.TEST-RESULT-PARAMETER ID="b34000de4fdf11dfb1b4001641761fb2">
      <g2:a.OPTIONS>
        <g2:Structure>
          <g2:sa.FORWARD-CHAIN g2:type="TruthValue">true</g2:sa.FORWARD-CHAIN>
          <g2:sa.FORWARD-CHAIN-EVEN-FOR-SAME-VALUE g2:type="TruthValue">false</g2:sa.FORWARD-CHAIN-EVEN-FOR-SAME-VALUE></g2:Structure></g2:a.OPTIONS>
      <ua.TEST-INFO>
        <g2:c.TEXT-PARAMETER ID="b34000df4fdf11dfb1b4001641761fb2">
          <g2:a.OPTIONS>
            <g2:Structure>
              <g2:sa.FORWARD-CHAIN g2:type="TruthValue">false</g2:sa.FORWARD-CHAIN>
              <g2:sa.FORWARD-CHAIN-EVEN-FOR-SAME-VALUE g2:type="TruthValue">false</g2:sa.FORWARD-CHAIN-EVEN-FOR-SAME-VALUE></g2:Structure></g2:a.OPTIONS>
          <g2:a.ICON-VARIABLES>
            <g2:Structure>
              <g2:sa.WIDTH g2:type="Integer">50</g2:sa.WIDTH>
              <g2:sa.HEIGHT g2:type="Integer">50</g2:sa.HEIGHT></g2:Structure></g2:a.ICON-VARIABLES></g2:c.TEXT-PARAMETER></ua.TEST-INFO>
      <g2:a.ICON-VARIABLES>
        <g2:Structure>
          <g2:sa.WIDTH g2:type="Integer">50</g2:sa.WIDTH>
          <g2:sa.HEIGHT g2:type="Integer">50</g2:sa.HEIGHT></g2:Structure></g2:a.ICON-VARIABLES></c.TEST-RESULT-PARAMETER></ua.TEST-RESULT>
  <ua.TIMEOUT-LIMIT g2:type="Integer" g2:unit="SECONDS">10</ua.TIMEOUT-LIMIT>
  <ua.COUNTED g2:type="TruthValue" g2:unit="TRUTH-VALUE">false</ua.COUNTED>
  <g2:a.ICON-VARIABLES>
    <g2:Structure>
      <g2:sa.WIDTH g2:type="Integer">30</g2:sa.WIDTH>
      <g2:sa.HEIGHT g2:type="Integer">24</g2:sa.HEIGHT></g2:Structure></g2:a.ICON-VARIABLES>
  <g2:a.FOLLOWING-ITEM-IN-WORKSPACE-LAYERING><c.NEXT-BENCHMARK rdf:resource="#b34000f44fdf11dfb1b4001641761fb2"/></g2:a.FOLLOWING-ITEM-IN-WORKSPACE-LAYERING>
  <g2:a.POSITION-IN-WORKSPACE>
    <g2:Structure>
      <g2:sa.X g2:type="Integer">-282</g2:sa.X>
      <g2:sa.Y g2:type="Integer">-217</g2:sa.Y>
      <g2:sa.SUPERIOR><g2:c.KB-WORKSPACE rdf:resource="#ebd36edb4fde11dfb1b4001641761fb2"/></g2:sa.SUPERIOR></g2:Structure></g2:a.POSITION-IN-WORKSPACE>
  <g2:a.SIZE-IN-WORKSPACE>
    <g2:Structure>
      <g2:sa.WIDTH g2:type="Integer">30</g2:sa.WIDTH>
      <g2:sa.HEIGHT g2:type="Integer">24</g2:sa.HEIGHT></g2:Structure></g2:a.SIZE-IN-WORKSPACE>
  <g2:a.NAME-BOX>
    <g2:Structure>
      <g2:sa.COLOR>
        <g2:Structure>
          <g2:sa.BACKGROUND-COLOR g2:type="Symbol">TRANSPARENT</g2:sa.BACKGROUND-COLOR>
          <g2:sa.TEXT-COLOR g2:type="Symbol">FOREGROUND</g2:sa.TEXT-COLOR></g2:Structure></g2:sa.COLOR>
      <g2:sa.POSITION>
        <g2:Structure>
          <g2:sa.X-OFFSET g2:type="Integer">19</g2:sa.X-OFFSET>
          <g2:sa.Y-OFFSET g2:type="Integer">16</g2:sa.Y-OFFSET></g2:Structure></g2:sa.POSITION></g2:Structure></g2:a.NAME-BOX></c.BENCHMARK-TEST>

<g2:c.KB-WORKSPACE ID="b34000e04fdf11dfb1b4001641761fb2">
  <g2:a.DEFAULT-WINDOW-POSITION-AND-SCALE>
    <g2:Structure>
      <g2:sa.X g2:type="Integer">627</g2:sa.X>
      <g2:sa.Y g2:type="Integer">330</g2:sa.Y></g2:Structure></g2:a.DEFAULT-WINDOW-POSITION-AND-SCALE>
  <g2:a.EDGES-OF-WORKSPACE>
    <g2:Structure>
      <g2:sa.LEFT g2:type="Integer">-350</g2:sa.LEFT>
      <g2:sa.TOP g2:type="Integer">250</g2:sa.TOP>
      <g2:sa.RIGHT g2:type="Integer">350</g2:sa.RIGHT>
      <g2:sa.BOTTOM g2:type="Integer">-250</g2:sa.BOTTOM></g2:Structure></g2:a.EDGES-OF-WORKSPACE>
  <g2:a.PARENT-OF-SUBWORKSPACE><c.BENCHMARK-TEST rdf:resource="#b34000dc4fdf11dfb1b4001641761fb2"/></g2:a.PARENT-OF-SUBWORKSPACE></g2:c.KB-WORKSPACE>

<g2:c.PROCEDURE ID="b34000e14fdf11dfb1b4001641761fb2">
  <g2:a.AUTHORS>
    <g2:Structure>
      <g2:sa.AUTHORS>
        <g2:Sequence>
          <rdf:li g2:type="Symbol">ADMINISTRATOR</rdf:li></g2:Sequence></g2:sa.AUTHORS>
      <g2:sa.TIMESTAMP>
        <g2:Structure>
          <g2:sa.YEAR g2:type="Integer">2016</g2:sa.YEAR>
          <g2:sa.MONTH g2:type="Integer">9</g2:sa.MONTH>
          <g2:sa.DATE g2:type="Integer">9</g2:sa.DATE>
          <g2:sa.HOURS g2:type="Integer">21</g2:sa.HOURS>
          <g2:sa.MINUTES g2:type="Integer">54</g2:sa.MINUTES></g2:Structure></g2:sa.TIMESTAMP></g2:Structure></g2:a.AUTHORS>
  <g2:a.TEXT><![CDATA[
show-outputs-test(node: class benchmark-node )

	err: class error;
	x, y: class g2-window;

begin
	show the workspace of gnne-demo-data-set-2;
	for x = each g2-window do
		if the g2-window-management-type of x exists and the g2-window-management-type of x = the symbol remote then
			y = x;
	end;
	begin
		call gnne-show-outputs-in-line-chart (gnne-demo-data-set-2 , y );
	end on error(err)
		begin
			call fail(node, "Show Outputs failed");
			return;
		end;
	end;
	call pass(node);
end

]]></g2:a.TEXT>
  <g2:a.ICON-VARIABLES>
    <g2:Structure>
      <g2:sa.WIDTH g2:type="Integer">50</g2:sa.WIDTH>
      <g2:sa.HEIGHT g2:type="Integer">50</g2:sa.HEIGHT></g2:Structure></g2:a.ICON-VARIABLES>
  <g2:a.POSITION-IN-WORKSPACE>
    <g2:Structure>
      <g2:sa.X g2:type="Integer">15</g2:sa.X>
      <g2:sa.Y g2:type="Integer">70</g2:sa.Y>
      <g2:sa.SUPERIOR><g2:c.KB-WORKSPACE rdf:resource="#b34000e04fdf11dfb1b4001641761fb2"/></g2:sa.SUPERIOR></g2:Structure></g2:a.POSITION-IN-WORKSPACE>
  <g2:a.SIZE-IN-WORKSPACE>
    <g2:Structure>
      <g2:sa.WIDTH g2:type="Integer">50</g2:sa.WIDTH>
      <g2:sa.HEIGHT g2:type="Integer">50</g2:sa.HEIGHT></g2:Structure></g2:a.SIZE-IN-WORKSPACE>
  <g2:a.NAME-BOX>
    <g2:Structure>
      <g2:sa.COLOR>
        <g2:Structure>
          <g2:sa.BACKGROUND-COLOR g2:type="Symbol">TRANSPARENT</g2:sa.BACKGROUND-COLOR>
          <g2:sa.TEXT-COLOR g2:type="Symbol">FOREGROUND</g2:sa.TEXT-COLOR></g2:Structure></g2:sa.COLOR>
      <g2:sa.POSITION>
        <g2:Structure>
          <g2:sa.X-OFFSET g2:type="Integer">-91</g2:sa.X-OFFSET>
          <g2:sa.Y-OFFSET g2:type="Integer">-29</g2:sa.Y-OFFSET></g2:Structure></g2:sa.POSITION></g2:Structure></g2:a.NAME-BOX></g2:c.PROCEDURE>

<c.BENCHMARK-TEST ID="b34000e24fdf11dfb1b4001641761fb2">
  <g2:a.NAMES g2:type="Symbol">SHOW-SINGLE-OUTPUT</g2:a.NAMES>
  <ua.TEST-RESULT>
    <c.TEST-RESULT-PARAMETER ID="b34000e44fdf11dfb1b4001641761fb2">
      <g2:a.OPTIONS>
        <g2:Structure>
          <g2:sa.FORWARD-CHAIN g2:type="TruthValue">true</g2:sa.FORWARD-CHAIN>
          <g2:sa.FORWARD-CHAIN-EVEN-FOR-SAME-VALUE g2:type="TruthValue">false</g2:sa.FORWARD-CHAIN-EVEN-FOR-SAME-VALUE></g2:Structure></g2:a.OPTIONS>
      <ua.TEST-INFO>
        <g2:c.TEXT-PARAMETER ID="b34000e54fdf11dfb1b4001641761fb2">
          <g2:a.OPTIONS>
            <g2:Structure>
              <g2:sa.FORWARD-CHAIN g2:type="TruthValue">false</g2:sa.FORWARD-CHAIN>
              <g2:sa.FORWARD-CHAIN-EVEN-FOR-SAME-VALUE g2:type="TruthValue">false</g2:sa.FORWARD-CHAIN-EVEN-FOR-SAME-VALUE></g2:Structure></g2:a.OPTIONS>
          <g2:a.ICON-VARIABLES>
            <g2:Structure>
              <g2:sa.WIDTH g2:type="Integer">50</g2:sa.WIDTH>
              <g2:sa.HEIGHT g2:type="Integer">50</g2:sa.HEIGHT></g2:Structure></g2:a.ICON-VARIABLES></g2:c.TEXT-PARAMETER></ua.TEST-INFO>
      <g2:a.ICON-VARIABLES>
        <g2:Structure>
          <g2:sa.WIDTH g2:type="Integer">50</g2:sa.WIDTH>
          <g2:sa.HEIGHT g2:type="Integer">50</g2:sa.HEIGHT></g2:Structure></g2:a.ICON-VARIABLES></c.TEST-RESULT-PARAMETER></ua.TEST-RESULT>
  <ua.TIMEOUT-LIMIT g2:type="Integer" g2:unit="SECONDS">10</ua.TIMEOUT-LIMIT>
  <ua.COUNTED g2:type="TruthValue" g2:unit="TRUTH-VALUE">false</ua.COUNTED>
  <g2:a.ICON-VARIABLES>
    <g2:Structure>
      <g2:sa.WIDTH g2:type="Integer">30</g2:sa.WIDTH>
      <g2:sa.HEIGHT g2:type="Integer">24</g2:sa.HEIGHT></g2:Structure></g2:a.ICON-VARIABLES>
  <g2:a.FOLLOWING-ITEM-IN-WORKSPACE-LAYERING><c.NEXT-BENCHMARK rdf:resource="#b34000f04fdf11dfb1b4001641761fb2"/></g2:a.FOLLOWING-ITEM-IN-WORKSPACE-LAYERING>
  <g2:a.POSITION-IN-WORKSPACE>
    <g2:Structure>
      <g2:sa.X g2:type="Integer">-282</g2:sa.X>
      <g2:sa.Y g2:type="Integer">-286</g2:sa.Y>
      <g2:sa.SUPERIOR><g2:c.KB-WORKSPACE rdf:resource="#ebd36edb4fde11dfb1b4001641761fb2"/></g2:sa.SUPERIOR></g2:Structure></g2:a.POSITION-IN-WORKSPACE>
  <g2:a.SIZE-IN-WORKSPACE>
    <g2:Structure>
      <g2:sa.WIDTH g2:type="Integer">30</g2:sa.WIDTH>
      <g2:sa.HEIGHT g2:type="Integer">24</g2:sa.HEIGHT></g2:Structure></g2:a.SIZE-IN-WORKSPACE>
  <g2:a.NAME-BOX>
    <g2:Structure>
      <g2:sa.COLOR>
        <g2:Structure>
          <g2:sa.BACKGROUND-COLOR g2:type="Symbol">TRANSPARENT</g2:sa.BACKGROUND-COLOR>
          <g2:sa.TEXT-COLOR g2:type="Symbol">FOREGROUND</g2:sa.TEXT-COLOR></g2:Structure></g2:sa.COLOR>
      <g2:sa.POSITION>
        <g2:Structure>
          <g2:sa.X-OFFSET g2:type="Integer">19</g2:sa.X-OFFSET>
          <g2:sa.Y-OFFSET g2:type="Integer">16</g2:sa.Y-OFFSET></g2:Structure></g2:sa.POSITION></g2:Structure></g2:a.NAME-BOX></c.BENCHMARK-TEST>

<g2:c.KB-WORKSPACE ID="b34000e64fdf11dfb1b4001641761fb2">
  <g2:a.DEFAULT-WINDOW-POSITION-AND-SCALE>
    <g2:Structure>
      <g2:sa.X g2:type="Integer">627</g2:sa.X>
      <g2:sa.Y g2:type="Integer">330</g2:sa.Y></g2:Structure></g2:a.DEFAULT-WINDOW-POSITION-AND-SCALE>
  <g2:a.EDGES-OF-WORKSPACE>
    <g2:Structure>
      <g2:sa.LEFT g2:type="Integer">-350</g2:sa.LEFT>
      <g2:sa.TOP g2:type="Integer">250</g2:sa.TOP>
      <g2:sa.RIGHT g2:type="Integer">350</g2:sa.RIGHT>
      <g2:sa.BOTTOM g2:type="Integer">-250</g2:sa.BOTTOM></g2:Structure></g2:a.EDGES-OF-WORKSPACE>
  <g2:a.PARENT-OF-SUBWORKSPACE><c.BENCHMARK-TEST rdf:resource="#b34000e24fdf11dfb1b4001641761fb2"/></g2:a.PARENT-OF-SUBWORKSPACE></g2:c.KB-WORKSPACE>

<g2:c.PROCEDURE ID="b34000e74fdf11dfb1b4001641761fb2">
  <g2:a.AUTHORS>
    <g2:Structure>
      <g2:sa.AUTHORS>
        <g2:Sequence>
          <rdf:li g2:type="Symbol">ADMINISTRATOR</rdf:li></g2:Sequence></g2:sa.AUTHORS>
      <g2:sa.TIMESTAMP>
        <g2:Structure>
          <g2:sa.YEAR g2:type="Integer">2016</g2:sa.YEAR>
          <g2:sa.MONTH g2:type="Integer">9</g2:sa.MONTH>
          <g2:sa.DATE g2:type="Integer">9</g2:sa.DATE>
          <g2:sa.HOURS g2:type="Integer">21</g2:sa.HOURS>
          <g2:sa.MINUTES g2:type="Integer">55</g2:sa.MINUTES></g2:Structure></g2:sa.TIMESTAMP></g2:Structure></g2:a.AUTHORS>
  <g2:a.TEXT><![CDATA[
show-single-output-test(node: class benchmark-node )

	err: class error;
	x, y: class g2-window;

begin
	show the workspace of gnne-demo-data-set-2;
	for x = each g2-window do
		if the g2-window-management-type of x exists and the g2-window-management-type of x = the symbol remote then
			y = x;
	end;
	begin
		call gnne-show-output-variable-in-line-chart(gnne-demo-data-set-2, 0, y);
	end on error(err)
		begin
			call fail(node, "Show Single Output failed");
			return;
		end;
	end;
	call pass(node);
end

]]></g2:a.TEXT>
  <g2:a.ICON-VARIABLES>
    <g2:Structure>
      <g2:sa.WIDTH g2:type="Integer">50</g2:sa.WIDTH>
      <g2:sa.HEIGHT g2:type="Integer">50</g2:sa.HEIGHT></g2:Structure></g2:a.ICON-VARIABLES>
  <g2:a.POSITION-IN-WORKSPACE>
    <g2:Structure>
      <g2:sa.X g2:type="Integer">15</g2:sa.X>
      <g2:sa.Y g2:type="Integer">43</g2:sa.Y>
      <g2:sa.SUPERIOR><g2:c.KB-WORKSPACE rdf:resource="#b34000e64fdf11dfb1b4001641761fb2"/></g2:sa.SUPERIOR></g2:Structure></g2:a.POSITION-IN-WORKSPACE>
  <g2:a.SIZE-IN-WORKSPACE>
    <g2:Structure>
      <g2:sa.WIDTH g2:type="Integer">50</g2:sa.WIDTH>
      <g2:sa.HEIGHT g2:type="Integer">50</g2:sa.HEIGHT></g2:Structure></g2:a.SIZE-IN-WORKSPACE>
  <g2:a.NAME-BOX>
    <g2:Structure>
      <g2:sa.COLOR>
        <g2:Structure>
          <g2:sa.BACKGROUND-COLOR g2:type="Symbol">TRANSPARENT</g2:sa.BACKGROUND-COLOR>
          <g2:sa.TEXT-COLOR g2:type="Symbol">FOREGROUND</g2:sa.TEXT-COLOR></g2:Structure></g2:sa.COLOR>
      <g2:sa.POSITION>
        <g2:Structure>
          <g2:sa.X-OFFSET g2:type="Integer">-116</g2:sa.X-OFFSET>
          <g2:sa.Y-OFFSET g2:type="Integer">-29</g2:sa.Y-OFFSET></g2:Structure></g2:sa.POSITION></g2:Structure></g2:a.NAME-BOX></g2:c.PROCEDURE>

<c.BENCHMARK-TEST ID="b34000e84fdf11dfb1b4001641761fb2">
  <g2:a.NAMES g2:type="Symbol">LOAD-DATA-FIRST</g2:a.NAMES>
  <ua.TEST-RESULT>
    <c.TEST-RESULT-PARAMETER ID="b34000ea4fdf11dfb1b4001641761fb2">
      <g2:a.OPTIONS>
        <g2:Structure>
          <g2:sa.FORWARD-CHAIN g2:type="TruthValue">true</g2:sa.FORWARD-CHAIN>
          <g2:sa.FORWARD-CHAIN-EVEN-FOR-SAME-VALUE g2:type="TruthValue">false</g2:sa.FORWARD-CHAIN-EVEN-FOR-SAME-VALUE></g2:Structure></g2:a.OPTIONS>
      <ua.TEST-INFO>
        <g2:c.TEXT-PARAMETER ID="b34000eb4fdf11dfb1b4001641761fb2">
          <g2:a.OPTIONS>
            <g2:Structure>
              <g2:sa.FORWARD-CHAIN g2:type="TruthValue">false</g2:sa.FORWARD-CHAIN>
              <g2:sa.FORWARD-CHAIN-EVEN-FOR-SAME-VALUE g2:type="TruthValue">false</g2:sa.FORWARD-CHAIN-EVEN-FOR-SAME-VALUE></g2:Structure></g2:a.OPTIONS>
          <g2:a.ICON-VARIABLES>
            <g2:Structure>
              <g2:sa.WIDTH g2:type="Integer">50</g2:sa.WIDTH>
              <g2:sa.HEIGHT g2:type="Integer">50</g2:sa.HEIGHT></g2:Structure></g2:a.ICON-VARIABLES></g2:c.TEXT-PARAMETER></ua.TEST-INFO>
      <g2:a.ICON-VARIABLES>
        <g2:Structure>
          <g2:sa.WIDTH g2:type="Integer">50</g2:sa.WIDTH>
          <g2:sa.HEIGHT g2:type="Integer">50</g2:sa.HEIGHT></g2:Structure></g2:a.ICON-VARIABLES></c.TEST-RESULT-PARAMETER></ua.TEST-RESULT>
  <ua.TIMEOUT-LIMIT g2:type="Integer" g2:unit="SECONDS">10</ua.TIMEOUT-LIMIT>
  <ua.COUNTED g2:type="TruthValue" g2:unit="TRUTH-VALUE">false</ua.COUNTED>
  <g2:a.ICON-VARIABLES>
    <g2:Structure>
      <g2:sa.WIDTH g2:type="Integer">30</g2:sa.WIDTH>
      <g2:sa.HEIGHT g2:type="Integer">24</g2:sa.HEIGHT></g2:Structure></g2:a.ICON-VARIABLES>
  <g2:a.FOLLOWING-ITEM-IN-WORKSPACE-LAYERING><c.NEXT-BENCHMARK rdf:resource="#38f68d1176ab11e69b45000c2973fc18"/></g2:a.FOLLOWING-ITEM-IN-WORKSPACE-LAYERING>
  <g2:a.POSITION-IN-WORKSPACE>
    <g2:Structure>
      <g2:sa.X g2:type="Integer">-282</g2:sa.X>
      <g2:sa.Y g2:type="Integer">0</g2:sa.Y>
      <g2:sa.SUPERIOR><g2:c.KB-WORKSPACE rdf:resource="#ebd36edb4fde11dfb1b4001641761fb2"/></g2:sa.SUPERIOR></g2:Structure></g2:a.POSITION-IN-WORKSPACE>
  <g2:a.SIZE-IN-WORKSPACE>
    <g2:Structure>
      <g2:sa.WIDTH g2:type="Integer">30</g2:sa.WIDTH>
      <g2:sa.HEIGHT g2:type="Integer">24</g2:sa.HEIGHT></g2:Structure></g2:a.SIZE-IN-WORKSPACE>
  <g2:a.NAME-BOX>
    <g2:Structure>
      <g2:sa.COLOR>
        <g2:Structure>
          <g2:sa.BACKGROUND-COLOR g2:type="Symbol">TRANSPARENT</g2:sa.BACKGROUND-COLOR>
          <g2:sa.TEXT-COLOR g2:type="Symbol">FOREGROUND</g2:sa.TEXT-COLOR></g2:Structure></g2:sa.COLOR>
      <g2:sa.POSITION>
        <g2:Structure>
          <g2:sa.X-OFFSET g2:type="Integer">19</g2:sa.X-OFFSET>
          <g2:sa.Y-OFFSET g2:type="Integer">16</g2:sa.Y-OFFSET></g2:Structure></g2:sa.POSITION></g2:Structure></g2:a.NAME-BOX></c.BENCHMARK-TEST>

<g2:c.KB-WORKSPACE ID="b34000ec4fdf11dfb1b4001641761fb2">
  <g2:a.DEFAULT-WINDOW-POSITION-AND-SCALE>
    <g2:Structure>
      <g2:sa.X g2:type="Integer">673</g2:sa.X>
      <g2:sa.Y g2:type="Integer">417</g2:sa.Y></g2:Structure></g2:a.DEFAULT-WINDOW-POSITION-AND-SCALE>
  <g2:a.EDGES-OF-WORKSPACE>
    <g2:Structure>
      <g2:sa.LEFT g2:type="Integer">-350</g2:sa.LEFT>
      <g2:sa.TOP g2:type="Integer">250</g2:sa.TOP>
      <g2:sa.RIGHT g2:type="Integer">350</g2:sa.RIGHT>
      <g2:sa.BOTTOM g2:type="Integer">-250</g2:sa.BOTTOM></g2:Structure></g2:a.EDGES-OF-WORKSPACE>
  <g2:a.PARENT-OF-SUBWORKSPACE><c.BENCHMARK-TEST rdf:resource="#b34000e84fdf11dfb1b4001641761fb2"/></g2:a.PARENT-OF-SUBWORKSPACE></g2:c.KB-WORKSPACE>

<g2:c.PROCEDURE ID="b34000ed4fdf11dfb1b4001641761fb2">
  <g2:a.AUTHORS>
    <g2:Structure>
      <g2:sa.AUTHORS>
        <g2:Sequence>
          <rdf:li g2:type="Symbol">ADMINISTRATOR</rdf:li></g2:Sequence></g2:sa.AUTHORS>
      <g2:sa.TIMESTAMP>
        <g2:Structure>
          <g2:sa.YEAR g2:type="Integer">2016</g2:sa.YEAR>
          <g2:sa.MONTH g2:type="Integer">9</g2:sa.MONTH>
          <g2:sa.DATE g2:type="Integer">25</g2:sa.DATE>
          <g2:sa.HOURS g2:type="Integer">21</g2:sa.HOURS>
          <g2:sa.MINUTES g2:type="Integer">13</g2:sa.MINUTES></g2:Structure></g2:sa.TIMESTAMP></g2:Structure></g2:a.AUTHORS>
  <g2:a.TEXT><![CDATA[
load-data-first-test(node: class benchmark-node)

err: class error;
installation-dir, dir-sep, file-path: text;

begin

	installation-dir = call grtl-get-installation-directory();
	dir-sep = call grtl-get-file-system-delimiter();
	file-path = "[installation-dir][dir-sep]..[dir-sep]..[dir-sep]..[dir-sep]g2i[dir-sep]sites[dir-sep]Nol[dir-sep]data[dir-sep]1-exit-brite-pred-scaled.set";

	show the workspace of gnne-demo-data-set-2;
	begin
		call gnne-read-data-set-from-file (gnne-demo-data-set-2, file-path);
	end on error(err)
		begin
			call fail(node, "Load Data First failed");
			return;
		end;
	end;
	call pass(node);
	
end

]]></g2:a.TEXT>
  <g2:a.ICON-VARIABLES>
    <g2:Structure>
      <g2:sa.WIDTH g2:type="Integer">50</g2:sa.WIDTH>
      <g2:sa.HEIGHT g2:type="Integer">50</g2:sa.HEIGHT></g2:Structure></g2:a.ICON-VARIABLES>
  <g2:a.POSITION-IN-WORKSPACE>
    <g2:Structure>
      <g2:sa.X g2:type="Integer">-46</g2:sa.X>
      <g2:sa.Y g2:type="Integer">58</g2:sa.Y>
      <g2:sa.SUPERIOR><g2:c.KB-WORKSPACE rdf:resource="#b34000ec4fdf11dfb1b4001641761fb2"/></g2:sa.SUPERIOR></g2:Structure></g2:a.POSITION-IN-WORKSPACE>
  <g2:a.SIZE-IN-WORKSPACE>
    <g2:Structure>
      <g2:sa.WIDTH g2:type="Integer">50</g2:sa.WIDTH>
      <g2:sa.HEIGHT g2:type="Integer">50</g2:sa.HEIGHT></g2:Structure></g2:a.SIZE-IN-WORKSPACE>
  <g2:a.NAME-BOX>
    <g2:Structure>
      <g2:sa.COLOR>
        <g2:Structure>
          <g2:sa.BACKGROUND-COLOR g2:type="Symbol">TRANSPARENT</g2:sa.BACKGROUND-COLOR>
          <g2:sa.TEXT-COLOR g2:type="Symbol">FOREGROUND</g2:sa.TEXT-COLOR></g2:Structure></g2:sa.COLOR>
      <g2:sa.POSITION>
        <g2:Structure>
          <g2:sa.X-OFFSET g2:type="Integer">-99</g2:sa.X-OFFSET>
          <g2:sa.Y-OFFSET g2:type="Integer">-29</g2:sa.Y-OFFSET></g2:Structure></g2:sa.POSITION></g2:Structure></g2:a.NAME-BOX></g2:c.PROCEDURE>

<c.NEXT-BENCHMARK ID="b34000ef4fdf11dfb1b4001641761fb2">
  <g2:a.CONNECTION-VERTICES>
    <g2:Sequence>
      <rdf:li g2:type="Integer">4</rdf:li></g2:Sequence></g2:a.CONNECTION-VERTICES>
  <g2:a.CONNECTION-STYLE g2:type="Symbol">ORTHOGONAL</g2:a.CONNECTION-STYLE>
  <g2:a.CONNECTION-OUTPUT>
    <g2:Structure>
      <g2:sa.ITEM><g2:c.LOOSE-END rdf:resource="#b34000c94fdf11dfb1b4001641761fb2"/></g2:sa.ITEM>
      <g2:sa.SIDE g2:type="Symbol">BOTTOM</g2:sa.SIDE>
      <g2:sa.POSITION g2:type="Integer">0</g2:sa.POSITION>
      <g2:sa.PORT-NAME g2:type="Symbol">STUB-CONNECTION</g2:sa.PORT-NAME></g2:Structure></g2:a.CONNECTION-OUTPUT>
  <g2:a.CONNECTION-INPUT>
    <g2:Structure>
      <g2:sa.ITEM><c.BENCHMARK-TEST rdf:resource="#b34000e84fdf11dfb1b4001641761fb2"/></g2:sa.ITEM>
      <g2:sa.SIDE g2:type="Symbol">TOP</g2:sa.SIDE>
      <g2:sa.POSITION g2:type="Integer">15</g2:sa.POSITION></g2:Structure></g2:a.CONNECTION-INPUT>
  <g2:a.FOLLOWING-ITEM-IN-WORKSPACE-LAYERING><c.NEXT-BENCHMARK rdf:resource="#b34000f14fdf11dfb1b4001641761fb2"/></g2:a.FOLLOWING-ITEM-IN-WORKSPACE-LAYERING>
  <g2:a.ITEM-COLOR-PATTERN>
    <g2:Structure>
      <g2:sa.OUTLINE g2:type="Symbol">RED</g2:sa.OUTLINE>
      <g2:sa.INSIDE g2:type="Symbol">TURQUOISE</g2:sa.INSIDE></g2:Structure></g2:a.ITEM-COLOR-PATTERN></c.NEXT-BENCHMARK>

<c.NEXT-BENCHMARK ID="b34000f04fdf11dfb1b4001641761fb2">
  <g2:a.CONNECTION-VERTICES g2:type="Sequence"></g2:a.CONNECTION-VERTICES>
  <g2:a.CONNECTION-STYLE g2:type="Symbol">ORTHOGONAL</g2:a.CONNECTION-STYLE>
  <g2:a.CONNECTION-OUTPUT>
    <g2:Structure>
      <g2:sa.ITEM><c.BENCHMARK-TEST rdf:resource="#b34000ca4fdf11dfb1b4001641761fb2"/></g2:sa.ITEM>
      <g2:sa.SIDE g2:type="Symbol">TOP</g2:sa.SIDE>
      <g2:sa.POSITION g2:type="Integer">15</g2:sa.POSITION></g2:Structure></g2:a.CONNECTION-OUTPUT>
  <g2:a.CONNECTION-INPUT>
    <g2:Structure>
      <g2:sa.ITEM><c.BENCHMARK-TEST rdf:resource="#b34000e24fdf11dfb1b4001641761fb2"/></g2:sa.ITEM>
      <g2:sa.SIDE g2:type="Symbol">BOTTOM</g2:sa.SIDE>
      <g2:sa.POSITION g2:type="Integer">15</g2:sa.POSITION>
      <g2:sa.PORT-NAME g2:type="Symbol">NEXT-TEST-PORT</g2:sa.PORT-NAME></g2:Structure></g2:a.CONNECTION-INPUT>
  <g2:a.FOLLOWING-ITEM-IN-WORKSPACE-LAYERING><c.BENCHMARK-TEST rdf:resource="#b34000e84fdf11dfb1b4001641761fb2"/></g2:a.FOLLOWING-ITEM-IN-WORKSPACE-LAYERING>
  <g2:a.ITEM-COLOR-PATTERN>
    <g2:Structure>
      <g2:sa.OUTLINE g2:type="Symbol">RED</g2:sa.OUTLINE>
      <g2:sa.INSIDE g2:type="Symbol">TURQUOISE</g2:sa.INSIDE></g2:Structure></g2:a.ITEM-COLOR-PATTERN></c.NEXT-BENCHMARK>

<c.NEXT-BENCHMARK ID="b34000f14fdf11dfb1b4001641761fb2">
  <g2:a.CONNECTION-VERTICES>
    <g2:Sequence>
      <rdf:li g2:type="Integer">-13</rdf:li>
      <rdf:li g2:type="Integer">0</rdf:li></g2:Sequence></g2:a.CONNECTION-VERTICES>
  <g2:a.CONNECTION-STYLE g2:type="Symbol">ORTHOGONAL</g2:a.CONNECTION-STYLE>
  <g2:a.CONNECTION-OUTPUT>
    <g2:Structure>
      <g2:sa.ITEM><c.BENCHMARK-TEST rdf:resource="#b34000d04fdf11dfb1b4001641761fb2"/></g2:sa.ITEM>
      <g2:sa.SIDE g2:type="Symbol">TOP</g2:sa.SIDE>
      <g2:sa.POSITION g2:type="Integer">15</g2:sa.POSITION></g2:Structure></g2:a.CONNECTION-OUTPUT>
  <g2:a.CONNECTION-INPUT>
    <g2:Structure>
      <g2:sa.ITEM><c.BENCHMARK-TEST rdf:resource="#b34000e84fdf11dfb1b4001641761fb2"/></g2:sa.ITEM>
      <g2:sa.SIDE g2:type="Symbol">BOTTOM</g2:sa.SIDE>
      <g2:sa.POSITION g2:type="Integer">15</g2:sa.POSITION>
      <g2:sa.PORT-NAME g2:type="Symbol">NEXT-TEST-PORT</g2:sa.PORT-NAME></g2:Structure></g2:a.CONNECTION-INPUT>
  <g2:a.FOLLOWING-ITEM-IN-WORKSPACE-LAYERING><c.END-FLOW rdf:resource="#ebd36edc4fde11dfb1b4001641761fb2"/></g2:a.FOLLOWING-ITEM-IN-WORKSPACE-LAYERING>
  <g2:a.ITEM-COLOR-PATTERN>
    <g2:Structure>
      <g2:sa.OUTLINE g2:type="Symbol">RED</g2:sa.OUTLINE>
      <g2:sa.INSIDE g2:type="Symbol">TURQUOISE</g2:sa.INSIDE></g2:Structure></g2:a.ITEM-COLOR-PATTERN></c.NEXT-BENCHMARK>

<c.NEXT-BENCHMARK ID="b34000f24fdf11dfb1b4001641761fb2">
  <g2:a.CONNECTION-VERTICES>
    <g2:Sequence>
      <rdf:li g2:type="Integer">-5</rdf:li>
      <rdf:li g2:type="Integer">0</rdf:li></g2:Sequence></g2:a.CONNECTION-VERTICES>
  <g2:a.CONNECTION-STYLE g2:type="Symbol">ORTHOGONAL</g2:a.CONNECTION-STYLE>
  <g2:a.CONNECTION-OUTPUT>
    <g2:Structure>
      <g2:sa.ITEM><c.BENCHMARK-TEST rdf:resource="#b34000d64fdf11dfb1b4001641761fb2"/></g2:sa.ITEM>
      <g2:sa.SIDE g2:type="Symbol">TOP</g2:sa.SIDE>
      <g2:sa.POSITION g2:type="Integer">15</g2:sa.POSITION></g2:Structure></g2:a.CONNECTION-OUTPUT>
  <g2:a.CONNECTION-INPUT>
    <g2:Structure>
      <g2:sa.ITEM><c.BENCHMARK-TEST rdf:resource="#b34000d04fdf11dfb1b4001641761fb2"/></g2:sa.ITEM>
      <g2:sa.SIDE g2:type="Symbol">BOTTOM</g2:sa.SIDE>
      <g2:sa.POSITION g2:type="Integer">15</g2:sa.POSITION>
      <g2:sa.PORT-NAME g2:type="Symbol">NEXT-TEST-PORT</g2:sa.PORT-NAME></g2:Structure></g2:a.CONNECTION-INPUT>
  <g2:a.FOLLOWING-ITEM-IN-WORKSPACE-LAYERING><c.BENCHMARK-TEST rdf:resource="#b34000d64fdf11dfb1b4001641761fb2"/></g2:a.FOLLOWING-ITEM-IN-WORKSPACE-LAYERING>
  <g2:a.ITEM-COLOR-PATTERN>
    <g2:Structure>
      <g2:sa.OUTLINE g2:type="Symbol">RED</g2:sa.OUTLINE>
      <g2:sa.INSIDE g2:type="Symbol">TURQUOISE</g2:sa.INSIDE></g2:Structure></g2:a.ITEM-COLOR-PATTERN></c.NEXT-BENCHMARK>

<c.NEXT-BENCHMARK ID="b34000f34fdf11dfb1b4001641761fb2">
  <g2:a.CONNECTION-VERTICES g2:type="Sequence"></g2:a.CONNECTION-VERTICES>
  <g2:a.CONNECTION-STYLE g2:type="Symbol">ORTHOGONAL</g2:a.CONNECTION-STYLE>
  <g2:a.CONNECTION-OUTPUT>
    <g2:Structure>
      <g2:sa.ITEM><c.BENCHMARK-TEST rdf:resource="#b34000dc4fdf11dfb1b4001641761fb2"/></g2:sa.ITEM>
      <g2:sa.SIDE g2:type="Symbol">TOP</g2:sa.SIDE>
      <g2:sa.POSITION g2:type="Integer">15</g2:sa.POSITION></g2:Structure></g2:a.CONNECTION-OUTPUT>
  <g2:a.CONNECTION-INPUT>
    <g2:Structure>
      <g2:sa.ITEM><c.BENCHMARK-TEST rdf:resource="#b34000d64fdf11dfb1b4001641761fb2"/></g2:sa.ITEM>
      <g2:sa.SIDE g2:type="Symbol">BOTTOM</g2:sa.SIDE>
      <g2:sa.POSITION g2:type="Integer">15</g2:sa.POSITION>
      <g2:sa.PORT-NAME g2:type="Symbol">NEXT-TEST-PORT</g2:sa.PORT-NAME></g2:Structure></g2:a.CONNECTION-INPUT>
  <g2:a.FOLLOWING-ITEM-IN-WORKSPACE-LAYERING><c.BENCHMARK-TEST rdf:resource="#b34000dc4fdf11dfb1b4001641761fb2"/></g2:a.FOLLOWING-ITEM-IN-WORKSPACE-LAYERING>
  <g2:a.ITEM-COLOR-PATTERN>
    <g2:Structure>
      <g2:sa.OUTLINE g2:type="Symbol">RED</g2:sa.OUTLINE>
      <g2:sa.INSIDE g2:type="Symbol">TURQUOISE</g2:sa.INSIDE></g2:Structure></g2:a.ITEM-COLOR-PATTERN></c.NEXT-BENCHMARK>

<c.NEXT-BENCHMARK ID="b34000f44fdf11dfb1b4001641761fb2">
  <g2:a.CONNECTION-VERTICES g2:type="Sequence"></g2:a.CONNECTION-VERTICES>
  <g2:a.CONNECTION-STYLE g2:type="Symbol">ORTHOGONAL</g2:a.CONNECTION-STYLE>
  <g2:a.CONNECTION-OUTPUT>
    <g2:Structure>
      <g2:sa.ITEM><c.BENCHMARK-TEST rdf:resource="#b34000e24fdf11dfb1b4001641761fb2"/></g2:sa.ITEM>
      <g2:sa.SIDE g2:type="Symbol">TOP</g2:sa.SIDE>
      <g2:sa.POSITION g2:type="Integer">15</g2:sa.POSITION></g2:Structure></g2:a.CONNECTION-OUTPUT>
  <g2:a.CONNECTION-INPUT>
    <g2:Structure>
      <g2:sa.ITEM><c.BENCHMARK-TEST rdf:resource="#b34000dc4fdf11dfb1b4001641761fb2"/></g2:sa.ITEM>
      <g2:sa.SIDE g2:type="Symbol">BOTTOM</g2:sa.SIDE>
      <g2:sa.POSITION g2:type="Integer">15</g2:sa.POSITION>
      <g2:sa.PORT-NAME g2:type="Symbol">NEXT-TEST-PORT</g2:sa.PORT-NAME></g2:Structure></g2:a.CONNECTION-INPUT>
  <g2:a.FOLLOWING-ITEM-IN-WORKSPACE-LAYERING><c.BENCHMARK-TEST rdf:resource="#b34000e24fdf11dfb1b4001641761fb2"/></g2:a.FOLLOWING-ITEM-IN-WORKSPACE-LAYERING>
  <g2:a.ITEM-COLOR-PATTERN>
    <g2:Structure>
      <g2:sa.OUTLINE g2:type="Symbol">RED</g2:sa.OUTLINE>
      <g2:sa.INSIDE g2:type="Symbol">TURQUOISE</g2:sa.INSIDE></g2:Structure></g2:a.ITEM-COLOR-PATTERN></c.NEXT-BENCHMARK>

<c.BENCHMARK-TEST ID="2e42d4174fe111dfb1b4001641761fb2">
  <g2:a.NAMES g2:type="Symbol">LAUNCH-RP-TW</g2:a.NAMES>
  <ua.TEST-RESULT>
    <c.TEST-RESULT-PARAMETER ID="2e42d4194fe111dfb1b4001641761fb2">
      <g2:a.OPTIONS>
        <g2:Structure>
          <g2:sa.FORWARD-CHAIN g2:type="TruthValue">true</g2:sa.FORWARD-CHAIN>
          <g2:sa.FORWARD-CHAIN-EVEN-FOR-SAME-VALUE g2:type="TruthValue">false</g2:sa.FORWARD-CHAIN-EVEN-FOR-SAME-VALUE></g2:Structure></g2:a.OPTIONS>
      <ua.TEST-INFO>
        <g2:c.TEXT-PARAMETER ID="2e42d41a4fe111dfb1b4001641761fb2">
          <g2:a.OPTIONS>
            <g2:Structure>
              <g2:sa.FORWARD-CHAIN g2:type="TruthValue">false</g2:sa.FORWARD-CHAIN>
              <g2:sa.FORWARD-CHAIN-EVEN-FOR-SAME-VALUE g2:type="TruthValue">false</g2:sa.FORWARD-CHAIN-EVEN-FOR-SAME-VALUE></g2:Structure></g2:a.OPTIONS>
          <g2:a.ICON-VARIABLES>
            <g2:Structure>
              <g2:sa.WIDTH g2:type="Integer">50</g2:sa.WIDTH>
              <g2:sa.HEIGHT g2:type="Integer">50</g2:sa.HEIGHT></g2:Structure></g2:a.ICON-VARIABLES></g2:c.TEXT-PARAMETER></ua.TEST-INFO>
      <g2:a.ICON-VARIABLES>
        <g2:Structure>
          <g2:sa.WIDTH g2:type="Integer">50</g2:sa.WIDTH>
          <g2:sa.HEIGHT g2:type="Integer">50</g2:sa.HEIGHT></g2:Structure></g2:a.ICON-VARIABLES></c.TEST-RESULT-PARAMETER></ua.TEST-RESULT>
  <ua.TIMEOUT-LIMIT g2:type="Integer" g2:unit="SECONDS">10</ua.TIMEOUT-LIMIT>
  <ua.COUNTED g2:type="TruthValue" g2:unit="TRUTH-VALUE">false</ua.COUNTED>
  <g2:a.ICON-VARIABLES>
    <g2:Structure>
      <g2:sa.WIDTH g2:type="Integer">30</g2:sa.WIDTH>
      <g2:sa.HEIGHT g2:type="Integer">24</g2:sa.HEIGHT></g2:Structure></g2:a.ICON-VARIABLES>
  <g2:a.FOLLOWING-ITEM-IN-WORKSPACE-LAYERING><c.NEXT-BENCHMARK rdf:resource="#38f68d1076ab11e69b45000c2973fc18"/></g2:a.FOLLOWING-ITEM-IN-WORKSPACE-LAYERING>
  <g2:a.POSITION-IN-WORKSPACE>
    <g2:Structure>
      <g2:sa.X g2:type="Integer">-10</g2:sa.X>
      <g2:sa.Y g2:type="Integer">195</g2:sa.Y>
      <g2:sa.SUPERIOR><g2:c.KB-WORKSPACE rdf:resource="#ebd36edb4fde11dfb1b4001641761fb2"/></g2:sa.SUPERIOR></g2:Structure></g2:a.POSITION-IN-WORKSPACE>
  <g2:a.SIZE-IN-WORKSPACE>
    <g2:Structure>
      <g2:sa.WIDTH g2:type="Integer">30</g2:sa.WIDTH>
      <g2:sa.HEIGHT g2:type="Integer">24</g2:sa.HEIGHT></g2:Structure></g2:a.SIZE-IN-WORKSPACE>
  <g2:a.NAME-BOX>
    <g2:Structure>
      <g2:sa.COLOR>
        <g2:Structure>
          <g2:sa.BACKGROUND-COLOR g2:type="Symbol">TRANSPARENT</g2:sa.BACKGROUND-COLOR>
          <g2:sa.TEXT-COLOR g2:type="Symbol">FOREGROUND</g2:sa.TEXT-COLOR></g2:Structure></g2:sa.COLOR>
      <g2:sa.POSITION>
        <g2:Structure>
          <g2:sa.X-OFFSET g2:type="Integer">15</g2:sa.X-OFFSET>
          <g2:sa.Y-OFFSET g2:type="Integer">17</g2:sa.Y-OFFSET></g2:Structure></g2:sa.POSITION></g2:Structure></g2:a.NAME-BOX></c.BENCHMARK-TEST>

<g2:c.KB-WORKSPACE ID="2e42d41b4fe111dfb1b4001641761fb2">
  <g2:a.DEFAULT-WINDOW-POSITION-AND-SCALE>
    <g2:Structure>
      <g2:sa.X g2:type="Integer">649</g2:sa.X>
      <g2:sa.Y g2:type="Integer">418</g2:sa.Y></g2:Structure></g2:a.DEFAULT-WINDOW-POSITION-AND-SCALE>
  <g2:a.EDGES-OF-WORKSPACE>
    <g2:Structure>
      <g2:sa.LEFT g2:type="Integer">-350</g2:sa.LEFT>
      <g2:sa.TOP g2:type="Integer">250</g2:sa.TOP>
      <g2:sa.RIGHT g2:type="Integer">350</g2:sa.RIGHT>
      <g2:sa.BOTTOM g2:type="Integer">-250</g2:sa.BOTTOM></g2:Structure></g2:a.EDGES-OF-WORKSPACE>
  <g2:a.PARENT-OF-SUBWORKSPACE><c.BENCHMARK-TEST rdf:resource="#2e42d4174fe111dfb1b4001641761fb2"/></g2:a.PARENT-OF-SUBWORKSPACE></g2:c.KB-WORKSPACE>

<g2:c.PROCEDURE ID="2e42d41c4fe111dfb1b4001641761fb2">
  <g2:a.AUTHORS>
    <g2:Structure>
      <g2:sa.AUTHORS>
        <g2:Sequence>
          <rdf:li g2:type="Symbol">ADMINISTRATOR</rdf:li></g2:Sequence></g2:sa.AUTHORS>
      <g2:sa.TIMESTAMP>
        <g2:Structure>
          <g2:sa.YEAR g2:type="Integer">2016</g2:sa.YEAR>
          <g2:sa.MONTH g2:type="Integer">9</g2:sa.MONTH>
          <g2:sa.DATE g2:type="Integer">25</g2:sa.DATE>
          <g2:sa.HOURS g2:type="Integer">21</g2:sa.HOURS>
          <g2:sa.MINUTES g2:type="Integer">13</g2:sa.MINUTES></g2:Structure></g2:sa.TIMESTAMP></g2:Structure></g2:a.AUTHORS>
  <g2:a.TEXT><![CDATA[
launch-rp-tw-test(node: class benchmark-node )

	err: class error;
	x, y: class g2-window;
	installation-dir, dir-sep, file-path: text;
	version-struct: structure;
    
begin

    version-struct = call g2-get-g2-version-information();
	installation-dir = call grtl-get-installation-directory();
	dir-sep = call grtl-get-file-system-delimiter();
    if the enterprise of version-struct then begin
        file-path = "[installation-dir][dir-sep]..[dir-sep]..[dir-sep]test-gnne[dir-sep]ent";
    end else begin
        file-path = "[installation-dir][dir-sep]..[dir-sep]..[dir-sep]test-gnne[dir-sep]std";
    end;
	conclude that the nols-studio-home-directory of gnne-demo-java-rpc-setting = file-path;
	
	show the workspace of gnne-demo-data-set-2;
	for x = each g2-window do
		if the g2-window-management-type of x exists and the g2-window-management-type of x = the symbol remote then
			y = x;
	end;
	
	begin
		call nols-launch-remote-process-with-message(gnne-demo-java-rpc-setting, y);
        wait for 3 seconds;
	end on error(err)
		begin
			call fail(node, "failed");
			return;
		end;
	end;

	call pass(node);
end

]]></g2:a.TEXT>
  <g2:a.ICON-VARIABLES>
    <g2:Structure>
      <g2:sa.WIDTH g2:type="Integer">50</g2:sa.WIDTH>
      <g2:sa.HEIGHT g2:type="Integer">50</g2:sa.HEIGHT></g2:Structure></g2:a.ICON-VARIABLES>
  <g2:a.POSITION-IN-WORKSPACE>
    <g2:Structure>
      <g2:sa.X g2:type="Integer">-22</g2:sa.X>
      <g2:sa.Y g2:type="Integer">59</g2:sa.Y>
      <g2:sa.SUPERIOR><g2:c.KB-WORKSPACE rdf:resource="#2e42d41b4fe111dfb1b4001641761fb2"/></g2:sa.SUPERIOR></g2:Structure></g2:a.POSITION-IN-WORKSPACE>
  <g2:a.SIZE-IN-WORKSPACE>
    <g2:Structure>
      <g2:sa.WIDTH g2:type="Integer">50</g2:sa.WIDTH>
      <g2:sa.HEIGHT g2:type="Integer">50</g2:sa.HEIGHT></g2:Structure></g2:a.SIZE-IN-WORKSPACE>
  <g2:a.NAME-BOX>
    <g2:Structure>
      <g2:sa.COLOR>
        <g2:Structure>
          <g2:sa.BACKGROUND-COLOR g2:type="Symbol">TRANSPARENT</g2:sa.BACKGROUND-COLOR>
          <g2:sa.TEXT-COLOR g2:type="Symbol">FOREGROUND</g2:sa.TEXT-COLOR></g2:Structure></g2:sa.COLOR>
      <g2:sa.POSITION>
        <g2:Structure>
          <g2:sa.X-OFFSET g2:type="Integer">-88</g2:sa.X-OFFSET>
          <g2:sa.Y-OFFSET g2:type="Integer">-29</g2:sa.Y-OFFSET></g2:Structure></g2:sa.POSITION></g2:Structure></g2:a.NAME-BOX></g2:c.PROCEDURE>

<g2:c.LOOSE-END ID="2e42d41e4fe111dfb1b4001641761fb2">
  <g2:a.FOLLOWING-ITEM-IN-WORKSPACE-LAYERING><c.BENCHMARK-TEST rdf:resource="#2e42d41f4fe111dfb1b4001641761fb2"/></g2:a.FOLLOWING-ITEM-IN-WORKSPACE-LAYERING>
  <g2:a.POSITION-IN-WORKSPACE>
    <g2:Structure>
      <g2:sa.X g2:type="Integer">-10</g2:sa.X>
      <g2:sa.Y g2:type="Integer">212</g2:sa.Y>
      <g2:sa.SUPERIOR><g2:c.KB-WORKSPACE rdf:resource="#ebd36edb4fde11dfb1b4001641761fb2"/></g2:sa.SUPERIOR></g2:Structure></g2:a.POSITION-IN-WORKSPACE></g2:c.LOOSE-END>

<c.BENCHMARK-TEST ID="2e42d41f4fe111dfb1b4001641761fb2">
  <g2:a.NAMES g2:type="Symbol">LAUNCH-GNNE</g2:a.NAMES>
  <ua.TEST-RESULT>
    <c.TEST-RESULT-PARAMETER ID="2e42d4214fe111dfb1b4001641761fb2">
      <g2:a.OPTIONS>
        <g2:Structure>
          <g2:sa.FORWARD-CHAIN g2:type="TruthValue">true</g2:sa.FORWARD-CHAIN>
          <g2:sa.FORWARD-CHAIN-EVEN-FOR-SAME-VALUE g2:type="TruthValue">false</g2:sa.FORWARD-CHAIN-EVEN-FOR-SAME-VALUE></g2:Structure></g2:a.OPTIONS>
      <ua.TEST-INFO>
        <g2:c.TEXT-PARAMETER ID="2e42d4224fe111dfb1b4001641761fb2">
          <g2:a.OPTIONS>
            <g2:Structure>
              <g2:sa.FORWARD-CHAIN g2:type="TruthValue">false</g2:sa.FORWARD-CHAIN>
              <g2:sa.FORWARD-CHAIN-EVEN-FOR-SAME-VALUE g2:type="TruthValue">false</g2:sa.FORWARD-CHAIN-EVEN-FOR-SAME-VALUE></g2:Structure></g2:a.OPTIONS>
          <g2:a.ICON-VARIABLES>
            <g2:Structure>
              <g2:sa.WIDTH g2:type="Integer">50</g2:sa.WIDTH>
              <g2:sa.HEIGHT g2:type="Integer">50</g2:sa.HEIGHT></g2:Structure></g2:a.ICON-VARIABLES></g2:c.TEXT-PARAMETER></ua.TEST-INFO>
      <g2:a.ICON-VARIABLES>
        <g2:Structure>
          <g2:sa.WIDTH g2:type="Integer">50</g2:sa.WIDTH>
          <g2:sa.HEIGHT g2:type="Integer">50</g2:sa.HEIGHT></g2:Structure></g2:a.ICON-VARIABLES></c.TEST-RESULT-PARAMETER></ua.TEST-RESULT>
  <ua.TIMEOUT-LIMIT g2:type="Integer" g2:unit="SECONDS">10</ua.TIMEOUT-LIMIT>
  <ua.COUNTED g2:type="TruthValue" g2:unit="TRUTH-VALUE">false</ua.COUNTED>
  <g2:a.ICON-VARIABLES>
    <g2:Structure>
      <g2:sa.WIDTH g2:type="Integer">30</g2:sa.WIDTH>
      <g2:sa.HEIGHT g2:type="Integer">24</g2:sa.HEIGHT></g2:Structure></g2:a.ICON-VARIABLES>
  <g2:a.FOLLOWING-ITEM-IN-WORKSPACE-LAYERING><c.NEXT-BENCHMARK rdf:resource="#2e42d43c4fe111dfb1b4001641761fb2"/></g2:a.FOLLOWING-ITEM-IN-WORKSPACE-LAYERING>
  <g2:a.POSITION-IN-WORKSPACE>
    <g2:Structure>
      <g2:sa.X g2:type="Integer">-10</g2:sa.X>
      <g2:sa.Y g2:type="Integer">1</g2:sa.Y>
      <g2:sa.SUPERIOR><g2:c.KB-WORKSPACE rdf:resource="#ebd36edb4fde11dfb1b4001641761fb2"/></g2:sa.SUPERIOR></g2:Structure></g2:a.POSITION-IN-WORKSPACE>
  <g2:a.SIZE-IN-WORKSPACE>
    <g2:Structure>
      <g2:sa.WIDTH g2:type="Integer">30</g2:sa.WIDTH>
      <g2:sa.HEIGHT g2:type="Integer">24</g2:sa.HEIGHT></g2:Structure></g2:a.SIZE-IN-WORKSPACE>
  <g2:a.NAME-BOX>
    <g2:Structure>
      <g2:sa.COLOR>
        <g2:Structure>
          <g2:sa.BACKGROUND-COLOR g2:type="Symbol">TRANSPARENT</g2:sa.BACKGROUND-COLOR>
          <g2:sa.TEXT-COLOR g2:type="Symbol">FOREGROUND</g2:sa.TEXT-COLOR></g2:Structure></g2:sa.COLOR>
      <g2:sa.POSITION>
        <g2:Structure>
          <g2:sa.X-OFFSET g2:type="Integer">19</g2:sa.X-OFFSET>
          <g2:sa.Y-OFFSET g2:type="Integer">16</g2:sa.Y-OFFSET></g2:Structure></g2:sa.POSITION></g2:Structure></g2:a.NAME-BOX></c.BENCHMARK-TEST>

<g2:c.KB-WORKSPACE ID="2e42d4234fe111dfb1b4001641761fb2">
  <g2:a.DEFAULT-WINDOW-POSITION-AND-SCALE>
    <g2:Structure>
      <g2:sa.X g2:type="Integer">627</g2:sa.X>
      <g2:sa.Y g2:type="Integer">330</g2:sa.Y></g2:Structure></g2:a.DEFAULT-WINDOW-POSITION-AND-SCALE>
  <g2:a.EDGES-OF-WORKSPACE>
    <g2:Structure>
      <g2:sa.LEFT g2:type="Integer">-350</g2:sa.LEFT>
      <g2:sa.TOP g2:type="Integer">250</g2:sa.TOP>
      <g2:sa.RIGHT g2:type="Integer">350</g2:sa.RIGHT>
      <g2:sa.BOTTOM g2:type="Integer">-250</g2:sa.BOTTOM></g2:Structure></g2:a.EDGES-OF-WORKSPACE>
  <g2:a.PARENT-OF-SUBWORKSPACE><c.BENCHMARK-TEST rdf:resource="#2e42d41f4fe111dfb1b4001641761fb2"/></g2:a.PARENT-OF-SUBWORKSPACE></g2:c.KB-WORKSPACE>

<g2:c.PROCEDURE ID="2e42d4244fe111dfb1b4001641761fb2">
  <g2:a.TEXT><![CDATA[
launch-gnne-test(node: class benchmark-node )
err: class error;
x,y: class g2-window;
begin
show the workspace of gnne-demo-data-set-2;
for x = each g2-window do
y = x;
end;
begin
call GNNE-LAUNCH-REMOTE-PROCESS (y);
end on error(err)
begin
call fail(node, "failed");
return;
end;
end;
call pass(node);
end

]]></g2:a.TEXT>
  <g2:a.ICON-VARIABLES>
    <g2:Structure>
      <g2:sa.WIDTH g2:type="Integer">50</g2:sa.WIDTH>
      <g2:sa.HEIGHT g2:type="Integer">50</g2:sa.HEIGHT></g2:Structure></g2:a.ICON-VARIABLES>
  <g2:a.POSITION-IN-WORKSPACE>
    <g2:Structure>
      <g2:sa.X g2:type="Integer">-14</g2:sa.X>
      <g2:sa.Y g2:type="Integer">57</g2:sa.Y>
      <g2:sa.SUPERIOR><g2:c.KB-WORKSPACE rdf:resource="#2e42d4234fe111dfb1b4001641761fb2"/></g2:sa.SUPERIOR></g2:Structure></g2:a.POSITION-IN-WORKSPACE>
  <g2:a.SIZE-IN-WORKSPACE>
    <g2:Structure>
      <g2:sa.WIDTH g2:type="Integer">50</g2:sa.WIDTH>
      <g2:sa.HEIGHT g2:type="Integer">50</g2:sa.HEIGHT></g2:Structure></g2:a.SIZE-IN-WORKSPACE>
  <g2:a.NAME-BOX>
    <g2:Structure>
      <g2:sa.COLOR>
        <g2:Structure>
          <g2:sa.BACKGROUND-COLOR g2:type="Symbol">TRANSPARENT</g2:sa.BACKGROUND-COLOR>
          <g2:sa.TEXT-COLOR g2:type="Symbol">FOREGROUND</g2:sa.TEXT-COLOR></g2:Structure></g2:sa.COLOR>
      <g2:sa.POSITION>
        <g2:Structure>
          <g2:sa.X-OFFSET g2:type="Integer">-85</g2:sa.X-OFFSET>
          <g2:sa.Y-OFFSET g2:type="Integer">-29</g2:sa.Y-OFFSET></g2:Structure></g2:sa.POSITION></g2:Structure></g2:a.NAME-BOX></g2:c.PROCEDURE>

<c.BENCHMARK-TEST ID="2e42d4254fe111dfb1b4001641761fb2">
  <g2:a.NAMES g2:type="Symbol">KILL-RP</g2:a.NAMES>
  <ua.TEST-RESULT>
    <c.TEST-RESULT-PARAMETER ID="2e42d4274fe111dfb1b4001641761fb2">
      <g2:a.OPTIONS>
        <g2:Structure>
          <g2:sa.FORWARD-CHAIN g2:type="TruthValue">true</g2:sa.FORWARD-CHAIN>
          <g2:sa.FORWARD-CHAIN-EVEN-FOR-SAME-VALUE g2:type="TruthValue">false</g2:sa.FORWARD-CHAIN-EVEN-FOR-SAME-VALUE></g2:Structure></g2:a.OPTIONS>
      <ua.TEST-INFO>
        <g2:c.TEXT-PARAMETER ID="2e42d4284fe111dfb1b4001641761fb2">
          <g2:a.OPTIONS>
            <g2:Structure>
              <g2:sa.FORWARD-CHAIN g2:type="TruthValue">false</g2:sa.FORWARD-CHAIN>
              <g2:sa.FORWARD-CHAIN-EVEN-FOR-SAME-VALUE g2:type="TruthValue">false</g2:sa.FORWARD-CHAIN-EVEN-FOR-SAME-VALUE></g2:Structure></g2:a.OPTIONS>
          <g2:a.ICON-VARIABLES>
            <g2:Structure>
              <g2:sa.WIDTH g2:type="Integer">50</g2:sa.WIDTH>
              <g2:sa.HEIGHT g2:type="Integer">50</g2:sa.HEIGHT></g2:Structure></g2:a.ICON-VARIABLES></g2:c.TEXT-PARAMETER></ua.TEST-INFO>
      <g2:a.ICON-VARIABLES>
        <g2:Structure>
          <g2:sa.WIDTH g2:type="Integer">50</g2:sa.WIDTH>
          <g2:sa.HEIGHT g2:type="Integer">50</g2:sa.HEIGHT></g2:Structure></g2:a.ICON-VARIABLES></c.TEST-RESULT-PARAMETER></ua.TEST-RESULT>
  <ua.TIMEOUT-LIMIT g2:type="Integer" g2:unit="SECONDS">20</ua.TIMEOUT-LIMIT>
  <ua.COUNTED g2:type="TruthValue" g2:unit="TRUTH-VALUE">false</ua.COUNTED>
  <g2:a.ICON-VARIABLES>
    <g2:Structure>
      <g2:sa.WIDTH g2:type="Integer">30</g2:sa.WIDTH>
      <g2:sa.HEIGHT g2:type="Integer">24</g2:sa.HEIGHT></g2:Structure></g2:a.ICON-VARIABLES>
  <g2:a.FOLLOWING-ITEM-IN-WORKSPACE-LAYERING><c.NEXT-BENCHMARK rdf:resource="#2e42d4394fe111dfb1b4001641761fb2"/></g2:a.FOLLOWING-ITEM-IN-WORKSPACE-LAYERING>
  <g2:a.POSITION-IN-WORKSPACE>
    <g2:Structure>
      <g2:sa.X g2:type="Integer">-10</g2:sa.X>
      <g2:sa.Y g2:type="Integer">66</g2:sa.Y>
      <g2:sa.SUPERIOR><g2:c.KB-WORKSPACE rdf:resource="#ebd36edb4fde11dfb1b4001641761fb2"/></g2:sa.SUPERIOR></g2:Structure></g2:a.POSITION-IN-WORKSPACE>
  <g2:a.SIZE-IN-WORKSPACE>
    <g2:Structure>
      <g2:sa.WIDTH g2:type="Integer">30</g2:sa.WIDTH>
      <g2:sa.HEIGHT g2:type="Integer">24</g2:sa.HEIGHT></g2:Structure></g2:a.SIZE-IN-WORKSPACE>
  <g2:a.NAME-BOX>
    <g2:Structure>
      <g2:sa.COLOR>
        <g2:Structure>
          <g2:sa.BACKGROUND-COLOR g2:type="Symbol">TRANSPARENT</g2:sa.BACKGROUND-COLOR>
          <g2:sa.TEXT-COLOR g2:type="Symbol">FOREGROUND</g2:sa.TEXT-COLOR></g2:Structure></g2:sa.COLOR>
      <g2:sa.POSITION>
        <g2:Structure>
          <g2:sa.X-OFFSET g2:type="Integer">19</g2:sa.X-OFFSET>
          <g2:sa.Y-OFFSET g2:type="Integer">16</g2:sa.Y-OFFSET></g2:Structure></g2:sa.POSITION></g2:Structure></g2:a.NAME-BOX></c.BENCHMARK-TEST>

<g2:c.KB-WORKSPACE ID="2e42d4294fe111dfb1b4001641761fb2">
  <g2:a.DEFAULT-WINDOW-POSITION-AND-SCALE>
    <g2:Structure>
      <g2:sa.X g2:type="Integer">749</g2:sa.X>
      <g2:sa.Y g2:type="Integer">437</g2:sa.Y></g2:Structure></g2:a.DEFAULT-WINDOW-POSITION-AND-SCALE>
  <g2:a.EDGES-OF-WORKSPACE>
    <g2:Structure>
      <g2:sa.LEFT g2:type="Integer">-350</g2:sa.LEFT>
      <g2:sa.TOP g2:type="Integer">250</g2:sa.TOP>
      <g2:sa.RIGHT g2:type="Integer">350</g2:sa.RIGHT>
      <g2:sa.BOTTOM g2:type="Integer">-250</g2:sa.BOTTOM></g2:Structure></g2:a.EDGES-OF-WORKSPACE>
  <g2:a.PARENT-OF-SUBWORKSPACE><c.BENCHMARK-TEST rdf:resource="#2e42d4254fe111dfb1b4001641761fb2"/></g2:a.PARENT-OF-SUBWORKSPACE></g2:c.KB-WORKSPACE>

<g2:c.PROCEDURE ID="2e42d42a4fe111dfb1b4001641761fb2">
  <g2:a.AUTHORS>
    <g2:Structure>
      <g2:sa.AUTHORS>
        <g2:Sequence>
          <rdf:li g2:type="Symbol">ADMINISTRATOR</rdf:li></g2:Sequence></g2:sa.AUTHORS>
      <g2:sa.TIMESTAMP>
        <g2:Structure>
          <g2:sa.YEAR g2:type="Integer">2016</g2:sa.YEAR>
          <g2:sa.MONTH g2:type="Integer">9</g2:sa.MONTH>
          <g2:sa.DATE g2:type="Integer">24</g2:sa.DATE>
          <g2:sa.HOURS g2:type="Integer">14</g2:sa.HOURS>
          <g2:sa.MINUTES g2:type="Integer">21</g2:sa.MINUTES></g2:Structure></g2:sa.TIMESTAMP></g2:Structure></g2:a.AUTHORS>
  <g2:a.TEXT><![CDATA[
kill-rp-test(node: class benchmark-node )
    err: class error;
    x, y: class g2-window;
begin
    for x = each g2-window do
        if the g2-window-management-type of x exists and the g2-window-management-type of x = the symbol remote then
            y = x;
    end;
    begin
        call nols-kill-remote-studio(y);
        call nols-kill-remote-process();
    end on error(err)
        begin
            call fail(node, "failed");
            return;
        end;
    end;
    call pass(node);
end

]]></g2:a.TEXT>
  <g2:a.ICON-VARIABLES>
    <g2:Structure>
      <g2:sa.WIDTH g2:type="Integer">50</g2:sa.WIDTH>
      <g2:sa.HEIGHT g2:type="Integer">50</g2:sa.HEIGHT></g2:Structure></g2:a.ICON-VARIABLES>
  <g2:a.POSITION-IN-WORKSPACE>
    <g2:Structure>
      <g2:sa.X g2:type="Integer">19</g2:sa.X>
      <g2:sa.Y g2:type="Integer">33</g2:sa.Y>
      <g2:sa.SUPERIOR><g2:c.KB-WORKSPACE rdf:resource="#2e42d4294fe111dfb1b4001641761fb2"/></g2:sa.SUPERIOR></g2:Structure></g2:a.POSITION-IN-WORKSPACE>
  <g2:a.SIZE-IN-WORKSPACE>
    <g2:Structure>
      <g2:sa.WIDTH g2:type="Integer">50</g2:sa.WIDTH>
      <g2:sa.HEIGHT g2:type="Integer">50</g2:sa.HEIGHT></g2:Structure></g2:a.SIZE-IN-WORKSPACE>
  <g2:a.NAME-BOX>
    <g2:Structure>
      <g2:sa.COLOR>
        <g2:Structure>
          <g2:sa.BACKGROUND-COLOR g2:type="Symbol">TRANSPARENT</g2:sa.BACKGROUND-COLOR>
          <g2:sa.TEXT-COLOR g2:type="Symbol">FOREGROUND</g2:sa.TEXT-COLOR></g2:Structure></g2:sa.COLOR>
      <g2:sa.POSITION>
        <g2:Structure>
          <g2:sa.X-OFFSET g2:type="Integer">-60</g2:sa.X-OFFSET>
          <g2:sa.Y-OFFSET g2:type="Integer">-29</g2:sa.Y-OFFSET></g2:Structure></g2:sa.POSITION></g2:Structure></g2:a.NAME-BOX></g2:c.PROCEDURE>

<c.BENCHMARK-TEST ID="2e42d42b4fe111dfb1b4001641761fb2">
  <g2:a.NAMES g2:type="Symbol">LAUNCH-RP-SETTING</g2:a.NAMES>
  <ua.TEST-RESULT>
    <c.TEST-RESULT-PARAMETER ID="2e42d42d4fe111dfb1b4001641761fb2">
      <g2:a.OPTIONS>
        <g2:Structure>
          <g2:sa.FORWARD-CHAIN g2:type="TruthValue">true</g2:sa.FORWARD-CHAIN>
          <g2:sa.FORWARD-CHAIN-EVEN-FOR-SAME-VALUE g2:type="TruthValue">false</g2:sa.FORWARD-CHAIN-EVEN-FOR-SAME-VALUE></g2:Structure></g2:a.OPTIONS>
      <ua.TEST-INFO>
        <g2:c.TEXT-PARAMETER ID="2e42d42e4fe111dfb1b4001641761fb2">
          <g2:a.OPTIONS>
            <g2:Structure>
              <g2:sa.FORWARD-CHAIN g2:type="TruthValue">false</g2:sa.FORWARD-CHAIN>
              <g2:sa.FORWARD-CHAIN-EVEN-FOR-SAME-VALUE g2:type="TruthValue">false</g2:sa.FORWARD-CHAIN-EVEN-FOR-SAME-VALUE></g2:Structure></g2:a.OPTIONS>
          <g2:a.ICON-VARIABLES>
            <g2:Structure>
              <g2:sa.WIDTH g2:type="Integer">50</g2:sa.WIDTH>
              <g2:sa.HEIGHT g2:type="Integer">50</g2:sa.HEIGHT></g2:Structure></g2:a.ICON-VARIABLES></g2:c.TEXT-PARAMETER></ua.TEST-INFO>
      <g2:a.ICON-VARIABLES>
        <g2:Structure>
          <g2:sa.WIDTH g2:type="Integer">50</g2:sa.WIDTH>
          <g2:sa.HEIGHT g2:type="Integer">50</g2:sa.HEIGHT></g2:Structure></g2:a.ICON-VARIABLES></c.TEST-RESULT-PARAMETER></ua.TEST-RESULT>
  <ua.TIMEOUT-LIMIT g2:type="Integer" g2:unit="SECONDS">10</ua.TIMEOUT-LIMIT>
  <ua.COUNTED g2:type="TruthValue" g2:unit="TRUTH-VALUE">false</ua.COUNTED>
  <g2:a.ICON-VARIABLES>
    <g2:Structure>
      <g2:sa.WIDTH g2:type="Integer">30</g2:sa.WIDTH>
      <g2:sa.HEIGHT g2:type="Integer">24</g2:sa.HEIGHT></g2:Structure></g2:a.ICON-VARIABLES>
  <g2:a.FOLLOWING-ITEM-IN-WORKSPACE-LAYERING><c.NEXT-BENCHMARK rdf:resource="#2e42d43a4fe111dfb1b4001641761fb2"/></g2:a.FOLLOWING-ITEM-IN-WORKSPACE-LAYERING>
  <g2:a.POSITION-IN-WORKSPACE>
    <g2:Structure>
      <g2:sa.X g2:type="Integer">-10</g2:sa.X>
      <g2:sa.Y g2:type="Integer">130</g2:sa.Y>
      <g2:sa.SUPERIOR><g2:c.KB-WORKSPACE rdf:resource="#ebd36edb4fde11dfb1b4001641761fb2"/></g2:sa.SUPERIOR></g2:Structure></g2:a.POSITION-IN-WORKSPACE>
  <g2:a.SIZE-IN-WORKSPACE>
    <g2:Structure>
      <g2:sa.WIDTH g2:type="Integer">30</g2:sa.WIDTH>
      <g2:sa.HEIGHT g2:type="Integer">24</g2:sa.HEIGHT></g2:Structure></g2:a.SIZE-IN-WORKSPACE>
  <g2:a.NAME-BOX>
    <g2:Structure>
      <g2:sa.COLOR>
        <g2:Structure>
          <g2:sa.BACKGROUND-COLOR g2:type="Symbol">TRANSPARENT</g2:sa.BACKGROUND-COLOR>
          <g2:sa.TEXT-COLOR g2:type="Symbol">FOREGROUND</g2:sa.TEXT-COLOR></g2:Structure></g2:sa.COLOR>
      <g2:sa.POSITION>
        <g2:Structure>
          <g2:sa.X-OFFSET g2:type="Integer">19</g2:sa.X-OFFSET>
          <g2:sa.Y-OFFSET g2:type="Integer">16</g2:sa.Y-OFFSET></g2:Structure></g2:sa.POSITION></g2:Structure></g2:a.NAME-BOX></c.BENCHMARK-TEST>

<g2:c.KB-WORKSPACE ID="2e42d42f4fe111dfb1b4001641761fb2">
  <g2:a.DEFAULT-WINDOW-POSITION-AND-SCALE>
    <g2:Structure>
      <g2:sa.X g2:type="Integer">718</g2:sa.X>
      <g2:sa.Y g2:type="Integer">403</g2:sa.Y></g2:Structure></g2:a.DEFAULT-WINDOW-POSITION-AND-SCALE>
  <g2:a.EDGES-OF-WORKSPACE>
    <g2:Structure>
      <g2:sa.LEFT g2:type="Integer">-350</g2:sa.LEFT>
      <g2:sa.TOP g2:type="Integer">250</g2:sa.TOP>
      <g2:sa.RIGHT g2:type="Integer">350</g2:sa.RIGHT>
      <g2:sa.BOTTOM g2:type="Integer">-250</g2:sa.BOTTOM></g2:Structure></g2:a.EDGES-OF-WORKSPACE>
  <g2:a.PARENT-OF-SUBWORKSPACE><c.BENCHMARK-TEST rdf:resource="#2e42d42b4fe111dfb1b4001641761fb2"/></g2:a.PARENT-OF-SUBWORKSPACE></g2:c.KB-WORKSPACE>

<g2:c.PROCEDURE ID="2e42d4304fe111dfb1b4001641761fb2">
  <g2:a.AUTHORS>
    <g2:Structure>
      <g2:sa.AUTHORS>
        <g2:Sequence>
          <rdf:li g2:type="Symbol">ADMINISTRATOR</rdf:li></g2:Sequence></g2:sa.AUTHORS>
      <g2:sa.TIMESTAMP>
        <g2:Structure>
          <g2:sa.YEAR g2:type="Integer">2016</g2:sa.YEAR>
          <g2:sa.MONTH g2:type="Integer">9</g2:sa.MONTH>
          <g2:sa.DATE g2:type="Integer">25</g2:sa.DATE>
          <g2:sa.HOURS g2:type="Integer">21</g2:sa.HOURS>
          <g2:sa.MINUTES g2:type="Integer">13</g2:sa.MINUTES></g2:Structure></g2:sa.TIMESTAMP></g2:Structure></g2:a.AUTHORS>
  <g2:a.TEXT><![CDATA[
launch-rp-setting-test(node: class benchmark-node )

	err: class error;
	x, y: class g2-window;
	installation-dir, dir-sep, file-path: text;
	version-struct: structure;
    
begin

    version-struct = call g2-get-g2-version-information();
	installation-dir = call grtl-get-installation-directory();
	dir-sep = call grtl-get-file-system-delimiter();
    if the enterprise of version-struct then begin
        file-path = "[installation-dir][dir-sep]..[dir-sep]..[dir-sep]test-gnne[dir-sep]ent";
    end else begin
        file-path = "[installation-dir][dir-sep]..[dir-sep]..[dir-sep]test-gnne[dir-sep]std";
    end;
	conclude that the nols-studio-home-directory of gnne-demo-java-rpc-setting = file-path;

	show the workspace of gnne-demo-data-set-2;
	for x = each g2-window do
		if the g2-window-management-type of x exists and the g2-window-management-type of x = the symbol remote then
			y = x;
	end;
	begin
		call nols-launch-remote-process-by-setting(gnne-demo-java-rpc-setting);
	end on error(err)
		begin
			call fail(node, "failed");
			return;
		end;
	end;
	call pass(node);
end

]]></g2:a.TEXT>
  <g2:a.ICON-VARIABLES>
    <g2:Structure>
      <g2:sa.WIDTH g2:type="Integer">50</g2:sa.WIDTH>
      <g2:sa.HEIGHT g2:type="Integer">50</g2:sa.HEIGHT></g2:Structure></g2:a.ICON-VARIABLES>
  <g2:a.POSITION-IN-WORKSPACE>
    <g2:Structure>
      <g2:sa.X g2:type="Integer">-91</g2:sa.X>
      <g2:sa.Y g2:type="Integer">44</g2:sa.Y>
      <g2:sa.SUPERIOR><g2:c.KB-WORKSPACE rdf:resource="#2e42d42f4fe111dfb1b4001641761fb2"/></g2:sa.SUPERIOR></g2:Structure></g2:a.POSITION-IN-WORKSPACE>
  <g2:a.SIZE-IN-WORKSPACE>
    <g2:Structure>
      <g2:sa.WIDTH g2:type="Integer">50</g2:sa.WIDTH>
      <g2:sa.HEIGHT g2:type="Integer">50</g2:sa.HEIGHT></g2:Structure></g2:a.SIZE-IN-WORKSPACE>
  <g2:a.NAME-BOX>
    <g2:Structure>
      <g2:sa.COLOR>
        <g2:Structure>
          <g2:sa.BACKGROUND-COLOR g2:type="Symbol">TRANSPARENT</g2:sa.BACKGROUND-COLOR>
          <g2:sa.TEXT-COLOR g2:type="Symbol">FOREGROUND</g2:sa.TEXT-COLOR></g2:Structure></g2:sa.COLOR>
      <g2:sa.POSITION>
        <g2:Structure>
          <g2:sa.X-OFFSET g2:type="Integer">-107</g2:sa.X-OFFSET>
          <g2:sa.Y-OFFSET g2:type="Integer">-29</g2:sa.Y-OFFSET></g2:Structure></g2:sa.POSITION></g2:Structure></g2:a.NAME-BOX></g2:c.PROCEDURE>

<c.BENCHMARK-TEST ID="2e42d4314fe111dfb1b4001641761fb2">
  <g2:a.NAMES g2:type="Symbol">KILL-GNNE</g2:a.NAMES>
  <ua.TEST-RESULT>
    <c.TEST-RESULT-PARAMETER ID="2e42d4334fe111dfb1b4001641761fb2">
      <g2:a.OPTIONS>
        <g2:Structure>
          <g2:sa.FORWARD-CHAIN g2:type="TruthValue">true</g2:sa.FORWARD-CHAIN>
          <g2:sa.FORWARD-CHAIN-EVEN-FOR-SAME-VALUE g2:type="TruthValue">false</g2:sa.FORWARD-CHAIN-EVEN-FOR-SAME-VALUE></g2:Structure></g2:a.OPTIONS>
      <ua.TEST-INFO>
        <g2:c.TEXT-PARAMETER ID="2e42d4344fe111dfb1b4001641761fb2">
          <g2:a.OPTIONS>
            <g2:Structure>
              <g2:sa.FORWARD-CHAIN g2:type="TruthValue">false</g2:sa.FORWARD-CHAIN>
              <g2:sa.FORWARD-CHAIN-EVEN-FOR-SAME-VALUE g2:type="TruthValue">false</g2:sa.FORWARD-CHAIN-EVEN-FOR-SAME-VALUE></g2:Structure></g2:a.OPTIONS>
          <g2:a.ICON-VARIABLES>
            <g2:Structure>
              <g2:sa.WIDTH g2:type="Integer">50</g2:sa.WIDTH>
              <g2:sa.HEIGHT g2:type="Integer">50</g2:sa.HEIGHT></g2:Structure></g2:a.ICON-VARIABLES></g2:c.TEXT-PARAMETER></ua.TEST-INFO>
      <g2:a.ICON-VARIABLES>
        <g2:Structure>
          <g2:sa.WIDTH g2:type="Integer">50</g2:sa.WIDTH>
          <g2:sa.HEIGHT g2:type="Integer">50</g2:sa.HEIGHT></g2:Structure></g2:a.ICON-VARIABLES></c.TEST-RESULT-PARAMETER></ua.TEST-RESULT>
  <ua.TIMEOUT-LIMIT g2:type="Integer" g2:unit="SECONDS">10</ua.TIMEOUT-LIMIT>
  <ua.COUNTED g2:type="TruthValue" g2:unit="TRUTH-VALUE">false</ua.COUNTED>
  <g2:a.ICON-VARIABLES>
    <g2:Structure>
      <g2:sa.WIDTH g2:type="Integer">30</g2:sa.WIDTH>
      <g2:sa.HEIGHT g2:type="Integer">24</g2:sa.HEIGHT></g2:Structure></g2:a.ICON-VARIABLES>
  <g2:a.FOLLOWING-ITEM-IN-WORKSPACE-LAYERING><c.NEXT-BENCHMARK rdf:resource="#2e42d4374fe111dfb1b4001641761fb2"/></g2:a.FOLLOWING-ITEM-IN-WORKSPACE-LAYERING>
  <g2:a.POSITION-IN-WORKSPACE>
    <g2:Structure>
      <g2:sa.X g2:type="Integer">-10</g2:sa.X>
      <g2:sa.Y g2:type="Integer">-63</g2:sa.Y>
      <g2:sa.SUPERIOR><g2:c.KB-WORKSPACE rdf:resource="#ebd36edb4fde11dfb1b4001641761fb2"/></g2:sa.SUPERIOR></g2:Structure></g2:a.POSITION-IN-WORKSPACE>
  <g2:a.SIZE-IN-WORKSPACE>
    <g2:Structure>
      <g2:sa.WIDTH g2:type="Integer">30</g2:sa.WIDTH>
      <g2:sa.HEIGHT g2:type="Integer">24</g2:sa.HEIGHT></g2:Structure></g2:a.SIZE-IN-WORKSPACE>
  <g2:a.NAME-BOX>
    <g2:Structure>
      <g2:sa.COLOR>
        <g2:Structure>
          <g2:sa.BACKGROUND-COLOR g2:type="Symbol">TRANSPARENT</g2:sa.BACKGROUND-COLOR>
          <g2:sa.TEXT-COLOR g2:type="Symbol">FOREGROUND</g2:sa.TEXT-COLOR></g2:Structure></g2:sa.COLOR>
      <g2:sa.POSITION>
        <g2:Structure>
          <g2:sa.X-OFFSET g2:type="Integer">19</g2:sa.X-OFFSET>
          <g2:sa.Y-OFFSET g2:type="Integer">16</g2:sa.Y-OFFSET></g2:Structure></g2:sa.POSITION></g2:Structure></g2:a.NAME-BOX></c.BENCHMARK-TEST>

<g2:c.KB-WORKSPACE ID="2e42d4354fe111dfb1b4001641761fb2">
  <g2:a.DEFAULT-WINDOW-POSITION-AND-SCALE>
    <g2:Structure>
      <g2:sa.X g2:type="Integer">627</g2:sa.X>
      <g2:sa.Y g2:type="Integer">330</g2:sa.Y></g2:Structure></g2:a.DEFAULT-WINDOW-POSITION-AND-SCALE>
  <g2:a.EDGES-OF-WORKSPACE>
    <g2:Structure>
      <g2:sa.LEFT g2:type="Integer">-350</g2:sa.LEFT>
      <g2:sa.TOP g2:type="Integer">250</g2:sa.TOP>
      <g2:sa.RIGHT g2:type="Integer">350</g2:sa.RIGHT>
      <g2:sa.BOTTOM g2:type="Integer">-250</g2:sa.BOTTOM></g2:Structure></g2:a.EDGES-OF-WORKSPACE>
  <g2:a.PARENT-OF-SUBWORKSPACE><c.BENCHMARK-TEST rdf:resource="#2e42d4314fe111dfb1b4001641761fb2"/></g2:a.PARENT-OF-SUBWORKSPACE></g2:c.KB-WORKSPACE>

<g2:c.PROCEDURE ID="2e42d4364fe111dfb1b4001641761fb2">
  <g2:a.TEXT><![CDATA[
kill-gnne-test(node: class benchmark-node )
err: class error;
x,y: class g2-window;
begin
show the workspace of gnne-demo-data-set-2;
for x = each g2-window do
y = x;
end;
begin
call GNNE-kill-REMOTE-PROCESS (y);
end on error(err)
begin
call fail(node, "failed");
return;
end;
end;
call pass(node);
end

]]></g2:a.TEXT>
  <g2:a.ICON-VARIABLES>
    <g2:Structure>
      <g2:sa.WIDTH g2:type="Integer">50</g2:sa.WIDTH>
      <g2:sa.HEIGHT g2:type="Integer">50</g2:sa.HEIGHT></g2:Structure></g2:a.ICON-VARIABLES>
  <g2:a.POSITION-IN-WORKSPACE>
    <g2:Structure>
      <g2:sa.X g2:type="Integer">0</g2:sa.X>
      <g2:sa.Y g2:type="Integer">74</g2:sa.Y>
      <g2:sa.SUPERIOR><g2:c.KB-WORKSPACE rdf:resource="#2e42d4354fe111dfb1b4001641761fb2"/></g2:sa.SUPERIOR></g2:Structure></g2:a.POSITION-IN-WORKSPACE>
  <g2:a.SIZE-IN-WORKSPACE>
    <g2:Structure>
      <g2:sa.WIDTH g2:type="Integer">50</g2:sa.WIDTH>
      <g2:sa.HEIGHT g2:type="Integer">50</g2:sa.HEIGHT></g2:Structure></g2:a.SIZE-IN-WORKSPACE>
  <g2:a.NAME-BOX>
    <g2:Structure>
      <g2:sa.COLOR>
        <g2:Structure>
          <g2:sa.BACKGROUND-COLOR g2:type="Symbol">TRANSPARENT</g2:sa.BACKGROUND-COLOR>
          <g2:sa.TEXT-COLOR g2:type="Symbol">FOREGROUND</g2:sa.TEXT-COLOR></g2:Structure></g2:sa.COLOR>
      <g2:sa.POSITION>
        <g2:Structure>
          <g2:sa.X-OFFSET g2:type="Integer">-71</g2:sa.X-OFFSET>
          <g2:sa.Y-OFFSET g2:type="Integer">-29</g2:sa.Y-OFFSET></g2:Structure></g2:sa.POSITION></g2:Structure></g2:a.NAME-BOX></g2:c.PROCEDURE>

<c.NEXT-BENCHMARK ID="2e42d4374fe111dfb1b4001641761fb2">
  <g2:a.CONNECTION-VERTICES>
    <g2:Sequence>
      <rdf:li g2:type="Integer">-25</rdf:li>
      <rdf:li g2:type="Integer">143</rdf:li>
      <rdf:li g2:type="Integer">166</rdf:li></g2:Sequence></g2:a.CONNECTION-VERTICES>
  <g2:a.CONNECTION-STYLE g2:type="Symbol">ORTHOGONAL</g2:a.CONNECTION-STYLE>
  <g2:a.CONNECTION-OUTPUT>
    <g2:Structure>
      <g2:sa.ITEM><c.BENCHMARK-TEST rdf:resource="#633a312a4fe211dfb1b4001641761fb2"/></g2:sa.ITEM>
      <g2:sa.SIDE g2:type="Symbol">TOP</g2:sa.SIDE>
      <g2:sa.POSITION g2:type="Integer">15</g2:sa.POSITION></g2:Structure></g2:a.CONNECTION-OUTPUT>
  <g2:a.CONNECTION-INPUT>
    <g2:Structure>
      <g2:sa.ITEM><c.BENCHMARK-TEST rdf:resource="#2e42d4314fe111dfb1b4001641761fb2"/></g2:sa.ITEM>
      <g2:sa.SIDE g2:type="Symbol">BOTTOM</g2:sa.SIDE>
      <g2:sa.POSITION g2:type="Integer">15</g2:sa.POSITION>
      <g2:sa.PORT-NAME g2:type="Symbol">NEXT-TEST-PORT</g2:sa.PORT-NAME></g2:Structure></g2:a.CONNECTION-INPUT>
  <g2:a.FOLLOWING-ITEM-IN-WORKSPACE-LAYERING><g2:c.LOOSE-END rdf:resource="#b34000c94fdf11dfb1b4001641761fb2"/></g2:a.FOLLOWING-ITEM-IN-WORKSPACE-LAYERING>
  <g2:a.ITEM-COLOR-PATTERN>
    <g2:Structure>
      <g2:sa.OUTLINE g2:type="Symbol">RED</g2:sa.OUTLINE>
      <g2:sa.INSIDE g2:type="Symbol">TURQUOISE</g2:sa.INSIDE></g2:Structure></g2:a.ITEM-COLOR-PATTERN></c.NEXT-BENCHMARK>

<c.NEXT-BENCHMARK ID="2e42d4384fe111dfb1b4001641761fb2">
  <g2:a.CONNECTION-VERTICES>
    <g2:Sequence>
      <rdf:li g2:type="Integer">4</rdf:li></g2:Sequence></g2:a.CONNECTION-VERTICES>
  <g2:a.CONNECTION-STYLE g2:type="Symbol">ORTHOGONAL</g2:a.CONNECTION-STYLE>
  <g2:a.CONNECTION-OUTPUT>
    <g2:Structure>
      <g2:sa.ITEM><g2:c.LOOSE-END rdf:resource="#2e42d41e4fe111dfb1b4001641761fb2"/></g2:sa.ITEM>
      <g2:sa.SIDE g2:type="Symbol">BOTTOM</g2:sa.SIDE>
      <g2:sa.POSITION g2:type="Integer">0</g2:sa.POSITION>
      <g2:sa.PORT-NAME g2:type="Symbol">STUB-CONNECTION</g2:sa.PORT-NAME></g2:Structure></g2:a.CONNECTION-OUTPUT>
  <g2:a.CONNECTION-INPUT>
    <g2:Structure>
      <g2:sa.ITEM><c.BENCHMARK-TEST rdf:resource="#2e42d4174fe111dfb1b4001641761fb2"/></g2:sa.ITEM>
      <g2:sa.SIDE g2:type="Symbol">TOP</g2:sa.SIDE>
      <g2:sa.POSITION g2:type="Integer">15</g2:sa.POSITION></g2:Structure></g2:a.CONNECTION-INPUT>
  <g2:a.FOLLOWING-ITEM-IN-WORKSPACE-LAYERING><g2:c.LOOSE-END rdf:resource="#2e42d41e4fe111dfb1b4001641761fb2"/></g2:a.FOLLOWING-ITEM-IN-WORKSPACE-LAYERING>
  <g2:a.ITEM-COLOR-PATTERN>
    <g2:Structure>
      <g2:sa.OUTLINE g2:type="Symbol">RED</g2:sa.OUTLINE>
      <g2:sa.INSIDE g2:type="Symbol">TURQUOISE</g2:sa.INSIDE></g2:Structure></g2:a.ITEM-COLOR-PATTERN></c.NEXT-BENCHMARK>

<c.NEXT-BENCHMARK ID="2e42d4394fe111dfb1b4001641761fb2">
  <g2:a.CONNECTION-VERTICES>
    <g2:Sequence>
      <rdf:li g2:type="Integer">-5</rdf:li>
      <rdf:li g2:type="Integer">0</rdf:li></g2:Sequence></g2:a.CONNECTION-VERTICES>
  <g2:a.CONNECTION-STYLE g2:type="Symbol">ORTHOGONAL</g2:a.CONNECTION-STYLE>
  <g2:a.CONNECTION-OUTPUT>
    <g2:Structure>
      <g2:sa.ITEM><c.BENCHMARK-TEST rdf:resource="#2e42d41f4fe111dfb1b4001641761fb2"/></g2:sa.ITEM>
      <g2:sa.SIDE g2:type="Symbol">TOP</g2:sa.SIDE>
      <g2:sa.POSITION g2:type="Integer">15</g2:sa.POSITION></g2:Structure></g2:a.CONNECTION-OUTPUT>
  <g2:a.CONNECTION-INPUT>
    <g2:Structure>
      <g2:sa.ITEM><c.BENCHMARK-TEST rdf:resource="#2e42d4254fe111dfb1b4001641761fb2"/></g2:sa.ITEM>
      <g2:sa.SIDE g2:type="Symbol">BOTTOM</g2:sa.SIDE>
      <g2:sa.POSITION g2:type="Integer">15</g2:sa.POSITION>
      <g2:sa.PORT-NAME g2:type="Symbol">NEXT-TEST-PORT</g2:sa.PORT-NAME></g2:Structure></g2:a.CONNECTION-INPUT>
  <g2:a.FOLLOWING-ITEM-IN-WORKSPACE-LAYERING><c.BENCHMARK-TEST rdf:resource="#2e42d42b4fe111dfb1b4001641761fb2"/></g2:a.FOLLOWING-ITEM-IN-WORKSPACE-LAYERING>
  <g2:a.ITEM-COLOR-PATTERN>
    <g2:Structure>
      <g2:sa.OUTLINE g2:type="Symbol">RED</g2:sa.OUTLINE>
      <g2:sa.INSIDE g2:type="Symbol">TURQUOISE</g2:sa.INSIDE></g2:Structure></g2:a.ITEM-COLOR-PATTERN></c.NEXT-BENCHMARK>

<c.NEXT-BENCHMARK ID="2e42d43a4fe111dfb1b4001641761fb2">
  <g2:a.CONNECTION-VERTICES>
    <g2:Sequence>
      <rdf:li g2:type="Integer">-5</rdf:li>
      <rdf:li g2:type="Integer">0</rdf:li></g2:Sequence></g2:a.CONNECTION-VERTICES>
  <g2:a.CONNECTION-STYLE g2:type="Symbol">ORTHOGONAL</g2:a.CONNECTION-STYLE>
  <g2:a.CONNECTION-OUTPUT>
    <g2:Structure>
      <g2:sa.ITEM><c.BENCHMARK-TEST rdf:resource="#2e42d4254fe111dfb1b4001641761fb2"/></g2:sa.ITEM>
      <g2:sa.SIDE g2:type="Symbol">TOP</g2:sa.SIDE>
      <g2:sa.POSITION g2:type="Integer">15</g2:sa.POSITION></g2:Structure></g2:a.CONNECTION-OUTPUT>
  <g2:a.CONNECTION-INPUT>
    <g2:Structure>
      <g2:sa.ITEM><c.BENCHMARK-TEST rdf:resource="#2e42d42b4fe111dfb1b4001641761fb2"/></g2:sa.ITEM>
      <g2:sa.SIDE g2:type="Symbol">BOTTOM</g2:sa.SIDE>
      <g2:sa.POSITION g2:type="Integer">15</g2:sa.POSITION>
      <g2:sa.PORT-NAME g2:type="Symbol">NEXT-TEST-PORT</g2:sa.PORT-NAME></g2:Structure></g2:a.CONNECTION-INPUT>
  <g2:a.FOLLOWING-ITEM-IN-WORKSPACE-LAYERING><c.BENCHMARK-TEST rdf:resource="#2e42d4314fe111dfb1b4001641761fb2"/></g2:a.FOLLOWING-ITEM-IN-WORKSPACE-LAYERING>
  <g2:a.ITEM-COLOR-PATTERN>
    <g2:Structure>
      <g2:sa.OUTLINE g2:type="Symbol">RED</g2:sa.OUTLINE>
      <g2:sa.INSIDE g2:type="Symbol">TURQUOISE</g2:sa.INSIDE></g2:Structure></g2:a.ITEM-COLOR-PATTERN></c.NEXT-BENCHMARK>

<c.NEXT-BENCHMARK ID="2e42d43b4fe111dfb1b4001641761fb2">
  <g2:a.CONNECTION-VERTICES>
    <g2:Sequence>
      <rdf:li g2:type="Integer">-5</rdf:li>
      <rdf:li g2:type="Integer">0</rdf:li></g2:Sequence></g2:a.CONNECTION-VERTICES>
  <g2:a.CONNECTION-STYLE g2:type="Symbol">ORTHOGONAL</g2:a.CONNECTION-STYLE>
  <g2:a.CONNECTION-OUTPUT>
    <g2:Structure>
      <g2:sa.ITEM><c.BENCHMARK-TEST rdf:resource="#2e42d42b4fe111dfb1b4001641761fb2"/></g2:sa.ITEM>
      <g2:sa.SIDE g2:type="Symbol">TOP</g2:sa.SIDE>
      <g2:sa.POSITION g2:type="Integer">15</g2:sa.POSITION></g2:Structure></g2:a.CONNECTION-OUTPUT>
  <g2:a.CONNECTION-INPUT>
    <g2:Structure>
      <g2:sa.ITEM><c.BENCHMARK-TEST rdf:resource="#2e42d4174fe111dfb1b4001641761fb2"/></g2:sa.ITEM>
      <g2:sa.SIDE g2:type="Symbol">BOTTOM</g2:sa.SIDE>
      <g2:sa.POSITION g2:type="Integer">15</g2:sa.POSITION>
      <g2:sa.PORT-NAME g2:type="Symbol">NEXT-TEST-PORT</g2:sa.PORT-NAME></g2:Structure></g2:a.CONNECTION-INPUT>
  <g2:a.FOLLOWING-ITEM-IN-WORKSPACE-LAYERING><c.NEXT-BENCHMARK rdf:resource="#2e42d4384fe111dfb1b4001641761fb2"/></g2:a.FOLLOWING-ITEM-IN-WORKSPACE-LAYERING>
  <g2:a.ITEM-COLOR-PATTERN>
    <g2:Structure>
      <g2:sa.OUTLINE g2:type="Symbol">RED</g2:sa.OUTLINE>
      <g2:sa.INSIDE g2:type="Symbol">TURQUOISE</g2:sa.INSIDE></g2:Structure></g2:a.ITEM-COLOR-PATTERN></c.NEXT-BENCHMARK>

<c.NEXT-BENCHMARK ID="2e42d43c4fe111dfb1b4001641761fb2">
  <g2:a.CONNECTION-VERTICES g2:type="Sequence"></g2:a.CONNECTION-VERTICES>
  <g2:a.CONNECTION-STYLE g2:type="Symbol">ORTHOGONAL</g2:a.CONNECTION-STYLE>
  <g2:a.CONNECTION-OUTPUT>
    <g2:Structure>
      <g2:sa.ITEM><c.BENCHMARK-TEST rdf:resource="#2e42d4314fe111dfb1b4001641761fb2"/></g2:sa.ITEM>
      <g2:sa.SIDE g2:type="Symbol">TOP</g2:sa.SIDE>
      <g2:sa.POSITION g2:type="Integer">15</g2:sa.POSITION></g2:Structure></g2:a.CONNECTION-OUTPUT>
  <g2:a.CONNECTION-INPUT>
    <g2:Structure>
      <g2:sa.ITEM><c.BENCHMARK-TEST rdf:resource="#2e42d41f4fe111dfb1b4001641761fb2"/></g2:sa.ITEM>
      <g2:sa.SIDE g2:type="Symbol">BOTTOM</g2:sa.SIDE>
      <g2:sa.POSITION g2:type="Integer">15</g2:sa.POSITION>
      <g2:sa.PORT-NAME g2:type="Symbol">NEXT-TEST-PORT</g2:sa.PORT-NAME></g2:Structure></g2:a.CONNECTION-INPUT>
  <g2:a.FOLLOWING-ITEM-IN-WORKSPACE-LAYERING><c.BENCHMARK-TEST rdf:resource="#2e42d4254fe111dfb1b4001641761fb2"/></g2:a.FOLLOWING-ITEM-IN-WORKSPACE-LAYERING>
  <g2:a.ITEM-COLOR-PATTERN>
    <g2:Structure>
      <g2:sa.OUTLINE g2:type="Symbol">RED</g2:sa.OUTLINE>
      <g2:sa.INSIDE g2:type="Symbol">TURQUOISE</g2:sa.INSIDE></g2:Structure></g2:a.ITEM-COLOR-PATTERN></c.NEXT-BENCHMARK>

<g2:c.LOOSE-END ID="dc2413644fe211dfb1b4001641761fb2">
  <g2:a.FOLLOWING-ITEM-IN-WORKSPACE-LAYERING><c.BENCHMARK-TEST rdf:resource="#dc2413674fe211dfb1b4001641761fb2"/></g2:a.FOLLOWING-ITEM-IN-WORKSPACE-LAYERING>
  <g2:a.POSITION-IN-WORKSPACE>
    <g2:Structure>
      <g2:sa.X g2:type="Integer">-88</g2:sa.X>
      <g2:sa.Y g2:type="Integer">-1093</g2:sa.Y>
      <g2:sa.SUPERIOR><g2:c.KB-WORKSPACE rdf:resource="#ebd36edb4fde11dfb1b4001641761fb2"/></g2:sa.SUPERIOR></g2:Structure></g2:a.POSITION-IN-WORKSPACE></g2:c.LOOSE-END>

<c.BENCHMARK-TEST ID="dc2413674fe211dfb1b4001641761fb2">
  <g2:a.NAMES g2:type="Symbol">CLEAR-ALL</g2:a.NAMES>
  <ua.TEST-RESULT>
    <c.TEST-RESULT-PARAMETER ID="dc2413684fe211dfb1b4001641761fb2">
      <g2:a.OPTIONS>
        <g2:Structure>
          <g2:sa.FORWARD-CHAIN g2:type="TruthValue">true</g2:sa.FORWARD-CHAIN>
          <g2:sa.FORWARD-CHAIN-EVEN-FOR-SAME-VALUE g2:type="TruthValue">false</g2:sa.FORWARD-CHAIN-EVEN-FOR-SAME-VALUE></g2:Structure></g2:a.OPTIONS>
      <ua.TEST-INFO>
        <g2:c.TEXT-PARAMETER ID="dc2413694fe211dfb1b4001641761fb2">
          <g2:a.OPTIONS>
            <g2:Structure>
              <g2:sa.FORWARD-CHAIN g2:type="TruthValue">false</g2:sa.FORWARD-CHAIN>
              <g2:sa.FORWARD-CHAIN-EVEN-FOR-SAME-VALUE g2:type="TruthValue">false</g2:sa.FORWARD-CHAIN-EVEN-FOR-SAME-VALUE></g2:Structure></g2:a.OPTIONS>
          <g2:a.ICON-VARIABLES>
            <g2:Structure>
              <g2:sa.WIDTH g2:type="Integer">50</g2:sa.WIDTH>
              <g2:sa.HEIGHT g2:type="Integer">50</g2:sa.HEIGHT></g2:Structure></g2:a.ICON-VARIABLES></g2:c.TEXT-PARAMETER></ua.TEST-INFO>
      <g2:a.ICON-VARIABLES>
        <g2:Structure>
          <g2:sa.WIDTH g2:type="Integer">50</g2:sa.WIDTH>
          <g2:sa.HEIGHT g2:type="Integer">50</g2:sa.HEIGHT></g2:Structure></g2:a.ICON-VARIABLES></c.TEST-RESULT-PARAMETER></ua.TEST-RESULT>
  <ua.TIMEOUT-LIMIT g2:type="Integer" g2:unit="SECONDS">10</ua.TIMEOUT-LIMIT>
  <ua.COUNTED g2:type="TruthValue" g2:unit="TRUTH-VALUE">false</ua.COUNTED>
  <g2:a.MANUALLY-DISABLED_qm g2:type="TruthValue">true</g2:a.MANUALLY-DISABLED_qm>
  <g2:a.ICON-VARIABLES>
    <g2:Structure>
      <g2:sa.WIDTH g2:type="Integer">30</g2:sa.WIDTH>
      <g2:sa.HEIGHT g2:type="Integer">24</g2:sa.HEIGHT></g2:Structure></g2:a.ICON-VARIABLES>
  <g2:a.FOLLOWING-ITEM-IN-WORKSPACE-LAYERING><c.NEXT-BENCHMARK rdf:resource="#4dea3e37769b11e69b45000c2973fc18"/></g2:a.FOLLOWING-ITEM-IN-WORKSPACE-LAYERING>
  <g2:a.POSITION-IN-WORKSPACE>
    <g2:Structure>
      <g2:sa.X g2:type="Integer">-84</g2:sa.X>
      <g2:sa.Y g2:type="Integer">-1391</g2:sa.Y>
      <g2:sa.SUPERIOR><g2:c.KB-WORKSPACE rdf:resource="#ebd36edb4fde11dfb1b4001641761fb2"/></g2:sa.SUPERIOR></g2:Structure></g2:a.POSITION-IN-WORKSPACE>
  <g2:a.SIZE-IN-WORKSPACE>
    <g2:Structure>
      <g2:sa.WIDTH g2:type="Integer">30</g2:sa.WIDTH>
      <g2:sa.HEIGHT g2:type="Integer">24</g2:sa.HEIGHT></g2:Structure></g2:a.SIZE-IN-WORKSPACE>
  <g2:a.NAME-BOX>
    <g2:Structure>
      <g2:sa.COLOR>
        <g2:Structure>
          <g2:sa.BACKGROUND-COLOR g2:type="Symbol">TRANSPARENT</g2:sa.BACKGROUND-COLOR>
          <g2:sa.TEXT-COLOR g2:type="Symbol">FOREGROUND</g2:sa.TEXT-COLOR></g2:Structure></g2:sa.COLOR>
      <g2:sa.POSITION>
        <g2:Structure>
          <g2:sa.X-OFFSET g2:type="Integer">19</g2:sa.X-OFFSET>
          <g2:sa.Y-OFFSET g2:type="Integer">16</g2:sa.Y-OFFSET></g2:Structure></g2:sa.POSITION></g2:Structure></g2:a.NAME-BOX></c.BENCHMARK-TEST>

<g2:c.KB-WORKSPACE ID="dc24136a4fe211dfb1b4001641761fb2">
  <g2:a.DEFAULT-WINDOW-POSITION-AND-SCALE>
    <g2:Structure>
      <g2:sa.X g2:type="Integer">627</g2:sa.X>
      <g2:sa.Y g2:type="Integer">330</g2:sa.Y></g2:Structure></g2:a.DEFAULT-WINDOW-POSITION-AND-SCALE>
  <g2:a.EDGES-OF-WORKSPACE>
    <g2:Structure>
      <g2:sa.LEFT g2:type="Integer">-350</g2:sa.LEFT>
      <g2:sa.TOP g2:type="Integer">250</g2:sa.TOP>
      <g2:sa.RIGHT g2:type="Integer">350</g2:sa.RIGHT>
      <g2:sa.BOTTOM g2:type="Integer">-250</g2:sa.BOTTOM></g2:Structure></g2:a.EDGES-OF-WORKSPACE>
  <g2:a.PARENT-OF-SUBWORKSPACE><c.BENCHMARK-TEST rdf:resource="#dc2413674fe211dfb1b4001641761fb2"/></g2:a.PARENT-OF-SUBWORKSPACE></g2:c.KB-WORKSPACE>

<g2:c.PROCEDURE ID="dc24136b4fe211dfb1b4001641761fb2">
  <g2:a.AUTHORS>
    <g2:Structure>
      <g2:sa.AUTHORS>
        <g2:Sequence>
          <rdf:li g2:type="Symbol">ADMINISTRATOR</rdf:li></g2:Sequence></g2:sa.AUTHORS>
      <g2:sa.TIMESTAMP>
        <g2:Structure>
          <g2:sa.YEAR g2:type="Integer">2016</g2:sa.YEAR>
          <g2:sa.MONTH g2:type="Integer">9</g2:sa.MONTH>
          <g2:sa.DATE g2:type="Integer">9</g2:sa.DATE>
          <g2:sa.HOURS g2:type="Integer">22</g2:sa.HOURS>
          <g2:sa.MINUTES g2:type="Integer">8</g2:sa.MINUTES></g2:Structure></g2:sa.TIMESTAMP></g2:Structure></g2:a.AUTHORS>
  <g2:a.TEXT><![CDATA[
clear-all-test(node: class benchmark-node )

	err: class error;
	x, y: class g2-window;

begin
	show the workspace of gnne-demo-data-set-2;
	for x = each g2-window do
		if the g2-window-management-type of x exists and the g2-window-management-type of x = the symbol remote then
			y = x;
	end;
	begin
		call gnne-clear-chart-for-window(y);
	end on error(err)
		begin
			call fail(node, "failed");
			return;
		end;
	end;
	call pass(node);
end
]]></g2:a.TEXT>
  <g2:a.ICON-VARIABLES>
    <g2:Structure>
      <g2:sa.WIDTH g2:type="Integer">50</g2:sa.WIDTH>
      <g2:sa.HEIGHT g2:type="Integer">50</g2:sa.HEIGHT></g2:Structure></g2:a.ICON-VARIABLES>
  <g2:a.POSITION-IN-WORKSPACE>
    <g2:Structure>
      <g2:sa.X g2:type="Integer">-38</g2:sa.X>
      <g2:sa.Y g2:type="Integer">55</g2:sa.Y>
      <g2:sa.SUPERIOR><g2:c.KB-WORKSPACE rdf:resource="#dc24136a4fe211dfb1b4001641761fb2"/></g2:sa.SUPERIOR></g2:Structure></g2:a.POSITION-IN-WORKSPACE>
  <g2:a.SIZE-IN-WORKSPACE>
    <g2:Structure>
      <g2:sa.WIDTH g2:type="Integer">50</g2:sa.WIDTH>
      <g2:sa.HEIGHT g2:type="Integer">50</g2:sa.HEIGHT></g2:Structure></g2:a.SIZE-IN-WORKSPACE>
  <g2:a.NAME-BOX>
    <g2:Structure>
      <g2:sa.COLOR>
        <g2:Structure>
          <g2:sa.BACKGROUND-COLOR g2:type="Symbol">TRANSPARENT</g2:sa.BACKGROUND-COLOR>
          <g2:sa.TEXT-COLOR g2:type="Symbol">FOREGROUND</g2:sa.TEXT-COLOR></g2:Structure></g2:sa.COLOR>
      <g2:sa.POSITION>
        <g2:Structure>
          <g2:sa.X-OFFSET g2:type="Integer">-72</g2:sa.X-OFFSET>
          <g2:sa.Y-OFFSET g2:type="Integer">-29</g2:sa.Y-OFFSET></g2:Structure></g2:sa.POSITION></g2:Structure></g2:a.NAME-BOX></g2:c.PROCEDURE>

<c.BENCHMARK-TEST ID="dc24136c4fe211dfb1b4001641761fb2">
  <g2:a.NAMES g2:type="Symbol">CLEAR-MODEL</g2:a.NAMES>
  <ua.TEST-RESULT>
    <c.TEST-RESULT-PARAMETER ID="dc24136d4fe211dfb1b4001641761fb2">
      <g2:a.OPTIONS>
        <g2:Structure>
          <g2:sa.FORWARD-CHAIN g2:type="TruthValue">true</g2:sa.FORWARD-CHAIN>
          <g2:sa.FORWARD-CHAIN-EVEN-FOR-SAME-VALUE g2:type="TruthValue">false</g2:sa.FORWARD-CHAIN-EVEN-FOR-SAME-VALUE></g2:Structure></g2:a.OPTIONS>
      <ua.TEST-INFO>
        <g2:c.TEXT-PARAMETER ID="dc24136e4fe211dfb1b4001641761fb2">
          <g2:a.OPTIONS>
            <g2:Structure>
              <g2:sa.FORWARD-CHAIN g2:type="TruthValue">false</g2:sa.FORWARD-CHAIN>
              <g2:sa.FORWARD-CHAIN-EVEN-FOR-SAME-VALUE g2:type="TruthValue">false</g2:sa.FORWARD-CHAIN-EVEN-FOR-SAME-VALUE></g2:Structure></g2:a.OPTIONS>
          <g2:a.ICON-VARIABLES>
            <g2:Structure>
              <g2:sa.WIDTH g2:type="Integer">50</g2:sa.WIDTH>
              <g2:sa.HEIGHT g2:type="Integer">50</g2:sa.HEIGHT></g2:Structure></g2:a.ICON-VARIABLES></g2:c.TEXT-PARAMETER></ua.TEST-INFO>
      <g2:a.ICON-VARIABLES>
        <g2:Structure>
          <g2:sa.WIDTH g2:type="Integer">50</g2:sa.WIDTH>
          <g2:sa.HEIGHT g2:type="Integer">50</g2:sa.HEIGHT></g2:Structure></g2:a.ICON-VARIABLES></c.TEST-RESULT-PARAMETER></ua.TEST-RESULT>
  <ua.TIMEOUT-LIMIT g2:type="Integer" g2:unit="SECONDS">10</ua.TIMEOUT-LIMIT>
  <ua.COUNTED g2:type="TruthValue" g2:unit="TRUTH-VALUE">false</ua.COUNTED>
  <g2:a.MANUALLY-DISABLED_qm g2:type="TruthValue">true</g2:a.MANUALLY-DISABLED_qm>
  <g2:a.ICON-VARIABLES>
    <g2:Structure>
      <g2:sa.WIDTH g2:type="Integer">30</g2:sa.WIDTH>
      <g2:sa.HEIGHT g2:type="Integer">24</g2:sa.HEIGHT></g2:Structure></g2:a.ICON-VARIABLES>
  <g2:a.FOLLOWING-ITEM-IN-WORKSPACE-LAYERING><c.NEXT-BENCHMARK rdf:resource="#4dea3e38769b11e69b45000c2973fc18"/></g2:a.FOLLOWING-ITEM-IN-WORKSPACE-LAYERING>
  <g2:a.POSITION-IN-WORKSPACE>
    <g2:Structure>
      <g2:sa.X g2:type="Integer">-83</g2:sa.X>
      <g2:sa.Y g2:type="Integer">-1456</g2:sa.Y>
      <g2:sa.SUPERIOR><g2:c.KB-WORKSPACE rdf:resource="#ebd36edb4fde11dfb1b4001641761fb2"/></g2:sa.SUPERIOR></g2:Structure></g2:a.POSITION-IN-WORKSPACE>
  <g2:a.SIZE-IN-WORKSPACE>
    <g2:Structure>
      <g2:sa.WIDTH g2:type="Integer">30</g2:sa.WIDTH>
      <g2:sa.HEIGHT g2:type="Integer">24</g2:sa.HEIGHT></g2:Structure></g2:a.SIZE-IN-WORKSPACE>
  <g2:a.NAME-BOX>
    <g2:Structure>
      <g2:sa.COLOR>
        <g2:Structure>
          <g2:sa.BACKGROUND-COLOR g2:type="Symbol">TRANSPARENT</g2:sa.BACKGROUND-COLOR>
          <g2:sa.TEXT-COLOR g2:type="Symbol">FOREGROUND</g2:sa.TEXT-COLOR></g2:Structure></g2:sa.COLOR>
      <g2:sa.POSITION>
        <g2:Structure>
          <g2:sa.X-OFFSET g2:type="Integer">19</g2:sa.X-OFFSET>
          <g2:sa.Y-OFFSET g2:type="Integer">16</g2:sa.Y-OFFSET></g2:Structure></g2:sa.POSITION></g2:Structure></g2:a.NAME-BOX></c.BENCHMARK-TEST>

<g2:c.KB-WORKSPACE ID="dc24136f4fe211dfb1b4001641761fb2">
  <g2:a.DEFAULT-WINDOW-POSITION-AND-SCALE>
    <g2:Structure>
      <g2:sa.X g2:type="Integer">627</g2:sa.X>
      <g2:sa.Y g2:type="Integer">330</g2:sa.Y></g2:Structure></g2:a.DEFAULT-WINDOW-POSITION-AND-SCALE>
  <g2:a.EDGES-OF-WORKSPACE>
    <g2:Structure>
      <g2:sa.LEFT g2:type="Integer">-350</g2:sa.LEFT>
      <g2:sa.TOP g2:type="Integer">250</g2:sa.TOP>
      <g2:sa.RIGHT g2:type="Integer">350</g2:sa.RIGHT>
      <g2:sa.BOTTOM g2:type="Integer">-250</g2:sa.BOTTOM></g2:Structure></g2:a.EDGES-OF-WORKSPACE>
  <g2:a.PARENT-OF-SUBWORKSPACE><c.BENCHMARK-TEST rdf:resource="#dc24136c4fe211dfb1b4001641761fb2"/></g2:a.PARENT-OF-SUBWORKSPACE></g2:c.KB-WORKSPACE>

<g2:c.PROCEDURE ID="dc2413704fe211dfb1b4001641761fb2">
  <g2:a.TEXT><![CDATA[
clear-model-test(node: class benchmark-node )
err: class error;
x,y: class g2-window;
begin
show the workspace of gnne-demo-data-set-2;
for x = each g2-window do
y = x;
end;
begin
call gnne-clear-chart-for-model (gnneq-pca-model-2, y);
end on error(err)
begin
call fail(node, "failed");
return;
end;
end;
call pass(node);
end
]]></g2:a.TEXT>
  <g2:a.ICON-VARIABLES>
    <g2:Structure>
      <g2:sa.WIDTH g2:type="Integer">50</g2:sa.WIDTH>
      <g2:sa.HEIGHT g2:type="Integer">50</g2:sa.HEIGHT></g2:Structure></g2:a.ICON-VARIABLES>
  <g2:a.POSITION-IN-WORKSPACE>
    <g2:Structure>
      <g2:sa.X g2:type="Integer">-83</g2:sa.X>
      <g2:sa.Y g2:type="Integer">41</g2:sa.Y>
      <g2:sa.SUPERIOR><g2:c.KB-WORKSPACE rdf:resource="#dc24136f4fe211dfb1b4001641761fb2"/></g2:sa.SUPERIOR></g2:Structure></g2:a.POSITION-IN-WORKSPACE>
  <g2:a.SIZE-IN-WORKSPACE>
    <g2:Structure>
      <g2:sa.WIDTH g2:type="Integer">50</g2:sa.WIDTH>
      <g2:sa.HEIGHT g2:type="Integer">50</g2:sa.HEIGHT></g2:Structure></g2:a.SIZE-IN-WORKSPACE>
  <g2:a.NAME-BOX>
    <g2:Structure>
      <g2:sa.COLOR>
        <g2:Structure>
          <g2:sa.BACKGROUND-COLOR g2:type="Symbol">TRANSPARENT</g2:sa.BACKGROUND-COLOR>
          <g2:sa.TEXT-COLOR g2:type="Symbol">FOREGROUND</g2:sa.TEXT-COLOR></g2:Structure></g2:sa.COLOR>
      <g2:sa.POSITION>
        <g2:Structure>
          <g2:sa.X-OFFSET g2:type="Integer">-84</g2:sa.X-OFFSET>
          <g2:sa.Y-OFFSET g2:type="Integer">-29</g2:sa.Y-OFFSET></g2:Structure></g2:sa.POSITION></g2:Structure></g2:a.NAME-BOX></g2:c.PROCEDURE>

<c.BENCHMARK-TEST ID="dc2413714fe211dfb1b4001641761fb2">
  <g2:a.NAMES g2:type="Symbol">SHOW-PC1</g2:a.NAMES>
  <ua.TEST-RESULT>
    <c.TEST-RESULT-PARAMETER ID="dc2413724fe211dfb1b4001641761fb2">
      <g2:a.OPTIONS>
        <g2:Structure>
          <g2:sa.FORWARD-CHAIN g2:type="TruthValue">true</g2:sa.FORWARD-CHAIN>
          <g2:sa.FORWARD-CHAIN-EVEN-FOR-SAME-VALUE g2:type="TruthValue">false</g2:sa.FORWARD-CHAIN-EVEN-FOR-SAME-VALUE></g2:Structure></g2:a.OPTIONS>
      <ua.TEST-INFO>
        <g2:c.TEXT-PARAMETER ID="dc2413734fe211dfb1b4001641761fb2">
          <g2:a.OPTIONS>
            <g2:Structure>
              <g2:sa.FORWARD-CHAIN g2:type="TruthValue">false</g2:sa.FORWARD-CHAIN>
              <g2:sa.FORWARD-CHAIN-EVEN-FOR-SAME-VALUE g2:type="TruthValue">false</g2:sa.FORWARD-CHAIN-EVEN-FOR-SAME-VALUE></g2:Structure></g2:a.OPTIONS>
          <g2:a.ICON-VARIABLES>
            <g2:Structure>
              <g2:sa.WIDTH g2:type="Integer">50</g2:sa.WIDTH>
              <g2:sa.HEIGHT g2:type="Integer">50</g2:sa.HEIGHT></g2:Structure></g2:a.ICON-VARIABLES></g2:c.TEXT-PARAMETER></ua.TEST-INFO>
      <g2:a.ICON-VARIABLES>
        <g2:Structure>
          <g2:sa.WIDTH g2:type="Integer">50</g2:sa.WIDTH>
          <g2:sa.HEIGHT g2:type="Integer">50</g2:sa.HEIGHT></g2:Structure></g2:a.ICON-VARIABLES></c.TEST-RESULT-PARAMETER></ua.TEST-RESULT>
  <ua.TIMEOUT-LIMIT g2:type="Integer" g2:unit="SECONDS">10</ua.TIMEOUT-LIMIT>
  <ua.COUNTED g2:type="TruthValue" g2:unit="TRUTH-VALUE">false</ua.COUNTED>
  <g2:a.MANUALLY-DISABLED_qm g2:type="TruthValue">true</g2:a.MANUALLY-DISABLED_qm>
  <g2:a.ICON-VARIABLES>
    <g2:Structure>
      <g2:sa.WIDTH g2:type="Integer">30</g2:sa.WIDTH>
      <g2:sa.HEIGHT g2:type="Integer">24</g2:sa.HEIGHT></g2:Structure></g2:a.ICON-VARIABLES>
  <g2:a.FOLLOWING-ITEM-IN-WORKSPACE-LAYERING><c.NEXT-BENCHMARK rdf:resource="#dc2413c24fe211dfb1b4001641761fb2"/></g2:a.FOLLOWING-ITEM-IN-WORKSPACE-LAYERING>
  <g2:a.POSITION-IN-WORKSPACE>
    <g2:Structure>
      <g2:sa.X g2:type="Integer">113</g2:sa.X>
      <g2:sa.Y g2:type="Integer">-1376</g2:sa.Y>
      <g2:sa.SUPERIOR><g2:c.KB-WORKSPACE rdf:resource="#ebd36edb4fde11dfb1b4001641761fb2"/></g2:sa.SUPERIOR></g2:Structure></g2:a.POSITION-IN-WORKSPACE>
  <g2:a.SIZE-IN-WORKSPACE>
    <g2:Structure>
      <g2:sa.WIDTH g2:type="Integer">30</g2:sa.WIDTH>
      <g2:sa.HEIGHT g2:type="Integer">24</g2:sa.HEIGHT></g2:Structure></g2:a.SIZE-IN-WORKSPACE>
  <g2:a.NAME-BOX>
    <g2:Structure>
      <g2:sa.COLOR>
        <g2:Structure>
          <g2:sa.BACKGROUND-COLOR g2:type="Symbol">TRANSPARENT</g2:sa.BACKGROUND-COLOR>
          <g2:sa.TEXT-COLOR g2:type="Symbol">FOREGROUND</g2:sa.TEXT-COLOR></g2:Structure></g2:sa.COLOR>
      <g2:sa.POSITION>
        <g2:Structure>
          <g2:sa.X-OFFSET g2:type="Integer">19</g2:sa.X-OFFSET>
          <g2:sa.Y-OFFSET g2:type="Integer">16</g2:sa.Y-OFFSET></g2:Structure></g2:sa.POSITION></g2:Structure></g2:a.NAME-BOX></c.BENCHMARK-TEST>

<g2:c.KB-WORKSPACE ID="dc2413744fe211dfb1b4001641761fb2">
  <g2:a.DEFAULT-WINDOW-POSITION-AND-SCALE>
    <g2:Structure>
      <g2:sa.X g2:type="Integer">627</g2:sa.X>
      <g2:sa.Y g2:type="Integer">330</g2:sa.Y></g2:Structure></g2:a.DEFAULT-WINDOW-POSITION-AND-SCALE>
  <g2:a.EDGES-OF-WORKSPACE>
    <g2:Structure>
      <g2:sa.LEFT g2:type="Integer">-350</g2:sa.LEFT>
      <g2:sa.TOP g2:type="Integer">250</g2:sa.TOP>
      <g2:sa.RIGHT g2:type="Integer">350</g2:sa.RIGHT>
      <g2:sa.BOTTOM g2:type="Integer">-250</g2:sa.BOTTOM></g2:Structure></g2:a.EDGES-OF-WORKSPACE>
  <g2:a.PARENT-OF-SUBWORKSPACE><c.BENCHMARK-TEST rdf:resource="#dc2413714fe211dfb1b4001641761fb2"/></g2:a.PARENT-OF-SUBWORKSPACE></g2:c.KB-WORKSPACE>

<g2:c.PROCEDURE ID="dc2413754fe211dfb1b4001641761fb2">
  <g2:a.TEXT><![CDATA[
show-pc1-test(node: class benchmark-node )
err: class error;
x,y: class g2-window;
begin
show the workspace of gnne-demo-data-set-2;
for x = each g2-window do
y = x;
end;
begin
call gnneq-test-1-pc-monitoring-chart (gnneq-pca-model-1 , "E:\CDisk\bt\gc50r0\nolstudio\projects\Gasplant1.dat", 10,22, 0, y);
end on error(err)
begin
call fail(node, "failed");
return;
end;
end;
call pass(node);
end
]]></g2:a.TEXT>
  <g2:a.ICON-VARIABLES>
    <g2:Structure>
      <g2:sa.WIDTH g2:type="Integer">50</g2:sa.WIDTH>
      <g2:sa.HEIGHT g2:type="Integer">50</g2:sa.HEIGHT></g2:Structure></g2:a.ICON-VARIABLES>
  <g2:a.POSITION-IN-WORKSPACE>
    <g2:Structure>
      <g2:sa.X g2:type="Integer">-58</g2:sa.X>
      <g2:sa.Y g2:type="Integer">74</g2:sa.Y>
      <g2:sa.SUPERIOR><g2:c.KB-WORKSPACE rdf:resource="#dc2413744fe211dfb1b4001641761fb2"/></g2:sa.SUPERIOR></g2:Structure></g2:a.POSITION-IN-WORKSPACE>
  <g2:a.SIZE-IN-WORKSPACE>
    <g2:Structure>
      <g2:sa.WIDTH g2:type="Integer">50</g2:sa.WIDTH>
      <g2:sa.HEIGHT g2:type="Integer">50</g2:sa.HEIGHT></g2:Structure></g2:a.SIZE-IN-WORKSPACE>
  <g2:a.NAME-BOX>
    <g2:Structure>
      <g2:sa.COLOR>
        <g2:Structure>
          <g2:sa.BACKGROUND-COLOR g2:type="Symbol">TRANSPARENT</g2:sa.BACKGROUND-COLOR>
          <g2:sa.TEXT-COLOR g2:type="Symbol">FOREGROUND</g2:sa.TEXT-COLOR></g2:Structure></g2:sa.COLOR>
      <g2:sa.POSITION>
        <g2:Structure>
          <g2:sa.X-OFFSET g2:type="Integer">-71</g2:sa.X-OFFSET>
          <g2:sa.Y-OFFSET g2:type="Integer">-29</g2:sa.Y-OFFSET></g2:Structure></g2:sa.POSITION></g2:Structure></g2:a.NAME-BOX></g2:c.PROCEDURE>

<c.BENCHMARK-TEST ID="dc2413764fe211dfb1b4001641761fb2">
  <g2:a.NAMES g2:type="Symbol">LOAD-PCA-SCORE</g2:a.NAMES>
  <ua.TEST-RESULT>
    <c.TEST-RESULT-PARAMETER ID="dc2413774fe211dfb1b4001641761fb2">
      <g2:a.OPTIONS>
        <g2:Structure>
          <g2:sa.FORWARD-CHAIN g2:type="TruthValue">true</g2:sa.FORWARD-CHAIN>
          <g2:sa.FORWARD-CHAIN-EVEN-FOR-SAME-VALUE g2:type="TruthValue">false</g2:sa.FORWARD-CHAIN-EVEN-FOR-SAME-VALUE></g2:Structure></g2:a.OPTIONS>
      <ua.TEST-INFO>
        <g2:c.TEXT-PARAMETER ID="dc2413784fe211dfb1b4001641761fb2">
          <g2:a.OPTIONS>
            <g2:Structure>
              <g2:sa.FORWARD-CHAIN g2:type="TruthValue">false</g2:sa.FORWARD-CHAIN>
              <g2:sa.FORWARD-CHAIN-EVEN-FOR-SAME-VALUE g2:type="TruthValue">false</g2:sa.FORWARD-CHAIN-EVEN-FOR-SAME-VALUE></g2:Structure></g2:a.OPTIONS>
          <g2:a.ICON-VARIABLES>
            <g2:Structure>
              <g2:sa.WIDTH g2:type="Integer">50</g2:sa.WIDTH>
              <g2:sa.HEIGHT g2:type="Integer">50</g2:sa.HEIGHT></g2:Structure></g2:a.ICON-VARIABLES></g2:c.TEXT-PARAMETER></ua.TEST-INFO>
      <g2:a.ICON-VARIABLES>
        <g2:Structure>
          <g2:sa.WIDTH g2:type="Integer">50</g2:sa.WIDTH>
          <g2:sa.HEIGHT g2:type="Integer">50</g2:sa.HEIGHT></g2:Structure></g2:a.ICON-VARIABLES></c.TEST-RESULT-PARAMETER></ua.TEST-RESULT>
  <ua.TIMEOUT-LIMIT g2:type="Integer" g2:unit="SECONDS">10</ua.TIMEOUT-LIMIT>
  <ua.COUNTED g2:type="TruthValue" g2:unit="TRUTH-VALUE">false</ua.COUNTED>
  <g2:a.MANUALLY-DISABLED_qm g2:type="TruthValue">true</g2:a.MANUALLY-DISABLED_qm>
  <g2:a.ICON-VARIABLES>
    <g2:Structure>
      <g2:sa.WIDTH g2:type="Integer">30</g2:sa.WIDTH>
      <g2:sa.HEIGHT g2:type="Integer">24</g2:sa.HEIGHT></g2:Structure></g2:a.ICON-VARIABLES>
  <g2:a.FOLLOWING-ITEM-IN-WORKSPACE-LAYERING><c.NEXT-BENCHMARK rdf:resource="#dc2413b94fe211dfb1b4001641761fb2"/></g2:a.FOLLOWING-ITEM-IN-WORKSPACE-LAYERING>
  <g2:a.POSITION-IN-WORKSPACE>
    <g2:Structure>
      <g2:sa.X g2:type="Integer">-245</g2:sa.X>
      <g2:sa.Y g2:type="Integer">-1437</g2:sa.Y>
      <g2:sa.SUPERIOR><g2:c.KB-WORKSPACE rdf:resource="#ebd36edb4fde11dfb1b4001641761fb2"/></g2:sa.SUPERIOR></g2:Structure></g2:a.POSITION-IN-WORKSPACE>
  <g2:a.SIZE-IN-WORKSPACE>
    <g2:Structure>
      <g2:sa.WIDTH g2:type="Integer">30</g2:sa.WIDTH>
      <g2:sa.HEIGHT g2:type="Integer">24</g2:sa.HEIGHT></g2:Structure></g2:a.SIZE-IN-WORKSPACE>
  <g2:a.NAME-BOX>
    <g2:Structure>
      <g2:sa.COLOR>
        <g2:Structure>
          <g2:sa.BACKGROUND-COLOR g2:type="Symbol">TRANSPARENT</g2:sa.BACKGROUND-COLOR>
          <g2:sa.TEXT-COLOR g2:type="Symbol">FOREGROUND</g2:sa.TEXT-COLOR></g2:Structure></g2:sa.COLOR>
      <g2:sa.POSITION>
        <g2:Structure>
          <g2:sa.X-OFFSET g2:type="Integer">19</g2:sa.X-OFFSET>
          <g2:sa.Y-OFFSET g2:type="Integer">16</g2:sa.Y-OFFSET></g2:Structure></g2:sa.POSITION></g2:Structure></g2:a.NAME-BOX></c.BENCHMARK-TEST>

<g2:c.KB-WORKSPACE ID="dc2413794fe211dfb1b4001641761fb2">
  <g2:a.DEFAULT-WINDOW-POSITION-AND-SCALE>
    <g2:Structure>
      <g2:sa.X g2:type="Integer">627</g2:sa.X>
      <g2:sa.Y g2:type="Integer">330</g2:sa.Y></g2:Structure></g2:a.DEFAULT-WINDOW-POSITION-AND-SCALE>
  <g2:a.EDGES-OF-WORKSPACE>
    <g2:Structure>
      <g2:sa.LEFT g2:type="Integer">-350</g2:sa.LEFT>
      <g2:sa.TOP g2:type="Integer">250</g2:sa.TOP>
      <g2:sa.RIGHT g2:type="Integer">350</g2:sa.RIGHT>
      <g2:sa.BOTTOM g2:type="Integer">-250</g2:sa.BOTTOM></g2:Structure></g2:a.EDGES-OF-WORKSPACE>
  <g2:a.PARENT-OF-SUBWORKSPACE><c.BENCHMARK-TEST rdf:resource="#dc2413764fe211dfb1b4001641761fb2"/></g2:a.PARENT-OF-SUBWORKSPACE></g2:c.KB-WORKSPACE>

<g2:c.PROCEDURE ID="dc24137a4fe211dfb1b4001641761fb2">
  <g2:a.TEXT><![CDATA[
load-pca-score-test(node: class benchmark-node )
err: class error;
x,y: class g2-window;
begin
show the workspace of gnne-demo-data-set-2;
for x = each g2-window do
y = x;
end;
begin
call gnneq-load-pca-scores (gnneq-pca-model-2 ,"c:\bt\gc51r0\nolstudio\projects\Model16.sco");
end on error(err)
begin
call fail(node, "failed");
return;
end;
end;
call pass(node);
end
]]></g2:a.TEXT>
  <g2:a.ICON-VARIABLES>
    <g2:Structure>
      <g2:sa.WIDTH g2:type="Integer">50</g2:sa.WIDTH>
      <g2:sa.HEIGHT g2:type="Integer">50</g2:sa.HEIGHT></g2:Structure></g2:a.ICON-VARIABLES>
  <g2:a.POSITION-IN-WORKSPACE>
    <g2:Structure>
      <g2:sa.X g2:type="Integer">-48</g2:sa.X>
      <g2:sa.Y g2:type="Integer">71</g2:sa.Y>
      <g2:sa.SUPERIOR><g2:c.KB-WORKSPACE rdf:resource="#dc2413794fe211dfb1b4001641761fb2"/></g2:sa.SUPERIOR></g2:Structure></g2:a.POSITION-IN-WORKSPACE>
  <g2:a.SIZE-IN-WORKSPACE>
    <g2:Structure>
      <g2:sa.WIDTH g2:type="Integer">50</g2:sa.WIDTH>
      <g2:sa.HEIGHT g2:type="Integer">50</g2:sa.HEIGHT></g2:Structure></g2:a.SIZE-IN-WORKSPACE>
  <g2:a.NAME-BOX>
    <g2:Structure>
      <g2:sa.COLOR>
        <g2:Structure>
          <g2:sa.BACKGROUND-COLOR g2:type="Symbol">TRANSPARENT</g2:sa.BACKGROUND-COLOR>
          <g2:sa.TEXT-COLOR g2:type="Symbol">FOREGROUND</g2:sa.TEXT-COLOR></g2:Structure></g2:sa.COLOR>
      <g2:sa.POSITION>
        <g2:Structure>
          <g2:sa.X-OFFSET g2:type="Integer">-97</g2:sa.X-OFFSET>
          <g2:sa.Y-OFFSET g2:type="Integer">-29</g2:sa.Y-OFFSET></g2:Structure></g2:sa.POSITION></g2:Structure></g2:a.NAME-BOX></g2:c.PROCEDURE>

<c.BENCHMARK-TEST ID="dc24137b4fe211dfb1b4001641761fb2">
  <g2:a.NAMES g2:type="Symbol">LOADING-CHART</g2:a.NAMES>
  <ua.TEST-RESULT>
    <c.TEST-RESULT-PARAMETER ID="dc24137c4fe211dfb1b4001641761fb2">
      <g2:a.OPTIONS>
        <g2:Structure>
          <g2:sa.FORWARD-CHAIN g2:type="TruthValue">true</g2:sa.FORWARD-CHAIN>
          <g2:sa.FORWARD-CHAIN-EVEN-FOR-SAME-VALUE g2:type="TruthValue">false</g2:sa.FORWARD-CHAIN-EVEN-FOR-SAME-VALUE></g2:Structure></g2:a.OPTIONS>
      <ua.TEST-INFO>
        <g2:c.TEXT-PARAMETER ID="dc24137d4fe211dfb1b4001641761fb2">
          <g2:a.OPTIONS>
            <g2:Structure>
              <g2:sa.FORWARD-CHAIN g2:type="TruthValue">false</g2:sa.FORWARD-CHAIN>
              <g2:sa.FORWARD-CHAIN-EVEN-FOR-SAME-VALUE g2:type="TruthValue">false</g2:sa.FORWARD-CHAIN-EVEN-FOR-SAME-VALUE></g2:Structure></g2:a.OPTIONS>
          <g2:a.ICON-VARIABLES>
            <g2:Structure>
              <g2:sa.WIDTH g2:type="Integer">50</g2:sa.WIDTH>
              <g2:sa.HEIGHT g2:type="Integer">50</g2:sa.HEIGHT></g2:Structure></g2:a.ICON-VARIABLES></g2:c.TEXT-PARAMETER></ua.TEST-INFO>
      <g2:a.ICON-VARIABLES>
        <g2:Structure>
          <g2:sa.WIDTH g2:type="Integer">50</g2:sa.WIDTH>
          <g2:sa.HEIGHT g2:type="Integer">50</g2:sa.HEIGHT></g2:Structure></g2:a.ICON-VARIABLES></c.TEST-RESULT-PARAMETER></ua.TEST-RESULT>
  <ua.TIMEOUT-LIMIT g2:type="Integer" g2:unit="SECONDS">10</ua.TIMEOUT-LIMIT>
  <ua.COUNTED g2:type="TruthValue" g2:unit="TRUTH-VALUE">false</ua.COUNTED>
  <g2:a.MANUALLY-DISABLED_qm g2:type="TruthValue">true</g2:a.MANUALLY-DISABLED_qm>
  <g2:a.ICON-VARIABLES>
    <g2:Structure>
      <g2:sa.WIDTH g2:type="Integer">30</g2:sa.WIDTH>
      <g2:sa.HEIGHT g2:type="Integer">24</g2:sa.HEIGHT></g2:Structure></g2:a.ICON-VARIABLES>
  <g2:a.FOLLOWING-ITEM-IN-WORKSPACE-LAYERING><c.NEXT-BENCHMARK rdf:resource="#dc2413c04fe211dfb1b4001641761fb2"/></g2:a.FOLLOWING-ITEM-IN-WORKSPACE-LAYERING>
  <g2:a.POSITION-IN-WORKSPACE>
    <g2:Structure>
      <g2:sa.X g2:type="Integer">-245</g2:sa.X>
      <g2:sa.Y g2:type="Integer">-1491</g2:sa.Y>
      <g2:sa.SUPERIOR><g2:c.KB-WORKSPACE rdf:resource="#ebd36edb4fde11dfb1b4001641761fb2"/></g2:sa.SUPERIOR></g2:Structure></g2:a.POSITION-IN-WORKSPACE>
  <g2:a.SIZE-IN-WORKSPACE>
    <g2:Structure>
      <g2:sa.WIDTH g2:type="Integer">30</g2:sa.WIDTH>
      <g2:sa.HEIGHT g2:type="Integer">24</g2:sa.HEIGHT></g2:Structure></g2:a.SIZE-IN-WORKSPACE>
  <g2:a.NAME-BOX>
    <g2:Structure>
      <g2:sa.COLOR>
        <g2:Structure>
          <g2:sa.BACKGROUND-COLOR g2:type="Symbol">TRANSPARENT</g2:sa.BACKGROUND-COLOR>
          <g2:sa.TEXT-COLOR g2:type="Symbol">FOREGROUND</g2:sa.TEXT-COLOR></g2:Structure></g2:sa.COLOR>
      <g2:sa.POSITION>
        <g2:Structure>
          <g2:sa.X-OFFSET g2:type="Integer">19</g2:sa.X-OFFSET>
          <g2:sa.Y-OFFSET g2:type="Integer">16</g2:sa.Y-OFFSET></g2:Structure></g2:sa.POSITION></g2:Structure></g2:a.NAME-BOX></c.BENCHMARK-TEST>

<g2:c.KB-WORKSPACE ID="dc24137e4fe211dfb1b4001641761fb2">
  <g2:a.DEFAULT-WINDOW-POSITION-AND-SCALE>
    <g2:Structure>
      <g2:sa.X g2:type="Integer">627</g2:sa.X>
      <g2:sa.Y g2:type="Integer">330</g2:sa.Y></g2:Structure></g2:a.DEFAULT-WINDOW-POSITION-AND-SCALE>
  <g2:a.EDGES-OF-WORKSPACE>
    <g2:Structure>
      <g2:sa.LEFT g2:type="Integer">-350</g2:sa.LEFT>
      <g2:sa.TOP g2:type="Integer">250</g2:sa.TOP>
      <g2:sa.RIGHT g2:type="Integer">350</g2:sa.RIGHT>
      <g2:sa.BOTTOM g2:type="Integer">-250</g2:sa.BOTTOM></g2:Structure></g2:a.EDGES-OF-WORKSPACE>
  <g2:a.PARENT-OF-SUBWORKSPACE><c.BENCHMARK-TEST rdf:resource="#dc24137b4fe211dfb1b4001641761fb2"/></g2:a.PARENT-OF-SUBWORKSPACE></g2:c.KB-WORKSPACE>

<g2:c.PROCEDURE ID="dc24137f4fe211dfb1b4001641761fb2">
  <g2:a.TEXT><![CDATA[
loading-chart-test(node: class benchmark-node )
err: class error;
x,y: class g2-window;
begin
show the workspace of gnne-demo-data-set-2;
for x = each g2-window do
y = x;
end;
begin
call gnne-show-pca-loading-chart (gnneq-pca-model-2, 1, y);
end on error(err)
begin
call fail(node, "failed");
return;
end;
end;
call pass(node);
end
]]></g2:a.TEXT>
  <g2:a.ICON-VARIABLES>
    <g2:Structure>
      <g2:sa.WIDTH g2:type="Integer">50</g2:sa.WIDTH>
      <g2:sa.HEIGHT g2:type="Integer">50</g2:sa.HEIGHT></g2:Structure></g2:a.ICON-VARIABLES>
  <g2:a.POSITION-IN-WORKSPACE>
    <g2:Structure>
      <g2:sa.X g2:type="Integer">-79</g2:sa.X>
      <g2:sa.Y g2:type="Integer">73</g2:sa.Y>
      <g2:sa.SUPERIOR><g2:c.KB-WORKSPACE rdf:resource="#dc24137e4fe211dfb1b4001641761fb2"/></g2:sa.SUPERIOR></g2:Structure></g2:a.POSITION-IN-WORKSPACE>
  <g2:a.SIZE-IN-WORKSPACE>
    <g2:Structure>
      <g2:sa.WIDTH g2:type="Integer">50</g2:sa.WIDTH>
      <g2:sa.HEIGHT g2:type="Integer">50</g2:sa.HEIGHT></g2:Structure></g2:a.SIZE-IN-WORKSPACE>
  <g2:a.NAME-BOX>
    <g2:Structure>
      <g2:sa.COLOR>
        <g2:Structure>
          <g2:sa.BACKGROUND-COLOR g2:type="Symbol">TRANSPARENT</g2:sa.BACKGROUND-COLOR>
          <g2:sa.TEXT-COLOR g2:type="Symbol">FOREGROUND</g2:sa.TEXT-COLOR></g2:Structure></g2:sa.COLOR>
      <g2:sa.POSITION>
        <g2:Structure>
          <g2:sa.X-OFFSET g2:type="Integer">-93</g2:sa.X-OFFSET>
          <g2:sa.Y-OFFSET g2:type="Integer">-29</g2:sa.Y-OFFSET></g2:Structure></g2:sa.POSITION></g2:Structure></g2:a.NAME-BOX></g2:c.PROCEDURE>

<c.BENCHMARK-TEST ID="dc2413804fe211dfb1b4001641761fb2">
  <g2:a.NAMES g2:type="Symbol">3D-PC-CHART</g2:a.NAMES>
  <ua.TEST-RESULT>
    <c.TEST-RESULT-PARAMETER ID="dc2413814fe211dfb1b4001641761fb2">
      <g2:a.OPTIONS>
        <g2:Structure>
          <g2:sa.FORWARD-CHAIN g2:type="TruthValue">true</g2:sa.FORWARD-CHAIN>
          <g2:sa.FORWARD-CHAIN-EVEN-FOR-SAME-VALUE g2:type="TruthValue">false</g2:sa.FORWARD-CHAIN-EVEN-FOR-SAME-VALUE></g2:Structure></g2:a.OPTIONS>
      <ua.TEST-INFO>
        <g2:c.TEXT-PARAMETER ID="dc2413824fe211dfb1b4001641761fb2">
          <g2:a.OPTIONS>
            <g2:Structure>
              <g2:sa.FORWARD-CHAIN g2:type="TruthValue">false</g2:sa.FORWARD-CHAIN>
              <g2:sa.FORWARD-CHAIN-EVEN-FOR-SAME-VALUE g2:type="TruthValue">false</g2:sa.FORWARD-CHAIN-EVEN-FOR-SAME-VALUE></g2:Structure></g2:a.OPTIONS>
          <g2:a.ICON-VARIABLES>
            <g2:Structure>
              <g2:sa.WIDTH g2:type="Integer">50</g2:sa.WIDTH>
              <g2:sa.HEIGHT g2:type="Integer">50</g2:sa.HEIGHT></g2:Structure></g2:a.ICON-VARIABLES></g2:c.TEXT-PARAMETER></ua.TEST-INFO>
      <g2:a.ICON-VARIABLES>
        <g2:Structure>
          <g2:sa.WIDTH g2:type="Integer">50</g2:sa.WIDTH>
          <g2:sa.HEIGHT g2:type="Integer">50</g2:sa.HEIGHT></g2:Structure></g2:a.ICON-VARIABLES></c.TEST-RESULT-PARAMETER></ua.TEST-RESULT>
  <ua.TIMEOUT-LIMIT g2:type="Integer" g2:unit="SECONDS">10</ua.TIMEOUT-LIMIT>
  <ua.COUNTED g2:type="TruthValue" g2:unit="TRUTH-VALUE">false</ua.COUNTED>
  <g2:a.MANUALLY-DISABLED_qm g2:type="TruthValue">true</g2:a.MANUALLY-DISABLED_qm>
  <g2:a.ICON-VARIABLES>
    <g2:Structure>
      <g2:sa.WIDTH g2:type="Integer">30</g2:sa.WIDTH>
      <g2:sa.HEIGHT g2:type="Integer">24</g2:sa.HEIGHT></g2:Structure></g2:a.ICON-VARIABLES>
  <g2:a.FOLLOWING-ITEM-IN-WORKSPACE-LAYERING><c.NEXT-BENCHMARK rdf:resource="#4dea3e30769b11e69b45000c2973fc18"/></g2:a.FOLLOWING-ITEM-IN-WORKSPACE-LAYERING>
  <g2:a.POSITION-IN-WORKSPACE>
    <g2:Structure>
      <g2:sa.X g2:type="Integer">-82</g2:sa.X>
      <g2:sa.Y g2:type="Integer">-1311</g2:sa.Y>
      <g2:sa.SUPERIOR><g2:c.KB-WORKSPACE rdf:resource="#ebd36edb4fde11dfb1b4001641761fb2"/></g2:sa.SUPERIOR></g2:Structure></g2:a.POSITION-IN-WORKSPACE>
  <g2:a.SIZE-IN-WORKSPACE>
    <g2:Structure>
      <g2:sa.WIDTH g2:type="Integer">30</g2:sa.WIDTH>
      <g2:sa.HEIGHT g2:type="Integer">24</g2:sa.HEIGHT></g2:Structure></g2:a.SIZE-IN-WORKSPACE>
  <g2:a.NAME-BOX>
    <g2:Structure>
      <g2:sa.COLOR>
        <g2:Structure>
          <g2:sa.BACKGROUND-COLOR g2:type="Symbol">TRANSPARENT</g2:sa.BACKGROUND-COLOR>
          <g2:sa.TEXT-COLOR g2:type="Symbol">FOREGROUND</g2:sa.TEXT-COLOR></g2:Structure></g2:sa.COLOR>
      <g2:sa.POSITION>
        <g2:Structure>
          <g2:sa.X-OFFSET g2:type="Integer">19</g2:sa.X-OFFSET>
          <g2:sa.Y-OFFSET g2:type="Integer">16</g2:sa.Y-OFFSET></g2:Structure></g2:sa.POSITION></g2:Structure></g2:a.NAME-BOX></c.BENCHMARK-TEST>

<g2:c.KB-WORKSPACE ID="dc2413834fe211dfb1b4001641761fb2">
  <g2:a.DEFAULT-WINDOW-POSITION-AND-SCALE>
    <g2:Structure>
      <g2:sa.X g2:type="Integer">627</g2:sa.X>
      <g2:sa.Y g2:type="Integer">330</g2:sa.Y></g2:Structure></g2:a.DEFAULT-WINDOW-POSITION-AND-SCALE>
  <g2:a.EDGES-OF-WORKSPACE>
    <g2:Structure>
      <g2:sa.LEFT g2:type="Integer">-350</g2:sa.LEFT>
      <g2:sa.TOP g2:type="Integer">250</g2:sa.TOP>
      <g2:sa.RIGHT g2:type="Integer">350</g2:sa.RIGHT>
      <g2:sa.BOTTOM g2:type="Integer">-250</g2:sa.BOTTOM></g2:Structure></g2:a.EDGES-OF-WORKSPACE>
  <g2:a.PARENT-OF-SUBWORKSPACE><c.BENCHMARK-TEST rdf:resource="#dc2413804fe211dfb1b4001641761fb2"/></g2:a.PARENT-OF-SUBWORKSPACE></g2:c.KB-WORKSPACE>

<g2:c.PROCEDURE ID="dc2413844fe211dfb1b4001641761fb2">
  <g2:a.TEXT><![CDATA[
3d-pc-chart-test(node: class benchmark-node )
err: class error;
x,y: class g2-window;
begin
show the workspace of gnne-demo-data-set-2;
for x = each g2-window do
y = x;
end;
begin
call gnne-show-pca-3d-pc-chart (gnneq-pca-model-2, 0,1,2, y);
end on error(err)
begin
call fail(node, "failed");
return;
end;
end;
call pass(node);
end
]]></g2:a.TEXT>
  <g2:a.ICON-VARIABLES>
    <g2:Structure>
      <g2:sa.WIDTH g2:type="Integer">50</g2:sa.WIDTH>
      <g2:sa.HEIGHT g2:type="Integer">50</g2:sa.HEIGHT></g2:Structure></g2:a.ICON-VARIABLES>
  <g2:a.POSITION-IN-WORKSPACE>
    <g2:Structure>
      <g2:sa.X g2:type="Integer">-83</g2:sa.X>
      <g2:sa.Y g2:type="Integer">73</g2:sa.Y>
      <g2:sa.SUPERIOR><g2:c.KB-WORKSPACE rdf:resource="#dc2413834fe211dfb1b4001641761fb2"/></g2:sa.SUPERIOR></g2:Structure></g2:a.POSITION-IN-WORKSPACE>
  <g2:a.SIZE-IN-WORKSPACE>
    <g2:Structure>
      <g2:sa.WIDTH g2:type="Integer">50</g2:sa.WIDTH>
      <g2:sa.HEIGHT g2:type="Integer">50</g2:sa.HEIGHT></g2:Structure></g2:a.SIZE-IN-WORKSPACE>
  <g2:a.NAME-BOX>
    <g2:Structure>
      <g2:sa.COLOR>
        <g2:Structure>
          <g2:sa.BACKGROUND-COLOR g2:type="Symbol">TRANSPARENT</g2:sa.BACKGROUND-COLOR>
          <g2:sa.TEXT-COLOR g2:type="Symbol">FOREGROUND</g2:sa.TEXT-COLOR></g2:Structure></g2:sa.COLOR>
      <g2:sa.POSITION>
        <g2:Structure>
          <g2:sa.X-OFFSET g2:type="Integer">-81</g2:sa.X-OFFSET>
          <g2:sa.Y-OFFSET g2:type="Integer">-29</g2:sa.Y-OFFSET></g2:Structure></g2:sa.POSITION></g2:Structure></g2:a.NAME-BOX></g2:c.PROCEDURE>

<c.BENCHMARK-TEST ID="dc2413854fe211dfb1b4001641761fb2">
  <g2:a.NAMES g2:type="Symbol">SHOW-SPE-MONITORING</g2:a.NAMES>
  <ua.TEST-RESULT>
    <c.TEST-RESULT-PARAMETER ID="dc2413864fe211dfb1b4001641761fb2">
      <g2:a.OPTIONS>
        <g2:Structure>
          <g2:sa.FORWARD-CHAIN g2:type="TruthValue">true</g2:sa.FORWARD-CHAIN>
          <g2:sa.FORWARD-CHAIN-EVEN-FOR-SAME-VALUE g2:type="TruthValue">false</g2:sa.FORWARD-CHAIN-EVEN-FOR-SAME-VALUE></g2:Structure></g2:a.OPTIONS>
      <ua.TEST-INFO>
        <g2:c.TEXT-PARAMETER ID="dc2413874fe211dfb1b4001641761fb2">
          <g2:a.OPTIONS>
            <g2:Structure>
              <g2:sa.FORWARD-CHAIN g2:type="TruthValue">false</g2:sa.FORWARD-CHAIN>
              <g2:sa.FORWARD-CHAIN-EVEN-FOR-SAME-VALUE g2:type="TruthValue">false</g2:sa.FORWARD-CHAIN-EVEN-FOR-SAME-VALUE></g2:Structure></g2:a.OPTIONS>
          <g2:a.ICON-VARIABLES>
            <g2:Structure>
              <g2:sa.WIDTH g2:type="Integer">50</g2:sa.WIDTH>
              <g2:sa.HEIGHT g2:type="Integer">50</g2:sa.HEIGHT></g2:Structure></g2:a.ICON-VARIABLES></g2:c.TEXT-PARAMETER></ua.TEST-INFO>
      <g2:a.ICON-VARIABLES>
        <g2:Structure>
          <g2:sa.WIDTH g2:type="Integer">50</g2:sa.WIDTH>
          <g2:sa.HEIGHT g2:type="Integer">50</g2:sa.HEIGHT></g2:Structure></g2:a.ICON-VARIABLES></c.TEST-RESULT-PARAMETER></ua.TEST-RESULT>
  <ua.TIMEOUT-LIMIT g2:type="Integer" g2:unit="SECONDS">10</ua.TIMEOUT-LIMIT>
  <ua.COUNTED g2:type="TruthValue" g2:unit="TRUTH-VALUE">false</ua.COUNTED>
  <g2:a.MANUALLY-DISABLED_qm g2:type="TruthValue">true</g2:a.MANUALLY-DISABLED_qm>
  <g2:a.ICON-VARIABLES>
    <g2:Structure>
      <g2:sa.WIDTH g2:type="Integer">30</g2:sa.WIDTH>
      <g2:sa.HEIGHT g2:type="Integer">24</g2:sa.HEIGHT></g2:Structure></g2:a.ICON-VARIABLES>
  <g2:a.FOLLOWING-ITEM-IN-WORKSPACE-LAYERING><c.NEXT-BENCHMARK rdf:resource="#dc2413b74fe211dfb1b4001641761fb2"/></g2:a.FOLLOWING-ITEM-IN-WORKSPACE-LAYERING>
  <g2:a.POSITION-IN-WORKSPACE>
    <g2:Structure>
      <g2:sa.X g2:type="Integer">114</g2:sa.X>
      <g2:sa.Y g2:type="Integer">-1298</g2:sa.Y>
      <g2:sa.SUPERIOR><g2:c.KB-WORKSPACE rdf:resource="#ebd36edb4fde11dfb1b4001641761fb2"/></g2:sa.SUPERIOR></g2:Structure></g2:a.POSITION-IN-WORKSPACE>
  <g2:a.SIZE-IN-WORKSPACE>
    <g2:Structure>
      <g2:sa.WIDTH g2:type="Integer">30</g2:sa.WIDTH>
      <g2:sa.HEIGHT g2:type="Integer">24</g2:sa.HEIGHT></g2:Structure></g2:a.SIZE-IN-WORKSPACE>
  <g2:a.NAME-BOX>
    <g2:Structure>
      <g2:sa.COLOR>
        <g2:Structure>
          <g2:sa.BACKGROUND-COLOR g2:type="Symbol">TRANSPARENT</g2:sa.BACKGROUND-COLOR>
          <g2:sa.TEXT-COLOR g2:type="Symbol">FOREGROUND</g2:sa.TEXT-COLOR></g2:Structure></g2:sa.COLOR>
      <g2:sa.POSITION>
        <g2:Structure>
          <g2:sa.X-OFFSET g2:type="Integer">19</g2:sa.X-OFFSET>
          <g2:sa.Y-OFFSET g2:type="Integer">16</g2:sa.Y-OFFSET></g2:Structure></g2:sa.POSITION></g2:Structure></g2:a.NAME-BOX></c.BENCHMARK-TEST>

<g2:c.KB-WORKSPACE ID="dc2413884fe211dfb1b4001641761fb2">
  <g2:a.DEFAULT-WINDOW-POSITION-AND-SCALE>
    <g2:Structure>
      <g2:sa.X g2:type="Integer">627</g2:sa.X>
      <g2:sa.Y g2:type="Integer">330</g2:sa.Y></g2:Structure></g2:a.DEFAULT-WINDOW-POSITION-AND-SCALE>
  <g2:a.EDGES-OF-WORKSPACE>
    <g2:Structure>
      <g2:sa.LEFT g2:type="Integer">-350</g2:sa.LEFT>
      <g2:sa.TOP g2:type="Integer">250</g2:sa.TOP>
      <g2:sa.RIGHT g2:type="Integer">350</g2:sa.RIGHT>
      <g2:sa.BOTTOM g2:type="Integer">-250</g2:sa.BOTTOM></g2:Structure></g2:a.EDGES-OF-WORKSPACE>
  <g2:a.PARENT-OF-SUBWORKSPACE><c.BENCHMARK-TEST rdf:resource="#dc2413854fe211dfb1b4001641761fb2"/></g2:a.PARENT-OF-SUBWORKSPACE></g2:c.KB-WORKSPACE>

<g2:c.PROCEDURE ID="dc2413894fe211dfb1b4001641761fb2">
  <g2:a.TEXT><![CDATA[
show-spe-monitoring-test(node: class benchmark-node )
err: class error;
x,y: class g2-window;
begin
show the workspace of gnne-demo-data-set-2;
for x = each g2-window do
y = x;
end;
begin
call gnneq-test-spe-monitoring-chart (gnneq-pca-model-2 , "E:\CDisk\bt\gc50r0\nolstudio\projects\Gasplant1.dat", 10,22, y);
end on error(err)
begin
call fail(node, "failed");
return;
end;
end;
call pass(node);
end
]]></g2:a.TEXT>
  <g2:a.ICON-VARIABLES>
    <g2:Structure>
      <g2:sa.WIDTH g2:type="Integer">50</g2:sa.WIDTH>
      <g2:sa.HEIGHT g2:type="Integer">50</g2:sa.HEIGHT></g2:Structure></g2:a.ICON-VARIABLES>
  <g2:a.POSITION-IN-WORKSPACE>
    <g2:Structure>
      <g2:sa.X g2:type="Integer">-17</g2:sa.X>
      <g2:sa.Y g2:type="Integer">75</g2:sa.Y>
      <g2:sa.SUPERIOR><g2:c.KB-WORKSPACE rdf:resource="#dc2413884fe211dfb1b4001641761fb2"/></g2:sa.SUPERIOR></g2:Structure></g2:a.POSITION-IN-WORKSPACE>
  <g2:a.SIZE-IN-WORKSPACE>
    <g2:Structure>
      <g2:sa.WIDTH g2:type="Integer">50</g2:sa.WIDTH>
      <g2:sa.HEIGHT g2:type="Integer">50</g2:sa.HEIGHT></g2:Structure></g2:a.SIZE-IN-WORKSPACE>
  <g2:a.NAME-BOX>
    <g2:Structure>
      <g2:sa.COLOR>
        <g2:Structure>
          <g2:sa.BACKGROUND-COLOR g2:type="Symbol">TRANSPARENT</g2:sa.BACKGROUND-COLOR>
          <g2:sa.TEXT-COLOR g2:type="Symbol">FOREGROUND</g2:sa.TEXT-COLOR></g2:Structure></g2:sa.COLOR>
      <g2:sa.POSITION>
        <g2:Structure>
          <g2:sa.X-OFFSET g2:type="Integer">-121</g2:sa.X-OFFSET>
          <g2:sa.Y-OFFSET g2:type="Integer">-29</g2:sa.Y-OFFSET></g2:Structure></g2:sa.POSITION></g2:Structure></g2:a.NAME-BOX></g2:c.PROCEDURE>

<c.BENCHMARK-TEST ID="dc24138a4fe211dfb1b4001641761fb2">
  <g2:a.NAMES g2:type="Symbol">2D-PC-CHART</g2:a.NAMES>
  <ua.TEST-RESULT>
    <c.TEST-RESULT-PARAMETER ID="dc24138b4fe211dfb1b4001641761fb2">
      <g2:a.OPTIONS>
        <g2:Structure>
          <g2:sa.FORWARD-CHAIN g2:type="TruthValue">true</g2:sa.FORWARD-CHAIN>
          <g2:sa.FORWARD-CHAIN-EVEN-FOR-SAME-VALUE g2:type="TruthValue">false</g2:sa.FORWARD-CHAIN-EVEN-FOR-SAME-VALUE></g2:Structure></g2:a.OPTIONS>
      <ua.TEST-INFO>
        <g2:c.TEXT-PARAMETER ID="dc24138c4fe211dfb1b4001641761fb2">
          <g2:a.OPTIONS>
            <g2:Structure>
              <g2:sa.FORWARD-CHAIN g2:type="TruthValue">false</g2:sa.FORWARD-CHAIN>
              <g2:sa.FORWARD-CHAIN-EVEN-FOR-SAME-VALUE g2:type="TruthValue">false</g2:sa.FORWARD-CHAIN-EVEN-FOR-SAME-VALUE></g2:Structure></g2:a.OPTIONS>
          <g2:a.ICON-VARIABLES>
            <g2:Structure>
              <g2:sa.WIDTH g2:type="Integer">50</g2:sa.WIDTH>
              <g2:sa.HEIGHT g2:type="Integer">50</g2:sa.HEIGHT></g2:Structure></g2:a.ICON-VARIABLES></g2:c.TEXT-PARAMETER></ua.TEST-INFO>
      <g2:a.ICON-VARIABLES>
        <g2:Structure>
          <g2:sa.WIDTH g2:type="Integer">50</g2:sa.WIDTH>
          <g2:sa.HEIGHT g2:type="Integer">50</g2:sa.HEIGHT></g2:Structure></g2:a.ICON-VARIABLES></c.TEST-RESULT-PARAMETER></ua.TEST-RESULT>
  <ua.TIMEOUT-LIMIT g2:type="Integer" g2:unit="SECONDS">10</ua.TIMEOUT-LIMIT>
  <ua.COUNTED g2:type="TruthValue" g2:unit="TRUTH-VALUE">false</ua.COUNTED>
  <g2:a.MANUALLY-DISABLED_qm g2:type="TruthValue">true</g2:a.MANUALLY-DISABLED_qm>
  <g2:a.ICON-VARIABLES>
    <g2:Structure>
      <g2:sa.WIDTH g2:type="Integer">30</g2:sa.WIDTH>
      <g2:sa.HEIGHT g2:type="Integer">24</g2:sa.HEIGHT></g2:Structure></g2:a.ICON-VARIABLES>
  <g2:a.FOLLOWING-ITEM-IN-WORKSPACE-LAYERING><c.NEXT-BENCHMARK rdf:resource="#dc2413ba4fe211dfb1b4001641761fb2"/></g2:a.FOLLOWING-ITEM-IN-WORKSPACE-LAYERING>
  <g2:a.POSITION-IN-WORKSPACE>
    <g2:Structure>
      <g2:sa.X g2:type="Integer">-84</g2:sa.X>
      <g2:sa.Y g2:type="Integer">-1241</g2:sa.Y>
      <g2:sa.SUPERIOR><g2:c.KB-WORKSPACE rdf:resource="#ebd36edb4fde11dfb1b4001641761fb2"/></g2:sa.SUPERIOR></g2:Structure></g2:a.POSITION-IN-WORKSPACE>
  <g2:a.SIZE-IN-WORKSPACE>
    <g2:Structure>
      <g2:sa.WIDTH g2:type="Integer">30</g2:sa.WIDTH>
      <g2:sa.HEIGHT g2:type="Integer">24</g2:sa.HEIGHT></g2:Structure></g2:a.SIZE-IN-WORKSPACE>
  <g2:a.NAME-BOX>
    <g2:Structure>
      <g2:sa.COLOR>
        <g2:Structure>
          <g2:sa.BACKGROUND-COLOR g2:type="Symbol">TRANSPARENT</g2:sa.BACKGROUND-COLOR>
          <g2:sa.TEXT-COLOR g2:type="Symbol">FOREGROUND</g2:sa.TEXT-COLOR></g2:Structure></g2:sa.COLOR>
      <g2:sa.POSITION>
        <g2:Structure>
          <g2:sa.X-OFFSET g2:type="Integer">19</g2:sa.X-OFFSET>
          <g2:sa.Y-OFFSET g2:type="Integer">16</g2:sa.Y-OFFSET></g2:Structure></g2:sa.POSITION></g2:Structure></g2:a.NAME-BOX></c.BENCHMARK-TEST>

<g2:c.KB-WORKSPACE ID="dc24138d4fe211dfb1b4001641761fb2">
  <g2:a.DEFAULT-WINDOW-POSITION-AND-SCALE>
    <g2:Structure>
      <g2:sa.X g2:type="Integer">636</g2:sa.X>
      <g2:sa.Y g2:type="Integer">404</g2:sa.Y></g2:Structure></g2:a.DEFAULT-WINDOW-POSITION-AND-SCALE>
  <g2:a.EDGES-OF-WORKSPACE>
    <g2:Structure>
      <g2:sa.LEFT g2:type="Integer">-350</g2:sa.LEFT>
      <g2:sa.TOP g2:type="Integer">250</g2:sa.TOP>
      <g2:sa.RIGHT g2:type="Integer">350</g2:sa.RIGHT>
      <g2:sa.BOTTOM g2:type="Integer">-250</g2:sa.BOTTOM></g2:Structure></g2:a.EDGES-OF-WORKSPACE>
  <g2:a.PARENT-OF-SUBWORKSPACE><c.BENCHMARK-TEST rdf:resource="#dc24138a4fe211dfb1b4001641761fb2"/></g2:a.PARENT-OF-SUBWORKSPACE></g2:c.KB-WORKSPACE>

<g2:c.PROCEDURE ID="dc24138e4fe211dfb1b4001641761fb2">
  <g2:a.TEXT><![CDATA[
2d-pc-chart-test(node: class benchmark-node )
err: class error;
x,y: class g2-window;
begin
show the workspace of gnne-demo-data-set-2;
for x = each g2-window do
y = x;
end;
begin
call gnne-show-pca-2d-pc-chart (gnneq-pca-model-2, 0,1, y);
end on error(err)
begin
call fail(node, "failed");
return;
end;
end;
call pass(node);
end
]]></g2:a.TEXT>
  <g2:a.ICON-VARIABLES>
    <g2:Structure>
      <g2:sa.WIDTH g2:type="Integer">50</g2:sa.WIDTH>
      <g2:sa.HEIGHT g2:type="Integer">50</g2:sa.HEIGHT></g2:Structure></g2:a.ICON-VARIABLES>
  <g2:a.POSITION-IN-WORKSPACE>
    <g2:Structure>
      <g2:sa.X g2:type="Integer">-48</g2:sa.X>
      <g2:sa.Y g2:type="Integer">68</g2:sa.Y>
      <g2:sa.SUPERIOR><g2:c.KB-WORKSPACE rdf:resource="#dc24138d4fe211dfb1b4001641761fb2"/></g2:sa.SUPERIOR></g2:Structure></g2:a.POSITION-IN-WORKSPACE>
  <g2:a.SIZE-IN-WORKSPACE>
    <g2:Structure>
      <g2:sa.WIDTH g2:type="Integer">50</g2:sa.WIDTH>
      <g2:sa.HEIGHT g2:type="Integer">50</g2:sa.HEIGHT></g2:Structure></g2:a.SIZE-IN-WORKSPACE>
  <g2:a.NAME-BOX>
    <g2:Structure>
      <g2:sa.COLOR>
        <g2:Structure>
          <g2:sa.BACKGROUND-COLOR g2:type="Symbol">TRANSPARENT</g2:sa.BACKGROUND-COLOR>
          <g2:sa.TEXT-COLOR g2:type="Symbol">FOREGROUND</g2:sa.TEXT-COLOR></g2:Structure></g2:sa.COLOR>
      <g2:sa.POSITION>
        <g2:Structure>
          <g2:sa.X-OFFSET g2:type="Integer">-81</g2:sa.X-OFFSET>
          <g2:sa.Y-OFFSET g2:type="Integer">-29</g2:sa.Y-OFFSET></g2:Structure></g2:sa.POSITION></g2:Structure></g2:a.NAME-BOX></g2:c.PROCEDURE>

<c.BENCHMARK-TEST ID="dc24138f4fe211dfb1b4001641761fb2">
  <g2:a.NAMES g2:type="Symbol">2D-PC-MONITORING</g2:a.NAMES>
  <ua.TEST-RESULT>
    <c.TEST-RESULT-PARAMETER ID="dc2413904fe211dfb1b4001641761fb2">
      <g2:a.OPTIONS>
        <g2:Structure>
          <g2:sa.FORWARD-CHAIN g2:type="TruthValue">true</g2:sa.FORWARD-CHAIN>
          <g2:sa.FORWARD-CHAIN-EVEN-FOR-SAME-VALUE g2:type="TruthValue">false</g2:sa.FORWARD-CHAIN-EVEN-FOR-SAME-VALUE></g2:Structure></g2:a.OPTIONS>
      <ua.TEST-INFO>
        <g2:c.TEXT-PARAMETER ID="dc2413914fe211dfb1b4001641761fb2">
          <g2:a.OPTIONS>
            <g2:Structure>
              <g2:sa.FORWARD-CHAIN g2:type="TruthValue">false</g2:sa.FORWARD-CHAIN>
              <g2:sa.FORWARD-CHAIN-EVEN-FOR-SAME-VALUE g2:type="TruthValue">false</g2:sa.FORWARD-CHAIN-EVEN-FOR-SAME-VALUE></g2:Structure></g2:a.OPTIONS>
          <g2:a.ICON-VARIABLES>
            <g2:Structure>
              <g2:sa.WIDTH g2:type="Integer">50</g2:sa.WIDTH>
              <g2:sa.HEIGHT g2:type="Integer">50</g2:sa.HEIGHT></g2:Structure></g2:a.ICON-VARIABLES></g2:c.TEXT-PARAMETER></ua.TEST-INFO>
      <g2:a.ICON-VARIABLES>
        <g2:Structure>
          <g2:sa.WIDTH g2:type="Integer">50</g2:sa.WIDTH>
          <g2:sa.HEIGHT g2:type="Integer">50</g2:sa.HEIGHT></g2:Structure></g2:a.ICON-VARIABLES></c.TEST-RESULT-PARAMETER></ua.TEST-RESULT>
  <ua.TIMEOUT-LIMIT g2:type="Integer" g2:unit="SECONDS">10</ua.TIMEOUT-LIMIT>
  <ua.COUNTED g2:type="TruthValue" g2:unit="TRUTH-VALUE">false</ua.COUNTED>
  <g2:a.MANUALLY-DISABLED_qm g2:type="TruthValue">true</g2:a.MANUALLY-DISABLED_qm>
  <g2:a.ICON-VARIABLES>
    <g2:Structure>
      <g2:sa.WIDTH g2:type="Integer">30</g2:sa.WIDTH>
      <g2:sa.HEIGHT g2:type="Integer">24</g2:sa.HEIGHT></g2:Structure></g2:a.ICON-VARIABLES>
  <g2:a.FOLLOWING-ITEM-IN-WORKSPACE-LAYERING><c.NEXT-BENCHMARK rdf:resource="#dc2413bb4fe211dfb1b4001641761fb2"/></g2:a.FOLLOWING-ITEM-IN-WORKSPACE-LAYERING>
  <g2:a.POSITION-IN-WORKSPACE>
    <g2:Structure>
      <g2:sa.X g2:type="Integer">116</g2:sa.X>
      <g2:sa.Y g2:type="Integer">-1229</g2:sa.Y>
      <g2:sa.SUPERIOR><g2:c.KB-WORKSPACE rdf:resource="#ebd36edb4fde11dfb1b4001641761fb2"/></g2:sa.SUPERIOR></g2:Structure></g2:a.POSITION-IN-WORKSPACE>
  <g2:a.SIZE-IN-WORKSPACE>
    <g2:Structure>
      <g2:sa.WIDTH g2:type="Integer">30</g2:sa.WIDTH>
      <g2:sa.HEIGHT g2:type="Integer">24</g2:sa.HEIGHT></g2:Structure></g2:a.SIZE-IN-WORKSPACE>
  <g2:a.NAME-BOX>
    <g2:Structure>
      <g2:sa.COLOR>
        <g2:Structure>
          <g2:sa.BACKGROUND-COLOR g2:type="Symbol">TRANSPARENT</g2:sa.BACKGROUND-COLOR>
          <g2:sa.TEXT-COLOR g2:type="Symbol">FOREGROUND</g2:sa.TEXT-COLOR></g2:Structure></g2:sa.COLOR>
      <g2:sa.POSITION>
        <g2:Structure>
          <g2:sa.X-OFFSET g2:type="Integer">19</g2:sa.X-OFFSET>
          <g2:sa.Y-OFFSET g2:type="Integer">16</g2:sa.Y-OFFSET></g2:Structure></g2:sa.POSITION></g2:Structure></g2:a.NAME-BOX></c.BENCHMARK-TEST>

<g2:c.KB-WORKSPACE ID="dc2413924fe211dfb1b4001641761fb2">
  <g2:a.DEFAULT-WINDOW-POSITION-AND-SCALE>
    <g2:Structure>
      <g2:sa.X g2:type="Integer">627</g2:sa.X>
      <g2:sa.Y g2:type="Integer">330</g2:sa.Y></g2:Structure></g2:a.DEFAULT-WINDOW-POSITION-AND-SCALE>
  <g2:a.EDGES-OF-WORKSPACE>
    <g2:Structure>
      <g2:sa.LEFT g2:type="Integer">-350</g2:sa.LEFT>
      <g2:sa.TOP g2:type="Integer">250</g2:sa.TOP>
      <g2:sa.RIGHT g2:type="Integer">350</g2:sa.RIGHT>
      <g2:sa.BOTTOM g2:type="Integer">-250</g2:sa.BOTTOM></g2:Structure></g2:a.EDGES-OF-WORKSPACE>
  <g2:a.PARENT-OF-SUBWORKSPACE><c.BENCHMARK-TEST rdf:resource="#dc24138f4fe211dfb1b4001641761fb2"/></g2:a.PARENT-OF-SUBWORKSPACE></g2:c.KB-WORKSPACE>

<g2:c.PROCEDURE ID="dc2413934fe211dfb1b4001641761fb2">
  <g2:a.TEXT><![CDATA[
2d-pc-monitoring-test(node: class benchmark-node )
err: class error;
x,y: class g2-window;
begin
show the workspace of gnne-demo-data-set-2;
for x = each g2-window do
y = x;
end;
begin
call gnne-create-pca-2d-pc-monitoring-chart (gnneq-pca-model-2 , 0,1, y);
end on error(err)
begin
call fail(node, "failed");
return;
end;
end;
call pass(node);
end
]]></g2:a.TEXT>
  <g2:a.ICON-VARIABLES>
    <g2:Structure>
      <g2:sa.WIDTH g2:type="Integer">50</g2:sa.WIDTH>
      <g2:sa.HEIGHT g2:type="Integer">50</g2:sa.HEIGHT></g2:Structure></g2:a.ICON-VARIABLES>
  <g2:a.POSITION-IN-WORKSPACE>
    <g2:Structure>
      <g2:sa.X g2:type="Integer">-135</g2:sa.X>
      <g2:sa.Y g2:type="Integer">95</g2:sa.Y>
      <g2:sa.SUPERIOR><g2:c.KB-WORKSPACE rdf:resource="#dc2413924fe211dfb1b4001641761fb2"/></g2:sa.SUPERIOR></g2:Structure></g2:a.POSITION-IN-WORKSPACE>
  <g2:a.SIZE-IN-WORKSPACE>
    <g2:Structure>
      <g2:sa.WIDTH g2:type="Integer">50</g2:sa.WIDTH>
      <g2:sa.HEIGHT g2:type="Integer">50</g2:sa.HEIGHT></g2:Structure></g2:a.SIZE-IN-WORKSPACE>
  <g2:a.NAME-BOX>
    <g2:Structure>
      <g2:sa.COLOR>
        <g2:Structure>
          <g2:sa.BACKGROUND-COLOR g2:type="Symbol">TRANSPARENT</g2:sa.BACKGROUND-COLOR>
          <g2:sa.TEXT-COLOR g2:type="Symbol">FOREGROUND</g2:sa.TEXT-COLOR></g2:Structure></g2:sa.COLOR>
      <g2:sa.POSITION>
        <g2:Structure>
          <g2:sa.X-OFFSET g2:type="Integer">-103</g2:sa.X-OFFSET>
          <g2:sa.Y-OFFSET g2:type="Integer">-29</g2:sa.Y-OFFSET></g2:Structure></g2:sa.POSITION></g2:Structure></g2:a.NAME-BOX></g2:c.PROCEDURE>

<c.BENCHMARK-TEST ID="dc2413944fe211dfb1b4001641761fb2">
  <g2:a.NAMES g2:type="Symbol">LOAD-PCA-MODEL</g2:a.NAMES>
  <ua.TEST-RESULT>
    <c.TEST-RESULT-PARAMETER ID="dc2413954fe211dfb1b4001641761fb2">
      <g2:a.OPTIONS>
        <g2:Structure>
          <g2:sa.FORWARD-CHAIN g2:type="TruthValue">true</g2:sa.FORWARD-CHAIN>
          <g2:sa.FORWARD-CHAIN-EVEN-FOR-SAME-VALUE g2:type="TruthValue">false</g2:sa.FORWARD-CHAIN-EVEN-FOR-SAME-VALUE></g2:Structure></g2:a.OPTIONS>
      <ua.TEST-INFO>
        <g2:c.TEXT-PARAMETER ID="dc2413964fe211dfb1b4001641761fb2">
          <g2:a.OPTIONS>
            <g2:Structure>
              <g2:sa.FORWARD-CHAIN g2:type="TruthValue">false</g2:sa.FORWARD-CHAIN>
              <g2:sa.FORWARD-CHAIN-EVEN-FOR-SAME-VALUE g2:type="TruthValue">false</g2:sa.FORWARD-CHAIN-EVEN-FOR-SAME-VALUE></g2:Structure></g2:a.OPTIONS>
          <g2:a.ICON-VARIABLES>
            <g2:Structure>
              <g2:sa.WIDTH g2:type="Integer">50</g2:sa.WIDTH>
              <g2:sa.HEIGHT g2:type="Integer">50</g2:sa.HEIGHT></g2:Structure></g2:a.ICON-VARIABLES></g2:c.TEXT-PARAMETER></ua.TEST-INFO>
      <g2:a.ICON-VARIABLES>
        <g2:Structure>
          <g2:sa.WIDTH g2:type="Integer">50</g2:sa.WIDTH>
          <g2:sa.HEIGHT g2:type="Integer">50</g2:sa.HEIGHT></g2:Structure></g2:a.ICON-VARIABLES></c.TEST-RESULT-PARAMETER></ua.TEST-RESULT>
  <ua.TIMEOUT-LIMIT g2:type="Integer" g2:unit="SECONDS">10</ua.TIMEOUT-LIMIT>
  <ua.COUNTED g2:type="TruthValue" g2:unit="TRUTH-VALUE">false</ua.COUNTED>
  <g2:a.MANUALLY-DISABLED_qm g2:type="TruthValue">true</g2:a.MANUALLY-DISABLED_qm>
  <g2:a.ICON-VARIABLES>
    <g2:Structure>
      <g2:sa.WIDTH g2:type="Integer">30</g2:sa.WIDTH>
      <g2:sa.HEIGHT g2:type="Integer">24</g2:sa.HEIGHT></g2:Structure></g2:a.ICON-VARIABLES>
  <g2:a.FOLLOWING-ITEM-IN-WORKSPACE-LAYERING><c.NEXT-BENCHMARK rdf:resource="#4dea3e32769b11e69b45000c2973fc18"/></g2:a.FOLLOWING-ITEM-IN-WORKSPACE-LAYERING>
  <g2:a.POSITION-IN-WORKSPACE>
    <g2:Structure>
      <g2:sa.X g2:type="Integer">-242</g2:sa.X>
      <g2:sa.Y g2:type="Integer">-1343</g2:sa.Y>
      <g2:sa.SUPERIOR><g2:c.KB-WORKSPACE rdf:resource="#ebd36edb4fde11dfb1b4001641761fb2"/></g2:sa.SUPERIOR></g2:Structure></g2:a.POSITION-IN-WORKSPACE>
  <g2:a.SIZE-IN-WORKSPACE>
    <g2:Structure>
      <g2:sa.WIDTH g2:type="Integer">30</g2:sa.WIDTH>
      <g2:sa.HEIGHT g2:type="Integer">24</g2:sa.HEIGHT></g2:Structure></g2:a.SIZE-IN-WORKSPACE>
  <g2:a.NAME-BOX>
    <g2:Structure>
      <g2:sa.COLOR>
        <g2:Structure>
          <g2:sa.BACKGROUND-COLOR g2:type="Symbol">TRANSPARENT</g2:sa.BACKGROUND-COLOR>
          <g2:sa.TEXT-COLOR g2:type="Symbol">FOREGROUND</g2:sa.TEXT-COLOR></g2:Structure></g2:sa.COLOR>
      <g2:sa.POSITION>
        <g2:Structure>
          <g2:sa.X-OFFSET g2:type="Integer">19</g2:sa.X-OFFSET>
          <g2:sa.Y-OFFSET g2:type="Integer">16</g2:sa.Y-OFFSET></g2:Structure></g2:sa.POSITION></g2:Structure></g2:a.NAME-BOX></c.BENCHMARK-TEST>

<g2:c.KB-WORKSPACE ID="dc2413974fe211dfb1b4001641761fb2">
  <g2:a.DEFAULT-WINDOW-POSITION-AND-SCALE>
    <g2:Structure>
      <g2:sa.X g2:type="Integer">627</g2:sa.X>
      <g2:sa.Y g2:type="Integer">330</g2:sa.Y></g2:Structure></g2:a.DEFAULT-WINDOW-POSITION-AND-SCALE>
  <g2:a.EDGES-OF-WORKSPACE>
    <g2:Structure>
      <g2:sa.LEFT g2:type="Integer">-350</g2:sa.LEFT>
      <g2:sa.TOP g2:type="Integer">250</g2:sa.TOP>
      <g2:sa.RIGHT g2:type="Integer">350</g2:sa.RIGHT>
      <g2:sa.BOTTOM g2:type="Integer">-250</g2:sa.BOTTOM></g2:Structure></g2:a.EDGES-OF-WORKSPACE>
  <g2:a.PARENT-OF-SUBWORKSPACE><c.BENCHMARK-TEST rdf:resource="#dc2413944fe211dfb1b4001641761fb2"/></g2:a.PARENT-OF-SUBWORKSPACE></g2:c.KB-WORKSPACE>

<g2:c.PROCEDURE ID="dc2413984fe211dfb1b4001641761fb2">
  <g2:a.TEXT><![CDATA[
load-pca-model-test(node: class benchmark-node )
err: class error;
x,y: class g2-window;
begin
wait for 10 seconds;
show the workspace of gnne-demo-data-set-2;
for x = each g2-window do
y = x;
end;
begin
call gnneq-load-pca-model (gnneq-pca-model-2  ,"C:\bt\gc51r0\nolstudio\projects\Model16.pca");
end on error(err)
begin
call fail(node, "failed");
return;
end;
end;
call pass(node);
end
]]></g2:a.TEXT>
  <g2:a.ICON-VARIABLES>
    <g2:Structure>
      <g2:sa.WIDTH g2:type="Integer">50</g2:sa.WIDTH>
      <g2:sa.HEIGHT g2:type="Integer">50</g2:sa.HEIGHT></g2:Structure></g2:a.ICON-VARIABLES>
  <g2:a.POSITION-IN-WORKSPACE>
    <g2:Structure>
      <g2:sa.X g2:type="Integer">-115</g2:sa.X>
      <g2:sa.Y g2:type="Integer">101</g2:sa.Y>
      <g2:sa.SUPERIOR><g2:c.KB-WORKSPACE rdf:resource="#dc2413974fe211dfb1b4001641761fb2"/></g2:sa.SUPERIOR></g2:Structure></g2:a.POSITION-IN-WORKSPACE>
  <g2:a.SIZE-IN-WORKSPACE>
    <g2:Structure>
      <g2:sa.WIDTH g2:type="Integer">50</g2:sa.WIDTH>
      <g2:sa.HEIGHT g2:type="Integer">50</g2:sa.HEIGHT></g2:Structure></g2:a.SIZE-IN-WORKSPACE>
  <g2:a.NAME-BOX>
    <g2:Structure>
      <g2:sa.COLOR>
        <g2:Structure>
          <g2:sa.BACKGROUND-COLOR g2:type="Symbol">TRANSPARENT</g2:sa.BACKGROUND-COLOR>
          <g2:sa.TEXT-COLOR g2:type="Symbol">FOREGROUND</g2:sa.TEXT-COLOR></g2:Structure></g2:sa.COLOR>
      <g2:sa.POSITION>
        <g2:Structure>
          <g2:sa.X-OFFSET g2:type="Integer">-98</g2:sa.X-OFFSET>
          <g2:sa.Y-OFFSET g2:type="Integer">-29</g2:sa.Y-OFFSET></g2:Structure></g2:sa.POSITION></g2:Structure></g2:a.NAME-BOX></g2:c.PROCEDURE>

<c.BENCHMARK-TEST ID="dc2413994fe211dfb1b4001641761fb2">
  <g2:a.NAMES g2:type="Symbol">1D-PC-CHART</g2:a.NAMES>
  <ua.TEST-RESULT>
    <c.TEST-RESULT-PARAMETER ID="dc24139a4fe211dfb1b4001641761fb2">
      <g2:a.OPTIONS>
        <g2:Structure>
          <g2:sa.FORWARD-CHAIN g2:type="TruthValue">true</g2:sa.FORWARD-CHAIN>
          <g2:sa.FORWARD-CHAIN-EVEN-FOR-SAME-VALUE g2:type="TruthValue">false</g2:sa.FORWARD-CHAIN-EVEN-FOR-SAME-VALUE></g2:Structure></g2:a.OPTIONS>
      <ua.TEST-INFO>
        <g2:c.TEXT-PARAMETER ID="dc24139b4fe211dfb1b4001641761fb2">
          <g2:a.OPTIONS>
            <g2:Structure>
              <g2:sa.FORWARD-CHAIN g2:type="TruthValue">false</g2:sa.FORWARD-CHAIN>
              <g2:sa.FORWARD-CHAIN-EVEN-FOR-SAME-VALUE g2:type="TruthValue">false</g2:sa.FORWARD-CHAIN-EVEN-FOR-SAME-VALUE></g2:Structure></g2:a.OPTIONS>
          <g2:a.ICON-VARIABLES>
            <g2:Structure>
              <g2:sa.WIDTH g2:type="Integer">50</g2:sa.WIDTH>
              <g2:sa.HEIGHT g2:type="Integer">50</g2:sa.HEIGHT></g2:Structure></g2:a.ICON-VARIABLES></g2:c.TEXT-PARAMETER></ua.TEST-INFO>
      <g2:a.ICON-VARIABLES>
        <g2:Structure>
          <g2:sa.WIDTH g2:type="Integer">50</g2:sa.WIDTH>
          <g2:sa.HEIGHT g2:type="Integer">50</g2:sa.HEIGHT></g2:Structure></g2:a.ICON-VARIABLES></c.TEST-RESULT-PARAMETER></ua.TEST-RESULT>
  <ua.TIMEOUT-LIMIT g2:type="Integer" g2:unit="SECONDS">10</ua.TIMEOUT-LIMIT>
  <ua.COUNTED g2:type="TruthValue" g2:unit="TRUTH-VALUE">false</ua.COUNTED>
  <g2:a.MANUALLY-DISABLED_qm g2:type="TruthValue">true</g2:a.MANUALLY-DISABLED_qm>
  <g2:a.ICON-VARIABLES>
    <g2:Structure>
      <g2:sa.WIDTH g2:type="Integer">30</g2:sa.WIDTH>
      <g2:sa.HEIGHT g2:type="Integer">24</g2:sa.HEIGHT></g2:Structure></g2:a.ICON-VARIABLES>
  <g2:a.FOLLOWING-ITEM-IN-WORKSPACE-LAYERING><c.NEXT-BENCHMARK rdf:resource="#dc2413bc4fe211dfb1b4001641761fb2"/></g2:a.FOLLOWING-ITEM-IN-WORKSPACE-LAYERING>
  <g2:a.POSITION-IN-WORKSPACE>
    <g2:Structure>
      <g2:sa.X g2:type="Integer">-88</g2:sa.X>
      <g2:sa.Y g2:type="Integer">-1173</g2:sa.Y>
      <g2:sa.SUPERIOR><g2:c.KB-WORKSPACE rdf:resource="#ebd36edb4fde11dfb1b4001641761fb2"/></g2:sa.SUPERIOR></g2:Structure></g2:a.POSITION-IN-WORKSPACE>
  <g2:a.SIZE-IN-WORKSPACE>
    <g2:Structure>
      <g2:sa.WIDTH g2:type="Integer">30</g2:sa.WIDTH>
      <g2:sa.HEIGHT g2:type="Integer">24</g2:sa.HEIGHT></g2:Structure></g2:a.SIZE-IN-WORKSPACE>
  <g2:a.NAME-BOX>
    <g2:Structure>
      <g2:sa.COLOR>
        <g2:Structure>
          <g2:sa.BACKGROUND-COLOR g2:type="Symbol">TRANSPARENT</g2:sa.BACKGROUND-COLOR>
          <g2:sa.TEXT-COLOR g2:type="Symbol">FOREGROUND</g2:sa.TEXT-COLOR></g2:Structure></g2:sa.COLOR>
      <g2:sa.POSITION>
        <g2:Structure>
          <g2:sa.X-OFFSET g2:type="Integer">19</g2:sa.X-OFFSET>
          <g2:sa.Y-OFFSET g2:type="Integer">16</g2:sa.Y-OFFSET></g2:Structure></g2:sa.POSITION></g2:Structure></g2:a.NAME-BOX></c.BENCHMARK-TEST>

<g2:c.KB-WORKSPACE ID="dc24139c4fe211dfb1b4001641761fb2">
  <g2:a.DEFAULT-WINDOW-POSITION-AND-SCALE>
    <g2:Structure>
      <g2:sa.X g2:type="Integer">627</g2:sa.X>
      <g2:sa.Y g2:type="Integer">330</g2:sa.Y></g2:Structure></g2:a.DEFAULT-WINDOW-POSITION-AND-SCALE>
  <g2:a.EDGES-OF-WORKSPACE>
    <g2:Structure>
      <g2:sa.LEFT g2:type="Integer">-350</g2:sa.LEFT>
      <g2:sa.TOP g2:type="Integer">250</g2:sa.TOP>
      <g2:sa.RIGHT g2:type="Integer">350</g2:sa.RIGHT>
      <g2:sa.BOTTOM g2:type="Integer">-250</g2:sa.BOTTOM></g2:Structure></g2:a.EDGES-OF-WORKSPACE>
  <g2:a.PARENT-OF-SUBWORKSPACE><c.BENCHMARK-TEST rdf:resource="#dc2413994fe211dfb1b4001641761fb2"/></g2:a.PARENT-OF-SUBWORKSPACE></g2:c.KB-WORKSPACE>

<g2:c.PROCEDURE ID="dc24139d4fe211dfb1b4001641761fb2">
  <g2:a.TEXT><![CDATA[
1d-pc-chart-test(node: class benchmark-node )
err: class error;
x,y: class g2-window;
begin
show the workspace of gnne-demo-data-set-2;
for x = each g2-window do
y = x;
end;
begin
call gnne-show-pca-single-pc-chart (gnneq-pca-model-2 , 0, y);
end on error(err)
begin
call fail(node, "failed");
return;
end;
end;
call pass(node);
end
]]></g2:a.TEXT>
  <g2:a.ICON-VARIABLES>
    <g2:Structure>
      <g2:sa.WIDTH g2:type="Integer">50</g2:sa.WIDTH>
      <g2:sa.HEIGHT g2:type="Integer">50</g2:sa.HEIGHT></g2:Structure></g2:a.ICON-VARIABLES>
  <g2:a.POSITION-IN-WORKSPACE>
    <g2:Structure>
      <g2:sa.X g2:type="Integer">-137</g2:sa.X>
      <g2:sa.Y g2:type="Integer">44</g2:sa.Y>
      <g2:sa.SUPERIOR><g2:c.KB-WORKSPACE rdf:resource="#dc24139c4fe211dfb1b4001641761fb2"/></g2:sa.SUPERIOR></g2:Structure></g2:a.POSITION-IN-WORKSPACE>
  <g2:a.SIZE-IN-WORKSPACE>
    <g2:Structure>
      <g2:sa.WIDTH g2:type="Integer">50</g2:sa.WIDTH>
      <g2:sa.HEIGHT g2:type="Integer">50</g2:sa.HEIGHT></g2:Structure></g2:a.SIZE-IN-WORKSPACE>
  <g2:a.NAME-BOX>
    <g2:Structure>
      <g2:sa.COLOR>
        <g2:Structure>
          <g2:sa.BACKGROUND-COLOR g2:type="Symbol">TRANSPARENT</g2:sa.BACKGROUND-COLOR>
          <g2:sa.TEXT-COLOR g2:type="Symbol">FOREGROUND</g2:sa.TEXT-COLOR></g2:Structure></g2:sa.COLOR>
      <g2:sa.POSITION>
        <g2:Structure>
          <g2:sa.X-OFFSET g2:type="Integer">-81</g2:sa.X-OFFSET>
          <g2:sa.Y-OFFSET g2:type="Integer">-29</g2:sa.Y-OFFSET></g2:Structure></g2:sa.POSITION></g2:Structure></g2:a.NAME-BOX></g2:c.PROCEDURE>

<c.BENCHMARK-TEST ID="dc24139e4fe211dfb1b4001641761fb2">
  <g2:a.NAMES g2:type="Symbol">1D-PC-MONITORING</g2:a.NAMES>
  <ua.TEST-RESULT>
    <c.TEST-RESULT-PARAMETER ID="dc24139f4fe211dfb1b4001641761fb2">
      <g2:a.OPTIONS>
        <g2:Structure>
          <g2:sa.FORWARD-CHAIN g2:type="TruthValue">true</g2:sa.FORWARD-CHAIN>
          <g2:sa.FORWARD-CHAIN-EVEN-FOR-SAME-VALUE g2:type="TruthValue">false</g2:sa.FORWARD-CHAIN-EVEN-FOR-SAME-VALUE></g2:Structure></g2:a.OPTIONS>
      <ua.TEST-INFO>
        <g2:c.TEXT-PARAMETER ID="dc2413a04fe211dfb1b4001641761fb2">
          <g2:a.OPTIONS>
            <g2:Structure>
              <g2:sa.FORWARD-CHAIN g2:type="TruthValue">false</g2:sa.FORWARD-CHAIN>
              <g2:sa.FORWARD-CHAIN-EVEN-FOR-SAME-VALUE g2:type="TruthValue">false</g2:sa.FORWARD-CHAIN-EVEN-FOR-SAME-VALUE></g2:Structure></g2:a.OPTIONS>
          <g2:a.ICON-VARIABLES>
            <g2:Structure>
              <g2:sa.WIDTH g2:type="Integer">50</g2:sa.WIDTH>
              <g2:sa.HEIGHT g2:type="Integer">50</g2:sa.HEIGHT></g2:Structure></g2:a.ICON-VARIABLES></g2:c.TEXT-PARAMETER></ua.TEST-INFO>
      <g2:a.ICON-VARIABLES>
        <g2:Structure>
          <g2:sa.WIDTH g2:type="Integer">50</g2:sa.WIDTH>
          <g2:sa.HEIGHT g2:type="Integer">50</g2:sa.HEIGHT></g2:Structure></g2:a.ICON-VARIABLES></c.TEST-RESULT-PARAMETER></ua.TEST-RESULT>
  <ua.TIMEOUT-LIMIT g2:type="Integer" g2:unit="SECONDS">10</ua.TIMEOUT-LIMIT>
  <ua.COUNTED g2:type="TruthValue" g2:unit="TRUTH-VALUE">false</ua.COUNTED>
  <g2:a.MANUALLY-DISABLED_qm g2:type="TruthValue">true</g2:a.MANUALLY-DISABLED_qm>
  <g2:a.ICON-VARIABLES>
    <g2:Structure>
      <g2:sa.WIDTH g2:type="Integer">30</g2:sa.WIDTH>
      <g2:sa.HEIGHT g2:type="Integer">24</g2:sa.HEIGHT></g2:Structure></g2:a.ICON-VARIABLES>
  <g2:a.FOLLOWING-ITEM-IN-WORKSPACE-LAYERING><c.NEXT-BENCHMARK rdf:resource="#dc2413bd4fe211dfb1b4001641761fb2"/></g2:a.FOLLOWING-ITEM-IN-WORKSPACE-LAYERING>
  <g2:a.POSITION-IN-WORKSPACE>
    <g2:Structure>
      <g2:sa.X g2:type="Integer">118</g2:sa.X>
      <g2:sa.Y g2:type="Integer">-1162</g2:sa.Y>
      <g2:sa.SUPERIOR><g2:c.KB-WORKSPACE rdf:resource="#ebd36edb4fde11dfb1b4001641761fb2"/></g2:sa.SUPERIOR></g2:Structure></g2:a.POSITION-IN-WORKSPACE>
  <g2:a.SIZE-IN-WORKSPACE>
    <g2:Structure>
      <g2:sa.WIDTH g2:type="Integer">30</g2:sa.WIDTH>
      <g2:sa.HEIGHT g2:type="Integer">24</g2:sa.HEIGHT></g2:Structure></g2:a.SIZE-IN-WORKSPACE>
  <g2:a.NAME-BOX>
    <g2:Structure>
      <g2:sa.COLOR>
        <g2:Structure>
          <g2:sa.BACKGROUND-COLOR g2:type="Symbol">TRANSPARENT</g2:sa.BACKGROUND-COLOR>
          <g2:sa.TEXT-COLOR g2:type="Symbol">FOREGROUND</g2:sa.TEXT-COLOR></g2:Structure></g2:sa.COLOR>
      <g2:sa.POSITION>
        <g2:Structure>
          <g2:sa.X-OFFSET g2:type="Integer">19</g2:sa.X-OFFSET>
          <g2:sa.Y-OFFSET g2:type="Integer">16</g2:sa.Y-OFFSET></g2:Structure></g2:sa.POSITION></g2:Structure></g2:a.NAME-BOX></c.BENCHMARK-TEST>

<g2:c.KB-WORKSPACE ID="dc2413a14fe211dfb1b4001641761fb2">
  <g2:a.DEFAULT-WINDOW-POSITION-AND-SCALE>
    <g2:Structure>
      <g2:sa.X g2:type="Integer">627</g2:sa.X>
      <g2:sa.Y g2:type="Integer">330</g2:sa.Y></g2:Structure></g2:a.DEFAULT-WINDOW-POSITION-AND-SCALE>
  <g2:a.EDGES-OF-WORKSPACE>
    <g2:Structure>
      <g2:sa.LEFT g2:type="Integer">-350</g2:sa.LEFT>
      <g2:sa.TOP g2:type="Integer">250</g2:sa.TOP>
      <g2:sa.RIGHT g2:type="Integer">350</g2:sa.RIGHT>
      <g2:sa.BOTTOM g2:type="Integer">-250</g2:sa.BOTTOM></g2:Structure></g2:a.EDGES-OF-WORKSPACE>
  <g2:a.PARENT-OF-SUBWORKSPACE><c.BENCHMARK-TEST rdf:resource="#dc24139e4fe211dfb1b4001641761fb2"/></g2:a.PARENT-OF-SUBWORKSPACE></g2:c.KB-WORKSPACE>

<g2:c.PROCEDURE ID="dc2413a24fe211dfb1b4001641761fb2">
  <g2:a.TEXT><![CDATA[
1d-pc-monitoring-test(node: class benchmark-node )
err: class error;
x,y: class g2-window;
begin
show the workspace of gnne-demo-data-set-2;
for x = each g2-window do
y = x;
end;
begin
call gnne-create-pca-single-pc-monitoring-chart (gnneq-pca-model-2 , 0, y);
end on error(err)
begin
call fail(node, "failed");
return;
end;
end;
call pass(node);
end
]]></g2:a.TEXT>
  <g2:a.ICON-VARIABLES>
    <g2:Structure>
      <g2:sa.WIDTH g2:type="Integer">50</g2:sa.WIDTH>
      <g2:sa.HEIGHT g2:type="Integer">50</g2:sa.HEIGHT></g2:Structure></g2:a.ICON-VARIABLES>
  <g2:a.POSITION-IN-WORKSPACE>
    <g2:Structure>
      <g2:sa.X g2:type="Integer">-46</g2:sa.X>
      <g2:sa.Y g2:type="Integer">49</g2:sa.Y>
      <g2:sa.SUPERIOR><g2:c.KB-WORKSPACE rdf:resource="#dc2413a14fe211dfb1b4001641761fb2"/></g2:sa.SUPERIOR></g2:Structure></g2:a.POSITION-IN-WORKSPACE>
  <g2:a.SIZE-IN-WORKSPACE>
    <g2:Structure>
      <g2:sa.WIDTH g2:type="Integer">50</g2:sa.WIDTH>
      <g2:sa.HEIGHT g2:type="Integer">50</g2:sa.HEIGHT></g2:Structure></g2:a.SIZE-IN-WORKSPACE>
  <g2:a.NAME-BOX>
    <g2:Structure>
      <g2:sa.COLOR>
        <g2:Structure>
          <g2:sa.BACKGROUND-COLOR g2:type="Symbol">TRANSPARENT</g2:sa.BACKGROUND-COLOR>
          <g2:sa.TEXT-COLOR g2:type="Symbol">FOREGROUND</g2:sa.TEXT-COLOR></g2:Structure></g2:sa.COLOR>
      <g2:sa.POSITION>
        <g2:Structure>
          <g2:sa.X-OFFSET g2:type="Integer">-103</g2:sa.X-OFFSET>
          <g2:sa.Y-OFFSET g2:type="Integer">-29</g2:sa.Y-OFFSET></g2:Structure></g2:sa.POSITION></g2:Structure></g2:a.NAME-BOX></g2:c.PROCEDURE>

<c.BENCHMARK-TEST ID="dc2413a34fe211dfb1b4001641761fb2">
  <g2:a.NAMES g2:type="Symbol">SPE-CHART</g2:a.NAMES>
  <ua.TEST-RESULT>
    <c.TEST-RESULT-PARAMETER ID="dc2413a44fe211dfb1b4001641761fb2">
      <g2:a.OPTIONS>
        <g2:Structure>
          <g2:sa.FORWARD-CHAIN g2:type="TruthValue">true</g2:sa.FORWARD-CHAIN>
          <g2:sa.FORWARD-CHAIN-EVEN-FOR-SAME-VALUE g2:type="TruthValue">false</g2:sa.FORWARD-CHAIN-EVEN-FOR-SAME-VALUE></g2:Structure></g2:a.OPTIONS>
      <ua.TEST-INFO>
        <g2:c.TEXT-PARAMETER ID="dc2413a54fe211dfb1b4001641761fb2">
          <g2:a.OPTIONS>
            <g2:Structure>
              <g2:sa.FORWARD-CHAIN g2:type="TruthValue">false</g2:sa.FORWARD-CHAIN>
              <g2:sa.FORWARD-CHAIN-EVEN-FOR-SAME-VALUE g2:type="TruthValue">false</g2:sa.FORWARD-CHAIN-EVEN-FOR-SAME-VALUE></g2:Structure></g2:a.OPTIONS>
          <g2:a.ICON-VARIABLES>
            <g2:Structure>
              <g2:sa.WIDTH g2:type="Integer">50</g2:sa.WIDTH>
              <g2:sa.HEIGHT g2:type="Integer">50</g2:sa.HEIGHT></g2:Structure></g2:a.ICON-VARIABLES></g2:c.TEXT-PARAMETER></ua.TEST-INFO>
      <g2:a.ICON-VARIABLES>
        <g2:Structure>
          <g2:sa.WIDTH g2:type="Integer">50</g2:sa.WIDTH>
          <g2:sa.HEIGHT g2:type="Integer">50</g2:sa.HEIGHT></g2:Structure></g2:a.ICON-VARIABLES></c.TEST-RESULT-PARAMETER></ua.TEST-RESULT>
  <ua.TIMEOUT-LIMIT g2:type="Integer" g2:unit="SECONDS">10</ua.TIMEOUT-LIMIT>
  <ua.COUNTED g2:type="TruthValue" g2:unit="TRUTH-VALUE">false</ua.COUNTED>
  <g2:a.MANUALLY-DISABLED_qm g2:type="TruthValue">true</g2:a.MANUALLY-DISABLED_qm>
  <g2:a.ICON-VARIABLES>
    <g2:Structure>
      <g2:sa.WIDTH g2:type="Integer">30</g2:sa.WIDTH>
      <g2:sa.HEIGHT g2:type="Integer">24</g2:sa.HEIGHT></g2:Structure></g2:a.ICON-VARIABLES>
  <g2:a.FOLLOWING-ITEM-IN-WORKSPACE-LAYERING><c.NEXT-BENCHMARK rdf:resource="#dc2413b24fe211dfb1b4001641761fb2"/></g2:a.FOLLOWING-ITEM-IN-WORKSPACE-LAYERING>
  <g2:a.POSITION-IN-WORKSPACE>
    <g2:Structure>
      <g2:sa.X g2:type="Integer">-92</g2:sa.X>
      <g2:sa.Y g2:type="Integer">-1110</g2:sa.Y>
      <g2:sa.SUPERIOR><g2:c.KB-WORKSPACE rdf:resource="#ebd36edb4fde11dfb1b4001641761fb2"/></g2:sa.SUPERIOR></g2:Structure></g2:a.POSITION-IN-WORKSPACE>
  <g2:a.SIZE-IN-WORKSPACE>
    <g2:Structure>
      <g2:sa.WIDTH g2:type="Integer">30</g2:sa.WIDTH>
      <g2:sa.HEIGHT g2:type="Integer">24</g2:sa.HEIGHT></g2:Structure></g2:a.SIZE-IN-WORKSPACE>
  <g2:a.NAME-BOX>
    <g2:Structure>
      <g2:sa.COLOR>
        <g2:Structure>
          <g2:sa.BACKGROUND-COLOR g2:type="Symbol">TRANSPARENT</g2:sa.BACKGROUND-COLOR>
          <g2:sa.TEXT-COLOR g2:type="Symbol">FOREGROUND</g2:sa.TEXT-COLOR></g2:Structure></g2:sa.COLOR>
      <g2:sa.POSITION>
        <g2:Structure>
          <g2:sa.X-OFFSET g2:type="Integer">19</g2:sa.X-OFFSET>
          <g2:sa.Y-OFFSET g2:type="Integer">16</g2:sa.Y-OFFSET></g2:Structure></g2:sa.POSITION></g2:Structure></g2:a.NAME-BOX></c.BENCHMARK-TEST>

<g2:c.KB-WORKSPACE ID="dc2413a64fe211dfb1b4001641761fb2">
  <g2:a.DEFAULT-WINDOW-POSITION-AND-SCALE>
    <g2:Structure>
      <g2:sa.X g2:type="Integer">627</g2:sa.X>
      <g2:sa.Y g2:type="Integer">330</g2:sa.Y></g2:Structure></g2:a.DEFAULT-WINDOW-POSITION-AND-SCALE>
  <g2:a.EDGES-OF-WORKSPACE>
    <g2:Structure>
      <g2:sa.LEFT g2:type="Integer">-350</g2:sa.LEFT>
      <g2:sa.TOP g2:type="Integer">250</g2:sa.TOP>
      <g2:sa.RIGHT g2:type="Integer">350</g2:sa.RIGHT>
      <g2:sa.BOTTOM g2:type="Integer">-250</g2:sa.BOTTOM></g2:Structure></g2:a.EDGES-OF-WORKSPACE>
  <g2:a.PARENT-OF-SUBWORKSPACE><c.BENCHMARK-TEST rdf:resource="#dc2413a34fe211dfb1b4001641761fb2"/></g2:a.PARENT-OF-SUBWORKSPACE></g2:c.KB-WORKSPACE>

<g2:c.PROCEDURE ID="dc2413a74fe211dfb1b4001641761fb2">
  <g2:a.TEXT><![CDATA[
spe-chart-test(node: class benchmark-node )
err: class error;
x,y: class g2-window;
begin
show the workspace of gnne-demo-data-set-2;
for x = each g2-window do
y = x;
end;
begin
call gnne-show-pca-spe-chart (gnneq-pca-model-2 , y);
end on error(err)
begin
call fail(node, "failed");
return;
end;
end;
call pass(node);
end
]]></g2:a.TEXT>
  <g2:a.ICON-VARIABLES>
    <g2:Structure>
      <g2:sa.WIDTH g2:type="Integer">50</g2:sa.WIDTH>
      <g2:sa.HEIGHT g2:type="Integer">50</g2:sa.HEIGHT></g2:Structure></g2:a.ICON-VARIABLES>
  <g2:a.POSITION-IN-WORKSPACE>
    <g2:Structure>
      <g2:sa.X g2:type="Integer">-96</g2:sa.X>
      <g2:sa.Y g2:type="Integer">36</g2:sa.Y>
      <g2:sa.SUPERIOR><g2:c.KB-WORKSPACE rdf:resource="#dc2413a64fe211dfb1b4001641761fb2"/></g2:sa.SUPERIOR></g2:Structure></g2:a.POSITION-IN-WORKSPACE>
  <g2:a.SIZE-IN-WORKSPACE>
    <g2:Structure>
      <g2:sa.WIDTH g2:type="Integer">50</g2:sa.WIDTH>
      <g2:sa.HEIGHT g2:type="Integer">50</g2:sa.HEIGHT></g2:Structure></g2:a.SIZE-IN-WORKSPACE>
  <g2:a.NAME-BOX>
    <g2:Structure>
      <g2:sa.COLOR>
        <g2:Structure>
          <g2:sa.BACKGROUND-COLOR g2:type="Symbol">TRANSPARENT</g2:sa.BACKGROUND-COLOR>
          <g2:sa.TEXT-COLOR g2:type="Symbol">FOREGROUND</g2:sa.TEXT-COLOR></g2:Structure></g2:sa.COLOR>
      <g2:sa.POSITION>
        <g2:Structure>
          <g2:sa.X-OFFSET g2:type="Integer">-73</g2:sa.X-OFFSET>
          <g2:sa.Y-OFFSET g2:type="Integer">-29</g2:sa.Y-OFFSET></g2:Structure></g2:sa.POSITION></g2:Structure></g2:a.NAME-BOX></g2:c.PROCEDURE>

<c.BENCHMARK-TEST ID="dc2413a84fe211dfb1b4001641761fb2">
  <g2:a.NAMES g2:type="Symbol">SPE-MONITORING</g2:a.NAMES>
  <ua.TEST-RESULT>
    <c.TEST-RESULT-PARAMETER ID="dc2413a94fe211dfb1b4001641761fb2">
      <g2:a.OPTIONS>
        <g2:Structure>
          <g2:sa.FORWARD-CHAIN g2:type="TruthValue">true</g2:sa.FORWARD-CHAIN>
          <g2:sa.FORWARD-CHAIN-EVEN-FOR-SAME-VALUE g2:type="TruthValue">false</g2:sa.FORWARD-CHAIN-EVEN-FOR-SAME-VALUE></g2:Structure></g2:a.OPTIONS>
      <ua.TEST-INFO>
        <g2:c.TEXT-PARAMETER ID="dc2413aa4fe211dfb1b4001641761fb2">
          <g2:a.OPTIONS>
            <g2:Structure>
              <g2:sa.FORWARD-CHAIN g2:type="TruthValue">false</g2:sa.FORWARD-CHAIN>
              <g2:sa.FORWARD-CHAIN-EVEN-FOR-SAME-VALUE g2:type="TruthValue">false</g2:sa.FORWARD-CHAIN-EVEN-FOR-SAME-VALUE></g2:Structure></g2:a.OPTIONS>
          <g2:a.ICON-VARIABLES>
            <g2:Structure>
              <g2:sa.WIDTH g2:type="Integer">50</g2:sa.WIDTH>
              <g2:sa.HEIGHT g2:type="Integer">50</g2:sa.HEIGHT></g2:Structure></g2:a.ICON-VARIABLES></g2:c.TEXT-PARAMETER></ua.TEST-INFO>
      <g2:a.ICON-VARIABLES>
        <g2:Structure>
          <g2:sa.WIDTH g2:type="Integer">50</g2:sa.WIDTH>
          <g2:sa.HEIGHT g2:type="Integer">50</g2:sa.HEIGHT></g2:Structure></g2:a.ICON-VARIABLES></c.TEST-RESULT-PARAMETER></ua.TEST-RESULT>
  <ua.TIMEOUT-LIMIT g2:type="Integer" g2:unit="SECONDS">10</ua.TIMEOUT-LIMIT>
  <ua.COUNTED g2:type="TruthValue" g2:unit="TRUTH-VALUE">false</ua.COUNTED>
  <g2:a.MANUALLY-DISABLED_qm g2:type="TruthValue">true</g2:a.MANUALLY-DISABLED_qm>
  <g2:a.ICON-VARIABLES>
    <g2:Structure>
      <g2:sa.WIDTH g2:type="Integer">30</g2:sa.WIDTH>
      <g2:sa.HEIGHT g2:type="Integer">24</g2:sa.HEIGHT></g2:Structure></g2:a.ICON-VARIABLES>
  <g2:a.FOLLOWING-ITEM-IN-WORKSPACE-LAYERING><c.NEXT-BENCHMARK rdf:resource="#4dea3e31769b11e69b45000c2973fc18"/></g2:a.FOLLOWING-ITEM-IN-WORKSPACE-LAYERING>
  <g2:a.POSITION-IN-WORKSPACE>
    <g2:Structure>
      <g2:sa.X g2:type="Integer">116</g2:sa.X>
      <g2:sa.Y g2:type="Integer">-1094</g2:sa.Y>
      <g2:sa.SUPERIOR><g2:c.KB-WORKSPACE rdf:resource="#ebd36edb4fde11dfb1b4001641761fb2"/></g2:sa.SUPERIOR></g2:Structure></g2:a.POSITION-IN-WORKSPACE>
  <g2:a.SIZE-IN-WORKSPACE>
    <g2:Structure>
      <g2:sa.WIDTH g2:type="Integer">30</g2:sa.WIDTH>
      <g2:sa.HEIGHT g2:type="Integer">24</g2:sa.HEIGHT></g2:Structure></g2:a.SIZE-IN-WORKSPACE>
  <g2:a.NAME-BOX>
    <g2:Structure>
      <g2:sa.COLOR>
        <g2:Structure>
          <g2:sa.BACKGROUND-COLOR g2:type="Symbol">TRANSPARENT</g2:sa.BACKGROUND-COLOR>
          <g2:sa.TEXT-COLOR g2:type="Symbol">FOREGROUND</g2:sa.TEXT-COLOR></g2:Structure></g2:sa.COLOR>
      <g2:sa.POSITION>
        <g2:Structure>
          <g2:sa.X-OFFSET g2:type="Integer">19</g2:sa.X-OFFSET>
          <g2:sa.Y-OFFSET g2:type="Integer">16</g2:sa.Y-OFFSET></g2:Structure></g2:sa.POSITION></g2:Structure></g2:a.NAME-BOX></c.BENCHMARK-TEST>

<g2:c.KB-WORKSPACE ID="dc2413ab4fe211dfb1b4001641761fb2">
  <g2:a.DEFAULT-WINDOW-POSITION-AND-SCALE>
    <g2:Structure>
      <g2:sa.X g2:type="Integer">627</g2:sa.X>
      <g2:sa.Y g2:type="Integer">330</g2:sa.Y></g2:Structure></g2:a.DEFAULT-WINDOW-POSITION-AND-SCALE>
  <g2:a.EDGES-OF-WORKSPACE>
    <g2:Structure>
      <g2:sa.LEFT g2:type="Integer">-350</g2:sa.LEFT>
      <g2:sa.TOP g2:type="Integer">250</g2:sa.TOP>
      <g2:sa.RIGHT g2:type="Integer">350</g2:sa.RIGHT>
      <g2:sa.BOTTOM g2:type="Integer">-250</g2:sa.BOTTOM></g2:Structure></g2:a.EDGES-OF-WORKSPACE>
  <g2:a.PARENT-OF-SUBWORKSPACE><c.BENCHMARK-TEST rdf:resource="#dc2413a84fe211dfb1b4001641761fb2"/></g2:a.PARENT-OF-SUBWORKSPACE></g2:c.KB-WORKSPACE>

<g2:c.PROCEDURE ID="dc2413ac4fe211dfb1b4001641761fb2">
  <g2:a.TEXT><![CDATA[
spe-monitoring-test(node: class benchmark-node )
err: class error;
x,y: class g2-window;
begin
show the workspace of gnne-demo-data-set-2;
for x = each g2-window do
y = x;
end;
begin
call gnne-create-pca-spe-monitoring-chart(gnneq-pca-model-2, y);
end on error(err)
begin
call fail(node, "failed");
return;
end;
end;
call pass(node);
end
]]></g2:a.TEXT>
  <g2:a.ICON-VARIABLES>
    <g2:Structure>
      <g2:sa.WIDTH g2:type="Integer">50</g2:sa.WIDTH>
      <g2:sa.HEIGHT g2:type="Integer">50</g2:sa.HEIGHT></g2:Structure></g2:a.ICON-VARIABLES>
  <g2:a.POSITION-IN-WORKSPACE>
    <g2:Structure>
      <g2:sa.X g2:type="Integer">8</g2:sa.X>
      <g2:sa.Y g2:type="Integer">104</g2:sa.Y>
      <g2:sa.SUPERIOR><g2:c.KB-WORKSPACE rdf:resource="#dc2413ab4fe211dfb1b4001641761fb2"/></g2:sa.SUPERIOR></g2:Structure></g2:a.POSITION-IN-WORKSPACE>
  <g2:a.SIZE-IN-WORKSPACE>
    <g2:Structure>
      <g2:sa.WIDTH g2:type="Integer">50</g2:sa.WIDTH>
      <g2:sa.HEIGHT g2:type="Integer">50</g2:sa.HEIGHT></g2:Structure></g2:a.SIZE-IN-WORKSPACE>
  <g2:a.NAME-BOX>
    <g2:Structure>
      <g2:sa.COLOR>
        <g2:Structure>
          <g2:sa.BACKGROUND-COLOR g2:type="Symbol">TRANSPARENT</g2:sa.BACKGROUND-COLOR>
          <g2:sa.TEXT-COLOR g2:type="Symbol">FOREGROUND</g2:sa.TEXT-COLOR></g2:Structure></g2:sa.COLOR>
      <g2:sa.POSITION>
        <g2:Structure>
          <g2:sa.X-OFFSET g2:type="Integer">-96</g2:sa.X-OFFSET>
          <g2:sa.Y-OFFSET g2:type="Integer">-29</g2:sa.Y-OFFSET></g2:Structure></g2:sa.POSITION></g2:Structure></g2:a.NAME-BOX></g2:c.PROCEDURE>

<c.BENCHMARK-TEST ID="dc2413ad4fe211dfb1b4001641761fb2">
  <g2:a.NAMES g2:type="Symbol">SHOW-PC2</g2:a.NAMES>
  <ua.TEST-RESULT>
    <c.TEST-RESULT-PARAMETER ID="dc2413ae4fe211dfb1b4001641761fb2">
      <g2:a.OPTIONS>
        <g2:Structure>
          <g2:sa.FORWARD-CHAIN g2:type="TruthValue">true</g2:sa.FORWARD-CHAIN>
          <g2:sa.FORWARD-CHAIN-EVEN-FOR-SAME-VALUE g2:type="TruthValue">false</g2:sa.FORWARD-CHAIN-EVEN-FOR-SAME-VALUE></g2:Structure></g2:a.OPTIONS>
      <ua.TEST-INFO>
        <g2:c.TEXT-PARAMETER ID="dc2413af4fe211dfb1b4001641761fb2">
          <g2:a.OPTIONS>
            <g2:Structure>
              <g2:sa.FORWARD-CHAIN g2:type="TruthValue">false</g2:sa.FORWARD-CHAIN>
              <g2:sa.FORWARD-CHAIN-EVEN-FOR-SAME-VALUE g2:type="TruthValue">false</g2:sa.FORWARD-CHAIN-EVEN-FOR-SAME-VALUE></g2:Structure></g2:a.OPTIONS>
          <g2:a.ICON-VARIABLES>
            <g2:Structure>
              <g2:sa.WIDTH g2:type="Integer">50</g2:sa.WIDTH>
              <g2:sa.HEIGHT g2:type="Integer">50</g2:sa.HEIGHT></g2:Structure></g2:a.ICON-VARIABLES></g2:c.TEXT-PARAMETER></ua.TEST-INFO>
      <g2:a.ICON-VARIABLES>
        <g2:Structure>
          <g2:sa.WIDTH g2:type="Integer">50</g2:sa.WIDTH>
          <g2:sa.HEIGHT g2:type="Integer">50</g2:sa.HEIGHT></g2:Structure></g2:a.ICON-VARIABLES></c.TEST-RESULT-PARAMETER></ua.TEST-RESULT>
  <ua.TIMEOUT-LIMIT g2:type="Integer" g2:unit="SECONDS">10</ua.TIMEOUT-LIMIT>
  <ua.COUNTED g2:type="TruthValue" g2:unit="TRUTH-VALUE">false</ua.COUNTED>
  <g2:a.MANUALLY-DISABLED_qm g2:type="TruthValue">true</g2:a.MANUALLY-DISABLED_qm>
  <g2:a.ICON-VARIABLES>
    <g2:Structure>
      <g2:sa.WIDTH g2:type="Integer">30</g2:sa.WIDTH>
      <g2:sa.HEIGHT g2:type="Integer">24</g2:sa.HEIGHT></g2:Structure></g2:a.ICON-VARIABLES>
  <g2:a.FOLLOWING-ITEM-IN-WORKSPACE-LAYERING><c.NEXT-BENCHMARK rdf:resource="#4dea3e2f769b11e69b45000c2973fc18"/></g2:a.FOLLOWING-ITEM-IN-WORKSPACE-LAYERING>
  <g2:a.POSITION-IN-WORKSPACE>
    <g2:Structure>
      <g2:sa.X g2:type="Integer">112</g2:sa.X>
      <g2:sa.Y g2:type="Integer">-1462</g2:sa.Y>
      <g2:sa.SUPERIOR><g2:c.KB-WORKSPACE rdf:resource="#ebd36edb4fde11dfb1b4001641761fb2"/></g2:sa.SUPERIOR></g2:Structure></g2:a.POSITION-IN-WORKSPACE>
  <g2:a.SIZE-IN-WORKSPACE>
    <g2:Structure>
      <g2:sa.WIDTH g2:type="Integer">30</g2:sa.WIDTH>
      <g2:sa.HEIGHT g2:type="Integer">24</g2:sa.HEIGHT></g2:Structure></g2:a.SIZE-IN-WORKSPACE>
  <g2:a.NAME-BOX>
    <g2:Structure>
      <g2:sa.COLOR>
        <g2:Structure>
          <g2:sa.BACKGROUND-COLOR g2:type="Symbol">TRANSPARENT</g2:sa.BACKGROUND-COLOR>
          <g2:sa.TEXT-COLOR g2:type="Symbol">FOREGROUND</g2:sa.TEXT-COLOR></g2:Structure></g2:sa.COLOR>
      <g2:sa.POSITION>
        <g2:Structure>
          <g2:sa.X-OFFSET g2:type="Integer">19</g2:sa.X-OFFSET>
          <g2:sa.Y-OFFSET g2:type="Integer">16</g2:sa.Y-OFFSET></g2:Structure></g2:sa.POSITION></g2:Structure></g2:a.NAME-BOX></c.BENCHMARK-TEST>

<g2:c.KB-WORKSPACE ID="dc2413b04fe211dfb1b4001641761fb2">
  <g2:a.DEFAULT-WINDOW-POSITION-AND-SCALE>
    <g2:Structure>
      <g2:sa.X g2:type="Integer">627</g2:sa.X>
      <g2:sa.Y g2:type="Integer">330</g2:sa.Y></g2:Structure></g2:a.DEFAULT-WINDOW-POSITION-AND-SCALE>
  <g2:a.EDGES-OF-WORKSPACE>
    <g2:Structure>
      <g2:sa.LEFT g2:type="Integer">-350</g2:sa.LEFT>
      <g2:sa.TOP g2:type="Integer">250</g2:sa.TOP>
      <g2:sa.RIGHT g2:type="Integer">350</g2:sa.RIGHT>
      <g2:sa.BOTTOM g2:type="Integer">-250</g2:sa.BOTTOM></g2:Structure></g2:a.EDGES-OF-WORKSPACE>
  <g2:a.PARENT-OF-SUBWORKSPACE><c.BENCHMARK-TEST rdf:resource="#dc2413ad4fe211dfb1b4001641761fb2"/></g2:a.PARENT-OF-SUBWORKSPACE></g2:c.KB-WORKSPACE>

<g2:c.PROCEDURE ID="dc2413b14fe211dfb1b4001641761fb2">
  <g2:a.TEXT><![CDATA[
show-pc2-test(node: class benchmark-node )
err: class error;
x,y: class g2-window;
begin
show the workspace of gnne-demo-data-set-2;
for x = each g2-window do
y = x;
end;
begin
call gnneq-test-2-pc-monitoring-chart (gnneq-pca-model-1 , "E:\CDisk\bt\gc50r0\nolstudio\projects\Gasplant1.dat", 20,22, 0,1, y);
end on error(err)
begin
call fail(node, "failed");
return;
end;
end;
call pass(node);
end
]]></g2:a.TEXT>
  <g2:a.ICON-VARIABLES>
    <g2:Structure>
      <g2:sa.WIDTH g2:type="Integer">50</g2:sa.WIDTH>
      <g2:sa.HEIGHT g2:type="Integer">50</g2:sa.HEIGHT></g2:Structure></g2:a.ICON-VARIABLES>
  <g2:a.POSITION-IN-WORKSPACE>
    <g2:Structure>
      <g2:sa.X g2:type="Integer">-59</g2:sa.X>
      <g2:sa.Y g2:type="Integer">74</g2:sa.Y>
      <g2:sa.SUPERIOR><g2:c.KB-WORKSPACE rdf:resource="#dc2413b04fe211dfb1b4001641761fb2"/></g2:sa.SUPERIOR></g2:Structure></g2:a.POSITION-IN-WORKSPACE>
  <g2:a.SIZE-IN-WORKSPACE>
    <g2:Structure>
      <g2:sa.WIDTH g2:type="Integer">50</g2:sa.WIDTH>
      <g2:sa.HEIGHT g2:type="Integer">50</g2:sa.HEIGHT></g2:Structure></g2:a.SIZE-IN-WORKSPACE>
  <g2:a.NAME-BOX>
    <g2:Structure>
      <g2:sa.COLOR>
        <g2:Structure>
          <g2:sa.BACKGROUND-COLOR g2:type="Symbol">TRANSPARENT</g2:sa.BACKGROUND-COLOR>
          <g2:sa.TEXT-COLOR g2:type="Symbol">FOREGROUND</g2:sa.TEXT-COLOR></g2:Structure></g2:sa.COLOR>
      <g2:sa.POSITION>
        <g2:Structure>
          <g2:sa.X-OFFSET g2:type="Integer">-71</g2:sa.X-OFFSET>
          <g2:sa.Y-OFFSET g2:type="Integer">-29</g2:sa.Y-OFFSET></g2:Structure></g2:sa.POSITION></g2:Structure></g2:a.NAME-BOX></g2:c.PROCEDURE>

<c.NEXT-BENCHMARK ID="dc2413b24fe211dfb1b4001641761fb2">
  <g2:a.CONNECTION-VERTICES>
    <g2:Sequence>
      <rdf:li g2:type="Integer">4</rdf:li></g2:Sequence></g2:a.CONNECTION-VERTICES>
  <g2:a.CONNECTION-STYLE g2:type="Symbol">ORTHOGONAL</g2:a.CONNECTION-STYLE>
  <g2:a.CONNECTION-OUTPUT>
    <g2:Structure>
      <g2:sa.ITEM><g2:c.LOOSE-END rdf:resource="#dc2413644fe211dfb1b4001641761fb2"/></g2:sa.ITEM>
      <g2:sa.SIDE g2:type="Symbol">BOTTOM</g2:sa.SIDE>
      <g2:sa.POSITION g2:type="Integer">0</g2:sa.POSITION>
      <g2:sa.PORT-NAME g2:type="Symbol">STUB-CONNECTION</g2:sa.PORT-NAME></g2:Structure></g2:a.CONNECTION-OUTPUT>
  <g2:a.CONNECTION-INPUT>
    <g2:Structure>
      <g2:sa.ITEM><c.BENCHMARK-TEST rdf:resource="#dc2413a34fe211dfb1b4001641761fb2"/></g2:sa.ITEM>
      <g2:sa.SIDE g2:type="Symbol">TOP</g2:sa.SIDE>
      <g2:sa.POSITION g2:type="Integer">19</g2:sa.POSITION></g2:Structure></g2:a.CONNECTION-INPUT>
  <g2:a.FOLLOWING-ITEM-IN-WORKSPACE-LAYERING><c.NEXT-BENCHMARK rdf:resource="#dc2413be4fe211dfb1b4001641761fb2"/></g2:a.FOLLOWING-ITEM-IN-WORKSPACE-LAYERING>
  <g2:a.ITEM-COLOR-PATTERN>
    <g2:Structure>
      <g2:sa.OUTLINE g2:type="Symbol">RED</g2:sa.OUTLINE>
      <g2:sa.INSIDE g2:type="Symbol">TURQUOISE</g2:sa.INSIDE></g2:Structure></g2:a.ITEM-COLOR-PATTERN></c.NEXT-BENCHMARK>

<c.NEXT-BENCHMARK ID="dc2413b64fe211dfb1b4001641761fb2">
  <g2:a.CONNECTION-VERTICES>
    <g2:Sequence>
      <rdf:li g2:type="Integer">-5</rdf:li>
      <rdf:li g2:type="Integer">1</rdf:li></g2:Sequence></g2:a.CONNECTION-VERTICES>
  <g2:a.CONNECTION-STYLE g2:type="Symbol">ORTHOGONAL</g2:a.CONNECTION-STYLE>
  <g2:a.CONNECTION-OUTPUT>
    <g2:Structure>
      <g2:sa.ITEM><c.BENCHMARK-TEST rdf:resource="#dc24136c4fe211dfb1b4001641761fb2"/></g2:sa.ITEM>
      <g2:sa.SIDE g2:type="Symbol">TOP</g2:sa.SIDE>
      <g2:sa.POSITION g2:type="Integer">15</g2:sa.POSITION></g2:Structure></g2:a.CONNECTION-OUTPUT>
  <g2:a.CONNECTION-INPUT>
    <g2:Structure>
      <g2:sa.ITEM><c.BENCHMARK-TEST rdf:resource="#dc2413674fe211dfb1b4001641761fb2"/></g2:sa.ITEM>
      <g2:sa.SIDE g2:type="Symbol">BOTTOM</g2:sa.SIDE>
      <g2:sa.POSITION g2:type="Integer">15</g2:sa.POSITION>
      <g2:sa.PORT-NAME g2:type="Symbol">NEXT-TEST-PORT</g2:sa.PORT-NAME></g2:Structure></g2:a.CONNECTION-INPUT>
  <g2:a.FOLLOWING-ITEM-IN-WORKSPACE-LAYERING><c.BENCHMARK-TEST rdf:resource="#dc24136c4fe211dfb1b4001641761fb2"/></g2:a.FOLLOWING-ITEM-IN-WORKSPACE-LAYERING>
  <g2:a.ITEM-COLOR-PATTERN>
    <g2:Structure>
      <g2:sa.OUTLINE g2:type="Symbol">RED</g2:sa.OUTLINE>
      <g2:sa.INSIDE g2:type="Symbol">TURQUOISE</g2:sa.INSIDE></g2:Structure></g2:a.ITEM-COLOR-PATTERN></c.NEXT-BENCHMARK>

<c.NEXT-BENCHMARK ID="dc2413b74fe211dfb1b4001641761fb2">
  <g2:a.CONNECTION-VERTICES g2:type="Sequence"></g2:a.CONNECTION-VERTICES>
  <g2:a.CONNECTION-STYLE g2:type="Symbol">ORTHOGONAL</g2:a.CONNECTION-STYLE>
  <g2:a.CONNECTION-OUTPUT>
    <g2:Structure>
      <g2:sa.ITEM><c.BENCHMARK-TEST rdf:resource="#dc2413714fe211dfb1b4001641761fb2"/></g2:sa.ITEM>
      <g2:sa.SIDE g2:type="Symbol">TOP</g2:sa.SIDE>
      <g2:sa.POSITION g2:type="Integer">16</g2:sa.POSITION></g2:Structure></g2:a.CONNECTION-OUTPUT>
  <g2:a.CONNECTION-INPUT>
    <g2:Structure>
      <g2:sa.ITEM><c.BENCHMARK-TEST rdf:resource="#dc2413854fe211dfb1b4001641761fb2"/></g2:sa.ITEM>
      <g2:sa.SIDE g2:type="Symbol">BOTTOM</g2:sa.SIDE>
      <g2:sa.POSITION g2:type="Integer">15</g2:sa.POSITION>
      <g2:sa.PORT-NAME g2:type="Symbol">NEXT-TEST-PORT</g2:sa.PORT-NAME></g2:Structure></g2:a.CONNECTION-INPUT>
  <g2:a.FOLLOWING-ITEM-IN-WORKSPACE-LAYERING><c.BENCHMARK-TEST rdf:resource="#dc24138a4fe211dfb1b4001641761fb2"/></g2:a.FOLLOWING-ITEM-IN-WORKSPACE-LAYERING>
  <g2:a.ITEM-COLOR-PATTERN>
    <g2:Structure>
      <g2:sa.OUTLINE g2:type="Symbol">RED</g2:sa.OUTLINE>
      <g2:sa.INSIDE g2:type="Symbol">TURQUOISE</g2:sa.INSIDE></g2:Structure></g2:a.ITEM-COLOR-PATTERN></c.NEXT-BENCHMARK>

<c.NEXT-BENCHMARK ID="dc2413b84fe211dfb1b4001641761fb2">
  <g2:a.CONNECTION-VERTICES>
    <g2:Sequence>
      <rdf:li g2:type="Integer">-13</rdf:li>
      <rdf:li g2:type="Integer">-4</rdf:li></g2:Sequence></g2:a.CONNECTION-VERTICES>
  <g2:a.CONNECTION-STYLE g2:type="Symbol">ORTHOGONAL</g2:a.CONNECTION-STYLE>
  <g2:a.CONNECTION-OUTPUT>
    <g2:Structure>
      <g2:sa.ITEM><c.BENCHMARK-TEST rdf:resource="#dc2413764fe211dfb1b4001641761fb2"/></g2:sa.ITEM>
      <g2:sa.SIDE g2:type="Symbol">TOP</g2:sa.SIDE>
      <g2:sa.POSITION g2:type="Integer">14</g2:sa.POSITION></g2:Structure></g2:a.CONNECTION-OUTPUT>
  <g2:a.CONNECTION-INPUT>
    <g2:Structure>
      <g2:sa.ITEM><c.BENCHMARK-TEST rdf:resource="#dc2413944fe211dfb1b4001641761fb2"/></g2:sa.ITEM>
      <g2:sa.SIDE g2:type="Symbol">BOTTOM</g2:sa.SIDE>
      <g2:sa.POSITION g2:type="Integer">15</g2:sa.POSITION>
      <g2:sa.PORT-NAME g2:type="Symbol">NEXT-TEST-PORT</g2:sa.PORT-NAME></g2:Structure></g2:a.CONNECTION-INPUT>
  <g2:a.FOLLOWING-ITEM-IN-WORKSPACE-LAYERING><c.BENCHMARK-TEST rdf:resource="#dc2413994fe211dfb1b4001641761fb2"/></g2:a.FOLLOWING-ITEM-IN-WORKSPACE-LAYERING>
  <g2:a.ITEM-COLOR-PATTERN>
    <g2:Structure>
      <g2:sa.OUTLINE g2:type="Symbol">RED</g2:sa.OUTLINE>
      <g2:sa.INSIDE g2:type="Symbol">TURQUOISE</g2:sa.INSIDE></g2:Structure></g2:a.ITEM-COLOR-PATTERN></c.NEXT-BENCHMARK>

<c.NEXT-BENCHMARK ID="dc2413b94fe211dfb1b4001641761fb2">
  <g2:a.CONNECTION-VERTICES>
    <g2:Sequence>
      <rdf:li g2:type="Integer">-5</rdf:li>
      <rdf:li g2:type="Integer">0</rdf:li></g2:Sequence></g2:a.CONNECTION-VERTICES>
  <g2:a.CONNECTION-STYLE g2:type="Symbol">ORTHOGONAL</g2:a.CONNECTION-STYLE>
  <g2:a.CONNECTION-OUTPUT>
    <g2:Structure>
      <g2:sa.ITEM><c.BENCHMARK-TEST rdf:resource="#dc24137b4fe211dfb1b4001641761fb2"/></g2:sa.ITEM>
      <g2:sa.SIDE g2:type="Symbol">TOP</g2:sa.SIDE>
      <g2:sa.POSITION g2:type="Integer">15</g2:sa.POSITION></g2:Structure></g2:a.CONNECTION-OUTPUT>
  <g2:a.CONNECTION-INPUT>
    <g2:Structure>
      <g2:sa.ITEM><c.BENCHMARK-TEST rdf:resource="#dc2413764fe211dfb1b4001641761fb2"/></g2:sa.ITEM>
      <g2:sa.SIDE g2:type="Symbol">BOTTOM</g2:sa.SIDE>
      <g2:sa.POSITION g2:type="Integer">15</g2:sa.POSITION>
      <g2:sa.PORT-NAME g2:type="Symbol">NEXT-TEST-PORT</g2:sa.PORT-NAME></g2:Structure></g2:a.CONNECTION-INPUT>
  <g2:a.FOLLOWING-ITEM-IN-WORKSPACE-LAYERING><c.BENCHMARK-TEST rdf:resource="#dc24137b4fe211dfb1b4001641761fb2"/></g2:a.FOLLOWING-ITEM-IN-WORKSPACE-LAYERING>
  <g2:a.ITEM-COLOR-PATTERN>
    <g2:Structure>
      <g2:sa.OUTLINE g2:type="Symbol">RED</g2:sa.OUTLINE>
      <g2:sa.INSIDE g2:type="Symbol">TURQUOISE</g2:sa.INSIDE></g2:Structure></g2:a.ITEM-COLOR-PATTERN></c.NEXT-BENCHMARK>

<c.NEXT-BENCHMARK ID="dc2413ba4fe211dfb1b4001641761fb2">
  <g2:a.CONNECTION-VERTICES g2:type="Sequence"></g2:a.CONNECTION-VERTICES>
  <g2:a.CONNECTION-STYLE g2:type="Symbol">ORTHOGONAL</g2:a.CONNECTION-STYLE>
  <g2:a.CONNECTION-OUTPUT>
    <g2:Structure>
      <g2:sa.ITEM><c.BENCHMARK-TEST rdf:resource="#dc2413804fe211dfb1b4001641761fb2"/></g2:sa.ITEM>
      <g2:sa.SIDE g2:type="Symbol">TOP</g2:sa.SIDE>
      <g2:sa.POSITION g2:type="Integer">13</g2:sa.POSITION></g2:Structure></g2:a.CONNECTION-OUTPUT>
  <g2:a.CONNECTION-INPUT>
    <g2:Structure>
      <g2:sa.ITEM><c.BENCHMARK-TEST rdf:resource="#dc24138a4fe211dfb1b4001641761fb2"/></g2:sa.ITEM>
      <g2:sa.SIDE g2:type="Symbol">BOTTOM</g2:sa.SIDE>
      <g2:sa.POSITION g2:type="Integer">15</g2:sa.POSITION>
      <g2:sa.PORT-NAME g2:type="Symbol">NEXT-TEST-PORT</g2:sa.PORT-NAME></g2:Structure></g2:a.CONNECTION-INPUT>
  <g2:a.FOLLOWING-ITEM-IN-WORKSPACE-LAYERING><c.BENCHMARK-TEST rdf:resource="#dc24138f4fe211dfb1b4001641761fb2"/></g2:a.FOLLOWING-ITEM-IN-WORKSPACE-LAYERING>
  <g2:a.ITEM-COLOR-PATTERN>
    <g2:Structure>
      <g2:sa.OUTLINE g2:type="Symbol">RED</g2:sa.OUTLINE>
      <g2:sa.INSIDE g2:type="Symbol">TURQUOISE</g2:sa.INSIDE></g2:Structure></g2:a.ITEM-COLOR-PATTERN></c.NEXT-BENCHMARK>

<c.NEXT-BENCHMARK ID="dc2413bb4fe211dfb1b4001641761fb2">
  <g2:a.CONNECTION-VERTICES g2:type="Sequence"></g2:a.CONNECTION-VERTICES>
  <g2:a.CONNECTION-STYLE g2:type="Symbol">ORTHOGONAL</g2:a.CONNECTION-STYLE>
  <g2:a.CONNECTION-OUTPUT>
    <g2:Structure>
      <g2:sa.ITEM><c.BENCHMARK-TEST rdf:resource="#dc2413854fe211dfb1b4001641761fb2"/></g2:sa.ITEM>
      <g2:sa.SIDE g2:type="Symbol">TOP</g2:sa.SIDE>
      <g2:sa.POSITION g2:type="Integer">17</g2:sa.POSITION></g2:Structure></g2:a.CONNECTION-OUTPUT>
  <g2:a.CONNECTION-INPUT>
    <g2:Structure>
      <g2:sa.ITEM><c.BENCHMARK-TEST rdf:resource="#dc24138f4fe211dfb1b4001641761fb2"/></g2:sa.ITEM>
      <g2:sa.SIDE g2:type="Symbol">BOTTOM</g2:sa.SIDE>
      <g2:sa.POSITION g2:type="Integer">15</g2:sa.POSITION>
      <g2:sa.PORT-NAME g2:type="Symbol">NEXT-TEST-PORT</g2:sa.PORT-NAME></g2:Structure></g2:a.CONNECTION-INPUT>
  <g2:a.FOLLOWING-ITEM-IN-WORKSPACE-LAYERING><c.BENCHMARK-TEST rdf:resource="#dc2413944fe211dfb1b4001641761fb2"/></g2:a.FOLLOWING-ITEM-IN-WORKSPACE-LAYERING>
  <g2:a.ITEM-COLOR-PATTERN>
    <g2:Structure>
      <g2:sa.OUTLINE g2:type="Symbol">RED</g2:sa.OUTLINE>
      <g2:sa.INSIDE g2:type="Symbol">TURQUOISE</g2:sa.INSIDE></g2:Structure></g2:a.ITEM-COLOR-PATTERN></c.NEXT-BENCHMARK>

<c.NEXT-BENCHMARK ID="dc2413bc4fe211dfb1b4001641761fb2">
  <g2:a.CONNECTION-VERTICES>
    <g2:Sequence>
      <rdf:li g2:type="Integer">-4</rdf:li>
      <rdf:li g2:type="Integer">0</rdf:li></g2:Sequence></g2:a.CONNECTION-VERTICES>
  <g2:a.CONNECTION-STYLE g2:type="Symbol">ORTHOGONAL</g2:a.CONNECTION-STYLE>
  <g2:a.CONNECTION-OUTPUT>
    <g2:Structure>
      <g2:sa.ITEM><c.BENCHMARK-TEST rdf:resource="#dc24138a4fe211dfb1b4001641761fb2"/></g2:sa.ITEM>
      <g2:sa.SIDE g2:type="Symbol">TOP</g2:sa.SIDE>
      <g2:sa.POSITION g2:type="Integer">11</g2:sa.POSITION></g2:Structure></g2:a.CONNECTION-OUTPUT>
  <g2:a.CONNECTION-INPUT>
    <g2:Structure>
      <g2:sa.ITEM><c.BENCHMARK-TEST rdf:resource="#dc2413994fe211dfb1b4001641761fb2"/></g2:sa.ITEM>
      <g2:sa.SIDE g2:type="Symbol">BOTTOM</g2:sa.SIDE>
      <g2:sa.POSITION g2:type="Integer">15</g2:sa.POSITION>
      <g2:sa.PORT-NAME g2:type="Symbol">NEXT-TEST-PORT</g2:sa.PORT-NAME></g2:Structure></g2:a.CONNECTION-INPUT>
  <g2:a.FOLLOWING-ITEM-IN-WORKSPACE-LAYERING><c.BENCHMARK-TEST rdf:resource="#dc24139e4fe211dfb1b4001641761fb2"/></g2:a.FOLLOWING-ITEM-IN-WORKSPACE-LAYERING>
  <g2:a.ITEM-COLOR-PATTERN>
    <g2:Structure>
      <g2:sa.OUTLINE g2:type="Symbol">RED</g2:sa.OUTLINE>
      <g2:sa.INSIDE g2:type="Symbol">TURQUOISE</g2:sa.INSIDE></g2:Structure></g2:a.ITEM-COLOR-PATTERN></c.NEXT-BENCHMARK>

<c.NEXT-BENCHMARK ID="dc2413bd4fe211dfb1b4001641761fb2">
  <g2:a.CONNECTION-VERTICES g2:type="Sequence"></g2:a.CONNECTION-VERTICES>
  <g2:a.CONNECTION-STYLE g2:type="Symbol">ORTHOGONAL</g2:a.CONNECTION-STYLE>
  <g2:a.CONNECTION-OUTPUT>
    <g2:Structure>
      <g2:sa.ITEM><c.BENCHMARK-TEST rdf:resource="#dc24138f4fe211dfb1b4001641761fb2"/></g2:sa.ITEM>
      <g2:sa.SIDE g2:type="Symbol">TOP</g2:sa.SIDE>
      <g2:sa.POSITION g2:type="Integer">17</g2:sa.POSITION></g2:Structure></g2:a.CONNECTION-OUTPUT>
  <g2:a.CONNECTION-INPUT>
    <g2:Structure>
      <g2:sa.ITEM><c.BENCHMARK-TEST rdf:resource="#dc24139e4fe211dfb1b4001641761fb2"/></g2:sa.ITEM>
      <g2:sa.SIDE g2:type="Symbol">BOTTOM</g2:sa.SIDE>
      <g2:sa.POSITION g2:type="Integer">15</g2:sa.POSITION>
      <g2:sa.PORT-NAME g2:type="Symbol">NEXT-TEST-PORT</g2:sa.PORT-NAME></g2:Structure></g2:a.CONNECTION-INPUT>
  <g2:a.FOLLOWING-ITEM-IN-WORKSPACE-LAYERING><c.BENCHMARK-TEST rdf:resource="#dc2413a34fe211dfb1b4001641761fb2"/></g2:a.FOLLOWING-ITEM-IN-WORKSPACE-LAYERING>
  <g2:a.ITEM-COLOR-PATTERN>
    <g2:Structure>
      <g2:sa.OUTLINE g2:type="Symbol">RED</g2:sa.OUTLINE>
      <g2:sa.INSIDE g2:type="Symbol">TURQUOISE</g2:sa.INSIDE></g2:Structure></g2:a.ITEM-COLOR-PATTERN></c.NEXT-BENCHMARK>

<c.NEXT-BENCHMARK ID="dc2413be4fe211dfb1b4001641761fb2">
  <g2:a.CONNECTION-VERTICES>
    <g2:Sequence>
      <rdf:li g2:type="Integer">-2</rdf:li>
      <rdf:li g2:type="Integer">2</rdf:li></g2:Sequence></g2:a.CONNECTION-VERTICES>
  <g2:a.CONNECTION-STYLE g2:type="Symbol">ORTHOGONAL</g2:a.CONNECTION-STYLE>
  <g2:a.CONNECTION-OUTPUT>
    <g2:Structure>
      <g2:sa.ITEM><c.BENCHMARK-TEST rdf:resource="#dc2413994fe211dfb1b4001641761fb2"/></g2:sa.ITEM>
      <g2:sa.SIDE g2:type="Symbol">TOP</g2:sa.SIDE>
      <g2:sa.POSITION g2:type="Integer">13</g2:sa.POSITION></g2:Structure></g2:a.CONNECTION-OUTPUT>
  <g2:a.CONNECTION-INPUT>
    <g2:Structure>
      <g2:sa.ITEM><c.BENCHMARK-TEST rdf:resource="#dc2413a34fe211dfb1b4001641761fb2"/></g2:sa.ITEM>
      <g2:sa.SIDE g2:type="Symbol">BOTTOM</g2:sa.SIDE>
      <g2:sa.POSITION g2:type="Integer">15</g2:sa.POSITION>
      <g2:sa.PORT-NAME g2:type="Symbol">NEXT-TEST-PORT</g2:sa.PORT-NAME></g2:Structure></g2:a.CONNECTION-INPUT>
  <g2:a.FOLLOWING-ITEM-IN-WORKSPACE-LAYERING><c.BENCHMARK-TEST rdf:resource="#dc2413a84fe211dfb1b4001641761fb2"/></g2:a.FOLLOWING-ITEM-IN-WORKSPACE-LAYERING>
  <g2:a.ITEM-COLOR-PATTERN>
    <g2:Structure>
      <g2:sa.OUTLINE g2:type="Symbol">RED</g2:sa.OUTLINE>
      <g2:sa.INSIDE g2:type="Symbol">TURQUOISE</g2:sa.INSIDE></g2:Structure></g2:a.ITEM-COLOR-PATTERN></c.NEXT-BENCHMARK>

<c.NEXT-BENCHMARK ID="dc2413bf4fe211dfb1b4001641761fb2">
  <g2:a.CONNECTION-VERTICES g2:type="Sequence"></g2:a.CONNECTION-VERTICES>
  <g2:a.CONNECTION-STYLE g2:type="Symbol">ORTHOGONAL</g2:a.CONNECTION-STYLE>
  <g2:a.CONNECTION-OUTPUT>
    <g2:Structure>
      <g2:sa.ITEM><c.BENCHMARK-TEST rdf:resource="#dc24139e4fe211dfb1b4001641761fb2"/></g2:sa.ITEM>
      <g2:sa.SIDE g2:type="Symbol">TOP</g2:sa.SIDE>
      <g2:sa.POSITION g2:type="Integer">13</g2:sa.POSITION></g2:Structure></g2:a.CONNECTION-OUTPUT>
  <g2:a.CONNECTION-INPUT>
    <g2:Structure>
      <g2:sa.ITEM><c.BENCHMARK-TEST rdf:resource="#dc2413a84fe211dfb1b4001641761fb2"/></g2:sa.ITEM>
      <g2:sa.SIDE g2:type="Symbol">BOTTOM</g2:sa.SIDE>
      <g2:sa.POSITION g2:type="Integer">15</g2:sa.POSITION>
      <g2:sa.PORT-NAME g2:type="Symbol">NEXT-TEST-PORT</g2:sa.PORT-NAME></g2:Structure></g2:a.CONNECTION-INPUT>
  <g2:a.FOLLOWING-ITEM-IN-WORKSPACE-LAYERING><c.BENCHMARK-TEST rdf:resource="#dc2413ad4fe211dfb1b4001641761fb2"/></g2:a.FOLLOWING-ITEM-IN-WORKSPACE-LAYERING>
  <g2:a.ITEM-COLOR-PATTERN>
    <g2:Structure>
      <g2:sa.OUTLINE g2:type="Symbol">RED</g2:sa.OUTLINE>
      <g2:sa.INSIDE g2:type="Symbol">TURQUOISE</g2:sa.INSIDE></g2:Structure></g2:a.ITEM-COLOR-PATTERN></c.NEXT-BENCHMARK>

<c.NEXT-BENCHMARK ID="dc2413c04fe211dfb1b4001641761fb2">
  <g2:a.CONNECTION-VERTICES>
    <g2:Sequence>
      <rdf:li g2:type="Integer">-49</rdf:li>
      <rdf:li g2:type="Integer">114</rdf:li>
      <rdf:li g2:type="Integer">522</rdf:li></g2:Sequence></g2:a.CONNECTION-VERTICES>
  <g2:a.CONNECTION-STYLE g2:type="Symbol">ORTHOGONAL</g2:a.CONNECTION-STYLE>
  <g2:a.CONNECTION-OUTPUT>
    <g2:Structure>
      <g2:sa.ITEM><c.BENCHMARK-TEST rdf:resource="#dc2413a34fe211dfb1b4001641761fb2"/></g2:sa.ITEM>
      <g2:sa.SIDE g2:type="Symbol">TOP</g2:sa.SIDE>
      <g2:sa.POSITION g2:type="Integer">19</g2:sa.POSITION></g2:Structure></g2:a.CONNECTION-OUTPUT>
  <g2:a.CONNECTION-INPUT>
    <g2:Structure>
      <g2:sa.ITEM><c.BENCHMARK-TEST rdf:resource="#dc24137b4fe211dfb1b4001641761fb2"/></g2:sa.ITEM>
      <g2:sa.SIDE g2:type="Symbol">BOTTOM</g2:sa.SIDE>
      <g2:sa.POSITION g2:type="Integer">15</g2:sa.POSITION>
      <g2:sa.PORT-NAME g2:type="Symbol">NEXT-TEST-PORT</g2:sa.PORT-NAME></g2:Structure></g2:a.CONNECTION-INPUT>
  <g2:a.FOLLOWING-ITEM-IN-WORKSPACE-LAYERING><c.BENCHMARK-TEST rdf:resource="#dc2413804fe211dfb1b4001641761fb2"/></g2:a.FOLLOWING-ITEM-IN-WORKSPACE-LAYERING>
  <g2:a.ITEM-COLOR-PATTERN>
    <g2:Structure>
      <g2:sa.OUTLINE g2:type="Symbol">RED</g2:sa.OUTLINE>
      <g2:sa.INSIDE g2:type="Symbol">TURQUOISE</g2:sa.INSIDE></g2:Structure></g2:a.ITEM-COLOR-PATTERN></c.NEXT-BENCHMARK>

<c.NEXT-BENCHMARK ID="dc2413c24fe211dfb1b4001641761fb2">
  <g2:a.CONNECTION-VERTICES g2:type="Sequence"></g2:a.CONNECTION-VERTICES>
  <g2:a.CONNECTION-STYLE g2:type="Symbol">ORTHOGONAL</g2:a.CONNECTION-STYLE>
  <g2:a.CONNECTION-OUTPUT>
    <g2:Structure>
      <g2:sa.ITEM><c.BENCHMARK-TEST rdf:resource="#dc2413ad4fe211dfb1b4001641761fb2"/></g2:sa.ITEM>
      <g2:sa.SIDE g2:type="Symbol">TOP</g2:sa.SIDE>
      <g2:sa.POSITION g2:type="Integer">16</g2:sa.POSITION></g2:Structure></g2:a.CONNECTION-OUTPUT>
  <g2:a.CONNECTION-INPUT>
    <g2:Structure>
      <g2:sa.ITEM><c.BENCHMARK-TEST rdf:resource="#dc2413714fe211dfb1b4001641761fb2"/></g2:sa.ITEM>
      <g2:sa.SIDE g2:type="Symbol">BOTTOM</g2:sa.SIDE>
      <g2:sa.POSITION g2:type="Integer">15</g2:sa.POSITION>
      <g2:sa.PORT-NAME g2:type="Symbol">NEXT-TEST-PORT</g2:sa.PORT-NAME></g2:Structure></g2:a.CONNECTION-INPUT>
  <g2:a.FOLLOWING-ITEM-IN-WORKSPACE-LAYERING><c.BENCHMARK-TEST rdf:resource="#dc2413764fe211dfb1b4001641761fb2"/></g2:a.FOLLOWING-ITEM-IN-WORKSPACE-LAYERING>
  <g2:a.ITEM-COLOR-PATTERN>
    <g2:Structure>
      <g2:sa.OUTLINE g2:type="Symbol">RED</g2:sa.OUTLINE>
      <g2:sa.INSIDE g2:type="Symbol">TURQUOISE</g2:sa.INSIDE></g2:Structure></g2:a.ITEM-COLOR-PATTERN></c.NEXT-BENCHMARK>

<c.BENCHMARK-TEST ID="633a310e4fe211dfb1b4001641761fb2">
  <g2:a.NAMES g2:type="Symbol">LAUNCH</g2:a.NAMES>
  <ua.TEST-RESULT>
    <c.TEST-RESULT-PARAMETER ID="633a31104fe211dfb1b4001641761fb2">
      <g2:a.OPTIONS>
        <g2:Structure>
          <g2:sa.FORWARD-CHAIN g2:type="TruthValue">true</g2:sa.FORWARD-CHAIN>
          <g2:sa.FORWARD-CHAIN-EVEN-FOR-SAME-VALUE g2:type="TruthValue">false</g2:sa.FORWARD-CHAIN-EVEN-FOR-SAME-VALUE></g2:Structure></g2:a.OPTIONS>
      <ua.TEST-INFO>
        <g2:c.TEXT-PARAMETER ID="633a31114fe211dfb1b4001641761fb2">
          <g2:a.OPTIONS>
            <g2:Structure>
              <g2:sa.FORWARD-CHAIN g2:type="TruthValue">false</g2:sa.FORWARD-CHAIN>
              <g2:sa.FORWARD-CHAIN-EVEN-FOR-SAME-VALUE g2:type="TruthValue">false</g2:sa.FORWARD-CHAIN-EVEN-FOR-SAME-VALUE></g2:Structure></g2:a.OPTIONS>
          <g2:a.ICON-VARIABLES>
            <g2:Structure>
              <g2:sa.WIDTH g2:type="Integer">50</g2:sa.WIDTH>
              <g2:sa.HEIGHT g2:type="Integer">50</g2:sa.HEIGHT></g2:Structure></g2:a.ICON-VARIABLES></g2:c.TEXT-PARAMETER></ua.TEST-INFO>
      <g2:a.ICON-VARIABLES>
        <g2:Structure>
          <g2:sa.WIDTH g2:type="Integer">50</g2:sa.WIDTH>
          <g2:sa.HEIGHT g2:type="Integer">50</g2:sa.HEIGHT></g2:Structure></g2:a.ICON-VARIABLES></c.TEST-RESULT-PARAMETER></ua.TEST-RESULT>
  <ua.TIMEOUT-LIMIT g2:type="Integer" g2:unit="SECONDS">20</ua.TIMEOUT-LIMIT>
  <ua.COUNTED g2:type="TruthValue" g2:unit="TRUTH-VALUE">false</ua.COUNTED>
  <g2:a.ICON-VARIABLES>
    <g2:Structure>
      <g2:sa.WIDTH g2:type="Integer">30</g2:sa.WIDTH>
      <g2:sa.HEIGHT g2:type="Integer">24</g2:sa.HEIGHT></g2:Structure></g2:a.ICON-VARIABLES>
  <g2:a.FOLLOWING-ITEM-IN-WORKSPACE-LAYERING><c.NEXT-BENCHMARK rdf:resource="#77914027822411e6aced000c2973fc18"/></g2:a.FOLLOWING-ITEM-IN-WORKSPACE-LAYERING>
  <g2:a.POSITION-IN-WORKSPACE>
    <g2:Structure>
      <g2:sa.X g2:type="Integer">-282</g2:sa.X>
      <g2:sa.Y g2:type="Integer">70</g2:sa.Y>
      <g2:sa.SUPERIOR><g2:c.KB-WORKSPACE rdf:resource="#ebd36edb4fde11dfb1b4001641761fb2"/></g2:sa.SUPERIOR></g2:Structure></g2:a.POSITION-IN-WORKSPACE>
  <g2:a.SIZE-IN-WORKSPACE>
    <g2:Structure>
      <g2:sa.WIDTH g2:type="Integer">30</g2:sa.WIDTH>
      <g2:sa.HEIGHT g2:type="Integer">24</g2:sa.HEIGHT></g2:Structure></g2:a.SIZE-IN-WORKSPACE>
  <g2:a.NAME-BOX>
    <g2:Structure>
      <g2:sa.COLOR>
        <g2:Structure>
          <g2:sa.BACKGROUND-COLOR g2:type="Symbol">TRANSPARENT</g2:sa.BACKGROUND-COLOR>
          <g2:sa.TEXT-COLOR g2:type="Symbol">FOREGROUND</g2:sa.TEXT-COLOR></g2:Structure></g2:sa.COLOR>
      <g2:sa.POSITION>
        <g2:Structure>
          <g2:sa.X-OFFSET g2:type="Integer">19</g2:sa.X-OFFSET>
          <g2:sa.Y-OFFSET g2:type="Integer">16</g2:sa.Y-OFFSET></g2:Structure></g2:sa.POSITION></g2:Structure></g2:a.NAME-BOX></c.BENCHMARK-TEST>

<g2:c.KB-WORKSPACE ID="633a31124fe211dfb1b4001641761fb2">
  <g2:a.DEFAULT-WINDOW-POSITION-AND-SCALE>
    <g2:Structure>
      <g2:sa.X g2:type="Integer">381</g2:sa.X>
      <g2:sa.Y g2:type="Integer">459</g2:sa.Y></g2:Structure></g2:a.DEFAULT-WINDOW-POSITION-AND-SCALE>
  <g2:a.EDGES-OF-WORKSPACE>
    <g2:Structure>
      <g2:sa.LEFT g2:type="Integer">-350</g2:sa.LEFT>
      <g2:sa.TOP g2:type="Integer">250</g2:sa.TOP>
      <g2:sa.RIGHT g2:type="Integer">350</g2:sa.RIGHT>
      <g2:sa.BOTTOM g2:type="Integer">-250</g2:sa.BOTTOM></g2:Structure></g2:a.EDGES-OF-WORKSPACE>
  <g2:a.PARENT-OF-SUBWORKSPACE><c.BENCHMARK-TEST rdf:resource="#633a310e4fe211dfb1b4001641761fb2"/></g2:a.PARENT-OF-SUBWORKSPACE></g2:c.KB-WORKSPACE>

<g2:c.PROCEDURE ID="633a31134fe211dfb1b4001641761fb2">
  <g2:a.AUTHORS>
    <g2:Structure>
      <g2:sa.AUTHORS>
        <g2:Sequence>
          <rdf:li g2:type="Symbol">ADMINISTRATOR</rdf:li></g2:Sequence></g2:sa.AUTHORS>
      <g2:sa.TIMESTAMP>
        <g2:Structure>
          <g2:sa.YEAR g2:type="Integer">2016</g2:sa.YEAR>
          <g2:sa.MONTH g2:type="Integer">9</g2:sa.MONTH>
          <g2:sa.DATE g2:type="Integer">26</g2:sa.DATE>
          <g2:sa.HOURS g2:type="Integer">10</g2:sa.HOURS>
          <g2:sa.MINUTES g2:type="Integer">29</g2:sa.MINUTES></g2:Structure></g2:sa.TIMESTAMP></g2:Structure></g2:a.AUTHORS>
  <g2:a.TEXT><![CDATA[
launch-test(node: class benchmark-node )

    err: class error;
    x,y: class g2-window;
    installation-dir, dir-sep, file-path: text;
    version-struct: structure;
    
begin

    version-struct = call g2-get-g2-version-information();
    installation-dir = call grtl-get-installation-directory();
    dir-sep = call grtl-get-file-system-delimiter();
    if the enterprise of version-struct then begin
        file-path = "[installation-dir][dir-sep]..[dir-sep]..[dir-sep]test-gnne[dir-sep]ent";
    end else begin
        file-path = "[installation-dir][dir-sep]..[dir-sep]..[dir-sep]test-gnne[dir-sep]std";
    end;
    conclude that the nols-studio-home-directory of gnne-demo-studio-setting = file-path;

    for x= each g2-window do
        if the g2-window-management-type of x exists and the g2-window-management-type of x = the symbol remote then
            y = x;
    end;
    begin
        call nols-launch-nolstudio-by-setting(gnne-demo-studio-setting ,y);
        wait for 5 seconds;
    end on error(err)
        begin
            call fail(node, "Launch failed");
            return;
        end;
    end;
    call pass(node);
end
]]></g2:a.TEXT>
  <g2:a.ICON-VARIABLES>
    <g2:Structure>
      <g2:sa.WIDTH g2:type="Integer">50</g2:sa.WIDTH>
      <g2:sa.HEIGHT g2:type="Integer">50</g2:sa.HEIGHT></g2:Structure></g2:a.ICON-VARIABLES>
  <g2:a.POSITION-IN-WORKSPACE>
    <g2:Structure>
      <g2:sa.X g2:type="Integer">-46</g2:sa.X>
      <g2:sa.Y g2:type="Integer">39</g2:sa.Y>
      <g2:sa.SUPERIOR><g2:c.KB-WORKSPACE rdf:resource="#633a31124fe211dfb1b4001641761fb2"/></g2:sa.SUPERIOR></g2:Structure></g2:a.POSITION-IN-WORKSPACE>
  <g2:a.SIZE-IN-WORKSPACE>
    <g2:Structure>
      <g2:sa.WIDTH g2:type="Integer">50</g2:sa.WIDTH>
      <g2:sa.HEIGHT g2:type="Integer">50</g2:sa.HEIGHT></g2:Structure></g2:a.SIZE-IN-WORKSPACE>
  <g2:a.NAME-BOX>
    <g2:Structure>
      <g2:sa.COLOR>
        <g2:Structure>
          <g2:sa.BACKGROUND-COLOR g2:type="Symbol">TRANSPARENT</g2:sa.BACKGROUND-COLOR>
          <g2:sa.TEXT-COLOR g2:type="Symbol">FOREGROUND</g2:sa.TEXT-COLOR></g2:Structure></g2:sa.COLOR>
      <g2:sa.POSITION>
        <g2:Structure>
          <g2:sa.X-OFFSET g2:type="Integer">-62</g2:sa.X-OFFSET>
          <g2:sa.Y-OFFSET g2:type="Integer">-29</g2:sa.Y-OFFSET></g2:Structure></g2:sa.POSITION></g2:Structure></g2:a.NAME-BOX></g2:c.PROCEDURE>

<c.BENCHMARK-TEST ID="633a31164fe211dfb1b4001641761fb2">
  <g2:a.NAMES g2:type="Symbol">PREPARE-XY</g2:a.NAMES>
  <ua.TEST-RESULT>
    <c.TEST-RESULT-PARAMETER ID="633a31184fe211dfb1b4001641761fb2">
      <g2:a.OPTIONS>
        <g2:Structure>
          <g2:sa.FORWARD-CHAIN g2:type="TruthValue">true</g2:sa.FORWARD-CHAIN>
          <g2:sa.FORWARD-CHAIN-EVEN-FOR-SAME-VALUE g2:type="TruthValue">false</g2:sa.FORWARD-CHAIN-EVEN-FOR-SAME-VALUE></g2:Structure></g2:a.OPTIONS>
      <ua.TEST-INFO>
        <g2:c.TEXT-PARAMETER ID="633a31194fe211dfb1b4001641761fb2">
          <g2:a.OPTIONS>
            <g2:Structure>
              <g2:sa.FORWARD-CHAIN g2:type="TruthValue">false</g2:sa.FORWARD-CHAIN>
              <g2:sa.FORWARD-CHAIN-EVEN-FOR-SAME-VALUE g2:type="TruthValue">false</g2:sa.FORWARD-CHAIN-EVEN-FOR-SAME-VALUE></g2:Structure></g2:a.OPTIONS>
          <g2:a.ICON-VARIABLES>
            <g2:Structure>
              <g2:sa.WIDTH g2:type="Integer">50</g2:sa.WIDTH>
              <g2:sa.HEIGHT g2:type="Integer">50</g2:sa.HEIGHT></g2:Structure></g2:a.ICON-VARIABLES></g2:c.TEXT-PARAMETER></ua.TEST-INFO>
      <g2:a.ICON-VARIABLES>
        <g2:Structure>
          <g2:sa.WIDTH g2:type="Integer">50</g2:sa.WIDTH>
          <g2:sa.HEIGHT g2:type="Integer">50</g2:sa.HEIGHT></g2:Structure></g2:a.ICON-VARIABLES></c.TEST-RESULT-PARAMETER></ua.TEST-RESULT>
  <ua.TIMEOUT-LIMIT g2:type="Integer" g2:unit="SECONDS">10</ua.TIMEOUT-LIMIT>
  <ua.COUNTED g2:type="TruthValue" g2:unit="TRUTH-VALUE">false</ua.COUNTED>
  <g2:a.ICON-VARIABLES>
    <g2:Structure>
      <g2:sa.WIDTH g2:type="Integer">30</g2:sa.WIDTH>
      <g2:sa.HEIGHT g2:type="Integer">24</g2:sa.HEIGHT></g2:Structure></g2:a.ICON-VARIABLES>
  <g2:a.FOLLOWING-ITEM-IN-WORKSPACE-LAYERING><c.NEXT-BENCHMARK rdf:resource="#633a314e4fe211dfb1b4001641761fb2"/></g2:a.FOLLOWING-ITEM-IN-WORKSPACE-LAYERING>
  <g2:a.POSITION-IN-WORKSPACE>
    <g2:Structure>
      <g2:sa.X g2:type="Integer">393</g2:sa.X>
      <g2:sa.Y g2:type="Integer">27</g2:sa.Y>
      <g2:sa.SUPERIOR><g2:c.KB-WORKSPACE rdf:resource="#ebd36edb4fde11dfb1b4001641761fb2"/></g2:sa.SUPERIOR></g2:Structure></g2:a.POSITION-IN-WORKSPACE>
  <g2:a.SIZE-IN-WORKSPACE>
    <g2:Structure>
      <g2:sa.WIDTH g2:type="Integer">30</g2:sa.WIDTH>
      <g2:sa.HEIGHT g2:type="Integer">24</g2:sa.HEIGHT></g2:Structure></g2:a.SIZE-IN-WORKSPACE>
  <g2:a.NAME-BOX>
    <g2:Structure>
      <g2:sa.COLOR>
        <g2:Structure>
          <g2:sa.BACKGROUND-COLOR g2:type="Symbol">TRANSPARENT</g2:sa.BACKGROUND-COLOR>
          <g2:sa.TEXT-COLOR g2:type="Symbol">FOREGROUND</g2:sa.TEXT-COLOR></g2:Structure></g2:sa.COLOR>
      <g2:sa.POSITION>
        <g2:Structure>
          <g2:sa.X-OFFSET g2:type="Integer">19</g2:sa.X-OFFSET>
          <g2:sa.Y-OFFSET g2:type="Integer">16</g2:sa.Y-OFFSET></g2:Structure></g2:sa.POSITION></g2:Structure></g2:a.NAME-BOX></c.BENCHMARK-TEST>

<g2:c.KB-WORKSPACE ID="633a311a4fe211dfb1b4001641761fb2">
  <g2:a.DEFAULT-WINDOW-POSITION-AND-SCALE>
    <g2:Structure>
      <g2:sa.X g2:type="Integer">655</g2:sa.X>
      <g2:sa.Y g2:type="Integer">399</g2:sa.Y></g2:Structure></g2:a.DEFAULT-WINDOW-POSITION-AND-SCALE>
  <g2:a.EDGES-OF-WORKSPACE>
    <g2:Structure>
      <g2:sa.LEFT g2:type="Integer">-350</g2:sa.LEFT>
      <g2:sa.TOP g2:type="Integer">250</g2:sa.TOP>
      <g2:sa.RIGHT g2:type="Integer">350</g2:sa.RIGHT>
      <g2:sa.BOTTOM g2:type="Integer">-250</g2:sa.BOTTOM></g2:Structure></g2:a.EDGES-OF-WORKSPACE>
  <g2:a.PARENT-OF-SUBWORKSPACE><c.BENCHMARK-TEST rdf:resource="#633a31164fe211dfb1b4001641761fb2"/></g2:a.PARENT-OF-SUBWORKSPACE></g2:c.KB-WORKSPACE>

<g2:c.PROCEDURE ID="633a311b4fe211dfb1b4001641761fb2">
  <g2:a.AUTHORS>
    <g2:Structure>
      <g2:sa.AUTHORS>
        <g2:Sequence>
          <rdf:li g2:type="Symbol">ADMINISTRATOR</rdf:li></g2:Sequence></g2:sa.AUTHORS>
      <g2:sa.TIMESTAMP>
        <g2:Structure>
          <g2:sa.YEAR g2:type="Integer">2016</g2:sa.YEAR>
          <g2:sa.MONTH g2:type="Integer">9</g2:sa.MONTH>
          <g2:sa.DATE g2:type="Integer">25</g2:sa.DATE>
          <g2:sa.HOURS g2:type="Integer">21</g2:sa.HOURS>
          <g2:sa.MINUTES g2:type="Integer">15</g2:sa.MINUTES></g2:Structure></g2:sa.TIMESTAMP></g2:Structure></g2:a.AUTHORS>
  <g2:a.TEXT><![CDATA[
prepare-xy-test(node: class benchmark-node )
	
    err: class error;
    installation-dir, dir-sep, file-path1, file-path2: text;
	
begin

    installation-dir = call grtl-get-installation-directory();
    dir-sep = call grtl-get-file-system-delimiter();
    file-path1 = "[installation-dir][dir-sep]..[dir-sep]..[dir-sep]..[dir-sep]g2i[dir-sep]sites[dir-sep]Nol[dir-sep]data[dir-sep]sine-data-set-x.txt";
    file-path2 = "[installation-dir][dir-sep]..[dir-sep]..[dir-sep]..[dir-sep]g2i[dir-sep]sites[dir-sep]Nol[dir-sep]data[dir-sep]sine-data-set-y.txt";
    begin
        call load-validation-data-set(file-path1, sine-validation-data-set-x, 22, 1, file-path2, sine-validation-data-set-y, 22, 1 ) ;
    end on error(err)
        begin
            call fail(node, "Load failed");
            return;
        end;
    end;
    call pass(node);
end
]]></g2:a.TEXT>
  <g2:a.ICON-VARIABLES>
    <g2:Structure>
      <g2:sa.WIDTH g2:type="Integer">50</g2:sa.WIDTH>
      <g2:sa.HEIGHT g2:type="Integer">50</g2:sa.HEIGHT></g2:Structure></g2:a.ICON-VARIABLES>
  <g2:a.POSITION-IN-WORKSPACE>
    <g2:Structure>
      <g2:sa.X g2:type="Integer">-28</g2:sa.X>
      <g2:sa.Y g2:type="Integer">40</g2:sa.Y>
      <g2:sa.SUPERIOR><g2:c.KB-WORKSPACE rdf:resource="#633a311a4fe211dfb1b4001641761fb2"/></g2:sa.SUPERIOR></g2:Structure></g2:a.POSITION-IN-WORKSPACE>
  <g2:a.SIZE-IN-WORKSPACE>
    <g2:Structure>
      <g2:sa.WIDTH g2:type="Integer">50</g2:sa.WIDTH>
      <g2:sa.HEIGHT g2:type="Integer">50</g2:sa.HEIGHT></g2:Structure></g2:a.SIZE-IN-WORKSPACE>
  <g2:a.NAME-BOX>
    <g2:Structure>
      <g2:sa.COLOR>
        <g2:Structure>
          <g2:sa.BACKGROUND-COLOR g2:type="Symbol">TRANSPARENT</g2:sa.BACKGROUND-COLOR>
          <g2:sa.TEXT-COLOR g2:type="Symbol">FOREGROUND</g2:sa.TEXT-COLOR></g2:Structure></g2:sa.COLOR>
      <g2:sa.POSITION>
        <g2:Structure>
          <g2:sa.X-OFFSET g2:type="Integer">-77</g2:sa.X-OFFSET>
          <g2:sa.Y-OFFSET g2:type="Integer">-29</g2:sa.Y-OFFSET></g2:Structure></g2:sa.POSITION></g2:Structure></g2:a.NAME-BOX></g2:c.PROCEDURE>

<c.BENCHMARK-TEST ID="633a311c4fe211dfb1b4001641761fb2">
  <g2:a.NAMES g2:type="Symbol">LOAD</g2:a.NAMES>
  <ua.TEST-RESULT>
    <c.TEST-RESULT-PARAMETER ID="633a311e4fe211dfb1b4001641761fb2">
      <g2:a.OPTIONS>
        <g2:Structure>
          <g2:sa.FORWARD-CHAIN g2:type="TruthValue">true</g2:sa.FORWARD-CHAIN>
          <g2:sa.FORWARD-CHAIN-EVEN-FOR-SAME-VALUE g2:type="TruthValue">false</g2:sa.FORWARD-CHAIN-EVEN-FOR-SAME-VALUE></g2:Structure></g2:a.OPTIONS>
      <ua.TEST-INFO>
        <g2:c.TEXT-PARAMETER ID="633a311f4fe211dfb1b4001641761fb2">
          <g2:a.OPTIONS>
            <g2:Structure>
              <g2:sa.FORWARD-CHAIN g2:type="TruthValue">false</g2:sa.FORWARD-CHAIN>
              <g2:sa.FORWARD-CHAIN-EVEN-FOR-SAME-VALUE g2:type="TruthValue">false</g2:sa.FORWARD-CHAIN-EVEN-FOR-SAME-VALUE></g2:Structure></g2:a.OPTIONS>
          <g2:a.ICON-VARIABLES>
            <g2:Structure>
              <g2:sa.WIDTH g2:type="Integer">50</g2:sa.WIDTH>
              <g2:sa.HEIGHT g2:type="Integer">50</g2:sa.HEIGHT></g2:Structure></g2:a.ICON-VARIABLES></g2:c.TEXT-PARAMETER></ua.TEST-INFO>
      <g2:a.ICON-VARIABLES>
        <g2:Structure>
          <g2:sa.WIDTH g2:type="Integer">50</g2:sa.WIDTH>
          <g2:sa.HEIGHT g2:type="Integer">50</g2:sa.HEIGHT></g2:Structure></g2:a.ICON-VARIABLES></c.TEST-RESULT-PARAMETER></ua.TEST-RESULT>
  <ua.TIMEOUT-LIMIT g2:type="Integer" g2:unit="SECONDS">10</ua.TIMEOUT-LIMIT>
  <ua.COUNTED g2:type="TruthValue" g2:unit="TRUTH-VALUE">false</ua.COUNTED>
  <g2:a.ICON-VARIABLES>
    <g2:Structure>
      <g2:sa.WIDTH g2:type="Integer">30</g2:sa.WIDTH>
      <g2:sa.HEIGHT g2:type="Integer">24</g2:sa.HEIGHT></g2:Structure></g2:a.ICON-VARIABLES>
  <g2:a.FOLLOWING-ITEM-IN-WORKSPACE-LAYERING><c.NEXT-BENCHMARK rdf:resource="#612038e876ac11e69b45000c2973fc18"/></g2:a.FOLLOWING-ITEM-IN-WORKSPACE-LAYERING>
  <g2:a.POSITION-IN-WORKSPACE>
    <g2:Structure>
      <g2:sa.X g2:type="Integer">393</g2:sa.X>
      <g2:sa.Y g2:type="Integer">105</g2:sa.Y>
      <g2:sa.SUPERIOR><g2:c.KB-WORKSPACE rdf:resource="#ebd36edb4fde11dfb1b4001641761fb2"/></g2:sa.SUPERIOR></g2:Structure></g2:a.POSITION-IN-WORKSPACE>
  <g2:a.SIZE-IN-WORKSPACE>
    <g2:Structure>
      <g2:sa.WIDTH g2:type="Integer">30</g2:sa.WIDTH>
      <g2:sa.HEIGHT g2:type="Integer">24</g2:sa.HEIGHT></g2:Structure></g2:a.SIZE-IN-WORKSPACE>
  <g2:a.NAME-BOX>
    <g2:Structure>
      <g2:sa.COLOR>
        <g2:Structure>
          <g2:sa.BACKGROUND-COLOR g2:type="Symbol">TRANSPARENT</g2:sa.BACKGROUND-COLOR>
          <g2:sa.TEXT-COLOR g2:type="Symbol">FOREGROUND</g2:sa.TEXT-COLOR></g2:Structure></g2:sa.COLOR>
      <g2:sa.POSITION>
        <g2:Structure>
          <g2:sa.X-OFFSET g2:type="Integer">19</g2:sa.X-OFFSET>
          <g2:sa.Y-OFFSET g2:type="Integer">16</g2:sa.Y-OFFSET></g2:Structure></g2:sa.POSITION></g2:Structure></g2:a.NAME-BOX></c.BENCHMARK-TEST>

<g2:c.KB-WORKSPACE ID="633a31204fe211dfb1b4001641761fb2">
  <g2:a.DEFAULT-WINDOW-POSITION-AND-SCALE>
    <g2:Structure>
      <g2:sa.X g2:type="Integer">612</g2:sa.X>
      <g2:sa.Y g2:type="Integer">373</g2:sa.Y></g2:Structure></g2:a.DEFAULT-WINDOW-POSITION-AND-SCALE>
  <g2:a.EDGES-OF-WORKSPACE>
    <g2:Structure>
      <g2:sa.LEFT g2:type="Integer">-350</g2:sa.LEFT>
      <g2:sa.TOP g2:type="Integer">250</g2:sa.TOP>
      <g2:sa.RIGHT g2:type="Integer">350</g2:sa.RIGHT>
      <g2:sa.BOTTOM g2:type="Integer">-250</g2:sa.BOTTOM></g2:Structure></g2:a.EDGES-OF-WORKSPACE>
  <g2:a.PARENT-OF-SUBWORKSPACE><c.BENCHMARK-TEST rdf:resource="#633a311c4fe211dfb1b4001641761fb2"/></g2:a.PARENT-OF-SUBWORKSPACE></g2:c.KB-WORKSPACE>

<g2:c.PROCEDURE ID="633a31214fe211dfb1b4001641761fb2">
  <g2:a.AUTHORS>
    <g2:Structure>
      <g2:sa.AUTHORS>
        <g2:Sequence>
          <rdf:li g2:type="Symbol">ADMINISTRATOR</rdf:li></g2:Sequence></g2:sa.AUTHORS>
      <g2:sa.TIMESTAMP>
        <g2:Structure>
          <g2:sa.YEAR g2:type="Integer">2016</g2:sa.YEAR>
          <g2:sa.MONTH g2:type="Integer">9</g2:sa.MONTH>
          <g2:sa.DATE g2:type="Integer">25</g2:sa.DATE>
          <g2:sa.HOURS g2:type="Integer">21</g2:sa.HOURS>
          <g2:sa.MINUTES g2:type="Integer">15</g2:sa.MINUTES></g2:Structure></g2:sa.TIMESTAMP></g2:Structure></g2:a.AUTHORS>
  <g2:a.TEXT><![CDATA[
load-test(node: class benchmark-node)

    err: class error;
    x, y: class g2-window;
    installation-dir, dir-sep, file-path: text;

begin

    installation-dir = call grtl-get-installation-directory();
    dir-sep = call grtl-get-file-system-delimiter();
    file-path = "[installation-dir][dir-sep]..[dir-sep]..[dir-sep]..[dir-sep]g2i[dir-sep]sites[dir-sep]Nol[dir-sep]data";


    for x = each g2-window do
        if the g2-window-management-type of x exists and the g2-window-management-type of x = the symbol remote then
            y = x;
    end;
	
    begin
        call nols-load-project (file-path, "Sineproject.prj", y);
    end on error(err)
        begin
            call fail(node, "Load failed");
            return;
        end;
    end;

    call pass(node);

end
]]></g2:a.TEXT>
  <g2:a.ICON-VARIABLES>
    <g2:Structure>
      <g2:sa.WIDTH g2:type="Integer">50</g2:sa.WIDTH>
      <g2:sa.HEIGHT g2:type="Integer">50</g2:sa.HEIGHT></g2:Structure></g2:a.ICON-VARIABLES>
  <g2:a.POSITION-IN-WORKSPACE>
    <g2:Structure>
      <g2:sa.X g2:type="Integer">15</g2:sa.X>
      <g2:sa.Y g2:type="Integer">14</g2:sa.Y>
      <g2:sa.SUPERIOR><g2:c.KB-WORKSPACE rdf:resource="#633a31204fe211dfb1b4001641761fb2"/></g2:sa.SUPERIOR></g2:Structure></g2:a.POSITION-IN-WORKSPACE>
  <g2:a.SIZE-IN-WORKSPACE>
    <g2:Structure>
      <g2:sa.WIDTH g2:type="Integer">50</g2:sa.WIDTH>
      <g2:sa.HEIGHT g2:type="Integer">50</g2:sa.HEIGHT></g2:Structure></g2:a.SIZE-IN-WORKSPACE>
  <g2:a.NAME-BOX>
    <g2:Structure>
      <g2:sa.COLOR>
        <g2:Structure>
          <g2:sa.BACKGROUND-COLOR g2:type="Symbol">TRANSPARENT</g2:sa.BACKGROUND-COLOR>
          <g2:sa.TEXT-COLOR g2:type="Symbol">FOREGROUND</g2:sa.TEXT-COLOR></g2:Structure></g2:sa.COLOR>
      <g2:sa.POSITION>
        <g2:Structure>
          <g2:sa.X-OFFSET g2:type="Integer">-53</g2:sa.X-OFFSET>
          <g2:sa.Y-OFFSET g2:type="Integer">-29</g2:sa.Y-OFFSET></g2:Structure></g2:sa.POSITION></g2:Structure></g2:a.NAME-BOX></g2:c.PROCEDURE>

<c.BENCHMARK-TEST ID="633a31224fe211dfb1b4001641761fb2">
  <g2:a.NAMES g2:type="Symbol">VALIDATE</g2:a.NAMES>
  <ua.TEST-RESULT>
    <c.TEST-RESULT-PARAMETER ID="633a31244fe211dfb1b4001641761fb2">
      <g2:a.OPTIONS>
        <g2:Structure>
          <g2:sa.FORWARD-CHAIN g2:type="TruthValue">true</g2:sa.FORWARD-CHAIN>
          <g2:sa.FORWARD-CHAIN-EVEN-FOR-SAME-VALUE g2:type="TruthValue">false</g2:sa.FORWARD-CHAIN-EVEN-FOR-SAME-VALUE></g2:Structure></g2:a.OPTIONS>
      <ua.TEST-INFO>
        <g2:c.TEXT-PARAMETER ID="633a31254fe211dfb1b4001641761fb2">
          <g2:a.OPTIONS>
            <g2:Structure>
              <g2:sa.FORWARD-CHAIN g2:type="TruthValue">false</g2:sa.FORWARD-CHAIN>
              <g2:sa.FORWARD-CHAIN-EVEN-FOR-SAME-VALUE g2:type="TruthValue">false</g2:sa.FORWARD-CHAIN-EVEN-FOR-SAME-VALUE></g2:Structure></g2:a.OPTIONS>
          <g2:a.ICON-VARIABLES>
            <g2:Structure>
              <g2:sa.WIDTH g2:type="Integer">50</g2:sa.WIDTH>
              <g2:sa.HEIGHT g2:type="Integer">50</g2:sa.HEIGHT></g2:Structure></g2:a.ICON-VARIABLES></g2:c.TEXT-PARAMETER></ua.TEST-INFO>
      <g2:a.ICON-VARIABLES>
        <g2:Structure>
          <g2:sa.WIDTH g2:type="Integer">50</g2:sa.WIDTH>
          <g2:sa.HEIGHT g2:type="Integer">50</g2:sa.HEIGHT></g2:Structure></g2:a.ICON-VARIABLES></c.TEST-RESULT-PARAMETER></ua.TEST-RESULT>
  <ua.TIMEOUT-LIMIT g2:type="Integer" g2:unit="SECONDS">10</ua.TIMEOUT-LIMIT>
  <ua.COUNTED g2:type="TruthValue" g2:unit="TRUTH-VALUE">false</ua.COUNTED>
  <g2:a.ICON-VARIABLES>
    <g2:Structure>
      <g2:sa.WIDTH g2:type="Integer">30</g2:sa.WIDTH>
      <g2:sa.HEIGHT g2:type="Integer">24</g2:sa.HEIGHT></g2:Structure></g2:a.ICON-VARIABLES>
  <g2:a.FOLLOWING-ITEM-IN-WORKSPACE-LAYERING><c.NEXT-BENCHMARK rdf:resource="#f0b1f2b276aa11e69b45000c2973fc18"/></g2:a.FOLLOWING-ITEM-IN-WORKSPACE-LAYERING>
  <g2:a.POSITION-IN-WORKSPACE>
    <g2:Structure>
      <g2:sa.X g2:type="Integer">393</g2:sa.X>
      <g2:sa.Y g2:type="Integer">-43</g2:sa.Y>
      <g2:sa.SUPERIOR><g2:c.KB-WORKSPACE rdf:resource="#ebd36edb4fde11dfb1b4001641761fb2"/></g2:sa.SUPERIOR></g2:Structure></g2:a.POSITION-IN-WORKSPACE>
  <g2:a.SIZE-IN-WORKSPACE>
    <g2:Structure>
      <g2:sa.WIDTH g2:type="Integer">30</g2:sa.WIDTH>
      <g2:sa.HEIGHT g2:type="Integer">24</g2:sa.HEIGHT></g2:Structure></g2:a.SIZE-IN-WORKSPACE>
  <g2:a.NAME-BOX>
    <g2:Structure>
      <g2:sa.COLOR>
        <g2:Structure>
          <g2:sa.BACKGROUND-COLOR g2:type="Symbol">TRANSPARENT</g2:sa.BACKGROUND-COLOR>
          <g2:sa.TEXT-COLOR g2:type="Symbol">FOREGROUND</g2:sa.TEXT-COLOR></g2:Structure></g2:sa.COLOR>
      <g2:sa.POSITION>
        <g2:Structure>
          <g2:sa.X-OFFSET g2:type="Integer">19</g2:sa.X-OFFSET>
          <g2:sa.Y-OFFSET g2:type="Integer">16</g2:sa.Y-OFFSET></g2:Structure></g2:sa.POSITION></g2:Structure></g2:a.NAME-BOX></c.BENCHMARK-TEST>

<g2:c.KB-WORKSPACE ID="633a31264fe211dfb1b4001641761fb2">
  <g2:a.DEFAULT-WINDOW-POSITION-AND-SCALE>
    <g2:Structure>
      <g2:sa.X g2:type="Integer">627</g2:sa.X>
      <g2:sa.Y g2:type="Integer">330</g2:sa.Y></g2:Structure></g2:a.DEFAULT-WINDOW-POSITION-AND-SCALE>
  <g2:a.EDGES-OF-WORKSPACE>
    <g2:Structure>
      <g2:sa.LEFT g2:type="Integer">-350</g2:sa.LEFT>
      <g2:sa.TOP g2:type="Integer">250</g2:sa.TOP>
      <g2:sa.RIGHT g2:type="Integer">350</g2:sa.RIGHT>
      <g2:sa.BOTTOM g2:type="Integer">-250</g2:sa.BOTTOM></g2:Structure></g2:a.EDGES-OF-WORKSPACE>
  <g2:a.PARENT-OF-SUBWORKSPACE><c.BENCHMARK-TEST rdf:resource="#633a31224fe211dfb1b4001641761fb2"/></g2:a.PARENT-OF-SUBWORKSPACE></g2:c.KB-WORKSPACE>

<g2:c.PROCEDURE ID="633a31274fe211dfb1b4001641761fb2">
  <g2:a.AUTHORS>
    <g2:Structure>
      <g2:sa.AUTHORS>
        <g2:Sequence>
          <rdf:li g2:type="Symbol">ADMINISTRATOR</rdf:li></g2:Sequence></g2:sa.AUTHORS>
      <g2:sa.TIMESTAMP>
        <g2:Structure>
          <g2:sa.YEAR g2:type="Integer">2016</g2:sa.YEAR>
          <g2:sa.MONTH g2:type="Integer">9</g2:sa.MONTH>
          <g2:sa.DATE g2:type="Integer">25</g2:sa.DATE>
          <g2:sa.HOURS g2:type="Integer">21</g2:sa.HOURS>
          <g2:sa.MINUTES g2:type="Integer">27</g2:sa.MINUTES></g2:Structure></g2:sa.TIMESTAMP></g2:Structure></g2:a.AUTHORS>
  <g2:a.TEXT><![CDATA[
validate-test(node: class benchmark-node )

    err: class error;
    x,y: class g2-window;

begin
	
    for x = each g2-window do
        if the g2-window-management-type of x exists and the g2-window-management-type of x = the symbol remote then
        y = x;
    end;

    begin
        wait for 2 seconds;
        call nols-validate-bpn-model ("sine-model", sine-validation-data-set-x , sine-validation-data-set-y, y) ;
    end on error(err)
        begin
            call fail(node, "Validate failed");
            return;
        end;
    end;

    call pass(node);

end
]]></g2:a.TEXT>
  <g2:a.ICON-VARIABLES>
    <g2:Structure>
      <g2:sa.WIDTH g2:type="Integer">50</g2:sa.WIDTH>
      <g2:sa.HEIGHT g2:type="Integer">50</g2:sa.HEIGHT></g2:Structure></g2:a.ICON-VARIABLES>
  <g2:a.POSITION-IN-WORKSPACE>
    <g2:Structure>
      <g2:sa.X g2:type="Integer">-10</g2:sa.X>
      <g2:sa.Y g2:type="Integer">42</g2:sa.Y>
      <g2:sa.SUPERIOR><g2:c.KB-WORKSPACE rdf:resource="#633a31264fe211dfb1b4001641761fb2"/></g2:sa.SUPERIOR></g2:Structure></g2:a.POSITION-IN-WORKSPACE>
  <g2:a.SIZE-IN-WORKSPACE>
    <g2:Structure>
      <g2:sa.WIDTH g2:type="Integer">50</g2:sa.WIDTH>
      <g2:sa.HEIGHT g2:type="Integer">50</g2:sa.HEIGHT></g2:Structure></g2:a.SIZE-IN-WORKSPACE>
  <g2:a.NAME-BOX>
    <g2:Structure>
      <g2:sa.COLOR>
        <g2:Structure>
          <g2:sa.BACKGROUND-COLOR g2:type="Symbol">TRANSPARENT</g2:sa.BACKGROUND-COLOR>
          <g2:sa.TEXT-COLOR g2:type="Symbol">FOREGROUND</g2:sa.TEXT-COLOR></g2:Structure></g2:sa.COLOR>
      <g2:sa.POSITION>
        <g2:Structure>
          <g2:sa.X-OFFSET g2:type="Integer">-70</g2:sa.X-OFFSET>
          <g2:sa.Y-OFFSET g2:type="Integer">-29</g2:sa.Y-OFFSET></g2:Structure></g2:sa.POSITION></g2:Structure></g2:a.NAME-BOX></g2:c.PROCEDURE>

<g2:c.LOOSE-END ID="633a31284fe211dfb1b4001641761fb2">
  <g2:a.FOLLOWING-ITEM-IN-WORKSPACE-LAYERING><c.BENCHMARK-TEST rdf:resource="#633a312a4fe211dfb1b4001641761fb2"/></g2:a.FOLLOWING-ITEM-IN-WORKSPACE-LAYERING>
  <g2:a.POSITION-IN-WORKSPACE>
    <g2:Structure>
      <g2:sa.X g2:type="Integer">-282</g2:sa.X>
      <g2:sa.Y g2:type="Integer">17</g2:sa.Y>
      <g2:sa.SUPERIOR><g2:c.KB-WORKSPACE rdf:resource="#ebd36edb4fde11dfb1b4001641761fb2"/></g2:sa.SUPERIOR></g2:Structure></g2:a.POSITION-IN-WORKSPACE></g2:c.LOOSE-END>

<c.BENCHMARK-TEST ID="633a312a4fe211dfb1b4001641761fb2">
  <g2:a.NAMES g2:type="Symbol">LOAD-DATA</g2:a.NAMES>
  <ua.TEST-RESULT>
    <c.TEST-RESULT-PARAMETER ID="633a312c4fe211dfb1b4001641761fb2">
      <g2:a.OPTIONS>
        <g2:Structure>
          <g2:sa.FORWARD-CHAIN g2:type="TruthValue">true</g2:sa.FORWARD-CHAIN>
          <g2:sa.FORWARD-CHAIN-EVEN-FOR-SAME-VALUE g2:type="TruthValue">false</g2:sa.FORWARD-CHAIN-EVEN-FOR-SAME-VALUE></g2:Structure></g2:a.OPTIONS>
      <ua.TEST-INFO>
        <g2:c.TEXT-PARAMETER ID="633a312d4fe211dfb1b4001641761fb2">
          <g2:a.OPTIONS>
            <g2:Structure>
              <g2:sa.FORWARD-CHAIN g2:type="TruthValue">false</g2:sa.FORWARD-CHAIN>
              <g2:sa.FORWARD-CHAIN-EVEN-FOR-SAME-VALUE g2:type="TruthValue">false</g2:sa.FORWARD-CHAIN-EVEN-FOR-SAME-VALUE></g2:Structure></g2:a.OPTIONS>
          <g2:a.ICON-VARIABLES>
            <g2:Structure>
              <g2:sa.WIDTH g2:type="Integer">50</g2:sa.WIDTH>
              <g2:sa.HEIGHT g2:type="Integer">50</g2:sa.HEIGHT></g2:Structure></g2:a.ICON-VARIABLES></g2:c.TEXT-PARAMETER></ua.TEST-INFO>
      <g2:a.ICON-VARIABLES>
        <g2:Structure>
          <g2:sa.WIDTH g2:type="Integer">50</g2:sa.WIDTH>
          <g2:sa.HEIGHT g2:type="Integer">50</g2:sa.HEIGHT></g2:Structure></g2:a.ICON-VARIABLES></c.TEST-RESULT-PARAMETER></ua.TEST-RESULT>
  <ua.TIMEOUT-LIMIT g2:type="Integer" g2:unit="SECONDS">10</ua.TIMEOUT-LIMIT>
  <ua.COUNTED g2:type="TruthValue" g2:unit="TRUTH-VALUE">false</ua.COUNTED>
  <g2:a.ICON-VARIABLES>
    <g2:Structure>
      <g2:sa.WIDTH g2:type="Integer">30</g2:sa.WIDTH>
      <g2:sa.HEIGHT g2:type="Integer">24</g2:sa.HEIGHT></g2:Structure></g2:a.ICON-VARIABLES>
  <g2:a.FOLLOWING-ITEM-IN-WORKSPACE-LAYERING><c.NEXT-BENCHMARK rdf:resource="#633a31544fe211dfb1b4001641761fb2"/></g2:a.FOLLOWING-ITEM-IN-WORKSPACE-LAYERING>
  <g2:a.POSITION-IN-WORKSPACE>
    <g2:Structure>
      <g2:sa.X g2:type="Integer">162</g2:sa.X>
      <g2:sa.Y g2:type="Integer">23</g2:sa.Y>
      <g2:sa.SUPERIOR><g2:c.KB-WORKSPACE rdf:resource="#ebd36edb4fde11dfb1b4001641761fb2"/></g2:sa.SUPERIOR></g2:Structure></g2:a.POSITION-IN-WORKSPACE>
  <g2:a.SIZE-IN-WORKSPACE>
    <g2:Structure>
      <g2:sa.WIDTH g2:type="Integer">30</g2:sa.WIDTH>
      <g2:sa.HEIGHT g2:type="Integer">24</g2:sa.HEIGHT></g2:Structure></g2:a.SIZE-IN-WORKSPACE>
  <g2:a.NAME-BOX>
    <g2:Structure>
      <g2:sa.COLOR>
        <g2:Structure>
          <g2:sa.BACKGROUND-COLOR g2:type="Symbol">TRANSPARENT</g2:sa.BACKGROUND-COLOR>
          <g2:sa.TEXT-COLOR g2:type="Symbol">FOREGROUND</g2:sa.TEXT-COLOR></g2:Structure></g2:sa.COLOR>
      <g2:sa.POSITION>
        <g2:Structure>
          <g2:sa.X-OFFSET g2:type="Integer">19</g2:sa.X-OFFSET>
          <g2:sa.Y-OFFSET g2:type="Integer">16</g2:sa.Y-OFFSET></g2:Structure></g2:sa.POSITION></g2:Structure></g2:a.NAME-BOX></c.BENCHMARK-TEST>

<g2:c.KB-WORKSPACE ID="633a312e4fe211dfb1b4001641761fb2">
  <g2:a.DEFAULT-WINDOW-POSITION-AND-SCALE>
    <g2:Structure>
      <g2:sa.X g2:type="Integer">649</g2:sa.X>
      <g2:sa.Y g2:type="Integer">418</g2:sa.Y></g2:Structure></g2:a.DEFAULT-WINDOW-POSITION-AND-SCALE>
  <g2:a.EDGES-OF-WORKSPACE>
    <g2:Structure>
      <g2:sa.LEFT g2:type="Integer">-350</g2:sa.LEFT>
      <g2:sa.TOP g2:type="Integer">250</g2:sa.TOP>
      <g2:sa.RIGHT g2:type="Integer">350</g2:sa.RIGHT>
      <g2:sa.BOTTOM g2:type="Integer">-250</g2:sa.BOTTOM></g2:Structure></g2:a.EDGES-OF-WORKSPACE>
  <g2:a.PARENT-OF-SUBWORKSPACE><c.BENCHMARK-TEST rdf:resource="#633a312a4fe211dfb1b4001641761fb2"/></g2:a.PARENT-OF-SUBWORKSPACE></g2:c.KB-WORKSPACE>

<g2:c.PROCEDURE ID="633a312f4fe211dfb1b4001641761fb2">
  <g2:a.AUTHORS>
    <g2:Structure>
      <g2:sa.AUTHORS>
        <g2:Sequence>
          <rdf:li g2:type="Symbol">ADMINISTRATOR</rdf:li></g2:Sequence></g2:sa.AUTHORS>
      <g2:sa.TIMESTAMP>
        <g2:Structure>
          <g2:sa.YEAR g2:type="Integer">2016</g2:sa.YEAR>
          <g2:sa.MONTH g2:type="Integer">9</g2:sa.MONTH>
          <g2:sa.DATE g2:type="Integer">25</g2:sa.DATE>
          <g2:sa.HOURS g2:type="Integer">21</g2:sa.HOURS>
          <g2:sa.MINUTES g2:type="Integer">14</g2:sa.MINUTES></g2:Structure></g2:sa.TIMESTAMP></g2:Structure></g2:a.AUTHORS>
  <g2:a.TEXT><![CDATA[
load-data-test(node: class benchmark-node )

	err: class error;
	x,y: class g2-window;
	installation-dir, dir-sep, file-path: text;
	
begin

	installation-dir = call grtl-get-installation-directory();
	dir-sep = call grtl-get-file-system-delimiter();
	file-path = "[installation-dir][dir-sep]..[dir-sep]..[dir-sep]..[dir-sep]g2i[dir-sep]sites[dir-sep]Nol[dir-sep]data[dir-sep]gasplant1.set";

	show the workspace of gnne-ensemble-test-data ;
	for x = each g2-window do
		if the g2-window-management-type of x exists and the g2-window-management-type of x = the symbol remote then
			y = x;
	end;
	begin
		call gnne-read-data-set-from-file(gnne-ensemble-test-data, file-path);
	end on error(err)
		begin
			call fail(node, "failed");
			return;
		end;
	end;
	call pass(node);
	
end

]]></g2:a.TEXT>
  <g2:a.ICON-VARIABLES>
    <g2:Structure>
      <g2:sa.WIDTH g2:type="Integer">50</g2:sa.WIDTH>
      <g2:sa.HEIGHT g2:type="Integer">50</g2:sa.HEIGHT></g2:Structure></g2:a.ICON-VARIABLES>
  <g2:a.POSITION-IN-WORKSPACE>
    <g2:Structure>
      <g2:sa.X g2:type="Integer">-22</g2:sa.X>
      <g2:sa.Y g2:type="Integer">59</g2:sa.Y>
      <g2:sa.SUPERIOR><g2:c.KB-WORKSPACE rdf:resource="#633a312e4fe211dfb1b4001641761fb2"/></g2:sa.SUPERIOR></g2:Structure></g2:a.POSITION-IN-WORKSPACE>
  <g2:a.SIZE-IN-WORKSPACE>
    <g2:Structure>
      <g2:sa.WIDTH g2:type="Integer">50</g2:sa.WIDTH>
      <g2:sa.HEIGHT g2:type="Integer">50</g2:sa.HEIGHT></g2:Structure></g2:a.SIZE-IN-WORKSPACE>
  <g2:a.NAME-BOX>
    <g2:Structure>
      <g2:sa.COLOR>
        <g2:Structure>
          <g2:sa.BACKGROUND-COLOR g2:type="Symbol">TRANSPARENT</g2:sa.BACKGROUND-COLOR>
          <g2:sa.TEXT-COLOR g2:type="Symbol">FOREGROUND</g2:sa.TEXT-COLOR></g2:Structure></g2:sa.COLOR>
      <g2:sa.POSITION>
        <g2:Structure>
          <g2:sa.X-OFFSET g2:type="Integer">-76</g2:sa.X-OFFSET>
          <g2:sa.Y-OFFSET g2:type="Integer">-29</g2:sa.Y-OFFSET></g2:Structure></g2:sa.POSITION></g2:Structure></g2:a.NAME-BOX></g2:c.PROCEDURE>

<g2:c.LOOSE-END ID="633a31304fe211dfb1b4001641761fb2">
  <g2:a.FOLLOWING-ITEM-IN-WORKSPACE-LAYERING><c.BENCHMARK-TEST rdf:resource="#633a31314fe211dfb1b4001641761fb2"/></g2:a.FOLLOWING-ITEM-IN-WORKSPACE-LAYERING>
  <g2:a.POSITION-IN-WORKSPACE>
    <g2:Structure>
      <g2:sa.X g2:type="Integer">162</g2:sa.X>
      <g2:sa.Y g2:type="Integer">40</g2:sa.Y>
      <g2:sa.SUPERIOR><g2:c.KB-WORKSPACE rdf:resource="#ebd36edb4fde11dfb1b4001641761fb2"/></g2:sa.SUPERIOR></g2:Structure></g2:a.POSITION-IN-WORKSPACE></g2:c.LOOSE-END>

<c.BENCHMARK-TEST ID="633a31314fe211dfb1b4001641761fb2">
  <g2:a.NAMES g2:type="Symbol">HALT-PROCESS</g2:a.NAMES>
  <ua.TEST-RESULT>
    <c.TEST-RESULT-PARAMETER ID="633a31334fe211dfb1b4001641761fb2">
      <g2:a.OPTIONS>
        <g2:Structure>
          <g2:sa.FORWARD-CHAIN g2:type="TruthValue">true</g2:sa.FORWARD-CHAIN>
          <g2:sa.FORWARD-CHAIN-EVEN-FOR-SAME-VALUE g2:type="TruthValue">false</g2:sa.FORWARD-CHAIN-EVEN-FOR-SAME-VALUE></g2:Structure></g2:a.OPTIONS>
      <ua.TEST-INFO>
        <g2:c.TEXT-PARAMETER ID="633a31344fe211dfb1b4001641761fb2">
          <g2:a.OPTIONS>
            <g2:Structure>
              <g2:sa.FORWARD-CHAIN g2:type="TruthValue">false</g2:sa.FORWARD-CHAIN>
              <g2:sa.FORWARD-CHAIN-EVEN-FOR-SAME-VALUE g2:type="TruthValue">false</g2:sa.FORWARD-CHAIN-EVEN-FOR-SAME-VALUE></g2:Structure></g2:a.OPTIONS>
          <g2:a.ICON-VARIABLES>
            <g2:Structure>
              <g2:sa.WIDTH g2:type="Integer">50</g2:sa.WIDTH>
              <g2:sa.HEIGHT g2:type="Integer">50</g2:sa.HEIGHT></g2:Structure></g2:a.ICON-VARIABLES></g2:c.TEXT-PARAMETER></ua.TEST-INFO>
      <g2:a.ICON-VARIABLES>
        <g2:Structure>
          <g2:sa.WIDTH g2:type="Integer">50</g2:sa.WIDTH>
          <g2:sa.HEIGHT g2:type="Integer">50</g2:sa.HEIGHT></g2:Structure></g2:a.ICON-VARIABLES></c.TEST-RESULT-PARAMETER></ua.TEST-RESULT>
  <ua.TIMEOUT-LIMIT g2:type="Integer" g2:unit="SECONDS">10</ua.TIMEOUT-LIMIT>
  <ua.COUNTED g2:type="TruthValue" g2:unit="TRUTH-VALUE">false</ua.COUNTED>
  <g2:a.ICON-VARIABLES>
    <g2:Structure>
      <g2:sa.WIDTH g2:type="Integer">30</g2:sa.WIDTH>
      <g2:sa.HEIGHT g2:type="Integer">24</g2:sa.HEIGHT></g2:Structure></g2:a.ICON-VARIABLES>
  <g2:a.FOLLOWING-ITEM-IN-WORKSPACE-LAYERING><c.NEXT-BENCHMARK rdf:resource="#612038e476ac11e69b45000c2973fc18"/></g2:a.FOLLOWING-ITEM-IN-WORKSPACE-LAYERING>
  <g2:a.POSITION-IN-WORKSPACE>
    <g2:Structure>
      <g2:sa.X g2:type="Integer">162</g2:sa.X>
      <g2:sa.Y g2:type="Integer">-171</g2:sa.Y>
      <g2:sa.SUPERIOR><g2:c.KB-WORKSPACE rdf:resource="#ebd36edb4fde11dfb1b4001641761fb2"/></g2:sa.SUPERIOR></g2:Structure></g2:a.POSITION-IN-WORKSPACE>
  <g2:a.SIZE-IN-WORKSPACE>
    <g2:Structure>
      <g2:sa.WIDTH g2:type="Integer">30</g2:sa.WIDTH>
      <g2:sa.HEIGHT g2:type="Integer">24</g2:sa.HEIGHT></g2:Structure></g2:a.SIZE-IN-WORKSPACE>
  <g2:a.NAME-BOX>
    <g2:Structure>
      <g2:sa.COLOR>
        <g2:Structure>
          <g2:sa.BACKGROUND-COLOR g2:type="Symbol">TRANSPARENT</g2:sa.BACKGROUND-COLOR>
          <g2:sa.TEXT-COLOR g2:type="Symbol">FOREGROUND</g2:sa.TEXT-COLOR></g2:Structure></g2:sa.COLOR>
      <g2:sa.POSITION>
        <g2:Structure>
          <g2:sa.X-OFFSET g2:type="Integer">19</g2:sa.X-OFFSET>
          <g2:sa.Y-OFFSET g2:type="Integer">16</g2:sa.Y-OFFSET></g2:Structure></g2:sa.POSITION></g2:Structure></g2:a.NAME-BOX></c.BENCHMARK-TEST>

<g2:c.KB-WORKSPACE ID="633a31354fe211dfb1b4001641761fb2">
  <g2:a.DEFAULT-WINDOW-POSITION-AND-SCALE>
    <g2:Structure>
      <g2:sa.X g2:type="Integer">718</g2:sa.X>
      <g2:sa.Y g2:type="Integer">347</g2:sa.Y></g2:Structure></g2:a.DEFAULT-WINDOW-POSITION-AND-SCALE>
  <g2:a.EDGES-OF-WORKSPACE>
    <g2:Structure>
      <g2:sa.LEFT g2:type="Integer">-350</g2:sa.LEFT>
      <g2:sa.TOP g2:type="Integer">250</g2:sa.TOP>
      <g2:sa.RIGHT g2:type="Integer">350</g2:sa.RIGHT>
      <g2:sa.BOTTOM g2:type="Integer">-250</g2:sa.BOTTOM></g2:Structure></g2:a.EDGES-OF-WORKSPACE>
  <g2:a.PARENT-OF-SUBWORKSPACE><c.BENCHMARK-TEST rdf:resource="#633a31314fe211dfb1b4001641761fb2"/></g2:a.PARENT-OF-SUBWORKSPACE></g2:c.KB-WORKSPACE>

<g2:c.PROCEDURE ID="633a31364fe211dfb1b4001641761fb2">
  <g2:a.AUTHORS>
    <g2:Structure>
      <g2:sa.AUTHORS>
        <g2:Sequence>
          <rdf:li g2:type="Symbol">ADMINISTRATOR</rdf:li></g2:Sequence></g2:sa.AUTHORS>
      <g2:sa.TIMESTAMP>
        <g2:Structure>
          <g2:sa.YEAR g2:type="Integer">2016</g2:sa.YEAR>
          <g2:sa.MONTH g2:type="Integer">9</g2:sa.MONTH>
          <g2:sa.DATE g2:type="Integer">24</g2:sa.DATE>
          <g2:sa.HOURS g2:type="Integer">14</g2:sa.HOURS>
          <g2:sa.MINUTES g2:type="Integer">12</g2:sa.MINUTES></g2:Structure></g2:sa.TIMESTAMP></g2:Structure></g2:a.AUTHORS>
  <g2:a.TEXT><![CDATA[
halt-process-test(node: class benchmark-node )
    err: class error;
    x,y: class g2-window;
begin
    begin
        abort gnne-demo-test-execute-model ;
    end on error(err)
        begin
            call fail(node, "failed");
            return;
        end;
    end;
    call pass(node);
end

]]></g2:a.TEXT>
  <g2:a.ICON-VARIABLES>
    <g2:Structure>
      <g2:sa.WIDTH g2:type="Integer">50</g2:sa.WIDTH>
      <g2:sa.HEIGHT g2:type="Integer">50</g2:sa.HEIGHT></g2:Structure></g2:a.ICON-VARIABLES>
  <g2:a.POSITION-IN-WORKSPACE>
    <g2:Structure>
      <g2:sa.X g2:type="Integer">-14</g2:sa.X>
      <g2:sa.Y g2:type="Integer">57</g2:sa.Y>
      <g2:sa.SUPERIOR><g2:c.KB-WORKSPACE rdf:resource="#633a31354fe211dfb1b4001641761fb2"/></g2:sa.SUPERIOR></g2:Structure></g2:a.POSITION-IN-WORKSPACE>
  <g2:a.SIZE-IN-WORKSPACE>
    <g2:Structure>
      <g2:sa.WIDTH g2:type="Integer">50</g2:sa.WIDTH>
      <g2:sa.HEIGHT g2:type="Integer">50</g2:sa.HEIGHT></g2:Structure></g2:a.SIZE-IN-WORKSPACE>
  <g2:a.NAME-BOX>
    <g2:Structure>
      <g2:sa.COLOR>
        <g2:Structure>
          <g2:sa.BACKGROUND-COLOR g2:type="Symbol">TRANSPARENT</g2:sa.BACKGROUND-COLOR>
          <g2:sa.TEXT-COLOR g2:type="Symbol">FOREGROUND</g2:sa.TEXT-COLOR></g2:Structure></g2:sa.COLOR>
      <g2:sa.POSITION>
        <g2:Structure>
          <g2:sa.X-OFFSET g2:type="Integer">-87</g2:sa.X-OFFSET>
          <g2:sa.Y-OFFSET g2:type="Integer">-29</g2:sa.Y-OFFSET></g2:Structure></g2:sa.POSITION></g2:Structure></g2:a.NAME-BOX></g2:c.PROCEDURE>

<c.BENCHMARK-TEST ID="633a31374fe211dfb1b4001641761fb2">
  <g2:a.NAMES g2:type="Symbol">RUN-PROCESS</g2:a.NAMES>
  <ua.TEST-RESULT>
    <c.TEST-RESULT-PARAMETER ID="633a31394fe211dfb1b4001641761fb2">
      <g2:a.OPTIONS>
        <g2:Structure>
          <g2:sa.FORWARD-CHAIN g2:type="TruthValue">true</g2:sa.FORWARD-CHAIN>
          <g2:sa.FORWARD-CHAIN-EVEN-FOR-SAME-VALUE g2:type="TruthValue">false</g2:sa.FORWARD-CHAIN-EVEN-FOR-SAME-VALUE></g2:Structure></g2:a.OPTIONS>
      <ua.TEST-INFO>
        <g2:c.TEXT-PARAMETER ID="633a313a4fe211dfb1b4001641761fb2">
          <g2:a.OPTIONS>
            <g2:Structure>
              <g2:sa.FORWARD-CHAIN g2:type="TruthValue">false</g2:sa.FORWARD-CHAIN>
              <g2:sa.FORWARD-CHAIN-EVEN-FOR-SAME-VALUE g2:type="TruthValue">false</g2:sa.FORWARD-CHAIN-EVEN-FOR-SAME-VALUE></g2:Structure></g2:a.OPTIONS>
          <g2:a.ICON-VARIABLES>
            <g2:Structure>
              <g2:sa.WIDTH g2:type="Integer">50</g2:sa.WIDTH>
              <g2:sa.HEIGHT g2:type="Integer">50</g2:sa.HEIGHT></g2:Structure></g2:a.ICON-VARIABLES></g2:c.TEXT-PARAMETER></ua.TEST-INFO>
      <g2:a.ICON-VARIABLES>
        <g2:Structure>
          <g2:sa.WIDTH g2:type="Integer">50</g2:sa.WIDTH>
          <g2:sa.HEIGHT g2:type="Integer">50</g2:sa.HEIGHT></g2:Structure></g2:a.ICON-VARIABLES></c.TEST-RESULT-PARAMETER></ua.TEST-RESULT>
  <ua.TIMEOUT-LIMIT g2:type="Integer" g2:unit="SECONDS">1000</ua.TIMEOUT-LIMIT>
  <ua.COUNTED g2:type="TruthValue" g2:unit="TRUTH-VALUE">false</ua.COUNTED>
  <g2:a.ICON-VARIABLES>
    <g2:Structure>
      <g2:sa.WIDTH g2:type="Integer">30</g2:sa.WIDTH>
      <g2:sa.HEIGHT g2:type="Integer">24</g2:sa.HEIGHT></g2:Structure></g2:a.ICON-VARIABLES>
  <g2:a.FOLLOWING-ITEM-IN-WORKSPACE-LAYERING><c.NEXT-BENCHMARK rdf:resource="#633a31524fe211dfb1b4001641761fb2"/></g2:a.FOLLOWING-ITEM-IN-WORKSPACE-LAYERING>
  <g2:a.POSITION-IN-WORKSPACE>
    <g2:Structure>
      <g2:sa.X g2:type="Integer">162</g2:sa.X>
      <g2:sa.Y g2:type="Integer">-106</g2:sa.Y>
      <g2:sa.SUPERIOR><g2:c.KB-WORKSPACE rdf:resource="#ebd36edb4fde11dfb1b4001641761fb2"/></g2:sa.SUPERIOR></g2:Structure></g2:a.POSITION-IN-WORKSPACE>
  <g2:a.SIZE-IN-WORKSPACE>
    <g2:Structure>
      <g2:sa.WIDTH g2:type="Integer">30</g2:sa.WIDTH>
      <g2:sa.HEIGHT g2:type="Integer">24</g2:sa.HEIGHT></g2:Structure></g2:a.SIZE-IN-WORKSPACE>
  <g2:a.NAME-BOX>
    <g2:Structure>
      <g2:sa.COLOR>
        <g2:Structure>
          <g2:sa.BACKGROUND-COLOR g2:type="Symbol">TRANSPARENT</g2:sa.BACKGROUND-COLOR>
          <g2:sa.TEXT-COLOR g2:type="Symbol">FOREGROUND</g2:sa.TEXT-COLOR></g2:Structure></g2:sa.COLOR>
      <g2:sa.POSITION>
        <g2:Structure>
          <g2:sa.X-OFFSET g2:type="Integer">19</g2:sa.X-OFFSET>
          <g2:sa.Y-OFFSET g2:type="Integer">16</g2:sa.Y-OFFSET></g2:Structure></g2:sa.POSITION></g2:Structure></g2:a.NAME-BOX></c.BENCHMARK-TEST>

<g2:c.KB-WORKSPACE ID="633a313b4fe211dfb1b4001641761fb2">
  <g2:a.DEFAULT-WINDOW-POSITION-AND-SCALE>
    <g2:Structure>
      <g2:sa.X g2:type="Integer">627</g2:sa.X>
      <g2:sa.Y g2:type="Integer">330</g2:sa.Y></g2:Structure></g2:a.DEFAULT-WINDOW-POSITION-AND-SCALE>
  <g2:a.EDGES-OF-WORKSPACE>
    <g2:Structure>
      <g2:sa.LEFT g2:type="Integer">-350</g2:sa.LEFT>
      <g2:sa.TOP g2:type="Integer">250</g2:sa.TOP>
      <g2:sa.RIGHT g2:type="Integer">350</g2:sa.RIGHT>
      <g2:sa.BOTTOM g2:type="Integer">-250</g2:sa.BOTTOM></g2:Structure></g2:a.EDGES-OF-WORKSPACE>
  <g2:a.PARENT-OF-SUBWORKSPACE><c.BENCHMARK-TEST rdf:resource="#633a31374fe211dfb1b4001641761fb2"/></g2:a.PARENT-OF-SUBWORKSPACE></g2:c.KB-WORKSPACE>

<g2:c.PROCEDURE ID="633a313c4fe211dfb1b4001641761fb2">
  <g2:a.AUTHORS>
    <g2:Structure>
      <g2:sa.AUTHORS>
        <g2:Sequence>
          <rdf:li g2:type="Symbol">ADMINISTRATOR</rdf:li></g2:Sequence></g2:sa.AUTHORS>
      <g2:sa.TIMESTAMP>
        <g2:Structure>
          <g2:sa.YEAR g2:type="Integer">2016</g2:sa.YEAR>
          <g2:sa.MONTH g2:type="Integer">9</g2:sa.MONTH>
          <g2:sa.DATE g2:type="Integer">24</g2:sa.DATE>
          <g2:sa.HOURS g2:type="Integer">15</g2:sa.HOURS>
          <g2:sa.MINUTES g2:type="Integer">16</g2:sa.MINUTES></g2:Structure></g2:sa.TIMESTAMP></g2:Structure></g2:a.AUTHORS>
  <g2:a.UNINTERRUPTED-PROCEDURE-EXECUTION-LIMIT g2:type="Integer">600</g2:a.UNINTERRUPTED-PROCEDURE-EXECUTION-LIMIT>
  <g2:a.TEXT><![CDATA[
run-process-test(node: class benchmark-node )

    err: class error;
    x, y: class g2-window;

begin
    for x = each g2-window do
        if the g2-window-management-type of x exists and the g2-window-management-type of x = the symbol remote then
            y = x;
    end;
    begin
        start gnne-demo-test-execute-model (gnne-ensemble-test-data, gnne-test-ensemble-model);
        wait for 5 seconds;
    end on error(err)
        begin
            call fail(node, "failed");
            return;
        end;
    end;
    call pass(node);
end

]]></g2:a.TEXT>
  <g2:a.ICON-VARIABLES>
    <g2:Structure>
      <g2:sa.WIDTH g2:type="Integer">50</g2:sa.WIDTH>
      <g2:sa.HEIGHT g2:type="Integer">50</g2:sa.HEIGHT></g2:Structure></g2:a.ICON-VARIABLES>
  <g2:a.POSITION-IN-WORKSPACE>
    <g2:Structure>
      <g2:sa.X g2:type="Integer">19</g2:sa.X>
      <g2:sa.Y g2:type="Integer">33</g2:sa.Y>
      <g2:sa.SUPERIOR><g2:c.KB-WORKSPACE rdf:resource="#633a313b4fe211dfb1b4001641761fb2"/></g2:sa.SUPERIOR></g2:Structure></g2:a.POSITION-IN-WORKSPACE>
  <g2:a.SIZE-IN-WORKSPACE>
    <g2:Structure>
      <g2:sa.WIDTH g2:type="Integer">50</g2:sa.WIDTH>
      <g2:sa.HEIGHT g2:type="Integer">50</g2:sa.HEIGHT></g2:Structure></g2:a.SIZE-IN-WORKSPACE>
  <g2:a.NAME-BOX>
    <g2:Structure>
      <g2:sa.COLOR>
        <g2:Structure>
          <g2:sa.BACKGROUND-COLOR g2:type="Symbol">TRANSPARENT</g2:sa.BACKGROUND-COLOR>
          <g2:sa.TEXT-COLOR g2:type="Symbol">FOREGROUND</g2:sa.TEXT-COLOR></g2:Structure></g2:sa.COLOR>
      <g2:sa.POSITION>
        <g2:Structure>
          <g2:sa.X-OFFSET g2:type="Integer">-83</g2:sa.X-OFFSET>
          <g2:sa.Y-OFFSET g2:type="Integer">-29</g2:sa.Y-OFFSET></g2:Structure></g2:sa.POSITION></g2:Structure></g2:a.NAME-BOX></g2:c.PROCEDURE>

<c.BENCHMARK-TEST ID="633a313d4fe211dfb1b4001641761fb2">
  <g2:a.NAMES g2:type="Symbol">LOAD-MODEL</g2:a.NAMES>
  <ua.TEST-RESULT>
    <c.TEST-RESULT-PARAMETER ID="633a313f4fe211dfb1b4001641761fb2">
      <g2:a.OPTIONS>
        <g2:Structure>
          <g2:sa.FORWARD-CHAIN g2:type="TruthValue">true</g2:sa.FORWARD-CHAIN>
          <g2:sa.FORWARD-CHAIN-EVEN-FOR-SAME-VALUE g2:type="TruthValue">false</g2:sa.FORWARD-CHAIN-EVEN-FOR-SAME-VALUE></g2:Structure></g2:a.OPTIONS>
      <ua.TEST-INFO>
        <g2:c.TEXT-PARAMETER ID="633a31404fe211dfb1b4001641761fb2">
          <g2:a.OPTIONS>
            <g2:Structure>
              <g2:sa.FORWARD-CHAIN g2:type="TruthValue">false</g2:sa.FORWARD-CHAIN>
              <g2:sa.FORWARD-CHAIN-EVEN-FOR-SAME-VALUE g2:type="TruthValue">false</g2:sa.FORWARD-CHAIN-EVEN-FOR-SAME-VALUE></g2:Structure></g2:a.OPTIONS>
          <g2:a.ICON-VARIABLES>
            <g2:Structure>
              <g2:sa.WIDTH g2:type="Integer">50</g2:sa.WIDTH>
              <g2:sa.HEIGHT g2:type="Integer">50</g2:sa.HEIGHT></g2:Structure></g2:a.ICON-VARIABLES></g2:c.TEXT-PARAMETER></ua.TEST-INFO>
      <g2:a.ICON-VARIABLES>
        <g2:Structure>
          <g2:sa.WIDTH g2:type="Integer">50</g2:sa.WIDTH>
          <g2:sa.HEIGHT g2:type="Integer">50</g2:sa.HEIGHT></g2:Structure></g2:a.ICON-VARIABLES></c.TEST-RESULT-PARAMETER></ua.TEST-RESULT>
  <ua.TIMEOUT-LIMIT g2:type="Integer" g2:unit="SECONDS">10</ua.TIMEOUT-LIMIT>
  <ua.COUNTED g2:type="TruthValue" g2:unit="TRUTH-VALUE">false</ua.COUNTED>
  <g2:a.ICON-VARIABLES>
    <g2:Structure>
      <g2:sa.WIDTH g2:type="Integer">30</g2:sa.WIDTH>
      <g2:sa.HEIGHT g2:type="Integer">24</g2:sa.HEIGHT></g2:Structure></g2:a.ICON-VARIABLES>
  <g2:a.FOLLOWING-ITEM-IN-WORKSPACE-LAYERING><c.NEXT-BENCHMARK rdf:resource="#633a31534fe211dfb1b4001641761fb2"/></g2:a.FOLLOWING-ITEM-IN-WORKSPACE-LAYERING>
  <g2:a.POSITION-IN-WORKSPACE>
    <g2:Structure>
      <g2:sa.X g2:type="Integer">162</g2:sa.X>
      <g2:sa.Y g2:type="Integer">-42</g2:sa.Y>
      <g2:sa.SUPERIOR><g2:c.KB-WORKSPACE rdf:resource="#ebd36edb4fde11dfb1b4001641761fb2"/></g2:sa.SUPERIOR></g2:Structure></g2:a.POSITION-IN-WORKSPACE>
  <g2:a.SIZE-IN-WORKSPACE>
    <g2:Structure>
      <g2:sa.WIDTH g2:type="Integer">30</g2:sa.WIDTH>
      <g2:sa.HEIGHT g2:type="Integer">24</g2:sa.HEIGHT></g2:Structure></g2:a.SIZE-IN-WORKSPACE>
  <g2:a.NAME-BOX>
    <g2:Structure>
      <g2:sa.COLOR>
        <g2:Structure>
          <g2:sa.BACKGROUND-COLOR g2:type="Symbol">TRANSPARENT</g2:sa.BACKGROUND-COLOR>
          <g2:sa.TEXT-COLOR g2:type="Symbol">FOREGROUND</g2:sa.TEXT-COLOR></g2:Structure></g2:sa.COLOR>
      <g2:sa.POSITION>
        <g2:Structure>
          <g2:sa.X-OFFSET g2:type="Integer">19</g2:sa.X-OFFSET>
          <g2:sa.Y-OFFSET g2:type="Integer">16</g2:sa.Y-OFFSET></g2:Structure></g2:sa.POSITION></g2:Structure></g2:a.NAME-BOX></c.BENCHMARK-TEST>

<g2:c.KB-WORKSPACE ID="633a31414fe211dfb1b4001641761fb2">
  <g2:a.DEFAULT-WINDOW-POSITION-AND-SCALE>
    <g2:Structure>
      <g2:sa.X g2:type="Integer">718</g2:sa.X>
      <g2:sa.Y g2:type="Integer">403</g2:sa.Y></g2:Structure></g2:a.DEFAULT-WINDOW-POSITION-AND-SCALE>
  <g2:a.EDGES-OF-WORKSPACE>
    <g2:Structure>
      <g2:sa.LEFT g2:type="Integer">-350</g2:sa.LEFT>
      <g2:sa.TOP g2:type="Integer">250</g2:sa.TOP>
      <g2:sa.RIGHT g2:type="Integer">350</g2:sa.RIGHT>
      <g2:sa.BOTTOM g2:type="Integer">-250</g2:sa.BOTTOM></g2:Structure></g2:a.EDGES-OF-WORKSPACE>
  <g2:a.PARENT-OF-SUBWORKSPACE><c.BENCHMARK-TEST rdf:resource="#633a313d4fe211dfb1b4001641761fb2"/></g2:a.PARENT-OF-SUBWORKSPACE></g2:c.KB-WORKSPACE>

<g2:c.PROCEDURE ID="633a31424fe211dfb1b4001641761fb2">
  <g2:a.AUTHORS>
    <g2:Structure>
      <g2:sa.AUTHORS>
        <g2:Sequence>
          <rdf:li g2:type="Symbol">ADMINISTRATOR</rdf:li></g2:Sequence></g2:sa.AUTHORS>
      <g2:sa.TIMESTAMP>
        <g2:Structure>
          <g2:sa.YEAR g2:type="Integer">2016</g2:sa.YEAR>
          <g2:sa.MONTH g2:type="Integer">9</g2:sa.MONTH>
          <g2:sa.DATE g2:type="Integer">25</g2:sa.DATE>
          <g2:sa.HOURS g2:type="Integer">21</g2:sa.HOURS>
          <g2:sa.MINUTES g2:type="Integer">14</g2:sa.MINUTES></g2:Structure></g2:sa.TIMESTAMP></g2:Structure></g2:a.AUTHORS>
  <g2:a.TEXT><![CDATA[
load-model-test(node: class benchmark-node )

	err: class error;
	x,y: class g2-window;
	installation-dir, dir-sep, file-path: text;

begin
	
	installation-dir = call grtl-get-installation-directory();
	dir-sep = call grtl-get-file-system-delimiter();
	file-path = "[installation-dir][dir-sep]..[dir-sep]..[dir-sep]..[dir-sep]g2i[dir-sep]sites[dir-sep]Nol[dir-sep]data[dir-sep]Model1.wgt";

	for x = each g2-window do
		if the g2-window-management-type of x exists and the g2-window-management-type of x = the symbol remote then
			y = x;
	end;
	begin
		call gnne-test-read-ensemble-model(gnne-test-ensemble-model, file-path);
	end on error(err)
		begin
			call fail(node, "failed");
			return;
		end;
	end;
	
	call pass(node);

end

]]></g2:a.TEXT>
  <g2:a.ICON-VARIABLES>
    <g2:Structure>
      <g2:sa.WIDTH g2:type="Integer">50</g2:sa.WIDTH>
      <g2:sa.HEIGHT g2:type="Integer">50</g2:sa.HEIGHT></g2:Structure></g2:a.ICON-VARIABLES>
  <g2:a.POSITION-IN-WORKSPACE>
    <g2:Structure>
      <g2:sa.X g2:type="Integer">-91</g2:sa.X>
      <g2:sa.Y g2:type="Integer">44</g2:sa.Y>
      <g2:sa.SUPERIOR><g2:c.KB-WORKSPACE rdf:resource="#633a31414fe211dfb1b4001641761fb2"/></g2:sa.SUPERIOR></g2:Structure></g2:a.POSITION-IN-WORKSPACE>
  <g2:a.SIZE-IN-WORKSPACE>
    <g2:Structure>
      <g2:sa.WIDTH g2:type="Integer">50</g2:sa.WIDTH>
      <g2:sa.HEIGHT g2:type="Integer">50</g2:sa.HEIGHT></g2:Structure></g2:a.SIZE-IN-WORKSPACE>
  <g2:a.NAME-BOX>
    <g2:Structure>
      <g2:sa.COLOR>
        <g2:Structure>
          <g2:sa.BACKGROUND-COLOR g2:type="Symbol">TRANSPARENT</g2:sa.BACKGROUND-COLOR>
          <g2:sa.TEXT-COLOR g2:type="Symbol">FOREGROUND</g2:sa.TEXT-COLOR></g2:Structure></g2:sa.COLOR>
      <g2:sa.POSITION>
        <g2:Structure>
          <g2:sa.X-OFFSET g2:type="Integer">-81</g2:sa.X-OFFSET>
          <g2:sa.Y-OFFSET g2:type="Integer">-29</g2:sa.Y-OFFSET></g2:Structure></g2:sa.POSITION></g2:Structure></g2:a.NAME-BOX></g2:c.PROCEDURE>

<c.BENCHMARK-TEST ID="633a31434fe211dfb1b4001641761fb2">
  <g2:a.NAMES g2:type="Symbol">SHOW-CHART</g2:a.NAMES>
  <ua.TEST-RESULT>
    <c.TEST-RESULT-PARAMETER ID="633a31454fe211dfb1b4001641761fb2">
      <g2:a.OPTIONS>
        <g2:Structure>
          <g2:sa.FORWARD-CHAIN g2:type="TruthValue">true</g2:sa.FORWARD-CHAIN>
          <g2:sa.FORWARD-CHAIN-EVEN-FOR-SAME-VALUE g2:type="TruthValue">false</g2:sa.FORWARD-CHAIN-EVEN-FOR-SAME-VALUE></g2:Structure></g2:a.OPTIONS>
      <ua.TEST-INFO>
        <g2:c.TEXT-PARAMETER ID="633a31464fe211dfb1b4001641761fb2">
          <g2:a.OPTIONS>
            <g2:Structure>
              <g2:sa.FORWARD-CHAIN g2:type="TruthValue">false</g2:sa.FORWARD-CHAIN>
              <g2:sa.FORWARD-CHAIN-EVEN-FOR-SAME-VALUE g2:type="TruthValue">false</g2:sa.FORWARD-CHAIN-EVEN-FOR-SAME-VALUE></g2:Structure></g2:a.OPTIONS>
          <g2:a.ICON-VARIABLES>
            <g2:Structure>
              <g2:sa.WIDTH g2:type="Integer">50</g2:sa.WIDTH>
              <g2:sa.HEIGHT g2:type="Integer">50</g2:sa.HEIGHT></g2:Structure></g2:a.ICON-VARIABLES></g2:c.TEXT-PARAMETER></ua.TEST-INFO>
      <g2:a.ICON-VARIABLES>
        <g2:Structure>
          <g2:sa.WIDTH g2:type="Integer">50</g2:sa.WIDTH>
          <g2:sa.HEIGHT g2:type="Integer">50</g2:sa.HEIGHT></g2:Structure></g2:a.ICON-VARIABLES></c.TEST-RESULT-PARAMETER></ua.TEST-RESULT>
  <ua.TIMEOUT-LIMIT g2:type="Integer" g2:unit="SECONDS">10</ua.TIMEOUT-LIMIT>
  <ua.COUNTED g2:type="TruthValue" g2:unit="TRUTH-VALUE">false</ua.COUNTED>
  <g2:a.MANUALLY-DISABLED_qm g2:type="TruthValue">true</g2:a.MANUALLY-DISABLED_qm>
  <g2:a.ICON-VARIABLES>
    <g2:Structure>
      <g2:sa.WIDTH g2:type="Integer">30</g2:sa.WIDTH>
      <g2:sa.HEIGHT g2:type="Integer">24</g2:sa.HEIGHT></g2:Structure></g2:a.ICON-VARIABLES>
  <g2:a.FOLLOWING-ITEM-IN-WORKSPACE-LAYERING><c.NEXT-BENCHMARK rdf:resource="#f0b1f2a776aa11e69b45000c2973fc18"/></g2:a.FOLLOWING-ITEM-IN-WORKSPACE-LAYERING>
  <g2:a.POSITION-IN-WORKSPACE>
    <g2:Structure>
      <g2:sa.X g2:type="Integer">343</g2:sa.X>
      <g2:sa.Y g2:type="Integer">-487</g2:sa.Y>
      <g2:sa.SUPERIOR><g2:c.KB-WORKSPACE rdf:resource="#ebd36edb4fde11dfb1b4001641761fb2"/></g2:sa.SUPERIOR></g2:Structure></g2:a.POSITION-IN-WORKSPACE>
  <g2:a.SIZE-IN-WORKSPACE>
    <g2:Structure>
      <g2:sa.WIDTH g2:type="Integer">30</g2:sa.WIDTH>
      <g2:sa.HEIGHT g2:type="Integer">24</g2:sa.HEIGHT></g2:Structure></g2:a.SIZE-IN-WORKSPACE>
  <g2:a.NAME-BOX>
    <g2:Structure>
      <g2:sa.COLOR>
        <g2:Structure>
          <g2:sa.BACKGROUND-COLOR g2:type="Symbol">TRANSPARENT</g2:sa.BACKGROUND-COLOR>
          <g2:sa.TEXT-COLOR g2:type="Symbol">FOREGROUND</g2:sa.TEXT-COLOR></g2:Structure></g2:sa.COLOR>
      <g2:sa.POSITION>
        <g2:Structure>
          <g2:sa.X-OFFSET g2:type="Integer">19</g2:sa.X-OFFSET>
          <g2:sa.Y-OFFSET g2:type="Integer">16</g2:sa.Y-OFFSET></g2:Structure></g2:sa.POSITION></g2:Structure></g2:a.NAME-BOX></c.BENCHMARK-TEST>

<g2:c.KB-WORKSPACE ID="633a31474fe211dfb1b4001641761fb2">
  <g2:a.DEFAULT-WINDOW-POSITION-AND-SCALE>
    <g2:Structure>
      <g2:sa.X g2:type="Integer">627</g2:sa.X>
      <g2:sa.Y g2:type="Integer">330</g2:sa.Y></g2:Structure></g2:a.DEFAULT-WINDOW-POSITION-AND-SCALE>
  <g2:a.EDGES-OF-WORKSPACE>
    <g2:Structure>
      <g2:sa.LEFT g2:type="Integer">-350</g2:sa.LEFT>
      <g2:sa.TOP g2:type="Integer">250</g2:sa.TOP>
      <g2:sa.RIGHT g2:type="Integer">350</g2:sa.RIGHT>
      <g2:sa.BOTTOM g2:type="Integer">-250</g2:sa.BOTTOM></g2:Structure></g2:a.EDGES-OF-WORKSPACE>
  <g2:a.PARENT-OF-SUBWORKSPACE><c.BENCHMARK-TEST rdf:resource="#633a31434fe211dfb1b4001641761fb2"/></g2:a.PARENT-OF-SUBWORKSPACE></g2:c.KB-WORKSPACE>

<g2:c.PROCEDURE ID="633a31484fe211dfb1b4001641761fb2">
  <g2:a.AUTHORS>
    <g2:Structure>
      <g2:sa.AUTHORS>
        <g2:Sequence>
          <rdf:li g2:type="Symbol">ADMINISTRATOR</rdf:li></g2:Sequence></g2:sa.AUTHORS>
      <g2:sa.TIMESTAMP>
        <g2:Structure>
          <g2:sa.YEAR g2:type="Integer">2016</g2:sa.YEAR>
          <g2:sa.MONTH g2:type="Integer">9</g2:sa.MONTH>
          <g2:sa.DATE g2:type="Integer">9</g2:sa.DATE>
          <g2:sa.HOURS g2:type="Integer">22</g2:sa.HOURS>
          <g2:sa.MINUTES g2:type="Integer">1</g2:sa.MINUTES></g2:Structure></g2:sa.TIMESTAMP></g2:Structure></g2:a.AUTHORS>
  <g2:a.TEXT><![CDATA[
show-chart-test(node: class benchmark-node )

	err: class error;
	x,y: class g2-window;

begin
	for x = each g2-window do
		if the g2-window-management-type of x exists and the g2-window-management-type of x = the symbol remote  then
			y = x;
	end;
	begin
		call gnne-demo-show-ensemble-predict-actual-chart(y);
	end on error(err)
		begin
			call fail(node, "failed");
			return;
		end;
	end;
	call pass(node);
end

]]></g2:a.TEXT>
  <g2:a.ICON-VARIABLES>
    <g2:Structure>
      <g2:sa.WIDTH g2:type="Integer">50</g2:sa.WIDTH>
      <g2:sa.HEIGHT g2:type="Integer">50</g2:sa.HEIGHT></g2:Structure></g2:a.ICON-VARIABLES>
  <g2:a.POSITION-IN-WORKSPACE>
    <g2:Structure>
      <g2:sa.X g2:type="Integer">0</g2:sa.X>
      <g2:sa.Y g2:type="Integer">74</g2:sa.Y>
      <g2:sa.SUPERIOR><g2:c.KB-WORKSPACE rdf:resource="#633a31474fe211dfb1b4001641761fb2"/></g2:sa.SUPERIOR></g2:Structure></g2:a.POSITION-IN-WORKSPACE>
  <g2:a.SIZE-IN-WORKSPACE>
    <g2:Structure>
      <g2:sa.WIDTH g2:type="Integer">50</g2:sa.WIDTH>
      <g2:sa.HEIGHT g2:type="Integer">50</g2:sa.HEIGHT></g2:Structure></g2:a.SIZE-IN-WORKSPACE>
  <g2:a.NAME-BOX>
    <g2:Structure>
      <g2:sa.COLOR>
        <g2:Structure>
          <g2:sa.BACKGROUND-COLOR g2:type="Symbol">TRANSPARENT</g2:sa.BACKGROUND-COLOR>
          <g2:sa.TEXT-COLOR g2:type="Symbol">FOREGROUND</g2:sa.TEXT-COLOR></g2:Structure></g2:sa.COLOR>
      <g2:sa.POSITION>
        <g2:Structure>
          <g2:sa.X-OFFSET g2:type="Integer">-82</g2:sa.X-OFFSET>
          <g2:sa.Y-OFFSET g2:type="Integer">-29</g2:sa.Y-OFFSET></g2:Structure></g2:sa.POSITION></g2:Structure></g2:a.NAME-BOX></g2:c.PROCEDURE>

<c.NEXT-BENCHMARK ID="633a314c4fe211dfb1b4001641761fb2">
  <g2:a.CONNECTION-VERTICES>
    <g2:Sequence>
      <rdf:li g2:type="Integer">-12</rdf:li>
      <rdf:li g2:type="Integer">0</rdf:li></g2:Sequence></g2:a.CONNECTION-VERTICES>
  <g2:a.CONNECTION-STYLE g2:type="Symbol">ORTHOGONAL</g2:a.CONNECTION-STYLE>
  <g2:a.CONNECTION-OUTPUT>
    <g2:Structure>
      <g2:sa.ITEM><c.BENCHMARK-TEST rdf:resource="#633a31164fe211dfb1b4001641761fb2"/></g2:sa.ITEM>
      <g2:sa.SIDE g2:type="Symbol">TOP</g2:sa.SIDE>
      <g2:sa.POSITION g2:type="Integer">15</g2:sa.POSITION></g2:Structure></g2:a.CONNECTION-OUTPUT>
  <g2:a.CONNECTION-INPUT>
    <g2:Structure>
      <g2:sa.ITEM><c.BENCHMARK-TEST rdf:resource="#633a311c4fe211dfb1b4001641761fb2"/></g2:sa.ITEM>
      <g2:sa.SIDE g2:type="Symbol">BOTTOM</g2:sa.SIDE>
      <g2:sa.POSITION g2:type="Integer">15</g2:sa.POSITION>
      <g2:sa.PORT-NAME g2:type="Symbol">NEXT-TEST-PORT</g2:sa.PORT-NAME></g2:Structure></g2:a.CONNECTION-INPUT>
  <g2:a.FOLLOWING-ITEM-IN-WORKSPACE-LAYERING><c.BENCHMARK-TEST rdf:resource="#633a31224fe211dfb1b4001641761fb2"/></g2:a.FOLLOWING-ITEM-IN-WORKSPACE-LAYERING>
  <g2:a.ITEM-COLOR-PATTERN>
    <g2:Structure>
      <g2:sa.OUTLINE g2:type="Symbol">RED</g2:sa.OUTLINE>
      <g2:sa.INSIDE g2:type="Symbol">TURQUOISE</g2:sa.INSIDE></g2:Structure></g2:a.ITEM-COLOR-PATTERN></c.NEXT-BENCHMARK>

<c.NEXT-BENCHMARK ID="633a314e4fe211dfb1b4001641761fb2">
  <g2:a.CONNECTION-VERTICES>
    <g2:Sequence>
      <rdf:li g2:type="Integer">-5</rdf:li>
      <rdf:li g2:type="Integer">0</rdf:li></g2:Sequence></g2:a.CONNECTION-VERTICES>
  <g2:a.CONNECTION-STYLE g2:type="Symbol">ORTHOGONAL</g2:a.CONNECTION-STYLE>
  <g2:a.CONNECTION-OUTPUT>
    <g2:Structure>
      <g2:sa.ITEM><c.BENCHMARK-TEST rdf:resource="#633a31224fe211dfb1b4001641761fb2"/></g2:sa.ITEM>
      <g2:sa.SIDE g2:type="Symbol">TOP</g2:sa.SIDE>
      <g2:sa.POSITION g2:type="Integer">15</g2:sa.POSITION></g2:Structure></g2:a.CONNECTION-OUTPUT>
  <g2:a.CONNECTION-INPUT>
    <g2:Structure>
      <g2:sa.ITEM><c.BENCHMARK-TEST rdf:resource="#633a31164fe211dfb1b4001641761fb2"/></g2:sa.ITEM>
      <g2:sa.SIDE g2:type="Symbol">BOTTOM</g2:sa.SIDE>
      <g2:sa.POSITION g2:type="Integer">15</g2:sa.POSITION>
      <g2:sa.PORT-NAME g2:type="Symbol">NEXT-TEST-PORT</g2:sa.PORT-NAME></g2:Structure></g2:a.CONNECTION-INPUT>
  <g2:a.FOLLOWING-ITEM-IN-WORKSPACE-LAYERING><c.BENCHMARK-TEST rdf:resource="#633a311c4fe211dfb1b4001641761fb2"/></g2:a.FOLLOWING-ITEM-IN-WORKSPACE-LAYERING>
  <g2:a.ITEM-COLOR-PATTERN>
    <g2:Structure>
      <g2:sa.OUTLINE g2:type="Symbol">RED</g2:sa.OUTLINE>
      <g2:sa.INSIDE g2:type="Symbol">TURQUOISE</g2:sa.INSIDE></g2:Structure></g2:a.ITEM-COLOR-PATTERN></c.NEXT-BENCHMARK>

<c.NEXT-BENCHMARK ID="633a314f4fe211dfb1b4001641761fb2">
  <g2:a.CONNECTION-VERTICES>
    <g2:Sequence>
      <rdf:li g2:type="Integer">4</rdf:li></g2:Sequence></g2:a.CONNECTION-VERTICES>
  <g2:a.CONNECTION-STYLE g2:type="Symbol">ORTHOGONAL</g2:a.CONNECTION-STYLE>
  <g2:a.CONNECTION-OUTPUT>
    <g2:Structure>
      <g2:sa.ITEM><g2:c.LOOSE-END rdf:resource="#633a31284fe211dfb1b4001641761fb2"/></g2:sa.ITEM>
      <g2:sa.SIDE g2:type="Symbol">BOTTOM</g2:sa.SIDE>
      <g2:sa.POSITION g2:type="Integer">0</g2:sa.POSITION>
      <g2:sa.PORT-NAME g2:type="Symbol">STUB-CONNECTION</g2:sa.PORT-NAME></g2:Structure></g2:a.CONNECTION-OUTPUT>
  <g2:a.CONNECTION-INPUT>
    <g2:Structure>
      <g2:sa.ITEM><c.BENCHMARK-TEST rdf:resource="#b34000e84fdf11dfb1b4001641761fb2"/></g2:sa.ITEM>
      <g2:sa.SIDE g2:type="Symbol">TOP</g2:sa.SIDE>
      <g2:sa.POSITION g2:type="Integer">15</g2:sa.POSITION></g2:Structure></g2:a.CONNECTION-INPUT>
  <g2:a.FOLLOWING-ITEM-IN-WORKSPACE-LAYERING><c.NEXT-BENCHMARK rdf:resource="#b34000ef4fdf11dfb1b4001641761fb2"/></g2:a.FOLLOWING-ITEM-IN-WORKSPACE-LAYERING>
  <g2:a.ITEM-COLOR-PATTERN>
    <g2:Structure>
      <g2:sa.OUTLINE g2:type="Symbol">RED</g2:sa.OUTLINE>
      <g2:sa.INSIDE g2:type="Symbol">TURQUOISE</g2:sa.INSIDE></g2:Structure></g2:a.ITEM-COLOR-PATTERN></c.NEXT-BENCHMARK>

<c.NEXT-BENCHMARK ID="633a31514fe211dfb1b4001641761fb2">
  <g2:a.CONNECTION-VERTICES>
    <g2:Sequence>
      <rdf:li g2:type="Integer">4</rdf:li></g2:Sequence></g2:a.CONNECTION-VERTICES>
  <g2:a.CONNECTION-STYLE g2:type="Symbol">ORTHOGONAL</g2:a.CONNECTION-STYLE>
  <g2:a.CONNECTION-OUTPUT>
    <g2:Structure>
      <g2:sa.ITEM><g2:c.LOOSE-END rdf:resource="#633a31304fe211dfb1b4001641761fb2"/></g2:sa.ITEM>
      <g2:sa.SIDE g2:type="Symbol">BOTTOM</g2:sa.SIDE>
      <g2:sa.POSITION g2:type="Integer">0</g2:sa.POSITION>
      <g2:sa.PORT-NAME g2:type="Symbol">STUB-CONNECTION</g2:sa.PORT-NAME></g2:Structure></g2:a.CONNECTION-OUTPUT>
  <g2:a.CONNECTION-INPUT>
    <g2:Structure>
      <g2:sa.ITEM><c.BENCHMARK-TEST rdf:resource="#633a312a4fe211dfb1b4001641761fb2"/></g2:sa.ITEM>
      <g2:sa.SIDE g2:type="Symbol">TOP</g2:sa.SIDE>
      <g2:sa.POSITION g2:type="Integer">15</g2:sa.POSITION></g2:Structure></g2:a.CONNECTION-INPUT>
  <g2:a.FOLLOWING-ITEM-IN-WORKSPACE-LAYERING><g2:c.LOOSE-END rdf:resource="#633a31304fe211dfb1b4001641761fb2"/></g2:a.FOLLOWING-ITEM-IN-WORKSPACE-LAYERING>
  <g2:a.ITEM-COLOR-PATTERN>
    <g2:Structure>
      <g2:sa.OUTLINE g2:type="Symbol">RED</g2:sa.OUTLINE>
      <g2:sa.INSIDE g2:type="Symbol">TURQUOISE</g2:sa.INSIDE></g2:Structure></g2:a.ITEM-COLOR-PATTERN></c.NEXT-BENCHMARK>

<c.NEXT-BENCHMARK ID="633a31524fe211dfb1b4001641761fb2">
  <g2:a.CONNECTION-VERTICES g2:type="Sequence"></g2:a.CONNECTION-VERTICES>
  <g2:a.CONNECTION-STYLE g2:type="Symbol">ORTHOGONAL</g2:a.CONNECTION-STYLE>
  <g2:a.CONNECTION-OUTPUT>
    <g2:Structure>
      <g2:sa.ITEM><c.BENCHMARK-TEST rdf:resource="#633a31314fe211dfb1b4001641761fb2"/></g2:sa.ITEM>
      <g2:sa.SIDE g2:type="Symbol">TOP</g2:sa.SIDE>
      <g2:sa.POSITION g2:type="Integer">15</g2:sa.POSITION></g2:Structure></g2:a.CONNECTION-OUTPUT>
  <g2:a.CONNECTION-INPUT>
    <g2:Structure>
      <g2:sa.ITEM><c.BENCHMARK-TEST rdf:resource="#633a31374fe211dfb1b4001641761fb2"/></g2:sa.ITEM>
      <g2:sa.SIDE g2:type="Symbol">BOTTOM</g2:sa.SIDE>
      <g2:sa.POSITION g2:type="Integer">15</g2:sa.POSITION>
      <g2:sa.PORT-NAME g2:type="Symbol">NEXT-TEST-PORT</g2:sa.PORT-NAME></g2:Structure></g2:a.CONNECTION-INPUT>
  <g2:a.FOLLOWING-ITEM-IN-WORKSPACE-LAYERING><c.BENCHMARK-TEST rdf:resource="#633a313d4fe211dfb1b4001641761fb2"/></g2:a.FOLLOWING-ITEM-IN-WORKSPACE-LAYERING>
  <g2:a.ITEM-COLOR-PATTERN>
    <g2:Structure>
      <g2:sa.OUTLINE g2:type="Symbol">RED</g2:sa.OUTLINE>
      <g2:sa.INSIDE g2:type="Symbol">TURQUOISE</g2:sa.INSIDE></g2:Structure></g2:a.ITEM-COLOR-PATTERN></c.NEXT-BENCHMARK>

<c.NEXT-BENCHMARK ID="633a31534fe211dfb1b4001641761fb2">
  <g2:a.CONNECTION-VERTICES g2:type="Sequence"></g2:a.CONNECTION-VERTICES>
  <g2:a.CONNECTION-STYLE g2:type="Symbol">ORTHOGONAL</g2:a.CONNECTION-STYLE>
  <g2:a.CONNECTION-OUTPUT>
    <g2:Structure>
      <g2:sa.ITEM><c.BENCHMARK-TEST rdf:resource="#633a31374fe211dfb1b4001641761fb2"/></g2:sa.ITEM>
      <g2:sa.SIDE g2:type="Symbol">TOP</g2:sa.SIDE>
      <g2:sa.POSITION g2:type="Integer">15</g2:sa.POSITION></g2:Structure></g2:a.CONNECTION-OUTPUT>
  <g2:a.CONNECTION-INPUT>
    <g2:Structure>
      <g2:sa.ITEM><c.BENCHMARK-TEST rdf:resource="#633a313d4fe211dfb1b4001641761fb2"/></g2:sa.ITEM>
      <g2:sa.SIDE g2:type="Symbol">BOTTOM</g2:sa.SIDE>
      <g2:sa.POSITION g2:type="Integer">15</g2:sa.POSITION>
      <g2:sa.PORT-NAME g2:type="Symbol">NEXT-TEST-PORT</g2:sa.PORT-NAME></g2:Structure></g2:a.CONNECTION-INPUT>
  <g2:a.FOLLOWING-ITEM-IN-WORKSPACE-LAYERING><c.BENCHMARK-TEST rdf:resource="#633a31434fe211dfb1b4001641761fb2"/></g2:a.FOLLOWING-ITEM-IN-WORKSPACE-LAYERING>
  <g2:a.ITEM-COLOR-PATTERN>
    <g2:Structure>
      <g2:sa.OUTLINE g2:type="Symbol">RED</g2:sa.OUTLINE>
      <g2:sa.INSIDE g2:type="Symbol">TURQUOISE</g2:sa.INSIDE></g2:Structure></g2:a.ITEM-COLOR-PATTERN></c.NEXT-BENCHMARK>

<c.NEXT-BENCHMARK ID="633a31544fe211dfb1b4001641761fb2">
  <g2:a.CONNECTION-VERTICES>
    <g2:Sequence>
      <rdf:li g2:type="Integer">-5</rdf:li>
      <rdf:li g2:type="Integer">0</rdf:li></g2:Sequence></g2:a.CONNECTION-VERTICES>
  <g2:a.CONNECTION-STYLE g2:type="Symbol">ORTHOGONAL</g2:a.CONNECTION-STYLE>
  <g2:a.CONNECTION-OUTPUT>
    <g2:Structure>
      <g2:sa.ITEM><c.BENCHMARK-TEST rdf:resource="#633a313d4fe211dfb1b4001641761fb2"/></g2:sa.ITEM>
      <g2:sa.SIDE g2:type="Symbol">TOP</g2:sa.SIDE>
      <g2:sa.POSITION g2:type="Integer">15</g2:sa.POSITION></g2:Structure></g2:a.CONNECTION-OUTPUT>
  <g2:a.CONNECTION-INPUT>
    <g2:Structure>
      <g2:sa.ITEM><c.BENCHMARK-TEST rdf:resource="#633a312a4fe211dfb1b4001641761fb2"/></g2:sa.ITEM>
      <g2:sa.SIDE g2:type="Symbol">BOTTOM</g2:sa.SIDE>
      <g2:sa.POSITION g2:type="Integer">15</g2:sa.POSITION>
      <g2:sa.PORT-NAME g2:type="Symbol">NEXT-TEST-PORT</g2:sa.PORT-NAME></g2:Structure></g2:a.CONNECTION-INPUT>
  <g2:a.FOLLOWING-ITEM-IN-WORKSPACE-LAYERING><c.NEXT-BENCHMARK rdf:resource="#633a31514fe211dfb1b4001641761fb2"/></g2:a.FOLLOWING-ITEM-IN-WORKSPACE-LAYERING>
  <g2:a.ITEM-COLOR-PATTERN>
    <g2:Structure>
      <g2:sa.OUTLINE g2:type="Symbol">RED</g2:sa.OUTLINE>
      <g2:sa.INSIDE g2:type="Symbol">TURQUOISE</g2:sa.INSIDE></g2:Structure></g2:a.ITEM-COLOR-PATTERN></c.NEXT-BENCHMARK>

<c.BENCHMARK-TEST ID="f5b78c884fe311dfb1b4001641761fb2">
  <g2:a.NAMES g2:type="Symbol">RUN</g2:a.NAMES>
  <ua.TEST-RESULT>
    <c.TEST-RESULT-PARAMETER ID="f5b78c8a4fe311dfb1b4001641761fb2">
      <g2:a.OPTIONS>
        <g2:Structure>
          <g2:sa.FORWARD-CHAIN g2:type="TruthValue">true</g2:sa.FORWARD-CHAIN>
          <g2:sa.FORWARD-CHAIN-EVEN-FOR-SAME-VALUE g2:type="TruthValue">false</g2:sa.FORWARD-CHAIN-EVEN-FOR-SAME-VALUE></g2:Structure></g2:a.OPTIONS>
      <ua.TEST-INFO>
        <g2:c.TEXT-PARAMETER ID="f5b78c8b4fe311dfb1b4001641761fb2">
          <g2:a.OPTIONS>
            <g2:Structure>
              <g2:sa.FORWARD-CHAIN g2:type="TruthValue">false</g2:sa.FORWARD-CHAIN>
              <g2:sa.FORWARD-CHAIN-EVEN-FOR-SAME-VALUE g2:type="TruthValue">false</g2:sa.FORWARD-CHAIN-EVEN-FOR-SAME-VALUE></g2:Structure></g2:a.OPTIONS>
          <g2:a.ICON-VARIABLES>
            <g2:Structure>
              <g2:sa.WIDTH g2:type="Integer">50</g2:sa.WIDTH>
              <g2:sa.HEIGHT g2:type="Integer">50</g2:sa.HEIGHT></g2:Structure></g2:a.ICON-VARIABLES></g2:c.TEXT-PARAMETER></ua.TEST-INFO>
      <g2:a.ICON-VARIABLES>
        <g2:Structure>
          <g2:sa.WIDTH g2:type="Integer">50</g2:sa.WIDTH>
          <g2:sa.HEIGHT g2:type="Integer">50</g2:sa.HEIGHT></g2:Structure></g2:a.ICON-VARIABLES></c.TEST-RESULT-PARAMETER></ua.TEST-RESULT>
  <ua.TIMEOUT-LIMIT g2:type="Integer" g2:unit="SECONDS">10</ua.TIMEOUT-LIMIT>
  <ua.COUNTED g2:type="TruthValue" g2:unit="TRUTH-VALUE">false</ua.COUNTED>
  <g2:a.ICON-VARIABLES>
    <g2:Structure>
      <g2:sa.WIDTH g2:type="Integer">30</g2:sa.WIDTH>
      <g2:sa.HEIGHT g2:type="Integer">24</g2:sa.HEIGHT></g2:Structure></g2:a.ICON-VARIABLES>
  <g2:a.FOLLOWING-ITEM-IN-WORKSPACE-LAYERING><c.NEXT-BENCHMARK rdf:resource="#f0b1f2ac76aa11e69b45000c2973fc18"/></g2:a.FOLLOWING-ITEM-IN-WORKSPACE-LAYERING>
  <g2:a.POSITION-IN-WORKSPACE>
    <g2:Structure>
      <g2:sa.X g2:type="Integer">587</g2:sa.X>
      <g2:sa.Y g2:type="Integer">82</g2:sa.Y>
      <g2:sa.SUPERIOR><g2:c.KB-WORKSPACE rdf:resource="#ebd36edb4fde11dfb1b4001641761fb2"/></g2:sa.SUPERIOR></g2:Structure></g2:a.POSITION-IN-WORKSPACE>
  <g2:a.SIZE-IN-WORKSPACE>
    <g2:Structure>
      <g2:sa.WIDTH g2:type="Float">26.953125</g2:sa.WIDTH>
      <g2:sa.HEIGHT g2:type="Float">25.03125</g2:sa.HEIGHT></g2:Structure></g2:a.SIZE-IN-WORKSPACE>
  <g2:a.NAME-BOX>
    <g2:Structure>
      <g2:sa.COLOR>
        <g2:Structure>
          <g2:sa.BACKGROUND-COLOR g2:type="Symbol">TRANSPARENT</g2:sa.BACKGROUND-COLOR>
          <g2:sa.TEXT-COLOR g2:type="Symbol">FOREGROUND</g2:sa.TEXT-COLOR></g2:Structure></g2:sa.COLOR>
      <g2:sa.POSITION>
        <g2:Structure>
          <g2:sa.X-OFFSET g2:type="Integer">21</g2:sa.X-OFFSET>
          <g2:sa.Y-OFFSET g2:type="Integer">16</g2:sa.Y-OFFSET></g2:Structure></g2:sa.POSITION></g2:Structure></g2:a.NAME-BOX></c.BENCHMARK-TEST>

<g2:c.KB-WORKSPACE ID="f5b78c8c4fe311dfb1b4001641761fb2">
  <g2:a.DEFAULT-WINDOW-POSITION-AND-SCALE>
    <g2:Structure>
      <g2:sa.X g2:type="Integer">627</g2:sa.X>
      <g2:sa.Y g2:type="Integer">330</g2:sa.Y></g2:Structure></g2:a.DEFAULT-WINDOW-POSITION-AND-SCALE>
  <g2:a.EDGES-OF-WORKSPACE>
    <g2:Structure>
      <g2:sa.LEFT g2:type="Integer">-350</g2:sa.LEFT>
      <g2:sa.TOP g2:type="Integer">250</g2:sa.TOP>
      <g2:sa.RIGHT g2:type="Integer">350</g2:sa.RIGHT>
      <g2:sa.BOTTOM g2:type="Integer">-250</g2:sa.BOTTOM></g2:Structure></g2:a.EDGES-OF-WORKSPACE>
  <g2:a.PARENT-OF-SUBWORKSPACE><c.BENCHMARK-TEST rdf:resource="#f5b78c884fe311dfb1b4001641761fb2"/></g2:a.PARENT-OF-SUBWORKSPACE></g2:c.KB-WORKSPACE>

<g2:c.PROCEDURE ID="f5b78c8d4fe311dfb1b4001641761fb2">
  <g2:a.AUTHORS>
    <g2:Structure>
      <g2:sa.AUTHORS>
        <g2:Sequence>
          <rdf:li g2:type="Symbol">ADMINISTRATOR</rdf:li></g2:Sequence></g2:sa.AUTHORS>
      <g2:sa.TIMESTAMP>
        <g2:Structure>
          <g2:sa.YEAR g2:type="Integer">2016</g2:sa.YEAR>
          <g2:sa.MONTH g2:type="Integer">9</g2:sa.MONTH>
          <g2:sa.DATE g2:type="Integer">24</g2:sa.DATE>
          <g2:sa.HOURS g2:type="Integer">15</g2:sa.HOURS>
          <g2:sa.MINUTES g2:type="Integer">17</g2:sa.MINUTES></g2:Structure></g2:sa.TIMESTAMP></g2:Structure></g2:a.AUTHORS>
  <g2:a.UNINTERRUPTED-PROCEDURE-EXECUTION-LIMIT g2:type="Integer">600</g2:a.UNINTERRUPTED-PROCEDURE-EXECUTION-LIMIT>
  <g2:a.TEXT><![CDATA[
run-test(node: class benchmark-node )
    err: class error;
begin
    begin
        start aan-process(100);
        wait for 5 seconds;
    end on error(err)
        begin
            call fail(node, "failed");
            return;
        end;
    end;
    call pass(node);
end

]]></g2:a.TEXT>
  <g2:a.ICON-VARIABLES>
    <g2:Structure>
      <g2:sa.WIDTH g2:type="Integer">50</g2:sa.WIDTH>
      <g2:sa.HEIGHT g2:type="Integer">50</g2:sa.HEIGHT></g2:Structure></g2:a.ICON-VARIABLES>
  <g2:a.POSITION-IN-WORKSPACE>
    <g2:Structure>
      <g2:sa.X g2:type="Integer">-22</g2:sa.X>
      <g2:sa.Y g2:type="Integer">59</g2:sa.Y>
      <g2:sa.SUPERIOR><g2:c.KB-WORKSPACE rdf:resource="#f5b78c8c4fe311dfb1b4001641761fb2"/></g2:sa.SUPERIOR></g2:Structure></g2:a.POSITION-IN-WORKSPACE>
  <g2:a.SIZE-IN-WORKSPACE>
    <g2:Structure>
      <g2:sa.WIDTH g2:type="Integer">50</g2:sa.WIDTH>
      <g2:sa.HEIGHT g2:type="Integer">50</g2:sa.HEIGHT></g2:Structure></g2:a.SIZE-IN-WORKSPACE>
  <g2:a.NAME-BOX>
    <g2:Structure>
      <g2:sa.COLOR>
        <g2:Structure>
          <g2:sa.BACKGROUND-COLOR g2:type="Symbol">TRANSPARENT</g2:sa.BACKGROUND-COLOR>
          <g2:sa.TEXT-COLOR g2:type="Symbol">FOREGROUND</g2:sa.TEXT-COLOR></g2:Structure></g2:sa.COLOR>
      <g2:sa.POSITION>
        <g2:Structure>
          <g2:sa.X-OFFSET g2:type="Integer">-47</g2:sa.X-OFFSET>
          <g2:sa.Y-OFFSET g2:type="Integer">-29</g2:sa.Y-OFFSET></g2:Structure></g2:sa.POSITION></g2:Structure></g2:a.NAME-BOX></g2:c.PROCEDURE>

<g2:c.LOOSE-END ID="f5b78c8f4fe311dfb1b4001641761fb2">
  <g2:a.FOLLOWING-ITEM-IN-WORKSPACE-LAYERING><c.BENCHMARK-TEST rdf:resource="#f5b78c904fe311dfb1b4001641761fb2"/></g2:a.FOLLOWING-ITEM-IN-WORKSPACE-LAYERING>
  <g2:a.POSITION-IN-WORKSPACE>
    <g2:Structure>
      <g2:sa.X g2:type="Integer">588</g2:sa.X>
      <g2:sa.Y g2:type="Integer">99</g2:sa.Y>
      <g2:sa.SUPERIOR><g2:c.KB-WORKSPACE rdf:resource="#ebd36edb4fde11dfb1b4001641761fb2"/></g2:sa.SUPERIOR></g2:Structure></g2:a.POSITION-IN-WORKSPACE></g2:c.LOOSE-END>

<c.BENCHMARK-TEST ID="f5b78c904fe311dfb1b4001641761fb2">
  <g2:a.NAMES g2:type="Symbol">SENSOR-RESIDUAL</g2:a.NAMES>
  <ua.TEST-RESULT>
    <c.TEST-RESULT-PARAMETER ID="f5b78c924fe311dfb1b4001641761fb2">
      <g2:a.OPTIONS>
        <g2:Structure>
          <g2:sa.FORWARD-CHAIN g2:type="TruthValue">true</g2:sa.FORWARD-CHAIN>
          <g2:sa.FORWARD-CHAIN-EVEN-FOR-SAME-VALUE g2:type="TruthValue">false</g2:sa.FORWARD-CHAIN-EVEN-FOR-SAME-VALUE></g2:Structure></g2:a.OPTIONS>
      <ua.TEST-INFO>
        <g2:c.TEXT-PARAMETER ID="f5b78c934fe311dfb1b4001641761fb2">
          <g2:a.OPTIONS>
            <g2:Structure>
              <g2:sa.FORWARD-CHAIN g2:type="TruthValue">false</g2:sa.FORWARD-CHAIN>
              <g2:sa.FORWARD-CHAIN-EVEN-FOR-SAME-VALUE g2:type="TruthValue">false</g2:sa.FORWARD-CHAIN-EVEN-FOR-SAME-VALUE></g2:Structure></g2:a.OPTIONS>
          <g2:a.ICON-VARIABLES>
            <g2:Structure>
              <g2:sa.WIDTH g2:type="Integer">50</g2:sa.WIDTH>
              <g2:sa.HEIGHT g2:type="Integer">50</g2:sa.HEIGHT></g2:Structure></g2:a.ICON-VARIABLES></g2:c.TEXT-PARAMETER></ua.TEST-INFO>
      <g2:a.ICON-VARIABLES>
        <g2:Structure>
          <g2:sa.WIDTH g2:type="Integer">50</g2:sa.WIDTH>
          <g2:sa.HEIGHT g2:type="Integer">50</g2:sa.HEIGHT></g2:Structure></g2:a.ICON-VARIABLES></c.TEST-RESULT-PARAMETER></ua.TEST-RESULT>
  <ua.TIMEOUT-LIMIT g2:type="Integer" g2:unit="SECONDS">10</ua.TIMEOUT-LIMIT>
  <ua.COUNTED g2:type="TruthValue" g2:unit="TRUTH-VALUE">false</ua.COUNTED>
  <g2:a.MANUALLY-DISABLED_qm g2:type="TruthValue">true</g2:a.MANUALLY-DISABLED_qm>
  <g2:a.ICON-VARIABLES>
    <g2:Structure>
      <g2:sa.WIDTH g2:type="Integer">30</g2:sa.WIDTH>
      <g2:sa.HEIGHT g2:type="Integer">24</g2:sa.HEIGHT></g2:Structure></g2:a.ICON-VARIABLES>
  <g2:a.FOLLOWING-ITEM-IN-WORKSPACE-LAYERING><c.NEXT-BENCHMARK rdf:resource="#f5b78cad4fe311dfb1b4001641761fb2"/></g2:a.FOLLOWING-ITEM-IN-WORKSPACE-LAYERING>
  <g2:a.POSITION-IN-WORKSPACE>
    <g2:Structure>
      <g2:sa.X g2:type="Integer">341</g2:sa.X>
      <g2:sa.Y g2:type="Integer">-627</g2:sa.Y>
      <g2:sa.SUPERIOR><g2:c.KB-WORKSPACE rdf:resource="#ebd36edb4fde11dfb1b4001641761fb2"/></g2:sa.SUPERIOR></g2:Structure></g2:a.POSITION-IN-WORKSPACE>
  <g2:a.SIZE-IN-WORKSPACE>
    <g2:Structure>
      <g2:sa.WIDTH g2:type="Float">26.953125</g2:sa.WIDTH>
      <g2:sa.HEIGHT g2:type="Float">25.03125</g2:sa.HEIGHT></g2:Structure></g2:a.SIZE-IN-WORKSPACE>
  <g2:a.NAME-BOX>
    <g2:Structure>
      <g2:sa.COLOR>
        <g2:Structure>
          <g2:sa.BACKGROUND-COLOR g2:type="Symbol">TRANSPARENT</g2:sa.BACKGROUND-COLOR>
          <g2:sa.TEXT-COLOR g2:type="Symbol">FOREGROUND</g2:sa.TEXT-COLOR></g2:Structure></g2:sa.COLOR>
      <g2:sa.POSITION>
        <g2:Structure>
          <g2:sa.X-OFFSET g2:type="Integer">11</g2:sa.X-OFFSET>
          <g2:sa.Y-OFFSET g2:type="Integer">16</g2:sa.Y-OFFSET></g2:Structure></g2:sa.POSITION></g2:Structure></g2:a.NAME-BOX></c.BENCHMARK-TEST>

<g2:c.KB-WORKSPACE ID="f5b78c944fe311dfb1b4001641761fb2">
  <g2:a.DEFAULT-WINDOW-POSITION-AND-SCALE>
    <g2:Structure>
      <g2:sa.X g2:type="Integer">627</g2:sa.X>
      <g2:sa.Y g2:type="Integer">342</g2:sa.Y></g2:Structure></g2:a.DEFAULT-WINDOW-POSITION-AND-SCALE>
  <g2:a.EDGES-OF-WORKSPACE>
    <g2:Structure>
      <g2:sa.LEFT g2:type="Integer">-350</g2:sa.LEFT>
      <g2:sa.TOP g2:type="Integer">250</g2:sa.TOP>
      <g2:sa.RIGHT g2:type="Integer">350</g2:sa.RIGHT>
      <g2:sa.BOTTOM g2:type="Integer">-250</g2:sa.BOTTOM></g2:Structure></g2:a.EDGES-OF-WORKSPACE>
  <g2:a.PARENT-OF-SUBWORKSPACE><c.BENCHMARK-TEST rdf:resource="#f5b78c904fe311dfb1b4001641761fb2"/></g2:a.PARENT-OF-SUBWORKSPACE></g2:c.KB-WORKSPACE>

<g2:c.PROCEDURE ID="f5b78c954fe311dfb1b4001641761fb2">
  <g2:a.AUTHORS>
    <g2:Structure>
      <g2:sa.AUTHORS>
        <g2:Sequence>
          <rdf:li g2:type="Symbol">ADMINISTRATOR</rdf:li></g2:Sequence></g2:sa.AUTHORS>
      <g2:sa.TIMESTAMP>
        <g2:Structure>
          <g2:sa.YEAR g2:type="Integer">2016</g2:sa.YEAR>
          <g2:sa.MONTH g2:type="Integer">9</g2:sa.MONTH>
          <g2:sa.DATE g2:type="Integer">9</g2:sa.DATE>
          <g2:sa.HOURS g2:type="Integer">22</g2:sa.HOURS>
          <g2:sa.MINUTES g2:type="Integer">14</g2:sa.MINUTES></g2:Structure></g2:sa.TIMESTAMP></g2:Structure></g2:a.AUTHORS>
  <g2:a.TEXT><![CDATA[
sensor-residual-test(node: class benchmark-node )

	err: class error;
	x, y: class g2-window;

begin
	for x = each g2-window do
		if the g2-window-management-type of x exists and the g2-window-management-type of x = the symbol remote then
			y = x;
	end;
	begin
		call gnne-demo-show-native-chart(3, y);
	end on error(err)
		begin
			call fail(node, "failed");
			return;
		end;
	end;
	call pass(node);
end

]]></g2:a.TEXT>
  <g2:a.ICON-VARIABLES>
    <g2:Structure>
      <g2:sa.WIDTH g2:type="Integer">50</g2:sa.WIDTH>
      <g2:sa.HEIGHT g2:type="Integer">50</g2:sa.HEIGHT></g2:Structure></g2:a.ICON-VARIABLES>
  <g2:a.POSITION-IN-WORKSPACE>
    <g2:Structure>
      <g2:sa.X g2:type="Integer">-14</g2:sa.X>
      <g2:sa.Y g2:type="Integer">57</g2:sa.Y>
      <g2:sa.SUPERIOR><g2:c.KB-WORKSPACE rdf:resource="#f5b78c944fe311dfb1b4001641761fb2"/></g2:sa.SUPERIOR></g2:Structure></g2:a.POSITION-IN-WORKSPACE>
  <g2:a.SIZE-IN-WORKSPACE>
    <g2:Structure>
      <g2:sa.WIDTH g2:type="Integer">50</g2:sa.WIDTH>
      <g2:sa.HEIGHT g2:type="Integer">50</g2:sa.HEIGHT></g2:Structure></g2:a.SIZE-IN-WORKSPACE>
  <g2:a.NAME-BOX>
    <g2:Structure>
      <g2:sa.COLOR>
        <g2:Structure>
          <g2:sa.BACKGROUND-COLOR g2:type="Symbol">TRANSPARENT</g2:sa.BACKGROUND-COLOR>
          <g2:sa.TEXT-COLOR g2:type="Symbol">FOREGROUND</g2:sa.TEXT-COLOR></g2:Structure></g2:sa.COLOR>
      <g2:sa.POSITION>
        <g2:Structure>
          <g2:sa.X-OFFSET g2:type="Integer">-99</g2:sa.X-OFFSET>
          <g2:sa.Y-OFFSET g2:type="Integer">-29</g2:sa.Y-OFFSET></g2:Structure></g2:sa.POSITION></g2:Structure></g2:a.NAME-BOX></g2:c.PROCEDURE>

<c.BENCHMARK-TEST ID="f5b78c964fe311dfb1b4001641761fb2">
  <g2:a.NAMES g2:type="Symbol">SHOW-VALUE</g2:a.NAMES>
  <ua.TEST-RESULT>
    <c.TEST-RESULT-PARAMETER ID="f5b78c984fe311dfb1b4001641761fb2">
      <g2:a.OPTIONS>
        <g2:Structure>
          <g2:sa.FORWARD-CHAIN g2:type="TruthValue">true</g2:sa.FORWARD-CHAIN>
          <g2:sa.FORWARD-CHAIN-EVEN-FOR-SAME-VALUE g2:type="TruthValue">false</g2:sa.FORWARD-CHAIN-EVEN-FOR-SAME-VALUE></g2:Structure></g2:a.OPTIONS>
      <ua.TEST-INFO>
        <g2:c.TEXT-PARAMETER ID="f5b78c994fe311dfb1b4001641761fb2">
          <g2:a.OPTIONS>
            <g2:Structure>
              <g2:sa.FORWARD-CHAIN g2:type="TruthValue">false</g2:sa.FORWARD-CHAIN>
              <g2:sa.FORWARD-CHAIN-EVEN-FOR-SAME-VALUE g2:type="TruthValue">false</g2:sa.FORWARD-CHAIN-EVEN-FOR-SAME-VALUE></g2:Structure></g2:a.OPTIONS>
          <g2:a.ICON-VARIABLES>
            <g2:Structure>
              <g2:sa.WIDTH g2:type="Integer">50</g2:sa.WIDTH>
              <g2:sa.HEIGHT g2:type="Integer">50</g2:sa.HEIGHT></g2:Structure></g2:a.ICON-VARIABLES></g2:c.TEXT-PARAMETER></ua.TEST-INFO>
      <g2:a.ICON-VARIABLES>
        <g2:Structure>
          <g2:sa.WIDTH g2:type="Integer">50</g2:sa.WIDTH>
          <g2:sa.HEIGHT g2:type="Integer">50</g2:sa.HEIGHT></g2:Structure></g2:a.ICON-VARIABLES></c.TEST-RESULT-PARAMETER></ua.TEST-RESULT>
  <ua.TIMEOUT-LIMIT g2:type="Integer" g2:unit="SECONDS">10</ua.TIMEOUT-LIMIT>
  <ua.COUNTED g2:type="TruthValue" g2:unit="TRUTH-VALUE">false</ua.COUNTED>
  <g2:a.MANUALLY-DISABLED_qm g2:type="TruthValue">true</g2:a.MANUALLY-DISABLED_qm>
  <g2:a.ICON-VARIABLES>
    <g2:Structure>
      <g2:sa.WIDTH g2:type="Integer">30</g2:sa.WIDTH>
      <g2:sa.HEIGHT g2:type="Integer">24</g2:sa.HEIGHT></g2:Structure></g2:a.ICON-VARIABLES>
  <g2:a.FOLLOWING-ITEM-IN-WORKSPACE-LAYERING><c.NEXT-BENCHMARK rdf:resource="#f0b1f2a576aa11e69b45000c2973fc18"/></g2:a.FOLLOWING-ITEM-IN-WORKSPACE-LAYERING>
  <g2:a.POSITION-IN-WORKSPACE>
    <g2:Structure>
      <g2:sa.X g2:type="Integer">341</g2:sa.X>
      <g2:sa.Y g2:type="Integer">-562</g2:sa.Y>
      <g2:sa.SUPERIOR><g2:c.KB-WORKSPACE rdf:resource="#ebd36edb4fde11dfb1b4001641761fb2"/></g2:sa.SUPERIOR></g2:Structure></g2:a.POSITION-IN-WORKSPACE>
  <g2:a.SIZE-IN-WORKSPACE>
    <g2:Structure>
      <g2:sa.WIDTH g2:type="Float">26.953125</g2:sa.WIDTH>
      <g2:sa.HEIGHT g2:type="Float">25.03125</g2:sa.HEIGHT></g2:Structure></g2:a.SIZE-IN-WORKSPACE>
  <g2:a.NAME-BOX>
    <g2:Structure>
      <g2:sa.COLOR>
        <g2:Structure>
          <g2:sa.BACKGROUND-COLOR g2:type="Symbol">TRANSPARENT</g2:sa.BACKGROUND-COLOR>
          <g2:sa.TEXT-COLOR g2:type="Symbol">FOREGROUND</g2:sa.TEXT-COLOR></g2:Structure></g2:sa.COLOR>
      <g2:sa.POSITION>
        <g2:Structure>
          <g2:sa.X-OFFSET g2:type="Integer">11</g2:sa.X-OFFSET>
          <g2:sa.Y-OFFSET g2:type="Integer">16</g2:sa.Y-OFFSET></g2:Structure></g2:sa.POSITION></g2:Structure></g2:a.NAME-BOX></c.BENCHMARK-TEST>

<g2:c.KB-WORKSPACE ID="f5b78c9a4fe311dfb1b4001641761fb2">
  <g2:a.DEFAULT-WINDOW-POSITION-AND-SCALE>
    <g2:Structure>
      <g2:sa.X g2:type="Integer">627</g2:sa.X>
      <g2:sa.Y g2:type="Integer">330</g2:sa.Y></g2:Structure></g2:a.DEFAULT-WINDOW-POSITION-AND-SCALE>
  <g2:a.EDGES-OF-WORKSPACE>
    <g2:Structure>
      <g2:sa.LEFT g2:type="Integer">-350</g2:sa.LEFT>
      <g2:sa.TOP g2:type="Integer">250</g2:sa.TOP>
      <g2:sa.RIGHT g2:type="Integer">350</g2:sa.RIGHT>
      <g2:sa.BOTTOM g2:type="Integer">-250</g2:sa.BOTTOM></g2:Structure></g2:a.EDGES-OF-WORKSPACE>
  <g2:a.PARENT-OF-SUBWORKSPACE><c.BENCHMARK-TEST rdf:resource="#f5b78c964fe311dfb1b4001641761fb2"/></g2:a.PARENT-OF-SUBWORKSPACE></g2:c.KB-WORKSPACE>

<g2:c.PROCEDURE ID="f5b78c9b4fe311dfb1b4001641761fb2">
  <g2:a.AUTHORS>
    <g2:Structure>
      <g2:sa.AUTHORS>
        <g2:Sequence>
          <rdf:li g2:type="Symbol">ADMINISTRATOR</rdf:li></g2:Sequence></g2:sa.AUTHORS>
      <g2:sa.TIMESTAMP>
        <g2:Structure>
          <g2:sa.YEAR g2:type="Integer">2016</g2:sa.YEAR>
          <g2:sa.MONTH g2:type="Integer">9</g2:sa.MONTH>
          <g2:sa.DATE g2:type="Integer">9</g2:sa.DATE>
          <g2:sa.HOURS g2:type="Integer">23</g2:sa.HOURS>
          <g2:sa.MINUTES g2:type="Integer">37</g2:sa.MINUTES></g2:Structure></g2:sa.TIMESTAMP></g2:Structure></g2:a.AUTHORS>
  <g2:a.TEXT><![CDATA[
show-value-test(node: class benchmark-node )

	err: class error;
	x, y: class g2-window;

begin
	for x = each g2-window do
		if the g2-window-management-type of x exists and the g2-window-management-type of x = the symbol remote then
			y = x;
	end;
	begin
		call gnne-demo-show-native-chart(0, y);
	{end on error(err)
		begin
			call fail(node, "failed");
			return;
		end;}
	end;
	call pass(node);
end

]]></g2:a.TEXT>
  <g2:a.ICON-VARIABLES>
    <g2:Structure>
      <g2:sa.WIDTH g2:type="Integer">50</g2:sa.WIDTH>
      <g2:sa.HEIGHT g2:type="Integer">50</g2:sa.HEIGHT></g2:Structure></g2:a.ICON-VARIABLES>
  <g2:a.POSITION-IN-WORKSPACE>
    <g2:Structure>
      <g2:sa.X g2:type="Integer">19</g2:sa.X>
      <g2:sa.Y g2:type="Integer">33</g2:sa.Y>
      <g2:sa.SUPERIOR><g2:c.KB-WORKSPACE rdf:resource="#f5b78c9a4fe311dfb1b4001641761fb2"/></g2:sa.SUPERIOR></g2:Structure></g2:a.POSITION-IN-WORKSPACE>
  <g2:a.SIZE-IN-WORKSPACE>
    <g2:Structure>
      <g2:sa.WIDTH g2:type="Integer">50</g2:sa.WIDTH>
      <g2:sa.HEIGHT g2:type="Integer">50</g2:sa.HEIGHT></g2:Structure></g2:a.SIZE-IN-WORKSPACE>
  <g2:a.NAME-BOX>
    <g2:Structure>
      <g2:sa.COLOR>
        <g2:Structure>
          <g2:sa.BACKGROUND-COLOR g2:type="Symbol">TRANSPARENT</g2:sa.BACKGROUND-COLOR>
          <g2:sa.TEXT-COLOR g2:type="Symbol">FOREGROUND</g2:sa.TEXT-COLOR></g2:Structure></g2:sa.COLOR>
      <g2:sa.POSITION>
        <g2:Structure>
          <g2:sa.X-OFFSET g2:type="Integer">-82</g2:sa.X-OFFSET>
          <g2:sa.Y-OFFSET g2:type="Integer">-29</g2:sa.Y-OFFSET></g2:Structure></g2:sa.POSITION></g2:Structure></g2:a.NAME-BOX></g2:c.PROCEDURE>

<c.BENCHMARK-TEST ID="f5b78c9c4fe311dfb1b4001641761fb2">
  <g2:a.NAMES g2:type="Symbol">HALT</g2:a.NAMES>
  <ua.TEST-RESULT>
    <c.TEST-RESULT-PARAMETER ID="f5b78c9e4fe311dfb1b4001641761fb2">
      <g2:a.OPTIONS>
        <g2:Structure>
          <g2:sa.FORWARD-CHAIN g2:type="TruthValue">true</g2:sa.FORWARD-CHAIN>
          <g2:sa.FORWARD-CHAIN-EVEN-FOR-SAME-VALUE g2:type="TruthValue">false</g2:sa.FORWARD-CHAIN-EVEN-FOR-SAME-VALUE></g2:Structure></g2:a.OPTIONS>
      <ua.TEST-INFO>
        <g2:c.TEXT-PARAMETER ID="f5b78c9f4fe311dfb1b4001641761fb2">
          <g2:a.OPTIONS>
            <g2:Structure>
              <g2:sa.FORWARD-CHAIN g2:type="TruthValue">false</g2:sa.FORWARD-CHAIN>
              <g2:sa.FORWARD-CHAIN-EVEN-FOR-SAME-VALUE g2:type="TruthValue">false</g2:sa.FORWARD-CHAIN-EVEN-FOR-SAME-VALUE></g2:Structure></g2:a.OPTIONS>
          <g2:a.ICON-VARIABLES>
            <g2:Structure>
              <g2:sa.WIDTH g2:type="Integer">50</g2:sa.WIDTH>
              <g2:sa.HEIGHT g2:type="Integer">50</g2:sa.HEIGHT></g2:Structure></g2:a.ICON-VARIABLES></g2:c.TEXT-PARAMETER></ua.TEST-INFO>
      <g2:a.ICON-VARIABLES>
        <g2:Structure>
          <g2:sa.WIDTH g2:type="Integer">50</g2:sa.WIDTH>
          <g2:sa.HEIGHT g2:type="Integer">50</g2:sa.HEIGHT></g2:Structure></g2:a.ICON-VARIABLES></c.TEST-RESULT-PARAMETER></ua.TEST-RESULT>
  <ua.TIMEOUT-LIMIT g2:type="Integer" g2:unit="SECONDS">10</ua.TIMEOUT-LIMIT>
  <ua.COUNTED g2:type="TruthValue" g2:unit="TRUTH-VALUE">false</ua.COUNTED>
  <g2:a.ICON-VARIABLES>
    <g2:Structure>
      <g2:sa.WIDTH g2:type="Integer">30</g2:sa.WIDTH>
      <g2:sa.HEIGHT g2:type="Integer">24</g2:sa.HEIGHT></g2:Structure></g2:a.ICON-VARIABLES>
  <g2:a.FOLLOWING-ITEM-IN-WORKSPACE-LAYERING><c.NEXT-BENCHMARK rdf:resource="#f0b1f2b076aa11e69b45000c2973fc18"/></g2:a.FOLLOWING-ITEM-IN-WORKSPACE-LAYERING>
  <g2:a.POSITION-IN-WORKSPACE>
    <g2:Structure>
      <g2:sa.X g2:type="Integer">587</g2:sa.X>
      <g2:sa.Y g2:type="Integer">7</g2:sa.Y>
      <g2:sa.SUPERIOR><g2:c.KB-WORKSPACE rdf:resource="#ebd36edb4fde11dfb1b4001641761fb2"/></g2:sa.SUPERIOR></g2:Structure></g2:a.POSITION-IN-WORKSPACE>
  <g2:a.SIZE-IN-WORKSPACE>
    <g2:Structure>
      <g2:sa.WIDTH g2:type="Float">26.953125</g2:sa.WIDTH>
      <g2:sa.HEIGHT g2:type="Float">25.03125</g2:sa.HEIGHT></g2:Structure></g2:a.SIZE-IN-WORKSPACE>
  <g2:a.NAME-BOX>
    <g2:Structure>
      <g2:sa.COLOR>
        <g2:Structure>
          <g2:sa.BACKGROUND-COLOR g2:type="Symbol">TRANSPARENT</g2:sa.BACKGROUND-COLOR>
          <g2:sa.TEXT-COLOR g2:type="Symbol">FOREGROUND</g2:sa.TEXT-COLOR></g2:Structure></g2:sa.COLOR>
      <g2:sa.POSITION>
        <g2:Structure>
          <g2:sa.X-OFFSET g2:type="Integer">11</g2:sa.X-OFFSET>
          <g2:sa.Y-OFFSET g2:type="Integer">16</g2:sa.Y-OFFSET></g2:Structure></g2:sa.POSITION></g2:Structure></g2:a.NAME-BOX></c.BENCHMARK-TEST>

<g2:c.KB-WORKSPACE ID="f5b78ca04fe311dfb1b4001641761fb2">
  <g2:a.DEFAULT-WINDOW-POSITION-AND-SCALE>
    <g2:Structure>
      <g2:sa.X g2:type="Integer">627</g2:sa.X>
      <g2:sa.Y g2:type="Integer">330</g2:sa.Y></g2:Structure></g2:a.DEFAULT-WINDOW-POSITION-AND-SCALE>
  <g2:a.EDGES-OF-WORKSPACE>
    <g2:Structure>
      <g2:sa.LEFT g2:type="Integer">-350</g2:sa.LEFT>
      <g2:sa.TOP g2:type="Integer">250</g2:sa.TOP>
      <g2:sa.RIGHT g2:type="Integer">350</g2:sa.RIGHT>
      <g2:sa.BOTTOM g2:type="Integer">-250</g2:sa.BOTTOM></g2:Structure></g2:a.EDGES-OF-WORKSPACE>
  <g2:a.PARENT-OF-SUBWORKSPACE><c.BENCHMARK-TEST rdf:resource="#f5b78c9c4fe311dfb1b4001641761fb2"/></g2:a.PARENT-OF-SUBWORKSPACE></g2:c.KB-WORKSPACE>

<g2:c.PROCEDURE ID="f5b78ca14fe311dfb1b4001641761fb2">
  <g2:a.TEXT><![CDATA[
halt-test(node: class benchmark-node )
err: class error;
x,y: class g2-window;
begin
for x = each g2-window do
y = x;
end;
begin
abort aan-process;
end on error(err)
begin
call fail(node, "failed");
return;
end;
end;
call pass(node);
end

]]></g2:a.TEXT>
  <g2:a.ICON-VARIABLES>
    <g2:Structure>
      <g2:sa.WIDTH g2:type="Integer">50</g2:sa.WIDTH>
      <g2:sa.HEIGHT g2:type="Integer">50</g2:sa.HEIGHT></g2:Structure></g2:a.ICON-VARIABLES>
  <g2:a.POSITION-IN-WORKSPACE>
    <g2:Structure>
      <g2:sa.X g2:type="Integer">-91</g2:sa.X>
      <g2:sa.Y g2:type="Integer">44</g2:sa.Y>
      <g2:sa.SUPERIOR><g2:c.KB-WORKSPACE rdf:resource="#f5b78ca04fe311dfb1b4001641761fb2"/></g2:sa.SUPERIOR></g2:Structure></g2:a.POSITION-IN-WORKSPACE>
  <g2:a.SIZE-IN-WORKSPACE>
    <g2:Structure>
      <g2:sa.WIDTH g2:type="Integer">50</g2:sa.WIDTH>
      <g2:sa.HEIGHT g2:type="Integer">50</g2:sa.HEIGHT></g2:Structure></g2:a.SIZE-IN-WORKSPACE>
  <g2:a.NAME-BOX>
    <g2:Structure>
      <g2:sa.COLOR>
        <g2:Structure>
          <g2:sa.BACKGROUND-COLOR g2:type="Symbol">TRANSPARENT</g2:sa.BACKGROUND-COLOR>
          <g2:sa.TEXT-COLOR g2:type="Symbol">FOREGROUND</g2:sa.TEXT-COLOR></g2:Structure></g2:sa.COLOR>
      <g2:sa.POSITION>
        <g2:Structure>
          <g2:sa.X-OFFSET g2:type="Integer">-52</g2:sa.X-OFFSET>
          <g2:sa.Y-OFFSET g2:type="Integer">-29</g2:sa.Y-OFFSET></g2:Structure></g2:sa.POSITION></g2:Structure></g2:a.NAME-BOX></g2:c.PROCEDURE>

<c.BENCHMARK-TEST ID="f5b78ca24fe311dfb1b4001641761fb2">
  <g2:a.NAMES g2:type="Symbol">FILTERED-RESIDUAL</g2:a.NAMES>
  <ua.TEST-RESULT>
    <c.TEST-RESULT-PARAMETER ID="f5b78ca44fe311dfb1b4001641761fb2">
      <g2:a.OPTIONS>
        <g2:Structure>
          <g2:sa.FORWARD-CHAIN g2:type="TruthValue">true</g2:sa.FORWARD-CHAIN>
          <g2:sa.FORWARD-CHAIN-EVEN-FOR-SAME-VALUE g2:type="TruthValue">false</g2:sa.FORWARD-CHAIN-EVEN-FOR-SAME-VALUE></g2:Structure></g2:a.OPTIONS>
      <ua.TEST-INFO>
        <g2:c.TEXT-PARAMETER ID="f5b78ca54fe311dfb1b4001641761fb2">
          <g2:a.OPTIONS>
            <g2:Structure>
              <g2:sa.FORWARD-CHAIN g2:type="TruthValue">false</g2:sa.FORWARD-CHAIN>
              <g2:sa.FORWARD-CHAIN-EVEN-FOR-SAME-VALUE g2:type="TruthValue">false</g2:sa.FORWARD-CHAIN-EVEN-FOR-SAME-VALUE></g2:Structure></g2:a.OPTIONS>
          <g2:a.ICON-VARIABLES>
            <g2:Structure>
              <g2:sa.WIDTH g2:type="Integer">50</g2:sa.WIDTH>
              <g2:sa.HEIGHT g2:type="Integer">50</g2:sa.HEIGHT></g2:Structure></g2:a.ICON-VARIABLES></g2:c.TEXT-PARAMETER></ua.TEST-INFO>
      <g2:a.ICON-VARIABLES>
        <g2:Structure>
          <g2:sa.WIDTH g2:type="Integer">50</g2:sa.WIDTH>
          <g2:sa.HEIGHT g2:type="Integer">50</g2:sa.HEIGHT></g2:Structure></g2:a.ICON-VARIABLES></c.TEST-RESULT-PARAMETER></ua.TEST-RESULT>
  <ua.TIMEOUT-LIMIT g2:type="Integer" g2:unit="SECONDS">10</ua.TIMEOUT-LIMIT>
  <ua.COUNTED g2:type="TruthValue" g2:unit="TRUTH-VALUE">false</ua.COUNTED>
  <g2:a.MANUALLY-DISABLED_qm g2:type="TruthValue">true</g2:a.MANUALLY-DISABLED_qm>
  <g2:a.ICON-VARIABLES>
    <g2:Structure>
      <g2:sa.WIDTH g2:type="Integer">30</g2:sa.WIDTH>
      <g2:sa.HEIGHT g2:type="Integer">24</g2:sa.HEIGHT></g2:Structure></g2:a.ICON-VARIABLES>
  <g2:a.FOLLOWING-ITEM-IN-WORKSPACE-LAYERING><c.NEXT-BENCHMARK rdf:resource="#f0b1f2a476aa11e69b45000c2973fc18"/></g2:a.FOLLOWING-ITEM-IN-WORKSPACE-LAYERING>
  <g2:a.POSITION-IN-WORKSPACE>
    <g2:Structure>
      <g2:sa.X g2:type="Integer">341</g2:sa.X>
      <g2:sa.Y g2:type="Integer">-691</g2:sa.Y>
      <g2:sa.SUPERIOR><g2:c.KB-WORKSPACE rdf:resource="#ebd36edb4fde11dfb1b4001641761fb2"/></g2:sa.SUPERIOR></g2:Structure></g2:a.POSITION-IN-WORKSPACE>
  <g2:a.SIZE-IN-WORKSPACE>
    <g2:Structure>
      <g2:sa.WIDTH g2:type="Float">26.953125</g2:sa.WIDTH>
      <g2:sa.HEIGHT g2:type="Float">25.03125</g2:sa.HEIGHT></g2:Structure></g2:a.SIZE-IN-WORKSPACE>
  <g2:a.NAME-BOX>
    <g2:Structure>
      <g2:sa.COLOR>
        <g2:Structure>
          <g2:sa.BACKGROUND-COLOR g2:type="Symbol">TRANSPARENT</g2:sa.BACKGROUND-COLOR>
          <g2:sa.TEXT-COLOR g2:type="Symbol">FOREGROUND</g2:sa.TEXT-COLOR></g2:Structure></g2:sa.COLOR>
      <g2:sa.POSITION>
        <g2:Structure>
          <g2:sa.X-OFFSET g2:type="Integer">8</g2:sa.X-OFFSET>
          <g2:sa.Y-OFFSET g2:type="Integer">18</g2:sa.Y-OFFSET></g2:Structure></g2:sa.POSITION></g2:Structure></g2:a.NAME-BOX></c.BENCHMARK-TEST>

<g2:c.KB-WORKSPACE ID="f5b78ca64fe311dfb1b4001641761fb2">
  <g2:a.DEFAULT-WINDOW-POSITION-AND-SCALE>
    <g2:Structure>
      <g2:sa.X g2:type="Integer">627</g2:sa.X>
      <g2:sa.Y g2:type="Integer">343</g2:sa.Y></g2:Structure></g2:a.DEFAULT-WINDOW-POSITION-AND-SCALE>
  <g2:a.EDGES-OF-WORKSPACE>
    <g2:Structure>
      <g2:sa.LEFT g2:type="Integer">-350</g2:sa.LEFT>
      <g2:sa.TOP g2:type="Integer">250</g2:sa.TOP>
      <g2:sa.RIGHT g2:type="Integer">350</g2:sa.RIGHT>
      <g2:sa.BOTTOM g2:type="Integer">-250</g2:sa.BOTTOM></g2:Structure></g2:a.EDGES-OF-WORKSPACE>
  <g2:a.PARENT-OF-SUBWORKSPACE><c.BENCHMARK-TEST rdf:resource="#f5b78ca24fe311dfb1b4001641761fb2"/></g2:a.PARENT-OF-SUBWORKSPACE></g2:c.KB-WORKSPACE>

<g2:c.PROCEDURE ID="f5b78ca74fe311dfb1b4001641761fb2">
  <g2:a.AUTHORS>
    <g2:Structure>
      <g2:sa.AUTHORS>
        <g2:Sequence>
          <rdf:li g2:type="Symbol">ADMINISTRATOR</rdf:li></g2:Sequence></g2:sa.AUTHORS>
      <g2:sa.TIMESTAMP>
        <g2:Structure>
          <g2:sa.YEAR g2:type="Integer">2016</g2:sa.YEAR>
          <g2:sa.MONTH g2:type="Integer">9</g2:sa.MONTH>
          <g2:sa.DATE g2:type="Integer">9</g2:sa.DATE>
          <g2:sa.HOURS g2:type="Integer">22</g2:sa.HOURS>
          <g2:sa.MINUTES g2:type="Integer">14</g2:sa.MINUTES></g2:Structure></g2:sa.TIMESTAMP></g2:Structure></g2:a.AUTHORS>
  <g2:a.TEXT><![CDATA[
filtered-residual-test(node: class benchmark-node )
	err: class error;
	x, y: class g2-window;
begin
	for x = each g2-window do
		if the g2-window-management-type of x exists and the g2-window-management-type of x = the symbol remote then
			y = x;
	end;
	begin
		call gnne-demo-show-native-chart (4, y);
	end on error(err)
		begin
			call fail(node, "failed");
			return;
		end;
	end;
	call pass(node);
end

]]></g2:a.TEXT>
  <g2:a.ICON-VARIABLES>
    <g2:Structure>
      <g2:sa.WIDTH g2:type="Integer">50</g2:sa.WIDTH>
      <g2:sa.HEIGHT g2:type="Integer">50</g2:sa.HEIGHT></g2:Structure></g2:a.ICON-VARIABLES>
  <g2:a.POSITION-IN-WORKSPACE>
    <g2:Structure>
      <g2:sa.X g2:type="Integer">0</g2:sa.X>
      <g2:sa.Y g2:type="Integer">74</g2:sa.Y>
      <g2:sa.SUPERIOR><g2:c.KB-WORKSPACE rdf:resource="#f5b78ca64fe311dfb1b4001641761fb2"/></g2:sa.SUPERIOR></g2:Structure></g2:a.POSITION-IN-WORKSPACE>
  <g2:a.SIZE-IN-WORKSPACE>
    <g2:Structure>
      <g2:sa.WIDTH g2:type="Integer">50</g2:sa.WIDTH>
      <g2:sa.HEIGHT g2:type="Integer">50</g2:sa.HEIGHT></g2:Structure></g2:a.SIZE-IN-WORKSPACE>
  <g2:a.NAME-BOX>
    <g2:Structure>
      <g2:sa.COLOR>
        <g2:Structure>
          <g2:sa.BACKGROUND-COLOR g2:type="Symbol">TRANSPARENT</g2:sa.BACKGROUND-COLOR>
          <g2:sa.TEXT-COLOR g2:type="Symbol">FOREGROUND</g2:sa.TEXT-COLOR></g2:Structure></g2:sa.COLOR>
      <g2:sa.POSITION>
        <g2:Structure>
          <g2:sa.X-OFFSET g2:type="Integer">-105</g2:sa.X-OFFSET>
          <g2:sa.Y-OFFSET g2:type="Integer">-29</g2:sa.Y-OFFSET></g2:Structure></g2:sa.POSITION></g2:Structure></g2:a.NAME-BOX></g2:c.PROCEDURE>

<c.NEXT-BENCHMARK ID="f5b78ca94fe311dfb1b4001641761fb2">
  <g2:a.CONNECTION-VERTICES>
    <g2:Sequence>
      <rdf:li g2:type="Integer">4</rdf:li></g2:Sequence></g2:a.CONNECTION-VERTICES>
  <g2:a.CONNECTION-STYLE g2:type="Symbol">ORTHOGONAL</g2:a.CONNECTION-STYLE>
  <g2:a.CONNECTION-OUTPUT>
    <g2:Structure>
      <g2:sa.ITEM><g2:c.LOOSE-END rdf:resource="#f5b78c8f4fe311dfb1b4001641761fb2"/></g2:sa.ITEM>
      <g2:sa.SIDE g2:type="Symbol">BOTTOM</g2:sa.SIDE>
      <g2:sa.POSITION g2:type="Integer">0</g2:sa.POSITION>
      <g2:sa.PORT-NAME g2:type="Symbol">STUB-CONNECTION</g2:sa.PORT-NAME></g2:Structure></g2:a.CONNECTION-OUTPUT>
  <g2:a.CONNECTION-INPUT>
    <g2:Structure>
      <g2:sa.ITEM><c.BENCHMARK-TEST rdf:resource="#f5b78c884fe311dfb1b4001641761fb2"/></g2:sa.ITEM>
      <g2:sa.SIDE g2:type="Symbol">TOP</g2:sa.SIDE>
      <g2:sa.POSITION g2:type="Integer">14</g2:sa.POSITION></g2:Structure></g2:a.CONNECTION-INPUT>
  <g2:a.FOLLOWING-ITEM-IN-WORKSPACE-LAYERING><g2:c.LOOSE-END rdf:resource="#f5b78c8f4fe311dfb1b4001641761fb2"/></g2:a.FOLLOWING-ITEM-IN-WORKSPACE-LAYERING>
  <g2:a.ITEM-COLOR-PATTERN>
    <g2:Structure>
      <g2:sa.OUTLINE g2:type="Symbol">RED</g2:sa.OUTLINE>
      <g2:sa.INSIDE g2:type="Symbol">TURQUOISE</g2:sa.INSIDE></g2:Structure></g2:a.ITEM-COLOR-PATTERN></c.NEXT-BENCHMARK>

<c.NEXT-BENCHMARK ID="f5b78caa4fe311dfb1b4001641761fb2">
  <g2:a.CONNECTION-VERTICES>
    <g2:Sequence>
      <rdf:li g2:type="Integer">1</rdf:li>
      <rdf:li g2:type="Integer">0</rdf:li></g2:Sequence></g2:a.CONNECTION-VERTICES>
  <g2:a.CONNECTION-STYLE g2:type="Symbol">ORTHOGONAL</g2:a.CONNECTION-STYLE>
  <g2:a.CONNECTION-OUTPUT>
    <g2:Structure>
      <g2:sa.ITEM><c.BENCHMARK-TEST rdf:resource="#f5b78c904fe311dfb1b4001641761fb2"/></g2:sa.ITEM>
      <g2:sa.SIDE g2:type="Symbol">TOP</g2:sa.SIDE>
      <g2:sa.POSITION g2:type="Integer">14</g2:sa.POSITION></g2:Structure></g2:a.CONNECTION-OUTPUT>
  <g2:a.CONNECTION-INPUT>
    <g2:Structure>
      <g2:sa.ITEM><c.BENCHMARK-TEST rdf:resource="#f5b78c964fe311dfb1b4001641761fb2"/></g2:sa.ITEM>
      <g2:sa.SIDE g2:type="Symbol">BOTTOM</g2:sa.SIDE>
      <g2:sa.POSITION g2:type="Integer">14</g2:sa.POSITION>
      <g2:sa.PORT-NAME g2:type="Symbol">NEXT-TEST-PORT</g2:sa.PORT-NAME></g2:Structure></g2:a.CONNECTION-INPUT>
  <g2:a.FOLLOWING-ITEM-IN-WORKSPACE-LAYERING><c.BENCHMARK-TEST rdf:resource="#f5b78c9c4fe311dfb1b4001641761fb2"/></g2:a.FOLLOWING-ITEM-IN-WORKSPACE-LAYERING>
  <g2:a.ITEM-COLOR-PATTERN>
    <g2:Structure>
      <g2:sa.OUTLINE g2:type="Symbol">RED</g2:sa.OUTLINE>
      <g2:sa.INSIDE g2:type="Symbol">TURQUOISE</g2:sa.INSIDE></g2:Structure></g2:a.ITEM-COLOR-PATTERN></c.NEXT-BENCHMARK>

<c.NEXT-BENCHMARK ID="f5b78cac4fe311dfb1b4001641761fb2">
  <g2:a.CONNECTION-VERTICES>
    <g2:Sequence>
      <rdf:li g2:type="Integer">-9</rdf:li>
      <rdf:li g2:type="Integer">0</rdf:li></g2:Sequence></g2:a.CONNECTION-VERTICES>
  <g2:a.CONNECTION-STYLE g2:type="Symbol">ORTHOGONAL</g2:a.CONNECTION-STYLE>
  <g2:a.CONNECTION-OUTPUT>
    <g2:Structure>
      <g2:sa.ITEM><c.BENCHMARK-TEST rdf:resource="#f5b78c9c4fe311dfb1b4001641761fb2"/></g2:sa.ITEM>
      <g2:sa.SIDE g2:type="Symbol">TOP</g2:sa.SIDE>
      <g2:sa.POSITION g2:type="Integer">14</g2:sa.POSITION></g2:Structure></g2:a.CONNECTION-OUTPUT>
  <g2:a.CONNECTION-INPUT>
    <g2:Structure>
      <g2:sa.ITEM><c.BENCHMARK-TEST rdf:resource="#f5b78c884fe311dfb1b4001641761fb2"/></g2:sa.ITEM>
      <g2:sa.SIDE g2:type="Symbol">BOTTOM</g2:sa.SIDE>
      <g2:sa.POSITION g2:type="Integer">14</g2:sa.POSITION>
      <g2:sa.PORT-NAME g2:type="Symbol">NEXT-TEST-PORT</g2:sa.PORT-NAME></g2:Structure></g2:a.CONNECTION-INPUT>
  <g2:a.FOLLOWING-ITEM-IN-WORKSPACE-LAYERING><c.NEXT-BENCHMARK rdf:resource="#f5b78ca94fe311dfb1b4001641761fb2"/></g2:a.FOLLOWING-ITEM-IN-WORKSPACE-LAYERING>
  <g2:a.ITEM-COLOR-PATTERN>
    <g2:Structure>
      <g2:sa.OUTLINE g2:type="Symbol">RED</g2:sa.OUTLINE>
      <g2:sa.INSIDE g2:type="Symbol">TURQUOISE</g2:sa.INSIDE></g2:Structure></g2:a.ITEM-COLOR-PATTERN></c.NEXT-BENCHMARK>

<c.NEXT-BENCHMARK ID="f5b78cad4fe311dfb1b4001641761fb2">
  <g2:a.CONNECTION-VERTICES>
    <g2:Sequence>
      <rdf:li g2:type="Integer">1</rdf:li>
      <rdf:li g2:type="Integer">0</rdf:li></g2:Sequence></g2:a.CONNECTION-VERTICES>
  <g2:a.CONNECTION-STYLE g2:type="Symbol">ORTHOGONAL</g2:a.CONNECTION-STYLE>
  <g2:a.CONNECTION-OUTPUT>
    <g2:Structure>
      <g2:sa.ITEM><c.BENCHMARK-TEST rdf:resource="#f5b78ca24fe311dfb1b4001641761fb2"/></g2:sa.ITEM>
      <g2:sa.SIDE g2:type="Symbol">TOP</g2:sa.SIDE>
      <g2:sa.POSITION g2:type="Integer">14</g2:sa.POSITION></g2:Structure></g2:a.CONNECTION-OUTPUT>
  <g2:a.CONNECTION-INPUT>
    <g2:Structure>
      <g2:sa.ITEM><c.BENCHMARK-TEST rdf:resource="#f5b78c904fe311dfb1b4001641761fb2"/></g2:sa.ITEM>
      <g2:sa.SIDE g2:type="Symbol">BOTTOM</g2:sa.SIDE>
      <g2:sa.POSITION g2:type="Integer">14</g2:sa.POSITION>
      <g2:sa.PORT-NAME g2:type="Symbol">NEXT-TEST-PORT</g2:sa.PORT-NAME></g2:Structure></g2:a.CONNECTION-INPUT>
  <g2:a.FOLLOWING-ITEM-IN-WORKSPACE-LAYERING><c.BENCHMARK-TEST rdf:resource="#f5b78c964fe311dfb1b4001641761fb2"/></g2:a.FOLLOWING-ITEM-IN-WORKSPACE-LAYERING>
  <g2:a.ITEM-COLOR-PATTERN>
    <g2:Structure>
      <g2:sa.OUTLINE g2:type="Symbol">RED</g2:sa.OUTLINE>
      <g2:sa.INSIDE g2:type="Symbol">TURQUOISE</g2:sa.INSIDE></g2:Structure></g2:a.ITEM-COLOR-PATTERN></c.NEXT-BENCHMARK>

<c.BENCHMARK-TEST ID="f631a4364fe411dfb1b4001641761fb2">
  <g2:a.NAMES g2:type="Symbol">INITIALIZE</g2:a.NAMES>
  <ua.TEST-RESULT>
    <c.TEST-RESULT-PARAMETER ID="f631a4384fe411dfb1b4001641761fb2">
      <g2:a.OPTIONS>
        <g2:Structure>
          <g2:sa.FORWARD-CHAIN g2:type="TruthValue">true</g2:sa.FORWARD-CHAIN>
          <g2:sa.FORWARD-CHAIN-EVEN-FOR-SAME-VALUE g2:type="TruthValue">false</g2:sa.FORWARD-CHAIN-EVEN-FOR-SAME-VALUE></g2:Structure></g2:a.OPTIONS>
      <ua.TEST-INFO>
        <g2:c.TEXT-PARAMETER ID="f631a4394fe411dfb1b4001641761fb2">
          <g2:a.OPTIONS>
            <g2:Structure>
              <g2:sa.FORWARD-CHAIN g2:type="TruthValue">false</g2:sa.FORWARD-CHAIN>
              <g2:sa.FORWARD-CHAIN-EVEN-FOR-SAME-VALUE g2:type="TruthValue">false</g2:sa.FORWARD-CHAIN-EVEN-FOR-SAME-VALUE></g2:Structure></g2:a.OPTIONS>
          <g2:a.ICON-VARIABLES>
            <g2:Structure>
              <g2:sa.WIDTH g2:type="Integer">50</g2:sa.WIDTH>
              <g2:sa.HEIGHT g2:type="Integer">50</g2:sa.HEIGHT></g2:Structure></g2:a.ICON-VARIABLES></g2:c.TEXT-PARAMETER></ua.TEST-INFO>
      <g2:a.ICON-VARIABLES>
        <g2:Structure>
          <g2:sa.WIDTH g2:type="Integer">50</g2:sa.WIDTH>
          <g2:sa.HEIGHT g2:type="Integer">50</g2:sa.HEIGHT></g2:Structure></g2:a.ICON-VARIABLES></c.TEST-RESULT-PARAMETER></ua.TEST-RESULT>
  <ua.TIMEOUT-LIMIT g2:type="Integer" g2:unit="SECONDS">10</ua.TIMEOUT-LIMIT>
  <ua.COUNTED g2:type="TruthValue" g2:unit="TRUTH-VALUE">false</ua.COUNTED>
  <g2:a.MANUALLY-DISABLED_qm g2:type="TruthValue">true</g2:a.MANUALLY-DISABLED_qm>
  <g2:a.ICON-VARIABLES>
    <g2:Structure>
      <g2:sa.WIDTH g2:type="Integer">30</g2:sa.WIDTH>
      <g2:sa.HEIGHT g2:type="Integer">24</g2:sa.HEIGHT></g2:Structure></g2:a.ICON-VARIABLES>
  <g2:a.FOLLOWING-ITEM-IN-WORKSPACE-LAYERING><c.NEXT-BENCHMARK rdf:resource="#f0b1f2af76aa11e69b45000c2973fc18"/></g2:a.FOLLOWING-ITEM-IN-WORKSPACE-LAYERING>
  <g2:a.POSITION-IN-WORKSPACE>
    <g2:Structure>
      <g2:sa.X g2:type="Integer">697</g2:sa.X>
      <g2:sa.Y g2:type="Integer">-584</g2:sa.Y>
      <g2:sa.SUPERIOR><g2:c.KB-WORKSPACE rdf:resource="#ebd36edb4fde11dfb1b4001641761fb2"/></g2:sa.SUPERIOR></g2:Structure></g2:a.POSITION-IN-WORKSPACE>
  <g2:a.SIZE-IN-WORKSPACE>
    <g2:Structure>
      <g2:sa.WIDTH g2:type="Integer">30</g2:sa.WIDTH>
      <g2:sa.HEIGHT g2:type="Integer">24</g2:sa.HEIGHT></g2:Structure></g2:a.SIZE-IN-WORKSPACE>
  <g2:a.NAME-BOX>
    <g2:Structure>
      <g2:sa.COLOR>
        <g2:Structure>
          <g2:sa.BACKGROUND-COLOR g2:type="Symbol">TRANSPARENT</g2:sa.BACKGROUND-COLOR>
          <g2:sa.TEXT-COLOR g2:type="Symbol">FOREGROUND</g2:sa.TEXT-COLOR></g2:Structure></g2:sa.COLOR>
      <g2:sa.POSITION>
        <g2:Structure>
          <g2:sa.X-OFFSET g2:type="Integer">19</g2:sa.X-OFFSET>
          <g2:sa.Y-OFFSET g2:type="Integer">16</g2:sa.Y-OFFSET></g2:Structure></g2:sa.POSITION></g2:Structure></g2:a.NAME-BOX></c.BENCHMARK-TEST>

<g2:c.KB-WORKSPACE ID="f631a43a4fe411dfb1b4001641761fb2">
  <g2:a.DEFAULT-WINDOW-POSITION-AND-SCALE>
    <g2:Structure>
      <g2:sa.X g2:type="Integer">770</g2:sa.X>
      <g2:sa.Y g2:type="Integer">346</g2:sa.Y></g2:Structure></g2:a.DEFAULT-WINDOW-POSITION-AND-SCALE>
  <g2:a.EDGES-OF-WORKSPACE>
    <g2:Structure>
      <g2:sa.LEFT g2:type="Integer">-350</g2:sa.LEFT>
      <g2:sa.TOP g2:type="Integer">250</g2:sa.TOP>
      <g2:sa.RIGHT g2:type="Integer">350</g2:sa.RIGHT>
      <g2:sa.BOTTOM g2:type="Integer">-250</g2:sa.BOTTOM></g2:Structure></g2:a.EDGES-OF-WORKSPACE>
  <g2:a.PARENT-OF-SUBWORKSPACE><c.BENCHMARK-TEST rdf:resource="#f631a4364fe411dfb1b4001641761fb2"/></g2:a.PARENT-OF-SUBWORKSPACE></g2:c.KB-WORKSPACE>

<g2:c.PROCEDURE ID="f631a43b4fe411dfb1b4001641761fb2">
  <g2:a.TEXT><![CDATA[
initialize-test(node: class benchmark-node )
err: class error;
begin
wait for 10 seconds;
show the workspace of gnneq-pca-model-2 ;
begin
call initialize-calculator ();
end on error(err)
begin
call fail(node, "Load Data First failed");
return;
end;
end;
call pass(node);
end

]]></g2:a.TEXT>
  <g2:a.ICON-VARIABLES>
    <g2:Structure>
      <g2:sa.WIDTH g2:type="Integer">50</g2:sa.WIDTH>
      <g2:sa.HEIGHT g2:type="Integer">50</g2:sa.HEIGHT></g2:Structure></g2:a.ICON-VARIABLES>
  <g2:a.POSITION-IN-WORKSPACE>
    <g2:Structure>
      <g2:sa.X g2:type="Integer">-46</g2:sa.X>
      <g2:sa.Y g2:type="Integer">58</g2:sa.Y>
      <g2:sa.SUPERIOR><g2:c.KB-WORKSPACE rdf:resource="#f631a43a4fe411dfb1b4001641761fb2"/></g2:sa.SUPERIOR></g2:Structure></g2:a.POSITION-IN-WORKSPACE>
  <g2:a.SIZE-IN-WORKSPACE>
    <g2:Structure>
      <g2:sa.WIDTH g2:type="Integer">50</g2:sa.WIDTH>
      <g2:sa.HEIGHT g2:type="Integer">50</g2:sa.HEIGHT></g2:Structure></g2:a.SIZE-IN-WORKSPACE>
  <g2:a.NAME-BOX>
    <g2:Structure>
      <g2:sa.COLOR>
        <g2:Structure>
          <g2:sa.BACKGROUND-COLOR g2:type="Symbol">TRANSPARENT</g2:sa.BACKGROUND-COLOR>
          <g2:sa.TEXT-COLOR g2:type="Symbol">FOREGROUND</g2:sa.TEXT-COLOR></g2:Structure></g2:sa.COLOR>
      <g2:sa.POSITION>
        <g2:Structure>
          <g2:sa.X-OFFSET g2:type="Integer">-71</g2:sa.X-OFFSET>
          <g2:sa.Y-OFFSET g2:type="Integer">-29</g2:sa.Y-OFFSET></g2:Structure></g2:sa.POSITION></g2:Structure></g2:a.NAME-BOX></g2:c.PROCEDURE>

<g2:c.LOOSE-END ID="f631a43c4fe411dfb1b4001641761fb2">
  <g2:a.FOLLOWING-ITEM-IN-WORKSPACE-LAYERING><c.BENCHMARK-TEST rdf:resource="#f631a43d4fe411dfb1b4001641761fb2"/></g2:a.FOLLOWING-ITEM-IN-WORKSPACE-LAYERING>
  <g2:a.POSITION-IN-WORKSPACE>
    <g2:Structure>
      <g2:sa.X g2:type="Integer">697</g2:sa.X>
      <g2:sa.Y g2:type="Integer">-567</g2:sa.Y>
      <g2:sa.SUPERIOR><g2:c.KB-WORKSPACE rdf:resource="#ebd36edb4fde11dfb1b4001641761fb2"/></g2:sa.SUPERIOR></g2:Structure></g2:a.POSITION-IN-WORKSPACE></g2:c.LOOSE-END>

<c.BENCHMARK-TEST ID="f631a43d4fe411dfb1b4001641761fb2">
  <g2:a.NAMES g2:type="Symbol">LOAD-1</g2:a.NAMES>
  <ua.TEST-RESULT>
    <c.TEST-RESULT-PARAMETER ID="f631a43f4fe411dfb1b4001641761fb2">
      <g2:a.OPTIONS>
        <g2:Structure>
          <g2:sa.FORWARD-CHAIN g2:type="TruthValue">true</g2:sa.FORWARD-CHAIN>
          <g2:sa.FORWARD-CHAIN-EVEN-FOR-SAME-VALUE g2:type="TruthValue">false</g2:sa.FORWARD-CHAIN-EVEN-FOR-SAME-VALUE></g2:Structure></g2:a.OPTIONS>
      <ua.TEST-INFO>
        <g2:c.TEXT-PARAMETER ID="f631a4404fe411dfb1b4001641761fb2">
          <g2:a.OPTIONS>
            <g2:Structure>
              <g2:sa.FORWARD-CHAIN g2:type="TruthValue">false</g2:sa.FORWARD-CHAIN>
              <g2:sa.FORWARD-CHAIN-EVEN-FOR-SAME-VALUE g2:type="TruthValue">false</g2:sa.FORWARD-CHAIN-EVEN-FOR-SAME-VALUE></g2:Structure></g2:a.OPTIONS>
          <g2:a.ICON-VARIABLES>
            <g2:Structure>
              <g2:sa.WIDTH g2:type="Integer">50</g2:sa.WIDTH>
              <g2:sa.HEIGHT g2:type="Integer">50</g2:sa.HEIGHT></g2:Structure></g2:a.ICON-VARIABLES></g2:c.TEXT-PARAMETER></ua.TEST-INFO>
      <g2:a.ICON-VARIABLES>
        <g2:Structure>
          <g2:sa.WIDTH g2:type="Integer">50</g2:sa.WIDTH>
          <g2:sa.HEIGHT g2:type="Integer">50</g2:sa.HEIGHT></g2:Structure></g2:a.ICON-VARIABLES></c.TEST-RESULT-PARAMETER></ua.TEST-RESULT>
  <ua.TIMEOUT-LIMIT g2:type="Integer" g2:unit="SECONDS">10</ua.TIMEOUT-LIMIT>
  <ua.COUNTED g2:type="TruthValue" g2:unit="TRUTH-VALUE">false</ua.COUNTED>
  <g2:a.MANUALLY-DISABLED_qm g2:type="TruthValue">true</g2:a.MANUALLY-DISABLED_qm>
  <g2:a.ICON-VARIABLES>
    <g2:Structure>
      <g2:sa.WIDTH g2:type="Integer">30</g2:sa.WIDTH>
      <g2:sa.HEIGHT g2:type="Integer">24</g2:sa.HEIGHT></g2:Structure></g2:a.ICON-VARIABLES>
  <g2:a.FOLLOWING-ITEM-IN-WORKSPACE-LAYERING><c.NEXT-BENCHMARK rdf:resource="#51f86bd0822611e6aced000c2973fc18"/></g2:a.FOLLOWING-ITEM-IN-WORKSPACE-LAYERING>
  <g2:a.POSITION-IN-WORKSPACE>
    <g2:Structure>
      <g2:sa.X g2:type="Integer">700</g2:sa.X>
      <g2:sa.Y g2:type="Integer">-750</g2:sa.Y>
      <g2:sa.SUPERIOR><g2:c.KB-WORKSPACE rdf:resource="#ebd36edb4fde11dfb1b4001641761fb2"/></g2:sa.SUPERIOR></g2:Structure></g2:a.POSITION-IN-WORKSPACE>
  <g2:a.SIZE-IN-WORKSPACE>
    <g2:Structure>
      <g2:sa.WIDTH g2:type="Integer">30</g2:sa.WIDTH>
      <g2:sa.HEIGHT g2:type="Integer">24</g2:sa.HEIGHT></g2:Structure></g2:a.SIZE-IN-WORKSPACE>
  <g2:a.NAME-BOX>
    <g2:Structure>
      <g2:sa.COLOR>
        <g2:Structure>
          <g2:sa.BACKGROUND-COLOR g2:type="Symbol">TRANSPARENT</g2:sa.BACKGROUND-COLOR>
          <g2:sa.TEXT-COLOR g2:type="Symbol">FOREGROUND</g2:sa.TEXT-COLOR></g2:Structure></g2:sa.COLOR>
      <g2:sa.POSITION>
        <g2:Structure>
          <g2:sa.X-OFFSET g2:type="Integer">19</g2:sa.X-OFFSET>
          <g2:sa.Y-OFFSET g2:type="Integer">16</g2:sa.Y-OFFSET></g2:Structure></g2:sa.POSITION></g2:Structure></g2:a.NAME-BOX></c.BENCHMARK-TEST>

<g2:c.KB-WORKSPACE ID="f631a4414fe411dfb1b4001641761fb2">
  <g2:a.DEFAULT-WINDOW-POSITION-AND-SCALE>
    <g2:Structure>
      <g2:sa.X g2:type="Integer">565</g2:sa.X>
      <g2:sa.Y g2:type="Integer">484</g2:sa.Y></g2:Structure></g2:a.DEFAULT-WINDOW-POSITION-AND-SCALE>
  <g2:a.EDGES-OF-WORKSPACE>
    <g2:Structure>
      <g2:sa.LEFT g2:type="Integer">-350</g2:sa.LEFT>
      <g2:sa.TOP g2:type="Integer">250</g2:sa.TOP>
      <g2:sa.RIGHT g2:type="Integer">350</g2:sa.RIGHT>
      <g2:sa.BOTTOM g2:type="Integer">-250</g2:sa.BOTTOM></g2:Structure></g2:a.EDGES-OF-WORKSPACE>
  <g2:a.PARENT-OF-SUBWORKSPACE><c.BENCHMARK-TEST rdf:resource="#f631a43d4fe411dfb1b4001641761fb2"/></g2:a.PARENT-OF-SUBWORKSPACE></g2:c.KB-WORKSPACE>

<g2:c.PROCEDURE ID="f631a4424fe411dfb1b4001641761fb2">
  <g2:a.AUTHORS>
    <g2:Structure>
      <g2:sa.AUTHORS>
        <g2:Sequence>
          <rdf:li g2:type="Symbol">SYSADMIN</rdf:li></g2:Sequence></g2:sa.AUTHORS>
      <g2:sa.TIMESTAMP>
        <g2:Structure>
          <g2:sa.YEAR g2:type="Integer">2010</g2:sa.YEAR>
          <g2:sa.MONTH g2:type="Integer">4</g2:sa.MONTH>
          <g2:sa.DATE g2:type="Integer">25</g2:sa.DATE>
          <g2:sa.HOURS g2:type="Integer">2</g2:sa.HOURS>
          <g2:sa.MINUTES g2:type="Integer">34</g2:sa.MINUTES></g2:Structure></g2:sa.TIMESTAMP></g2:Structure></g2:a.AUTHORS>
  <g2:a.TEXT><![CDATA[
load-1-test(node: class benchmark-node )
err: class error;
begin
begin
call load-pca-model (pca-model1,"C:\bt\gc43r0\nolstudio\pca.pca");
end on error(err)
begin 
call fail(node, "Show Single Input failed");
return;
end;
end;
call pass(node);
end

]]></g2:a.TEXT>
  <g2:a.ICON-VARIABLES>
    <g2:Structure>
      <g2:sa.WIDTH g2:type="Integer">50</g2:sa.WIDTH>
      <g2:sa.HEIGHT g2:type="Integer">50</g2:sa.HEIGHT></g2:Structure></g2:a.ICON-VARIABLES>
  <g2:a.POSITION-IN-WORKSPACE>
    <g2:Structure>
      <g2:sa.X g2:type="Integer">-36</g2:sa.X>
      <g2:sa.Y g2:type="Integer">112</g2:sa.Y>
      <g2:sa.SUPERIOR><g2:c.KB-WORKSPACE rdf:resource="#f631a4414fe411dfb1b4001641761fb2"/></g2:sa.SUPERIOR></g2:Structure></g2:a.POSITION-IN-WORKSPACE>
  <g2:a.SIZE-IN-WORKSPACE>
    <g2:Structure>
      <g2:sa.WIDTH g2:type="Integer">50</g2:sa.WIDTH>
      <g2:sa.HEIGHT g2:type="Integer">50</g2:sa.HEIGHT></g2:Structure></g2:a.SIZE-IN-WORKSPACE>
  <g2:a.NAME-BOX>
    <g2:Structure>
      <g2:sa.COLOR>
        <g2:Structure>
          <g2:sa.BACKGROUND-COLOR g2:type="Symbol">TRANSPARENT</g2:sa.BACKGROUND-COLOR>
          <g2:sa.TEXT-COLOR g2:type="Symbol">FOREGROUND</g2:sa.TEXT-COLOR></g2:Structure></g2:sa.COLOR>
      <g2:sa.POSITION>
        <g2:Structure>
          <g2:sa.X-OFFSET g2:type="Integer">-59</g2:sa.X-OFFSET>
          <g2:sa.Y-OFFSET g2:type="Integer">-29</g2:sa.Y-OFFSET></g2:Structure></g2:sa.POSITION></g2:Structure></g2:a.NAME-BOX></g2:c.PROCEDURE>

<c.BENCHMARK-TEST ID="f631a4444fe411dfb1b4001641761fb2">
  <g2:a.NAMES g2:type="Symbol">TRAIN</g2:a.NAMES>
  <ua.TEST-RESULT>
    <c.TEST-RESULT-PARAMETER ID="f631a4464fe411dfb1b4001641761fb2">
      <g2:a.OPTIONS>
        <g2:Structure>
          <g2:sa.FORWARD-CHAIN g2:type="TruthValue">true</g2:sa.FORWARD-CHAIN>
          <g2:sa.FORWARD-CHAIN-EVEN-FOR-SAME-VALUE g2:type="TruthValue">false</g2:sa.FORWARD-CHAIN-EVEN-FOR-SAME-VALUE></g2:Structure></g2:a.OPTIONS>
      <ua.TEST-INFO>
        <g2:c.TEXT-PARAMETER ID="f631a4474fe411dfb1b4001641761fb2">
          <g2:a.OPTIONS>
            <g2:Structure>
              <g2:sa.FORWARD-CHAIN g2:type="TruthValue">false</g2:sa.FORWARD-CHAIN>
              <g2:sa.FORWARD-CHAIN-EVEN-FOR-SAME-VALUE g2:type="TruthValue">false</g2:sa.FORWARD-CHAIN-EVEN-FOR-SAME-VALUE></g2:Structure></g2:a.OPTIONS>
          <g2:a.ICON-VARIABLES>
            <g2:Structure>
              <g2:sa.WIDTH g2:type="Integer">50</g2:sa.WIDTH>
              <g2:sa.HEIGHT g2:type="Integer">50</g2:sa.HEIGHT></g2:Structure></g2:a.ICON-VARIABLES></g2:c.TEXT-PARAMETER></ua.TEST-INFO>
      <g2:a.ICON-VARIABLES>
        <g2:Structure>
          <g2:sa.WIDTH g2:type="Integer">50</g2:sa.WIDTH>
          <g2:sa.HEIGHT g2:type="Integer">50</g2:sa.HEIGHT></g2:Structure></g2:a.ICON-VARIABLES></c.TEST-RESULT-PARAMETER></ua.TEST-RESULT>
  <ua.TIMEOUT-LIMIT g2:type="Integer" g2:unit="SECONDS">10</ua.TIMEOUT-LIMIT>
  <ua.COUNTED g2:type="TruthValue" g2:unit="TRUTH-VALUE">false</ua.COUNTED>
  <g2:a.MANUALLY-DISABLED_qm g2:type="TruthValue">true</g2:a.MANUALLY-DISABLED_qm>
  <g2:a.ICON-VARIABLES>
    <g2:Structure>
      <g2:sa.WIDTH g2:type="Integer">30</g2:sa.WIDTH>
      <g2:sa.HEIGHT g2:type="Integer">24</g2:sa.HEIGHT></g2:Structure></g2:a.ICON-VARIABLES>
  <g2:a.FOLLOWING-ITEM-IN-WORKSPACE-LAYERING><c.NEXT-BENCHMARK rdf:resource="#51f86bcf822611e6aced000c2973fc18"/></g2:a.FOLLOWING-ITEM-IN-WORKSPACE-LAYERING>
  <g2:a.POSITION-IN-WORKSPACE>
    <g2:Structure>
      <g2:sa.X g2:type="Integer">699</g2:sa.X>
      <g2:sa.Y g2:type="Integer">-667</g2:sa.Y>
      <g2:sa.SUPERIOR><g2:c.KB-WORKSPACE rdf:resource="#ebd36edb4fde11dfb1b4001641761fb2"/></g2:sa.SUPERIOR></g2:Structure></g2:a.POSITION-IN-WORKSPACE>
  <g2:a.SIZE-IN-WORKSPACE>
    <g2:Structure>
      <g2:sa.WIDTH g2:type="Integer">30</g2:sa.WIDTH>
      <g2:sa.HEIGHT g2:type="Integer">24</g2:sa.HEIGHT></g2:Structure></g2:a.SIZE-IN-WORKSPACE>
  <g2:a.NAME-BOX>
    <g2:Structure>
      <g2:sa.COLOR>
        <g2:Structure>
          <g2:sa.BACKGROUND-COLOR g2:type="Symbol">TRANSPARENT</g2:sa.BACKGROUND-COLOR>
          <g2:sa.TEXT-COLOR g2:type="Symbol">FOREGROUND</g2:sa.TEXT-COLOR></g2:Structure></g2:sa.COLOR>
      <g2:sa.POSITION>
        <g2:Structure>
          <g2:sa.X-OFFSET g2:type="Integer">19</g2:sa.X-OFFSET>
          <g2:sa.Y-OFFSET g2:type="Integer">16</g2:sa.Y-OFFSET></g2:Structure></g2:sa.POSITION></g2:Structure></g2:a.NAME-BOX></c.BENCHMARK-TEST>

<g2:c.KB-WORKSPACE ID="f631a4484fe411dfb1b4001641761fb2">
  <g2:a.DEFAULT-WINDOW-POSITION-AND-SCALE>
    <g2:Structure>
      <g2:sa.X g2:type="Integer">391</g2:sa.X>
      <g2:sa.Y g2:type="Integer">348</g2:sa.Y></g2:Structure></g2:a.DEFAULT-WINDOW-POSITION-AND-SCALE>
  <g2:a.EDGES-OF-WORKSPACE>
    <g2:Structure>
      <g2:sa.LEFT g2:type="Integer">-350</g2:sa.LEFT>
      <g2:sa.TOP g2:type="Integer">250</g2:sa.TOP>
      <g2:sa.RIGHT g2:type="Integer">350</g2:sa.RIGHT>
      <g2:sa.BOTTOM g2:type="Integer">-250</g2:sa.BOTTOM></g2:Structure></g2:a.EDGES-OF-WORKSPACE>
  <g2:a.PARENT-OF-SUBWORKSPACE><c.BENCHMARK-TEST rdf:resource="#f631a4444fe411dfb1b4001641761fb2"/></g2:a.PARENT-OF-SUBWORKSPACE></g2:c.KB-WORKSPACE>

<g2:c.PROCEDURE ID="f631a4494fe411dfb1b4001641761fb2">
  <g2:a.TEXT><![CDATA[
train-test(node: class benchmark-node )
err: class error;
begin

begin
call nols-learn(pca-model1, data-matrix1 );
end on error(err)
begin
call fail(node, "failed");
return;
end;
end;
call pass(node);
end

]]></g2:a.TEXT>
  <g2:a.ICON-VARIABLES>
    <g2:Structure>
      <g2:sa.WIDTH g2:type="Integer">50</g2:sa.WIDTH>
      <g2:sa.HEIGHT g2:type="Integer">50</g2:sa.HEIGHT></g2:Structure></g2:a.ICON-VARIABLES>
  <g2:a.POSITION-IN-WORKSPACE>
    <g2:Structure>
      <g2:sa.X g2:type="Integer">-37</g2:sa.X>
      <g2:sa.Y g2:type="Integer">38</g2:sa.Y>
      <g2:sa.SUPERIOR><g2:c.KB-WORKSPACE rdf:resource="#f631a4484fe411dfb1b4001641761fb2"/></g2:sa.SUPERIOR></g2:Structure></g2:a.POSITION-IN-WORKSPACE>
  <g2:a.SIZE-IN-WORKSPACE>
    <g2:Structure>
      <g2:sa.WIDTH g2:type="Integer">50</g2:sa.WIDTH>
      <g2:sa.HEIGHT g2:type="Integer">50</g2:sa.HEIGHT></g2:Structure></g2:a.SIZE-IN-WORKSPACE>
  <g2:a.NAME-BOX>
    <g2:Structure>
      <g2:sa.COLOR>
        <g2:Structure>
          <g2:sa.BACKGROUND-COLOR g2:type="Symbol">TRANSPARENT</g2:sa.BACKGROUND-COLOR>
          <g2:sa.TEXT-COLOR g2:type="Symbol">FOREGROUND</g2:sa.TEXT-COLOR></g2:Structure></g2:sa.COLOR>
      <g2:sa.POSITION>
        <g2:Structure>
          <g2:sa.X-OFFSET g2:type="Integer">-55</g2:sa.X-OFFSET>
          <g2:sa.Y-OFFSET g2:type="Integer">-29</g2:sa.Y-OFFSET></g2:Structure></g2:sa.POSITION></g2:Structure></g2:a.NAME-BOX></g2:c.PROCEDURE>

<c.BENCHMARK-TEST ID="f631a44a4fe411dfb1b4001641761fb2">
  <g2:a.NAMES g2:type="Symbol">CALCULATE</g2:a.NAMES>
  <ua.TEST-RESULT>
    <c.TEST-RESULT-PARAMETER ID="f631a44c4fe411dfb1b4001641761fb2">
      <g2:a.OPTIONS>
        <g2:Structure>
          <g2:sa.FORWARD-CHAIN g2:type="TruthValue">true</g2:sa.FORWARD-CHAIN>
          <g2:sa.FORWARD-CHAIN-EVEN-FOR-SAME-VALUE g2:type="TruthValue">false</g2:sa.FORWARD-CHAIN-EVEN-FOR-SAME-VALUE></g2:Structure></g2:a.OPTIONS>
      <ua.TEST-INFO>
        <g2:c.TEXT-PARAMETER ID="f631a44d4fe411dfb1b4001641761fb2">
          <g2:a.OPTIONS>
            <g2:Structure>
              <g2:sa.FORWARD-CHAIN g2:type="TruthValue">false</g2:sa.FORWARD-CHAIN>
              <g2:sa.FORWARD-CHAIN-EVEN-FOR-SAME-VALUE g2:type="TruthValue">false</g2:sa.FORWARD-CHAIN-EVEN-FOR-SAME-VALUE></g2:Structure></g2:a.OPTIONS>
          <g2:a.ICON-VARIABLES>
            <g2:Structure>
              <g2:sa.WIDTH g2:type="Integer">50</g2:sa.WIDTH>
              <g2:sa.HEIGHT g2:type="Integer">50</g2:sa.HEIGHT></g2:Structure></g2:a.ICON-VARIABLES></g2:c.TEXT-PARAMETER></ua.TEST-INFO>
      <g2:a.ICON-VARIABLES>
        <g2:Structure>
          <g2:sa.WIDTH g2:type="Integer">50</g2:sa.WIDTH>
          <g2:sa.HEIGHT g2:type="Integer">50</g2:sa.HEIGHT></g2:Structure></g2:a.ICON-VARIABLES></c.TEST-RESULT-PARAMETER></ua.TEST-RESULT>
  <ua.TIMEOUT-LIMIT g2:type="Integer" g2:unit="SECONDS">10</ua.TIMEOUT-LIMIT>
  <ua.COUNTED g2:type="TruthValue" g2:unit="TRUTH-VALUE">false</ua.COUNTED>
  <g2:a.MANUALLY-DISABLED_qm g2:type="TruthValue">true</g2:a.MANUALLY-DISABLED_qm>
  <g2:a.ICON-VARIABLES>
    <g2:Structure>
      <g2:sa.WIDTH g2:type="Integer">30</g2:sa.WIDTH>
      <g2:sa.HEIGHT g2:type="Integer">24</g2:sa.HEIGHT></g2:Structure></g2:a.ICON-VARIABLES>
  <g2:a.FOLLOWING-ITEM-IN-WORKSPACE-LAYERING><c.NEXT-BENCHMARK rdf:resource="#f0b1f2ae76aa11e69b45000c2973fc18"/></g2:a.FOLLOWING-ITEM-IN-WORKSPACE-LAYERING>
  <g2:a.POSITION-IN-WORKSPACE>
    <g2:Structure>
      <g2:sa.X g2:type="Integer">697</g2:sa.X>
      <g2:sa.Y g2:type="Integer">-840</g2:sa.Y>
      <g2:sa.SUPERIOR><g2:c.KB-WORKSPACE rdf:resource="#ebd36edb4fde11dfb1b4001641761fb2"/></g2:sa.SUPERIOR></g2:Structure></g2:a.POSITION-IN-WORKSPACE>
  <g2:a.SIZE-IN-WORKSPACE>
    <g2:Structure>
      <g2:sa.WIDTH g2:type="Integer">30</g2:sa.WIDTH>
      <g2:sa.HEIGHT g2:type="Integer">24</g2:sa.HEIGHT></g2:Structure></g2:a.SIZE-IN-WORKSPACE>
  <g2:a.NAME-BOX>
    <g2:Structure>
      <g2:sa.COLOR>
        <g2:Structure>
          <g2:sa.BACKGROUND-COLOR g2:type="Symbol">TRANSPARENT</g2:sa.BACKGROUND-COLOR>
          <g2:sa.TEXT-COLOR g2:type="Symbol">FOREGROUND</g2:sa.TEXT-COLOR></g2:Structure></g2:sa.COLOR>
      <g2:sa.POSITION>
        <g2:Structure>
          <g2:sa.X-OFFSET g2:type="Integer">19</g2:sa.X-OFFSET>
          <g2:sa.Y-OFFSET g2:type="Integer">16</g2:sa.Y-OFFSET></g2:Structure></g2:sa.POSITION></g2:Structure></g2:a.NAME-BOX></c.BENCHMARK-TEST>

<g2:c.KB-WORKSPACE ID="f631a44e4fe411dfb1b4001641761fb2">
  <g2:a.DEFAULT-WINDOW-POSITION-AND-SCALE>
    <g2:Structure>
      <g2:sa.X g2:type="Integer">789</g2:sa.X>
      <g2:sa.Y g2:type="Integer">368</g2:sa.Y></g2:Structure></g2:a.DEFAULT-WINDOW-POSITION-AND-SCALE>
  <g2:a.EDGES-OF-WORKSPACE>
    <g2:Structure>
      <g2:sa.LEFT g2:type="Integer">-350</g2:sa.LEFT>
      <g2:sa.TOP g2:type="Integer">250</g2:sa.TOP>
      <g2:sa.RIGHT g2:type="Integer">350</g2:sa.RIGHT>
      <g2:sa.BOTTOM g2:type="Integer">-250</g2:sa.BOTTOM></g2:Structure></g2:a.EDGES-OF-WORKSPACE>
  <g2:a.PARENT-OF-SUBWORKSPACE><c.BENCHMARK-TEST rdf:resource="#f631a44a4fe411dfb1b4001641761fb2"/></g2:a.PARENT-OF-SUBWORKSPACE></g2:c.KB-WORKSPACE>

<g2:c.PROCEDURE ID="f631a44f4fe411dfb1b4001641761fb2">
  <g2:a.TEXT><![CDATA[
calculate-test(node: class benchmark-node )
err: class error;
begin
begin
call calculate-pca (pca-model1, data-matrix1 );
end on error(err)
begin
call fail(node, "failed");
return;
end;
end;
call pass(node);
end

]]></g2:a.TEXT>
  <g2:a.ICON-VARIABLES>
    <g2:Structure>
      <g2:sa.WIDTH g2:type="Integer">50</g2:sa.WIDTH>
      <g2:sa.HEIGHT g2:type="Integer">50</g2:sa.HEIGHT></g2:Structure></g2:a.ICON-VARIABLES>
  <g2:a.POSITION-IN-WORKSPACE>
    <g2:Structure>
      <g2:sa.X g2:type="Integer">15</g2:sa.X>
      <g2:sa.Y g2:type="Integer">70</g2:sa.Y>
      <g2:sa.SUPERIOR><g2:c.KB-WORKSPACE rdf:resource="#f631a44e4fe411dfb1b4001641761fb2"/></g2:sa.SUPERIOR></g2:Structure></g2:a.POSITION-IN-WORKSPACE>
  <g2:a.SIZE-IN-WORKSPACE>
    <g2:Structure>
      <g2:sa.WIDTH g2:type="Integer">50</g2:sa.WIDTH>
      <g2:sa.HEIGHT g2:type="Integer">50</g2:sa.HEIGHT></g2:Structure></g2:a.SIZE-IN-WORKSPACE>
  <g2:a.NAME-BOX>
    <g2:Structure>
      <g2:sa.COLOR>
        <g2:Structure>
          <g2:sa.BACKGROUND-COLOR g2:type="Symbol">TRANSPARENT</g2:sa.BACKGROUND-COLOR>
          <g2:sa.TEXT-COLOR g2:type="Symbol">FOREGROUND</g2:sa.TEXT-COLOR></g2:Structure></g2:sa.COLOR>
      <g2:sa.POSITION>
        <g2:Structure>
          <g2:sa.X-OFFSET g2:type="Integer">-76</g2:sa.X-OFFSET>
          <g2:sa.Y-OFFSET g2:type="Integer">-29</g2:sa.Y-OFFSET></g2:Structure></g2:sa.POSITION></g2:Structure></g2:a.NAME-BOX></g2:c.PROCEDURE>

<c.NEXT-BENCHMARK ID="f631a4504fe411dfb1b4001641761fb2">
  <g2:a.CONNECTION-VERTICES>
    <g2:Sequence>
      <rdf:li g2:type="Integer">4</rdf:li></g2:Sequence></g2:a.CONNECTION-VERTICES>
  <g2:a.CONNECTION-STYLE g2:type="Symbol">ORTHOGONAL</g2:a.CONNECTION-STYLE>
  <g2:a.CONNECTION-OUTPUT>
    <g2:Structure>
      <g2:sa.ITEM><g2:c.LOOSE-END rdf:resource="#f631a43c4fe411dfb1b4001641761fb2"/></g2:sa.ITEM>
      <g2:sa.SIDE g2:type="Symbol">BOTTOM</g2:sa.SIDE>
      <g2:sa.POSITION g2:type="Integer">0</g2:sa.POSITION>
      <g2:sa.PORT-NAME g2:type="Symbol">STUB-CONNECTION</g2:sa.PORT-NAME></g2:Structure></g2:a.CONNECTION-OUTPUT>
  <g2:a.CONNECTION-INPUT>
    <g2:Structure>
      <g2:sa.ITEM><c.BENCHMARK-TEST rdf:resource="#f631a4364fe411dfb1b4001641761fb2"/></g2:sa.ITEM>
      <g2:sa.SIDE g2:type="Symbol">TOP</g2:sa.SIDE>
      <g2:sa.POSITION g2:type="Integer">15</g2:sa.POSITION></g2:Structure></g2:a.CONNECTION-INPUT>
  <g2:a.FOLLOWING-ITEM-IN-WORKSPACE-LAYERING><g2:c.LOOSE-END rdf:resource="#f631a43c4fe411dfb1b4001641761fb2"/></g2:a.FOLLOWING-ITEM-IN-WORKSPACE-LAYERING>
  <g2:a.ITEM-COLOR-PATTERN>
    <g2:Structure>
      <g2:sa.OUTLINE g2:type="Symbol">RED</g2:sa.OUTLINE>
      <g2:sa.INSIDE g2:type="Symbol">TURQUOISE</g2:sa.INSIDE></g2:Structure></g2:a.ITEM-COLOR-PATTERN></c.NEXT-BENCHMARK>

<c.NEXT-BENCHMARK ID="f631a4524fe411dfb1b4001641761fb2">
  <g2:a.CONNECTION-VERTICES>
    <g2:Sequence>
      <rdf:li g2:type="Integer">12</rdf:li>
      <rdf:li g2:type="Integer">2</rdf:li></g2:Sequence></g2:a.CONNECTION-VERTICES>
  <g2:a.CONNECTION-STYLE g2:type="Symbol">ORTHOGONAL</g2:a.CONNECTION-STYLE>
  <g2:a.CONNECTION-OUTPUT>
    <g2:Structure>
      <g2:sa.ITEM><c.BENCHMARK-TEST rdf:resource="#f631a4444fe411dfb1b4001641761fb2"/></g2:sa.ITEM>
      <g2:sa.SIDE g2:type="Symbol">TOP</g2:sa.SIDE>
      <g2:sa.POSITION g2:type="Integer">15</g2:sa.POSITION></g2:Structure></g2:a.CONNECTION-OUTPUT>
  <g2:a.CONNECTION-INPUT>
    <g2:Structure>
      <g2:sa.ITEM><c.BENCHMARK-TEST rdf:resource="#f631a4364fe411dfb1b4001641761fb2"/></g2:sa.ITEM>
      <g2:sa.SIDE g2:type="Symbol">BOTTOM</g2:sa.SIDE>
      <g2:sa.POSITION g2:type="Integer">15</g2:sa.POSITION>
      <g2:sa.PORT-NAME g2:type="Symbol">NEXT-TEST-PORT</g2:sa.PORT-NAME></g2:Structure></g2:a.CONNECTION-INPUT>
  <g2:a.FOLLOWING-ITEM-IN-WORKSPACE-LAYERING><c.NEXT-BENCHMARK rdf:resource="#f631a4504fe411dfb1b4001641761fb2"/></g2:a.FOLLOWING-ITEM-IN-WORKSPACE-LAYERING>
  <g2:a.ITEM-COLOR-PATTERN>
    <g2:Structure>
      <g2:sa.OUTLINE g2:type="Symbol">RED</g2:sa.OUTLINE>
      <g2:sa.INSIDE g2:type="Symbol">TURQUOISE</g2:sa.INSIDE></g2:Structure></g2:a.ITEM-COLOR-PATTERN></c.NEXT-BENCHMARK>

<c.BENCHMARK-TEST ID="984eaa1c4fe411dfb1b4001641761fb2">
  <g2:a.NAMES g2:type="Symbol">SIMULATE-DATA</g2:a.NAMES>
  <ua.TEST-RESULT>
    <c.TEST-RESULT-PARAMETER ID="984eaa1e4fe411dfb1b4001641761fb2">
      <g2:a.OPTIONS>
        <g2:Structure>
          <g2:sa.FORWARD-CHAIN g2:type="TruthValue">true</g2:sa.FORWARD-CHAIN>
          <g2:sa.FORWARD-CHAIN-EVEN-FOR-SAME-VALUE g2:type="TruthValue">false</g2:sa.FORWARD-CHAIN-EVEN-FOR-SAME-VALUE></g2:Structure></g2:a.OPTIONS>
      <ua.TEST-INFO>
        <g2:c.TEXT-PARAMETER ID="984eaa1f4fe411dfb1b4001641761fb2">
          <g2:a.OPTIONS>
            <g2:Structure>
              <g2:sa.FORWARD-CHAIN g2:type="TruthValue">false</g2:sa.FORWARD-CHAIN>
              <g2:sa.FORWARD-CHAIN-EVEN-FOR-SAME-VALUE g2:type="TruthValue">false</g2:sa.FORWARD-CHAIN-EVEN-FOR-SAME-VALUE></g2:Structure></g2:a.OPTIONS>
          <g2:a.ICON-VARIABLES>
            <g2:Structure>
              <g2:sa.WIDTH g2:type="Integer">50</g2:sa.WIDTH>
              <g2:sa.HEIGHT g2:type="Integer">50</g2:sa.HEIGHT></g2:Structure></g2:a.ICON-VARIABLES></g2:c.TEXT-PARAMETER></ua.TEST-INFO>
      <g2:a.ICON-VARIABLES>
        <g2:Structure>
          <g2:sa.WIDTH g2:type="Integer">50</g2:sa.WIDTH>
          <g2:sa.HEIGHT g2:type="Integer">50</g2:sa.HEIGHT></g2:Structure></g2:a.ICON-VARIABLES></c.TEST-RESULT-PARAMETER></ua.TEST-RESULT>
  <ua.TIMEOUT-LIMIT g2:type="Integer" g2:unit="SECONDS">10</ua.TIMEOUT-LIMIT>
  <ua.COUNTED g2:type="TruthValue" g2:unit="TRUTH-VALUE">false</ua.COUNTED>
  <g2:a.ICON-VARIABLES>
    <g2:Structure>
      <g2:sa.WIDTH g2:type="Integer">30</g2:sa.WIDTH>
      <g2:sa.HEIGHT g2:type="Integer">24</g2:sa.HEIGHT></g2:Structure></g2:a.ICON-VARIABLES>
  <g2:a.FOLLOWING-ITEM-IN-WORKSPACE-LAYERING><c.NEXT-BENCHMARK rdf:resource="#7791402b822411e6aced000c2973fc18"/></g2:a.FOLLOWING-ITEM-IN-WORKSPACE-LAYERING>
  <g2:a.POSITION-IN-WORKSPACE>
    <g2:Structure>
      <g2:sa.X g2:type="Integer">958</g2:sa.X>
      <g2:sa.Y g2:type="Integer">83</g2:sa.Y>
      <g2:sa.SUPERIOR><g2:c.KB-WORKSPACE rdf:resource="#ebd36edb4fde11dfb1b4001641761fb2"/></g2:sa.SUPERIOR></g2:Structure></g2:a.POSITION-IN-WORKSPACE>
  <g2:a.SIZE-IN-WORKSPACE>
    <g2:Structure>
      <g2:sa.WIDTH g2:type="Integer">30</g2:sa.WIDTH>
      <g2:sa.HEIGHT g2:type="Integer">24</g2:sa.HEIGHT></g2:Structure></g2:a.SIZE-IN-WORKSPACE>
  <g2:a.NAME-BOX>
    <g2:Structure>
      <g2:sa.COLOR>
        <g2:Structure>
          <g2:sa.BACKGROUND-COLOR g2:type="Symbol">TRANSPARENT</g2:sa.BACKGROUND-COLOR>
          <g2:sa.TEXT-COLOR g2:type="Symbol">FOREGROUND</g2:sa.TEXT-COLOR></g2:Structure></g2:sa.COLOR>
      <g2:sa.POSITION>
        <g2:Structure>
          <g2:sa.X-OFFSET g2:type="Integer">19</g2:sa.X-OFFSET>
          <g2:sa.Y-OFFSET g2:type="Integer">16</g2:sa.Y-OFFSET></g2:Structure></g2:sa.POSITION></g2:Structure></g2:a.NAME-BOX></c.BENCHMARK-TEST>

<g2:c.KB-WORKSPACE ID="984eaa204fe411dfb1b4001641761fb2">
  <g2:a.DEFAULT-WINDOW-POSITION-AND-SCALE>
    <g2:Structure>
      <g2:sa.X g2:type="Integer">770</g2:sa.X>
      <g2:sa.Y g2:type="Integer">346</g2:sa.Y></g2:Structure></g2:a.DEFAULT-WINDOW-POSITION-AND-SCALE>
  <g2:a.EDGES-OF-WORKSPACE>
    <g2:Structure>
      <g2:sa.LEFT g2:type="Integer">-350</g2:sa.LEFT>
      <g2:sa.TOP g2:type="Integer">250</g2:sa.TOP>
      <g2:sa.RIGHT g2:type="Integer">350</g2:sa.RIGHT>
      <g2:sa.BOTTOM g2:type="Integer">-250</g2:sa.BOTTOM></g2:Structure></g2:a.EDGES-OF-WORKSPACE>
  <g2:a.PARENT-OF-SUBWORKSPACE><c.BENCHMARK-TEST rdf:resource="#984eaa1c4fe411dfb1b4001641761fb2"/></g2:a.PARENT-OF-SUBWORKSPACE></g2:c.KB-WORKSPACE>

<g2:c.PROCEDURE ID="984eaa214fe411dfb1b4001641761fb2">
  <g2:a.AUTHORS>
    <g2:Structure>
      <g2:sa.AUTHORS>
        <g2:Sequence>
          <rdf:li g2:type="Symbol">ADMINISTRATOR</rdf:li></g2:Sequence></g2:sa.AUTHORS>
      <g2:sa.TIMESTAMP>
        <g2:Structure>
          <g2:sa.YEAR g2:type="Integer">2016</g2:sa.YEAR>
          <g2:sa.MONTH g2:type="Integer">9</g2:sa.MONTH>
          <g2:sa.DATE g2:type="Integer">24</g2:sa.DATE>
          <g2:sa.HOURS g2:type="Integer">14</g2:sa.HOURS>
          <g2:sa.MINUTES g2:type="Integer">47</g2:sa.MINUTES></g2:Structure></g2:sa.TIMESTAMP></g2:Structure></g2:a.AUTHORS>
  <g2:a.UNINTERRUPTED-PROCEDURE-EXECUTION-LIMIT g2:type="Integer">600</g2:a.UNINTERRUPTED-PROCEDURE-EXECUTION-LIMIT>
  <g2:a.TEXT><![CDATA[
simulate-data-test(node: class benchmark-node )
    err: class error;
begin
    begin
        call gnne-demo-configure-data-filters(gnne-demo-data-novelty-filter);
        start gnne-generate-demo-data(3000);
    end on error(err)
        begin
            call fail(node, "failed");
            return;
        end;
    end;
    call pass(node);
end

]]></g2:a.TEXT>
  <g2:a.ICON-VARIABLES>
    <g2:Structure>
      <g2:sa.WIDTH g2:type="Integer">50</g2:sa.WIDTH>
      <g2:sa.HEIGHT g2:type="Integer">50</g2:sa.HEIGHT></g2:Structure></g2:a.ICON-VARIABLES>
  <g2:a.POSITION-IN-WORKSPACE>
    <g2:Structure>
      <g2:sa.X g2:type="Integer">-46</g2:sa.X>
      <g2:sa.Y g2:type="Integer">58</g2:sa.Y>
      <g2:sa.SUPERIOR><g2:c.KB-WORKSPACE rdf:resource="#984eaa204fe411dfb1b4001641761fb2"/></g2:sa.SUPERIOR></g2:Structure></g2:a.POSITION-IN-WORKSPACE>
  <g2:a.SIZE-IN-WORKSPACE>
    <g2:Structure>
      <g2:sa.WIDTH g2:type="Integer">50</g2:sa.WIDTH>
      <g2:sa.HEIGHT g2:type="Integer">50</g2:sa.HEIGHT></g2:Structure></g2:a.SIZE-IN-WORKSPACE>
  <g2:a.NAME-BOX>
    <g2:Structure>
      <g2:sa.COLOR>
        <g2:Structure>
          <g2:sa.BACKGROUND-COLOR g2:type="Symbol">TRANSPARENT</g2:sa.BACKGROUND-COLOR>
          <g2:sa.TEXT-COLOR g2:type="Symbol">FOREGROUND</g2:sa.TEXT-COLOR></g2:Structure></g2:sa.COLOR>
      <g2:sa.POSITION>
        <g2:Structure>
          <g2:sa.X-OFFSET g2:type="Integer">-93</g2:sa.X-OFFSET>
          <g2:sa.Y-OFFSET g2:type="Integer">-29</g2:sa.Y-OFFSET></g2:Structure></g2:sa.POSITION></g2:Structure></g2:a.NAME-BOX></g2:c.PROCEDURE>

<g2:c.LOOSE-END ID="984eaa234fe411dfb1b4001641761fb2">
  <g2:a.FOLLOWING-ITEM-IN-WORKSPACE-LAYERING><c.BENCHMARK-TEST rdf:resource="#984eaa244fe411dfb1b4001641761fb2"/></g2:a.FOLLOWING-ITEM-IN-WORKSPACE-LAYERING>
  <g2:a.POSITION-IN-WORKSPACE>
    <g2:Structure>
      <g2:sa.X g2:type="Integer">958</g2:sa.X>
      <g2:sa.Y g2:type="Integer">100</g2:sa.Y>
      <g2:sa.SUPERIOR><g2:c.KB-WORKSPACE rdf:resource="#ebd36edb4fde11dfb1b4001641761fb2"/></g2:sa.SUPERIOR></g2:Structure></g2:a.POSITION-IN-WORKSPACE></g2:c.LOOSE-END>

<c.BENCHMARK-TEST ID="984eaa244fe411dfb1b4001641761fb2">
  <g2:a.NAMES g2:type="Symbol">STOP-MATRIX-SIMULATION</g2:a.NAMES>
  <ua.TEST-RESULT>
    <c.TEST-RESULT-PARAMETER ID="984eaa264fe411dfb1b4001641761fb2">
      <g2:a.OPTIONS>
        <g2:Structure>
          <g2:sa.FORWARD-CHAIN g2:type="TruthValue">true</g2:sa.FORWARD-CHAIN>
          <g2:sa.FORWARD-CHAIN-EVEN-FOR-SAME-VALUE g2:type="TruthValue">false</g2:sa.FORWARD-CHAIN-EVEN-FOR-SAME-VALUE></g2:Structure></g2:a.OPTIONS>
      <ua.TEST-INFO>
        <g2:c.TEXT-PARAMETER ID="984eaa274fe411dfb1b4001641761fb2">
          <g2:a.OPTIONS>
            <g2:Structure>
              <g2:sa.FORWARD-CHAIN g2:type="TruthValue">false</g2:sa.FORWARD-CHAIN>
              <g2:sa.FORWARD-CHAIN-EVEN-FOR-SAME-VALUE g2:type="TruthValue">false</g2:sa.FORWARD-CHAIN-EVEN-FOR-SAME-VALUE></g2:Structure></g2:a.OPTIONS>
          <g2:a.ICON-VARIABLES>
            <g2:Structure>
              <g2:sa.WIDTH g2:type="Integer">50</g2:sa.WIDTH>
              <g2:sa.HEIGHT g2:type="Integer">50</g2:sa.HEIGHT></g2:Structure></g2:a.ICON-VARIABLES></g2:c.TEXT-PARAMETER></ua.TEST-INFO>
      <g2:a.ICON-VARIABLES>
        <g2:Structure>
          <g2:sa.WIDTH g2:type="Integer">50</g2:sa.WIDTH>
          <g2:sa.HEIGHT g2:type="Integer">50</g2:sa.HEIGHT></g2:Structure></g2:a.ICON-VARIABLES></c.TEST-RESULT-PARAMETER></ua.TEST-RESULT>
  <ua.TIMEOUT-LIMIT g2:type="Integer" g2:unit="SECONDS">10</ua.TIMEOUT-LIMIT>
  <ua.COUNTED g2:type="TruthValue" g2:unit="TRUTH-VALUE">false</ua.COUNTED>
  <g2:a.ICON-VARIABLES>
    <g2:Structure>
      <g2:sa.WIDTH g2:type="Integer">30</g2:sa.WIDTH>
      <g2:sa.HEIGHT g2:type="Integer">24</g2:sa.HEIGHT></g2:Structure></g2:a.ICON-VARIABLES>
  <g2:a.FOLLOWING-ITEM-IN-WORKSPACE-LAYERING><c.NEXT-BENCHMARK rdf:resource="#7791401e822411e6aced000c2973fc18"/></g2:a.FOLLOWING-ITEM-IN-WORKSPACE-LAYERING>
  <g2:a.POSITION-IN-WORKSPACE>
    <g2:Structure>
      <g2:sa.X g2:type="Integer">958</g2:sa.X>
      <g2:sa.Y g2:type="Integer">-124</g2:sa.Y>
      <g2:sa.SUPERIOR><g2:c.KB-WORKSPACE rdf:resource="#ebd36edb4fde11dfb1b4001641761fb2"/></g2:sa.SUPERIOR></g2:Structure></g2:a.POSITION-IN-WORKSPACE>
  <g2:a.SIZE-IN-WORKSPACE>
    <g2:Structure>
      <g2:sa.WIDTH g2:type="Integer">30</g2:sa.WIDTH>
      <g2:sa.HEIGHT g2:type="Integer">24</g2:sa.HEIGHT></g2:Structure></g2:a.SIZE-IN-WORKSPACE>
  <g2:a.NAME-BOX>
    <g2:Structure>
      <g2:sa.COLOR>
        <g2:Structure>
          <g2:sa.BACKGROUND-COLOR g2:type="Symbol">TRANSPARENT</g2:sa.BACKGROUND-COLOR>
          <g2:sa.TEXT-COLOR g2:type="Symbol">FOREGROUND</g2:sa.TEXT-COLOR></g2:Structure></g2:sa.COLOR>
      <g2:sa.POSITION>
        <g2:Structure>
          <g2:sa.X-OFFSET g2:type="Integer">19</g2:sa.X-OFFSET>
          <g2:sa.Y-OFFSET g2:type="Integer">16</g2:sa.Y-OFFSET></g2:Structure></g2:sa.POSITION></g2:Structure></g2:a.NAME-BOX></c.BENCHMARK-TEST>

<g2:c.KB-WORKSPACE ID="984eaa284fe411dfb1b4001641761fb2">
  <g2:a.DEFAULT-WINDOW-POSITION-AND-SCALE>
    <g2:Structure>
      <g2:sa.X g2:type="Integer">627</g2:sa.X>
      <g2:sa.Y g2:type="Integer">330</g2:sa.Y></g2:Structure></g2:a.DEFAULT-WINDOW-POSITION-AND-SCALE>
  <g2:a.EDGES-OF-WORKSPACE>
    <g2:Structure>
      <g2:sa.LEFT g2:type="Integer">-350</g2:sa.LEFT>
      <g2:sa.TOP g2:type="Integer">250</g2:sa.TOP>
      <g2:sa.RIGHT g2:type="Integer">350</g2:sa.RIGHT>
      <g2:sa.BOTTOM g2:type="Integer">-250</g2:sa.BOTTOM></g2:Structure></g2:a.EDGES-OF-WORKSPACE>
  <g2:a.PARENT-OF-SUBWORKSPACE><c.BENCHMARK-TEST rdf:resource="#984eaa244fe411dfb1b4001641761fb2"/></g2:a.PARENT-OF-SUBWORKSPACE></g2:c.KB-WORKSPACE>

<g2:c.PROCEDURE ID="984eaa294fe411dfb1b4001641761fb2">
  <g2:a.AUTHORS>
    <g2:Structure>
      <g2:sa.AUTHORS>
        <g2:Sequence>
          <rdf:li g2:type="Symbol">ADMINISTRATOR</rdf:li></g2:Sequence></g2:sa.AUTHORS>
      <g2:sa.TIMESTAMP>
        <g2:Structure>
          <g2:sa.YEAR g2:type="Integer">2016</g2:sa.YEAR>
          <g2:sa.MONTH g2:type="Integer">9</g2:sa.MONTH>
          <g2:sa.DATE g2:type="Integer">24</g2:sa.DATE>
          <g2:sa.HOURS g2:type="Integer">14</g2:sa.HOURS>
          <g2:sa.MINUTES g2:type="Integer">49</g2:sa.MINUTES></g2:Structure></g2:sa.TIMESTAMP></g2:Structure></g2:a.AUTHORS>
  <g2:a.TEXT><![CDATA[
stop-matrix-simulation-test(node: class benchmark-node )
    err: class error;
begin
    begin
        abort gnne-generate-demo-matrix; 
        call gnne-clear-demo-matrix ( );
    end on error(err)
        begin
            call fail(node, "Show Outputs failed");
            return;
        end;
    end;
    call pass(node);
end

]]></g2:a.TEXT>
  <g2:a.ICON-VARIABLES>
    <g2:Structure>
      <g2:sa.WIDTH g2:type="Integer">50</g2:sa.WIDTH>
      <g2:sa.HEIGHT g2:type="Integer">50</g2:sa.HEIGHT></g2:Structure></g2:a.ICON-VARIABLES>
  <g2:a.POSITION-IN-WORKSPACE>
    <g2:Structure>
      <g2:sa.X g2:type="Integer">15</g2:sa.X>
      <g2:sa.Y g2:type="Integer">70</g2:sa.Y>
      <g2:sa.SUPERIOR><g2:c.KB-WORKSPACE rdf:resource="#984eaa284fe411dfb1b4001641761fb2"/></g2:sa.SUPERIOR></g2:Structure></g2:a.POSITION-IN-WORKSPACE>
  <g2:a.SIZE-IN-WORKSPACE>
    <g2:Structure>
      <g2:sa.WIDTH g2:type="Integer">50</g2:sa.WIDTH>
      <g2:sa.HEIGHT g2:type="Integer">50</g2:sa.HEIGHT></g2:Structure></g2:a.SIZE-IN-WORKSPACE>
  <g2:a.NAME-BOX>
    <g2:Structure>
      <g2:sa.COLOR>
        <g2:Structure>
          <g2:sa.BACKGROUND-COLOR g2:type="Symbol">TRANSPARENT</g2:sa.BACKGROUND-COLOR>
          <g2:sa.TEXT-COLOR g2:type="Symbol">FOREGROUND</g2:sa.TEXT-COLOR></g2:Structure></g2:sa.COLOR>
      <g2:sa.POSITION>
        <g2:Structure>
          <g2:sa.X-OFFSET g2:type="Integer">-131</g2:sa.X-OFFSET>
          <g2:sa.Y-OFFSET g2:type="Integer">-29</g2:sa.Y-OFFSET></g2:Structure></g2:sa.POSITION></g2:Structure></g2:a.NAME-BOX></g2:c.PROCEDURE>

<c.BENCHMARK-TEST ID="984eaa2a4fe411dfb1b4001641761fb2">
  <g2:a.NAMES g2:type="Symbol">SIMULATE-MATRIX</g2:a.NAMES>
  <ua.TEST-RESULT>
    <c.TEST-RESULT-PARAMETER ID="984eaa2c4fe411dfb1b4001641761fb2">
      <g2:a.OPTIONS>
        <g2:Structure>
          <g2:sa.FORWARD-CHAIN g2:type="TruthValue">true</g2:sa.FORWARD-CHAIN>
          <g2:sa.FORWARD-CHAIN-EVEN-FOR-SAME-VALUE g2:type="TruthValue">false</g2:sa.FORWARD-CHAIN-EVEN-FOR-SAME-VALUE></g2:Structure></g2:a.OPTIONS>
      <ua.TEST-INFO>
        <g2:c.TEXT-PARAMETER ID="984eaa2d4fe411dfb1b4001641761fb2">
          <g2:a.OPTIONS>
            <g2:Structure>
              <g2:sa.FORWARD-CHAIN g2:type="TruthValue">false</g2:sa.FORWARD-CHAIN>
              <g2:sa.FORWARD-CHAIN-EVEN-FOR-SAME-VALUE g2:type="TruthValue">false</g2:sa.FORWARD-CHAIN-EVEN-FOR-SAME-VALUE></g2:Structure></g2:a.OPTIONS>
          <g2:a.ICON-VARIABLES>
            <g2:Structure>
              <g2:sa.WIDTH g2:type="Integer">50</g2:sa.WIDTH>
              <g2:sa.HEIGHT g2:type="Integer">50</g2:sa.HEIGHT></g2:Structure></g2:a.ICON-VARIABLES></g2:c.TEXT-PARAMETER></ua.TEST-INFO>
      <g2:a.ICON-VARIABLES>
        <g2:Structure>
          <g2:sa.WIDTH g2:type="Integer">50</g2:sa.WIDTH>
          <g2:sa.HEIGHT g2:type="Integer">50</g2:sa.HEIGHT></g2:Structure></g2:a.ICON-VARIABLES></c.TEST-RESULT-PARAMETER></ua.TEST-RESULT>
  <ua.TIMEOUT-LIMIT g2:type="Integer" g2:unit="SECONDS">10</ua.TIMEOUT-LIMIT>
  <ua.COUNTED g2:type="TruthValue" g2:unit="TRUTH-VALUE">false</ua.COUNTED>
  <g2:a.ICON-VARIABLES>
    <g2:Structure>
      <g2:sa.WIDTH g2:type="Integer">30</g2:sa.WIDTH>
      <g2:sa.HEIGHT g2:type="Integer">24</g2:sa.HEIGHT></g2:Structure></g2:a.ICON-VARIABLES>
  <g2:a.FOLLOWING-ITEM-IN-WORKSPACE-LAYERING><c.NEXT-BENCHMARK rdf:resource="#984eaa5e4fe411dfb1b4001641761fb2"/></g2:a.FOLLOWING-ITEM-IN-WORKSPACE-LAYERING>
  <g2:a.POSITION-IN-WORKSPACE>
    <g2:Structure>
      <g2:sa.X g2:type="Integer">958</g2:sa.X>
      <g2:sa.Y g2:type="Integer">-58</g2:sa.Y>
      <g2:sa.SUPERIOR><g2:c.KB-WORKSPACE rdf:resource="#ebd36edb4fde11dfb1b4001641761fb2"/></g2:sa.SUPERIOR></g2:Structure></g2:a.POSITION-IN-WORKSPACE>
  <g2:a.SIZE-IN-WORKSPACE>
    <g2:Structure>
      <g2:sa.WIDTH g2:type="Integer">30</g2:sa.WIDTH>
      <g2:sa.HEIGHT g2:type="Integer">24</g2:sa.HEIGHT></g2:Structure></g2:a.SIZE-IN-WORKSPACE>
  <g2:a.NAME-BOX>
    <g2:Structure>
      <g2:sa.COLOR>
        <g2:Structure>
          <g2:sa.BACKGROUND-COLOR g2:type="Symbol">TRANSPARENT</g2:sa.BACKGROUND-COLOR>
          <g2:sa.TEXT-COLOR g2:type="Symbol">FOREGROUND</g2:sa.TEXT-COLOR></g2:Structure></g2:sa.COLOR>
      <g2:sa.POSITION>
        <g2:Structure>
          <g2:sa.X-OFFSET g2:type="Integer">19</g2:sa.X-OFFSET>
          <g2:sa.Y-OFFSET g2:type="Integer">16</g2:sa.Y-OFFSET></g2:Structure></g2:sa.POSITION></g2:Structure></g2:a.NAME-BOX></c.BENCHMARK-TEST>

<g2:c.KB-WORKSPACE ID="984eaa2e4fe411dfb1b4001641761fb2">
  <g2:a.DEFAULT-WINDOW-POSITION-AND-SCALE>
    <g2:Structure>
      <g2:sa.X g2:type="Integer">627</g2:sa.X>
      <g2:sa.Y g2:type="Integer">330</g2:sa.Y></g2:Structure></g2:a.DEFAULT-WINDOW-POSITION-AND-SCALE>
  <g2:a.EDGES-OF-WORKSPACE>
    <g2:Structure>
      <g2:sa.LEFT g2:type="Integer">-350</g2:sa.LEFT>
      <g2:sa.TOP g2:type="Integer">250</g2:sa.TOP>
      <g2:sa.RIGHT g2:type="Integer">350</g2:sa.RIGHT>
      <g2:sa.BOTTOM g2:type="Integer">-250</g2:sa.BOTTOM></g2:Structure></g2:a.EDGES-OF-WORKSPACE>
  <g2:a.PARENT-OF-SUBWORKSPACE><c.BENCHMARK-TEST rdf:resource="#984eaa2a4fe411dfb1b4001641761fb2"/></g2:a.PARENT-OF-SUBWORKSPACE></g2:c.KB-WORKSPACE>

<g2:c.PROCEDURE ID="984eaa2f4fe411dfb1b4001641761fb2">
  <g2:a.AUTHORS>
    <g2:Structure>
      <g2:sa.AUTHORS>
        <g2:Sequence>
          <rdf:li g2:type="Symbol">ADMINISTRATOR</rdf:li></g2:Sequence></g2:sa.AUTHORS>
      <g2:sa.TIMESTAMP>
        <g2:Structure>
          <g2:sa.YEAR g2:type="Integer">2016</g2:sa.YEAR>
          <g2:sa.MONTH g2:type="Integer">9</g2:sa.MONTH>
          <g2:sa.DATE g2:type="Integer">24</g2:sa.DATE>
          <g2:sa.HOURS g2:type="Integer">14</g2:sa.HOURS>
          <g2:sa.MINUTES g2:type="Integer">48</g2:sa.MINUTES></g2:Structure></g2:sa.TIMESTAMP></g2:Structure></g2:a.AUTHORS>
  <g2:a.TEXT><![CDATA[
simulate-matrix-test(node: class benchmark-node )
    err: class error;
begin
    begin
        start gnne-generate-demo-matrix(3000);
    end on error(err)
        begin
            call fail(node, "Show Single Input failed");
            return;
        end;
    end;
    call pass(node);
end

]]></g2:a.TEXT>
  <g2:a.ICON-VARIABLES>
    <g2:Structure>
      <g2:sa.WIDTH g2:type="Integer">50</g2:sa.WIDTH>
      <g2:sa.HEIGHT g2:type="Integer">50</g2:sa.HEIGHT></g2:Structure></g2:a.ICON-VARIABLES>
  <g2:a.POSITION-IN-WORKSPACE>
    <g2:Structure>
      <g2:sa.X g2:type="Integer">-36</g2:sa.X>
      <g2:sa.Y g2:type="Integer">112</g2:sa.Y>
      <g2:sa.SUPERIOR><g2:c.KB-WORKSPACE rdf:resource="#984eaa2e4fe411dfb1b4001641761fb2"/></g2:sa.SUPERIOR></g2:Structure></g2:a.POSITION-IN-WORKSPACE>
  <g2:a.SIZE-IN-WORKSPACE>
    <g2:Structure>
      <g2:sa.WIDTH g2:type="Integer">50</g2:sa.WIDTH>
      <g2:sa.HEIGHT g2:type="Integer">50</g2:sa.HEIGHT></g2:Structure></g2:a.SIZE-IN-WORKSPACE>
  <g2:a.NAME-BOX>
    <g2:Structure>
      <g2:sa.COLOR>
        <g2:Structure>
          <g2:sa.BACKGROUND-COLOR g2:type="Symbol">TRANSPARENT</g2:sa.BACKGROUND-COLOR>
          <g2:sa.TEXT-COLOR g2:type="Symbol">FOREGROUND</g2:sa.TEXT-COLOR></g2:Structure></g2:sa.COLOR>
      <g2:sa.POSITION>
        <g2:Structure>
          <g2:sa.X-OFFSET g2:type="Integer">-101</g2:sa.X-OFFSET>
          <g2:sa.Y-OFFSET g2:type="Integer">-29</g2:sa.Y-OFFSET></g2:Structure></g2:sa.POSITION></g2:Structure></g2:a.NAME-BOX></g2:c.PROCEDURE>

<c.BENCHMARK-TEST ID="984eaa304fe411dfb1b4001641761fb2">
  <g2:a.NAMES g2:type="Symbol">STOP-SIMULATION</g2:a.NAMES>
  <ua.TEST-RESULT>
    <c.TEST-RESULT-PARAMETER ID="984eaa324fe411dfb1b4001641761fb2">
      <g2:a.OPTIONS>
        <g2:Structure>
          <g2:sa.FORWARD-CHAIN g2:type="TruthValue">true</g2:sa.FORWARD-CHAIN>
          <g2:sa.FORWARD-CHAIN-EVEN-FOR-SAME-VALUE g2:type="TruthValue">false</g2:sa.FORWARD-CHAIN-EVEN-FOR-SAME-VALUE></g2:Structure></g2:a.OPTIONS>
      <ua.TEST-INFO>
        <g2:c.TEXT-PARAMETER ID="984eaa334fe411dfb1b4001641761fb2">
          <g2:a.OPTIONS>
            <g2:Structure>
              <g2:sa.FORWARD-CHAIN g2:type="TruthValue">false</g2:sa.FORWARD-CHAIN>
              <g2:sa.FORWARD-CHAIN-EVEN-FOR-SAME-VALUE g2:type="TruthValue">false</g2:sa.FORWARD-CHAIN-EVEN-FOR-SAME-VALUE></g2:Structure></g2:a.OPTIONS>
          <g2:a.ICON-VARIABLES>
            <g2:Structure>
              <g2:sa.WIDTH g2:type="Integer">50</g2:sa.WIDTH>
              <g2:sa.HEIGHT g2:type="Integer">50</g2:sa.HEIGHT></g2:Structure></g2:a.ICON-VARIABLES></g2:c.TEXT-PARAMETER></ua.TEST-INFO>
      <g2:a.ICON-VARIABLES>
        <g2:Structure>
          <g2:sa.WIDTH g2:type="Integer">50</g2:sa.WIDTH>
          <g2:sa.HEIGHT g2:type="Integer">50</g2:sa.HEIGHT></g2:Structure></g2:a.ICON-VARIABLES></c.TEST-RESULT-PARAMETER></ua.TEST-RESULT>
  <ua.TIMEOUT-LIMIT g2:type="Integer" g2:unit="SECONDS">10</ua.TIMEOUT-LIMIT>
  <ua.COUNTED g2:type="TruthValue" g2:unit="TRUTH-VALUE">false</ua.COUNTED>
  <g2:a.ICON-VARIABLES>
    <g2:Structure>
      <g2:sa.WIDTH g2:type="Integer">30</g2:sa.WIDTH>
      <g2:sa.HEIGHT g2:type="Integer">24</g2:sa.HEIGHT></g2:Structure></g2:a.ICON-VARIABLES>
  <g2:a.FOLLOWING-ITEM-IN-WORKSPACE-LAYERING><c.NEXT-BENCHMARK rdf:resource="#984eaa5f4fe411dfb1b4001641761fb2"/></g2:a.FOLLOWING-ITEM-IN-WORKSPACE-LAYERING>
  <g2:a.POSITION-IN-WORKSPACE>
    <g2:Structure>
      <g2:sa.X g2:type="Integer">958</g2:sa.X>
      <g2:sa.Y g2:type="Integer">13</g2:sa.Y>
      <g2:sa.SUPERIOR><g2:c.KB-WORKSPACE rdf:resource="#ebd36edb4fde11dfb1b4001641761fb2"/></g2:sa.SUPERIOR></g2:Structure></g2:a.POSITION-IN-WORKSPACE>
  <g2:a.SIZE-IN-WORKSPACE>
    <g2:Structure>
      <g2:sa.WIDTH g2:type="Integer">30</g2:sa.WIDTH>
      <g2:sa.HEIGHT g2:type="Integer">24</g2:sa.HEIGHT></g2:Structure></g2:a.SIZE-IN-WORKSPACE>
  <g2:a.NAME-BOX>
    <g2:Structure>
      <g2:sa.COLOR>
        <g2:Structure>
          <g2:sa.BACKGROUND-COLOR g2:type="Symbol">TRANSPARENT</g2:sa.BACKGROUND-COLOR>
          <g2:sa.TEXT-COLOR g2:type="Symbol">FOREGROUND</g2:sa.TEXT-COLOR></g2:Structure></g2:sa.COLOR>
      <g2:sa.POSITION>
        <g2:Structure>
          <g2:sa.X-OFFSET g2:type="Integer">19</g2:sa.X-OFFSET>
          <g2:sa.Y-OFFSET g2:type="Integer">16</g2:sa.Y-OFFSET></g2:Structure></g2:sa.POSITION></g2:Structure></g2:a.NAME-BOX></c.BENCHMARK-TEST>

<g2:c.KB-WORKSPACE ID="984eaa344fe411dfb1b4001641761fb2">
  <g2:a.DEFAULT-WINDOW-POSITION-AND-SCALE>
    <g2:Structure>
      <g2:sa.X g2:type="Integer">391</g2:sa.X>
      <g2:sa.Y g2:type="Integer">348</g2:sa.Y></g2:Structure></g2:a.DEFAULT-WINDOW-POSITION-AND-SCALE>
  <g2:a.EDGES-OF-WORKSPACE>
    <g2:Structure>
      <g2:sa.LEFT g2:type="Integer">-350</g2:sa.LEFT>
      <g2:sa.TOP g2:type="Integer">250</g2:sa.TOP>
      <g2:sa.RIGHT g2:type="Integer">350</g2:sa.RIGHT>
      <g2:sa.BOTTOM g2:type="Integer">-250</g2:sa.BOTTOM></g2:Structure></g2:a.EDGES-OF-WORKSPACE>
  <g2:a.PARENT-OF-SUBWORKSPACE><c.BENCHMARK-TEST rdf:resource="#984eaa304fe411dfb1b4001641761fb2"/></g2:a.PARENT-OF-SUBWORKSPACE></g2:c.KB-WORKSPACE>

<g2:c.PROCEDURE ID="984eaa354fe411dfb1b4001641761fb2">
  <g2:a.AUTHORS>
    <g2:Structure>
      <g2:sa.AUTHORS>
        <g2:Sequence>
          <rdf:li g2:type="Symbol">ADMINISTRATOR</rdf:li></g2:Sequence></g2:sa.AUTHORS>
      <g2:sa.TIMESTAMP>
        <g2:Structure>
          <g2:sa.YEAR g2:type="Integer">2016</g2:sa.YEAR>
          <g2:sa.MONTH g2:type="Integer">9</g2:sa.MONTH>
          <g2:sa.DATE g2:type="Integer">24</g2:sa.DATE>
          <g2:sa.HOURS g2:type="Integer">14</g2:sa.HOURS>
          <g2:sa.MINUTES g2:type="Integer">46</g2:sa.MINUTES></g2:Structure></g2:sa.TIMESTAMP></g2:Structure></g2:a.AUTHORS>
  <g2:a.TEXT><![CDATA[
stop-simulation-test(node: class benchmark-node )
    err: class error;
begin
    begin
        abort gnne-generate-demo-data;
        call gnne-clear-demo-data ();
    end on error(err)
        begin
            call fail(node, "failed");
            return;
        end;
    end;
    call pass(node);
end
]]></g2:a.TEXT>
  <g2:a.ICON-VARIABLES>
    <g2:Structure>
      <g2:sa.WIDTH g2:type="Integer">50</g2:sa.WIDTH>
      <g2:sa.HEIGHT g2:type="Integer">50</g2:sa.HEIGHT></g2:Structure></g2:a.ICON-VARIABLES>
  <g2:a.POSITION-IN-WORKSPACE>
    <g2:Structure>
      <g2:sa.X g2:type="Integer">-37</g2:sa.X>
      <g2:sa.Y g2:type="Integer">38</g2:sa.Y>
      <g2:sa.SUPERIOR><g2:c.KB-WORKSPACE rdf:resource="#984eaa344fe411dfb1b4001641761fb2"/></g2:sa.SUPERIOR></g2:Structure></g2:a.POSITION-IN-WORKSPACE>
  <g2:a.SIZE-IN-WORKSPACE>
    <g2:Structure>
      <g2:sa.WIDTH g2:type="Integer">50</g2:sa.WIDTH>
      <g2:sa.HEIGHT g2:type="Integer">50</g2:sa.HEIGHT></g2:Structure></g2:a.SIZE-IN-WORKSPACE>
  <g2:a.NAME-BOX>
    <g2:Structure>
      <g2:sa.COLOR>
        <g2:Structure>
          <g2:sa.BACKGROUND-COLOR g2:type="Symbol">TRANSPARENT</g2:sa.BACKGROUND-COLOR>
          <g2:sa.TEXT-COLOR g2:type="Symbol">FOREGROUND</g2:sa.TEXT-COLOR></g2:Structure></g2:sa.COLOR>
      <g2:sa.POSITION>
        <g2:Structure>
          <g2:sa.X-OFFSET g2:type="Integer">-100</g2:sa.X-OFFSET>
          <g2:sa.Y-OFFSET g2:type="Integer">-29</g2:sa.Y-OFFSET></g2:Structure></g2:sa.POSITION></g2:Structure></g2:a.NAME-BOX></g2:c.PROCEDURE>

<c.BENCHMARK-TEST ID="984eaa364fe411dfb1b4001641761fb2">
  <g2:a.NAMES g2:type="Symbol">LOAD-FROM-NOLS</g2:a.NAMES>
  <ua.TEST-RESULT>
    <c.TEST-RESULT-PARAMETER ID="984eaa384fe411dfb1b4001641761fb2">
      <g2:a.OPTIONS>
        <g2:Structure>
          <g2:sa.FORWARD-CHAIN g2:type="TruthValue">true</g2:sa.FORWARD-CHAIN>
          <g2:sa.FORWARD-CHAIN-EVEN-FOR-SAME-VALUE g2:type="TruthValue">false</g2:sa.FORWARD-CHAIN-EVEN-FOR-SAME-VALUE></g2:Structure></g2:a.OPTIONS>
      <ua.TEST-INFO>
        <g2:c.TEXT-PARAMETER ID="984eaa394fe411dfb1b4001641761fb2">
          <g2:a.OPTIONS>
            <g2:Structure>
              <g2:sa.FORWARD-CHAIN g2:type="TruthValue">false</g2:sa.FORWARD-CHAIN>
              <g2:sa.FORWARD-CHAIN-EVEN-FOR-SAME-VALUE g2:type="TruthValue">false</g2:sa.FORWARD-CHAIN-EVEN-FOR-SAME-VALUE></g2:Structure></g2:a.OPTIONS>
          <g2:a.ICON-VARIABLES>
            <g2:Structure>
              <g2:sa.WIDTH g2:type="Integer">50</g2:sa.WIDTH>
              <g2:sa.HEIGHT g2:type="Integer">50</g2:sa.HEIGHT></g2:Structure></g2:a.ICON-VARIABLES></g2:c.TEXT-PARAMETER></ua.TEST-INFO>
      <g2:a.ICON-VARIABLES>
        <g2:Structure>
          <g2:sa.WIDTH g2:type="Integer">50</g2:sa.WIDTH>
          <g2:sa.HEIGHT g2:type="Integer">50</g2:sa.HEIGHT></g2:Structure></g2:a.ICON-VARIABLES></c.TEST-RESULT-PARAMETER></ua.TEST-RESULT>
  <ua.TIMEOUT-LIMIT g2:type="Integer" g2:unit="SECONDS">10</ua.TIMEOUT-LIMIT>
  <ua.COUNTED g2:type="TruthValue" g2:unit="TRUTH-VALUE">false</ua.COUNTED>
  <g2:a.MANUALLY-DISABLED_qm g2:type="TruthValue">true</g2:a.MANUALLY-DISABLED_qm>
  <g2:a.ICON-VARIABLES>
    <g2:Structure>
      <g2:sa.WIDTH g2:type="Integer">30</g2:sa.WIDTH>
      <g2:sa.HEIGHT g2:type="Integer">24</g2:sa.HEIGHT></g2:Structure></g2:a.ICON-VARIABLES>
  <g2:a.FOLLOWING-ITEM-IN-WORKSPACE-LAYERING><c.NEXT-BENCHMARK rdf:resource="#77914021822411e6aced000c2973fc18"/></g2:a.FOLLOWING-ITEM-IN-WORKSPACE-LAYERING>
  <g2:a.POSITION-IN-WORKSPACE>
    <g2:Structure>
      <g2:sa.X g2:type="Integer">695</g2:sa.X>
      <g2:sa.Y g2:type="Integer">-1341</g2:sa.Y>
      <g2:sa.SUPERIOR><g2:c.KB-WORKSPACE rdf:resource="#ebd36edb4fde11dfb1b4001641761fb2"/></g2:sa.SUPERIOR></g2:Structure></g2:a.POSITION-IN-WORKSPACE>
  <g2:a.SIZE-IN-WORKSPACE>
    <g2:Structure>
      <g2:sa.WIDTH g2:type="Integer">30</g2:sa.WIDTH>
      <g2:sa.HEIGHT g2:type="Integer">24</g2:sa.HEIGHT></g2:Structure></g2:a.SIZE-IN-WORKSPACE>
  <g2:a.NAME-BOX>
    <g2:Structure>
      <g2:sa.COLOR>
        <g2:Structure>
          <g2:sa.BACKGROUND-COLOR g2:type="Symbol">TRANSPARENT</g2:sa.BACKGROUND-COLOR>
          <g2:sa.TEXT-COLOR g2:type="Symbol">FOREGROUND</g2:sa.TEXT-COLOR></g2:Structure></g2:sa.COLOR>
      <g2:sa.POSITION>
        <g2:Structure>
          <g2:sa.X-OFFSET g2:type="Integer">19</g2:sa.X-OFFSET>
          <g2:sa.Y-OFFSET g2:type="Integer">16</g2:sa.Y-OFFSET></g2:Structure></g2:sa.POSITION></g2:Structure></g2:a.NAME-BOX></c.BENCHMARK-TEST>

<g2:c.KB-WORKSPACE ID="984eaa3a4fe411dfb1b4001641761fb2">
  <g2:a.DEFAULT-WINDOW-POSITION-AND-SCALE>
    <g2:Structure>
      <g2:sa.X g2:type="Integer">627</g2:sa.X>
      <g2:sa.Y g2:type="Integer">330</g2:sa.Y></g2:Structure></g2:a.DEFAULT-WINDOW-POSITION-AND-SCALE>
  <g2:a.EDGES-OF-WORKSPACE>
    <g2:Structure>
      <g2:sa.LEFT g2:type="Integer">-350</g2:sa.LEFT>
      <g2:sa.TOP g2:type="Integer">250</g2:sa.TOP>
      <g2:sa.RIGHT g2:type="Integer">350</g2:sa.RIGHT>
      <g2:sa.BOTTOM g2:type="Integer">-250</g2:sa.BOTTOM></g2:Structure></g2:a.EDGES-OF-WORKSPACE>
  <g2:a.PARENT-OF-SUBWORKSPACE><c.BENCHMARK-TEST rdf:resource="#984eaa364fe411dfb1b4001641761fb2"/></g2:a.PARENT-OF-SUBWORKSPACE></g2:c.KB-WORKSPACE>

<g2:c.PROCEDURE ID="984eaa3b4fe411dfb1b4001641761fb2">
  <g2:a.AUTHORS>
    <g2:Structure>
      <g2:sa.AUTHORS>
        <g2:Sequence>
          <rdf:li g2:type="Symbol">ADMINISTRATOR</rdf:li></g2:Sequence></g2:sa.AUTHORS>
      <g2:sa.TIMESTAMP>
        <g2:Structure>
          <g2:sa.YEAR g2:type="Integer">2016</g2:sa.YEAR>
          <g2:sa.MONTH g2:type="Integer">9</g2:sa.MONTH>
          <g2:sa.DATE g2:type="Integer">24</g2:sa.DATE>
          <g2:sa.HOURS g2:type="Integer">14</g2:sa.HOURS>
          <g2:sa.MINUTES g2:type="Integer">49</g2:sa.MINUTES></g2:Structure></g2:sa.TIMESTAMP></g2:Structure></g2:a.AUTHORS>
  <g2:a.TEXT><![CDATA[
load-from-nols-test(node: class benchmark-node)

    err: class error;
    x, y: class g2-window;

begin
    for x = each g2-window do
        if the g2-window-management-type of x exists and the g2-window-management-type of x = the symbol remote then
            y = x;
    end;
    begin
        call gnne-import-data-set-from-nolstudio(gnne-demo-data-set, y);
    end on error(err)
        begin
            call fail(node, "failed");
            return;
        end;
    end;
    call pass(node);
end

]]></g2:a.TEXT>
  <g2:a.ICON-VARIABLES>
    <g2:Structure>
      <g2:sa.WIDTH g2:type="Integer">50</g2:sa.WIDTH>
      <g2:sa.HEIGHT g2:type="Integer">50</g2:sa.HEIGHT></g2:Structure></g2:a.ICON-VARIABLES>
  <g2:a.POSITION-IN-WORKSPACE>
    <g2:Structure>
      <g2:sa.X g2:type="Integer">15</g2:sa.X>
      <g2:sa.Y g2:type="Integer">43</g2:sa.Y>
      <g2:sa.SUPERIOR><g2:c.KB-WORKSPACE rdf:resource="#984eaa3a4fe411dfb1b4001641761fb2"/></g2:sa.SUPERIOR></g2:Structure></g2:a.POSITION-IN-WORKSPACE>
  <g2:a.SIZE-IN-WORKSPACE>
    <g2:Structure>
      <g2:sa.WIDTH g2:type="Integer">50</g2:sa.WIDTH>
      <g2:sa.HEIGHT g2:type="Integer">50</g2:sa.HEIGHT></g2:Structure></g2:a.SIZE-IN-WORKSPACE>
  <g2:a.NAME-BOX>
    <g2:Structure>
      <g2:sa.COLOR>
        <g2:Structure>
          <g2:sa.BACKGROUND-COLOR g2:type="Symbol">TRANSPARENT</g2:sa.BACKGROUND-COLOR>
          <g2:sa.TEXT-COLOR g2:type="Symbol">FOREGROUND</g2:sa.TEXT-COLOR></g2:Structure></g2:sa.COLOR>
      <g2:sa.POSITION>
        <g2:Structure>
          <g2:sa.X-OFFSET g2:type="Integer">-98</g2:sa.X-OFFSET>
          <g2:sa.Y-OFFSET g2:type="Integer">-29</g2:sa.Y-OFFSET></g2:Structure></g2:sa.POSITION></g2:Structure></g2:a.NAME-BOX></g2:c.PROCEDURE>

<c.BENCHMARK-TEST ID="984eaa3c4fe411dfb1b4001641761fb2">
  <g2:a.NAMES g2:type="Symbol">LAUNCH-NOLS</g2:a.NAMES>
  <ua.TEST-RESULT>
    <c.TEST-RESULT-PARAMETER ID="984eaa3e4fe411dfb1b4001641761fb2">
      <g2:a.OPTIONS>
        <g2:Structure>
          <g2:sa.FORWARD-CHAIN g2:type="TruthValue">true</g2:sa.FORWARD-CHAIN>
          <g2:sa.FORWARD-CHAIN-EVEN-FOR-SAME-VALUE g2:type="TruthValue">false</g2:sa.FORWARD-CHAIN-EVEN-FOR-SAME-VALUE></g2:Structure></g2:a.OPTIONS>
      <ua.TEST-INFO>
        <g2:c.TEXT-PARAMETER ID="984eaa3f4fe411dfb1b4001641761fb2">
          <g2:a.OPTIONS>
            <g2:Structure>
              <g2:sa.FORWARD-CHAIN g2:type="TruthValue">false</g2:sa.FORWARD-CHAIN>
              <g2:sa.FORWARD-CHAIN-EVEN-FOR-SAME-VALUE g2:type="TruthValue">false</g2:sa.FORWARD-CHAIN-EVEN-FOR-SAME-VALUE></g2:Structure></g2:a.OPTIONS>
          <g2:a.ICON-VARIABLES>
            <g2:Structure>
              <g2:sa.WIDTH g2:type="Integer">50</g2:sa.WIDTH>
              <g2:sa.HEIGHT g2:type="Integer">50</g2:sa.HEIGHT></g2:Structure></g2:a.ICON-VARIABLES></g2:c.TEXT-PARAMETER></ua.TEST-INFO>
      <g2:a.ICON-VARIABLES>
        <g2:Structure>
          <g2:sa.WIDTH g2:type="Integer">50</g2:sa.WIDTH>
          <g2:sa.HEIGHT g2:type="Integer">50</g2:sa.HEIGHT></g2:Structure></g2:a.ICON-VARIABLES></c.TEST-RESULT-PARAMETER></ua.TEST-RESULT>
  <ua.TIMEOUT-LIMIT g2:type="Integer" g2:unit="SECONDS">30</ua.TIMEOUT-LIMIT>
  <ua.COUNTED g2:type="TruthValue" g2:unit="TRUTH-VALUE">false</ua.COUNTED>
  <g2:a.ICON-VARIABLES>
    <g2:Structure>
      <g2:sa.WIDTH g2:type="Integer">30</g2:sa.WIDTH>
      <g2:sa.HEIGHT g2:type="Integer">24</g2:sa.HEIGHT></g2:Structure></g2:a.ICON-VARIABLES>
  <g2:a.FOLLOWING-ITEM-IN-WORKSPACE-LAYERING><c.NEXT-BENCHMARK rdf:resource="#f0b1f2a376aa11e69b45000c2973fc18"/></g2:a.FOLLOWING-ITEM-IN-WORKSPACE-LAYERING>
  <g2:a.POSITION-IN-WORKSPACE>
    <g2:Structure>
      <g2:sa.X g2:type="Integer">775</g2:sa.X>
      <g2:sa.Y g2:type="Integer">83</g2:sa.Y>
      <g2:sa.SUPERIOR><g2:c.KB-WORKSPACE rdf:resource="#ebd36edb4fde11dfb1b4001641761fb2"/></g2:sa.SUPERIOR></g2:Structure></g2:a.POSITION-IN-WORKSPACE>
  <g2:a.SIZE-IN-WORKSPACE>
    <g2:Structure>
      <g2:sa.WIDTH g2:type="Float">26.953125</g2:sa.WIDTH>
      <g2:sa.HEIGHT g2:type="Float">25.03125</g2:sa.HEIGHT></g2:Structure></g2:a.SIZE-IN-WORKSPACE>
  <g2:a.NAME-BOX>
    <g2:Structure>
      <g2:sa.COLOR>
        <g2:Structure>
          <g2:sa.BACKGROUND-COLOR g2:type="Symbol">TRANSPARENT</g2:sa.BACKGROUND-COLOR>
          <g2:sa.TEXT-COLOR g2:type="Symbol">FOREGROUND</g2:sa.TEXT-COLOR></g2:Structure></g2:sa.COLOR>
      <g2:sa.POSITION>
        <g2:Structure>
          <g2:sa.X-OFFSET g2:type="Integer">21</g2:sa.X-OFFSET>
          <g2:sa.Y-OFFSET g2:type="Integer">16</g2:sa.Y-OFFSET></g2:Structure></g2:sa.POSITION></g2:Structure></g2:a.NAME-BOX></c.BENCHMARK-TEST>

<g2:c.KB-WORKSPACE ID="984eaa404fe411dfb1b4001641761fb2">
  <g2:a.DEFAULT-WINDOW-POSITION-AND-SCALE>
    <g2:Structure>
      <g2:sa.X g2:type="Integer">770</g2:sa.X>
      <g2:sa.Y g2:type="Integer">346</g2:sa.Y></g2:Structure></g2:a.DEFAULT-WINDOW-POSITION-AND-SCALE>
  <g2:a.EDGES-OF-WORKSPACE>
    <g2:Structure>
      <g2:sa.LEFT g2:type="Integer">-350</g2:sa.LEFT>
      <g2:sa.TOP g2:type="Integer">250</g2:sa.TOP>
      <g2:sa.RIGHT g2:type="Integer">350</g2:sa.RIGHT>
      <g2:sa.BOTTOM g2:type="Integer">-250</g2:sa.BOTTOM></g2:Structure></g2:a.EDGES-OF-WORKSPACE>
  <g2:a.PARENT-OF-SUBWORKSPACE><c.BENCHMARK-TEST rdf:resource="#984eaa3c4fe411dfb1b4001641761fb2"/></g2:a.PARENT-OF-SUBWORKSPACE></g2:c.KB-WORKSPACE>

<g2:c.PROCEDURE ID="984eaa414fe411dfb1b4001641761fb2">
  <g2:a.AUTHORS>
    <g2:Structure>
      <g2:sa.AUTHORS>
        <g2:Sequence>
          <rdf:li g2:type="Symbol">ADMINISTRATOR</rdf:li></g2:Sequence></g2:sa.AUTHORS>
      <g2:sa.TIMESTAMP>
        <g2:Structure>
          <g2:sa.YEAR g2:type="Integer">2016</g2:sa.YEAR>
          <g2:sa.MONTH g2:type="Integer">9</g2:sa.MONTH>
          <g2:sa.DATE g2:type="Integer">26</g2:sa.DATE>
          <g2:sa.HOURS g2:type="Integer">10</g2:sa.HOURS>
          <g2:sa.MINUTES g2:type="Integer">27</g2:sa.MINUTES></g2:Structure></g2:sa.TIMESTAMP></g2:Structure></g2:a.AUTHORS>
  <g2:a.TEXT><![CDATA[
launch-nols-test(node: class benchmark-node )

	err: class error;
	x, y: class g2-window;

begin

	show the workspace of sine-data-set ;
	for x = each g2-window do
		if the g2-window-management-type of x exists and the g2-window-management-type of x = the symbol remote then
			y = x;
	end;
	
	call nols-kill-remote-studio(y);
	wait for 5 seconds;
	
	begin
		call nols-launch-nolstudio-by-setting(gnne-demo-studio-setting, y);
        wait for 5 seconds;
	end on error(err)
		begin
			call fail(node, "Launch Nols failed");
			return;
		end;
	end;
	call pass(node);
end

]]></g2:a.TEXT>
  <g2:a.ICON-VARIABLES>
    <g2:Structure>
      <g2:sa.WIDTH g2:type="Integer">50</g2:sa.WIDTH>
      <g2:sa.HEIGHT g2:type="Integer">50</g2:sa.HEIGHT></g2:Structure></g2:a.ICON-VARIABLES>
  <g2:a.POSITION-IN-WORKSPACE>
    <g2:Structure>
      <g2:sa.X g2:type="Integer">-46</g2:sa.X>
      <g2:sa.Y g2:type="Integer">58</g2:sa.Y>
      <g2:sa.SUPERIOR><g2:c.KB-WORKSPACE rdf:resource="#984eaa404fe411dfb1b4001641761fb2"/></g2:sa.SUPERIOR></g2:Structure></g2:a.POSITION-IN-WORKSPACE>
  <g2:a.SIZE-IN-WORKSPACE>
    <g2:Structure>
      <g2:sa.WIDTH g2:type="Integer">50</g2:sa.WIDTH>
      <g2:sa.HEIGHT g2:type="Integer">50</g2:sa.HEIGHT></g2:Structure></g2:a.SIZE-IN-WORKSPACE>
  <g2:a.NAME-BOX>
    <g2:Structure>
      <g2:sa.COLOR>
        <g2:Structure>
          <g2:sa.BACKGROUND-COLOR g2:type="Symbol">TRANSPARENT</g2:sa.BACKGROUND-COLOR>
          <g2:sa.TEXT-COLOR g2:type="Symbol">FOREGROUND</g2:sa.TEXT-COLOR></g2:Structure></g2:sa.COLOR>
      <g2:sa.POSITION>
        <g2:Structure>
          <g2:sa.X-OFFSET g2:type="Integer">-84</g2:sa.X-OFFSET>
          <g2:sa.Y-OFFSET g2:type="Integer">-29</g2:sa.Y-OFFSET></g2:Structure></g2:sa.POSITION></g2:Structure></g2:a.NAME-BOX></g2:c.PROCEDURE>

<g2:c.LOOSE-END ID="984eaa424fe411dfb1b4001641761fb2">
  <g2:a.FOLLOWING-ITEM-IN-WORKSPACE-LAYERING><c.BENCHMARK-TEST rdf:resource="#984eaa434fe411dfb1b4001641761fb2"/></g2:a.FOLLOWING-ITEM-IN-WORKSPACE-LAYERING>
  <g2:a.POSITION-IN-WORKSPACE>
    <g2:Structure>
      <g2:sa.X g2:type="Integer">776</g2:sa.X>
      <g2:sa.Y g2:type="Integer">100</g2:sa.Y>
      <g2:sa.SUPERIOR><g2:c.KB-WORKSPACE rdf:resource="#ebd36edb4fde11dfb1b4001641761fb2"/></g2:sa.SUPERIOR></g2:Structure></g2:a.POSITION-IN-WORKSPACE></g2:c.LOOSE-END>

<c.BENCHMARK-TEST ID="984eaa434fe411dfb1b4001641761fb2">
  <g2:a.NAMES g2:type="Symbol">IMPORT</g2:a.NAMES>
  <ua.TEST-RESULT>
    <c.TEST-RESULT-PARAMETER ID="984eaa454fe411dfb1b4001641761fb2">
      <g2:a.OPTIONS>
        <g2:Structure>
          <g2:sa.FORWARD-CHAIN g2:type="TruthValue">true</g2:sa.FORWARD-CHAIN>
          <g2:sa.FORWARD-CHAIN-EVEN-FOR-SAME-VALUE g2:type="TruthValue">false</g2:sa.FORWARD-CHAIN-EVEN-FOR-SAME-VALUE></g2:Structure></g2:a.OPTIONS>
      <ua.TEST-INFO>
        <g2:c.TEXT-PARAMETER ID="984eaa464fe411dfb1b4001641761fb2">
          <g2:a.OPTIONS>
            <g2:Structure>
              <g2:sa.FORWARD-CHAIN g2:type="TruthValue">false</g2:sa.FORWARD-CHAIN>
              <g2:sa.FORWARD-CHAIN-EVEN-FOR-SAME-VALUE g2:type="TruthValue">false</g2:sa.FORWARD-CHAIN-EVEN-FOR-SAME-VALUE></g2:Structure></g2:a.OPTIONS>
          <g2:a.ICON-VARIABLES>
            <g2:Structure>
              <g2:sa.WIDTH g2:type="Integer">50</g2:sa.WIDTH>
              <g2:sa.HEIGHT g2:type="Integer">50</g2:sa.HEIGHT></g2:Structure></g2:a.ICON-VARIABLES></g2:c.TEXT-PARAMETER></ua.TEST-INFO>
      <g2:a.ICON-VARIABLES>
        <g2:Structure>
          <g2:sa.WIDTH g2:type="Integer">50</g2:sa.WIDTH>
          <g2:sa.HEIGHT g2:type="Integer">50</g2:sa.HEIGHT></g2:Structure></g2:a.ICON-VARIABLES></c.TEST-RESULT-PARAMETER></ua.TEST-RESULT>
  <ua.TIMEOUT-LIMIT g2:type="Integer" g2:unit="SECONDS">10</ua.TIMEOUT-LIMIT>
  <ua.COUNTED g2:type="TruthValue" g2:unit="TRUTH-VALUE">false</ua.COUNTED>
  <g2:a.MANUALLY-DISABLED_qm g2:type="TruthValue">true</g2:a.MANUALLY-DISABLED_qm>
  <g2:a.ICON-VARIABLES>
    <g2:Structure>
      <g2:sa.WIDTH g2:type="Integer">30</g2:sa.WIDTH>
      <g2:sa.HEIGHT g2:type="Integer">24</g2:sa.HEIGHT></g2:Structure></g2:a.ICON-VARIABLES>
  <g2:a.FOLLOWING-ITEM-IN-WORKSPACE-LAYERING><c.NEXT-BENCHMARK rdf:resource="#77914025822411e6aced000c2973fc18"/></g2:a.FOLLOWING-ITEM-IN-WORKSPACE-LAYERING>
  <g2:a.POSITION-IN-WORKSPACE>
    <g2:Structure>
      <g2:sa.X g2:type="Integer">690</g2:sa.X>
      <g2:sa.Y g2:type="Integer">-1182</g2:sa.Y>
      <g2:sa.SUPERIOR><g2:c.KB-WORKSPACE rdf:resource="#ebd36edb4fde11dfb1b4001641761fb2"/></g2:sa.SUPERIOR></g2:Structure></g2:a.POSITION-IN-WORKSPACE>
  <g2:a.SIZE-IN-WORKSPACE>
    <g2:Structure>
      <g2:sa.WIDTH g2:type="Integer">30</g2:sa.WIDTH>
      <g2:sa.HEIGHT g2:type="Integer">24</g2:sa.HEIGHT></g2:Structure></g2:a.SIZE-IN-WORKSPACE>
  <g2:a.NAME-BOX>
    <g2:Structure>
      <g2:sa.COLOR>
        <g2:Structure>
          <g2:sa.BACKGROUND-COLOR g2:type="Symbol">TRANSPARENT</g2:sa.BACKGROUND-COLOR>
          <g2:sa.TEXT-COLOR g2:type="Symbol">FOREGROUND</g2:sa.TEXT-COLOR></g2:Structure></g2:sa.COLOR>
      <g2:sa.POSITION>
        <g2:Structure>
          <g2:sa.X-OFFSET g2:type="Integer">19</g2:sa.X-OFFSET>
          <g2:sa.Y-OFFSET g2:type="Integer">16</g2:sa.Y-OFFSET></g2:Structure></g2:sa.POSITION></g2:Structure></g2:a.NAME-BOX></c.BENCHMARK-TEST>

<g2:c.KB-WORKSPACE ID="984eaa474fe411dfb1b4001641761fb2">
  <g2:a.DEFAULT-WINDOW-POSITION-AND-SCALE>
    <g2:Structure>
      <g2:sa.X g2:type="Integer">627</g2:sa.X>
      <g2:sa.Y g2:type="Integer">330</g2:sa.Y></g2:Structure></g2:a.DEFAULT-WINDOW-POSITION-AND-SCALE>
  <g2:a.EDGES-OF-WORKSPACE>
    <g2:Structure>
      <g2:sa.LEFT g2:type="Integer">-350</g2:sa.LEFT>
      <g2:sa.TOP g2:type="Integer">250</g2:sa.TOP>
      <g2:sa.RIGHT g2:type="Integer">350</g2:sa.RIGHT>
      <g2:sa.BOTTOM g2:type="Integer">-250</g2:sa.BOTTOM></g2:Structure></g2:a.EDGES-OF-WORKSPACE>
  <g2:a.PARENT-OF-SUBWORKSPACE><c.BENCHMARK-TEST rdf:resource="#984eaa434fe411dfb1b4001641761fb2"/></g2:a.PARENT-OF-SUBWORKSPACE></g2:c.KB-WORKSPACE>

<g2:c.PROCEDURE ID="984eaa484fe411dfb1b4001641761fb2">
  <g2:a.AUTHORS>
    <g2:Structure>
      <g2:sa.AUTHORS>
        <g2:Sequence>
          <rdf:li g2:type="Symbol">ADMINISTRATOR</rdf:li></g2:Sequence></g2:sa.AUTHORS>
      <g2:sa.TIMESTAMP>
        <g2:Structure>
          <g2:sa.YEAR g2:type="Integer">2016</g2:sa.YEAR>
          <g2:sa.MONTH g2:type="Integer">9</g2:sa.MONTH>
          <g2:sa.DATE g2:type="Integer">24</g2:sa.DATE>
          <g2:sa.HOURS g2:type="Integer">14</g2:sa.HOURS>
          <g2:sa.MINUTES g2:type="Integer">39</g2:sa.MINUTES></g2:Structure></g2:sa.TIMESTAMP></g2:Structure></g2:a.AUTHORS>
  <g2:a.TEXT><![CDATA[
import-test(node: class benchmark-node )

    err: class error;
    x, y: class g2-window;

begin
    for x = each g2-window do
        if the g2-window-management-type of x exists and the g2-window-management-type of x = the symbol remote then
            y = x;
    end;
    begin
        call gnne-test-load-model-parameters(sine-model, "sine-model", y); 
    {end on error(err)
        begin
            call fail(node, "failed");
            return;
        end;}
    end;
    call pass(node);
end

]]></g2:a.TEXT>
  <g2:a.ICON-VARIABLES>
    <g2:Structure>
      <g2:sa.WIDTH g2:type="Integer">50</g2:sa.WIDTH>
      <g2:sa.HEIGHT g2:type="Integer">50</g2:sa.HEIGHT></g2:Structure></g2:a.ICON-VARIABLES>
  <g2:a.POSITION-IN-WORKSPACE>
    <g2:Structure>
      <g2:sa.X g2:type="Integer">15</g2:sa.X>
      <g2:sa.Y g2:type="Integer">70</g2:sa.Y>
      <g2:sa.SUPERIOR><g2:c.KB-WORKSPACE rdf:resource="#984eaa474fe411dfb1b4001641761fb2"/></g2:sa.SUPERIOR></g2:Structure></g2:a.POSITION-IN-WORKSPACE>
  <g2:a.SIZE-IN-WORKSPACE>
    <g2:Structure>
      <g2:sa.WIDTH g2:type="Integer">50</g2:sa.WIDTH>
      <g2:sa.HEIGHT g2:type="Integer">50</g2:sa.HEIGHT></g2:Structure></g2:a.SIZE-IN-WORKSPACE>
  <g2:a.NAME-BOX>
    <g2:Structure>
      <g2:sa.COLOR>
        <g2:Structure>
          <g2:sa.BACKGROUND-COLOR g2:type="Symbol">TRANSPARENT</g2:sa.BACKGROUND-COLOR>
          <g2:sa.TEXT-COLOR g2:type="Symbol">FOREGROUND</g2:sa.TEXT-COLOR></g2:Structure></g2:sa.COLOR>
      <g2:sa.POSITION>
        <g2:Structure>
          <g2:sa.X-OFFSET g2:type="Integer">-61</g2:sa.X-OFFSET>
          <g2:sa.Y-OFFSET g2:type="Integer">-29</g2:sa.Y-OFFSET></g2:Structure></g2:sa.POSITION></g2:Structure></g2:a.NAME-BOX></g2:c.PROCEDURE>

<c.BENCHMARK-TEST ID="984eaa494fe411dfb1b4001641761fb2">
  <g2:a.NAMES g2:type="Symbol">EXPORT</g2:a.NAMES>
  <ua.TEST-RESULT>
    <c.TEST-RESULT-PARAMETER ID="984eaa4b4fe411dfb1b4001641761fb2">
      <g2:a.OPTIONS>
        <g2:Structure>
          <g2:sa.FORWARD-CHAIN g2:type="TruthValue">true</g2:sa.FORWARD-CHAIN>
          <g2:sa.FORWARD-CHAIN-EVEN-FOR-SAME-VALUE g2:type="TruthValue">false</g2:sa.FORWARD-CHAIN-EVEN-FOR-SAME-VALUE></g2:Structure></g2:a.OPTIONS>
      <ua.TEST-INFO>
        <g2:c.TEXT-PARAMETER ID="984eaa4c4fe411dfb1b4001641761fb2">
          <g2:a.OPTIONS>
            <g2:Structure>
              <g2:sa.FORWARD-CHAIN g2:type="TruthValue">false</g2:sa.FORWARD-CHAIN>
              <g2:sa.FORWARD-CHAIN-EVEN-FOR-SAME-VALUE g2:type="TruthValue">false</g2:sa.FORWARD-CHAIN-EVEN-FOR-SAME-VALUE></g2:Structure></g2:a.OPTIONS>
          <g2:a.ICON-VARIABLES>
            <g2:Structure>
              <g2:sa.WIDTH g2:type="Integer">50</g2:sa.WIDTH>
              <g2:sa.HEIGHT g2:type="Integer">50</g2:sa.HEIGHT></g2:Structure></g2:a.ICON-VARIABLES></g2:c.TEXT-PARAMETER></ua.TEST-INFO>
      <g2:a.ICON-VARIABLES>
        <g2:Structure>
          <g2:sa.WIDTH g2:type="Integer">50</g2:sa.WIDTH>
          <g2:sa.HEIGHT g2:type="Integer">50</g2:sa.HEIGHT></g2:Structure></g2:a.ICON-VARIABLES></c.TEST-RESULT-PARAMETER></ua.TEST-RESULT>
  <ua.TIMEOUT-LIMIT g2:type="Integer" g2:unit="SECONDS">10</ua.TIMEOUT-LIMIT>
  <ua.COUNTED g2:type="TruthValue" g2:unit="TRUTH-VALUE">false</ua.COUNTED>
  <g2:a.ICON-VARIABLES>
    <g2:Structure>
      <g2:sa.WIDTH g2:type="Integer">30</g2:sa.WIDTH>
      <g2:sa.HEIGHT g2:type="Integer">24</g2:sa.HEIGHT></g2:Structure></g2:a.ICON-VARIABLES>
  <g2:a.FOLLOWING-ITEM-IN-WORKSPACE-LAYERING><c.NEXT-BENCHMARK rdf:resource="#f0b1f2aa76aa11e69b45000c2973fc18"/></g2:a.FOLLOWING-ITEM-IN-WORKSPACE-LAYERING>
  <g2:a.POSITION-IN-WORKSPACE>
    <g2:Structure>
      <g2:sa.X g2:type="Integer">779</g2:sa.X>
      <g2:sa.Y g2:type="Integer">-63</g2:sa.Y>
      <g2:sa.SUPERIOR><g2:c.KB-WORKSPACE rdf:resource="#ebd36edb4fde11dfb1b4001641761fb2"/></g2:sa.SUPERIOR></g2:Structure></g2:a.POSITION-IN-WORKSPACE>
  <g2:a.SIZE-IN-WORKSPACE>
    <g2:Structure>
      <g2:sa.WIDTH g2:type="Integer">30</g2:sa.WIDTH>
      <g2:sa.HEIGHT g2:type="Integer">24</g2:sa.HEIGHT></g2:Structure></g2:a.SIZE-IN-WORKSPACE>
  <g2:a.NAME-BOX>
    <g2:Structure>
      <g2:sa.COLOR>
        <g2:Structure>
          <g2:sa.BACKGROUND-COLOR g2:type="Symbol">TRANSPARENT</g2:sa.BACKGROUND-COLOR>
          <g2:sa.TEXT-COLOR g2:type="Symbol">FOREGROUND</g2:sa.TEXT-COLOR></g2:Structure></g2:sa.COLOR>
      <g2:sa.POSITION>
        <g2:Structure>
          <g2:sa.X-OFFSET g2:type="Integer">19</g2:sa.X-OFFSET>
          <g2:sa.Y-OFFSET g2:type="Integer">16</g2:sa.Y-OFFSET></g2:Structure></g2:sa.POSITION></g2:Structure></g2:a.NAME-BOX></c.BENCHMARK-TEST>

<g2:c.KB-WORKSPACE ID="984eaa4d4fe411dfb1b4001641761fb2">
  <g2:a.DEFAULT-WINDOW-POSITION-AND-SCALE>
    <g2:Structure>
      <g2:sa.X g2:type="Integer">627</g2:sa.X>
      <g2:sa.Y g2:type="Integer">330</g2:sa.Y></g2:Structure></g2:a.DEFAULT-WINDOW-POSITION-AND-SCALE>
  <g2:a.EDGES-OF-WORKSPACE>
    <g2:Structure>
      <g2:sa.LEFT g2:type="Integer">-350</g2:sa.LEFT>
      <g2:sa.TOP g2:type="Integer">250</g2:sa.TOP>
      <g2:sa.RIGHT g2:type="Integer">350</g2:sa.RIGHT>
      <g2:sa.BOTTOM g2:type="Integer">-250</g2:sa.BOTTOM></g2:Structure></g2:a.EDGES-OF-WORKSPACE>
  <g2:a.PARENT-OF-SUBWORKSPACE><c.BENCHMARK-TEST rdf:resource="#984eaa494fe411dfb1b4001641761fb2"/></g2:a.PARENT-OF-SUBWORKSPACE></g2:c.KB-WORKSPACE>

<g2:c.PROCEDURE ID="984eaa4e4fe411dfb1b4001641761fb2">
  <g2:a.AUTHORS>
    <g2:Structure>
      <g2:sa.AUTHORS>
        <g2:Sequence>
          <rdf:li g2:type="Symbol">ADMINISTRATOR</rdf:li></g2:Sequence></g2:sa.AUTHORS>
      <g2:sa.TIMESTAMP>
        <g2:Structure>
          <g2:sa.YEAR g2:type="Integer">2016</g2:sa.YEAR>
          <g2:sa.MONTH g2:type="Integer">9</g2:sa.MONTH>
          <g2:sa.DATE g2:type="Integer">26</g2:sa.DATE>
          <g2:sa.HOURS g2:type="Integer">10</g2:sa.HOURS>
          <g2:sa.MINUTES g2:type="Integer">23</g2:sa.MINUTES></g2:Structure></g2:sa.TIMESTAMP></g2:Structure></g2:a.AUTHORS>
  <g2:a.TEXT><![CDATA[
export-test(node: class benchmark-node )
	
	err: class error;
	x, y: class g2-window;

begin
	for x = each g2-window do
		if the g2-window-management-type of x exists and the g2-window-management-type of x = the symbol remote then
			y = x;
	end;
	begin
		call gnne-export-to-studio(sine-data-set, "sineData", y);
	end on error(err)
		begin
			call fail(node, "failed");
			return;
		end;
	end;
	call pass(node);
end

]]></g2:a.TEXT>
  <g2:a.ICON-VARIABLES>
    <g2:Structure>
      <g2:sa.WIDTH g2:type="Integer">50</g2:sa.WIDTH>
      <g2:sa.HEIGHT g2:type="Integer">50</g2:sa.HEIGHT></g2:Structure></g2:a.ICON-VARIABLES>
  <g2:a.POSITION-IN-WORKSPACE>
    <g2:Structure>
      <g2:sa.X g2:type="Integer">-36</g2:sa.X>
      <g2:sa.Y g2:type="Integer">112</g2:sa.Y>
      <g2:sa.SUPERIOR><g2:c.KB-WORKSPACE rdf:resource="#984eaa4d4fe411dfb1b4001641761fb2"/></g2:sa.SUPERIOR></g2:Structure></g2:a.POSITION-IN-WORKSPACE>
  <g2:a.SIZE-IN-WORKSPACE>
    <g2:Structure>
      <g2:sa.WIDTH g2:type="Integer">50</g2:sa.WIDTH>
      <g2:sa.HEIGHT g2:type="Integer">50</g2:sa.HEIGHT></g2:Structure></g2:a.SIZE-IN-WORKSPACE>
  <g2:a.NAME-BOX>
    <g2:Structure>
      <g2:sa.COLOR>
        <g2:Structure>
          <g2:sa.BACKGROUND-COLOR g2:type="Symbol">TRANSPARENT</g2:sa.BACKGROUND-COLOR>
          <g2:sa.TEXT-COLOR g2:type="Symbol">FOREGROUND</g2:sa.TEXT-COLOR></g2:Structure></g2:sa.COLOR>
      <g2:sa.POSITION>
        <g2:Structure>
          <g2:sa.X-OFFSET g2:type="Integer">-61</g2:sa.X-OFFSET>
          <g2:sa.Y-OFFSET g2:type="Integer">-29</g2:sa.Y-OFFSET></g2:Structure></g2:sa.POSITION></g2:Structure></g2:a.NAME-BOX></g2:c.PROCEDURE>

<c.BENCHMARK-TEST ID="984eaa4f4fe411dfb1b4001641761fb2">
  <g2:a.NAMES g2:type="Symbol">PREPARE</g2:a.NAMES>
  <ua.TEST-RESULT>
    <c.TEST-RESULT-PARAMETER ID="984eaa514fe411dfb1b4001641761fb2">
      <g2:a.OPTIONS>
        <g2:Structure>
          <g2:sa.FORWARD-CHAIN g2:type="TruthValue">true</g2:sa.FORWARD-CHAIN>
          <g2:sa.FORWARD-CHAIN-EVEN-FOR-SAME-VALUE g2:type="TruthValue">false</g2:sa.FORWARD-CHAIN-EVEN-FOR-SAME-VALUE></g2:Structure></g2:a.OPTIONS>
      <ua.TEST-INFO>
        <g2:c.TEXT-PARAMETER ID="984eaa524fe411dfb1b4001641761fb2">
          <g2:a.OPTIONS>
            <g2:Structure>
              <g2:sa.FORWARD-CHAIN g2:type="TruthValue">false</g2:sa.FORWARD-CHAIN>
              <g2:sa.FORWARD-CHAIN-EVEN-FOR-SAME-VALUE g2:type="TruthValue">false</g2:sa.FORWARD-CHAIN-EVEN-FOR-SAME-VALUE></g2:Structure></g2:a.OPTIONS>
          <g2:a.ICON-VARIABLES>
            <g2:Structure>
              <g2:sa.WIDTH g2:type="Integer">50</g2:sa.WIDTH>
              <g2:sa.HEIGHT g2:type="Integer">50</g2:sa.HEIGHT></g2:Structure></g2:a.ICON-VARIABLES></g2:c.TEXT-PARAMETER></ua.TEST-INFO>
      <g2:a.ICON-VARIABLES>
        <g2:Structure>
          <g2:sa.WIDTH g2:type="Integer">50</g2:sa.WIDTH>
          <g2:sa.HEIGHT g2:type="Integer">50</g2:sa.HEIGHT></g2:Structure></g2:a.ICON-VARIABLES></c.TEST-RESULT-PARAMETER></ua.TEST-RESULT>
  <ua.TIMEOUT-LIMIT g2:type="Integer" g2:unit="SECONDS">10</ua.TIMEOUT-LIMIT>
  <ua.COUNTED g2:type="TruthValue" g2:unit="TRUTH-VALUE">false</ua.COUNTED>
  <g2:a.ICON-VARIABLES>
    <g2:Structure>
      <g2:sa.WIDTH g2:type="Integer">30</g2:sa.WIDTH>
      <g2:sa.HEIGHT g2:type="Integer">24</g2:sa.HEIGHT></g2:Structure></g2:a.ICON-VARIABLES>
  <g2:a.FOLLOWING-ITEM-IN-WORKSPACE-LAYERING><c.NEXT-BENCHMARK rdf:resource="#4009260076a911e69b45000c2973fc18"/></g2:a.FOLLOWING-ITEM-IN-WORKSPACE-LAYERING>
  <g2:a.POSITION-IN-WORKSPACE>
    <g2:Structure>
      <g2:sa.X g2:type="Integer">778</g2:sa.X>
      <g2:sa.Y g2:type="Integer">2</g2:sa.Y>
      <g2:sa.SUPERIOR><g2:c.KB-WORKSPACE rdf:resource="#ebd36edb4fde11dfb1b4001641761fb2"/></g2:sa.SUPERIOR></g2:Structure></g2:a.POSITION-IN-WORKSPACE>
  <g2:a.SIZE-IN-WORKSPACE>
    <g2:Structure>
      <g2:sa.WIDTH g2:type="Integer">30</g2:sa.WIDTH>
      <g2:sa.HEIGHT g2:type="Integer">24</g2:sa.HEIGHT></g2:Structure></g2:a.SIZE-IN-WORKSPACE>
  <g2:a.NAME-BOX>
    <g2:Structure>
      <g2:sa.COLOR>
        <g2:Structure>
          <g2:sa.BACKGROUND-COLOR g2:type="Symbol">TRANSPARENT</g2:sa.BACKGROUND-COLOR>
          <g2:sa.TEXT-COLOR g2:type="Symbol">FOREGROUND</g2:sa.TEXT-COLOR></g2:Structure></g2:sa.COLOR>
      <g2:sa.POSITION>
        <g2:Structure>
          <g2:sa.X-OFFSET g2:type="Integer">19</g2:sa.X-OFFSET>
          <g2:sa.Y-OFFSET g2:type="Integer">16</g2:sa.Y-OFFSET></g2:Structure></g2:sa.POSITION></g2:Structure></g2:a.NAME-BOX></c.BENCHMARK-TEST>

<g2:c.KB-WORKSPACE ID="984eaa534fe411dfb1b4001641761fb2">
  <g2:a.DEFAULT-WINDOW-POSITION-AND-SCALE>
    <g2:Structure>
      <g2:sa.X g2:type="Integer">664</g2:sa.X>
      <g2:sa.Y g2:type="Integer">397</g2:sa.Y></g2:Structure></g2:a.DEFAULT-WINDOW-POSITION-AND-SCALE>
  <g2:a.EDGES-OF-WORKSPACE>
    <g2:Structure>
      <g2:sa.LEFT g2:type="Integer">-350</g2:sa.LEFT>
      <g2:sa.TOP g2:type="Integer">250</g2:sa.TOP>
      <g2:sa.RIGHT g2:type="Integer">350</g2:sa.RIGHT>
      <g2:sa.BOTTOM g2:type="Integer">-250</g2:sa.BOTTOM></g2:Structure></g2:a.EDGES-OF-WORKSPACE>
  <g2:a.PARENT-OF-SUBWORKSPACE><c.BENCHMARK-TEST rdf:resource="#984eaa4f4fe411dfb1b4001641761fb2"/></g2:a.PARENT-OF-SUBWORKSPACE></g2:c.KB-WORKSPACE>

<g2:c.PROCEDURE ID="984eaa544fe411dfb1b4001641761fb2">
  <g2:a.AUTHORS>
    <g2:Structure>
      <g2:sa.AUTHORS>
        <g2:Sequence>
          <rdf:li g2:type="Symbol">ADMINISTRATOR</rdf:li></g2:Sequence></g2:sa.AUTHORS>
      <g2:sa.TIMESTAMP>
        <g2:Structure>
          <g2:sa.YEAR g2:type="Integer">2016</g2:sa.YEAR>
          <g2:sa.MONTH g2:type="Integer">9</g2:sa.MONTH>
          <g2:sa.DATE g2:type="Integer">26</g2:sa.DATE>
          <g2:sa.HOURS g2:type="Integer">10</g2:sa.HOURS>
          <g2:sa.MINUTES g2:type="Integer">23</g2:sa.MINUTES></g2:Structure></g2:sa.TIMESTAMP></g2:Structure></g2:a.AUTHORS>
  <g2:a.TEXT><![CDATA[
prepare-test(node: class benchmark-node )
    err: class error;
    installation-dir, dir-sep, file-path: text;
begin
    installation-dir = call grtl-get-installation-directory();
    dir-sep = call grtl-get-file-system-delimiter();
    file-path = "[installation-dir][dir-sep]..[dir-sep]..[dir-sep]..[dir-sep]g2i[dir-sep]sites[dir-sep]nol[dir-sep]data[dir-sep]sine-data-set.txt";
    begin
        call gnne-read-data-set-from-file(sine-data-set, file-path);
        wait for 2 seconds;
    end on error(err)
        begin
            call fail(node, "failed");
            return;
        end;
    end;
    call pass(node);
end

]]></g2:a.TEXT>
  <g2:a.ICON-VARIABLES>
    <g2:Structure>
      <g2:sa.WIDTH g2:type="Integer">50</g2:sa.WIDTH>
      <g2:sa.HEIGHT g2:type="Integer">50</g2:sa.HEIGHT></g2:Structure></g2:a.ICON-VARIABLES>
  <g2:a.POSITION-IN-WORKSPACE>
    <g2:Structure>
      <g2:sa.X g2:type="Integer">-37</g2:sa.X>
      <g2:sa.Y g2:type="Integer">38</g2:sa.Y>
      <g2:sa.SUPERIOR><g2:c.KB-WORKSPACE rdf:resource="#984eaa534fe411dfb1b4001641761fb2"/></g2:sa.SUPERIOR></g2:Structure></g2:a.POSITION-IN-WORKSPACE>
  <g2:a.SIZE-IN-WORKSPACE>
    <g2:Structure>
      <g2:sa.WIDTH g2:type="Integer">50</g2:sa.WIDTH>
      <g2:sa.HEIGHT g2:type="Integer">50</g2:sa.HEIGHT></g2:Structure></g2:a.SIZE-IN-WORKSPACE>
  <g2:a.NAME-BOX>
    <g2:Structure>
      <g2:sa.COLOR>
        <g2:Structure>
          <g2:sa.BACKGROUND-COLOR g2:type="Symbol">TRANSPARENT</g2:sa.BACKGROUND-COLOR>
          <g2:sa.TEXT-COLOR g2:type="Symbol">FOREGROUND</g2:sa.TEXT-COLOR></g2:Structure></g2:sa.COLOR>
      <g2:sa.POSITION>
        <g2:Structure>
          <g2:sa.X-OFFSET g2:type="Integer">-65</g2:sa.X-OFFSET>
          <g2:sa.Y-OFFSET g2:type="Integer">-29</g2:sa.Y-OFFSET></g2:Structure></g2:sa.POSITION></g2:Structure></g2:a.NAME-BOX></g2:c.PROCEDURE>

<c.NEXT-BENCHMARK ID="984eaa5d4fe411dfb1b4001641761fb2">
  <g2:a.CONNECTION-VERTICES>
    <g2:Sequence>
      <rdf:li g2:type="Integer">4</rdf:li></g2:Sequence></g2:a.CONNECTION-VERTICES>
  <g2:a.CONNECTION-STYLE g2:type="Symbol">ORTHOGONAL</g2:a.CONNECTION-STYLE>
  <g2:a.CONNECTION-OUTPUT>
    <g2:Structure>
      <g2:sa.ITEM><g2:c.LOOSE-END rdf:resource="#984eaa234fe411dfb1b4001641761fb2"/></g2:sa.ITEM>
      <g2:sa.SIDE g2:type="Symbol">BOTTOM</g2:sa.SIDE>
      <g2:sa.POSITION g2:type="Integer">0</g2:sa.POSITION>
      <g2:sa.PORT-NAME g2:type="Symbol">STUB-CONNECTION</g2:sa.PORT-NAME></g2:Structure></g2:a.CONNECTION-OUTPUT>
  <g2:a.CONNECTION-INPUT>
    <g2:Structure>
      <g2:sa.ITEM><c.BENCHMARK-TEST rdf:resource="#984eaa1c4fe411dfb1b4001641761fb2"/></g2:sa.ITEM>
      <g2:sa.SIDE g2:type="Symbol">TOP</g2:sa.SIDE>
      <g2:sa.POSITION g2:type="Integer">15</g2:sa.POSITION></g2:Structure></g2:a.CONNECTION-INPUT>
  <g2:a.FOLLOWING-ITEM-IN-WORKSPACE-LAYERING><g2:c.LOOSE-END rdf:resource="#984eaa234fe411dfb1b4001641761fb2"/></g2:a.FOLLOWING-ITEM-IN-WORKSPACE-LAYERING>
  <g2:a.ITEM-COLOR-PATTERN>
    <g2:Structure>
      <g2:sa.OUTLINE g2:type="Symbol">RED</g2:sa.OUTLINE>
      <g2:sa.INSIDE g2:type="Symbol">TURQUOISE</g2:sa.INSIDE></g2:Structure></g2:a.ITEM-COLOR-PATTERN></c.NEXT-BENCHMARK>

<c.NEXT-BENCHMARK ID="984eaa5e4fe411dfb1b4001641761fb2">
  <g2:a.CONNECTION-VERTICES>
    <g2:Sequence>
      <rdf:li g2:type="Integer">-5</rdf:li>
      <rdf:li g2:type="Integer">0</rdf:li></g2:Sequence></g2:a.CONNECTION-VERTICES>
  <g2:a.CONNECTION-STYLE g2:type="Symbol">ORTHOGONAL</g2:a.CONNECTION-STYLE>
  <g2:a.CONNECTION-OUTPUT>
    <g2:Structure>
      <g2:sa.ITEM><c.BENCHMARK-TEST rdf:resource="#984eaa244fe411dfb1b4001641761fb2"/></g2:sa.ITEM>
      <g2:sa.SIDE g2:type="Symbol">TOP</g2:sa.SIDE>
      <g2:sa.POSITION g2:type="Integer">15</g2:sa.POSITION></g2:Structure></g2:a.CONNECTION-OUTPUT>
  <g2:a.CONNECTION-INPUT>
    <g2:Structure>
      <g2:sa.ITEM><c.BENCHMARK-TEST rdf:resource="#984eaa2a4fe411dfb1b4001641761fb2"/></g2:sa.ITEM>
      <g2:sa.SIDE g2:type="Symbol">BOTTOM</g2:sa.SIDE>
      <g2:sa.POSITION g2:type="Integer">15</g2:sa.POSITION>
      <g2:sa.PORT-NAME g2:type="Symbol">NEXT-TEST-PORT</g2:sa.PORT-NAME></g2:Structure></g2:a.CONNECTION-INPUT>
  <g2:a.FOLLOWING-ITEM-IN-WORKSPACE-LAYERING><c.BENCHMARK-TEST rdf:resource="#984eaa304fe411dfb1b4001641761fb2"/></g2:a.FOLLOWING-ITEM-IN-WORKSPACE-LAYERING>
  <g2:a.ITEM-COLOR-PATTERN>
    <g2:Structure>
      <g2:sa.OUTLINE g2:type="Symbol">RED</g2:sa.OUTLINE>
      <g2:sa.INSIDE g2:type="Symbol">TURQUOISE</g2:sa.INSIDE></g2:Structure></g2:a.ITEM-COLOR-PATTERN></c.NEXT-BENCHMARK>

<c.NEXT-BENCHMARK ID="984eaa5f4fe411dfb1b4001641761fb2">
  <g2:a.CONNECTION-VERTICES>
    <g2:Sequence>
      <rdf:li g2:type="Integer">-5</rdf:li>
      <rdf:li g2:type="Integer">0</rdf:li></g2:Sequence></g2:a.CONNECTION-VERTICES>
  <g2:a.CONNECTION-STYLE g2:type="Symbol">ORTHOGONAL</g2:a.CONNECTION-STYLE>
  <g2:a.CONNECTION-OUTPUT>
    <g2:Structure>
      <g2:sa.ITEM><c.BENCHMARK-TEST rdf:resource="#984eaa2a4fe411dfb1b4001641761fb2"/></g2:sa.ITEM>
      <g2:sa.SIDE g2:type="Symbol">TOP</g2:sa.SIDE>
      <g2:sa.POSITION g2:type="Integer">15</g2:sa.POSITION></g2:Structure></g2:a.CONNECTION-OUTPUT>
  <g2:a.CONNECTION-INPUT>
    <g2:Structure>
      <g2:sa.ITEM><c.BENCHMARK-TEST rdf:resource="#984eaa304fe411dfb1b4001641761fb2"/></g2:sa.ITEM>
      <g2:sa.SIDE g2:type="Symbol">BOTTOM</g2:sa.SIDE>
      <g2:sa.POSITION g2:type="Integer">15</g2:sa.POSITION>
      <g2:sa.PORT-NAME g2:type="Symbol">NEXT-TEST-PORT</g2:sa.PORT-NAME></g2:Structure></g2:a.CONNECTION-INPUT>
  <g2:a.FOLLOWING-ITEM-IN-WORKSPACE-LAYERING><c.BENCHMARK-TEST rdf:resource="#984eaa364fe411dfb1b4001641761fb2"/></g2:a.FOLLOWING-ITEM-IN-WORKSPACE-LAYERING>
  <g2:a.ITEM-COLOR-PATTERN>
    <g2:Structure>
      <g2:sa.OUTLINE g2:type="Symbol">RED</g2:sa.OUTLINE>
      <g2:sa.INSIDE g2:type="Symbol">TURQUOISE</g2:sa.INSIDE></g2:Structure></g2:a.ITEM-COLOR-PATTERN></c.NEXT-BENCHMARK>

<c.NEXT-BENCHMARK ID="984eaa604fe411dfb1b4001641761fb2">
  <g2:a.CONNECTION-VERTICES g2:type="Sequence"></g2:a.CONNECTION-VERTICES>
  <g2:a.CONNECTION-STYLE g2:type="Symbol">ORTHOGONAL</g2:a.CONNECTION-STYLE>
  <g2:a.CONNECTION-OUTPUT>
    <g2:Structure>
      <g2:sa.ITEM><c.BENCHMARK-TEST rdf:resource="#984eaa304fe411dfb1b4001641761fb2"/></g2:sa.ITEM>
      <g2:sa.SIDE g2:type="Symbol">TOP</g2:sa.SIDE>
      <g2:sa.POSITION g2:type="Integer">15</g2:sa.POSITION></g2:Structure></g2:a.CONNECTION-OUTPUT>
  <g2:a.CONNECTION-INPUT>
    <g2:Structure>
      <g2:sa.ITEM><c.BENCHMARK-TEST rdf:resource="#984eaa1c4fe411dfb1b4001641761fb2"/></g2:sa.ITEM>
      <g2:sa.SIDE g2:type="Symbol">BOTTOM</g2:sa.SIDE>
      <g2:sa.POSITION g2:type="Integer">15</g2:sa.POSITION>
      <g2:sa.PORT-NAME g2:type="Symbol">NEXT-TEST-PORT</g2:sa.PORT-NAME></g2:Structure></g2:a.CONNECTION-INPUT>
  <g2:a.FOLLOWING-ITEM-IN-WORKSPACE-LAYERING><c.NEXT-BENCHMARK rdf:resource="#984eaa5d4fe411dfb1b4001641761fb2"/></g2:a.FOLLOWING-ITEM-IN-WORKSPACE-LAYERING>
  <g2:a.ITEM-COLOR-PATTERN>
    <g2:Structure>
      <g2:sa.OUTLINE g2:type="Symbol">RED</g2:sa.OUTLINE>
      <g2:sa.INSIDE g2:type="Symbol">TURQUOISE</g2:sa.INSIDE></g2:Structure></g2:a.ITEM-COLOR-PATTERN></c.NEXT-BENCHMARK>

<c.NEXT-BENCHMARK ID="984eaa624fe411dfb1b4001641761fb2">
  <g2:a.CONNECTION-VERTICES>
    <g2:Sequence>
      <rdf:li g2:type="Integer">4</rdf:li></g2:Sequence></g2:a.CONNECTION-VERTICES>
  <g2:a.CONNECTION-STYLE g2:type="Symbol">ORTHOGONAL</g2:a.CONNECTION-STYLE>
  <g2:a.CONNECTION-OUTPUT>
    <g2:Structure>
      <g2:sa.ITEM><g2:c.LOOSE-END rdf:resource="#984eaa424fe411dfb1b4001641761fb2"/></g2:sa.ITEM>
      <g2:sa.SIDE g2:type="Symbol">BOTTOM</g2:sa.SIDE>
      <g2:sa.POSITION g2:type="Integer">0</g2:sa.POSITION>
      <g2:sa.PORT-NAME g2:type="Symbol">STUB-CONNECTION</g2:sa.PORT-NAME></g2:Structure></g2:a.CONNECTION-OUTPUT>
  <g2:a.CONNECTION-INPUT>
    <g2:Structure>
      <g2:sa.ITEM><c.BENCHMARK-TEST rdf:resource="#984eaa3c4fe411dfb1b4001641761fb2"/></g2:sa.ITEM>
      <g2:sa.SIDE g2:type="Symbol">TOP</g2:sa.SIDE>
      <g2:sa.POSITION g2:type="Integer">14</g2:sa.POSITION></g2:Structure></g2:a.CONNECTION-INPUT>
  <g2:a.FOLLOWING-ITEM-IN-WORKSPACE-LAYERING><c.NEXT-BENCHMARK rdf:resource="#f0b1f2b176aa11e69b45000c2973fc18"/></g2:a.FOLLOWING-ITEM-IN-WORKSPACE-LAYERING>
  <g2:a.ITEM-COLOR-PATTERN>
    <g2:Structure>
      <g2:sa.OUTLINE g2:type="Symbol">RED</g2:sa.OUTLINE>
      <g2:sa.INSIDE g2:type="Symbol">TURQUOISE</g2:sa.INSIDE></g2:Structure></g2:a.ITEM-COLOR-PATTERN></c.NEXT-BENCHMARK>

<g2:c.FREE-TEXT ID="4dea3dee769b11e69b45000c2973fc18">
  <g2:a.TEXT><![CDATA[Tests after "validate" is related to PCA which is not figured out.]]></g2:a.TEXT>
  <g2:a.TEXT-FONT>
    <g2:Structure>
      <g2:sa.FONT-SIZE g2:type="Symbol">EXTRA-LARGE</g2:sa.FONT-SIZE></g2:Structure></g2:a.TEXT-FONT>
  <g2:a.TEXT-ALIGNMENT g2:type="Symbol">LEFT</g2:a.TEXT-ALIGNMENT>
  <g2:a.FOLLOWING-ITEM-IN-WORKSPACE-LAYERING><g2:c.LOOSE-END rdf:resource="#4dea3def769b11e69b45000c2973fc18"/></g2:a.FOLLOWING-ITEM-IN-WORKSPACE-LAYERING>
  <g2:a.POSITION-IN-WORKSPACE>
    <g2:Structure>
      <g2:sa.X g2:type="Integer">-1</g2:sa.X>
      <g2:sa.Y g2:type="Integer">-946</g2:sa.Y>
      <g2:sa.SUPERIOR><g2:c.KB-WORKSPACE rdf:resource="#ebd36edb4fde11dfb1b4001641761fb2"/></g2:sa.SUPERIOR></g2:Structure></g2:a.POSITION-IN-WORKSPACE>
  <g2:a.ITEM-COLOR-PATTERN>
    <g2:Structure>
      <g2:sa.BACKGROUND-COLOR g2:type="Symbol">BLUE</g2:sa.BACKGROUND-COLOR>
      <g2:sa.TEXT-COLOR g2:type="Symbol">YELLOW</g2:sa.TEXT-COLOR></g2:Structure></g2:a.ITEM-COLOR-PATTERN>
  <g2:a.SIZE-IN-WORKSPACE>
    <g2:Structure>
      <g2:sa.WIDTH g2:type="Integer">564</g2:sa.WIDTH>
      <g2:sa.HEIGHT g2:type="Integer">80</g2:sa.HEIGHT></g2:Structure></g2:a.SIZE-IN-WORKSPACE></g2:c.FREE-TEXT>

<g2:c.LOOSE-END ID="4dea3def769b11e69b45000c2973fc18">
  <g2:a.FOLLOWING-ITEM-IN-WORKSPACE-LAYERING><g2:c.LOOSE-END rdf:resource="#4dea3df0769b11e69b45000c2973fc18"/></g2:a.FOLLOWING-ITEM-IN-WORKSPACE-LAYERING>
  <g2:a.POSITION-IN-WORKSPACE>
    <g2:Structure>
      <g2:sa.X g2:type="Integer">588</g2:sa.X>
      <g2:sa.Y g2:type="Integer">99</g2:sa.Y>
      <g2:sa.SUPERIOR><g2:c.KB-WORKSPACE rdf:resource="#ebd36edb4fde11dfb1b4001641761fb2"/></g2:sa.SUPERIOR></g2:Structure></g2:a.POSITION-IN-WORKSPACE></g2:c.LOOSE-END>

<g2:c.LOOSE-END ID="4dea3df0769b11e69b45000c2973fc18">
  <g2:a.FOLLOWING-ITEM-IN-WORKSPACE-LAYERING><g2:c.LOOSE-END rdf:resource="#4dea3df1769b11e69b45000c2973fc18"/></g2:a.FOLLOWING-ITEM-IN-WORKSPACE-LAYERING>
  <g2:a.POSITION-IN-WORKSPACE>
    <g2:Structure>
      <g2:sa.X g2:type="Integer">112</g2:sa.X>
      <g2:sa.Y g2:type="Integer">-1480</g2:sa.Y>
      <g2:sa.SUPERIOR><g2:c.KB-WORKSPACE rdf:resource="#ebd36edb4fde11dfb1b4001641761fb2"/></g2:sa.SUPERIOR></g2:Structure></g2:a.POSITION-IN-WORKSPACE></g2:c.LOOSE-END>

<g2:c.LOOSE-END ID="4dea3df1769b11e69b45000c2973fc18">
  <g2:a.FOLLOWING-ITEM-IN-WORKSPACE-LAYERING><g2:c.LOOSE-END rdf:resource="#4dea3df2769b11e69b45000c2973fc18"/></g2:a.FOLLOWING-ITEM-IN-WORKSPACE-LAYERING>
  <g2:a.POSITION-IN-WORKSPACE>
    <g2:Structure>
      <g2:sa.X g2:type="Integer">-82</g2:sa.X>
      <g2:sa.Y g2:type="Integer">-1329</g2:sa.Y>
      <g2:sa.SUPERIOR><g2:c.KB-WORKSPACE rdf:resource="#ebd36edb4fde11dfb1b4001641761fb2"/></g2:sa.SUPERIOR></g2:Structure></g2:a.POSITION-IN-WORKSPACE></g2:c.LOOSE-END>

<g2:c.LOOSE-END ID="4dea3df2769b11e69b45000c2973fc18">
  <g2:a.FOLLOWING-ITEM-IN-WORKSPACE-LAYERING><g2:c.LOOSE-END rdf:resource="#4dea3df3769b11e69b45000c2973fc18"/></g2:a.FOLLOWING-ITEM-IN-WORKSPACE-LAYERING>
  <g2:a.POSITION-IN-WORKSPACE>
    <g2:Structure>
      <g2:sa.X g2:type="Integer">114</g2:sa.X>
      <g2:sa.Y g2:type="Integer">-1077</g2:sa.Y>
      <g2:sa.SUPERIOR><g2:c.KB-WORKSPACE rdf:resource="#ebd36edb4fde11dfb1b4001641761fb2"/></g2:sa.SUPERIOR></g2:Structure></g2:a.POSITION-IN-WORKSPACE></g2:c.LOOSE-END>

<g2:c.LOOSE-END ID="4dea3df3769b11e69b45000c2973fc18">
  <g2:a.FOLLOWING-ITEM-IN-WORKSPACE-LAYERING><g2:c.LOOSE-END rdf:resource="#4dea3df5769b11e69b45000c2973fc18"/></g2:a.FOLLOWING-ITEM-IN-WORKSPACE-LAYERING>
  <g2:a.POSITION-IN-WORKSPACE>
    <g2:Structure>
      <g2:sa.X g2:type="Integer">-247</g2:sa.X>
      <g2:sa.Y g2:type="Integer">-1326</g2:sa.Y>
      <g2:sa.SUPERIOR><g2:c.KB-WORKSPACE rdf:resource="#ebd36edb4fde11dfb1b4001641761fb2"/></g2:sa.SUPERIOR></g2:Structure></g2:a.POSITION-IN-WORKSPACE></g2:c.LOOSE-END>

<g2:c.LOOSE-END ID="4dea3df5769b11e69b45000c2973fc18">
  <g2:a.FOLLOWING-ITEM-IN-WORKSPACE-LAYERING><c.BENCHMARK-TEST rdf:resource="#f631a4364fe411dfb1b4001641761fb2"/></g2:a.FOLLOWING-ITEM-IN-WORKSPACE-LAYERING>
  <g2:a.POSITION-IN-WORKSPACE>
    <g2:Structure>
      <g2:sa.X g2:type="Integer">393</g2:sa.X>
      <g2:sa.Y g2:type="Integer">122</g2:sa.Y>
      <g2:sa.SUPERIOR><g2:c.KB-WORKSPACE rdf:resource="#ebd36edb4fde11dfb1b4001641761fb2"/></g2:sa.SUPERIOR></g2:Structure></g2:a.POSITION-IN-WORKSPACE></g2:c.LOOSE-END>

<c.NEXT-BENCHMARK ID="4dea3e2e769b11e69b45000c2973fc18">
  <g2:a.CONNECTION-VERTICES>
    <g2:Sequence>
      <rdf:li g2:type="Integer">4</rdf:li></g2:Sequence></g2:a.CONNECTION-VERTICES>
  <g2:a.CONNECTION-STYLE g2:type="Symbol">ORTHOGONAL</g2:a.CONNECTION-STYLE>
  <g2:a.CONNECTION-OUTPUT>
    <g2:Structure>
      <g2:sa.ITEM><g2:c.LOOSE-END rdf:resource="#4dea3def769b11e69b45000c2973fc18"/></g2:sa.ITEM>
      <g2:sa.SIDE g2:type="Symbol">BOTTOM</g2:sa.SIDE>
      <g2:sa.POSITION g2:type="Integer">0</g2:sa.POSITION>
      <g2:sa.PORT-NAME g2:type="Symbol">STUB-CONNECTION</g2:sa.PORT-NAME></g2:Structure></g2:a.CONNECTION-OUTPUT>
  <g2:a.CONNECTION-INPUT>
    <g2:Structure>
      <g2:sa.ITEM><c.BENCHMARK-TEST rdf:resource="#f5b78c884fe311dfb1b4001641761fb2"/></g2:sa.ITEM>
      <g2:sa.SIDE g2:type="Symbol">TOP</g2:sa.SIDE>
      <g2:sa.POSITION g2:type="Integer">14</g2:sa.POSITION></g2:Structure></g2:a.CONNECTION-INPUT>
  <g2:a.FOLLOWING-ITEM-IN-WORKSPACE-LAYERING><c.NEXT-BENCHMARK rdf:resource="#f5b78cac4fe311dfb1b4001641761fb2"/></g2:a.FOLLOWING-ITEM-IN-WORKSPACE-LAYERING>
  <g2:a.ITEM-COLOR-PATTERN>
    <g2:Structure>
      <g2:sa.OUTLINE g2:type="Symbol">RED</g2:sa.OUTLINE>
      <g2:sa.INSIDE g2:type="Symbol">TURQUOISE</g2:sa.INSIDE></g2:Structure></g2:a.ITEM-COLOR-PATTERN></c.NEXT-BENCHMARK>

<c.NEXT-BENCHMARK ID="4dea3e2f769b11e69b45000c2973fc18">
  <g2:a.CONNECTION-VERTICES>
    <g2:Sequence>
      <rdf:li g2:type="Integer">-5</rdf:li></g2:Sequence></g2:a.CONNECTION-VERTICES>
  <g2:a.CONNECTION-STYLE g2:type="Symbol">ORTHOGONAL</g2:a.CONNECTION-STYLE>
  <g2:a.CONNECTION-OUTPUT>
    <g2:Structure>
      <g2:sa.ITEM><g2:c.LOOSE-END rdf:resource="#4dea3df0769b11e69b45000c2973fc18"/></g2:sa.ITEM>
      <g2:sa.SIDE g2:type="Symbol">TOP</g2:sa.SIDE>
      <g2:sa.POSITION g2:type="Integer">0</g2:sa.POSITION>
      <g2:sa.PORT-NAME g2:type="Symbol">STUB-CONNECTION</g2:sa.PORT-NAME></g2:Structure></g2:a.CONNECTION-OUTPUT>
  <g2:a.CONNECTION-INPUT>
    <g2:Structure>
      <g2:sa.ITEM><c.BENCHMARK-TEST rdf:resource="#dc2413ad4fe211dfb1b4001641761fb2"/></g2:sa.ITEM>
      <g2:sa.SIDE g2:type="Symbol">BOTTOM</g2:sa.SIDE>
      <g2:sa.POSITION g2:type="Integer">15</g2:sa.POSITION>
      <g2:sa.PORT-NAME g2:type="Symbol">NEXT-TEST-PORT</g2:sa.PORT-NAME></g2:Structure></g2:a.CONNECTION-INPUT>
  <g2:a.FOLLOWING-ITEM-IN-WORKSPACE-LAYERING><c.BENCHMARK-TEST rdf:resource="#633a310e4fe211dfb1b4001641761fb2"/></g2:a.FOLLOWING-ITEM-IN-WORKSPACE-LAYERING>
  <g2:a.ITEM-COLOR-PATTERN>
    <g2:Structure>
      <g2:sa.OUTLINE g2:type="Symbol">RED</g2:sa.OUTLINE>
      <g2:sa.INSIDE g2:type="Symbol">TURQUOISE</g2:sa.INSIDE></g2:Structure></g2:a.ITEM-COLOR-PATTERN></c.NEXT-BENCHMARK>

<c.NEXT-BENCHMARK ID="4dea3e30769b11e69b45000c2973fc18">
  <g2:a.CONNECTION-VERTICES>
    <g2:Sequence>
      <rdf:li g2:type="Integer">-5</rdf:li></g2:Sequence></g2:a.CONNECTION-VERTICES>
  <g2:a.CONNECTION-STYLE g2:type="Symbol">ORTHOGONAL</g2:a.CONNECTION-STYLE>
  <g2:a.CONNECTION-OUTPUT>
    <g2:Structure>
      <g2:sa.ITEM><g2:c.LOOSE-END rdf:resource="#4dea3df1769b11e69b45000c2973fc18"/></g2:sa.ITEM>
      <g2:sa.SIDE g2:type="Symbol">TOP</g2:sa.SIDE>
      <g2:sa.POSITION g2:type="Integer">0</g2:sa.POSITION>
      <g2:sa.PORT-NAME g2:type="Symbol">STUB-CONNECTION</g2:sa.PORT-NAME></g2:Structure></g2:a.CONNECTION-OUTPUT>
  <g2:a.CONNECTION-INPUT>
    <g2:Structure>
      <g2:sa.ITEM><c.BENCHMARK-TEST rdf:resource="#dc2413804fe211dfb1b4001641761fb2"/></g2:sa.ITEM>
      <g2:sa.SIDE g2:type="Symbol">BOTTOM</g2:sa.SIDE>
      <g2:sa.POSITION g2:type="Integer">15</g2:sa.POSITION>
      <g2:sa.PORT-NAME g2:type="Symbol">NEXT-TEST-PORT</g2:sa.PORT-NAME></g2:Structure></g2:a.CONNECTION-INPUT>
  <g2:a.FOLLOWING-ITEM-IN-WORKSPACE-LAYERING><c.BENCHMARK-TEST rdf:resource="#dc2413854fe211dfb1b4001641761fb2"/></g2:a.FOLLOWING-ITEM-IN-WORKSPACE-LAYERING>
  <g2:a.ITEM-COLOR-PATTERN>
    <g2:Structure>
      <g2:sa.OUTLINE g2:type="Symbol">RED</g2:sa.OUTLINE>
      <g2:sa.INSIDE g2:type="Symbol">TURQUOISE</g2:sa.INSIDE></g2:Structure></g2:a.ITEM-COLOR-PATTERN></c.NEXT-BENCHMARK>

<c.NEXT-BENCHMARK ID="4dea3e31769b11e69b45000c2973fc18">
  <g2:a.CONNECTION-VERTICES>
    <g2:Sequence>
      <rdf:li g2:type="Integer">4</rdf:li></g2:Sequence></g2:a.CONNECTION-VERTICES>
  <g2:a.CONNECTION-STYLE g2:type="Symbol">ORTHOGONAL</g2:a.CONNECTION-STYLE>
  <g2:a.CONNECTION-OUTPUT>
    <g2:Structure>
      <g2:sa.ITEM><g2:c.LOOSE-END rdf:resource="#4dea3df2769b11e69b45000c2973fc18"/></g2:sa.ITEM>
      <g2:sa.SIDE g2:type="Symbol">BOTTOM</g2:sa.SIDE>
      <g2:sa.POSITION g2:type="Integer">0</g2:sa.POSITION>
      <g2:sa.PORT-NAME g2:type="Symbol">STUB-CONNECTION</g2:sa.PORT-NAME></g2:Structure></g2:a.CONNECTION-OUTPUT>
  <g2:a.CONNECTION-INPUT>
    <g2:Structure>
      <g2:sa.ITEM><c.BENCHMARK-TEST rdf:resource="#dc2413a84fe211dfb1b4001641761fb2"/></g2:sa.ITEM>
      <g2:sa.SIDE g2:type="Symbol">TOP</g2:sa.SIDE>
      <g2:sa.POSITION g2:type="Integer">13</g2:sa.POSITION></g2:Structure></g2:a.CONNECTION-INPUT>
  <g2:a.FOLLOWING-ITEM-IN-WORKSPACE-LAYERING><c.NEXT-BENCHMARK rdf:resource="#dc2413bf4fe211dfb1b4001641761fb2"/></g2:a.FOLLOWING-ITEM-IN-WORKSPACE-LAYERING>
  <g2:a.ITEM-COLOR-PATTERN>
    <g2:Structure>
      <g2:sa.OUTLINE g2:type="Symbol">RED</g2:sa.OUTLINE>
      <g2:sa.INSIDE g2:type="Symbol">TURQUOISE</g2:sa.INSIDE></g2:Structure></g2:a.ITEM-COLOR-PATTERN></c.NEXT-BENCHMARK>

<c.NEXT-BENCHMARK ID="4dea3e32769b11e69b45000c2973fc18">
  <g2:a.CONNECTION-VERTICES>
    <g2:Sequence>
      <rdf:li g2:type="Integer">4</rdf:li></g2:Sequence></g2:a.CONNECTION-VERTICES>
  <g2:a.CONNECTION-STYLE g2:type="Symbol">ORTHOGONAL</g2:a.CONNECTION-STYLE>
  <g2:a.CONNECTION-OUTPUT>
    <g2:Structure>
      <g2:sa.ITEM><g2:c.LOOSE-END rdf:resource="#4dea3df3769b11e69b45000c2973fc18"/></g2:sa.ITEM>
      <g2:sa.SIDE g2:type="Symbol">BOTTOM</g2:sa.SIDE>
      <g2:sa.POSITION g2:type="Integer">0</g2:sa.POSITION>
      <g2:sa.PORT-NAME g2:type="Symbol">STUB-CONNECTION</g2:sa.PORT-NAME></g2:Structure></g2:a.CONNECTION-OUTPUT>
  <g2:a.CONNECTION-INPUT>
    <g2:Structure>
      <g2:sa.ITEM><c.BENCHMARK-TEST rdf:resource="#dc2413944fe211dfb1b4001641761fb2"/></g2:sa.ITEM>
      <g2:sa.SIDE g2:type="Symbol">TOP</g2:sa.SIDE>
      <g2:sa.POSITION g2:type="Integer">10</g2:sa.POSITION></g2:Structure></g2:a.CONNECTION-INPUT>
  <g2:a.FOLLOWING-ITEM-IN-WORKSPACE-LAYERING><c.NEXT-BENCHMARK rdf:resource="#dc2413b84fe211dfb1b4001641761fb2"/></g2:a.FOLLOWING-ITEM-IN-WORKSPACE-LAYERING>
  <g2:a.ITEM-COLOR-PATTERN>
    <g2:Structure>
      <g2:sa.OUTLINE g2:type="Symbol">RED</g2:sa.OUTLINE>
      <g2:sa.INSIDE g2:type="Symbol">TURQUOISE</g2:sa.INSIDE></g2:Structure></g2:a.ITEM-COLOR-PATTERN></c.NEXT-BENCHMARK>

<c.NEXT-BENCHMARK ID="4dea3e34769b11e69b45000c2973fc18">
  <g2:a.CONNECTION-VERTICES>
    <g2:Sequence>
      <rdf:li g2:type="Integer">4</rdf:li></g2:Sequence></g2:a.CONNECTION-VERTICES>
  <g2:a.CONNECTION-STYLE g2:type="Symbol">ORTHOGONAL</g2:a.CONNECTION-STYLE>
  <g2:a.CONNECTION-OUTPUT>
    <g2:Structure>
      <g2:sa.ITEM><g2:c.LOOSE-END rdf:resource="#4dea3df5769b11e69b45000c2973fc18"/></g2:sa.ITEM>
      <g2:sa.SIDE g2:type="Symbol">BOTTOM</g2:sa.SIDE>
      <g2:sa.POSITION g2:type="Integer">0</g2:sa.POSITION>
      <g2:sa.PORT-NAME g2:type="Symbol">STUB-CONNECTION</g2:sa.PORT-NAME></g2:Structure></g2:a.CONNECTION-OUTPUT>
  <g2:a.CONNECTION-INPUT>
    <g2:Structure>
      <g2:sa.ITEM><c.BENCHMARK-TEST rdf:resource="#633a311c4fe211dfb1b4001641761fb2"/></g2:sa.ITEM>
      <g2:sa.SIDE g2:type="Symbol">TOP</g2:sa.SIDE>
      <g2:sa.POSITION g2:type="Integer">15</g2:sa.POSITION></g2:Structure></g2:a.CONNECTION-INPUT>
  <g2:a.FOLLOWING-ITEM-IN-WORKSPACE-LAYERING><c.NEXT-BENCHMARK rdf:resource="#633a314c4fe211dfb1b4001641761fb2"/></g2:a.FOLLOWING-ITEM-IN-WORKSPACE-LAYERING>
  <g2:a.ITEM-COLOR-PATTERN>
    <g2:Structure>
      <g2:sa.OUTLINE g2:type="Symbol">RED</g2:sa.OUTLINE>
      <g2:sa.INSIDE g2:type="Symbol">TURQUOISE</g2:sa.INSIDE></g2:Structure></g2:a.ITEM-COLOR-PATTERN></c.NEXT-BENCHMARK>

<c.NEXT-BENCHMARK ID="4dea3e37769b11e69b45000c2973fc18">
  <g2:a.CONNECTION-VERTICES g2:type="Sequence"></g2:a.CONNECTION-VERTICES>
  <g2:a.CONNECTION-STYLE g2:type="Symbol">ORTHOGONAL</g2:a.CONNECTION-STYLE>
  <g2:a.CONNECTION-OUTPUT>
    <g2:Structure>
      <g2:sa.ITEM><c.BENCHMARK-TEST rdf:resource="#dc2413804fe211dfb1b4001641761fb2"/></g2:sa.ITEM>
      <g2:sa.SIDE g2:type="Symbol">BOTTOM</g2:sa.SIDE>
      <g2:sa.POSITION g2:type="Integer">15</g2:sa.POSITION></g2:Structure></g2:a.CONNECTION-OUTPUT>
  <g2:a.CONNECTION-INPUT>
    <g2:Structure>
      <g2:sa.ITEM><c.BENCHMARK-TEST rdf:resource="#dc2413674fe211dfb1b4001641761fb2"/></g2:sa.ITEM>
      <g2:sa.SIDE g2:type="Symbol">TOP</g2:sa.SIDE>
      <g2:sa.POSITION g2:type="Integer">17</g2:sa.POSITION></g2:Structure></g2:a.CONNECTION-INPUT>
  <g2:a.FOLLOWING-ITEM-IN-WORKSPACE-LAYERING><c.NEXT-BENCHMARK rdf:resource="#dc2413b64fe211dfb1b4001641761fb2"/></g2:a.FOLLOWING-ITEM-IN-WORKSPACE-LAYERING>
  <g2:a.ITEM-COLOR-PATTERN>
    <g2:Structure>
      <g2:sa.OUTLINE g2:type="Symbol">RED</g2:sa.OUTLINE>
      <g2:sa.INSIDE g2:type="Symbol">TURQUOISE</g2:sa.INSIDE></g2:Structure></g2:a.ITEM-COLOR-PATTERN></c.NEXT-BENCHMARK>

<c.NEXT-BENCHMARK ID="4dea3e38769b11e69b45000c2973fc18">
  <g2:a.CONNECTION-VERTICES>
    <g2:Sequence>
      <rdf:li g2:type="Integer">-50</rdf:li>
      <rdf:li g2:type="Integer">163</rdf:li>
      <rdf:li g2:type="Integer">489</rdf:li></g2:Sequence></g2:a.CONNECTION-VERTICES>
  <g2:a.CONNECTION-STYLE g2:type="Symbol">ORTHOGONAL</g2:a.CONNECTION-STYLE>
  <g2:a.CONNECTION-OUTPUT>
    <g2:Structure>
      <g2:sa.ITEM><c.BENCHMARK-TEST rdf:resource="#dc2413a84fe211dfb1b4001641761fb2"/></g2:sa.ITEM>
      <g2:sa.SIDE g2:type="Symbol">TOP</g2:sa.SIDE>
      <g2:sa.POSITION g2:type="Integer">15</g2:sa.POSITION></g2:Structure></g2:a.CONNECTION-OUTPUT>
  <g2:a.CONNECTION-INPUT>
    <g2:Structure>
      <g2:sa.ITEM><c.BENCHMARK-TEST rdf:resource="#dc24136c4fe211dfb1b4001641761fb2"/></g2:sa.ITEM>
      <g2:sa.SIDE g2:type="Symbol">BOTTOM</g2:sa.SIDE>
      <g2:sa.POSITION g2:type="Integer">15</g2:sa.POSITION>
      <g2:sa.PORT-NAME g2:type="Symbol">NEXT-TEST-PORT</g2:sa.PORT-NAME></g2:Structure></g2:a.CONNECTION-INPUT>
  <g2:a.FOLLOWING-ITEM-IN-WORKSPACE-LAYERING><c.BENCHMARK-TEST rdf:resource="#dc2413714fe211dfb1b4001641761fb2"/></g2:a.FOLLOWING-ITEM-IN-WORKSPACE-LAYERING>
  <g2:a.ITEM-COLOR-PATTERN>
    <g2:Structure>
      <g2:sa.OUTLINE g2:type="Symbol">RED</g2:sa.OUTLINE>
      <g2:sa.INSIDE g2:type="Symbol">TURQUOISE</g2:sa.INSIDE></g2:Structure></g2:a.ITEM-COLOR-PATTERN></c.NEXT-BENCHMARK>

<g2:c.FREE-TEXT ID="6eae3f0d76a411e69b45000c2973fc18">
  <g2:a.TEXT><![CDATA[Tests after "LOAD-FROM-NOLS"  is related to PCA which is not figured out.]]></g2:a.TEXT>
  <g2:a.TEXT-FONT>
    <g2:Structure>
      <g2:sa.FONT-SIZE g2:type="Symbol">EXTRA-LARGE</g2:sa.FONT-SIZE></g2:Structure></g2:a.TEXT-FONT>
  <g2:a.TEXT-ALIGNMENT g2:type="Symbol">LEFT</g2:a.TEXT-ALIGNMENT>
  <g2:a.FOLLOWING-ITEM-IN-WORKSPACE-LAYERING><g2:c.FREE-TEXT rdf:resource="#4dea3dee769b11e69b45000c2973fc18"/></g2:a.FOLLOWING-ITEM-IN-WORKSPACE-LAYERING>
  <g2:a.POSITION-IN-WORKSPACE>
    <g2:Structure>
      <g2:sa.X g2:type="Integer">960</g2:sa.X>
      <g2:sa.Y g2:type="Integer">-501</g2:sa.Y>
      <g2:sa.SUPERIOR><g2:c.KB-WORKSPACE rdf:resource="#ebd36edb4fde11dfb1b4001641761fb2"/></g2:sa.SUPERIOR></g2:Structure></g2:a.POSITION-IN-WORKSPACE>
  <g2:a.ITEM-COLOR-PATTERN>
    <g2:Structure>
      <g2:sa.BACKGROUND-COLOR g2:type="Symbol">BLUE</g2:sa.BACKGROUND-COLOR>
      <g2:sa.TEXT-COLOR g2:type="Symbol">YELLOW</g2:sa.TEXT-COLOR></g2:Structure></g2:a.ITEM-COLOR-PATTERN>
  <g2:a.SIZE-IN-WORKSPACE>
    <g2:Structure>
      <g2:sa.WIDTH g2:type="Integer">549</g2:sa.WIDTH>
      <g2:sa.HEIGHT g2:type="Integer">80</g2:sa.HEIGHT></g2:Structure></g2:a.SIZE-IN-WORKSPACE></g2:c.FREE-TEXT>

<g2:c.LOOSE-END ID="400925fb76a911e69b45000c2973fc18">
  <g2:a.FOLLOWING-ITEM-IN-WORKSPACE-LAYERING><g2:c.FREE-TEXT rdf:resource="#6eae3f0d76a411e69b45000c2973fc18"/></g2:a.FOLLOWING-ITEM-IN-WORKSPACE-LAYERING>
  <g2:a.POSITION-IN-WORKSPACE>
    <g2:Structure>
      <g2:sa.X g2:type="Integer">690</g2:sa.X>
      <g2:sa.Y g2:type="Integer">-1165</g2:sa.Y>
      <g2:sa.SUPERIOR><g2:c.KB-WORKSPACE rdf:resource="#ebd36edb4fde11dfb1b4001641761fb2"/></g2:sa.SUPERIOR></g2:Structure></g2:a.POSITION-IN-WORKSPACE></g2:c.LOOSE-END>

<c.NEXT-BENCHMARK ID="400925fd76a911e69b45000c2973fc18">
  <g2:a.CONNECTION-VERTICES>
    <g2:Sequence>
      <rdf:li g2:type="Integer">4</rdf:li></g2:Sequence></g2:a.CONNECTION-VERTICES>
  <g2:a.CONNECTION-STYLE g2:type="Symbol">ORTHOGONAL</g2:a.CONNECTION-STYLE>
  <g2:a.CONNECTION-OUTPUT>
    <g2:Structure>
      <g2:sa.ITEM><g2:c.LOOSE-END rdf:resource="#400925fb76a911e69b45000c2973fc18"/></g2:sa.ITEM>
      <g2:sa.SIDE g2:type="Symbol">BOTTOM</g2:sa.SIDE>
      <g2:sa.POSITION g2:type="Integer">0</g2:sa.POSITION>
      <g2:sa.PORT-NAME g2:type="Symbol">STUB-CONNECTION</g2:sa.PORT-NAME></g2:Structure></g2:a.CONNECTION-OUTPUT>
  <g2:a.CONNECTION-INPUT>
    <g2:Structure>
      <g2:sa.ITEM><c.BENCHMARK-TEST rdf:resource="#984eaa434fe411dfb1b4001641761fb2"/></g2:sa.ITEM>
      <g2:sa.SIDE g2:type="Symbol">TOP</g2:sa.SIDE>
      <g2:sa.POSITION g2:type="Integer">15</g2:sa.POSITION></g2:Structure></g2:a.CONNECTION-INPUT>
  <g2:a.FOLLOWING-ITEM-IN-WORKSPACE-LAYERING><c.BENCHMARK-TEST rdf:resource="#984eaa494fe411dfb1b4001641761fb2"/></g2:a.FOLLOWING-ITEM-IN-WORKSPACE-LAYERING>
  <g2:a.ITEM-COLOR-PATTERN>
    <g2:Structure>
      <g2:sa.OUTLINE g2:type="Symbol">RED</g2:sa.OUTLINE>
      <g2:sa.INSIDE g2:type="Symbol">TURQUOISE</g2:sa.INSIDE></g2:Structure></g2:a.ITEM-COLOR-PATTERN></c.NEXT-BENCHMARK>

<c.NEXT-BENCHMARK ID="4009260076a911e69b45000c2973fc18">
  <g2:a.CONNECTION-VERTICES>
    <g2:Sequence>
      <rdf:li g2:type="Integer">-13</rdf:li>
      <rdf:li g2:type="Integer">0</rdf:li></g2:Sequence></g2:a.CONNECTION-VERTICES>
  <g2:a.CONNECTION-STYLE g2:type="Symbol">ORTHOGONAL</g2:a.CONNECTION-STYLE>
  <g2:a.CONNECTION-OUTPUT>
    <g2:Structure>
      <g2:sa.ITEM><c.BENCHMARK-TEST rdf:resource="#984eaa494fe411dfb1b4001641761fb2"/></g2:sa.ITEM>
      <g2:sa.SIDE g2:type="Symbol">TOP</g2:sa.SIDE>
      <g2:sa.POSITION g2:type="Integer">14</g2:sa.POSITION></g2:Structure></g2:a.CONNECTION-OUTPUT>
  <g2:a.CONNECTION-INPUT>
    <g2:Structure>
      <g2:sa.ITEM><c.BENCHMARK-TEST rdf:resource="#984eaa4f4fe411dfb1b4001641761fb2"/></g2:sa.ITEM>
      <g2:sa.SIDE g2:type="Symbol">BOTTOM</g2:sa.SIDE>
      <g2:sa.POSITION g2:type="Integer">15</g2:sa.POSITION>
      <g2:sa.PORT-NAME g2:type="Symbol">NEXT-TEST-PORT</g2:sa.PORT-NAME></g2:Structure></g2:a.CONNECTION-INPUT>
  <g2:a.FOLLOWING-ITEM-IN-WORKSPACE-LAYERING><c.BENCHMARK-TEST rdf:resource="#f5b78c884fe311dfb1b4001641761fb2"/></g2:a.FOLLOWING-ITEM-IN-WORKSPACE-LAYERING>
  <g2:a.ITEM-COLOR-PATTERN>
    <g2:Structure>
      <g2:sa.OUTLINE g2:type="Symbol">RED</g2:sa.OUTLINE>
      <g2:sa.INSIDE g2:type="Symbol">TURQUOISE</g2:sa.INSIDE></g2:Structure></g2:a.ITEM-COLOR-PATTERN></c.NEXT-BENCHMARK>

<g2:c.LOOSE-END ID="f0b1f29576aa11e69b45000c2973fc18">
  <g2:a.FOLLOWING-ITEM-IN-WORKSPACE-LAYERING><g2:c.LOOSE-END rdf:resource="#f0b1f29676aa11e69b45000c2973fc18"/></g2:a.FOLLOWING-ITEM-IN-WORKSPACE-LAYERING>
  <g2:a.POSITION-IN-WORKSPACE>
    <g2:Structure>
      <g2:sa.X g2:type="Integer">776</g2:sa.X>
      <g2:sa.Y g2:type="Integer">100</g2:sa.Y>
      <g2:sa.SUPERIOR><g2:c.KB-WORKSPACE rdf:resource="#ebd36edb4fde11dfb1b4001641761fb2"/></g2:sa.SUPERIOR></g2:Structure></g2:a.POSITION-IN-WORKSPACE></g2:c.LOOSE-END>

<g2:c.LOOSE-END ID="f0b1f29676aa11e69b45000c2973fc18">
  <g2:a.FOLLOWING-ITEM-IN-WORKSPACE-LAYERING><g2:c.LOOSE-END rdf:resource="#f0b1f29776aa11e69b45000c2973fc18"/></g2:a.FOLLOWING-ITEM-IN-WORKSPACE-LAYERING>
  <g2:a.POSITION-IN-WORKSPACE>
    <g2:Structure>
      <g2:sa.X g2:type="Integer">342</g2:sa.X>
      <g2:sa.Y g2:type="Integer">-710</g2:sa.Y>
      <g2:sa.SUPERIOR><g2:c.KB-WORKSPACE rdf:resource="#ebd36edb4fde11dfb1b4001641761fb2"/></g2:sa.SUPERIOR></g2:Structure></g2:a.POSITION-IN-WORKSPACE></g2:c.LOOSE-END>

<g2:c.LOOSE-END ID="f0b1f29776aa11e69b45000c2973fc18">
  <g2:a.FOLLOWING-ITEM-IN-WORKSPACE-LAYERING><g2:c.LOOSE-END rdf:resource="#f0b1f29876aa11e69b45000c2973fc18"/></g2:a.FOLLOWING-ITEM-IN-WORKSPACE-LAYERING>
  <g2:a.POSITION-IN-WORKSPACE>
    <g2:Structure>
      <g2:sa.X g2:type="Integer">342</g2:sa.X>
      <g2:sa.Y g2:type="Integer">-545</g2:sa.Y>
      <g2:sa.SUPERIOR><g2:c.KB-WORKSPACE rdf:resource="#ebd36edb4fde11dfb1b4001641761fb2"/></g2:sa.SUPERIOR></g2:Structure></g2:a.POSITION-IN-WORKSPACE></g2:c.LOOSE-END>

<g2:c.LOOSE-END ID="f0b1f29876aa11e69b45000c2973fc18">
  <g2:a.FOLLOWING-ITEM-IN-WORKSPACE-LAYERING><g2:c.LOOSE-END rdf:resource="#f0b1f29976aa11e69b45000c2973fc18"/></g2:a.FOLLOWING-ITEM-IN-WORKSPACE-LAYERING>
  <g2:a.POSITION-IN-WORKSPACE>
    <g2:Structure>
      <g2:sa.X g2:type="Integer">394</g2:sa.X>
      <g2:sa.Y g2:type="Integer">122</g2:sa.Y>
      <g2:sa.SUPERIOR><g2:c.KB-WORKSPACE rdf:resource="#ebd36edb4fde11dfb1b4001641761fb2"/></g2:sa.SUPERIOR></g2:Structure></g2:a.POSITION-IN-WORKSPACE></g2:c.LOOSE-END>

<g2:c.LOOSE-END ID="f0b1f29976aa11e69b45000c2973fc18">
  <g2:a.FOLLOWING-ITEM-IN-WORKSPACE-LAYERING><g2:c.LOOSE-END rdf:resource="#f0b1f29a76aa11e69b45000c2973fc18"/></g2:a.FOLLOWING-ITEM-IN-WORKSPACE-LAYERING>
  <g2:a.POSITION-IN-WORKSPACE>
    <g2:Structure>
      <g2:sa.X g2:type="Integer">343</g2:sa.X>
      <g2:sa.Y g2:type="Integer">-505</g2:sa.Y>
      <g2:sa.SUPERIOR><g2:c.KB-WORKSPACE rdf:resource="#ebd36edb4fde11dfb1b4001641761fb2"/></g2:sa.SUPERIOR></g2:Structure></g2:a.POSITION-IN-WORKSPACE></g2:c.LOOSE-END>

<g2:c.LOOSE-END ID="f0b1f29a76aa11e69b45000c2973fc18">
  <g2:a.FOLLOWING-ITEM-IN-WORKSPACE-LAYERING><g2:c.LOOSE-END rdf:resource="#f0b1f29c76aa11e69b45000c2973fc18"/></g2:a.FOLLOWING-ITEM-IN-WORKSPACE-LAYERING>
  <g2:a.POSITION-IN-WORKSPACE>
    <g2:Structure>
      <g2:sa.X g2:type="Integer">343</g2:sa.X>
      <g2:sa.Y g2:type="Integer">-470</g2:sa.Y>
      <g2:sa.SUPERIOR><g2:c.KB-WORKSPACE rdf:resource="#ebd36edb4fde11dfb1b4001641761fb2"/></g2:sa.SUPERIOR></g2:Structure></g2:a.POSITION-IN-WORKSPACE></g2:c.LOOSE-END>

<g2:c.LOOSE-END ID="f0b1f29c76aa11e69b45000c2973fc18">
  <g2:a.FOLLOWING-ITEM-IN-WORKSPACE-LAYERING><g2:c.LOOSE-END rdf:resource="#f0b1f29d76aa11e69b45000c2973fc18"/></g2:a.FOLLOWING-ITEM-IN-WORKSPACE-LAYERING>
  <g2:a.POSITION-IN-WORKSPACE>
    <g2:Structure>
      <g2:sa.X g2:type="Integer">779</g2:sa.X>
      <g2:sa.Y g2:type="Integer">-46</g2:sa.Y>
      <g2:sa.SUPERIOR><g2:c.KB-WORKSPACE rdf:resource="#ebd36edb4fde11dfb1b4001641761fb2"/></g2:sa.SUPERIOR></g2:Structure></g2:a.POSITION-IN-WORKSPACE></g2:c.LOOSE-END>

<g2:c.LOOSE-END ID="f0b1f29d76aa11e69b45000c2973fc18">
  <g2:a.FOLLOWING-ITEM-IN-WORKSPACE-LAYERING><g2:c.LOOSE-END rdf:resource="#f0b1f29e76aa11e69b45000c2973fc18"/></g2:a.FOLLOWING-ITEM-IN-WORKSPACE-LAYERING>
  <g2:a.POSITION-IN-WORKSPACE>
    <g2:Structure>
      <g2:sa.X g2:type="Integer">391</g2:sa.X>
      <g2:sa.Y g2:type="Integer">122</g2:sa.Y>
      <g2:sa.SUPERIOR><g2:c.KB-WORKSPACE rdf:resource="#ebd36edb4fde11dfb1b4001641761fb2"/></g2:sa.SUPERIOR></g2:Structure></g2:a.POSITION-IN-WORKSPACE></g2:c.LOOSE-END>

<g2:c.LOOSE-END ID="f0b1f29e76aa11e69b45000c2973fc18">
  <g2:a.FOLLOWING-ITEM-IN-WORKSPACE-LAYERING><g2:c.LOOSE-END rdf:resource="#f0b1f29f76aa11e69b45000c2973fc18"/></g2:a.FOLLOWING-ITEM-IN-WORKSPACE-LAYERING>
  <g2:a.POSITION-IN-WORKSPACE>
    <g2:Structure>
      <g2:sa.X g2:type="Integer">589</g2:sa.X>
      <g2:sa.Y g2:type="Integer">99</g2:sa.Y>
      <g2:sa.SUPERIOR><g2:c.KB-WORKSPACE rdf:resource="#ebd36edb4fde11dfb1b4001641761fb2"/></g2:sa.SUPERIOR></g2:Structure></g2:a.POSITION-IN-WORKSPACE></g2:c.LOOSE-END>

<g2:c.LOOSE-END ID="f0b1f29f76aa11e69b45000c2973fc18">
  <g2:a.FOLLOWING-ITEM-IN-WORKSPACE-LAYERING><g2:c.LOOSE-END rdf:resource="#f0b1f2a076aa11e69b45000c2973fc18"/></g2:a.FOLLOWING-ITEM-IN-WORKSPACE-LAYERING>
  <g2:a.POSITION-IN-WORKSPACE>
    <g2:Structure>
      <g2:sa.X g2:type="Integer">392</g2:sa.X>
      <g2:sa.Y g2:type="Integer">122</g2:sa.Y>
      <g2:sa.SUPERIOR><g2:c.KB-WORKSPACE rdf:resource="#ebd36edb4fde11dfb1b4001641761fb2"/></g2:sa.SUPERIOR></g2:Structure></g2:a.POSITION-IN-WORKSPACE></g2:c.LOOSE-END>

<g2:c.LOOSE-END ID="f0b1f2a076aa11e69b45000c2973fc18">
  <g2:a.FOLLOWING-ITEM-IN-WORKSPACE-LAYERING><g2:c.LOOSE-END rdf:resource="#f0b1f2a176aa11e69b45000c2973fc18"/></g2:a.FOLLOWING-ITEM-IN-WORKSPACE-LAYERING>
  <g2:a.POSITION-IN-WORKSPACE>
    <g2:Structure>
      <g2:sa.X g2:type="Integer">697</g2:sa.X>
      <g2:sa.Y g2:type="Integer">-858</g2:sa.Y>
      <g2:sa.SUPERIOR><g2:c.KB-WORKSPACE rdf:resource="#ebd36edb4fde11dfb1b4001641761fb2"/></g2:sa.SUPERIOR></g2:Structure></g2:a.POSITION-IN-WORKSPACE></g2:c.LOOSE-END>

<g2:c.LOOSE-END ID="f0b1f2a176aa11e69b45000c2973fc18">
  <g2:a.FOLLOWING-ITEM-IN-WORKSPACE-LAYERING><g2:c.LOOSE-END rdf:resource="#400925fb76a911e69b45000c2973fc18"/></g2:a.FOLLOWING-ITEM-IN-WORKSPACE-LAYERING>
  <g2:a.POSITION-IN-WORKSPACE>
    <g2:Structure>
      <g2:sa.X g2:type="Integer">698</g2:sa.X>
      <g2:sa.Y g2:type="Integer">-567</g2:sa.Y>
      <g2:sa.SUPERIOR><g2:c.KB-WORKSPACE rdf:resource="#ebd36edb4fde11dfb1b4001641761fb2"/></g2:sa.SUPERIOR></g2:Structure></g2:a.POSITION-IN-WORKSPACE></g2:c.LOOSE-END>

<c.NEXT-BENCHMARK ID="f0b1f2a376aa11e69b45000c2973fc18">
  <g2:a.CONNECTION-VERTICES>
    <g2:Sequence>
      <rdf:li g2:type="Integer">4</rdf:li></g2:Sequence></g2:a.CONNECTION-VERTICES>
  <g2:a.CONNECTION-STYLE g2:type="Symbol">ORTHOGONAL</g2:a.CONNECTION-STYLE>
  <g2:a.CONNECTION-OUTPUT>
    <g2:Structure>
      <g2:sa.ITEM><g2:c.LOOSE-END rdf:resource="#f0b1f29576aa11e69b45000c2973fc18"/></g2:sa.ITEM>
      <g2:sa.SIDE g2:type="Symbol">BOTTOM</g2:sa.SIDE>
      <g2:sa.POSITION g2:type="Integer">0</g2:sa.POSITION>
      <g2:sa.PORT-NAME g2:type="Symbol">STUB-CONNECTION</g2:sa.PORT-NAME></g2:Structure></g2:a.CONNECTION-OUTPUT>
  <g2:a.CONNECTION-INPUT>
    <g2:Structure>
      <g2:sa.ITEM><c.BENCHMARK-TEST rdf:resource="#984eaa3c4fe411dfb1b4001641761fb2"/></g2:sa.ITEM>
      <g2:sa.SIDE g2:type="Symbol">TOP</g2:sa.SIDE>
      <g2:sa.POSITION g2:type="Integer">14</g2:sa.POSITION></g2:Structure></g2:a.CONNECTION-INPUT>
  <g2:a.FOLLOWING-ITEM-IN-WORKSPACE-LAYERING><c.NEXT-BENCHMARK rdf:resource="#984eaa624fe411dfb1b4001641761fb2"/></g2:a.FOLLOWING-ITEM-IN-WORKSPACE-LAYERING>
  <g2:a.ITEM-COLOR-PATTERN>
    <g2:Structure>
      <g2:sa.OUTLINE g2:type="Symbol">RED</g2:sa.OUTLINE>
      <g2:sa.INSIDE g2:type="Symbol">TURQUOISE</g2:sa.INSIDE></g2:Structure></g2:a.ITEM-COLOR-PATTERN></c.NEXT-BENCHMARK>

<c.NEXT-BENCHMARK ID="f0b1f2a476aa11e69b45000c2973fc18">
  <g2:a.CONNECTION-VERTICES>
    <g2:Sequence>
      <rdf:li g2:type="Integer">-5</rdf:li></g2:Sequence></g2:a.CONNECTION-VERTICES>
  <g2:a.CONNECTION-STYLE g2:type="Symbol">ORTHOGONAL</g2:a.CONNECTION-STYLE>
  <g2:a.CONNECTION-OUTPUT>
    <g2:Structure>
      <g2:sa.ITEM><g2:c.LOOSE-END rdf:resource="#f0b1f29676aa11e69b45000c2973fc18"/></g2:sa.ITEM>
      <g2:sa.SIDE g2:type="Symbol">TOP</g2:sa.SIDE>
      <g2:sa.POSITION g2:type="Integer">0</g2:sa.POSITION>
      <g2:sa.PORT-NAME g2:type="Symbol">STUB-CONNECTION</g2:sa.PORT-NAME></g2:Structure></g2:a.CONNECTION-OUTPUT>
  <g2:a.CONNECTION-INPUT>
    <g2:Structure>
      <g2:sa.ITEM><c.BENCHMARK-TEST rdf:resource="#f5b78ca24fe311dfb1b4001641761fb2"/></g2:sa.ITEM>
      <g2:sa.SIDE g2:type="Symbol">BOTTOM</g2:sa.SIDE>
      <g2:sa.POSITION g2:type="Integer">14</g2:sa.POSITION>
      <g2:sa.PORT-NAME g2:type="Symbol">NEXT-TEST-PORT</g2:sa.PORT-NAME></g2:Structure></g2:a.CONNECTION-INPUT>
  <g2:a.FOLLOWING-ITEM-IN-WORKSPACE-LAYERING><g2:c.LOOSE-END rdf:resource="#dc2413644fe211dfb1b4001641761fb2"/></g2:a.FOLLOWING-ITEM-IN-WORKSPACE-LAYERING>
  <g2:a.ITEM-COLOR-PATTERN>
    <g2:Structure>
      <g2:sa.OUTLINE g2:type="Symbol">RED</g2:sa.OUTLINE>
      <g2:sa.INSIDE g2:type="Symbol">TURQUOISE</g2:sa.INSIDE></g2:Structure></g2:a.ITEM-COLOR-PATTERN></c.NEXT-BENCHMARK>

<c.NEXT-BENCHMARK ID="f0b1f2a576aa11e69b45000c2973fc18">
  <g2:a.CONNECTION-VERTICES>
    <g2:Sequence>
      <rdf:li g2:type="Integer">4</rdf:li></g2:Sequence></g2:a.CONNECTION-VERTICES>
  <g2:a.CONNECTION-STYLE g2:type="Symbol">ORTHOGONAL</g2:a.CONNECTION-STYLE>
  <g2:a.CONNECTION-OUTPUT>
    <g2:Structure>
      <g2:sa.ITEM><g2:c.LOOSE-END rdf:resource="#f0b1f29776aa11e69b45000c2973fc18"/></g2:sa.ITEM>
      <g2:sa.SIDE g2:type="Symbol">BOTTOM</g2:sa.SIDE>
      <g2:sa.POSITION g2:type="Integer">0</g2:sa.POSITION>
      <g2:sa.PORT-NAME g2:type="Symbol">STUB-CONNECTION</g2:sa.PORT-NAME></g2:Structure></g2:a.CONNECTION-OUTPUT>
  <g2:a.CONNECTION-INPUT>
    <g2:Structure>
      <g2:sa.ITEM><c.BENCHMARK-TEST rdf:resource="#f5b78c964fe311dfb1b4001641761fb2"/></g2:sa.ITEM>
      <g2:sa.SIDE g2:type="Symbol">TOP</g2:sa.SIDE>
      <g2:sa.POSITION g2:type="Integer">14</g2:sa.POSITION></g2:Structure></g2:a.CONNECTION-INPUT>
  <g2:a.FOLLOWING-ITEM-IN-WORKSPACE-LAYERING><c.NEXT-BENCHMARK rdf:resource="#f5b78caa4fe311dfb1b4001641761fb2"/></g2:a.FOLLOWING-ITEM-IN-WORKSPACE-LAYERING>
  <g2:a.ITEM-COLOR-PATTERN>
    <g2:Structure>
      <g2:sa.OUTLINE g2:type="Symbol">RED</g2:sa.OUTLINE>
      <g2:sa.INSIDE g2:type="Symbol">TURQUOISE</g2:sa.INSIDE></g2:Structure></g2:a.ITEM-COLOR-PATTERN></c.NEXT-BENCHMARK>

<c.NEXT-BENCHMARK ID="f0b1f2a676aa11e69b45000c2973fc18">
  <g2:a.CONNECTION-VERTICES>
    <g2:Sequence>
      <rdf:li g2:type="Integer">4</rdf:li></g2:Sequence></g2:a.CONNECTION-VERTICES>
  <g2:a.CONNECTION-STYLE g2:type="Symbol">ORTHOGONAL</g2:a.CONNECTION-STYLE>
  <g2:a.CONNECTION-OUTPUT>
    <g2:Structure>
      <g2:sa.ITEM><g2:c.LOOSE-END rdf:resource="#f0b1f29876aa11e69b45000c2973fc18"/></g2:sa.ITEM>
      <g2:sa.SIDE g2:type="Symbol">BOTTOM</g2:sa.SIDE>
      <g2:sa.POSITION g2:type="Integer">0</g2:sa.POSITION>
      <g2:sa.PORT-NAME g2:type="Symbol">STUB-CONNECTION</g2:sa.PORT-NAME></g2:Structure></g2:a.CONNECTION-OUTPUT>
  <g2:a.CONNECTION-INPUT>
    <g2:Structure>
      <g2:sa.ITEM><c.BENCHMARK-TEST rdf:resource="#633a311c4fe211dfb1b4001641761fb2"/></g2:sa.ITEM>
      <g2:sa.SIDE g2:type="Symbol">TOP</g2:sa.SIDE>
      <g2:sa.POSITION g2:type="Integer">16</g2:sa.POSITION></g2:Structure></g2:a.CONNECTION-INPUT>
  <g2:a.FOLLOWING-ITEM-IN-WORKSPACE-LAYERING><c.NEXT-BENCHMARK rdf:resource="#f0b1f2ab76aa11e69b45000c2973fc18"/></g2:a.FOLLOWING-ITEM-IN-WORKSPACE-LAYERING>
  <g2:a.ITEM-COLOR-PATTERN>
    <g2:Structure>
      <g2:sa.OUTLINE g2:type="Symbol">RED</g2:sa.OUTLINE>
      <g2:sa.INSIDE g2:type="Symbol">TURQUOISE</g2:sa.INSIDE></g2:Structure></g2:a.ITEM-COLOR-PATTERN></c.NEXT-BENCHMARK>

<c.NEXT-BENCHMARK ID="f0b1f2a776aa11e69b45000c2973fc18">
  <g2:a.CONNECTION-VERTICES>
    <g2:Sequence>
      <rdf:li g2:type="Integer">-5</rdf:li></g2:Sequence></g2:a.CONNECTION-VERTICES>
  <g2:a.CONNECTION-STYLE g2:type="Symbol">ORTHOGONAL</g2:a.CONNECTION-STYLE>
  <g2:a.CONNECTION-OUTPUT>
    <g2:Structure>
      <g2:sa.ITEM><g2:c.LOOSE-END rdf:resource="#f0b1f29976aa11e69b45000c2973fc18"/></g2:sa.ITEM>
      <g2:sa.SIDE g2:type="Symbol">TOP</g2:sa.SIDE>
      <g2:sa.POSITION g2:type="Integer">0</g2:sa.POSITION>
      <g2:sa.PORT-NAME g2:type="Symbol">STUB-CONNECTION</g2:sa.PORT-NAME></g2:Structure></g2:a.CONNECTION-OUTPUT>
  <g2:a.CONNECTION-INPUT>
    <g2:Structure>
      <g2:sa.ITEM><c.BENCHMARK-TEST rdf:resource="#633a31434fe211dfb1b4001641761fb2"/></g2:sa.ITEM>
      <g2:sa.SIDE g2:type="Symbol">BOTTOM</g2:sa.SIDE>
      <g2:sa.POSITION g2:type="Integer">15</g2:sa.POSITION>
      <g2:sa.PORT-NAME g2:type="Symbol">NEXT-TEST-PORT</g2:sa.PORT-NAME></g2:Structure></g2:a.CONNECTION-INPUT>
  <g2:a.FOLLOWING-ITEM-IN-WORKSPACE-LAYERING><c.NEXT-BENCHMARK rdf:resource="#f0b1f2a876aa11e69b45000c2973fc18"/></g2:a.FOLLOWING-ITEM-IN-WORKSPACE-LAYERING>
  <g2:a.ITEM-COLOR-PATTERN>
    <g2:Structure>
      <g2:sa.OUTLINE g2:type="Symbol">RED</g2:sa.OUTLINE>
      <g2:sa.INSIDE g2:type="Symbol">TURQUOISE</g2:sa.INSIDE></g2:Structure></g2:a.ITEM-COLOR-PATTERN></c.NEXT-BENCHMARK>

<c.NEXT-BENCHMARK ID="f0b1f2a876aa11e69b45000c2973fc18">
  <g2:a.CONNECTION-VERTICES>
    <g2:Sequence>
      <rdf:li g2:type="Integer">4</rdf:li></g2:Sequence></g2:a.CONNECTION-VERTICES>
  <g2:a.CONNECTION-STYLE g2:type="Symbol">ORTHOGONAL</g2:a.CONNECTION-STYLE>
  <g2:a.CONNECTION-OUTPUT>
    <g2:Structure>
      <g2:sa.ITEM><g2:c.LOOSE-END rdf:resource="#f0b1f29a76aa11e69b45000c2973fc18"/></g2:sa.ITEM>
      <g2:sa.SIDE g2:type="Symbol">BOTTOM</g2:sa.SIDE>
      <g2:sa.POSITION g2:type="Integer">0</g2:sa.POSITION>
      <g2:sa.PORT-NAME g2:type="Symbol">STUB-CONNECTION</g2:sa.PORT-NAME></g2:Structure></g2:a.CONNECTION-OUTPUT>
  <g2:a.CONNECTION-INPUT>
    <g2:Structure>
      <g2:sa.ITEM><c.BENCHMARK-TEST rdf:resource="#633a31434fe211dfb1b4001641761fb2"/></g2:sa.ITEM>
      <g2:sa.SIDE g2:type="Symbol">TOP</g2:sa.SIDE>
      <g2:sa.POSITION g2:type="Integer">15</g2:sa.POSITION></g2:Structure></g2:a.CONNECTION-INPUT>
  <g2:a.FOLLOWING-ITEM-IN-WORKSPACE-LAYERING><c.BENCHMARK-TEST rdf:resource="#2e42d4174fe111dfb1b4001641761fb2"/></g2:a.FOLLOWING-ITEM-IN-WORKSPACE-LAYERING>
  <g2:a.ITEM-COLOR-PATTERN>
    <g2:Structure>
      <g2:sa.OUTLINE g2:type="Symbol">RED</g2:sa.OUTLINE>
      <g2:sa.INSIDE g2:type="Symbol">TURQUOISE</g2:sa.INSIDE></g2:Structure></g2:a.ITEM-COLOR-PATTERN></c.NEXT-BENCHMARK>

<c.NEXT-BENCHMARK ID="f0b1f2aa76aa11e69b45000c2973fc18">
  <g2:a.CONNECTION-VERTICES>
    <g2:Sequence>
      <rdf:li g2:type="Integer">4</rdf:li></g2:Sequence></g2:a.CONNECTION-VERTICES>
  <g2:a.CONNECTION-STYLE g2:type="Symbol">ORTHOGONAL</g2:a.CONNECTION-STYLE>
  <g2:a.CONNECTION-OUTPUT>
    <g2:Structure>
      <g2:sa.ITEM><g2:c.LOOSE-END rdf:resource="#f0b1f29c76aa11e69b45000c2973fc18"/></g2:sa.ITEM>
      <g2:sa.SIDE g2:type="Symbol">BOTTOM</g2:sa.SIDE>
      <g2:sa.POSITION g2:type="Integer">0</g2:sa.POSITION>
      <g2:sa.PORT-NAME g2:type="Symbol">STUB-CONNECTION</g2:sa.PORT-NAME></g2:Structure></g2:a.CONNECTION-OUTPUT>
  <g2:a.CONNECTION-INPUT>
    <g2:Structure>
      <g2:sa.ITEM><c.BENCHMARK-TEST rdf:resource="#984eaa494fe411dfb1b4001641761fb2"/></g2:sa.ITEM>
      <g2:sa.SIDE g2:type="Symbol">TOP</g2:sa.SIDE>
      <g2:sa.POSITION g2:type="Integer">15</g2:sa.POSITION></g2:Structure></g2:a.CONNECTION-INPUT>
  <g2:a.FOLLOWING-ITEM-IN-WORKSPACE-LAYERING><c.NEXT-BENCHMARK rdf:resource="#7791402c822411e6aced000c2973fc18"/></g2:a.FOLLOWING-ITEM-IN-WORKSPACE-LAYERING>
  <g2:a.ITEM-COLOR-PATTERN>
    <g2:Structure>
      <g2:sa.OUTLINE g2:type="Symbol">RED</g2:sa.OUTLINE>
      <g2:sa.INSIDE g2:type="Symbol">TURQUOISE</g2:sa.INSIDE></g2:Structure></g2:a.ITEM-COLOR-PATTERN></c.NEXT-BENCHMARK>

<c.NEXT-BENCHMARK ID="f0b1f2ab76aa11e69b45000c2973fc18">
  <g2:a.CONNECTION-VERTICES>
    <g2:Sequence>
      <rdf:li g2:type="Integer">4</rdf:li></g2:Sequence></g2:a.CONNECTION-VERTICES>
  <g2:a.CONNECTION-STYLE g2:type="Symbol">ORTHOGONAL</g2:a.CONNECTION-STYLE>
  <g2:a.CONNECTION-OUTPUT>
    <g2:Structure>
      <g2:sa.ITEM><g2:c.LOOSE-END rdf:resource="#f0b1f29d76aa11e69b45000c2973fc18"/></g2:sa.ITEM>
      <g2:sa.SIDE g2:type="Symbol">BOTTOM</g2:sa.SIDE>
      <g2:sa.POSITION g2:type="Integer">0</g2:sa.POSITION>
      <g2:sa.PORT-NAME g2:type="Symbol">STUB-CONNECTION</g2:sa.PORT-NAME></g2:Structure></g2:a.CONNECTION-OUTPUT>
  <g2:a.CONNECTION-INPUT>
    <g2:Structure>
      <g2:sa.ITEM><c.BENCHMARK-TEST rdf:resource="#633a311c4fe211dfb1b4001641761fb2"/></g2:sa.ITEM>
      <g2:sa.SIDE g2:type="Symbol">TOP</g2:sa.SIDE>
      <g2:sa.POSITION g2:type="Integer">13</g2:sa.POSITION></g2:Structure></g2:a.CONNECTION-INPUT>
  <g2:a.FOLLOWING-ITEM-IN-WORKSPACE-LAYERING><c.NEXT-BENCHMARK rdf:resource="#f0b1f2ad76aa11e69b45000c2973fc18"/></g2:a.FOLLOWING-ITEM-IN-WORKSPACE-LAYERING>
  <g2:a.ITEM-COLOR-PATTERN>
    <g2:Structure>
      <g2:sa.OUTLINE g2:type="Symbol">RED</g2:sa.OUTLINE>
      <g2:sa.INSIDE g2:type="Symbol">TURQUOISE</g2:sa.INSIDE></g2:Structure></g2:a.ITEM-COLOR-PATTERN></c.NEXT-BENCHMARK>

<c.NEXT-BENCHMARK ID="f0b1f2ac76aa11e69b45000c2973fc18">
  <g2:a.CONNECTION-VERTICES>
    <g2:Sequence>
      <rdf:li g2:type="Integer">4</rdf:li></g2:Sequence></g2:a.CONNECTION-VERTICES>
  <g2:a.CONNECTION-STYLE g2:type="Symbol">ORTHOGONAL</g2:a.CONNECTION-STYLE>
  <g2:a.CONNECTION-OUTPUT>
    <g2:Structure>
      <g2:sa.ITEM><g2:c.LOOSE-END rdf:resource="#f0b1f29e76aa11e69b45000c2973fc18"/></g2:sa.ITEM>
      <g2:sa.SIDE g2:type="Symbol">BOTTOM</g2:sa.SIDE>
      <g2:sa.POSITION g2:type="Integer">0</g2:sa.POSITION>
      <g2:sa.PORT-NAME g2:type="Symbol">STUB-CONNECTION</g2:sa.PORT-NAME></g2:Structure></g2:a.CONNECTION-OUTPUT>
  <g2:a.CONNECTION-INPUT>
    <g2:Structure>
      <g2:sa.ITEM><c.BENCHMARK-TEST rdf:resource="#f5b78c884fe311dfb1b4001641761fb2"/></g2:sa.ITEM>
      <g2:sa.SIDE g2:type="Symbol">TOP</g2:sa.SIDE>
      <g2:sa.POSITION g2:type="Integer">15</g2:sa.POSITION></g2:Structure></g2:a.CONNECTION-INPUT>
  <g2:a.FOLLOWING-ITEM-IN-WORKSPACE-LAYERING><c.NEXT-BENCHMARK rdf:resource="#4dea3e2e769b11e69b45000c2973fc18"/></g2:a.FOLLOWING-ITEM-IN-WORKSPACE-LAYERING>
  <g2:a.ITEM-COLOR-PATTERN>
    <g2:Structure>
      <g2:sa.OUTLINE g2:type="Symbol">RED</g2:sa.OUTLINE>
      <g2:sa.INSIDE g2:type="Symbol">TURQUOISE</g2:sa.INSIDE></g2:Structure></g2:a.ITEM-COLOR-PATTERN></c.NEXT-BENCHMARK>

<c.NEXT-BENCHMARK ID="f0b1f2ad76aa11e69b45000c2973fc18">
  <g2:a.CONNECTION-VERTICES>
    <g2:Sequence>
      <rdf:li g2:type="Integer">4</rdf:li></g2:Sequence></g2:a.CONNECTION-VERTICES>
  <g2:a.CONNECTION-STYLE g2:type="Symbol">ORTHOGONAL</g2:a.CONNECTION-STYLE>
  <g2:a.CONNECTION-OUTPUT>
    <g2:Structure>
      <g2:sa.ITEM><g2:c.LOOSE-END rdf:resource="#f0b1f29f76aa11e69b45000c2973fc18"/></g2:sa.ITEM>
      <g2:sa.SIDE g2:type="Symbol">BOTTOM</g2:sa.SIDE>
      <g2:sa.POSITION g2:type="Integer">0</g2:sa.POSITION>
      <g2:sa.PORT-NAME g2:type="Symbol">STUB-CONNECTION</g2:sa.PORT-NAME></g2:Structure></g2:a.CONNECTION-OUTPUT>
  <g2:a.CONNECTION-INPUT>
    <g2:Structure>
      <g2:sa.ITEM><c.BENCHMARK-TEST rdf:resource="#633a311c4fe211dfb1b4001641761fb2"/></g2:sa.ITEM>
      <g2:sa.SIDE g2:type="Symbol">TOP</g2:sa.SIDE>
      <g2:sa.POSITION g2:type="Integer">14</g2:sa.POSITION></g2:Structure></g2:a.CONNECTION-INPUT>
  <g2:a.FOLLOWING-ITEM-IN-WORKSPACE-LAYERING><c.NEXT-BENCHMARK rdf:resource="#4dea3e34769b11e69b45000c2973fc18"/></g2:a.FOLLOWING-ITEM-IN-WORKSPACE-LAYERING>
  <g2:a.ITEM-COLOR-PATTERN>
    <g2:Structure>
      <g2:sa.OUTLINE g2:type="Symbol">RED</g2:sa.OUTLINE>
      <g2:sa.INSIDE g2:type="Symbol">TURQUOISE</g2:sa.INSIDE></g2:Structure></g2:a.ITEM-COLOR-PATTERN></c.NEXT-BENCHMARK>

<c.NEXT-BENCHMARK ID="f0b1f2ae76aa11e69b45000c2973fc18">
  <g2:a.CONNECTION-VERTICES>
    <g2:Sequence>
      <rdf:li g2:type="Integer">-5</rdf:li></g2:Sequence></g2:a.CONNECTION-VERTICES>
  <g2:a.CONNECTION-STYLE g2:type="Symbol">ORTHOGONAL</g2:a.CONNECTION-STYLE>
  <g2:a.CONNECTION-OUTPUT>
    <g2:Structure>
      <g2:sa.ITEM><g2:c.LOOSE-END rdf:resource="#f0b1f2a076aa11e69b45000c2973fc18"/></g2:sa.ITEM>
      <g2:sa.SIDE g2:type="Symbol">TOP</g2:sa.SIDE>
      <g2:sa.POSITION g2:type="Integer">0</g2:sa.POSITION>
      <g2:sa.PORT-NAME g2:type="Symbol">STUB-CONNECTION</g2:sa.PORT-NAME></g2:Structure></g2:a.CONNECTION-OUTPUT>
  <g2:a.CONNECTION-INPUT>
    <g2:Structure>
      <g2:sa.ITEM><c.BENCHMARK-TEST rdf:resource="#f631a44a4fe411dfb1b4001641761fb2"/></g2:sa.ITEM>
      <g2:sa.SIDE g2:type="Symbol">BOTTOM</g2:sa.SIDE>
      <g2:sa.POSITION g2:type="Integer">15</g2:sa.POSITION>
      <g2:sa.PORT-NAME g2:type="Symbol">NEXT-TEST-PORT</g2:sa.PORT-NAME></g2:Structure></g2:a.CONNECTION-INPUT>
  <g2:a.FOLLOWING-ITEM-IN-WORKSPACE-LAYERING><c.NEXT-BENCHMARK rdf:resource="#51f86bd1822611e6aced000c2973fc18"/></g2:a.FOLLOWING-ITEM-IN-WORKSPACE-LAYERING>
  <g2:a.ITEM-COLOR-PATTERN>
    <g2:Structure>
      <g2:sa.OUTLINE g2:type="Symbol">RED</g2:sa.OUTLINE>
      <g2:sa.INSIDE g2:type="Symbol">TURQUOISE</g2:sa.INSIDE></g2:Structure></g2:a.ITEM-COLOR-PATTERN></c.NEXT-BENCHMARK>

<c.NEXT-BENCHMARK ID="f0b1f2af76aa11e69b45000c2973fc18">
  <g2:a.CONNECTION-VERTICES>
    <g2:Sequence>
      <rdf:li g2:type="Integer">4</rdf:li></g2:Sequence></g2:a.CONNECTION-VERTICES>
  <g2:a.CONNECTION-STYLE g2:type="Symbol">ORTHOGONAL</g2:a.CONNECTION-STYLE>
  <g2:a.CONNECTION-OUTPUT>
    <g2:Structure>
      <g2:sa.ITEM><g2:c.LOOSE-END rdf:resource="#f0b1f2a176aa11e69b45000c2973fc18"/></g2:sa.ITEM>
      <g2:sa.SIDE g2:type="Symbol">BOTTOM</g2:sa.SIDE>
      <g2:sa.POSITION g2:type="Integer">0</g2:sa.POSITION>
      <g2:sa.PORT-NAME g2:type="Symbol">STUB-CONNECTION</g2:sa.PORT-NAME></g2:Structure></g2:a.CONNECTION-OUTPUT>
  <g2:a.CONNECTION-INPUT>
    <g2:Structure>
      <g2:sa.ITEM><c.BENCHMARK-TEST rdf:resource="#f631a4364fe411dfb1b4001641761fb2"/></g2:sa.ITEM>
      <g2:sa.SIDE g2:type="Symbol">TOP</g2:sa.SIDE>
      <g2:sa.POSITION g2:type="Integer">16</g2:sa.POSITION></g2:Structure></g2:a.CONNECTION-INPUT>
  <g2:a.FOLLOWING-ITEM-IN-WORKSPACE-LAYERING><c.NEXT-BENCHMARK rdf:resource="#f631a4524fe411dfb1b4001641761fb2"/></g2:a.FOLLOWING-ITEM-IN-WORKSPACE-LAYERING>
  <g2:a.ITEM-COLOR-PATTERN>
    <g2:Structure>
      <g2:sa.OUTLINE g2:type="Symbol">RED</g2:sa.OUTLINE>
      <g2:sa.INSIDE g2:type="Symbol">TURQUOISE</g2:sa.INSIDE></g2:Structure></g2:a.ITEM-COLOR-PATTERN></c.NEXT-BENCHMARK>

<c.NEXT-BENCHMARK ID="f0b1f2b076aa11e69b45000c2973fc18">
  <g2:a.CONNECTION-VERTICES>
    <g2:Sequence>
      <rdf:li g2:type="Integer">0</rdf:li>
      <rdf:li g2:type="Integer">122</rdf:li>
      <rdf:li g2:type="Integer">158</rdf:li></g2:Sequence></g2:a.CONNECTION-VERTICES>
  <g2:a.CONNECTION-STYLE g2:type="Symbol">ORTHOGONAL</g2:a.CONNECTION-STYLE>
  <g2:a.CONNECTION-OUTPUT>
    <g2:Structure>
      <g2:sa.ITEM><c.BENCHMARK-TEST rdf:resource="#984eaa3c4fe411dfb1b4001641761fb2"/></g2:sa.ITEM>
      <g2:sa.SIDE g2:type="Symbol">TOP</g2:sa.SIDE>
      <g2:sa.POSITION g2:type="Integer">18</g2:sa.POSITION></g2:Structure></g2:a.CONNECTION-OUTPUT>
  <g2:a.CONNECTION-INPUT>
    <g2:Structure>
      <g2:sa.ITEM><c.BENCHMARK-TEST rdf:resource="#f5b78c9c4fe311dfb1b4001641761fb2"/></g2:sa.ITEM>
      <g2:sa.SIDE g2:type="Symbol">BOTTOM</g2:sa.SIDE>
      <g2:sa.POSITION g2:type="Integer">14</g2:sa.POSITION>
      <g2:sa.PORT-NAME g2:type="Symbol">NEXT-TEST-PORT</g2:sa.PORT-NAME></g2:Structure></g2:a.CONNECTION-INPUT>
  <g2:a.FOLLOWING-ITEM-IN-WORKSPACE-LAYERING><c.BENCHMARK-TEST rdf:resource="#f5b78ca24fe311dfb1b4001641761fb2"/></g2:a.FOLLOWING-ITEM-IN-WORKSPACE-LAYERING>
  <g2:a.ITEM-COLOR-PATTERN>
    <g2:Structure>
      <g2:sa.OUTLINE g2:type="Symbol">RED</g2:sa.OUTLINE>
      <g2:sa.INSIDE g2:type="Symbol">TURQUOISE</g2:sa.INSIDE></g2:Structure></g2:a.ITEM-COLOR-PATTERN></c.NEXT-BENCHMARK>

<c.NEXT-BENCHMARK ID="f0b1f2b176aa11e69b45000c2973fc18">
  <g2:a.CONNECTION-VERTICES>
    <g2:Sequence>
      <rdf:li g2:type="Integer">-5</rdf:li>
      <rdf:li g2:type="Integer">0</rdf:li></g2:Sequence></g2:a.CONNECTION-VERTICES>
  <g2:a.CONNECTION-STYLE g2:type="Symbol">ORTHOGONAL</g2:a.CONNECTION-STYLE>
  <g2:a.CONNECTION-OUTPUT>
    <g2:Structure>
      <g2:sa.ITEM><c.BENCHMARK-TEST rdf:resource="#984eaa4f4fe411dfb1b4001641761fb2"/></g2:sa.ITEM>
      <g2:sa.SIDE g2:type="Symbol">TOP</g2:sa.SIDE>
      <g2:sa.POSITION g2:type="Integer">13</g2:sa.POSITION></g2:Structure></g2:a.CONNECTION-OUTPUT>
  <g2:a.CONNECTION-INPUT>
    <g2:Structure>
      <g2:sa.ITEM><c.BENCHMARK-TEST rdf:resource="#984eaa3c4fe411dfb1b4001641761fb2"/></g2:sa.ITEM>
      <g2:sa.SIDE g2:type="Symbol">BOTTOM</g2:sa.SIDE>
      <g2:sa.POSITION g2:type="Integer">14</g2:sa.POSITION>
      <g2:sa.PORT-NAME g2:type="Symbol">NEXT-TEST-PORT</g2:sa.PORT-NAME></g2:Structure></g2:a.CONNECTION-INPUT>
  <g2:a.FOLLOWING-ITEM-IN-WORKSPACE-LAYERING><g2:c.LOOSE-END rdf:resource="#984eaa424fe411dfb1b4001641761fb2"/></g2:a.FOLLOWING-ITEM-IN-WORKSPACE-LAYERING>
  <g2:a.ITEM-COLOR-PATTERN>
    <g2:Structure>
      <g2:sa.OUTLINE g2:type="Symbol">RED</g2:sa.OUTLINE>
      <g2:sa.INSIDE g2:type="Symbol">TURQUOISE</g2:sa.INSIDE></g2:Structure></g2:a.ITEM-COLOR-PATTERN></c.NEXT-BENCHMARK>

<c.NEXT-BENCHMARK ID="f0b1f2b276aa11e69b45000c2973fc18">
  <g2:a.CONNECTION-VERTICES>
    <g2:Sequence>
      <rdf:li g2:type="Integer">-71</rdf:li>
      <rdf:li g2:type="Integer">133</rdf:li>
      <rdf:li g2:type="Integer">283</rdf:li></g2:Sequence></g2:a.CONNECTION-VERTICES>
  <g2:a.CONNECTION-STYLE g2:type="Symbol">ORTHOGONAL</g2:a.CONNECTION-STYLE>
  <g2:a.CONNECTION-OUTPUT>
    <g2:Structure>
      <g2:sa.ITEM><c.BENCHMARK-TEST rdf:resource="#f5b78c884fe311dfb1b4001641761fb2"/></g2:sa.ITEM>
      <g2:sa.SIDE g2:type="Symbol">TOP</g2:sa.SIDE>
      <g2:sa.POSITION g2:type="Integer">16</g2:sa.POSITION></g2:Structure></g2:a.CONNECTION-OUTPUT>
  <g2:a.CONNECTION-INPUT>
    <g2:Structure>
      <g2:sa.ITEM><c.BENCHMARK-TEST rdf:resource="#633a31224fe211dfb1b4001641761fb2"/></g2:sa.ITEM>
      <g2:sa.SIDE g2:type="Symbol">BOTTOM</g2:sa.SIDE>
      <g2:sa.POSITION g2:type="Integer">15</g2:sa.POSITION>
      <g2:sa.PORT-NAME g2:type="Symbol">NEXT-TEST-PORT</g2:sa.PORT-NAME></g2:Structure></g2:a.CONNECTION-INPUT>
  <g2:a.FOLLOWING-ITEM-IN-WORKSPACE-LAYERING><g2:c.LOOSE-END rdf:resource="#633a31284fe211dfb1b4001641761fb2"/></g2:a.FOLLOWING-ITEM-IN-WORKSPACE-LAYERING>
  <g2:a.ITEM-COLOR-PATTERN>
    <g2:Structure>
      <g2:sa.OUTLINE g2:type="Symbol">RED</g2:sa.OUTLINE>
      <g2:sa.INSIDE g2:type="Symbol">TURQUOISE</g2:sa.INSIDE></g2:Structure></g2:a.ITEM-COLOR-PATTERN></c.NEXT-BENCHMARK>

<g2:c.FREE-TEXT ID="cdad60e976ab11e69b45000c2973fc18">
  <g2:a.TEXT><![CDATA[
show-chart, show-value, sensor-residual, filtered-fesidual test cases blocked by the target procedure, it is not able to test

show-chart is after "HALT-PROCESS"
show-value, sensor-residual, filtered-fesidual is after "HALT"
]]></g2:a.TEXT>
  <g2:a.TEXT-FONT>
    <g2:Structure>
      <g2:sa.FONT-SIZE g2:type="Symbol">EXTRA-LARGE</g2:sa.FONT-SIZE></g2:Structure></g2:a.TEXT-FONT>
  <g2:a.TEXT-ALIGNMENT g2:type="Symbol">LEFT</g2:a.TEXT-ALIGNMENT>
  <g2:a.FOLLOWING-ITEM-IN-WORKSPACE-LAYERING><g2:c.LOOSE-END rdf:resource="#38f68d0d76ab11e69b45000c2973fc18"/></g2:a.FOLLOWING-ITEM-IN-WORKSPACE-LAYERING>
  <g2:a.POSITION-IN-WORKSPACE>
    <g2:Structure>
      <g2:sa.X g2:type="Integer">-2</g2:sa.X>
      <g2:sa.Y g2:type="Integer">-579</g2:sa.Y>
      <g2:sa.SUPERIOR><g2:c.KB-WORKSPACE rdf:resource="#ebd36edb4fde11dfb1b4001641761fb2"/></g2:sa.SUPERIOR></g2:Structure></g2:a.POSITION-IN-WORKSPACE>
  <g2:a.ITEM-COLOR-PATTERN>
    <g2:Structure>
      <g2:sa.BACKGROUND-COLOR g2:type="Symbol">BLUE</g2:sa.BACKGROUND-COLOR>
      <g2:sa.TEXT-COLOR g2:type="Symbol">YELLOW</g2:sa.TEXT-COLOR></g2:Structure></g2:a.ITEM-COLOR-PATTERN>
  <g2:a.SIZE-IN-WORKSPACE>
    <g2:Structure>
      <g2:sa.WIDTH g2:type="Integer">573</g2:sa.WIDTH>
      <g2:sa.HEIGHT g2:type="Integer">225</g2:sa.HEIGHT></g2:Structure></g2:a.SIZE-IN-WORKSPACE></g2:c.FREE-TEXT>

<g2:c.LOOSE-END ID="38f68d0d76ab11e69b45000c2973fc18">
  <g2:a.FOLLOWING-ITEM-IN-WORKSPACE-LAYERING><g2:c.LOOSE-END rdf:resource="#38f68d0e76ab11e69b45000c2973fc18"/></g2:a.FOLLOWING-ITEM-IN-WORKSPACE-LAYERING>
  <g2:a.POSITION-IN-WORKSPACE>
    <g2:Structure>
      <g2:sa.X g2:type="Integer">-11</g2:sa.X>
      <g2:sa.Y g2:type="Integer">212</g2:sa.Y>
      <g2:sa.SUPERIOR><g2:c.KB-WORKSPACE rdf:resource="#ebd36edb4fde11dfb1b4001641761fb2"/></g2:sa.SUPERIOR></g2:Structure></g2:a.POSITION-IN-WORKSPACE></g2:c.LOOSE-END>

<g2:c.LOOSE-END ID="38f68d0e76ab11e69b45000c2973fc18">
  <g2:a.FOLLOWING-ITEM-IN-WORKSPACE-LAYERING><g2:c.LOOSE-END rdf:resource="#f0b1f29576aa11e69b45000c2973fc18"/></g2:a.FOLLOWING-ITEM-IN-WORKSPACE-LAYERING>
  <g2:a.POSITION-IN-WORKSPACE>
    <g2:Structure>
      <g2:sa.X g2:type="Integer">-282</g2:sa.X>
      <g2:sa.Y g2:type="Integer">17</g2:sa.Y>
      <g2:sa.SUPERIOR><g2:c.KB-WORKSPACE rdf:resource="#ebd36edb4fde11dfb1b4001641761fb2"/></g2:sa.SUPERIOR></g2:Structure></g2:a.POSITION-IN-WORKSPACE></g2:c.LOOSE-END>

<c.NEXT-BENCHMARK ID="38f68d1076ab11e69b45000c2973fc18">
  <g2:a.CONNECTION-VERTICES>
    <g2:Sequence>
      <rdf:li g2:type="Integer">4</rdf:li></g2:Sequence></g2:a.CONNECTION-VERTICES>
  <g2:a.CONNECTION-STYLE g2:type="Symbol">ORTHOGONAL</g2:a.CONNECTION-STYLE>
  <g2:a.CONNECTION-OUTPUT>
    <g2:Structure>
      <g2:sa.ITEM><g2:c.LOOSE-END rdf:resource="#38f68d0d76ab11e69b45000c2973fc18"/></g2:sa.ITEM>
      <g2:sa.SIDE g2:type="Symbol">BOTTOM</g2:sa.SIDE>
      <g2:sa.POSITION g2:type="Integer">0</g2:sa.POSITION>
      <g2:sa.PORT-NAME g2:type="Symbol">STUB-CONNECTION</g2:sa.PORT-NAME></g2:Structure></g2:a.CONNECTION-OUTPUT>
  <g2:a.CONNECTION-INPUT>
    <g2:Structure>
      <g2:sa.ITEM><c.BENCHMARK-TEST rdf:resource="#2e42d4174fe111dfb1b4001641761fb2"/></g2:sa.ITEM>
      <g2:sa.SIDE g2:type="Symbol">TOP</g2:sa.SIDE>
      <g2:sa.POSITION g2:type="Integer">14</g2:sa.POSITION></g2:Structure></g2:a.CONNECTION-INPUT>
  <g2:a.FOLLOWING-ITEM-IN-WORKSPACE-LAYERING><c.NEXT-BENCHMARK rdf:resource="#2e42d43b4fe111dfb1b4001641761fb2"/></g2:a.FOLLOWING-ITEM-IN-WORKSPACE-LAYERING>
  <g2:a.ITEM-COLOR-PATTERN>
    <g2:Structure>
      <g2:sa.OUTLINE g2:type="Symbol">RED</g2:sa.OUTLINE>
      <g2:sa.INSIDE g2:type="Symbol">TURQUOISE</g2:sa.INSIDE></g2:Structure></g2:a.ITEM-COLOR-PATTERN></c.NEXT-BENCHMARK>

<c.NEXT-BENCHMARK ID="38f68d1176ab11e69b45000c2973fc18">
  <g2:a.CONNECTION-VERTICES>
    <g2:Sequence>
      <rdf:li g2:type="Integer">4</rdf:li></g2:Sequence></g2:a.CONNECTION-VERTICES>
  <g2:a.CONNECTION-STYLE g2:type="Symbol">ORTHOGONAL</g2:a.CONNECTION-STYLE>
  <g2:a.CONNECTION-OUTPUT>
    <g2:Structure>
      <g2:sa.ITEM><g2:c.LOOSE-END rdf:resource="#38f68d0e76ab11e69b45000c2973fc18"/></g2:sa.ITEM>
      <g2:sa.SIDE g2:type="Symbol">BOTTOM</g2:sa.SIDE>
      <g2:sa.POSITION g2:type="Integer">0</g2:sa.POSITION>
      <g2:sa.PORT-NAME g2:type="Symbol">STUB-CONNECTION</g2:sa.PORT-NAME></g2:Structure></g2:a.CONNECTION-OUTPUT>
  <g2:a.CONNECTION-INPUT>
    <g2:Structure>
      <g2:sa.ITEM><c.BENCHMARK-TEST rdf:resource="#b34000e84fdf11dfb1b4001641761fb2"/></g2:sa.ITEM>
      <g2:sa.SIDE g2:type="Symbol">TOP</g2:sa.SIDE>
      <g2:sa.POSITION g2:type="Integer">15</g2:sa.POSITION></g2:Structure></g2:a.CONNECTION-INPUT>
  <g2:a.FOLLOWING-ITEM-IN-WORKSPACE-LAYERING><c.NEXT-BENCHMARK rdf:resource="#633a314f4fe211dfb1b4001641761fb2"/></g2:a.FOLLOWING-ITEM-IN-WORKSPACE-LAYERING>
  <g2:a.ITEM-COLOR-PATTERN>
    <g2:Structure>
      <g2:sa.OUTLINE g2:type="Symbol">RED</g2:sa.OUTLINE>
      <g2:sa.INSIDE g2:type="Symbol">TURQUOISE</g2:sa.INSIDE></g2:Structure></g2:a.ITEM-COLOR-PATTERN></c.NEXT-BENCHMARK>

<c.NEXT-BENCHMARK ID="38f68d1476ab11e69b45000c2973fc18">
  <g2:a.CONNECTION-VERTICES>
    <g2:Sequence>
      <rdf:li g2:type="Integer">-24</rdf:li>
      <rdf:li g2:type="Integer">231</rdf:li>
      <rdf:li g2:type="Integer">640</rdf:li></g2:Sequence></g2:a.CONNECTION-VERTICES>
  <g2:a.CONNECTION-STYLE g2:type="Symbol">ORTHOGONAL</g2:a.CONNECTION-STYLE>
  <g2:a.CONNECTION-OUTPUT>
    <g2:Structure>
      <g2:sa.ITEM><c.BENCHMARK-TEST rdf:resource="#2e42d4174fe111dfb1b4001641761fb2"/></g2:sa.ITEM>
      <g2:sa.SIDE g2:type="Symbol">TOP</g2:sa.SIDE>
      <g2:sa.POSITION g2:type="Integer">14</g2:sa.POSITION></g2:Structure></g2:a.CONNECTION-OUTPUT>
  <g2:a.CONNECTION-INPUT>
    <g2:Structure>
      <g2:sa.ITEM><c.BENCHMARK-TEST rdf:resource="#b34000ca4fdf11dfb1b4001641761fb2"/></g2:sa.ITEM>
      <g2:sa.SIDE g2:type="Symbol">BOTTOM</g2:sa.SIDE>
      <g2:sa.POSITION g2:type="Integer">15</g2:sa.POSITION>
      <g2:sa.PORT-NAME g2:type="Symbol">NEXT-TEST-PORT</g2:sa.PORT-NAME></g2:Structure></g2:a.CONNECTION-INPUT>
  <g2:a.FOLLOWING-ITEM-IN-WORKSPACE-LAYERING><c.BENCHMARK-TEST rdf:resource="#b34000d04fdf11dfb1b4001641761fb2"/></g2:a.FOLLOWING-ITEM-IN-WORKSPACE-LAYERING>
  <g2:a.ITEM-COLOR-PATTERN>
    <g2:Structure>
      <g2:sa.OUTLINE g2:type="Symbol">RED</g2:sa.OUTLINE>
      <g2:sa.INSIDE g2:type="Symbol">TURQUOISE</g2:sa.INSIDE></g2:Structure></g2:a.ITEM-COLOR-PATTERN></c.NEXT-BENCHMARK>

<c.NEXT-BENCHMARK ID="38f68d1576ab11e69b45000c2973fc18">
  <g2:a.CONNECTION-VERTICES>
    <g2:Sequence>
      <rdf:li g2:type="Integer">-1</rdf:li>
      <rdf:li g2:type="Integer">1</rdf:li></g2:Sequence></g2:a.CONNECTION-VERTICES>
  <g2:a.CONNECTION-STYLE g2:type="Symbol">ORTHOGONAL</g2:a.CONNECTION-STYLE>
  <g2:a.CONNECTION-OUTPUT>
    <g2:Structure>
      <g2:sa.ITEM><c.BENCHMARK-TEST rdf:resource="#b34000e84fdf11dfb1b4001641761fb2"/></g2:sa.ITEM>
      <g2:sa.SIDE g2:type="Symbol">TOP</g2:sa.SIDE>
      <g2:sa.POSITION g2:type="Integer">16</g2:sa.POSITION></g2:Structure></g2:a.CONNECTION-OUTPUT>
  <g2:a.CONNECTION-INPUT>
    <g2:Structure>
      <g2:sa.ITEM><c.BENCHMARK-TEST rdf:resource="#633a310e4fe211dfb1b4001641761fb2"/></g2:sa.ITEM>
      <g2:sa.SIDE g2:type="Symbol">BOTTOM</g2:sa.SIDE>
      <g2:sa.POSITION g2:type="Integer">15</g2:sa.POSITION>
      <g2:sa.PORT-NAME g2:type="Symbol">NEXT-TEST-PORT</g2:sa.PORT-NAME></g2:Structure></g2:a.CONNECTION-INPUT>
  <g2:a.FOLLOWING-ITEM-IN-WORKSPACE-LAYERING><c.NEXT-BENCHMARK rdf:resource="#7791402e822411e6aced000c2973fc18"/></g2:a.FOLLOWING-ITEM-IN-WORKSPACE-LAYERING>
  <g2:a.ITEM-COLOR-PATTERN>
    <g2:Structure>
      <g2:sa.OUTLINE g2:type="Symbol">RED</g2:sa.OUTLINE>
      <g2:sa.INSIDE g2:type="Symbol">TURQUOISE</g2:sa.INSIDE></g2:Structure></g2:a.ITEM-COLOR-PATTERN></c.NEXT-BENCHMARK>

<g2:c.LOOSE-END ID="612038df76ac11e69b45000c2973fc18">
  <g2:a.FOLLOWING-ITEM-IN-WORKSPACE-LAYERING><g2:c.LOOSE-END rdf:resource="#612038e076ac11e69b45000c2973fc18"/></g2:a.FOLLOWING-ITEM-IN-WORKSPACE-LAYERING>
  <g2:a.POSITION-IN-WORKSPACE>
    <g2:Structure>
      <g2:sa.X g2:type="Integer">340</g2:sa.X>
      <g2:sa.Y g2:type="Integer">153</g2:sa.Y>
      <g2:sa.SUPERIOR><g2:c.KB-WORKSPACE rdf:resource="#ebd36edb4fde11dfb1b4001641761fb2"/></g2:sa.SUPERIOR></g2:Structure></g2:a.POSITION-IN-WORKSPACE></g2:c.LOOSE-END>

<g2:c.LOOSE-END ID="612038e076ac11e69b45000c2973fc18">
  <g2:a.FOLLOWING-ITEM-IN-WORKSPACE-LAYERING><g2:c.LOOSE-END rdf:resource="#612038e176ac11e69b45000c2973fc18"/></g2:a.FOLLOWING-ITEM-IN-WORKSPACE-LAYERING>
  <g2:a.POSITION-IN-WORKSPACE>
    <g2:Structure>
      <g2:sa.X g2:type="Integer">340</g2:sa.X>
      <g2:sa.Y g2:type="Integer">188</g2:sa.Y>
      <g2:sa.SUPERIOR><g2:c.KB-WORKSPACE rdf:resource="#ebd36edb4fde11dfb1b4001641761fb2"/></g2:sa.SUPERIOR></g2:Structure></g2:a.POSITION-IN-WORKSPACE></g2:c.LOOSE-END>

<g2:c.LOOSE-END ID="612038e176ac11e69b45000c2973fc18">
  <g2:a.FOLLOWING-ITEM-IN-WORKSPACE-LAYERING><g2:c.LOOSE-END rdf:resource="#612038e276ac11e69b45000c2973fc18"/></g2:a.FOLLOWING-ITEM-IN-WORKSPACE-LAYERING>
  <g2:a.POSITION-IN-WORKSPACE>
    <g2:Structure>
      <g2:sa.X g2:type="Integer">340</g2:sa.X>
      <g2:sa.Y g2:type="Integer">188</g2:sa.Y>
      <g2:sa.SUPERIOR><g2:c.KB-WORKSPACE rdf:resource="#ebd36edb4fde11dfb1b4001641761fb2"/></g2:sa.SUPERIOR></g2:Structure></g2:a.POSITION-IN-WORKSPACE></g2:c.LOOSE-END>

<g2:c.LOOSE-END ID="612038e276ac11e69b45000c2973fc18">
  <g2:a.FOLLOWING-ITEM-IN-WORKSPACE-LAYERING><g2:c.FREE-TEXT rdf:resource="#cdad60e976ab11e69b45000c2973fc18"/></g2:a.FOLLOWING-ITEM-IN-WORKSPACE-LAYERING>
  <g2:a.POSITION-IN-WORKSPACE>
    <g2:Structure>
      <g2:sa.X g2:type="Integer">392</g2:sa.X>
      <g2:sa.Y g2:type="Integer">122</g2:sa.Y>
      <g2:sa.SUPERIOR><g2:c.KB-WORKSPACE rdf:resource="#ebd36edb4fde11dfb1b4001641761fb2"/></g2:sa.SUPERIOR></g2:Structure></g2:a.POSITION-IN-WORKSPACE></g2:c.LOOSE-END>

<c.NEXT-BENCHMARK ID="612038e476ac11e69b45000c2973fc18">
  <g2:a.CONNECTION-VERTICES>
    <g2:Sequence>
      <rdf:li g2:type="Integer">-7</rdf:li>
      <rdf:li g2:type="Integer">-41</rdf:li>
      <rdf:li g2:type="Integer">-75</rdf:li></g2:Sequence></g2:a.CONNECTION-VERTICES>
  <g2:a.CONNECTION-STYLE g2:type="Symbol">ORTHOGONAL</g2:a.CONNECTION-STYLE>
  <g2:a.CONNECTION-OUTPUT>
    <g2:Structure>
      <g2:sa.ITEM><c.BENCHMARK-TEST rdf:resource="#51f6520e76ac11e69b45000c2973fc18"/></g2:sa.ITEM>
      <g2:sa.SIDE g2:type="Symbol">BOTTOM</g2:sa.SIDE>
      <g2:sa.POSITION g2:type="Integer">16</g2:sa.POSITION></g2:Structure></g2:a.CONNECTION-OUTPUT>
  <g2:a.CONNECTION-INPUT>
    <g2:Structure>
      <g2:sa.ITEM><c.BENCHMARK-TEST rdf:resource="#633a31314fe211dfb1b4001641761fb2"/></g2:sa.ITEM>
      <g2:sa.SIDE g2:type="Symbol">BOTTOM</g2:sa.SIDE>
      <g2:sa.POSITION g2:type="Integer">15</g2:sa.POSITION>
      <g2:sa.PORT-NAME g2:type="Symbol">NEXT-TEST-PORT</g2:sa.PORT-NAME></g2:Structure></g2:a.CONNECTION-INPUT>
  <g2:a.FOLLOWING-ITEM-IN-WORKSPACE-LAYERING><c.BENCHMARK-TEST rdf:resource="#633a31374fe211dfb1b4001641761fb2"/></g2:a.FOLLOWING-ITEM-IN-WORKSPACE-LAYERING>
  <g2:a.ITEM-COLOR-PATTERN>
    <g2:Structure>
      <g2:sa.OUTLINE g2:type="Symbol">RED</g2:sa.OUTLINE>
      <g2:sa.INSIDE g2:type="Symbol">TURQUOISE</g2:sa.INSIDE></g2:Structure></g2:a.ITEM-COLOR-PATTERN></c.NEXT-BENCHMARK>

<c.NEXT-BENCHMARK ID="612038e576ac11e69b45000c2973fc18">
  <g2:a.CONNECTION-VERTICES>
    <g2:Sequence>
      <rdf:li g2:type="Integer">-5</rdf:li></g2:Sequence></g2:a.CONNECTION-VERTICES>
  <g2:a.CONNECTION-STYLE g2:type="Symbol">ORTHOGONAL</g2:a.CONNECTION-STYLE>
  <g2:a.CONNECTION-OUTPUT>
    <g2:Structure>
      <g2:sa.ITEM><g2:c.LOOSE-END rdf:resource="#612038df76ac11e69b45000c2973fc18"/></g2:sa.ITEM>
      <g2:sa.SIDE g2:type="Symbol">TOP</g2:sa.SIDE>
      <g2:sa.POSITION g2:type="Integer">0</g2:sa.POSITION>
      <g2:sa.PORT-NAME g2:type="Symbol">STUB-CONNECTION</g2:sa.PORT-NAME></g2:Structure></g2:a.CONNECTION-OUTPUT>
  <g2:a.CONNECTION-INPUT>
    <g2:Structure>
      <g2:sa.ITEM><c.BENCHMARK-TEST rdf:resource="#51f6520e76ac11e69b45000c2973fc18"/></g2:sa.ITEM>
      <g2:sa.SIDE g2:type="Symbol">BOTTOM</g2:sa.SIDE>
      <g2:sa.POSITION g2:type="Integer">15</g2:sa.POSITION>
      <g2:sa.PORT-NAME g2:type="Symbol">NEXT-TEST-PORT</g2:sa.PORT-NAME></g2:Structure></g2:a.CONNECTION-INPUT>
  <g2:a.FOLLOWING-ITEM-IN-WORKSPACE-LAYERING><g2:c.LOOSE-END rdf:resource="#612038df76ac11e69b45000c2973fc18"/></g2:a.FOLLOWING-ITEM-IN-WORKSPACE-LAYERING>
  <g2:a.ITEM-COLOR-PATTERN>
    <g2:Structure>
      <g2:sa.OUTLINE g2:type="Symbol">RED</g2:sa.OUTLINE>
      <g2:sa.INSIDE g2:type="Symbol">TURQUOISE</g2:sa.INSIDE></g2:Structure></g2:a.ITEM-COLOR-PATTERN></c.NEXT-BENCHMARK>

<c.NEXT-BENCHMARK ID="612038e676ac11e69b45000c2973fc18">
  <g2:a.CONNECTION-VERTICES>
    <g2:Sequence>
      <rdf:li g2:type="Integer">4</rdf:li></g2:Sequence></g2:a.CONNECTION-VERTICES>
  <g2:a.CONNECTION-STYLE g2:type="Symbol">ORTHOGONAL</g2:a.CONNECTION-STYLE>
  <g2:a.CONNECTION-OUTPUT>
    <g2:Structure>
      <g2:sa.ITEM><g2:c.LOOSE-END rdf:resource="#612038e076ac11e69b45000c2973fc18"/></g2:sa.ITEM>
      <g2:sa.SIDE g2:type="Symbol">BOTTOM</g2:sa.SIDE>
      <g2:sa.POSITION g2:type="Integer">0</g2:sa.POSITION>
      <g2:sa.PORT-NAME g2:type="Symbol">STUB-CONNECTION</g2:sa.PORT-NAME></g2:Structure></g2:a.CONNECTION-OUTPUT>
  <g2:a.CONNECTION-INPUT>
    <g2:Structure>
      <g2:sa.ITEM><c.BENCHMARK-TEST rdf:resource="#51f6520e76ac11e69b45000c2973fc18"/></g2:sa.ITEM>
      <g2:sa.SIDE g2:type="Symbol">TOP</g2:sa.SIDE>
      <g2:sa.POSITION g2:type="Integer">15</g2:sa.POSITION></g2:Structure></g2:a.CONNECTION-INPUT>
  <g2:a.FOLLOWING-ITEM-IN-WORKSPACE-LAYERING><c.NEXT-BENCHMARK rdf:resource="#612038ea76ac11e69b45000c2973fc18"/></g2:a.FOLLOWING-ITEM-IN-WORKSPACE-LAYERING>
  <g2:a.ITEM-COLOR-PATTERN>
    <g2:Structure>
      <g2:sa.OUTLINE g2:type="Symbol">RED</g2:sa.OUTLINE>
      <g2:sa.INSIDE g2:type="Symbol">TURQUOISE</g2:sa.INSIDE></g2:Structure></g2:a.ITEM-COLOR-PATTERN></c.NEXT-BENCHMARK>

<c.NEXT-BENCHMARK ID="612038e776ac11e69b45000c2973fc18">
  <g2:a.CONNECTION-VERTICES>
    <g2:Sequence>
      <rdf:li g2:type="Integer">4</rdf:li></g2:Sequence></g2:a.CONNECTION-VERTICES>
  <g2:a.CONNECTION-STYLE g2:type="Symbol">ORTHOGONAL</g2:a.CONNECTION-STYLE>
  <g2:a.CONNECTION-OUTPUT>
    <g2:Structure>
      <g2:sa.ITEM><g2:c.LOOSE-END rdf:resource="#612038e176ac11e69b45000c2973fc18"/></g2:sa.ITEM>
      <g2:sa.SIDE g2:type="Symbol">BOTTOM</g2:sa.SIDE>
      <g2:sa.POSITION g2:type="Integer">0</g2:sa.POSITION>
      <g2:sa.PORT-NAME g2:type="Symbol">STUB-CONNECTION</g2:sa.PORT-NAME></g2:Structure></g2:a.CONNECTION-OUTPUT>
  <g2:a.CONNECTION-INPUT>
    <g2:Structure>
      <g2:sa.ITEM><c.BENCHMARK-TEST rdf:resource="#51f6520e76ac11e69b45000c2973fc18"/></g2:sa.ITEM>
      <g2:sa.SIDE g2:type="Symbol">TOP</g2:sa.SIDE>
      <g2:sa.POSITION g2:type="Integer">15</g2:sa.POSITION></g2:Structure></g2:a.CONNECTION-INPUT>
  <g2:a.FOLLOWING-ITEM-IN-WORKSPACE-LAYERING><c.NEXT-BENCHMARK rdf:resource="#612038e676ac11e69b45000c2973fc18"/></g2:a.FOLLOWING-ITEM-IN-WORKSPACE-LAYERING>
  <g2:a.ITEM-COLOR-PATTERN>
    <g2:Structure>
      <g2:sa.OUTLINE g2:type="Symbol">RED</g2:sa.OUTLINE>
      <g2:sa.INSIDE g2:type="Symbol">TURQUOISE</g2:sa.INSIDE></g2:Structure></g2:a.ITEM-COLOR-PATTERN></c.NEXT-BENCHMARK>

<c.NEXT-BENCHMARK ID="612038e876ac11e69b45000c2973fc18">
  <g2:a.CONNECTION-VERTICES>
    <g2:Sequence>
      <rdf:li g2:type="Integer">4</rdf:li></g2:Sequence></g2:a.CONNECTION-VERTICES>
  <g2:a.CONNECTION-STYLE g2:type="Symbol">ORTHOGONAL</g2:a.CONNECTION-STYLE>
  <g2:a.CONNECTION-OUTPUT>
    <g2:Structure>
      <g2:sa.ITEM><g2:c.LOOSE-END rdf:resource="#612038e276ac11e69b45000c2973fc18"/></g2:sa.ITEM>
      <g2:sa.SIDE g2:type="Symbol">BOTTOM</g2:sa.SIDE>
      <g2:sa.POSITION g2:type="Integer">0</g2:sa.POSITION>
      <g2:sa.PORT-NAME g2:type="Symbol">STUB-CONNECTION</g2:sa.PORT-NAME></g2:Structure></g2:a.CONNECTION-OUTPUT>
  <g2:a.CONNECTION-INPUT>
    <g2:Structure>
      <g2:sa.ITEM><c.BENCHMARK-TEST rdf:resource="#633a311c4fe211dfb1b4001641761fb2"/></g2:sa.ITEM>
      <g2:sa.SIDE g2:type="Symbol">TOP</g2:sa.SIDE>
      <g2:sa.POSITION g2:type="Integer">14</g2:sa.POSITION></g2:Structure></g2:a.CONNECTION-INPUT>
  <g2:a.FOLLOWING-ITEM-IN-WORKSPACE-LAYERING><c.NEXT-BENCHMARK rdf:resource="#f0b1f2a676aa11e69b45000c2973fc18"/></g2:a.FOLLOWING-ITEM-IN-WORKSPACE-LAYERING>
  <g2:a.ITEM-COLOR-PATTERN>
    <g2:Structure>
      <g2:sa.OUTLINE g2:type="Symbol">RED</g2:sa.OUTLINE>
      <g2:sa.INSIDE g2:type="Symbol">TURQUOISE</g2:sa.INSIDE></g2:Structure></g2:a.ITEM-COLOR-PATTERN></c.NEXT-BENCHMARK>

<c.NEXT-BENCHMARK ID="612038ea76ac11e69b45000c2973fc18">
  <g2:a.CONNECTION-VERTICES>
    <g2:Sequence>
      <rdf:li g2:type="Integer">27</rdf:li>
      <rdf:li g2:type="Integer">55</rdf:li></g2:Sequence></g2:a.CONNECTION-VERTICES>
  <g2:a.CONNECTION-STYLE g2:type="Symbol">ORTHOGONAL</g2:a.CONNECTION-STYLE>
  <g2:a.CONNECTION-OUTPUT>
    <g2:Structure>
      <g2:sa.ITEM><c.BENCHMARK-TEST rdf:resource="#633a311c4fe211dfb1b4001641761fb2"/></g2:sa.ITEM>
      <g2:sa.SIDE g2:type="Symbol">TOP</g2:sa.SIDE>
      <g2:sa.POSITION g2:type="Integer">16</g2:sa.POSITION></g2:Structure></g2:a.CONNECTION-OUTPUT>
  <g2:a.CONNECTION-INPUT>
    <g2:Structure>
      <g2:sa.ITEM><c.BENCHMARK-TEST rdf:resource="#51f6520e76ac11e69b45000c2973fc18"/></g2:sa.ITEM>
      <g2:sa.SIDE g2:type="Symbol">TOP</g2:sa.SIDE>
      <g2:sa.POSITION g2:type="Integer">14</g2:sa.POSITION></g2:Structure></g2:a.CONNECTION-INPUT>
  <g2:a.FOLLOWING-ITEM-IN-WORKSPACE-LAYERING><c.NEXT-BENCHMARK rdf:resource="#612038e576ac11e69b45000c2973fc18"/></g2:a.FOLLOWING-ITEM-IN-WORKSPACE-LAYERING>
  <g2:a.ITEM-COLOR-PATTERN>
    <g2:Structure>
      <g2:sa.OUTLINE g2:type="Symbol">RED</g2:sa.OUTLINE>
      <g2:sa.INSIDE g2:type="Symbol">TURQUOISE</g2:sa.INSIDE></g2:Structure></g2:a.ITEM-COLOR-PATTERN></c.NEXT-BENCHMARK>

<c.BENCHMARK-TEST ID="51f6520e76ac11e69b45000c2973fc18">
  <g2:a.NAMES g2:type="Symbol">RE-LAUNCH</g2:a.NAMES>
  <ua.TEST-RESULT>
    <c.TEST-RESULT-PARAMETER ID="612038db76ac11e69b45000c2973fc18">
      <g2:a.OPTIONS>
        <g2:Structure>
          <g2:sa.FORWARD-CHAIN g2:type="TruthValue">true</g2:sa.FORWARD-CHAIN>
          <g2:sa.FORWARD-CHAIN-EVEN-FOR-SAME-VALUE g2:type="TruthValue">false</g2:sa.FORWARD-CHAIN-EVEN-FOR-SAME-VALUE></g2:Structure></g2:a.OPTIONS>
      <ua.TEST-INFO>
        <g2:c.TEXT-PARAMETER ID="612038dc76ac11e69b45000c2973fc18">
          <g2:a.OPTIONS>
            <g2:Structure>
              <g2:sa.FORWARD-CHAIN g2:type="TruthValue">false</g2:sa.FORWARD-CHAIN>
              <g2:sa.FORWARD-CHAIN-EVEN-FOR-SAME-VALUE g2:type="TruthValue">false</g2:sa.FORWARD-CHAIN-EVEN-FOR-SAME-VALUE></g2:Structure></g2:a.OPTIONS>
          <g2:a.ICON-VARIABLES>
            <g2:Structure>
              <g2:sa.WIDTH g2:type="Integer">50</g2:sa.WIDTH>
              <g2:sa.HEIGHT g2:type="Integer">50</g2:sa.HEIGHT></g2:Structure></g2:a.ICON-VARIABLES></g2:c.TEXT-PARAMETER></ua.TEST-INFO>
      <g2:a.ICON-VARIABLES>
        <g2:Structure>
          <g2:sa.WIDTH g2:type="Integer">50</g2:sa.WIDTH>
          <g2:sa.HEIGHT g2:type="Integer">50</g2:sa.HEIGHT></g2:Structure></g2:a.ICON-VARIABLES></c.TEST-RESULT-PARAMETER></ua.TEST-RESULT>
  <ua.TIMEOUT-LIMIT g2:type="Integer" g2:unit="SECONDS">30</ua.TIMEOUT-LIMIT>
  <ua.COUNTED g2:type="TruthValue" g2:unit="TRUTH-VALUE">false</ua.COUNTED>
  <g2:a.ICON-VARIABLES>
    <g2:Structure>
      <g2:sa.WIDTH g2:type="Integer">30</g2:sa.WIDTH>
      <g2:sa.HEIGHT g2:type="Integer">24</g2:sa.HEIGHT></g2:Structure></g2:a.ICON-VARIABLES>
  <g2:a.FOLLOWING-ITEM-IN-WORKSPACE-LAYERING><c.NEXT-BENCHMARK rdf:resource="#612038e776ac11e69b45000c2973fc18"/></g2:a.FOLLOWING-ITEM-IN-WORKSPACE-LAYERING>
  <g2:a.POSITION-IN-WORKSPACE>
    <g2:Structure>
      <g2:sa.X g2:type="Integer">340</g2:sa.X>
      <g2:sa.Y g2:type="Integer">171</g2:sa.Y>
      <g2:sa.SUPERIOR><g2:c.KB-WORKSPACE rdf:resource="#ebd36edb4fde11dfb1b4001641761fb2"/></g2:sa.SUPERIOR></g2:Structure></g2:a.POSITION-IN-WORKSPACE>
  <g2:a.SIZE-IN-WORKSPACE>
    <g2:Structure>
      <g2:sa.WIDTH g2:type="Integer">30</g2:sa.WIDTH>
      <g2:sa.HEIGHT g2:type="Integer">24</g2:sa.HEIGHT></g2:Structure></g2:a.SIZE-IN-WORKSPACE>
  <g2:a.NAME-BOX>
    <g2:Structure>
      <g2:sa.COLOR>
        <g2:Structure>
          <g2:sa.BACKGROUND-COLOR g2:type="Symbol">TRANSPARENT</g2:sa.BACKGROUND-COLOR>
          <g2:sa.TEXT-COLOR g2:type="Symbol">FOREGROUND</g2:sa.TEXT-COLOR></g2:Structure></g2:sa.COLOR>
      <g2:sa.POSITION>
        <g2:Structure>
          <g2:sa.X-OFFSET g2:type="Integer">19</g2:sa.X-OFFSET>
          <g2:sa.Y-OFFSET g2:type="Integer">16</g2:sa.Y-OFFSET></g2:Structure></g2:sa.POSITION></g2:Structure></g2:a.NAME-BOX></c.BENCHMARK-TEST>

<g2:c.KB-WORKSPACE ID="612038dd76ac11e69b45000c2973fc18">
  <g2:a.DEFAULT-WINDOW-POSITION-AND-SCALE>
    <g2:Structure>
      <g2:sa.X g2:type="Integer">673</g2:sa.X>
      <g2:sa.Y g2:type="Integer">398</g2:sa.Y></g2:Structure></g2:a.DEFAULT-WINDOW-POSITION-AND-SCALE>
  <g2:a.EDGES-OF-WORKSPACE>
    <g2:Structure>
      <g2:sa.LEFT g2:type="Integer">-350</g2:sa.LEFT>
      <g2:sa.TOP g2:type="Integer">250</g2:sa.TOP>
      <g2:sa.RIGHT g2:type="Integer">350</g2:sa.RIGHT>
      <g2:sa.BOTTOM g2:type="Integer">-250</g2:sa.BOTTOM></g2:Structure></g2:a.EDGES-OF-WORKSPACE>
  <g2:a.PARENT-OF-SUBWORKSPACE><c.BENCHMARK-TEST rdf:resource="#51f6520e76ac11e69b45000c2973fc18"/></g2:a.PARENT-OF-SUBWORKSPACE></g2:c.KB-WORKSPACE>

<g2:c.PROCEDURE ID="5ac1605a76ac11e69b45000c2973fc18">
  <g2:a.AUTHORS>
    <g2:Structure>
      <g2:sa.AUTHORS>
        <g2:Sequence>
          <rdf:li g2:type="Symbol">ADMINISTRATOR</rdf:li></g2:Sequence></g2:sa.AUTHORS>
      <g2:sa.TIMESTAMP>
        <g2:Structure>
          <g2:sa.YEAR g2:type="Integer">2016</g2:sa.YEAR>
          <g2:sa.MONTH g2:type="Integer">9</g2:sa.MONTH>
          <g2:sa.DATE g2:type="Integer">26</g2:sa.DATE>
          <g2:sa.HOURS g2:type="Integer">10</g2:sa.HOURS>
          <g2:sa.MINUTES g2:type="Integer">22</g2:sa.MINUTES></g2:Structure></g2:sa.TIMESTAMP></g2:Structure></g2:a.AUTHORS>
  <g2:a.TEXT><![CDATA[
re-launch-test(node: class benchmark-node )

    err: class error;
    x,y: class g2-window;
    installation-dir, dir-sep, file-path: text;
    version-struct: structure;
    
begin

    version-struct = call g2-get-g2-version-information();
    installation-dir = call grtl-get-installation-directory();
    dir-sep = call grtl-get-file-system-delimiter();
    if the enterprise of version-struct then begin
        file-path = "[installation-dir][dir-sep]..[dir-sep]..[dir-sep]test-gnne[dir-sep]ent";
    end else begin
        file-path = "[installation-dir][dir-sep]..[dir-sep]..[dir-sep]test-gnne[dir-sep]std";
    end;
	conclude that the nols-studio-home-directory of gnne-demo-studio-setting = file-path;

    for x= each g2-window do
        if the g2-window-management-type of x exists and the g2-window-management-type of x = the symbol remote then
            y = x;
    end;
    begin
        call nols-launch-nolstudio-by-setting(gnne-demo-studio-setting ,y);
        wait for 5 seconds;
    end on error(err)
        begin
            call fail(node, "Launch failed");
            return;
        end;
    end;
    call pass(node);
end
]]></g2:a.TEXT>
  <g2:a.ICON-VARIABLES>
    <g2:Structure>
      <g2:sa.WIDTH g2:type="Integer">50</g2:sa.WIDTH>
      <g2:sa.HEIGHT g2:type="Integer">50</g2:sa.HEIGHT></g2:Structure></g2:a.ICON-VARIABLES>
  <g2:a.POSITION-IN-WORKSPACE>
    <g2:Structure>
      <g2:sa.X g2:type="Integer">-46</g2:sa.X>
      <g2:sa.Y g2:type="Integer">39</g2:sa.Y>
      <g2:sa.SUPERIOR><g2:c.KB-WORKSPACE rdf:resource="#612038dd76ac11e69b45000c2973fc18"/></g2:sa.SUPERIOR></g2:Structure></g2:a.POSITION-IN-WORKSPACE>
  <g2:a.SIZE-IN-WORKSPACE>
    <g2:Structure>
      <g2:sa.WIDTH g2:type="Integer">50</g2:sa.WIDTH>
      <g2:sa.HEIGHT g2:type="Integer">50</g2:sa.HEIGHT></g2:Structure></g2:a.SIZE-IN-WORKSPACE>
  <g2:a.NAME-BOX>
    <g2:Structure>
      <g2:sa.COLOR>
        <g2:Structure>
          <g2:sa.BACKGROUND-COLOR g2:type="Symbol">TRANSPARENT</g2:sa.BACKGROUND-COLOR>
          <g2:sa.TEXT-COLOR g2:type="Symbol">FOREGROUND</g2:sa.TEXT-COLOR></g2:Structure></g2:sa.COLOR>
      <g2:sa.POSITION>
        <g2:Structure>
          <g2:sa.X-OFFSET g2:type="Integer">-74</g2:sa.X-OFFSET>
          <g2:sa.Y-OFFSET g2:type="Integer">-29</g2:sa.Y-OFFSET></g2:Structure></g2:sa.POSITION></g2:Structure></g2:a.NAME-BOX></g2:c.PROCEDURE>

<g2:c.LOOSE-END ID="0d533b6a821c11e6aced000c2973fc18">
  <g2:a.FOLLOWING-ITEM-IN-WORKSPACE-LAYERING><g2:c.LOOSE-END rdf:resource="#0d533b6b821c11e6aced000c2973fc18"/></g2:a.FOLLOWING-ITEM-IN-WORKSPACE-LAYERING>
  <g2:a.POSITION-IN-WORKSPACE>
    <g2:Structure>
      <g2:sa.X g2:type="Integer">-281</g2:sa.X>
      <g2:sa.Y g2:type="Integer">125</g2:sa.Y>
      <g2:sa.SUPERIOR><g2:c.KB-WORKSPACE rdf:resource="#ebd36edb4fde11dfb1b4001641761fb2"/></g2:sa.SUPERIOR></g2:Structure></g2:a.POSITION-IN-WORKSPACE></g2:c.LOOSE-END>

<g2:c.LOOSE-END ID="0d533b6b821c11e6aced000c2973fc18">
  <g2:a.FOLLOWING-ITEM-IN-WORKSPACE-LAYERING><g2:c.LOOSE-END rdf:resource="#0d533b6c821c11e6aced000c2973fc18"/></g2:a.FOLLOWING-ITEM-IN-WORKSPACE-LAYERING>
  <g2:a.POSITION-IN-WORKSPACE>
    <g2:Structure>
      <g2:sa.X g2:type="Integer">-281</g2:sa.X>
      <g2:sa.Y g2:type="Integer">125</g2:sa.Y>
      <g2:sa.SUPERIOR><g2:c.KB-WORKSPACE rdf:resource="#ebd36edb4fde11dfb1b4001641761fb2"/></g2:sa.SUPERIOR></g2:Structure></g2:a.POSITION-IN-WORKSPACE></g2:c.LOOSE-END>

<g2:c.LOOSE-END ID="0d533b6c821c11e6aced000c2973fc18">
  <g2:a.FOLLOWING-ITEM-IN-WORKSPACE-LAYERING><g2:c.LOOSE-END rdf:resource="#0d533b6e821c11e6aced000c2973fc18"/></g2:a.FOLLOWING-ITEM-IN-WORKSPACE-LAYERING>
  <g2:a.POSITION-IN-WORKSPACE>
    <g2:Structure>
      <g2:sa.X g2:type="Integer">-282</g2:sa.X>
      <g2:sa.Y g2:type="Integer">87</g2:sa.Y>
      <g2:sa.SUPERIOR><g2:c.KB-WORKSPACE rdf:resource="#ebd36edb4fde11dfb1b4001641761fb2"/></g2:sa.SUPERIOR></g2:Structure></g2:a.POSITION-IN-WORKSPACE></g2:c.LOOSE-END>

<g2:c.LOOSE-END ID="0d533b6e821c11e6aced000c2973fc18">
  <g2:a.FOLLOWING-ITEM-IN-WORKSPACE-LAYERING><c.BENCHMARK-TEST rdf:resource="#51f6520e76ac11e69b45000c2973fc18"/></g2:a.FOLLOWING-ITEM-IN-WORKSPACE-LAYERING>
  <g2:a.POSITION-IN-WORKSPACE>
    <g2:Structure>
      <g2:sa.X g2:type="Integer">-278</g2:sa.X>
      <g2:sa.Y g2:type="Integer">125</g2:sa.Y>
      <g2:sa.SUPERIOR><g2:c.KB-WORKSPACE rdf:resource="#ebd36edb4fde11dfb1b4001641761fb2"/></g2:sa.SUPERIOR></g2:Structure></g2:a.POSITION-IN-WORKSPACE></g2:c.LOOSE-END>

<c.NEXT-BENCHMARK ID="0d533b70821c11e6aced000c2973fc18">
  <g2:a.CONNECTION-VERTICES>
    <g2:Sequence>
      <rdf:li g2:type="Integer">-5</rdf:li></g2:Sequence></g2:a.CONNECTION-VERTICES>
  <g2:a.CONNECTION-STYLE g2:type="Symbol">ORTHOGONAL</g2:a.CONNECTION-STYLE>
  <g2:a.CONNECTION-OUTPUT>
    <g2:Structure>
      <g2:sa.ITEM><g2:c.LOOSE-END rdf:resource="#0d533b6a821c11e6aced000c2973fc18"/></g2:sa.ITEM>
      <g2:sa.SIDE g2:type="Symbol">TOP</g2:sa.SIDE>
      <g2:sa.POSITION g2:type="Integer">0</g2:sa.POSITION>
      <g2:sa.PORT-NAME g2:type="Symbol">STUB-CONNECTION</g2:sa.PORT-NAME></g2:Structure></g2:a.CONNECTION-OUTPUT>
  <g2:a.CONNECTION-INPUT>
    <g2:Structure>
      <g2:sa.ITEM><c.START-FLOW rdf:resource="#ebd36ee04fde11dfb1b4001641761fb2"/></g2:sa.ITEM>
      <g2:sa.SIDE g2:type="Symbol">BOTTOM</g2:sa.SIDE>
      <g2:sa.POSITION g2:type="Integer">22</g2:sa.POSITION></g2:Structure></g2:a.CONNECTION-INPUT>
  <g2:a.FOLLOWING-ITEM-IN-WORKSPACE-LAYERING><c.NEXT-BENCHMARK rdf:resource="#0d533b71821c11e6aced000c2973fc18"/></g2:a.FOLLOWING-ITEM-IN-WORKSPACE-LAYERING>
  <g2:a.ITEM-COLOR-PATTERN>
    <g2:Structure>
      <g2:sa.OUTLINE g2:type="Symbol">RED</g2:sa.OUTLINE>
      <g2:sa.INSIDE g2:type="Symbol">TURQUOISE</g2:sa.INSIDE></g2:Structure></g2:a.ITEM-COLOR-PATTERN></c.NEXT-BENCHMARK>

<c.NEXT-BENCHMARK ID="0d533b71821c11e6aced000c2973fc18">
  <g2:a.CONNECTION-VERTICES>
    <g2:Sequence>
      <rdf:li g2:type="Integer">-5</rdf:li></g2:Sequence></g2:a.CONNECTION-VERTICES>
  <g2:a.CONNECTION-STYLE g2:type="Symbol">ORTHOGONAL</g2:a.CONNECTION-STYLE>
  <g2:a.CONNECTION-OUTPUT>
    <g2:Structure>
      <g2:sa.ITEM><g2:c.LOOSE-END rdf:resource="#0d533b6b821c11e6aced000c2973fc18"/></g2:sa.ITEM>
      <g2:sa.SIDE g2:type="Symbol">TOP</g2:sa.SIDE>
      <g2:sa.POSITION g2:type="Integer">0</g2:sa.POSITION>
      <g2:sa.PORT-NAME g2:type="Symbol">STUB-CONNECTION</g2:sa.PORT-NAME></g2:Structure></g2:a.CONNECTION-OUTPUT>
  <g2:a.CONNECTION-INPUT>
    <g2:Structure>
      <g2:sa.ITEM><c.START-FLOW rdf:resource="#ebd36ee04fde11dfb1b4001641761fb2"/></g2:sa.ITEM>
      <g2:sa.SIDE g2:type="Symbol">BOTTOM</g2:sa.SIDE>
      <g2:sa.POSITION g2:type="Integer">22</g2:sa.POSITION></g2:Structure></g2:a.CONNECTION-INPUT>
  <g2:a.FOLLOWING-ITEM-IN-WORKSPACE-LAYERING><c.NEXT-BENCHMARK rdf:resource="#0d533b74821c11e6aced000c2973fc18"/></g2:a.FOLLOWING-ITEM-IN-WORKSPACE-LAYERING>
  <g2:a.ITEM-COLOR-PATTERN>
    <g2:Structure>
      <g2:sa.OUTLINE g2:type="Symbol">RED</g2:sa.OUTLINE>
      <g2:sa.INSIDE g2:type="Symbol">TURQUOISE</g2:sa.INSIDE></g2:Structure></g2:a.ITEM-COLOR-PATTERN></c.NEXT-BENCHMARK>

<c.NEXT-BENCHMARK ID="0d533b72821c11e6aced000c2973fc18">
  <g2:a.CONNECTION-VERTICES>
    <g2:Sequence>
      <rdf:li g2:type="Integer">4</rdf:li></g2:Sequence></g2:a.CONNECTION-VERTICES>
  <g2:a.CONNECTION-STYLE g2:type="Symbol">ORTHOGONAL</g2:a.CONNECTION-STYLE>
  <g2:a.CONNECTION-OUTPUT>
    <g2:Structure>
      <g2:sa.ITEM><g2:c.LOOSE-END rdf:resource="#0d533b6c821c11e6aced000c2973fc18"/></g2:sa.ITEM>
      <g2:sa.SIDE g2:type="Symbol">BOTTOM</g2:sa.SIDE>
      <g2:sa.POSITION g2:type="Integer">0</g2:sa.POSITION>
      <g2:sa.PORT-NAME g2:type="Symbol">STUB-CONNECTION</g2:sa.PORT-NAME></g2:Structure></g2:a.CONNECTION-OUTPUT>
  <g2:a.CONNECTION-INPUT>
    <g2:Structure>
      <g2:sa.ITEM><c.BENCHMARK-TEST rdf:resource="#633a310e4fe211dfb1b4001641761fb2"/></g2:sa.ITEM>
      <g2:sa.SIDE g2:type="Symbol">TOP</g2:sa.SIDE>
      <g2:sa.POSITION g2:type="Integer">15</g2:sa.POSITION></g2:Structure></g2:a.CONNECTION-INPUT>
  <g2:a.FOLLOWING-ITEM-IN-WORKSPACE-LAYERING><c.NEXT-BENCHMARK rdf:resource="#38f68d1576ab11e69b45000c2973fc18"/></g2:a.FOLLOWING-ITEM-IN-WORKSPACE-LAYERING>
  <g2:a.ITEM-COLOR-PATTERN>
    <g2:Structure>
      <g2:sa.OUTLINE g2:type="Symbol">RED</g2:sa.OUTLINE>
      <g2:sa.INSIDE g2:type="Symbol">TURQUOISE</g2:sa.INSIDE></g2:Structure></g2:a.ITEM-COLOR-PATTERN></c.NEXT-BENCHMARK>

<c.NEXT-BENCHMARK ID="0d533b74821c11e6aced000c2973fc18">
  <g2:a.CONNECTION-VERTICES>
    <g2:Sequence>
      <rdf:li g2:type="Integer">-5</rdf:li></g2:Sequence></g2:a.CONNECTION-VERTICES>
  <g2:a.CONNECTION-STYLE g2:type="Symbol">ORTHOGONAL</g2:a.CONNECTION-STYLE>
  <g2:a.CONNECTION-OUTPUT>
    <g2:Structure>
      <g2:sa.ITEM><g2:c.LOOSE-END rdf:resource="#0d533b6e821c11e6aced000c2973fc18"/></g2:sa.ITEM>
      <g2:sa.SIDE g2:type="Symbol">TOP</g2:sa.SIDE>
      <g2:sa.POSITION g2:type="Integer">0</g2:sa.POSITION>
      <g2:sa.PORT-NAME g2:type="Symbol">STUB-CONNECTION</g2:sa.PORT-NAME></g2:Structure></g2:a.CONNECTION-OUTPUT>
  <g2:a.CONNECTION-INPUT>
    <g2:Structure>
      <g2:sa.ITEM><c.START-FLOW rdf:resource="#ebd36ee04fde11dfb1b4001641761fb2"/></g2:sa.ITEM>
      <g2:sa.SIDE g2:type="Symbol">BOTTOM</g2:sa.SIDE>
      <g2:sa.POSITION g2:type="Integer">25</g2:sa.POSITION></g2:Structure></g2:a.CONNECTION-INPUT>
  <g2:a.FOLLOWING-ITEM-IN-WORKSPACE-LAYERING><c.NEXT-BENCHMARK rdf:resource="#573e2f69821f11e6aced000c2973fc18"/></g2:a.FOLLOWING-ITEM-IN-WORKSPACE-LAYERING>
  <g2:a.ITEM-COLOR-PATTERN>
    <g2:Structure>
      <g2:sa.OUTLINE g2:type="Symbol">RED</g2:sa.OUTLINE>
      <g2:sa.INSIDE g2:type="Symbol">TURQUOISE</g2:sa.INSIDE></g2:Structure></g2:a.ITEM-COLOR-PATTERN></c.NEXT-BENCHMARK>

<c.NEXT-BENCHMARK ID="573e2f69821f11e6aced000c2973fc18">
  <g2:a.CONNECTION-VERTICES>
    <g2:Sequence>
      <rdf:li g2:type="Integer">5</rdf:li>
      <rdf:li g2:type="Integer">1</rdf:li></g2:Sequence></g2:a.CONNECTION-VERTICES>
  <g2:a.CONNECTION-STYLE g2:type="Symbol">ORTHOGONAL</g2:a.CONNECTION-STYLE>
  <g2:a.CONNECTION-OUTPUT>
    <g2:Structure>
      <g2:sa.ITEM><c.START-FLOW rdf:resource="#ebd36ee04fde11dfb1b4001641761fb2"/></g2:sa.ITEM>
      <g2:sa.SIDE g2:type="Symbol">BOTTOM</g2:sa.SIDE>
      <g2:sa.POSITION g2:type="Integer">23</g2:sa.POSITION></g2:Structure></g2:a.CONNECTION-OUTPUT>
  <g2:a.CONNECTION-INPUT>
    <g2:Structure>
      <g2:sa.ITEM><c.START-FLOW rdf:resource="#ebd36ee04fde11dfb1b4001641761fb2"/></g2:sa.ITEM>
      <g2:sa.SIDE g2:type="Symbol">BOTTOM</g2:sa.SIDE>
      <g2:sa.POSITION g2:type="Integer">22</g2:sa.POSITION></g2:Structure></g2:a.CONNECTION-INPUT>
  <g2:a.ITEM-COLOR-PATTERN>
    <g2:Structure>
      <g2:sa.OUTLINE g2:type="Symbol">RED</g2:sa.OUTLINE>
      <g2:sa.INSIDE g2:type="Symbol">TURQUOISE</g2:sa.INSIDE></g2:Structure></g2:a.ITEM-COLOR-PATTERN></c.NEXT-BENCHMARK>

<g2:c.LOOSE-END ID="77914004822411e6aced000c2973fc18">
  <g2:a.FOLLOWING-ITEM-IN-WORKSPACE-LAYERING><c.BENCHMARK-TEST rdf:resource="#77914005822411e6aced000c2973fc18"/></g2:a.FOLLOWING-ITEM-IN-WORKSPACE-LAYERING>
  <g2:a.POSITION-IN-WORKSPACE>
    <g2:Structure>
      <g2:sa.X g2:type="Integer">959</g2:sa.X>
      <g2:sa.Y g2:type="Integer">-321</g2:sa.Y>
      <g2:sa.SUPERIOR><g2:c.KB-WORKSPACE rdf:resource="#ebd36edb4fde11dfb1b4001641761fb2"/></g2:sa.SUPERIOR></g2:Structure></g2:a.POSITION-IN-WORKSPACE></g2:c.LOOSE-END>

<c.BENCHMARK-TEST ID="77914005822411e6aced000c2973fc18">
  <g2:a.NAMES g2:type="Symbol">KILL-ALL-PROCESSES</g2:a.NAMES>
  <ua.TEST-RESULT>
    <c.TEST-RESULT-PARAMETER ID="77914007822411e6aced000c2973fc18">
      <g2:a.OPTIONS>
        <g2:Structure>
          <g2:sa.FORWARD-CHAIN g2:type="TruthValue">true</g2:sa.FORWARD-CHAIN>
          <g2:sa.FORWARD-CHAIN-EVEN-FOR-SAME-VALUE g2:type="TruthValue">false</g2:sa.FORWARD-CHAIN-EVEN-FOR-SAME-VALUE></g2:Structure></g2:a.OPTIONS>
      <ua.TEST-INFO>
        <g2:c.TEXT-PARAMETER ID="77914008822411e6aced000c2973fc18">
          <g2:a.OPTIONS>
            <g2:Structure>
              <g2:sa.FORWARD-CHAIN g2:type="TruthValue">false</g2:sa.FORWARD-CHAIN>
              <g2:sa.FORWARD-CHAIN-EVEN-FOR-SAME-VALUE g2:type="TruthValue">false</g2:sa.FORWARD-CHAIN-EVEN-FOR-SAME-VALUE></g2:Structure></g2:a.OPTIONS>
          <g2:a.ICON-VARIABLES>
            <g2:Structure>
              <g2:sa.WIDTH g2:type="Integer">50</g2:sa.WIDTH>
              <g2:sa.HEIGHT g2:type="Integer">50</g2:sa.HEIGHT></g2:Structure></g2:a.ICON-VARIABLES></g2:c.TEXT-PARAMETER></ua.TEST-INFO>
      <g2:a.ICON-VARIABLES>
        <g2:Structure>
          <g2:sa.WIDTH g2:type="Integer">50</g2:sa.WIDTH>
          <g2:sa.HEIGHT g2:type="Integer">50</g2:sa.HEIGHT></g2:Structure></g2:a.ICON-VARIABLES></c.TEST-RESULT-PARAMETER></ua.TEST-RESULT>
  <ua.TIMEOUT-LIMIT g2:type="Integer" g2:unit="SECONDS">10</ua.TIMEOUT-LIMIT>
  <ua.COUNTED g2:type="TruthValue" g2:unit="TRUTH-VALUE">false</ua.COUNTED>
  <g2:a.ICON-VARIABLES>
    <g2:Structure>
      <g2:sa.WIDTH g2:type="Integer">30</g2:sa.WIDTH>
      <g2:sa.HEIGHT g2:type="Integer">24</g2:sa.HEIGHT></g2:Structure></g2:a.ICON-VARIABLES>
  <g2:a.FOLLOWING-ITEM-IN-WORKSPACE-LAYERING><c.NEXT-BENCHMARK rdf:resource="#60600177839011e68068000c2973fc18"/></g2:a.FOLLOWING-ITEM-IN-WORKSPACE-LAYERING>
  <g2:a.POSITION-IN-WORKSPACE>
    <g2:Structure>
      <g2:sa.X g2:type="Integer">962</g2:sa.X>
      <g2:sa.Y g2:type="Integer">-236</g2:sa.Y>
      <g2:sa.SUPERIOR><g2:c.KB-WORKSPACE rdf:resource="#ebd36edb4fde11dfb1b4001641761fb2"/></g2:sa.SUPERIOR></g2:Structure></g2:a.POSITION-IN-WORKSPACE>
  <g2:a.SIZE-IN-WORKSPACE>
    <g2:Structure>
      <g2:sa.WIDTH g2:type="Integer">30</g2:sa.WIDTH>
      <g2:sa.HEIGHT g2:type="Integer">24</g2:sa.HEIGHT></g2:Structure></g2:a.SIZE-IN-WORKSPACE>
  <g2:a.NAME-BOX>
    <g2:Structure>
      <g2:sa.COLOR>
        <g2:Structure>
          <g2:sa.BACKGROUND-COLOR g2:type="Symbol">TRANSPARENT</g2:sa.BACKGROUND-COLOR>
          <g2:sa.TEXT-COLOR g2:type="Symbol">FOREGROUND</g2:sa.TEXT-COLOR></g2:Structure></g2:sa.COLOR>
      <g2:sa.POSITION>
        <g2:Structure>
          <g2:sa.X-OFFSET g2:type="Integer">19</g2:sa.X-OFFSET>
          <g2:sa.Y-OFFSET g2:type="Integer">16</g2:sa.Y-OFFSET></g2:Structure></g2:sa.POSITION></g2:Structure></g2:a.NAME-BOX></c.BENCHMARK-TEST>

<g2:c.KB-WORKSPACE ID="77914009822411e6aced000c2973fc18">
  <g2:a.DEFAULT-WINDOW-POSITION-AND-SCALE>
    <g2:Structure>
      <g2:sa.X g2:type="Integer">552</g2:sa.X>
      <g2:sa.Y g2:type="Integer">427</g2:sa.Y></g2:Structure></g2:a.DEFAULT-WINDOW-POSITION-AND-SCALE>
  <g2:a.EDGES-OF-WORKSPACE>
    <g2:Structure>
      <g2:sa.LEFT g2:type="Integer">-350</g2:sa.LEFT>
      <g2:sa.TOP g2:type="Integer">250</g2:sa.TOP>
      <g2:sa.RIGHT g2:type="Integer">350</g2:sa.RIGHT>
      <g2:sa.BOTTOM g2:type="Integer">-250</g2:sa.BOTTOM></g2:Structure></g2:a.EDGES-OF-WORKSPACE>
  <g2:a.PARENT-OF-SUBWORKSPACE><c.BENCHMARK-TEST rdf:resource="#77914005822411e6aced000c2973fc18"/></g2:a.PARENT-OF-SUBWORKSPACE></g2:c.KB-WORKSPACE>

<g2:c.PROCEDURE ID="428f417b822411e6aced000c2973fc18">
  <g2:a.AUTHORS>
    <g2:Structure>
      <g2:sa.AUTHORS>
        <g2:Sequence>
          <rdf:li g2:type="Symbol">ADMINISTRATOR</rdf:li></g2:Sequence></g2:sa.AUTHORS>
      <g2:sa.TIMESTAMP>
        <g2:Structure>
          <g2:sa.YEAR g2:type="Integer">2016</g2:sa.YEAR>
          <g2:sa.MONTH g2:type="Integer">9</g2:sa.MONTH>
          <g2:sa.DATE g2:type="Integer">24</g2:sa.DATE>
          <g2:sa.HOURS g2:type="Integer">14</g2:sa.HOURS>
          <g2:sa.MINUTES g2:type="Integer">58</g2:sa.MINUTES></g2:Structure></g2:sa.TIMESTAMP></g2:Structure></g2:a.AUTHORS>
  <g2:a.TEXT><![CDATA[
kill-all-processes-test(node: class benchmark-node )
    err: class error;
    x, y: class g2-window;
begin
    for x = each g2-window do
        if the g2-window-management-type of x exists and the g2-window-management-type of x = the symbol remote then
            y = x;
    end;
    begin
        call nols-kill-remote-studio(y);
        call nols-kill-remote-process();
    end on error(err)
        begin
            call fail(node, "failed");
            return;
        end;
    end;
    call pass(node);
end

]]></g2:a.TEXT>
  <g2:a.ICON-VARIABLES>
    <g2:Structure>
      <g2:sa.WIDTH g2:type="Integer">50</g2:sa.WIDTH>
      <g2:sa.HEIGHT g2:type="Integer">50</g2:sa.HEIGHT></g2:Structure></g2:a.ICON-VARIABLES>
  <g2:a.POSITION-IN-WORKSPACE>
    <g2:Structure>
      <g2:sa.X g2:type="Integer">19</g2:sa.X>
      <g2:sa.Y g2:type="Integer">33</g2:sa.Y>
      <g2:sa.SUPERIOR><g2:c.KB-WORKSPACE rdf:resource="#77914009822411e6aced000c2973fc18"/></g2:sa.SUPERIOR></g2:Structure></g2:a.POSITION-IN-WORKSPACE>
  <g2:a.SIZE-IN-WORKSPACE>
    <g2:Structure>
      <g2:sa.WIDTH g2:type="Integer">50</g2:sa.WIDTH>
      <g2:sa.HEIGHT g2:type="Integer">50</g2:sa.HEIGHT></g2:Structure></g2:a.SIZE-IN-WORKSPACE>
  <g2:a.NAME-BOX>
    <g2:Structure>
      <g2:sa.COLOR>
        <g2:Structure>
          <g2:sa.BACKGROUND-COLOR g2:type="Symbol">TRANSPARENT</g2:sa.BACKGROUND-COLOR>
          <g2:sa.TEXT-COLOR g2:type="Symbol">FOREGROUND</g2:sa.TEXT-COLOR></g2:Structure></g2:sa.COLOR>
      <g2:sa.POSITION>
        <g2:Structure>
          <g2:sa.X-OFFSET g2:type="Integer">-109</g2:sa.X-OFFSET>
          <g2:sa.Y-OFFSET g2:type="Integer">-29</g2:sa.Y-OFFSET></g2:Structure></g2:sa.POSITION></g2:Structure></g2:a.NAME-BOX></g2:c.PROCEDURE>

<g2:c.LOOSE-END ID="7791400b822411e6aced000c2973fc18">
  <g2:a.FOLLOWING-ITEM-IN-WORKSPACE-LAYERING><c.NEXT-BENCHMARK rdf:resource="#7791401f822411e6aced000c2973fc18"/></g2:a.FOLLOWING-ITEM-IN-WORKSPACE-LAYERING>
  <g2:a.POSITION-IN-WORKSPACE>
    <g2:Structure>
      <g2:sa.X g2:type="Integer">962</g2:sa.X>
      <g2:sa.Y g2:type="Integer">-219</g2:sa.Y>
      <g2:sa.SUPERIOR><g2:c.KB-WORKSPACE rdf:resource="#ebd36edb4fde11dfb1b4001641761fb2"/></g2:sa.SUPERIOR></g2:Structure></g2:a.POSITION-IN-WORKSPACE></g2:c.LOOSE-END>

<g2:c.LOOSE-END ID="7791400c822411e6aced000c2973fc18">
  <g2:a.FOLLOWING-ITEM-IN-WORKSPACE-LAYERING><g2:c.LOOSE-END rdf:resource="#7791400d822411e6aced000c2973fc18"/></g2:a.FOLLOWING-ITEM-IN-WORKSPACE-LAYERING>
  <g2:a.POSITION-IN-WORKSPACE>
    <g2:Structure>
      <g2:sa.X g2:type="Integer">958</g2:sa.X>
      <g2:sa.Y g2:type="Integer">-321</g2:sa.Y>
      <g2:sa.SUPERIOR><g2:c.KB-WORKSPACE rdf:resource="#ebd36edb4fde11dfb1b4001641761fb2"/></g2:sa.SUPERIOR></g2:Structure></g2:a.POSITION-IN-WORKSPACE></g2:c.LOOSE-END>

<g2:c.LOOSE-END ID="7791400d822411e6aced000c2973fc18">
  <g2:a.FOLLOWING-ITEM-IN-WORKSPACE-LAYERING><g2:c.LOOSE-END rdf:resource="#7791400e822411e6aced000c2973fc18"/></g2:a.FOLLOWING-ITEM-IN-WORKSPACE-LAYERING>
  <g2:a.POSITION-IN-WORKSPACE>
    <g2:Structure>
      <g2:sa.X g2:type="Integer">695</g2:sa.X>
      <g2:sa.Y g2:type="Integer">-1359</g2:sa.Y>
      <g2:sa.SUPERIOR><g2:c.KB-WORKSPACE rdf:resource="#ebd36edb4fde11dfb1b4001641761fb2"/></g2:sa.SUPERIOR></g2:Structure></g2:a.POSITION-IN-WORKSPACE></g2:c.LOOSE-END>

<g2:c.LOOSE-END ID="7791400e822411e6aced000c2973fc18">
  <g2:a.FOLLOWING-ITEM-IN-WORKSPACE-LAYERING><g2:c.LOOSE-END rdf:resource="#7791400f822411e6aced000c2973fc18"/></g2:a.FOLLOWING-ITEM-IN-WORKSPACE-LAYERING>
  <g2:a.POSITION-IN-WORKSPACE>
    <g2:Structure>
      <g2:sa.X g2:type="Integer">695</g2:sa.X>
      <g2:sa.Y g2:type="Integer">-1324</g2:sa.Y>
      <g2:sa.SUPERIOR><g2:c.KB-WORKSPACE rdf:resource="#ebd36edb4fde11dfb1b4001641761fb2"/></g2:sa.SUPERIOR></g2:Structure></g2:a.POSITION-IN-WORKSPACE></g2:c.LOOSE-END>

<g2:c.LOOSE-END ID="7791400f822411e6aced000c2973fc18">
  <g2:a.FOLLOWING-ITEM-IN-WORKSPACE-LAYERING><g2:c.LOOSE-END rdf:resource="#77914010822411e6aced000c2973fc18"/></g2:a.FOLLOWING-ITEM-IN-WORKSPACE-LAYERING>
  <g2:a.POSITION-IN-WORKSPACE>
    <g2:Structure>
      <g2:sa.X g2:type="Integer">693</g2:sa.X>
      <g2:sa.Y g2:type="Integer">-1215</g2:sa.Y>
      <g2:sa.SUPERIOR><g2:c.KB-WORKSPACE rdf:resource="#ebd36edb4fde11dfb1b4001641761fb2"/></g2:sa.SUPERIOR></g2:Structure></g2:a.POSITION-IN-WORKSPACE></g2:c.LOOSE-END>

<g2:c.LOOSE-END ID="77914010822411e6aced000c2973fc18">
  <g2:a.FOLLOWING-ITEM-IN-WORKSPACE-LAYERING><g2:c.LOOSE-END rdf:resource="#77914011822411e6aced000c2973fc18"/></g2:a.FOLLOWING-ITEM-IN-WORKSPACE-LAYERING>
  <g2:a.POSITION-IN-WORKSPACE>
    <g2:Structure>
      <g2:sa.X g2:type="Integer">691</g2:sa.X>
      <g2:sa.Y g2:type="Integer">-1215</g2:sa.Y>
      <g2:sa.SUPERIOR><g2:c.KB-WORKSPACE rdf:resource="#ebd36edb4fde11dfb1b4001641761fb2"/></g2:sa.SUPERIOR></g2:Structure></g2:a.POSITION-IN-WORKSPACE></g2:c.LOOSE-END>

<g2:c.LOOSE-END ID="77914011822411e6aced000c2973fc18">
  <g2:a.FOLLOWING-ITEM-IN-WORKSPACE-LAYERING><g2:c.FREE-TEXT rdf:resource="#77914012822411e6aced000c2973fc18"/></g2:a.FOLLOWING-ITEM-IN-WORKSPACE-LAYERING>
  <g2:a.POSITION-IN-WORKSPACE>
    <g2:Structure>
      <g2:sa.X g2:type="Integer">693</g2:sa.X>
      <g2:sa.Y g2:type="Integer">-1165</g2:sa.Y>
      <g2:sa.SUPERIOR><g2:c.KB-WORKSPACE rdf:resource="#ebd36edb4fde11dfb1b4001641761fb2"/></g2:sa.SUPERIOR></g2:Structure></g2:a.POSITION-IN-WORKSPACE></g2:c.LOOSE-END>

<g2:c.FREE-TEXT ID="77914012822411e6aced000c2973fc18">
  <g2:a.TEXT><![CDATA[
1) "IMPORT" and "LAUNCH-GNNE-AND-TRAIN-BPN" after "PREPARE", "EXPORT"
2) "LOAD-FROM-NOLS" after "STOP-MATRIX-SIMULATION"

These tests will populate modal dialog and must handled by UI action. 
]]></g2:a.TEXT>
  <g2:a.TEXT-FONT>
    <g2:Structure>
      <g2:sa.FONT-SIZE g2:type="Symbol">EXTRA-LARGE</g2:sa.FONT-SIZE></g2:Structure></g2:a.TEXT-FONT>
  <g2:a.TEXT-ALIGNMENT g2:type="Symbol">LEFT</g2:a.TEXT-ALIGNMENT>
  <g2:a.FOLLOWING-ITEM-IN-WORKSPACE-LAYERING><g2:c.LOOSE-END rdf:resource="#77914013822411e6aced000c2973fc18"/></g2:a.FOLLOWING-ITEM-IN-WORKSPACE-LAYERING>
  <g2:a.POSITION-IN-WORKSPACE>
    <g2:Structure>
      <g2:sa.X g2:type="Integer">969</g2:sa.X>
      <g2:sa.Y g2:type="Integer">-989</g2:sa.Y>
      <g2:sa.SUPERIOR><g2:c.KB-WORKSPACE rdf:resource="#ebd36edb4fde11dfb1b4001641761fb2"/></g2:sa.SUPERIOR></g2:Structure></g2:a.POSITION-IN-WORKSPACE>
  <g2:a.ITEM-COLOR-PATTERN>
    <g2:Structure>
      <g2:sa.BACKGROUND-COLOR g2:type="Symbol">BLUE</g2:sa.BACKGROUND-COLOR>
      <g2:sa.TEXT-COLOR g2:type="Symbol">YELLOW</g2:sa.TEXT-COLOR></g2:Structure></g2:a.ITEM-COLOR-PATTERN>
  <g2:a.SIZE-IN-WORKSPACE>
    <g2:Structure>
      <g2:sa.WIDTH g2:type="Integer">577</g2:sa.WIDTH>
      <g2:sa.HEIGHT g2:type="Integer">225</g2:sa.HEIGHT></g2:Structure></g2:a.SIZE-IN-WORKSPACE></g2:c.FREE-TEXT>

<g2:c.LOOSE-END ID="77914013822411e6aced000c2973fc18">
  <g2:a.FOLLOWING-ITEM-IN-WORKSPACE-LAYERING><g2:c.LOOSE-END rdf:resource="#77914014822411e6aced000c2973fc18"/></g2:a.FOLLOWING-ITEM-IN-WORKSPACE-LAYERING>
  <g2:a.POSITION-IN-WORKSPACE>
    <g2:Structure>
      <g2:sa.X g2:type="Integer">-280</g2:sa.X>
      <g2:sa.Y g2:type="Integer">125</g2:sa.Y>
      <g2:sa.SUPERIOR><g2:c.KB-WORKSPACE rdf:resource="#ebd36edb4fde11dfb1b4001641761fb2"/></g2:sa.SUPERIOR></g2:Structure></g2:a.POSITION-IN-WORKSPACE></g2:c.LOOSE-END>

<g2:c.LOOSE-END ID="77914014822411e6aced000c2973fc18">
  <g2:a.FOLLOWING-ITEM-IN-WORKSPACE-LAYERING><c.BENCHMARK-TEST rdf:resource="#77914015822411e6aced000c2973fc18"/></g2:a.FOLLOWING-ITEM-IN-WORKSPACE-LAYERING>
  <g2:a.POSITION-IN-WORKSPACE>
    <g2:Structure>
      <g2:sa.X g2:type="Integer">-282</g2:sa.X>
      <g2:sa.Y g2:type="Integer">87</g2:sa.Y>
      <g2:sa.SUPERIOR><g2:c.KB-WORKSPACE rdf:resource="#ebd36edb4fde11dfb1b4001641761fb2"/></g2:sa.SUPERIOR></g2:Structure></g2:a.POSITION-IN-WORKSPACE></g2:c.LOOSE-END>

<c.BENCHMARK-TEST ID="77914015822411e6aced000c2973fc18">
  <g2:a.NAMES g2:type="Symbol">LAUNCH-GNNE-AND-TRAIN-BPN</g2:a.NAMES>
  <ua.TEST-RESULT>
    <c.TEST-RESULT-PARAMETER ID="77914017822411e6aced000c2973fc18">
      <g2:a.OPTIONS>
        <g2:Structure>
          <g2:sa.FORWARD-CHAIN g2:type="TruthValue">true</g2:sa.FORWARD-CHAIN>
          <g2:sa.FORWARD-CHAIN-EVEN-FOR-SAME-VALUE g2:type="TruthValue">false</g2:sa.FORWARD-CHAIN-EVEN-FOR-SAME-VALUE></g2:Structure></g2:a.OPTIONS>
      <ua.TEST-INFO>
        <g2:c.TEXT-PARAMETER ID="77914018822411e6aced000c2973fc18">
          <g2:a.OPTIONS>
            <g2:Structure>
              <g2:sa.FORWARD-CHAIN g2:type="TruthValue">false</g2:sa.FORWARD-CHAIN>
              <g2:sa.FORWARD-CHAIN-EVEN-FOR-SAME-VALUE g2:type="TruthValue">false</g2:sa.FORWARD-CHAIN-EVEN-FOR-SAME-VALUE></g2:Structure></g2:a.OPTIONS>
          <g2:a.ICON-VARIABLES>
            <g2:Structure>
              <g2:sa.WIDTH g2:type="Integer">50</g2:sa.WIDTH>
              <g2:sa.HEIGHT g2:type="Integer">50</g2:sa.HEIGHT></g2:Structure></g2:a.ICON-VARIABLES></g2:c.TEXT-PARAMETER></ua.TEST-INFO>
      <g2:a.ICON-VARIABLES>
        <g2:Structure>
          <g2:sa.WIDTH g2:type="Integer">50</g2:sa.WIDTH>
          <g2:sa.HEIGHT g2:type="Integer">50</g2:sa.HEIGHT></g2:Structure></g2:a.ICON-VARIABLES></c.TEST-RESULT-PARAMETER></ua.TEST-RESULT>
  <ua.TIMEOUT-LIMIT g2:type="Integer" g2:unit="SECONDS">10</ua.TIMEOUT-LIMIT>
  <ua.COUNTED g2:type="TruthValue" g2:unit="TRUTH-VALUE">false</ua.COUNTED>
  <g2:a.MANUALLY-DISABLED_qm g2:type="TruthValue">true</g2:a.MANUALLY-DISABLED_qm>
  <g2:a.ICON-VARIABLES>
    <g2:Structure>
      <g2:sa.WIDTH g2:type="Integer">30</g2:sa.WIDTH>
      <g2:sa.HEIGHT g2:type="Integer">24</g2:sa.HEIGHT></g2:Structure></g2:a.ICON-VARIABLES>
  <g2:a.FOLLOWING-ITEM-IN-WORKSPACE-LAYERING><c.NEXT-BENCHMARK rdf:resource="#77914023822411e6aced000c2973fc18"/></g2:a.FOLLOWING-ITEM-IN-WORKSPACE-LAYERING>
  <g2:a.POSITION-IN-WORKSPACE>
    <g2:Structure>
      <g2:sa.X g2:type="Integer">690</g2:sa.X>
      <g2:sa.Y g2:type="Integer">-1232</g2:sa.Y>
      <g2:sa.SUPERIOR><g2:c.KB-WORKSPACE rdf:resource="#ebd36edb4fde11dfb1b4001641761fb2"/></g2:sa.SUPERIOR></g2:Structure></g2:a.POSITION-IN-WORKSPACE>
  <g2:a.SIZE-IN-WORKSPACE>
    <g2:Structure>
      <g2:sa.WIDTH g2:type="Integer">30</g2:sa.WIDTH>
      <g2:sa.HEIGHT g2:type="Integer">24</g2:sa.HEIGHT></g2:Structure></g2:a.SIZE-IN-WORKSPACE>
  <g2:a.NAME-BOX>
    <g2:Structure>
      <g2:sa.COLOR>
        <g2:Structure>
          <g2:sa.BACKGROUND-COLOR g2:type="Symbol">TRANSPARENT</g2:sa.BACKGROUND-COLOR>
          <g2:sa.TEXT-COLOR g2:type="Symbol">FOREGROUND</g2:sa.TEXT-COLOR></g2:Structure></g2:sa.COLOR>
      <g2:sa.POSITION>
        <g2:Structure>
          <g2:sa.X-OFFSET g2:type="Integer">19</g2:sa.X-OFFSET>
          <g2:sa.Y-OFFSET g2:type="Integer">16</g2:sa.Y-OFFSET></g2:Structure></g2:sa.POSITION></g2:Structure></g2:a.NAME-BOX></c.BENCHMARK-TEST>

<g2:c.KB-WORKSPACE ID="77914019822411e6aced000c2973fc18">
  <g2:a.DEFAULT-WINDOW-POSITION-AND-SCALE>
    <g2:Structure>
      <g2:sa.X g2:type="Integer">627</g2:sa.X>
      <g2:sa.Y g2:type="Integer">330</g2:sa.Y></g2:Structure></g2:a.DEFAULT-WINDOW-POSITION-AND-SCALE>
  <g2:a.EDGES-OF-WORKSPACE>
    <g2:Structure>
      <g2:sa.LEFT g2:type="Integer">-350</g2:sa.LEFT>
      <g2:sa.TOP g2:type="Integer">250</g2:sa.TOP>
      <g2:sa.RIGHT g2:type="Integer">350</g2:sa.RIGHT>
      <g2:sa.BOTTOM g2:type="Integer">-250</g2:sa.BOTTOM></g2:Structure></g2:a.EDGES-OF-WORKSPACE>
  <g2:a.PARENT-OF-SUBWORKSPACE><c.BENCHMARK-TEST rdf:resource="#77914015822411e6aced000c2973fc18"/></g2:a.PARENT-OF-SUBWORKSPACE></g2:c.KB-WORKSPACE>

<g2:c.PROCEDURE ID="fa12552c822011e6aced000c2973fc18">
  <g2:a.AUTHORS>
    <g2:Structure>
      <g2:sa.AUTHORS>
        <g2:Sequence>
          <rdf:li g2:type="Symbol">ADMINISTRATOR</rdf:li></g2:Sequence></g2:sa.AUTHORS>
      <g2:sa.TIMESTAMP>
        <g2:Structure>
          <g2:sa.YEAR g2:type="Integer">2016</g2:sa.YEAR>
          <g2:sa.MONTH g2:type="Integer">9</g2:sa.MONTH>
          <g2:sa.DATE g2:type="Integer">24</g2:sa.DATE>
          <g2:sa.HOURS g2:type="Integer">14</g2:sa.HOURS>
          <g2:sa.MINUTES g2:type="Integer">35</g2:sa.MINUTES></g2:Structure></g2:sa.TIMESTAMP></g2:Structure></g2:a.AUTHORS>
  <g2:a.TEXT><![CDATA[
launch-gnne-and-train-bpn-test(node: class benchmark-node)

    err: class error;
    x, y: class g2-window;
    RPC: class gnne-rpc-interface;
    MechName, execution-command, writable-directory: text;
    installation-dir, dir-sep: text;
    version-struct: structure;
    
begin

    version-struct = call g2-get-g2-version-information();
    installation-dir = call grtl-get-installation-directory();
    dir-sep = call grtl-get-file-system-delimiter();
    if the enterprise of version-struct or true then begin
        execution-command = "[installation-dir][dir-sep]dst[dir-sep]nol[dir-sep]opt[dir-sep]x64[dir-sep]ntnol.exe";
    end else begin
        execution-command = "[installation-dir][dir-sep]dst[dir-sep]nol[dir-sep]opt[dir-sep]ntnol.exe";
    end;

    writable-directory = "[installation-dir][dir-sep]dst[dir-sep]"; 

    for x = each g2-window do
        if the g2-window-management-type of x exists and the g2-window-management-type of x = the symbol remote then
            y = x;
    end;
    begin
        for RPC = each gnne-rpc-interface do
            make RPC transient;
            delete RPC;
        end;
        RPC = call _gnne-create-default-rpc ();   
        conclude that _gnne-rpc-object = the name of RPC; 
        MechName = call g2-get-host-name();
        conclude that the machine-name of RPC = MechName;
        conclude that the execution-command of RPC = execution-command;
        conclude that the writable-directory of RPC = writable-directory;
        call GNNE-LAUNCH-REMOTE-PROCESS(y);
        call gnne-train-bpn(sine-model, sine-data-set, train-output, 400, 1, false);
    end on error(err)
        begin
            call fail(node, "failed");
            return;
        end;
    end;
    call pass(node);
end

]]></g2:a.TEXT>
  <g2:a.ICON-VARIABLES>
    <g2:Structure>
      <g2:sa.WIDTH g2:type="Integer">50</g2:sa.WIDTH>
      <g2:sa.HEIGHT g2:type="Integer">50</g2:sa.HEIGHT></g2:Structure></g2:a.ICON-VARIABLES>
  <g2:a.POSITION-IN-WORKSPACE>
    <g2:Structure>
      <g2:sa.X g2:type="Integer">15</g2:sa.X>
      <g2:sa.Y g2:type="Integer">70</g2:sa.Y>
      <g2:sa.SUPERIOR><g2:c.KB-WORKSPACE rdf:resource="#77914019822411e6aced000c2973fc18"/></g2:sa.SUPERIOR></g2:Structure></g2:a.POSITION-IN-WORKSPACE>
  <g2:a.SIZE-IN-WORKSPACE>
    <g2:Structure>
      <g2:sa.WIDTH g2:type="Integer">50</g2:sa.WIDTH>
      <g2:sa.HEIGHT g2:type="Integer">50</g2:sa.HEIGHT></g2:Structure></g2:a.SIZE-IN-WORKSPACE>
  <g2:a.NAME-BOX>
    <g2:Structure>
      <g2:sa.COLOR>
        <g2:Structure>
          <g2:sa.BACKGROUND-COLOR g2:type="Symbol">TRANSPARENT</g2:sa.BACKGROUND-COLOR>
          <g2:sa.TEXT-COLOR g2:type="Symbol">FOREGROUND</g2:sa.TEXT-COLOR></g2:Structure></g2:sa.COLOR>
      <g2:sa.POSITION>
        <g2:Structure>
          <g2:sa.X-OFFSET g2:type="Integer">-144</g2:sa.X-OFFSET>
          <g2:sa.Y-OFFSET g2:type="Integer">-29</g2:sa.Y-OFFSET></g2:Structure></g2:sa.POSITION></g2:Structure></g2:a.NAME-BOX></g2:c.PROCEDURE>

<g2:c.LOOSE-END ID="7791401a822411e6aced000c2973fc18">
  <g2:a.FOLLOWING-ITEM-IN-WORKSPACE-LAYERING><g2:c.LOOSE-END rdf:resource="#7791401b822411e6aced000c2973fc18"/></g2:a.FOLLOWING-ITEM-IN-WORKSPACE-LAYERING>
  <g2:a.POSITION-IN-WORKSPACE>
    <g2:Structure>
      <g2:sa.X g2:type="Integer">690</g2:sa.X>
      <g2:sa.Y g2:type="Integer">-1250</g2:sa.Y>
      <g2:sa.SUPERIOR><g2:c.KB-WORKSPACE rdf:resource="#ebd36edb4fde11dfb1b4001641761fb2"/></g2:sa.SUPERIOR></g2:Structure></g2:a.POSITION-IN-WORKSPACE></g2:c.LOOSE-END>

<g2:c.LOOSE-END ID="7791401b822411e6aced000c2973fc18">
  <g2:a.FOLLOWING-ITEM-IN-WORKSPACE-LAYERING><g2:c.LOOSE-END rdf:resource="#7791401c822411e6aced000c2973fc18"/></g2:a.FOLLOWING-ITEM-IN-WORKSPACE-LAYERING>
  <g2:a.POSITION-IN-WORKSPACE>
    <g2:Structure>
      <g2:sa.X g2:type="Integer">-281</g2:sa.X>
      <g2:sa.Y g2:type="Integer">125</g2:sa.Y>
      <g2:sa.SUPERIOR><g2:c.KB-WORKSPACE rdf:resource="#ebd36edb4fde11dfb1b4001641761fb2"/></g2:sa.SUPERIOR></g2:Structure></g2:a.POSITION-IN-WORKSPACE></g2:c.LOOSE-END>

<g2:c.LOOSE-END ID="7791401c822411e6aced000c2973fc18">
  <g2:a.FOLLOWING-ITEM-IN-WORKSPACE-LAYERING><g2:c.LOOSE-END rdf:resource="#0d533b6a821c11e6aced000c2973fc18"/></g2:a.FOLLOWING-ITEM-IN-WORKSPACE-LAYERING>
  <g2:a.POSITION-IN-WORKSPACE>
    <g2:Structure>
      <g2:sa.X g2:type="Integer">959</g2:sa.X>
      <g2:sa.Y g2:type="Integer">100</g2:sa.Y>
      <g2:sa.SUPERIOR><g2:c.KB-WORKSPACE rdf:resource="#ebd36edb4fde11dfb1b4001641761fb2"/></g2:sa.SUPERIOR></g2:Structure></g2:a.POSITION-IN-WORKSPACE></g2:c.LOOSE-END>

<c.NEXT-BENCHMARK ID="7791401d822411e6aced000c2973fc18">
  <g2:a.CONNECTION-VERTICES>
    <g2:Sequence>
      <rdf:li g2:type="Integer">4</rdf:li></g2:Sequence></g2:a.CONNECTION-VERTICES>
  <g2:a.CONNECTION-STYLE g2:type="Symbol">ORTHOGONAL</g2:a.CONNECTION-STYLE>
  <g2:a.CONNECTION-OUTPUT>
    <g2:Structure>
      <g2:sa.ITEM><g2:c.LOOSE-END rdf:resource="#77914004822411e6aced000c2973fc18"/></g2:sa.ITEM>
      <g2:sa.SIDE g2:type="Symbol">BOTTOM</g2:sa.SIDE>
      <g2:sa.POSITION g2:type="Integer">0</g2:sa.POSITION>
      <g2:sa.PORT-NAME g2:type="Symbol">STUB-CONNECTION</g2:sa.PORT-NAME></g2:Structure></g2:a.CONNECTION-OUTPUT>
  <g2:a.CONNECTION-INPUT>
    <g2:Structure>
      <g2:sa.ITEM><c.END-FLOW rdf:resource="#ebd36edc4fde11dfb1b4001641761fb2"/></g2:sa.ITEM>
      <g2:sa.SIDE g2:type="Symbol">TOP</g2:sa.SIDE>
      <g2:sa.POSITION g2:type="Integer">17</g2:sa.POSITION></g2:Structure></g2:a.CONNECTION-INPUT>
  <g2:a.FOLLOWING-ITEM-IN-WORKSPACE-LAYERING><c.NEXT-BENCHMARK rdf:resource="#77914020822411e6aced000c2973fc18"/></g2:a.FOLLOWING-ITEM-IN-WORKSPACE-LAYERING>
  <g2:a.ITEM-COLOR-PATTERN>
    <g2:Structure>
      <g2:sa.OUTLINE g2:type="Symbol">RED</g2:sa.OUTLINE>
      <g2:sa.INSIDE g2:type="Symbol">TURQUOISE</g2:sa.INSIDE></g2:Structure></g2:a.ITEM-COLOR-PATTERN></c.NEXT-BENCHMARK>

<c.NEXT-BENCHMARK ID="7791401e822411e6aced000c2973fc18">
  <g2:a.CONNECTION-VERTICES>
    <g2:Sequence>
      <rdf:li g2:type="Integer">-7</rdf:li>
      <rdf:li g2:type="Integer">1</rdf:li></g2:Sequence></g2:a.CONNECTION-VERTICES>
  <g2:a.CONNECTION-STYLE g2:type="Symbol">ORTHOGONAL</g2:a.CONNECTION-STYLE>
  <g2:a.CONNECTION-OUTPUT>
    <g2:Structure>
      <g2:sa.ITEM><c.BENCHMARK-TEST rdf:resource="#77914005822411e6aced000c2973fc18"/></g2:sa.ITEM>
      <g2:sa.SIDE g2:type="Symbol">TOP</g2:sa.SIDE>
      <g2:sa.POSITION g2:type="Integer">12</g2:sa.POSITION></g2:Structure></g2:a.CONNECTION-OUTPUT>
  <g2:a.CONNECTION-INPUT>
    <g2:Structure>
      <g2:sa.ITEM><c.BENCHMARK-TEST rdf:resource="#984eaa244fe411dfb1b4001641761fb2"/></g2:sa.ITEM>
      <g2:sa.SIDE g2:type="Symbol">BOTTOM</g2:sa.SIDE>
      <g2:sa.POSITION g2:type="Integer">15</g2:sa.POSITION>
      <g2:sa.PORT-NAME g2:type="Symbol">NEXT-TEST-PORT</g2:sa.PORT-NAME></g2:Structure></g2:a.CONNECTION-INPUT>
  <g2:a.FOLLOWING-ITEM-IN-WORKSPACE-LAYERING><c.BENCHMARK-TEST rdf:resource="#984eaa2a4fe411dfb1b4001641761fb2"/></g2:a.FOLLOWING-ITEM-IN-WORKSPACE-LAYERING>
  <g2:a.ITEM-COLOR-PATTERN>
    <g2:Structure>
      <g2:sa.OUTLINE g2:type="Symbol">RED</g2:sa.OUTLINE>
      <g2:sa.INSIDE g2:type="Symbol">TURQUOISE</g2:sa.INSIDE></g2:Structure></g2:a.ITEM-COLOR-PATTERN></c.NEXT-BENCHMARK>

<c.NEXT-BENCHMARK ID="7791401f822411e6aced000c2973fc18">
  <g2:a.CONNECTION-VERTICES>
    <g2:Sequence>
      <rdf:li g2:type="Integer">-4</rdf:li></g2:Sequence></g2:a.CONNECTION-VERTICES>
  <g2:a.CONNECTION-STYLE g2:type="Symbol">ORTHOGONAL</g2:a.CONNECTION-STYLE>
  <g2:a.CONNECTION-OUTPUT>
    <g2:Structure>
      <g2:sa.ITEM><c.BENCHMARK-TEST rdf:resource="#77914005822411e6aced000c2973fc18"/></g2:sa.ITEM>
      <g2:sa.SIDE g2:type="Symbol">TOP</g2:sa.SIDE>
      <g2:sa.POSITION g2:type="Integer">15</g2:sa.POSITION></g2:Structure></g2:a.CONNECTION-OUTPUT>
  <g2:a.CONNECTION-INPUT>
    <g2:Structure>
      <g2:sa.ITEM><g2:c.LOOSE-END rdf:resource="#7791400b822411e6aced000c2973fc18"/></g2:sa.ITEM>
      <g2:sa.SIDE g2:type="Symbol">BOTTOM</g2:sa.SIDE>
      <g2:sa.POSITION g2:type="Integer">0</g2:sa.POSITION>
      <g2:sa.PORT-NAME g2:type="Symbol">STUB-CONNECTION</g2:sa.PORT-NAME></g2:Structure></g2:a.CONNECTION-INPUT>
  <g2:a.FOLLOWING-ITEM-IN-WORKSPACE-LAYERING><g2:c.LOOSE-END rdf:resource="#7791400c822411e6aced000c2973fc18"/></g2:a.FOLLOWING-ITEM-IN-WORKSPACE-LAYERING>
  <g2:a.ITEM-COLOR-PATTERN>
    <g2:Structure>
      <g2:sa.OUTLINE g2:type="Symbol">RED</g2:sa.OUTLINE>
      <g2:sa.INSIDE g2:type="Symbol">TURQUOISE</g2:sa.INSIDE></g2:Structure></g2:a.ITEM-COLOR-PATTERN></c.NEXT-BENCHMARK>

<c.NEXT-BENCHMARK ID="77914020822411e6aced000c2973fc18">
  <g2:a.CONNECTION-VERTICES>
    <g2:Sequence>
      <rdf:li g2:type="Integer">4</rdf:li></g2:Sequence></g2:a.CONNECTION-VERTICES>
  <g2:a.CONNECTION-STYLE g2:type="Symbol">ORTHOGONAL</g2:a.CONNECTION-STYLE>
  <g2:a.CONNECTION-OUTPUT>
    <g2:Structure>
      <g2:sa.ITEM><g2:c.LOOSE-END rdf:resource="#7791400c822411e6aced000c2973fc18"/></g2:sa.ITEM>
      <g2:sa.SIDE g2:type="Symbol">BOTTOM</g2:sa.SIDE>
      <g2:sa.POSITION g2:type="Integer">0</g2:sa.POSITION>
      <g2:sa.PORT-NAME g2:type="Symbol">STUB-CONNECTION</g2:sa.PORT-NAME></g2:Structure></g2:a.CONNECTION-OUTPUT>
  <g2:a.CONNECTION-INPUT>
    <g2:Structure>
      <g2:sa.ITEM><c.END-FLOW rdf:resource="#ebd36edc4fde11dfb1b4001641761fb2"/></g2:sa.ITEM>
      <g2:sa.SIDE g2:type="Symbol">TOP</g2:sa.SIDE>
      <g2:sa.POSITION g2:type="Integer">16</g2:sa.POSITION></g2:Structure></g2:a.CONNECTION-INPUT>
  <g2:a.FOLLOWING-ITEM-IN-WORKSPACE-LAYERING><c.NEXT-BENCHMARK rdf:resource="#60600176839011e68068000c2973fc18"/></g2:a.FOLLOWING-ITEM-IN-WORKSPACE-LAYERING>
  <g2:a.ITEM-COLOR-PATTERN>
    <g2:Structure>
      <g2:sa.OUTLINE g2:type="Symbol">RED</g2:sa.OUTLINE>
      <g2:sa.INSIDE g2:type="Symbol">TURQUOISE</g2:sa.INSIDE></g2:Structure></g2:a.ITEM-COLOR-PATTERN></c.NEXT-BENCHMARK>

<c.NEXT-BENCHMARK ID="77914021822411e6aced000c2973fc18">
  <g2:a.CONNECTION-VERTICES>
    <g2:Sequence>
      <rdf:li g2:type="Integer">-5</rdf:li></g2:Sequence></g2:a.CONNECTION-VERTICES>
  <g2:a.CONNECTION-STYLE g2:type="Symbol">ORTHOGONAL</g2:a.CONNECTION-STYLE>
  <g2:a.CONNECTION-OUTPUT>
    <g2:Structure>
      <g2:sa.ITEM><g2:c.LOOSE-END rdf:resource="#7791400d822411e6aced000c2973fc18"/></g2:sa.ITEM>
      <g2:sa.SIDE g2:type="Symbol">TOP</g2:sa.SIDE>
      <g2:sa.POSITION g2:type="Integer">0</g2:sa.POSITION>
      <g2:sa.PORT-NAME g2:type="Symbol">STUB-CONNECTION</g2:sa.PORT-NAME></g2:Structure></g2:a.CONNECTION-OUTPUT>
  <g2:a.CONNECTION-INPUT>
    <g2:Structure>
      <g2:sa.ITEM><c.BENCHMARK-TEST rdf:resource="#984eaa364fe411dfb1b4001641761fb2"/></g2:sa.ITEM>
      <g2:sa.SIDE g2:type="Symbol">BOTTOM</g2:sa.SIDE>
      <g2:sa.POSITION g2:type="Integer">15</g2:sa.POSITION>
      <g2:sa.PORT-NAME g2:type="Symbol">NEXT-TEST-PORT</g2:sa.PORT-NAME></g2:Structure></g2:a.CONNECTION-INPUT>
  <g2:a.FOLLOWING-ITEM-IN-WORKSPACE-LAYERING><c.NEXT-BENCHMARK rdf:resource="#77914022822411e6aced000c2973fc18"/></g2:a.FOLLOWING-ITEM-IN-WORKSPACE-LAYERING>
  <g2:a.ITEM-COLOR-PATTERN>
    <g2:Structure>
      <g2:sa.OUTLINE g2:type="Symbol">RED</g2:sa.OUTLINE>
      <g2:sa.INSIDE g2:type="Symbol">TURQUOISE</g2:sa.INSIDE></g2:Structure></g2:a.ITEM-COLOR-PATTERN></c.NEXT-BENCHMARK>

<c.NEXT-BENCHMARK ID="77914022822411e6aced000c2973fc18">
  <g2:a.CONNECTION-VERTICES>
    <g2:Sequence>
      <rdf:li g2:type="Integer">4</rdf:li></g2:Sequence></g2:a.CONNECTION-VERTICES>
  <g2:a.CONNECTION-STYLE g2:type="Symbol">ORTHOGONAL</g2:a.CONNECTION-STYLE>
  <g2:a.CONNECTION-OUTPUT>
    <g2:Structure>
      <g2:sa.ITEM><g2:c.LOOSE-END rdf:resource="#7791400e822411e6aced000c2973fc18"/></g2:sa.ITEM>
      <g2:sa.SIDE g2:type="Symbol">BOTTOM</g2:sa.SIDE>
      <g2:sa.POSITION g2:type="Integer">0</g2:sa.POSITION>
      <g2:sa.PORT-NAME g2:type="Symbol">STUB-CONNECTION</g2:sa.PORT-NAME></g2:Structure></g2:a.CONNECTION-OUTPUT>
  <g2:a.CONNECTION-INPUT>
    <g2:Structure>
      <g2:sa.ITEM><c.BENCHMARK-TEST rdf:resource="#984eaa364fe411dfb1b4001641761fb2"/></g2:sa.ITEM>
      <g2:sa.SIDE g2:type="Symbol">TOP</g2:sa.SIDE>
      <g2:sa.POSITION g2:type="Integer">15</g2:sa.POSITION></g2:Structure></g2:a.CONNECTION-INPUT>
  <g2:a.FOLLOWING-ITEM-IN-WORKSPACE-LAYERING><c.BENCHMARK-TEST rdf:resource="#984eaa3c4fe411dfb1b4001641761fb2"/></g2:a.FOLLOWING-ITEM-IN-WORKSPACE-LAYERING>
  <g2:a.ITEM-COLOR-PATTERN>
    <g2:Structure>
      <g2:sa.OUTLINE g2:type="Symbol">RED</g2:sa.OUTLINE>
      <g2:sa.INSIDE g2:type="Symbol">TURQUOISE</g2:sa.INSIDE></g2:Structure></g2:a.ITEM-COLOR-PATTERN></c.NEXT-BENCHMARK>

<c.NEXT-BENCHMARK ID="77914023822411e6aced000c2973fc18">
  <g2:a.CONNECTION-VERTICES>
    <g2:Sequence>
      <rdf:li g2:type="Integer">4</rdf:li></g2:Sequence></g2:a.CONNECTION-VERTICES>
  <g2:a.CONNECTION-STYLE g2:type="Symbol">ORTHOGONAL</g2:a.CONNECTION-STYLE>
  <g2:a.CONNECTION-OUTPUT>
    <g2:Structure>
      <g2:sa.ITEM><g2:c.LOOSE-END rdf:resource="#7791400f822411e6aced000c2973fc18"/></g2:sa.ITEM>
      <g2:sa.SIDE g2:type="Symbol">BOTTOM</g2:sa.SIDE>
      <g2:sa.POSITION g2:type="Integer">0</g2:sa.POSITION>
      <g2:sa.PORT-NAME g2:type="Symbol">STUB-CONNECTION</g2:sa.PORT-NAME></g2:Structure></g2:a.CONNECTION-OUTPUT>
  <g2:a.CONNECTION-INPUT>
    <g2:Structure>
      <g2:sa.ITEM><c.BENCHMARK-TEST rdf:resource="#77914015822411e6aced000c2973fc18"/></g2:sa.ITEM>
      <g2:sa.SIDE g2:type="Symbol">TOP</g2:sa.SIDE>
      <g2:sa.POSITION g2:type="Integer">18</g2:sa.POSITION></g2:Structure></g2:a.CONNECTION-INPUT>
  <g2:a.FOLLOWING-ITEM-IN-WORKSPACE-LAYERING><c.NEXT-BENCHMARK rdf:resource="#77914024822411e6aced000c2973fc18"/></g2:a.FOLLOWING-ITEM-IN-WORKSPACE-LAYERING>
  <g2:a.ITEM-COLOR-PATTERN>
    <g2:Structure>
      <g2:sa.OUTLINE g2:type="Symbol">RED</g2:sa.OUTLINE>
      <g2:sa.INSIDE g2:type="Symbol">TURQUOISE</g2:sa.INSIDE></g2:Structure></g2:a.ITEM-COLOR-PATTERN></c.NEXT-BENCHMARK>

<c.NEXT-BENCHMARK ID="77914024822411e6aced000c2973fc18">
  <g2:a.CONNECTION-VERTICES>
    <g2:Sequence>
      <rdf:li g2:type="Integer">4</rdf:li></g2:Sequence></g2:a.CONNECTION-VERTICES>
  <g2:a.CONNECTION-STYLE g2:type="Symbol">ORTHOGONAL</g2:a.CONNECTION-STYLE>
  <g2:a.CONNECTION-OUTPUT>
    <g2:Structure>
      <g2:sa.ITEM><g2:c.LOOSE-END rdf:resource="#77914010822411e6aced000c2973fc18"/></g2:sa.ITEM>
      <g2:sa.SIDE g2:type="Symbol">BOTTOM</g2:sa.SIDE>
      <g2:sa.POSITION g2:type="Integer">0</g2:sa.POSITION>
      <g2:sa.PORT-NAME g2:type="Symbol">STUB-CONNECTION</g2:sa.PORT-NAME></g2:Structure></g2:a.CONNECTION-OUTPUT>
  <g2:a.CONNECTION-INPUT>
    <g2:Structure>
      <g2:sa.ITEM><c.BENCHMARK-TEST rdf:resource="#77914015822411e6aced000c2973fc18"/></g2:sa.ITEM>
      <g2:sa.SIDE g2:type="Symbol">TOP</g2:sa.SIDE>
      <g2:sa.POSITION g2:type="Integer">16</g2:sa.POSITION></g2:Structure></g2:a.CONNECTION-INPUT>
  <g2:a.FOLLOWING-ITEM-IN-WORKSPACE-LAYERING><c.NEXT-BENCHMARK rdf:resource="#77914029822411e6aced000c2973fc18"/></g2:a.FOLLOWING-ITEM-IN-WORKSPACE-LAYERING>
  <g2:a.ITEM-COLOR-PATTERN>
    <g2:Structure>
      <g2:sa.OUTLINE g2:type="Symbol">RED</g2:sa.OUTLINE>
      <g2:sa.INSIDE g2:type="Symbol">TURQUOISE</g2:sa.INSIDE></g2:Structure></g2:a.ITEM-COLOR-PATTERN></c.NEXT-BENCHMARK>

<c.NEXT-BENCHMARK ID="77914025822411e6aced000c2973fc18">
  <g2:a.CONNECTION-VERTICES>
    <g2:Sequence>
      <rdf:li g2:type="Integer">4</rdf:li></g2:Sequence></g2:a.CONNECTION-VERTICES>
  <g2:a.CONNECTION-STYLE g2:type="Symbol">ORTHOGONAL</g2:a.CONNECTION-STYLE>
  <g2:a.CONNECTION-OUTPUT>
    <g2:Structure>
      <g2:sa.ITEM><g2:c.LOOSE-END rdf:resource="#77914011822411e6aced000c2973fc18"/></g2:sa.ITEM>
      <g2:sa.SIDE g2:type="Symbol">BOTTOM</g2:sa.SIDE>
      <g2:sa.POSITION g2:type="Integer">0</g2:sa.POSITION>
      <g2:sa.PORT-NAME g2:type="Symbol">STUB-CONNECTION</g2:sa.PORT-NAME></g2:Structure></g2:a.CONNECTION-OUTPUT>
  <g2:a.CONNECTION-INPUT>
    <g2:Structure>
      <g2:sa.ITEM><c.BENCHMARK-TEST rdf:resource="#984eaa434fe411dfb1b4001641761fb2"/></g2:sa.ITEM>
      <g2:sa.SIDE g2:type="Symbol">TOP</g2:sa.SIDE>
      <g2:sa.POSITION g2:type="Integer">18</g2:sa.POSITION></g2:Structure></g2:a.CONNECTION-INPUT>
  <g2:a.FOLLOWING-ITEM-IN-WORKSPACE-LAYERING><c.NEXT-BENCHMARK rdf:resource="#77914028822411e6aced000c2973fc18"/></g2:a.FOLLOWING-ITEM-IN-WORKSPACE-LAYERING>
  <g2:a.ITEM-COLOR-PATTERN>
    <g2:Structure>
      <g2:sa.OUTLINE g2:type="Symbol">RED</g2:sa.OUTLINE>
      <g2:sa.INSIDE g2:type="Symbol">TURQUOISE</g2:sa.INSIDE></g2:Structure></g2:a.ITEM-COLOR-PATTERN></c.NEXT-BENCHMARK>

<c.NEXT-BENCHMARK ID="77914026822411e6aced000c2973fc18">
  <g2:a.CONNECTION-VERTICES>
    <g2:Sequence>
      <rdf:li g2:type="Integer">-5</rdf:li></g2:Sequence></g2:a.CONNECTION-VERTICES>
  <g2:a.CONNECTION-STYLE g2:type="Symbol">ORTHOGONAL</g2:a.CONNECTION-STYLE>
  <g2:a.CONNECTION-OUTPUT>
    <g2:Structure>
      <g2:sa.ITEM><g2:c.LOOSE-END rdf:resource="#77914013822411e6aced000c2973fc18"/></g2:sa.ITEM>
      <g2:sa.SIDE g2:type="Symbol">TOP</g2:sa.SIDE>
      <g2:sa.POSITION g2:type="Integer">0</g2:sa.POSITION>
      <g2:sa.PORT-NAME g2:type="Symbol">STUB-CONNECTION</g2:sa.PORT-NAME></g2:Structure></g2:a.CONNECTION-OUTPUT>
  <g2:a.CONNECTION-INPUT>
    <g2:Structure>
      <g2:sa.ITEM><c.START-FLOW rdf:resource="#ebd36ee04fde11dfb1b4001641761fb2"/></g2:sa.ITEM>
      <g2:sa.SIDE g2:type="Symbol">BOTTOM</g2:sa.SIDE>
      <g2:sa.POSITION g2:type="Integer">23</g2:sa.POSITION></g2:Structure></g2:a.CONNECTION-INPUT>
  <g2:a.FOLLOWING-ITEM-IN-WORKSPACE-LAYERING><c.NEXT-BENCHMARK rdf:resource="#7791402a822411e6aced000c2973fc18"/></g2:a.FOLLOWING-ITEM-IN-WORKSPACE-LAYERING>
  <g2:a.ITEM-COLOR-PATTERN>
    <g2:Structure>
      <g2:sa.OUTLINE g2:type="Symbol">RED</g2:sa.OUTLINE>
      <g2:sa.INSIDE g2:type="Symbol">TURQUOISE</g2:sa.INSIDE></g2:Structure></g2:a.ITEM-COLOR-PATTERN></c.NEXT-BENCHMARK>

<c.NEXT-BENCHMARK ID="77914027822411e6aced000c2973fc18">
  <g2:a.CONNECTION-VERTICES>
    <g2:Sequence>
      <rdf:li g2:type="Integer">4</rdf:li></g2:Sequence></g2:a.CONNECTION-VERTICES>
  <g2:a.CONNECTION-STYLE g2:type="Symbol">ORTHOGONAL</g2:a.CONNECTION-STYLE>
  <g2:a.CONNECTION-OUTPUT>
    <g2:Structure>
      <g2:sa.ITEM><g2:c.LOOSE-END rdf:resource="#77914014822411e6aced000c2973fc18"/></g2:sa.ITEM>
      <g2:sa.SIDE g2:type="Symbol">BOTTOM</g2:sa.SIDE>
      <g2:sa.POSITION g2:type="Integer">0</g2:sa.POSITION>
      <g2:sa.PORT-NAME g2:type="Symbol">STUB-CONNECTION</g2:sa.PORT-NAME></g2:Structure></g2:a.CONNECTION-OUTPUT>
  <g2:a.CONNECTION-INPUT>
    <g2:Structure>
      <g2:sa.ITEM><c.BENCHMARK-TEST rdf:resource="#633a310e4fe211dfb1b4001641761fb2"/></g2:sa.ITEM>
      <g2:sa.SIDE g2:type="Symbol">TOP</g2:sa.SIDE>
      <g2:sa.POSITION g2:type="Integer">15</g2:sa.POSITION></g2:Structure></g2:a.CONNECTION-INPUT>
  <g2:a.FOLLOWING-ITEM-IN-WORKSPACE-LAYERING><c.NEXT-BENCHMARK rdf:resource="#0d533b72821c11e6aced000c2973fc18"/></g2:a.FOLLOWING-ITEM-IN-WORKSPACE-LAYERING>
  <g2:a.ITEM-COLOR-PATTERN>
    <g2:Structure>
      <g2:sa.OUTLINE g2:type="Symbol">RED</g2:sa.OUTLINE>
      <g2:sa.INSIDE g2:type="Symbol">TURQUOISE</g2:sa.INSIDE></g2:Structure></g2:a.ITEM-COLOR-PATTERN></c.NEXT-BENCHMARK>

<c.NEXT-BENCHMARK ID="77914028822411e6aced000c2973fc18">
  <g2:a.CONNECTION-VERTICES>
    <g2:Sequence>
      <rdf:li g2:type="Integer">-5</rdf:li>
      <rdf:li g2:type="Integer">0</rdf:li></g2:Sequence></g2:a.CONNECTION-VERTICES>
  <g2:a.CONNECTION-STYLE g2:type="Symbol">ORTHOGONAL</g2:a.CONNECTION-STYLE>
  <g2:a.CONNECTION-OUTPUT>
    <g2:Structure>
      <g2:sa.ITEM><c.BENCHMARK-TEST rdf:resource="#77914015822411e6aced000c2973fc18"/></g2:sa.ITEM>
      <g2:sa.SIDE g2:type="Symbol">TOP</g2:sa.SIDE>
      <g2:sa.POSITION g2:type="Integer">15</g2:sa.POSITION></g2:Structure></g2:a.CONNECTION-OUTPUT>
  <g2:a.CONNECTION-INPUT>
    <g2:Structure>
      <g2:sa.ITEM><c.BENCHMARK-TEST rdf:resource="#984eaa434fe411dfb1b4001641761fb2"/></g2:sa.ITEM>
      <g2:sa.SIDE g2:type="Symbol">BOTTOM</g2:sa.SIDE>
      <g2:sa.POSITION g2:type="Integer">15</g2:sa.POSITION>
      <g2:sa.PORT-NAME g2:type="Symbol">NEXT-TEST-PORT</g2:sa.PORT-NAME></g2:Structure></g2:a.CONNECTION-INPUT>
  <g2:a.FOLLOWING-ITEM-IN-WORKSPACE-LAYERING><c.NEXT-BENCHMARK rdf:resource="#400925fd76a911e69b45000c2973fc18"/></g2:a.FOLLOWING-ITEM-IN-WORKSPACE-LAYERING>
  <g2:a.ITEM-COLOR-PATTERN>
    <g2:Structure>
      <g2:sa.OUTLINE g2:type="Symbol">RED</g2:sa.OUTLINE>
      <g2:sa.INSIDE g2:type="Symbol">TURQUOISE</g2:sa.INSIDE></g2:Structure></g2:a.ITEM-COLOR-PATTERN></c.NEXT-BENCHMARK>

<c.NEXT-BENCHMARK ID="77914029822411e6aced000c2973fc18">
  <g2:a.CONNECTION-VERTICES>
    <g2:Sequence>
      <rdf:li g2:type="Integer">-5</rdf:li></g2:Sequence></g2:a.CONNECTION-VERTICES>
  <g2:a.CONNECTION-STYLE g2:type="Symbol">ORTHOGONAL</g2:a.CONNECTION-STYLE>
  <g2:a.CONNECTION-OUTPUT>
    <g2:Structure>
      <g2:sa.ITEM><g2:c.LOOSE-END rdf:resource="#7791401a822411e6aced000c2973fc18"/></g2:sa.ITEM>
      <g2:sa.SIDE g2:type="Symbol">TOP</g2:sa.SIDE>
      <g2:sa.POSITION g2:type="Integer">0</g2:sa.POSITION>
      <g2:sa.PORT-NAME g2:type="Symbol">STUB-CONNECTION</g2:sa.PORT-NAME></g2:Structure></g2:a.CONNECTION-OUTPUT>
  <g2:a.CONNECTION-INPUT>
    <g2:Structure>
      <g2:sa.ITEM><c.BENCHMARK-TEST rdf:resource="#77914015822411e6aced000c2973fc18"/></g2:sa.ITEM>
      <g2:sa.SIDE g2:type="Symbol">BOTTOM</g2:sa.SIDE>
      <g2:sa.POSITION g2:type="Integer">15</g2:sa.POSITION>
      <g2:sa.PORT-NAME g2:type="Symbol">NEXT-TEST-PORT</g2:sa.PORT-NAME></g2:Structure></g2:a.CONNECTION-INPUT>
  <g2:a.FOLLOWING-ITEM-IN-WORKSPACE-LAYERING><g2:c.LOOSE-END rdf:resource="#7791401a822411e6aced000c2973fc18"/></g2:a.FOLLOWING-ITEM-IN-WORKSPACE-LAYERING>
  <g2:a.ITEM-COLOR-PATTERN>
    <g2:Structure>
      <g2:sa.OUTLINE g2:type="Symbol">RED</g2:sa.OUTLINE>
      <g2:sa.INSIDE g2:type="Symbol">TURQUOISE</g2:sa.INSIDE></g2:Structure></g2:a.ITEM-COLOR-PATTERN></c.NEXT-BENCHMARK>

<c.NEXT-BENCHMARK ID="7791402a822411e6aced000c2973fc18">
  <g2:a.CONNECTION-VERTICES>
    <g2:Sequence>
      <rdf:li g2:type="Integer">-5</rdf:li></g2:Sequence></g2:a.CONNECTION-VERTICES>
  <g2:a.CONNECTION-STYLE g2:type="Symbol">ORTHOGONAL</g2:a.CONNECTION-STYLE>
  <g2:a.CONNECTION-OUTPUT>
    <g2:Structure>
      <g2:sa.ITEM><g2:c.LOOSE-END rdf:resource="#7791401b822411e6aced000c2973fc18"/></g2:sa.ITEM>
      <g2:sa.SIDE g2:type="Symbol">TOP</g2:sa.SIDE>
      <g2:sa.POSITION g2:type="Integer">0</g2:sa.POSITION>
      <g2:sa.PORT-NAME g2:type="Symbol">STUB-CONNECTION</g2:sa.PORT-NAME></g2:Structure></g2:a.CONNECTION-OUTPUT>
  <g2:a.CONNECTION-INPUT>
    <g2:Structure>
      <g2:sa.ITEM><c.START-FLOW rdf:resource="#ebd36ee04fde11dfb1b4001641761fb2"/></g2:sa.ITEM>
      <g2:sa.SIDE g2:type="Symbol">BOTTOM</g2:sa.SIDE>
      <g2:sa.POSITION g2:type="Integer">22</g2:sa.POSITION></g2:Structure></g2:a.CONNECTION-INPUT>
  <g2:a.FOLLOWING-ITEM-IN-WORKSPACE-LAYERING><c.NEXT-BENCHMARK rdf:resource="#0d533b70821c11e6aced000c2973fc18"/></g2:a.FOLLOWING-ITEM-IN-WORKSPACE-LAYERING>
  <g2:a.ITEM-COLOR-PATTERN>
    <g2:Structure>
      <g2:sa.OUTLINE g2:type="Symbol">RED</g2:sa.OUTLINE>
      <g2:sa.INSIDE g2:type="Symbol">TURQUOISE</g2:sa.INSIDE></g2:Structure></g2:a.ITEM-COLOR-PATTERN></c.NEXT-BENCHMARK>

<c.NEXT-BENCHMARK ID="7791402b822411e6aced000c2973fc18">
  <g2:a.CONNECTION-VERTICES>
    <g2:Sequence>
      <rdf:li g2:type="Integer">4</rdf:li></g2:Sequence></g2:a.CONNECTION-VERTICES>
  <g2:a.CONNECTION-STYLE g2:type="Symbol">ORTHOGONAL</g2:a.CONNECTION-STYLE>
  <g2:a.CONNECTION-OUTPUT>
    <g2:Structure>
      <g2:sa.ITEM><g2:c.LOOSE-END rdf:resource="#7791401c822411e6aced000c2973fc18"/></g2:sa.ITEM>
      <g2:sa.SIDE g2:type="Symbol">BOTTOM</g2:sa.SIDE>
      <g2:sa.POSITION g2:type="Integer">0</g2:sa.POSITION>
      <g2:sa.PORT-NAME g2:type="Symbol">STUB-CONNECTION</g2:sa.PORT-NAME></g2:Structure></g2:a.CONNECTION-OUTPUT>
  <g2:a.CONNECTION-INPUT>
    <g2:Structure>
      <g2:sa.ITEM><c.BENCHMARK-TEST rdf:resource="#984eaa1c4fe411dfb1b4001641761fb2"/></g2:sa.ITEM>
      <g2:sa.SIDE g2:type="Symbol">TOP</g2:sa.SIDE>
      <g2:sa.POSITION g2:type="Integer">16</g2:sa.POSITION></g2:Structure></g2:a.CONNECTION-INPUT>
  <g2:a.FOLLOWING-ITEM-IN-WORKSPACE-LAYERING><c.NEXT-BENCHMARK rdf:resource="#984eaa604fe411dfb1b4001641761fb2"/></g2:a.FOLLOWING-ITEM-IN-WORKSPACE-LAYERING>
  <g2:a.ITEM-COLOR-PATTERN>
    <g2:Structure>
      <g2:sa.OUTLINE g2:type="Symbol">RED</g2:sa.OUTLINE>
      <g2:sa.INSIDE g2:type="Symbol">TURQUOISE</g2:sa.INSIDE></g2:Structure></g2:a.ITEM-COLOR-PATTERN></c.NEXT-BENCHMARK>

<c.NEXT-BENCHMARK ID="7791402c822411e6aced000c2973fc18">
  <g2:a.CONNECTION-VERTICES>
    <g2:Sequence>
      <rdf:li g2:type="Integer">-111</rdf:li>
      <rdf:li g2:type="Integer">137</rdf:li>
      <rdf:li g2:type="Integer">367</rdf:li></g2:Sequence></g2:a.CONNECTION-VERTICES>
  <g2:a.CONNECTION-STYLE g2:type="Symbol">ORTHOGONAL</g2:a.CONNECTION-STYLE>
  <g2:a.CONNECTION-OUTPUT>
    <g2:Structure>
      <g2:sa.ITEM><c.BENCHMARK-TEST rdf:resource="#984eaa1c4fe411dfb1b4001641761fb2"/></g2:sa.ITEM>
      <g2:sa.SIDE g2:type="Symbol">TOP</g2:sa.SIDE>
      <g2:sa.POSITION g2:type="Integer">13</g2:sa.POSITION></g2:Structure></g2:a.CONNECTION-OUTPUT>
  <g2:a.CONNECTION-INPUT>
    <g2:Structure>
      <g2:sa.ITEM><c.BENCHMARK-TEST rdf:resource="#984eaa494fe411dfb1b4001641761fb2"/></g2:sa.ITEM>
      <g2:sa.SIDE g2:type="Symbol">BOTTOM</g2:sa.SIDE>
      <g2:sa.POSITION g2:type="Integer">15</g2:sa.POSITION>
      <g2:sa.PORT-NAME g2:type="Symbol">NEXT-TEST-PORT</g2:sa.PORT-NAME></g2:Structure></g2:a.CONNECTION-INPUT>
  <g2:a.FOLLOWING-ITEM-IN-WORKSPACE-LAYERING><c.BENCHMARK-TEST rdf:resource="#984eaa4f4fe411dfb1b4001641761fb2"/></g2:a.FOLLOWING-ITEM-IN-WORKSPACE-LAYERING>
  <g2:a.ITEM-COLOR-PATTERN>
    <g2:Structure>
      <g2:sa.OUTLINE g2:type="Symbol">RED</g2:sa.OUTLINE>
      <g2:sa.INSIDE g2:type="Symbol">TURQUOISE</g2:sa.INSIDE></g2:Structure></g2:a.ITEM-COLOR-PATTERN></c.NEXT-BENCHMARK>

<c.NEXT-BENCHMARK ID="7791402e822411e6aced000c2973fc18">
  <g2:a.CONNECTION-VERTICES>
    <g2:Sequence>
      <rdf:li g2:type="Integer">5</rdf:li>
      <rdf:li g2:type="Integer">1</rdf:li></g2:Sequence></g2:a.CONNECTION-VERTICES>
  <g2:a.CONNECTION-STYLE g2:type="Symbol">ORTHOGONAL</g2:a.CONNECTION-STYLE>
  <g2:a.CONNECTION-OUTPUT>
    <g2:Structure>
      <g2:sa.ITEM><c.START-FLOW rdf:resource="#ebd36ee04fde11dfb1b4001641761fb2"/></g2:sa.ITEM>
      <g2:sa.SIDE g2:type="Symbol">BOTTOM</g2:sa.SIDE>
      <g2:sa.POSITION g2:type="Integer">21</g2:sa.POSITION></g2:Structure></g2:a.CONNECTION-OUTPUT>
  <g2:a.CONNECTION-INPUT>
    <g2:Structure>
      <g2:sa.ITEM><c.BENCHMARK-TEST rdf:resource="#633a310e4fe211dfb1b4001641761fb2"/></g2:sa.ITEM>
      <g2:sa.SIDE g2:type="Symbol">TOP</g2:sa.SIDE>
      <g2:sa.POSITION g2:type="Integer">14</g2:sa.POSITION></g2:Structure></g2:a.CONNECTION-INPUT>
  <g2:a.FOLLOWING-ITEM-IN-WORKSPACE-LAYERING><c.BENCHMARK-TEST rdf:resource="#633a31164fe211dfb1b4001641761fb2"/></g2:a.FOLLOWING-ITEM-IN-WORKSPACE-LAYERING>
  <g2:a.ITEM-COLOR-PATTERN>
    <g2:Structure>
      <g2:sa.OUTLINE g2:type="Symbol">RED</g2:sa.OUTLINE>
      <g2:sa.INSIDE g2:type="Symbol">TURQUOISE</g2:sa.INSIDE></g2:Structure></g2:a.ITEM-COLOR-PATTERN></c.NEXT-BENCHMARK>

<g2:c.LOOSE-END ID="51f86bcd822611e6aced000c2973fc18">
  <g2:a.FOLLOWING-ITEM-IN-WORKSPACE-LAYERING><g2:c.LOOSE-END rdf:resource="#51f86bce822611e6aced000c2973fc18"/></g2:a.FOLLOWING-ITEM-IN-WORKSPACE-LAYERING>
  <g2:a.POSITION-IN-WORKSPACE>
    <g2:Structure>
      <g2:sa.X g2:type="Integer">699</g2:sa.X>
      <g2:sa.Y g2:type="Integer">-685</g2:sa.Y>
      <g2:sa.SUPERIOR><g2:c.KB-WORKSPACE rdf:resource="#ebd36edb4fde11dfb1b4001641761fb2"/></g2:sa.SUPERIOR></g2:Structure></g2:a.POSITION-IN-WORKSPACE></g2:c.LOOSE-END>

<g2:c.LOOSE-END ID="51f86bce822611e6aced000c2973fc18">
  <g2:a.FOLLOWING-ITEM-IN-WORKSPACE-LAYERING><g2:c.LOOSE-END rdf:resource="#77914004822411e6aced000c2973fc18"/></g2:a.FOLLOWING-ITEM-IN-WORKSPACE-LAYERING>
  <g2:a.POSITION-IN-WORKSPACE>
    <g2:Structure>
      <g2:sa.X g2:type="Integer">700</g2:sa.X>
      <g2:sa.Y g2:type="Integer">-768</g2:sa.Y>
      <g2:sa.SUPERIOR><g2:c.KB-WORKSPACE rdf:resource="#ebd36edb4fde11dfb1b4001641761fb2"/></g2:sa.SUPERIOR></g2:Structure></g2:a.POSITION-IN-WORKSPACE></g2:c.LOOSE-END>

<c.NEXT-BENCHMARK ID="51f86bcf822611e6aced000c2973fc18">
  <g2:a.CONNECTION-VERTICES>
    <g2:Sequence>
      <rdf:li g2:type="Integer">-5</rdf:li></g2:Sequence></g2:a.CONNECTION-VERTICES>
  <g2:a.CONNECTION-STYLE g2:type="Symbol">ORTHOGONAL</g2:a.CONNECTION-STYLE>
  <g2:a.CONNECTION-OUTPUT>
    <g2:Structure>
      <g2:sa.ITEM><g2:c.LOOSE-END rdf:resource="#51f86bcd822611e6aced000c2973fc18"/></g2:sa.ITEM>
      <g2:sa.SIDE g2:type="Symbol">TOP</g2:sa.SIDE>
      <g2:sa.POSITION g2:type="Integer">0</g2:sa.POSITION>
      <g2:sa.PORT-NAME g2:type="Symbol">STUB-CONNECTION</g2:sa.PORT-NAME></g2:Structure></g2:a.CONNECTION-OUTPUT>
  <g2:a.CONNECTION-INPUT>
    <g2:Structure>
      <g2:sa.ITEM><c.BENCHMARK-TEST rdf:resource="#f631a4444fe411dfb1b4001641761fb2"/></g2:sa.ITEM>
      <g2:sa.SIDE g2:type="Symbol">BOTTOM</g2:sa.SIDE>
      <g2:sa.POSITION g2:type="Integer">15</g2:sa.POSITION>
      <g2:sa.PORT-NAME g2:type="Symbol">NEXT-TEST-PORT</g2:sa.PORT-NAME></g2:Structure></g2:a.CONNECTION-INPUT>
  <g2:a.FOLLOWING-ITEM-IN-WORKSPACE-LAYERING><c.BENCHMARK-TEST rdf:resource="#f631a44a4fe411dfb1b4001641761fb2"/></g2:a.FOLLOWING-ITEM-IN-WORKSPACE-LAYERING>
  <g2:a.ITEM-COLOR-PATTERN>
    <g2:Structure>
      <g2:sa.OUTLINE g2:type="Symbol">RED</g2:sa.OUTLINE>
      <g2:sa.INSIDE g2:type="Symbol">TURQUOISE</g2:sa.INSIDE></g2:Structure></g2:a.ITEM-COLOR-PATTERN></c.NEXT-BENCHMARK>

<c.NEXT-BENCHMARK ID="51f86bd0822611e6aced000c2973fc18">
  <g2:a.CONNECTION-VERTICES>
    <g2:Sequence>
      <rdf:li g2:type="Integer">-5</rdf:li></g2:Sequence></g2:a.CONNECTION-VERTICES>
  <g2:a.CONNECTION-STYLE g2:type="Symbol">ORTHOGONAL</g2:a.CONNECTION-STYLE>
  <g2:a.CONNECTION-OUTPUT>
    <g2:Structure>
      <g2:sa.ITEM><g2:c.LOOSE-END rdf:resource="#51f86bce822611e6aced000c2973fc18"/></g2:sa.ITEM>
      <g2:sa.SIDE g2:type="Symbol">TOP</g2:sa.SIDE>
      <g2:sa.POSITION g2:type="Integer">0</g2:sa.POSITION>
      <g2:sa.PORT-NAME g2:type="Symbol">STUB-CONNECTION</g2:sa.PORT-NAME></g2:Structure></g2:a.CONNECTION-OUTPUT>
  <g2:a.CONNECTION-INPUT>
    <g2:Structure>
      <g2:sa.ITEM><c.BENCHMARK-TEST rdf:resource="#f631a43d4fe411dfb1b4001641761fb2"/></g2:sa.ITEM>
      <g2:sa.SIDE g2:type="Symbol">BOTTOM</g2:sa.SIDE>
      <g2:sa.POSITION g2:type="Integer">15</g2:sa.POSITION>
      <g2:sa.PORT-NAME g2:type="Symbol">NEXT-TEST-PORT</g2:sa.PORT-NAME></g2:Structure></g2:a.CONNECTION-INPUT>
  <g2:a.FOLLOWING-ITEM-IN-WORKSPACE-LAYERING><c.NEXT-BENCHMARK rdf:resource="#51f86bd2822611e6aced000c2973fc18"/></g2:a.FOLLOWING-ITEM-IN-WORKSPACE-LAYERING>
  <g2:a.ITEM-COLOR-PATTERN>
    <g2:Structure>
      <g2:sa.OUTLINE g2:type="Symbol">RED</g2:sa.OUTLINE>
      <g2:sa.INSIDE g2:type="Symbol">TURQUOISE</g2:sa.INSIDE></g2:Structure></g2:a.ITEM-COLOR-PATTERN></c.NEXT-BENCHMARK>

<c.NEXT-BENCHMARK ID="51f86bd1822611e6aced000c2973fc18">
  <g2:a.CONNECTION-VERTICES g2:type="Sequence"></g2:a.CONNECTION-VERTICES>
  <g2:a.CONNECTION-STYLE g2:type="Symbol">ORTHOGONAL</g2:a.CONNECTION-STYLE>
  <g2:a.CONNECTION-OUTPUT>
    <g2:Structure>
      <g2:sa.ITEM><c.BENCHMARK-TEST rdf:resource="#f631a43d4fe411dfb1b4001641761fb2"/></g2:sa.ITEM>
      <g2:sa.SIDE g2:type="Symbol">BOTTOM</g2:sa.SIDE>
      <g2:sa.POSITION g2:type="Integer">12</g2:sa.POSITION></g2:Structure></g2:a.CONNECTION-OUTPUT>
  <g2:a.CONNECTION-INPUT>
    <g2:Structure>
      <g2:sa.ITEM><c.BENCHMARK-TEST rdf:resource="#f631a44a4fe411dfb1b4001641761fb2"/></g2:sa.ITEM>
      <g2:sa.SIDE g2:type="Symbol">TOP</g2:sa.SIDE>
      <g2:sa.POSITION g2:type="Integer">15</g2:sa.POSITION></g2:Structure></g2:a.CONNECTION-INPUT>
  <g2:a.FOLLOWING-ITEM-IN-WORKSPACE-LAYERING><c.BENCHMARK-TEST rdf:resource="#984eaa1c4fe411dfb1b4001641761fb2"/></g2:a.FOLLOWING-ITEM-IN-WORKSPACE-LAYERING>
  <g2:a.ITEM-COLOR-PATTERN>
    <g2:Structure>
      <g2:sa.OUTLINE g2:type="Symbol">RED</g2:sa.OUTLINE>
      <g2:sa.INSIDE g2:type="Symbol">TURQUOISE</g2:sa.INSIDE></g2:Structure></g2:a.ITEM-COLOR-PATTERN></c.NEXT-BENCHMARK>

<c.NEXT-BENCHMARK ID="51f86bd2822611e6aced000c2973fc18">
  <g2:a.CONNECTION-VERTICES>
    <g2:Sequence>
      <rdf:li g2:type="Integer">5</rdf:li>
      <rdf:li g2:type="Integer">2</rdf:li></g2:Sequence></g2:a.CONNECTION-VERTICES>
  <g2:a.CONNECTION-STYLE g2:type="Symbol">ORTHOGONAL</g2:a.CONNECTION-STYLE>
  <g2:a.CONNECTION-OUTPUT>
    <g2:Structure>
      <g2:sa.ITEM><c.BENCHMARK-TEST rdf:resource="#f631a4444fe411dfb1b4001641761fb2"/></g2:sa.ITEM>
      <g2:sa.SIDE g2:type="Symbol">BOTTOM</g2:sa.SIDE>
      <g2:sa.POSITION g2:type="Integer">18</g2:sa.POSITION></g2:Structure></g2:a.CONNECTION-OUTPUT>
  <g2:a.CONNECTION-INPUT>
    <g2:Structure>
      <g2:sa.ITEM><c.BENCHMARK-TEST rdf:resource="#f631a43d4fe411dfb1b4001641761fb2"/></g2:sa.ITEM>
      <g2:sa.SIDE g2:type="Symbol">TOP</g2:sa.SIDE>
      <g2:sa.POSITION g2:type="Integer">15</g2:sa.POSITION></g2:Structure></g2:a.CONNECTION-INPUT>
  <g2:a.FOLLOWING-ITEM-IN-WORKSPACE-LAYERING><c.BENCHMARK-TEST rdf:resource="#f631a4444fe411dfb1b4001641761fb2"/></g2:a.FOLLOWING-ITEM-IN-WORKSPACE-LAYERING>
  <g2:a.ITEM-COLOR-PATTERN>
    <g2:Structure>
      <g2:sa.OUTLINE g2:type="Symbol">RED</g2:sa.OUTLINE>
      <g2:sa.INSIDE g2:type="Symbol">TURQUOISE</g2:sa.INSIDE></g2:Structure></g2:a.ITEM-COLOR-PATTERN></c.NEXT-BENCHMARK>

<g2:c.LOOSE-END ID="60600174839011e68068000c2973fc18">
  <g2:a.FOLLOWING-ITEM-IN-WORKSPACE-LAYERING><g2:c.LOOSE-END rdf:resource="#51f86bcd822611e6aced000c2973fc18"/></g2:a.FOLLOWING-ITEM-IN-WORKSPACE-LAYERING>
  <g2:a.POSITION-IN-WORKSPACE>
    <g2:Structure>
      <g2:sa.X g2:type="Integer">962</g2:sa.X>
      <g2:sa.Y g2:type="Integer">-321</g2:sa.Y>
      <g2:sa.SUPERIOR><g2:c.KB-WORKSPACE rdf:resource="#ebd36edb4fde11dfb1b4001641761fb2"/></g2:sa.SUPERIOR></g2:Structure></g2:a.POSITION-IN-WORKSPACE></g2:c.LOOSE-END>

<c.NEXT-BENCHMARK ID="60600176839011e68068000c2973fc18">
  <g2:a.CONNECTION-VERTICES>
    <g2:Sequence>
      <rdf:li g2:type="Integer">4</rdf:li></g2:Sequence></g2:a.CONNECTION-VERTICES>
  <g2:a.CONNECTION-STYLE g2:type="Symbol">ORTHOGONAL</g2:a.CONNECTION-STYLE>
  <g2:a.CONNECTION-OUTPUT>
    <g2:Structure>
      <g2:sa.ITEM><g2:c.LOOSE-END rdf:resource="#60600174839011e68068000c2973fc18"/></g2:sa.ITEM>
      <g2:sa.SIDE g2:type="Symbol">BOTTOM</g2:sa.SIDE>
      <g2:sa.POSITION g2:type="Integer">0</g2:sa.POSITION>
      <g2:sa.PORT-NAME g2:type="Symbol">STUB-CONNECTION</g2:sa.PORT-NAME></g2:Structure></g2:a.CONNECTION-OUTPUT>
  <g2:a.CONNECTION-INPUT>
    <g2:Structure>
      <g2:sa.ITEM><c.END-FLOW rdf:resource="#ebd36edc4fde11dfb1b4001641761fb2"/></g2:sa.ITEM>
      <g2:sa.SIDE g2:type="Symbol">TOP</g2:sa.SIDE>
      <g2:sa.POSITION g2:type="Integer">20</g2:sa.POSITION></g2:Structure></g2:a.CONNECTION-INPUT>
  <g2:a.FOLLOWING-ITEM-IN-WORKSPACE-LAYERING><c.START-FLOW rdf:resource="#ebd36ee04fde11dfb1b4001641761fb2"/></g2:a.FOLLOWING-ITEM-IN-WORKSPACE-LAYERING>
  <g2:a.ITEM-COLOR-PATTERN>
    <g2:Structure>
      <g2:sa.OUTLINE g2:type="Symbol">RED</g2:sa.OUTLINE>
      <g2:sa.INSIDE g2:type="Symbol">TURQUOISE</g2:sa.INSIDE></g2:Structure></g2:a.ITEM-COLOR-PATTERN></c.NEXT-BENCHMARK>

<c.NEXT-BENCHMARK ID="60600177839011e68068000c2973fc18">
  <g2:a.CONNECTION-VERTICES>
    <g2:Sequence>
      <rdf:li g2:type="Integer">-5</rdf:li>
      <rdf:li g2:type="Integer">0</rdf:li></g2:Sequence></g2:a.CONNECTION-VERTICES>
  <g2:a.CONNECTION-STYLE g2:type="Symbol">ORTHOGONAL</g2:a.CONNECTION-STYLE>
  <g2:a.CONNECTION-OUTPUT>
    <g2:Structure>
      <g2:sa.ITEM><c.END-FLOW rdf:resource="#ebd36edc4fde11dfb1b4001641761fb2"/></g2:sa.ITEM>
      <g2:sa.SIDE g2:type="Symbol">TOP</g2:sa.SIDE>
      <g2:sa.POSITION g2:type="Integer">20</g2:sa.POSITION></g2:Structure></g2:a.CONNECTION-OUTPUT>
  <g2:a.CONNECTION-INPUT>
    <g2:Structure>
      <g2:sa.ITEM><c.BENCHMARK-TEST rdf:resource="#77914005822411e6aced000c2973fc18"/></g2:sa.ITEM>
      <g2:sa.SIDE g2:type="Symbol">BOTTOM</g2:sa.SIDE>
      <g2:sa.POSITION g2:type="Integer">15</g2:sa.POSITION>
      <g2:sa.PORT-NAME g2:type="Symbol">NEXT-TEST-PORT</g2:sa.PORT-NAME></g2:Structure></g2:a.CONNECTION-INPUT>
  <g2:a.FOLLOWING-ITEM-IN-WORKSPACE-LAYERING><g2:c.LOOSE-END rdf:resource="#7791400b822411e6aced000c2973fc18"/></g2:a.FOLLOWING-ITEM-IN-WORKSPACE-LAYERING>
  <g2:a.ITEM-COLOR-PATTERN>
    <g2:Structure>
      <g2:sa.OUTLINE g2:type="Symbol">RED</g2:sa.OUTLINE>
      <g2:sa.INSIDE g2:type="Symbol">TURQUOISE</g2:sa.INSIDE></g2:Structure></g2:a.ITEM-COLOR-PATTERN></c.NEXT-BENCHMARK>

<g2:c.KB-WORKSPACE ID="8b014715769211e69b45000c2973fc18">
  <g2:a.MODULE-ASSIGNMENT g2:type="Symbol">TEST-GNNE</g2:a.MODULE-ASSIGNMENT>
  <g2:a.DEFAULT-WINDOW-POSITION-AND-SCALE>
    <g2:Structure>
      <g2:sa.X g2:type="Integer">506</g2:sa.X>
      <g2:sa.Y g2:type="Integer">366</g2:sa.Y></g2:Structure></g2:a.DEFAULT-WINDOW-POSITION-AND-SCALE>
  <g2:a.EDGES-OF-WORKSPACE>
    <g2:Structure>
      <g2:sa.LEFT g2:type="Integer">-75</g2:sa.LEFT>
      <g2:sa.TOP g2:type="Integer">30</g2:sa.TOP>
      <g2:sa.RIGHT g2:type="Integer">175</g2:sa.RIGHT>
      <g2:sa.BOTTOM g2:type="Integer">-166</g2:sa.BOTTOM></g2:Structure></g2:a.EDGES-OF-WORKSPACE></g2:c.KB-WORKSPACE>

<c.GFR-PUBLIC-BIN ID="8b014716769211e69b45000c2973fc18">
  <g2:a.NAMES g2:type="Symbol">TEST-GNNE-PUBLIC-BIN</g2:a.NAMES>
  <g2:a.ICON-VARIABLES>
    <g2:Structure>
      <g2:sa.WIDTH g2:type="Integer">100</g2:sa.WIDTH>
      <g2:sa.HEIGHT g2:type="Integer">100</g2:sa.HEIGHT></g2:Structure></g2:a.ICON-VARIABLES>
  <g2:a.POSITION-IN-WORKSPACE>
    <g2:Structure>
      <g2:sa.X g2:type="Integer">50</g2:sa.X>
      <g2:sa.Y g2:type="Integer">-50</g2:sa.Y>
      <g2:sa.SUPERIOR><g2:c.KB-WORKSPACE rdf:resource="#8b014715769211e69b45000c2973fc18"/></g2:sa.SUPERIOR></g2:Structure></g2:a.POSITION-IN-WORKSPACE>
  <g2:a.SIZE-IN-WORKSPACE>
    <g2:Structure>
      <g2:sa.WIDTH g2:type="Integer">100</g2:sa.WIDTH>
      <g2:sa.HEIGHT g2:type="Integer">100</g2:sa.HEIGHT></g2:Structure></g2:a.SIZE-IN-WORKSPACE>
  <g2:a.NAME-BOX>
    <g2:Structure>
      <g2:sa.COLOR>
        <g2:Structure>
          <g2:sa.BACKGROUND-COLOR g2:type="Symbol">TRANSPARENT</g2:sa.BACKGROUND-COLOR>
          <g2:sa.TEXT-COLOR g2:type="Symbol">FOREGROUND</g2:sa.TEXT-COLOR></g2:Structure></g2:sa.COLOR>
      <g2:sa.POSITION>
        <g2:Structure>
          <g2:sa.X-OFFSET g2:type="Integer">-95</g2:sa.X-OFFSET>
          <g2:sa.Y-OFFSET g2:type="Integer">-54</g2:sa.Y-OFFSET></g2:Structure></g2:sa.POSITION></g2:Structure></g2:a.NAME-BOX></c.GFR-PUBLIC-BIN>

<g2:c.KB-WORKSPACE ID="8b014718769211e69b45000c2973fc18">
  <g2:a.BACKGROUND-IMAGES>
    <g2:Sequence>
      <rdf:li>
      <g2:Structure>
        <g2:sa.IMAGE-NAME g2:type="Symbol">GFR-BIN-BACKGROUND</g2:sa.IMAGE-NAME>
        <g2:sa.POINT>
          <g2:Structure>
            <g2:sa.X g2:type="Integer">0</g2:sa.X>
            <g2:sa.Y g2:type="Integer">0</g2:sa.Y></g2:Structure></g2:sa.POINT>
        <g2:sa.TILED g2:type="TruthValue">false</g2:sa.TILED></g2:Structure></rdf:li></g2:Sequence></g2:a.BACKGROUND-IMAGES>
  <g2:a.FRAME-STYLE g2:type="Symbol">_GFR-DEFAULT-CONFIRM-FRAME-STYLE</g2:a.FRAME-STYLE>
  <g2:a.DEFAULT-WINDOW-POSITION-AND-SCALE>
    <g2:Structure>
      <g2:sa.X g2:type="Integer">160</g2:sa.X>
      <g2:sa.Y g2:type="Integer">904</g2:sa.Y></g2:Structure></g2:a.DEFAULT-WINDOW-POSITION-AND-SCALE>
  <g2:a.EDGES-OF-WORKSPACE>
    <g2:Structure>
      <g2:sa.LEFT g2:type="Integer">-494</g2:sa.LEFT>
      <g2:sa.TOP g2:type="Integer">543</g2:sa.TOP>
      <g2:sa.RIGHT g2:type="Integer">576</g2:sa.RIGHT>
      <g2:sa.BOTTOM g2:type="Integer">-525</g2:sa.BOTTOM></g2:Structure></g2:a.EDGES-OF-WORKSPACE>
  <g2:a.PARENT-OF-SUBWORKSPACE><c.GFR-PUBLIC-BIN rdf:resource="#8b014716769211e69b45000c2973fc18"/></g2:a.PARENT-OF-SUBWORKSPACE></g2:c.KB-WORKSPACE>

<c.GFR-VERSION-INFORMATION-OBJECT ID="31eabe1676a011e69b45000c2973fc18">
  <g2:a.ITEM-CONFIGURATION>
    <g2:Sequence>
      <rdf:li>
      <g2:Structure>
        <g2:sa.TYPE g2:type="Symbol">RESTRICT-PROPRIETARY-ITEMS</g2:sa.TYPE>
        <g2:sa.CLAUSES>
          <g2:Sequence>
            <rdf:li>
            <g2:Structure>
              <g2:sa.OPERATION-TYPE g2:type="Symbol">TABLE-MENU</g2:sa.OPERATION-TYPE>
              <g2:sa.RESTRICTION-TYPE g2:type="Symbol">INCLUDE</g2:sa.RESTRICTION-TYPE>
              <g2:sa.MENU-CHOICES>
                <g2:Sequence>
                  <rdf:li g2:type="Symbol">TABLE</rdf:li>
                  <rdf:li g2:type="Symbol">GO-TO-ORIGINAL</rdf:li></g2:Sequence></g2:sa.MENU-CHOICES>
              <g2:sa.APPLICABLE-ATTRIBUTES g2:type="Sequence"></g2:sa.APPLICABLE-ATTRIBUTES>
              <g2:sa.APPLICABLE-ITEMS>
                <g2:Sequence>
                  <rdf:li g2:type="Symbol">GFR-VERSION-INFORMATION-OBJECT</rdf:li></g2:Sequence></g2:sa.APPLICABLE-ITEMS></g2:Structure></rdf:li>
            <rdf:li>
            <g2:Structure>
              <g2:sa.OPERATION-TYPE g2:type="Symbol">ITEM-MENU</g2:sa.OPERATION-TYPE>
              <g2:sa.RESTRICTION-TYPE g2:type="Symbol">EXCLUDE-ADDITIONALLY</g2:sa.RESTRICTION-TYPE>
              <g2:sa.MENU-CHOICES>
                <g2:Sequence>
                  <rdf:li g2:type="Symbol">TRANSFER</rdf:li>
                  <rdf:li g2:type="Symbol">NAME</rdf:li>
                  <rdf:li g2:type="Symbol">CLONE</rdf:li>
                  <rdf:li g2:type="Symbol">ROTATE-REFLECT</rdf:li>
                  <rdf:li g2:type="Symbol">CHANGE-SIZE</rdf:li>
                  <rdf:li g2:type="Symbol">COLOR</rdf:li>
                  <rdf:li g2:type="Symbol">DELETE</rdf:li>
                  <rdf:li g2:type="Symbol">LIFT-TO-TOP</rdf:li>
                  <rdf:li g2:type="Symbol">DROP-TO-BOTTOM</rdf:li>
                  <rdf:li g2:type="Symbol">DISABLE</rdf:li>
                  <rdf:li g2:type="Symbol">DESCRIBE</rdf:li>
                  <rdf:li g2:type="Symbol">DESCRIBE-CONFIGURATION</rdf:li>
                  <rdf:li g2:type="Symbol">CREATE-SUBWORKSPACE</rdf:li>
                  <rdf:li g2:type="Symbol">MOVE</rdf:li>
                  <rdf:li g2:type="Symbol">GO-TO-SUBWORKSPACE</rdf:li></g2:Sequence></g2:sa.MENU-CHOICES>
              <g2:sa.APPLICABLE-ITEMS>
                <g2:Sequence>
                  <rdf:li g2:type="Symbol">GFR-VERSION-INFORMATION-OBJECT</rdf:li></g2:Sequence></g2:sa.APPLICABLE-ITEMS></g2:Structure></rdf:li></g2:Sequence></g2:sa.CLAUSES></g2:Structure></rdf:li>
      <rdf:li>
      <g2:Structure>
        <g2:sa.TYPE g2:type="Symbol">CONFIGURE-USER-INTERFACE</g2:sa.TYPE>
        <g2:sa.CLAUSES>
          <g2:Sequence>
            <rdf:li>
            <g2:Structure>
              <g2:sa.APPLICABLE-USER-MODES>
                <g2:Structure>
                  <g2:sa.NEGATIVE g2:type="TruthValue">true</g2:sa.NEGATIVE>
                  <g2:sa.MODES>
                    <g2:Sequence>
                      <rdf:li g2:type="Symbol">ADMINISTRATOR</rdf:li></g2:Sequence></g2:sa.MODES></g2:Structure></g2:sa.APPLICABLE-USER-MODES>
              <g2:sa.STATEMENTS>
                <g2:Sequence>
                  <rdf:li>
                  <g2:Structure>
                    <g2:sa.OPERATION-TYPE g2:type="Symbol">TABLE-MENU</g2:sa.OPERATION-TYPE>
                    <g2:sa.RESTRICTION-TYPE g2:type="Symbol">INCLUDE</g2:sa.RESTRICTION-TYPE>
                    <g2:sa.MENU-CHOICES>
                      <g2:Sequence>
                        <rdf:li g2:type="Symbol">TABLE</rdf:li>
                        <rdf:li g2:type="Symbol">GO-TO-ORIGINAL</rdf:li></g2:Sequence></g2:sa.MENU-CHOICES>
                    <g2:sa.APPLICABLE-ATTRIBUTES g2:type="Sequence"></g2:sa.APPLICABLE-ATTRIBUTES>
                    <g2:sa.APPLICABLE-ITEMS>
                      <g2:Sequence>
                        <rdf:li g2:type="Symbol">GFR-VERSION-INFORMATION-OBJECT</rdf:li></g2:Sequence></g2:sa.APPLICABLE-ITEMS></g2:Structure></rdf:li>
                  <rdf:li>
                  <g2:Structure>
                    <g2:sa.OPERATION-TYPE g2:type="Symbol">ITEM-MENU</g2:sa.OPERATION-TYPE>
                    <g2:sa.RESTRICTION-TYPE g2:type="Symbol">EXCLUDE-ADDITIONALLY</g2:sa.RESTRICTION-TYPE>
                    <g2:sa.MENU-CHOICES>
                      <g2:Sequence>
                        <rdf:li g2:type="Symbol">TRANSFER</rdf:li>
                        <rdf:li g2:type="Symbol">NAME</rdf:li>
                        <rdf:li g2:type="Symbol">CLONE</rdf:li>
                        <rdf:li g2:type="Symbol">ROTATE-REFLECT</rdf:li>
                        <rdf:li g2:type="Symbol">CHANGE-SIZE</rdf:li>
                        <rdf:li g2:type="Symbol">COLOR</rdf:li>
                        <rdf:li g2:type="Symbol">DELETE</rdf:li>
                        <rdf:li g2:type="Symbol">LIFT-TO-TOP</rdf:li>
                        <rdf:li g2:type="Symbol">DROP-TO-BOTTOM</rdf:li>
                        <rdf:li g2:type="Symbol">DISABLE</rdf:li>
                        <rdf:li g2:type="Symbol">DESCRIBE</rdf:li>
                        <rdf:li g2:type="Symbol">DESCRIBE-CONFIGURATION</rdf:li>
                        <rdf:li g2:type="Symbol">CREATE-SUBWORKSPACE</rdf:li>
                        <rdf:li g2:type="Symbol">MOVE</rdf:li>
                        <rdf:li g2:type="Symbol">GO-TO-SUBWORKSPACE</rdf:li></g2:Sequence></g2:sa.MENU-CHOICES>
                    <g2:sa.APPLICABLE-ITEMS>
                      <g2:Sequence>
                        <rdf:li g2:type="Symbol">GFR-VERSION-INFORMATION-OBJECT</rdf:li></g2:Sequence></g2:sa.APPLICABLE-ITEMS></g2:Structure></rdf:li></g2:Sequence></g2:sa.STATEMENTS></g2:Structure></rdf:li></g2:Sequence></g2:sa.CLAUSES></g2:Structure></rdf:li></g2:Sequence></g2:a.ITEM-CONFIGURATION>
  <ua.GFR-MODULE-NAME g2:type="Symbol">TEST-GNNE</ua.GFR-MODULE-NAME>
  <ua.GFR-PACKAGE-NAME g2:type="Text"></ua.GFR-PACKAGE-NAME>
  <ua.GFR-VERSION-DESCRIPTION g2:type="Text"></ua.GFR-VERSION-DESCRIPTION>
  <ua.GFR-MINIMUM-G2-VERSION g2:type="Text">8.0 Rev. 0</ua.GFR-MINIMUM-G2-VERSION>
  <ua.GFR-VERSION-NUMBER g2:type="Integer" g2:unit="NUMBER">0</ua.GFR-VERSION-NUMBER>
  <ua.GFR-OLDEST-COMPATIBLE-VERSION g2:type="Integer" g2:unit="NUMBER">0</ua.GFR-OLDEST-COMPATIBLE-VERSION>
  <ua.GFR-COPYRIGHT-INFORMATION g2:type="Text"></ua.GFR-COPYRIGHT-INFORMATION>
  <ua.GFR-BUILD-INFORMATION g2:type="Text"></ua.GFR-BUILD-INFORMATION>
  <ua._GFR-SUPPORTING-MODULES>
    <c.GFR-PERMANENT-SYMBOL-LIST ID="31eabe1876a011e69b45000c2973fc18">
      <g2:a.G2-LIST-SEQUENCE>
        <g2:Sequence>
          <rdf:li g2:type="Symbol">TSDRIVER</rdf:li>
          <rdf:li g2:type="Symbol">FILE-IO-MODULE</rdf:li>
          <rdf:li g2:type="Symbol">GNNE-DEMO</rdf:li>
          <rdf:li g2:type="Symbol">GDPM</rdf:li>
          <rdf:li g2:type="Symbol">GDSM-PI</rdf:li>
          <rdf:li g2:type="Symbol">G2-PI</rdf:li>
          <rdf:li g2:type="Symbol">GDSM-OPC</rdf:li>
          <rdf:li g2:type="Symbol">LAUNCH</rdf:li>
          <rdf:li g2:type="Symbol">GEDP</rdf:li>
          <rdf:li g2:type="Symbol">GEVM</rdf:li>
          <rdf:li g2:type="Symbol">GDSM-JMS</rdf:li>
          <rdf:li g2:type="Symbol">JMS</rdf:li>
          <rdf:li g2:type="Symbol">GDSM-JMAIL</rdf:li>
          <rdf:li g2:type="Symbol">JMAIL</rdf:li>
          <rdf:li g2:type="Symbol">GQSVIEWS</rdf:li>
          <rdf:li g2:type="Symbol">GQSUI</rdf:li>
          <rdf:li g2:type="Symbol">GQS</rdf:li>
          <rdf:li g2:type="Symbol">GLF</rdf:li>
          <rdf:li g2:type="Symbol">GENS</rdf:li>
          <rdf:li g2:type="Symbol">GNNE</rdf:li>
          <rdf:li g2:type="Symbol">GRPE</rdf:li>
          <rdf:li g2:type="Symbol">GDSM-WEB</rdf:li>
          <rdf:li g2:type="Symbol">GWEB</rdf:li>
          <rdf:li g2:type="Symbol">G2WEB</rdf:li>
          <rdf:li g2:type="Symbol">GDSM-DB</rdf:li>
          <rdf:li g2:type="Symbol">G2-DATABASE</rdf:li>
          <rdf:li g2:type="Symbol">GDSM</rdf:li>
          <rdf:li g2:type="Symbol">G2COM</rdf:li>
          <rdf:li g2:type="Symbol">NOLSTUDIO</rdf:li>
          <rdf:li g2:type="Symbol">NOLSPACK</rdf:li>
          <rdf:li g2:type="Symbol">JAVA-MODULE</rdf:li>
          <rdf:li g2:type="Symbol">JAVALINK</rdf:li>
          <rdf:li g2:type="Symbol">GRTL</rdf:li>
          <rdf:li g2:type="Symbol">G2UIMENU</rdf:li>
          <rdf:li g2:type="Symbol">GOLDUI</rdf:li>
          <rdf:li g2:type="Symbol">GOLD</rdf:li>
          <rdf:li g2:type="Symbol">GDU</rdf:li>
          <rdf:li g2:type="Symbol">G2UIFILE</rdf:li>
          <rdf:li g2:type="Symbol">UIL</rdf:li>
          <rdf:li g2:type="Symbol">UILCOMBO</rdf:li>
          <rdf:li g2:type="Symbol">UILTDLG</rdf:li>
          <rdf:li g2:type="Symbol">UILSLIDE</rdf:li>
          <rdf:li g2:type="Symbol">UILSA</rdf:li>
          <rdf:li g2:type="Symbol">UILLIB</rdf:li>
          <rdf:li g2:type="Symbol">UILDEFS</rdf:li>
          <rdf:li g2:type="Symbol">GRTL-ICONS</rdf:li>
          <rdf:li g2:type="Symbol">GMS</rdf:li>
          <rdf:li g2:type="Symbol">GRTL-UTILS</rdf:li>
          <rdf:li g2:type="Symbol">GERR</rdf:li>
          <rdf:li g2:type="Symbol">GXL</rdf:li>
          <rdf:li g2:type="Symbol">GFR</rdf:li>
          <rdf:li g2:type="Symbol">PROTOOLS</rdf:li>
          <rdf:li g2:type="Symbol">PTROOT</rdf:li>
          <rdf:li g2:type="Symbol">SYS-MOD</rdf:li>
          <rdf:li g2:type="Symbol">UILROOT</rdf:li></g2:Sequence></g2:a.G2-LIST-SEQUENCE>
      <g2:a.ICON-VARIABLES>
        <g2:Structure>
          <g2:sa.WIDTH g2:type="Integer">50</g2:sa.WIDTH>
          <g2:sa.HEIGHT g2:type="Integer">50</g2:sa.HEIGHT></g2:Structure></g2:a.ICON-VARIABLES></c.GFR-PERMANENT-SYMBOL-LIST></ua._GFR-SUPPORTING-MODULES>
  <ua._GFR-SUPPORTING-MODULE-VERSION-STRINGS>
    <c.GFR-PERMANENT-TEXT-LIST ID="31eabe1976a011e69b45000c2973fc18">
      <g2:a.G2-LIST-SEQUENCE>
        <g2:Sequence>
          <rdf:li g2:type="Text"></rdf:li>
          <rdf:li g2:type="Text"></rdf:li>
          <rdf:li g2:type="Text">5.0 Rev. 0</rdf:li>
          <rdf:li g2:type="Text">2.3 Alpha Rev. 0</rdf:li>
          <rdf:li g2:type="Text">2.4 Alpha Rev. 0</rdf:li>
          <rdf:li g2:type="Text"></rdf:li>
          <rdf:li g2:type="Text">2.4 Alpha Rev. 0</rdf:li>
          <rdf:li g2:type="Text"></rdf:li>
          <rdf:li g2:type="Text">2.3 Alpha Rev. 1</rdf:li>
          <rdf:li g2:type="Text">2.4 Alpha Rev. 0</rdf:li>
          <rdf:li g2:type="Text">2.4 Alpha Rev. 0</rdf:li>
          <rdf:li g2:type="Text">2.4 Alpha Rev. 0</rdf:li>
          <rdf:li g2:type="Text">2.4 Alpha Rev. 0</rdf:li>
          <rdf:li g2:type="Text">2.4 Alpha Rev. 0</rdf:li>
          <rdf:li g2:type="Text">8.4 Alpha Rev. 0</rdf:li>
          <rdf:li g2:type="Text">8.4 Alpha Rev. 0</rdf:li>
          <rdf:li g2:type="Text">8.4 Alpha Rev. 0</rdf:li>
          <rdf:li g2:type="Text">8.4 Alpha Rev. 0</rdf:li>
          <rdf:li g2:type="Text">8.4 Alpha Rev. 0</rdf:li>
          <rdf:li g2:type="Text">5.0 Rev 0</rdf:li>
          <rdf:li g2:type="Text">2.4 Alpha Rev. 0</rdf:li>
          <rdf:li g2:type="Text">2.4 Alpha Rev. 0</rdf:li>
          <rdf:li g2:type="Text">2.4 Alpha Rev. 0</rdf:li>
          <rdf:li g2:type="Text"></rdf:li>
          <rdf:li g2:type="Text">2.4 Alpha Rev. 0</rdf:li>
          <rdf:li g2:type="Text"></rdf:li>
          <rdf:li g2:type="Text">2.4 Alpha Rev. 0</rdf:li>
          <rdf:li g2:type="Text"></rdf:li>
          <rdf:li g2:type="Text">5.1 Rev. 0</rdf:li>
          <rdf:li g2:type="Text"></rdf:li>
          <rdf:li g2:type="Text"></rdf:li>
          <rdf:li g2:type="Text"></rdf:li>
          <rdf:li g2:type="Text">2.4 Alpha Rev. 0</rdf:li>
          <rdf:li g2:type="Text">2011</rdf:li>
          <rdf:li g2:type="Text">2011</rdf:li>
          <rdf:li g2:type="Text">2011</rdf:li>
          <rdf:li g2:type="Text">2.4 Alpha Rev. 0</rdf:li>
          <rdf:li g2:type="Text">2011</rdf:li>
          <rdf:li g2:type="Text">2011</rdf:li>
          <rdf:li g2:type="Text">2011</rdf:li>
          <rdf:li g2:type="Text">2011</rdf:li>
          <rdf:li g2:type="Text">2011</rdf:li>
          <rdf:li g2:type="Text">2011</rdf:li>
          <rdf:li g2:type="Text">2011</rdf:li>
          <rdf:li g2:type="Text">2011</rdf:li>
          <rdf:li g2:type="Text">2.4 Alpha Rev. 0</rdf:li>
          <rdf:li g2:type="Text">2011</rdf:li>
          <rdf:li g2:type="Text">2.4 Alpha Rev. 0</rdf:li>
          <rdf:li g2:type="Text">2.4 Alpha Rev. 0</rdf:li>
          <rdf:li g2:type="Text">2011</rdf:li>
          <rdf:li g2:type="Text">2011</rdf:li>
          <rdf:li g2:type="Text"></rdf:li>
          <rdf:li g2:type="Text"></rdf:li>
          <rdf:li g2:type="Text"></rdf:li>
          <rdf:li g2:type="Text"></rdf:li></g2:Sequence></g2:a.G2-LIST-SEQUENCE>
      <g2:a.ICON-VARIABLES>
        <g2:Structure>
          <g2:sa.WIDTH g2:type="Integer">50</g2:sa.WIDTH>
          <g2:sa.HEIGHT g2:type="Integer">50</g2:sa.HEIGHT></g2:Structure></g2:a.ICON-VARIABLES></c.GFR-PERMANENT-TEXT-LIST></ua._GFR-SUPPORTING-MODULE-VERSION-STRINGS>
  <ua._GFR-SUPPORTING-MODULE-VERSION-NUMBERS>
    <c.GFR-PERMANENT-INTEGER-LIST ID="31eabe1a76a011e69b45000c2973fc18">
      <g2:a.G2-LIST-SEQUENCE>
        <g2:Sequence>
          <rdf:li g2:type="Integer">-1</rdf:li>
          <rdf:li g2:type="Integer">-1</rdf:li>
          <rdf:li g2:type="Integer">5000000</rdf:li>
          <rdf:li g2:type="Integer">2030000</rdf:li>
          <rdf:li g2:type="Integer">2040000</rdf:li>
          <rdf:li g2:type="Integer">-1</rdf:li>
          <rdf:li g2:type="Integer">2040000</rdf:li>
          <rdf:li g2:type="Integer">-1</rdf:li>
          <rdf:li g2:type="Integer">2030001</rdf:li>
          <rdf:li g2:type="Integer">2040000</rdf:li>
          <rdf:li g2:type="Integer">2040000</rdf:li>
          <rdf:li g2:type="Integer">2040000</rdf:li>
          <rdf:li g2:type="Integer">2040000</rdf:li>
          <rdf:li g2:type="Integer">2040000</rdf:li>
          <rdf:li g2:type="Integer">8040000</rdf:li>
          <rdf:li g2:type="Integer">8040000</rdf:li>
          <rdf:li g2:type="Integer">8040000</rdf:li>
          <rdf:li g2:type="Integer">8040000</rdf:li>
          <rdf:li g2:type="Integer">8040000</rdf:li>
          <rdf:li g2:type="Integer">5000000</rdf:li>
          <rdf:li g2:type="Integer">2040000</rdf:li>
          <rdf:li g2:type="Integer">2040000</rdf:li>
          <rdf:li g2:type="Integer">2040000</rdf:li>
          <rdf:li g2:type="Integer">-1</rdf:li>
          <rdf:li g2:type="Integer">2040000</rdf:li>
          <rdf:li g2:type="Integer">-1</rdf:li>
          <rdf:li g2:type="Integer">2040000</rdf:li>
          <rdf:li g2:type="Integer">-1</rdf:li>
          <rdf:li g2:type="Integer">2010010</rdf:li>
          <rdf:li g2:type="Integer">-1</rdf:li>
          <rdf:li g2:type="Integer">-1</rdf:li>
          <rdf:li g2:type="Integer">-1</rdf:li>
          <rdf:li g2:type="Integer">2040000</rdf:li>
          <rdf:li g2:type="Integer">2011</rdf:li>
          <rdf:li g2:type="Integer">2011</rdf:li>
          <rdf:li g2:type="Integer">2011</rdf:li>
          <rdf:li g2:type="Integer">2040000</rdf:li>
          <rdf:li g2:type="Integer">2011</rdf:li>
          <rdf:li g2:type="Integer">2011</rdf:li>
          <rdf:li g2:type="Integer">2011</rdf:li>
          <rdf:li g2:type="Integer">2011</rdf:li>
          <rdf:li g2:type="Integer">2011</rdf:li>
          <rdf:li g2:type="Integer">2011</rdf:li>
          <rdf:li g2:type="Integer">2011</rdf:li>
          <rdf:li g2:type="Integer">2011</rdf:li>
          <rdf:li g2:type="Integer">2040000</rdf:li>
          <rdf:li g2:type="Integer">2011</rdf:li>
          <rdf:li g2:type="Integer">2040000</rdf:li>
          <rdf:li g2:type="Integer">2040000</rdf:li>
          <rdf:li g2:type="Integer">2011</rdf:li>
          <rdf:li g2:type="Integer">2011</rdf:li>
          <rdf:li g2:type="Integer">-1</rdf:li>
          <rdf:li g2:type="Integer">-1</rdf:li>
          <rdf:li g2:type="Integer">-1</rdf:li>
          <rdf:li g2:type="Integer">-1</rdf:li></g2:Sequence></g2:a.G2-LIST-SEQUENCE>
      <g2:a.ICON-VARIABLES>
        <g2:Structure>
          <g2:sa.WIDTH g2:type="Integer">50</g2:sa.WIDTH>
          <g2:sa.HEIGHT g2:type="Integer">50</g2:sa.HEIGHT></g2:Structure></g2:a.ICON-VARIABLES></c.GFR-PERMANENT-INTEGER-LIST></ua._GFR-SUPPORTING-MODULE-VERSION-NUMBERS>
  <ua._GFR-SUPPORTING-MODULE-COMPATIBLE-VERSION-NUMBERS>
    <c.GFR-PERMANENT-INTEGER-LIST ID="31eabe1b76a011e69b45000c2973fc18">
      <g2:a.G2-LIST-SEQUENCE>
        <g2:Sequence>
          <rdf:li g2:type="Integer">-1</rdf:li>
          <rdf:li g2:type="Integer">-1</rdf:li>
          <rdf:li g2:type="Integer">0</rdf:li>
          <rdf:li g2:type="Integer">0</rdf:li>
          <rdf:li g2:type="Integer">0</rdf:li>
          <rdf:li g2:type="Integer">-1</rdf:li>
          <rdf:li g2:type="Integer">0</rdf:li>
          <rdf:li g2:type="Integer">-1</rdf:li>
          <rdf:li g2:type="Integer">0</rdf:li>
          <rdf:li g2:type="Integer">0</rdf:li>
          <rdf:li g2:type="Integer">0</rdf:li>
          <rdf:li g2:type="Integer">0</rdf:li>
          <rdf:li g2:type="Integer">0</rdf:li>
          <rdf:li g2:type="Integer">0</rdf:li>
          <rdf:li g2:type="Integer">200</rdf:li>
          <rdf:li g2:type="Integer">200</rdf:li>
          <rdf:li g2:type="Integer">200</rdf:li>
          <rdf:li g2:type="Integer">200</rdf:li>
          <rdf:li g2:type="Integer">200</rdf:li>
          <rdf:li g2:type="Integer">0</rdf:li>
          <rdf:li g2:type="Integer">0</rdf:li>
          <rdf:li g2:type="Integer">0</rdf:li>
          <rdf:li g2:type="Integer">0</rdf:li>
          <rdf:li g2:type="Integer">-1</rdf:li>
          <rdf:li g2:type="Integer">0</rdf:li>
          <rdf:li g2:type="Integer">-1</rdf:li>
          <rdf:li g2:type="Integer">0</rdf:li>
          <rdf:li g2:type="Integer">-1</rdf:li>
          <rdf:li g2:type="Integer">0</rdf:li>
          <rdf:li g2:type="Integer">-1</rdf:li>
          <rdf:li g2:type="Integer">-1</rdf:li>
          <rdf:li g2:type="Integer">-1</rdf:li>
          <rdf:li g2:type="Integer">0</rdf:li>
          <rdf:li g2:type="Integer">291</rdf:li>
          <rdf:li g2:type="Integer">291</rdf:li>
          <rdf:li g2:type="Integer">291</rdf:li>
          <rdf:li g2:type="Integer">0</rdf:li>
          <rdf:li g2:type="Integer">291</rdf:li>
          <rdf:li g2:type="Integer">291</rdf:li>
          <rdf:li g2:type="Integer">291</rdf:li>
          <rdf:li g2:type="Integer">291</rdf:li>
          <rdf:li g2:type="Integer">291</rdf:li>
          <rdf:li g2:type="Integer">291</rdf:li>
          <rdf:li g2:type="Integer">291</rdf:li>
          <rdf:li g2:type="Integer">291</rdf:li>
          <rdf:li g2:type="Integer">0</rdf:li>
          <rdf:li g2:type="Integer">291</rdf:li>
          <rdf:li g2:type="Integer">0</rdf:li>
          <rdf:li g2:type="Integer">0</rdf:li>
          <rdf:li g2:type="Integer">291</rdf:li>
          <rdf:li g2:type="Integer">291</rdf:li>
          <rdf:li g2:type="Integer">-1</rdf:li>
          <rdf:li g2:type="Integer">-1</rdf:li>
          <rdf:li g2:type="Integer">-1</rdf:li>
          <rdf:li g2:type="Integer">-1</rdf:li></g2:Sequence></g2:a.G2-LIST-SEQUENCE>
      <g2:a.ICON-VARIABLES>
        <g2:Structure>
          <g2:sa.WIDTH g2:type="Integer">50</g2:sa.WIDTH>
          <g2:sa.HEIGHT g2:type="Integer">50</g2:sa.HEIGHT></g2:Structure></g2:a.ICON-VARIABLES></c.GFR-PERMANENT-INTEGER-LIST></ua._GFR-SUPPORTING-MODULE-COMPATIBLE-VERSION-NUMBERS>
  <ua._GFR-UPGRADED-AND-NEEDS-SAVING g2:type="TruthValue" g2:unit="TRUTH-VALUE">false</ua._GFR-UPGRADED-AND-NEEDS-SAVING>
  <ua._GFR-USER-HAS-ALLOWED-UPGRADE g2:type="TruthValue" g2:unit="TRUTH-VALUE">false</ua._GFR-USER-HAS-ALLOWED-UPGRADE>
  <g2:a.ICON-VARIABLES>
    <g2:Structure>
      <g2:sa.WIDTH g2:type="Integer">17</g2:sa.WIDTH>
      <g2:sa.HEIGHT g2:type="Integer">17</g2:sa.HEIGHT>
      <g2:sa.C g2:type="Text">undefined-text</g2:sa.C></g2:Structure></g2:a.ICON-VARIABLES>
  <g2:a.POSITION-IN-WORKSPACE>
    <g2:Structure>
      <g2:sa.X g2:type="Integer">-194</g2:sa.X>
      <g2:sa.Y g2:type="Integer">108</g2:sa.Y>
      <g2:sa.SUPERIOR><g2:c.KB-WORKSPACE rdf:resource="#8b014718769211e69b45000c2973fc18"/></g2:sa.SUPERIOR></g2:Structure></g2:a.POSITION-IN-WORKSPACE>
  <g2:a.SIZE-IN-WORKSPACE>
    <g2:Structure>
      <g2:sa.WIDTH g2:type="Integer">17</g2:sa.WIDTH>
      <g2:sa.HEIGHT g2:type="Integer">17</g2:sa.HEIGHT></g2:Structure></g2:a.SIZE-IN-WORKSPACE>
  <g2:a.CURRENT-ATTRIBUTE-DISPLAYS>
    <g2:Sequence>
      <rdf:li>
      <g2:Structure>
        <g2:sa.ATTRIBUTE-LIST>
          <g2:Sequence>
            <rdf:li>
            <g2:Structure>
              <g2:sa.ATTRIBUTE g2:type="Symbol">GFR-COPYRIGHT-INFORMATION</g2:sa.ATTRIBUTE>
              <g2:sa.DISPLAY-WITH-NAME g2:type="TruthValue">false</g2:sa.DISPLAY-WITH-NAME></g2:Structure></rdf:li></g2:Sequence></g2:sa.ATTRIBUTE-LIST>
        <g2:sa.TEXT-COLOR g2:type="Symbol">FOREGROUND</g2:sa.TEXT-COLOR>
        <g2:sa.POSITION>
          <g2:Structure>
            <g2:sa.X-OFFSET g2:type="Integer">13</g2:sa.X-OFFSET>
            <g2:sa.Y-OFFSET g2:type="Integer">8</g2:sa.Y-OFFSET></g2:Structure></g2:sa.POSITION></g2:Structure></rdf:li></g2:Sequence></g2:a.CURRENT-ATTRIBUTE-DISPLAYS></c.GFR-VERSION-INFORMATION-OBJECT>
</rdf:RDF>
