<?xml version="1.0"?>
<rdf:RDF
 xmlns:rdf="http://www.w3.org/TR/WD-rdf-syntax#"
 xmlns:g2="g2-beta-12-0-7.rdf"
 xmlns="">

<g2:Module ID="TEST--CLONE-ITEM--CONNECTIONS-IN-SUBWORKSPACE-SHOULD-REMAIN">
  <g2:version>
    <g2:Structure>
      <g2:sa.MAJOR-VERSION g2:type="Integer">12</g2:sa.MAJOR-VERSION>
      <g2:sa.MINOR-VERSION g2:type="Integer">0</g2:sa.MINOR-VERSION>
      <g2:sa.RELEASE-QUALITY g2:type="Text">Beta</g2:sa.RELEASE-QUALITY>
      <g2:sa.REVISION g2:type="Integer">7</g2:sa.REVISION>
      <g2:sa.BUILD-IDENTIFICATION g2:type="Text">SG16</g2:sa.BUILD-IDENTIFICATION></g2:Structure></g2:version>
  <g2:systemtables>
    <g2:Sequence>
      <rdf:li>
      <g2:c.MODULE-INFORMATION ID="75cdc9a258aa11e6bd5c005056365ec5">
        <g2:a.AUTHORS>
          <g2:Structure>
            <g2:sa.AUTHORS>
              <g2:Sequence>
                <rdf:li g2:type="Symbol">BUDDEN73</rdf:li>
                <rdf:li g2:type="Symbol">ADMINISTRATOR</rdf:li></g2:Sequence></g2:sa.AUTHORS>
            <g2:sa.TIMESTAMP>
              <g2:Structure>
                <g2:sa.YEAR g2:type="Integer">2016</g2:sa.YEAR>
                <g2:sa.MONTH g2:type="Integer">8</g2:sa.MONTH>
                <g2:sa.DATE g2:type="Integer">6</g2:sa.DATE>
                <g2:sa.HOURS g2:type="Integer">12</g2:sa.HOURS>
                <g2:sa.MINUTES g2:type="Integer">58</g2:sa.MINUTES></g2:Structure></g2:sa.TIMESTAMP></g2:Structure></g2:a.AUTHORS>
        <g2:a.TOP-LEVEL-MODULE g2:type="Symbol">TEST--CLONE-ITEM--CONNECTIONS-IN-SUBWORKSPACE-SHOULD-REMAIN</g2:a.TOP-LEVEL-MODULE>
        <g2:a.DIRECTLY-REQUIRED-MODULES>
          <g2:Sequence>
            <rdf:li g2:type="Symbol">TSDRIVER</rdf:li></g2:Sequence></g2:a.DIRECTLY-REQUIRED-MODULES>
        <g2:a.ICON-VARIABLES>
          <g2:Structure>
            <g2:sa.WIDTH g2:type="Integer">50</g2:sa.WIDTH>
            <g2:sa.HEIGHT g2:type="Integer">50</g2:sa.HEIGHT></g2:Structure></g2:a.ICON-VARIABLES></g2:c.MODULE-INFORMATION></rdf:li>
      <rdf:li>
      <g2:c.DEBUGGING-PARAMETERS ID="75cdc9a358aa11e6bd5c005056365ec5">
        <g2:a.ICON-VARIABLES>
          <g2:Structure>
            <g2:sa.WIDTH g2:type="Integer">50</g2:sa.WIDTH>
            <g2:sa.HEIGHT g2:type="Integer">50</g2:sa.HEIGHT></g2:Structure></g2:a.ICON-VARIABLES></g2:c.DEBUGGING-PARAMETERS></rdf:li>
      <rdf:li>
      <g2:c.TIMING-PARAMETERS ID="75cdc9a458aa11e6bd5c005056365ec5">
        <g2:a.ICON-VARIABLES>
          <g2:Structure>
            <g2:sa.WIDTH g2:type="Integer">50</g2:sa.WIDTH>
            <g2:sa.HEIGHT g2:type="Integer">50</g2:sa.HEIGHT></g2:Structure></g2:a.ICON-VARIABLES></g2:c.TIMING-PARAMETERS></rdf:li>
      <rdf:li>
      <g2:c.INFERENCE-ENGINE-PARAMETERS ID="75cdc9a558aa11e6bd5c005056365ec5">
        <g2:a.ICON-VARIABLES>
          <g2:Structure>
            <g2:sa.WIDTH g2:type="Integer">50</g2:sa.WIDTH>
            <g2:sa.HEIGHT g2:type="Integer">50</g2:sa.HEIGHT></g2:Structure></g2:a.ICON-VARIABLES></g2:c.INFERENCE-ENGINE-PARAMETERS></rdf:li>
      <rdf:li>
      <g2:c.DATA-SERVER-PARAMETERS ID="75cdc9a658aa11e6bd5c005056365ec5">
        <g2:a.ICON-VARIABLES>
          <g2:Structure>
            <g2:sa.WIDTH g2:type="Integer">50</g2:sa.WIDTH>
            <g2:sa.HEIGHT g2:type="Integer">50</g2:sa.HEIGHT></g2:Structure></g2:a.ICON-VARIABLES></g2:c.DATA-SERVER-PARAMETERS></rdf:li>
      <rdf:li>
      <g2:c.G2GL-PARAMETERS ID="75cdc9a758aa11e6bd5c005056365ec5">
        <g2:a.ICON-VARIABLES>
          <g2:Structure>
            <g2:sa.WIDTH g2:type="Integer">50</g2:sa.WIDTH>
            <g2:sa.HEIGHT g2:type="Integer">50</g2:sa.HEIGHT></g2:Structure></g2:a.ICON-VARIABLES></g2:c.G2GL-PARAMETERS></rdf:li>
      <rdf:li>
      <g2:c.SIMULATION-PARAMETERS ID="75cdc9a858aa11e6bd5c005056365ec5">
        <g2:a.ICON-VARIABLES>
          <g2:Structure>
            <g2:sa.WIDTH g2:type="Integer">50</g2:sa.WIDTH>
            <g2:sa.HEIGHT g2:type="Integer">50</g2:sa.HEIGHT></g2:Structure></g2:a.ICON-VARIABLES></g2:c.SIMULATION-PARAMETERS></rdf:li>
      <rdf:li>
      <g2:c.KB-CONFIGURATION ID="75cdc9a958aa11e6bd5c005056365ec5">
        <g2:a.ICON-VARIABLES>
          <g2:Structure>
            <g2:sa.WIDTH g2:type="Integer">50</g2:sa.WIDTH>
            <g2:sa.HEIGHT g2:type="Integer">50</g2:sa.HEIGHT></g2:Structure></g2:a.ICON-VARIABLES></g2:c.KB-CONFIGURATION></rdf:li>
      <rdf:li>
      <g2:c.PRINTER-SETUP ID="75cdc9aa58aa11e6bd5c005056365ec5">
        <g2:a.ICON-VARIABLES>
          <g2:Structure>
            <g2:sa.WIDTH g2:type="Integer">50</g2:sa.WIDTH>
            <g2:sa.HEIGHT g2:type="Integer">50</g2:sa.HEIGHT></g2:Structure></g2:a.ICON-VARIABLES></g2:c.PRINTER-SETUP></rdf:li>
      <rdf:li>
      <g2:c.MESSAGE-BOARD-PARAMETERS ID="75cdc9ab58aa11e6bd5c005056365ec5">
        <g2:a.ICON-VARIABLES>
          <g2:Structure>
            <g2:sa.WIDTH g2:type="Integer">50</g2:sa.WIDTH>
            <g2:sa.HEIGHT g2:type="Integer">50</g2:sa.HEIGHT></g2:Structure></g2:a.ICON-VARIABLES></g2:c.MESSAGE-BOARD-PARAMETERS></rdf:li>
      <rdf:li>
      <g2:c.LOGBOOK-PARAMETERS ID="75cdc9ac58aa11e6bd5c005056365ec5">
        <g2:a.ICON-VARIABLES>
          <g2:Structure>
            <g2:sa.WIDTH g2:type="Integer">50</g2:sa.WIDTH>
            <g2:sa.HEIGHT g2:type="Integer">50</g2:sa.HEIGHT></g2:Structure></g2:a.ICON-VARIABLES></g2:c.LOGBOOK-PARAMETERS></rdf:li>
      <rdf:li>
      <g2:c.LOG-FILE-PARAMETERS ID="75cdc9ad58aa11e6bd5c005056365ec5">
        <g2:a.ICON-VARIABLES>
          <g2:Structure>
            <g2:sa.WIDTH g2:type="Integer">50</g2:sa.WIDTH>
            <g2:sa.HEIGHT g2:type="Integer">50</g2:sa.HEIGHT></g2:Structure></g2:a.ICON-VARIABLES></g2:c.LOG-FILE-PARAMETERS></rdf:li>
      <rdf:li>
      <g2:c.COLOR-PARAMETERS ID="75cdc9ae58aa11e6bd5c005056365ec5">
        <g2:a.ICON-VARIABLES>
          <g2:Structure>
            <g2:sa.WIDTH g2:type="Integer">50</g2:sa.WIDTH>
            <g2:sa.HEIGHT g2:type="Integer">50</g2:sa.HEIGHT></g2:Structure></g2:a.ICON-VARIABLES></g2:c.COLOR-PARAMETERS></rdf:li>
      <rdf:li>
      <g2:c.LANGUAGE-PARAMETERS ID="75cdc9af58aa11e6bd5c005056365ec5">
        <g2:a.ICON-VARIABLES>
          <g2:Structure>
            <g2:sa.WIDTH g2:type="Integer">50</g2:sa.WIDTH>
            <g2:sa.HEIGHT g2:type="Integer">50</g2:sa.HEIGHT></g2:Structure></g2:a.ICON-VARIABLES></g2:c.LANGUAGE-PARAMETERS></rdf:li>
      <rdf:li>
      <g2:c.FONTS ID="75cdc9b058aa11e6bd5c005056365ec5">
        <g2:a.ICON-VARIABLES>
          <g2:Structure>
            <g2:sa.WIDTH g2:type="Integer">50</g2:sa.WIDTH>
            <g2:sa.HEIGHT g2:type="Integer">50</g2:sa.HEIGHT></g2:Structure></g2:a.ICON-VARIABLES></g2:c.FONTS></rdf:li>
      <rdf:li>
      <g2:c.EDITOR-PARAMETERS ID="75cdc9b158aa11e6bd5c005056365ec5">
        <g2:a.ICON-VARIABLES>
          <g2:Structure>
            <g2:sa.WIDTH g2:type="Integer">50</g2:sa.WIDTH>
            <g2:sa.HEIGHT g2:type="Integer">50</g2:sa.HEIGHT></g2:Structure></g2:a.ICON-VARIABLES></g2:c.EDITOR-PARAMETERS></rdf:li>
      <rdf:li>
      <g2:c.MENU-PARAMETERS ID="75cdc9b258aa11e6bd5c005056365ec5">
        <g2:a.ICON-VARIABLES>
          <g2:Structure>
            <g2:sa.WIDTH g2:type="Integer">50</g2:sa.WIDTH>
            <g2:sa.HEIGHT g2:type="Integer">50</g2:sa.HEIGHT></g2:Structure></g2:a.ICON-VARIABLES></g2:c.MENU-PARAMETERS></rdf:li>
      <rdf:li>
      <g2:c.MISCELLANEOUS-PARAMETERS ID="75cdc9b358aa11e6bd5c005056365ec5">
        <g2:a.BACKWARD-COMPATIBILITY-FEATURES>
          <g2:Sequence>
            <rdf:li g2:type="Symbol">PRINT-MEANS-PRINT-TO-SERVER-IN-CONFIGURATIONS</rdf:li>
            <rdf:li g2:type="Symbol">INCONSISTENT-BEHAVIOR-OF-MOVE-IN-CONFIGURATIONS</rdf:li></g2:Sequence></g2:a.BACKWARD-COMPATIBILITY-FEATURES>
        <g2:a.ICON-VARIABLES>
          <g2:Structure>
            <g2:sa.WIDTH g2:type="Integer">50</g2:sa.WIDTH>
            <g2:sa.HEIGHT g2:type="Integer">50</g2:sa.HEIGHT></g2:Structure></g2:a.ICON-VARIABLES></g2:c.MISCELLANEOUS-PARAMETERS></rdf:li>
      <rdf:li>
      <g2:c.DRAWING-PARAMETERS ID="75cdc9b458aa11e6bd5c005056365ec5">
        <g2:a.ICON-VARIABLES>
          <g2:Structure>
            <g2:sa.WIDTH g2:type="Integer">50</g2:sa.WIDTH>
            <g2:sa.HEIGHT g2:type="Integer">50</g2:sa.HEIGHT></g2:Structure></g2:a.ICON-VARIABLES></g2:c.DRAWING-PARAMETERS></rdf:li>
      <rdf:li>
      <g2:c.SAVING-PARAMETERS ID="75cdc9b558aa11e6bd5c005056365ec5">
        <g2:a.KB-FILE-COMMENT><![CDATA[
2013-06-17: added 2nd return value (bias: integer) for g2-get-current-time-zone. (GENSYMCID-1034)

]]></g2:a.KB-FILE-COMMENT>
        <g2:a.ENABLE-KB-CHANGE-LOGGING g2:type="TruthValue">true</g2:a.ENABLE-KB-CHANGE-LOGGING>
        <g2:a.ICON-VARIABLES>
          <g2:Structure>
            <g2:sa.WIDTH g2:type="Integer">50</g2:sa.WIDTH>
            <g2:sa.HEIGHT g2:type="Integer">50</g2:sa.HEIGHT></g2:Structure></g2:a.ICON-VARIABLES></g2:c.SAVING-PARAMETERS></rdf:li>
      <rdf:li>
      <g2:c.VERSION-CONTROL-PARAMETERS ID="75cdc9b658aa11e6bd5c005056365ec5">
        <g2:a.ICON-VARIABLES>
          <g2:Structure>
            <g2:sa.WIDTH g2:type="Integer">50</g2:sa.WIDTH>
            <g2:sa.HEIGHT g2:type="Integer">50</g2:sa.HEIGHT></g2:Structure></g2:a.ICON-VARIABLES></g2:c.VERSION-CONTROL-PARAMETERS></rdf:li></g2:Sequence></g2:systemtables>
  <g2:externaldefinitions>
    <g2:Sequence>
      <rdf:li>
      <g2:c.CONNECTION-DEFINITION>
        <g2:a.CLASS-NAME g2:type="Symbol">NEXT-BENCHMARK</g2:a.CLASS-NAME>
        <g2:a.DIRECT-SUPERIOR-CLASSES>
          <g2:Sequence>
            <rdf:li g2:type="Symbol">CONNECTION</rdf:li></g2:Sequence></g2:a.DIRECT-SUPERIOR-CLASSES>
        <g2:a.CROSS-SECTION-PATTERN>
          <g2:Structure>
            <g2:sa.CROSS-SECTION-REGIONS>
              <g2:Sequence>
                <rdf:li>
                <g2:Structure>
                  <g2:sa.REGION-NAME g2:type="Symbol">OUTLINE</g2:sa.REGION-NAME>
                  <g2:sa.REGION-COLOR g2:type="Symbol">RED</g2:sa.REGION-COLOR></g2:Structure></rdf:li>
                <rdf:li>
                <g2:Structure>
                  <g2:sa.REGION-NAME g2:type="Symbol">INSIDE</g2:sa.REGION-NAME>
                  <g2:sa.REGION-COLOR g2:type="Symbol">TURQUOISE</g2:sa.REGION-COLOR></g2:Structure></rdf:li></g2:Sequence></g2:sa.CROSS-SECTION-REGIONS>
            <g2:sa.CROSS-SECTION-STRIPES>
              <g2:Sequence>
                <rdf:li>
                <g2:Structure>
                  <g2:sa.REGION-NAME g2:type="Symbol">OUTLINE</g2:sa.REGION-NAME>
                  <g2:sa.REGION-SIZE g2:type="Integer">1</g2:sa.REGION-SIZE></g2:Structure></rdf:li>
                <rdf:li>
                <g2:Structure>
                  <g2:sa.REGION-NAME g2:type="Symbol">INSIDE</g2:sa.REGION-NAME>
                  <g2:sa.REGION-SIZE g2:type="Integer">2</g2:sa.REGION-SIZE></g2:Structure></rdf:li>
                <rdf:li>
                <g2:Structure>
                  <g2:sa.REGION-NAME g2:type="Symbol">OUTLINE</g2:sa.REGION-NAME>
                  <g2:sa.REGION-SIZE g2:type="Integer">1</g2:sa.REGION-SIZE></g2:Structure></rdf:li></g2:Sequence></g2:sa.CROSS-SECTION-STRIPES></g2:Structure></g2:a.CROSS-SECTION-PATTERN>
        <g2:a.STUB-LENGTH g2:type="Integer">5</g2:a.STUB-LENGTH>
        <g2:a.JUNCTION-BLOCK g2:type="Symbol">NEXT-BENCHMARK-JUNCTION-DEFINITION</g2:a.JUNCTION-BLOCK></g2:c.CONNECTION-DEFINITION></rdf:li>
      <rdf:li>
      <g2:c.OBJECT-DEFINITION>
        <g2:a.AUTHORS>
          <g2:Structure>
            <g2:sa.AUTHORS>
              <g2:Sequence>
                <rdf:li g2:type="Symbol">ADMINISTRATOR</rdf:li></g2:Sequence></g2:sa.AUTHORS>
            <g2:sa.TIMESTAMP>
              <g2:Structure>
                <g2:sa.YEAR g2:type="Integer">2009</g2:sa.YEAR>
                <g2:sa.MONTH g2:type="Integer">10</g2:sa.MONTH>
                <g2:sa.DATE g2:type="Integer">22</g2:sa.DATE>
                <g2:sa.HOURS g2:type="Integer">10</g2:sa.HOURS>
                <g2:sa.MINUTES g2:type="Integer">58</g2:sa.MINUTES></g2:Structure></g2:sa.TIMESTAMP></g2:Structure></g2:a.AUTHORS>
        <g2:a.CLASS-NAME g2:type="Symbol">START-FLOW</g2:a.CLASS-NAME>
        <g2:a.DIRECT-SUPERIOR-CLASSES>
          <g2:Sequence>
            <rdf:li g2:type="Symbol">BENCHMARK-NODE</rdf:li></g2:Sequence></g2:a.DIRECT-SUPERIOR-CLASSES>
        <g2:a.CLASS-SPECIFIC-ATTRIBUTES>
          <g2:Sequence>
            <rdf:li>
            <g2:Structure>
              <g2:sa.ATTRIBUTE-NAME g2:type="Symbol">NUMBER-OF-EXECUTED-TESTS</g2:sa.ATTRIBUTE-NAME>
              <g2:sa.ATTRIBUTE-INITIAL-VALUE g2:type="Integer">0</g2:sa.ATTRIBUTE-INITIAL-VALUE></g2:Structure></rdf:li>
            <rdf:li>
            <g2:Structure>
              <g2:sa.ATTRIBUTE-NAME g2:type="Symbol">TOTAL-NUMBER-OF-TESTS</g2:sa.ATTRIBUTE-NAME>
              <g2:sa.ATTRIBUTE-INITIAL-VALUE g2:type="Integer">0</g2:sa.ATTRIBUTE-INITIAL-VALUE></g2:Structure></rdf:li></g2:Sequence></g2:a.CLASS-SPECIFIC-ATTRIBUTES>
        <g2:a.ATTRIBUTE-INITIALIZATIONS>
          <g2:Sequence>
            <rdf:li>
            <g2:Structure>
              <g2:sa.USER-ATTRIBUTE-NAME g2:type="Symbol">TEST-PROCEDURE</g2:sa.USER-ATTRIBUTE-NAME>
              <g2:sa.INITIALIZATION>
                <g2:Structure>
                  <g2:sa.INITIAL-VALUE g2:type="Symbol">START-START-FLOW</g2:sa.INITIAL-VALUE></g2:Structure></g2:sa.INITIALIZATION></g2:Structure></rdf:li></g2:Sequence></g2:a.ATTRIBUTE-INITIALIZATIONS>
        <g2:a.ICON-DESCRIPTION>
          <g2:Structure>
            <g2:sa.WIDTH g2:type="Integer">50</g2:sa.WIDTH>
            <g2:sa.HEIGHT g2:type="Integer">25</g2:sa.HEIGHT>
            <g2:sa.LAYERS>
              <g2:Sequence>
                <rdf:li>
                <g2:Structure>
                  <g2:sa.REGION-OR-COLOR g2:type="Symbol">RED</g2:sa.REGION-OR-COLOR>
                  <g2:sa.LINE-DRAWING-ELEMENTS>
                    <g2:Sequence>
                      <rdf:li>
                      <g2:Structure>
                        <g2:sa.TYPE g2:type="Symbol">LINES</g2:sa.TYPE>
                        <g2:sa.POINTS>
                          <g2:Sequence>
                            <rdf:li>
                            <g2:Structure>
                              <g2:sa.X g2:type="Integer">13</g2:sa.X>
                              <g2:sa.Y g2:type="Integer">15</g2:sa.Y></g2:Structure></rdf:li>
                            <rdf:li>
                            <g2:Structure>
                              <g2:sa.X g2:type="Integer">11</g2:sa.X>
                              <g2:sa.Y g2:type="Integer">23</g2:sa.Y></g2:Structure></rdf:li>
                            <rdf:li>
                            <g2:Structure>
                              <g2:sa.X g2:type="Integer">1</g2:sa.X>
                              <g2:sa.Y g2:type="Integer">23</g2:sa.Y></g2:Structure></rdf:li>
                            <rdf:li>
                            <g2:Structure>
                              <g2:sa.X g2:type="Integer">6</g2:sa.X>
                              <g2:sa.Y g2:type="Integer">1</g2:sa.Y></g2:Structure></rdf:li>
                            <rdf:li>
                            <g2:Structure>
                              <g2:sa.X g2:type="Integer">16</g2:sa.X>
                              <g2:sa.Y g2:type="Integer">1</g2:sa.Y></g2:Structure></rdf:li>
                            <rdf:li>
                            <g2:Structure>
                              <g2:sa.X g2:type="Integer">14</g2:sa.X>
                              <g2:sa.Y g2:type="Integer">9</g2:sa.Y></g2:Structure></rdf:li></g2:Sequence></g2:sa.POINTS></g2:Structure></rdf:li>
                      <rdf:li>
                      <g2:Structure>
                        <g2:sa.TYPE g2:type="Symbol">LINES</g2:sa.TYPE>
                        <g2:sa.POINTS>
                          <g2:Sequence>
                            <rdf:li>
                            <g2:Structure>
                              <g2:sa.X g2:type="Integer">9</g2:sa.X>
                              <g2:sa.Y g2:type="Integer">15</g2:sa.Y></g2:Structure></rdf:li>
                            <rdf:li>
                            <g2:Structure>
                              <g2:sa.X g2:type="Integer">16</g2:sa.X>
                              <g2:sa.Y g2:type="Integer">15</g2:sa.Y></g2:Structure></rdf:li></g2:Sequence></g2:sa.POINTS></g2:Structure></rdf:li>
                      <rdf:li>
                      <g2:Structure>
                        <g2:sa.TYPE g2:type="Symbol">LINES</g2:sa.TYPE>
                        <g2:sa.POINTS>
                          <g2:Sequence>
                            <rdf:li>
                            <g2:Structure>
                              <g2:sa.X g2:type="Integer">24</g2:sa.X>
                              <g2:sa.Y g2:type="Integer">1</g2:sa.Y></g2:Structure></rdf:li>
                            <rdf:li>
                            <g2:Structure>
                              <g2:sa.X g2:type="Integer">33</g2:sa.X>
                              <g2:sa.Y g2:type="Integer">1</g2:sa.Y></g2:Structure></rdf:li>
                            <rdf:li>
                            <g2:Structure>
                              <g2:sa.X g2:type="Integer">28</g2:sa.X>
                              <g2:sa.Y g2:type="Integer">23</g2:sa.Y></g2:Structure></rdf:li>
                            <rdf:li>
                            <g2:Structure>
                              <g2:sa.X g2:type="Integer">19</g2:sa.X>
                              <g2:sa.Y g2:type="Integer">23</g2:sa.Y></g2:Structure></rdf:li>
                            <rdf:li>
                            <g2:Structure>
                              <g2:sa.X g2:type="Integer">24</g2:sa.X>
                              <g2:sa.Y g2:type="Integer">1</g2:sa.Y></g2:Structure></rdf:li></g2:Sequence></g2:sa.POINTS></g2:Structure></rdf:li>
                      <rdf:li>
                      <g2:Structure>
                        <g2:sa.TYPE g2:type="Symbol">LINES</g2:sa.TYPE>
                        <g2:sa.POINTS>
                          <g2:Sequence>
                            <rdf:li>
                            <g2:Structure>
                              <g2:sa.X g2:type="Integer">41</g2:sa.X>
                              <g2:sa.Y g2:type="Integer">2</g2:sa.Y></g2:Structure></rdf:li>
                            <rdf:li>
                            <g2:Structure>
                              <g2:sa.X g2:type="Integer">37</g2:sa.X>
                              <g2:sa.Y g2:type="Integer">19</g2:sa.Y></g2:Structure></rdf:li></g2:Sequence></g2:sa.POINTS></g2:Structure></rdf:li>
                      <rdf:li>
                      <g2:Structure>
                        <g2:sa.TYPE g2:type="Symbol">LINES</g2:sa.TYPE>
                        <g2:sa.POINTS>
                          <g2:Sequence>
                            <rdf:li>
                            <g2:Structure>
                              <g2:sa.X g2:type="Integer">36</g2:sa.X>
                              <g2:sa.Y g2:type="Integer">21</g2:sa.Y></g2:Structure></rdf:li>
                            <rdf:li>
                            <g2:Structure>
                              <g2:sa.X g2:type="Integer">36</g2:sa.X>
                              <g2:sa.Y g2:type="Integer">22</g2:sa.Y></g2:Structure></rdf:li></g2:Sequence></g2:sa.POINTS></g2:Structure></rdf:li></g2:Sequence></g2:sa.LINE-DRAWING-ELEMENTS></g2:Structure></rdf:li></g2:Sequence></g2:sa.LAYERS></g2:Structure></g2:a.ICON-DESCRIPTION>
        <g2:a.STUBS>
          <g2:Sequence>
            <rdf:li>
            <g2:Structure>
              <g2:sa.CONNECTION-CLASS g2:type="Symbol">NEXT-BENCHMARK</g2:sa.CONNECTION-CLASS>
              <g2:sa.EDGE-LOCATION g2:type="Symbol">BOTTOM</g2:sa.EDGE-LOCATION>
              <g2:sa.COORDINATE-LOCATION g2:type="Integer">25</g2:sa.COORDINATE-LOCATION></g2:Structure></rdf:li></g2:Sequence></g2:a.STUBS></g2:c.OBJECT-DEFINITION></rdf:li>
      <rdf:li>
      <g2:c.OBJECT-DEFINITION>
        <g2:a.CLASS-NAME g2:type="Symbol">END-FLOW</g2:a.CLASS-NAME>
        <g2:a.DIRECT-SUPERIOR-CLASSES>
          <g2:Sequence>
            <rdf:li g2:type="Symbol">BENCHMARK-NODE</rdf:li></g2:Sequence></g2:a.DIRECT-SUPERIOR-CLASSES>
        <g2:a.ATTRIBUTE-INITIALIZATIONS>
          <g2:Sequence>
            <rdf:li>
            <g2:Structure>
              <g2:sa.USER-ATTRIBUTE-NAME g2:type="Symbol">TEST-PROCEDURE</g2:sa.USER-ATTRIBUTE-NAME>
              <g2:sa.INITIALIZATION>
                <g2:Structure>
                  <g2:sa.INITIAL-VALUE g2:type="Symbol">END-TEST</g2:sa.INITIAL-VALUE></g2:Structure></g2:sa.INITIALIZATION></g2:Structure></rdf:li></g2:Sequence></g2:a.ATTRIBUTE-INITIALIZATIONS>
        <g2:a.ICON-DESCRIPTION>
          <g2:Structure>
            <g2:sa.WIDTH g2:type="Integer">50</g2:sa.WIDTH>
            <g2:sa.HEIGHT g2:type="Integer">25</g2:sa.HEIGHT>
            <g2:sa.LAYERS>
              <g2:Sequence>
                <rdf:li>
                <g2:Structure>
                  <g2:sa.REGION-OR-COLOR g2:type="Symbol">RED</g2:sa.REGION-OR-COLOR>
                  <g2:sa.LINE-DRAWING-ELEMENTS>
                    <g2:Sequence>
                      <rdf:li>
                      <g2:Structure>
                        <g2:sa.TYPE g2:type="Symbol">LINES</g2:sa.TYPE>
                        <g2:sa.POINTS>
                          <g2:Sequence>
                            <rdf:li>
                            <g2:Structure>
                              <g2:sa.X g2:type="Integer">10</g2:sa.X>
                              <g2:sa.Y g2:type="Integer">23</g2:sa.Y></g2:Structure></rdf:li>
                            <rdf:li>
                            <g2:Structure>
                              <g2:sa.X g2:type="Integer">2</g2:sa.X>
                              <g2:sa.Y g2:type="Integer">23</g2:sa.Y></g2:Structure></rdf:li>
                            <rdf:li>
                            <g2:Structure>
                              <g2:sa.X g2:type="Integer">4</g2:sa.X>
                              <g2:sa.Y g2:type="Integer">2</g2:sa.Y></g2:Structure></rdf:li>
                            <rdf:li>
                            <g2:Structure>
                              <g2:sa.X g2:type="Integer">12</g2:sa.X>
                              <g2:sa.Y g2:type="Integer">2</g2:sa.Y></g2:Structure></rdf:li></g2:Sequence></g2:sa.POINTS></g2:Structure></rdf:li>
                      <rdf:li>
                      <g2:Structure>
                        <g2:sa.TYPE g2:type="Symbol">LINES</g2:sa.TYPE>
                        <g2:sa.POINTS>
                          <g2:Sequence>
                            <rdf:li>
                            <g2:Structure>
                              <g2:sa.X g2:type="Integer">3</g2:sa.X>
                              <g2:sa.Y g2:type="Integer">12</g2:sa.Y></g2:Structure></rdf:li>
                            <rdf:li>
                            <g2:Structure>
                              <g2:sa.X g2:type="Integer">8</g2:sa.X>
                              <g2:sa.Y g2:type="Integer">12</g2:sa.Y></g2:Structure></rdf:li></g2:Sequence></g2:sa.POINTS></g2:Structure></rdf:li>
                      <rdf:li>
                      <g2:Structure>
                        <g2:sa.TYPE g2:type="Symbol">LINES</g2:sa.TYPE>
                        <g2:sa.POINTS>
                          <g2:Sequence>
                            <rdf:li>
                            <g2:Structure>
                              <g2:sa.X g2:type="Integer">25</g2:sa.X>
                              <g2:sa.Y g2:type="Integer">2</g2:sa.Y></g2:Structure></rdf:li>
                            <rdf:li>
                            <g2:Structure>
                              <g2:sa.X g2:type="Integer">22</g2:sa.X>
                              <g2:sa.Y g2:type="Integer">23</g2:sa.Y></g2:Structure></rdf:li>
                            <rdf:li>
                            <g2:Structure>
                              <g2:sa.X g2:type="Integer">17</g2:sa.X>
                              <g2:sa.Y g2:type="Integer">2</g2:sa.Y></g2:Structure></rdf:li>
                            <rdf:li>
                            <g2:Structure>
                              <g2:sa.X g2:type="Integer">14</g2:sa.X>
                              <g2:sa.Y g2:type="Integer">23</g2:sa.Y></g2:Structure></rdf:li></g2:Sequence></g2:sa.POINTS></g2:Structure></rdf:li>
                      <rdf:li>
                      <g2:Structure>
                        <g2:sa.TYPE g2:type="Symbol">LINES</g2:sa.TYPE>
                        <g2:sa.POINTS>
                          <g2:Sequence>
                            <rdf:li>
                            <g2:Structure>
                              <g2:sa.X g2:type="Integer">30</g2:sa.X>
                              <g2:sa.Y g2:type="Integer">2</g2:sa.Y></g2:Structure></rdf:li>
                            <rdf:li>
                            <g2:Structure>
                              <g2:sa.X g2:type="Integer">27</g2:sa.X>
                              <g2:sa.Y g2:type="Integer">23</g2:sa.Y></g2:Structure></rdf:li></g2:Sequence></g2:sa.POINTS></g2:Structure></rdf:li>
                      <rdf:li>
                      <g2:Structure>
                        <g2:sa.TYPE g2:type="Symbol">LINES</g2:sa.TYPE>
                        <g2:sa.POINTS>
                          <g2:Sequence>
                            <rdf:li>
                            <g2:Structure>
                              <g2:sa.X g2:type="Integer">30</g2:sa.X>
                              <g2:sa.Y g2:type="Integer">2</g2:sa.Y></g2:Structure></rdf:li>
                            <rdf:li>
                            <g2:Structure>
                              <g2:sa.ARC g2:type="TruthValue">true</g2:sa.ARC>
                              <g2:sa.X g2:type="Integer">34</g2:sa.X>
                              <g2:sa.Y g2:type="Integer">4</g2:sa.Y></g2:Structure></rdf:li>
                            <rdf:li>
                            <g2:Structure>
                              <g2:sa.X g2:type="Integer">34</g2:sa.X>
                              <g2:sa.Y g2:type="Integer">9</g2:sa.Y></g2:Structure></rdf:li></g2:Sequence></g2:sa.POINTS></g2:Structure></rdf:li>
                      <rdf:li>
                      <g2:Structure>
                        <g2:sa.TYPE g2:type="Symbol">LINES</g2:sa.TYPE>
                        <g2:sa.POINTS>
                          <g2:Sequence>
                            <rdf:li>
                            <g2:Structure>
                              <g2:sa.X g2:type="Integer">27</g2:sa.X>
                              <g2:sa.Y g2:type="Integer">22</g2:sa.Y></g2:Structure></rdf:li>
                            <rdf:li>
                            <g2:Structure>
                              <g2:sa.ARC g2:type="TruthValue">true</g2:sa.ARC>
                              <g2:sa.X g2:type="Integer">31</g2:sa.X>
                              <g2:sa.Y g2:type="Integer">21</g2:sa.Y></g2:Structure></rdf:li>
                            <rdf:li>
                            <g2:Structure>
                              <g2:sa.X g2:type="Integer">33</g2:sa.X>
                              <g2:sa.Y g2:type="Integer">18</g2:sa.Y></g2:Structure></rdf:li></g2:Sequence></g2:sa.POINTS></g2:Structure></rdf:li>
                      <rdf:li>
                      <g2:Structure>
                        <g2:sa.TYPE g2:type="Symbol">LINES</g2:sa.TYPE>
                        <g2:sa.POINTS>
                          <g2:Sequence>
                            <rdf:li>
                            <g2:Structure>
                              <g2:sa.X g2:type="Integer">34</g2:sa.X>
                              <g2:sa.Y g2:type="Integer">8</g2:sa.Y></g2:Structure></rdf:li>
                            <rdf:li>
                            <g2:Structure>
                              <g2:sa.X g2:type="Integer">33</g2:sa.X>
                              <g2:sa.Y g2:type="Integer">18</g2:sa.Y></g2:Structure></rdf:li></g2:Sequence></g2:sa.POINTS></g2:Structure></rdf:li>
                      <rdf:li>
                      <g2:Structure>
                        <g2:sa.TYPE g2:type="Symbol">LINES</g2:sa.TYPE>
                        <g2:sa.POINTS>
                          <g2:Sequence>
                            <rdf:li>
                            <g2:Structure>
                              <g2:sa.X g2:type="Integer">41</g2:sa.X>
                              <g2:sa.Y g2:type="Integer">3</g2:sa.Y></g2:Structure></rdf:li>
                            <rdf:li>
                            <g2:Structure>
                              <g2:sa.X g2:type="Integer">38</g2:sa.X>
                              <g2:sa.Y g2:type="Integer">20</g2:sa.Y></g2:Structure></rdf:li></g2:Sequence></g2:sa.POINTS></g2:Structure></rdf:li>
                      <rdf:li>
                      <g2:Structure>
                        <g2:sa.TYPE g2:type="Symbol">LINES</g2:sa.TYPE>
                        <g2:sa.POINTS>
                          <g2:Sequence>
                            <rdf:li>
                            <g2:Structure>
                              <g2:sa.X g2:type="Integer">38</g2:sa.X>
                              <g2:sa.Y g2:type="Integer">22</g2:sa.Y></g2:Structure></rdf:li>
                            <rdf:li>
                            <g2:Structure>
                              <g2:sa.X g2:type="Integer">38</g2:sa.X>
                              <g2:sa.Y g2:type="Integer">24</g2:sa.Y></g2:Structure></rdf:li></g2:Sequence></g2:sa.POINTS></g2:Structure></rdf:li></g2:Sequence></g2:sa.LINE-DRAWING-ELEMENTS></g2:Structure></rdf:li></g2:Sequence></g2:sa.LAYERS></g2:Structure></g2:a.ICON-DESCRIPTION>
        <g2:a.STUBS>
          <g2:Sequence>
            <rdf:li>
            <g2:Structure>
              <g2:sa.CONNECTION-CLASS g2:type="Symbol">NEXT-BENCHMARK</g2:sa.CONNECTION-CLASS>
              <g2:sa.STUB-DIRECTION g2:type="Symbol">INPUT</g2:sa.STUB-DIRECTION>
              <g2:sa.EDGE-LOCATION g2:type="Symbol">TOP</g2:sa.EDGE-LOCATION>
              <g2:sa.COORDINATE-LOCATION g2:type="Integer">25</g2:sa.COORDINATE-LOCATION></g2:Structure></rdf:li></g2:Sequence></g2:a.STUBS></g2:c.OBJECT-DEFINITION></rdf:li>
      <rdf:li>
      <g2:c.OBJECT-DEFINITION>
        <g2:a.CLASS-NAME g2:type="Symbol">TEST-RESULT-PARAMETER</g2:a.CLASS-NAME>
        <g2:a.DIRECT-SUPERIOR-CLASSES>
          <g2:Sequence>
            <rdf:li g2:type="Symbol">SYMBOLIC-PARAMETER</rdf:li></g2:Sequence></g2:a.DIRECT-SUPERIOR-CLASSES>
        <g2:a.CLASS-SPECIFIC-ATTRIBUTES>
          <g2:Sequence>
            <rdf:li>
            <g2:Structure>
              <g2:sa.ATTRIBUTE-NAME g2:type="Symbol">TEST-INFO</g2:sa.ATTRIBUTE-NAME>
              <g2:sa.ATTRIBUTE-INITIAL-ITEM-CLASS g2:type="Symbol">TEXT-PARAMETER</g2:sa.ATTRIBUTE-INITIAL-ITEM-CLASS>
              <g2:sa.ATTRIBUTE-INITIAL-ITEM-CLASS-RESTRICTED-TO-VARIABLE-OR-PARAMETER g2:type="TruthValue">true</g2:sa.ATTRIBUTE-INITIAL-ITEM-CLASS-RESTRICTED-TO-VARIABLE-OR-PARAMETER></g2:Structure></rdf:li>
            <rdf:li>
            <g2:Structure>
              <g2:sa.ATTRIBUTE-NAME g2:type="Symbol">PREVIOUS-TEST-RESULT</g2:sa.ATTRIBUTE-NAME>
              <g2:sa.ATTRIBUTE-INITIAL-VALUE g2:type="Symbol">UNKNOWN</g2:sa.ATTRIBUTE-INITIAL-VALUE></g2:Structure></rdf:li></g2:Sequence></g2:a.CLASS-SPECIFIC-ATTRIBUTES>
        <g2:a.ATTRIBUTE-INITIALIZATIONS>
          <g2:Sequence>
            <rdf:li>
            <g2:Structure>
              <g2:sa.SYSTEM-ATTRIBUTE-DESIGNATION g2:type="Symbol">INITIAL-VALUE</g2:sa.SYSTEM-ATTRIBUTE-DESIGNATION>
              <g2:sa.INITIALIZATION g2:type="Symbol">NOT-YET-RUN</g2:sa.INITIALIZATION></g2:Structure></rdf:li></g2:Sequence></g2:a.ATTRIBUTE-INITIALIZATIONS></g2:c.OBJECT-DEFINITION></rdf:li>
      <rdf:li>
      <g2:c.OBJECT-DEFINITION>
        <g2:a.AUTHORS>
          <g2:Structure>
            <g2:sa.AUTHORS>
              <g2:Sequence>
                <rdf:li g2:type="Symbol">ADMINISTRATOR</rdf:li></g2:Sequence></g2:sa.AUTHORS>
            <g2:sa.TIMESTAMP>
              <g2:Structure>
                <g2:sa.YEAR g2:type="Integer">2009</g2:sa.YEAR>
                <g2:sa.MONTH g2:type="Integer">10</g2:sa.MONTH>
                <g2:sa.DATE g2:type="Integer">22</g2:sa.DATE>
                <g2:sa.HOURS g2:type="Integer">10</g2:sa.HOURS>
                <g2:sa.MINUTES g2:type="Integer">57</g2:sa.MINUTES></g2:Structure></g2:sa.TIMESTAMP></g2:Structure></g2:a.AUTHORS>
        <g2:a.CLASS-NAME g2:type="Symbol">BENCHMARK-TEST</g2:a.CLASS-NAME>
        <g2:a.DIRECT-SUPERIOR-CLASSES>
          <g2:Sequence>
            <rdf:li g2:type="Symbol">BENCHMARK-NODE</rdf:li></g2:Sequence></g2:a.DIRECT-SUPERIOR-CLASSES>
        <g2:a.CLASS-SPECIFIC-ATTRIBUTES>
          <g2:Sequence>
            <rdf:li>
            <g2:Structure>
              <g2:sa.ATTRIBUTE-NAME g2:type="Symbol">COUNTED</g2:sa.ATTRIBUTE-NAME>
              <g2:sa.ATTRIBUTE-INITIAL-VALUE g2:type="TruthValue">false</g2:sa.ATTRIBUTE-INITIAL-VALUE></g2:Structure></rdf:li></g2:Sequence></g2:a.CLASS-SPECIFIC-ATTRIBUTES>
        <g2:a.ICON-DESCRIPTION>
          <g2:Structure>
            <g2:sa.WIDTH g2:type="Integer">30</g2:sa.WIDTH>
            <g2:sa.HEIGHT g2:type="Integer">24</g2:sa.HEIGHT>
            <g2:sa.REGIONS>
              <g2:Sequence>
                <rdf:li>
                <g2:Structure>
                  <g2:sa.REGION-NAME g2:type="Symbol">DONE-CHECK-MARK</g2:sa.REGION-NAME>
                  <g2:sa.COLOR-NAME g2:type="Symbol">TRANSPARENT</g2:sa.COLOR-NAME></g2:Structure></rdf:li></g2:Sequence></g2:sa.REGIONS>
            <g2:sa.LAYERS>
              <g2:Sequence>
                <rdf:li>
                <g2:Structure>
                  <g2:sa.REGION-OR-COLOR g2:type="Symbol">BLUE</g2:sa.REGION-OR-COLOR>
                  <g2:sa.LINE-DRAWING-ELEMENTS>
                    <g2:Sequence>
                      <rdf:li>
                      <g2:Structure>
                        <g2:sa.TYPE g2:type="Symbol">FILLED-POLYGON</g2:sa.TYPE>
                        <g2:sa.POINTS>
                          <g2:Sequence>
                            <rdf:li>
                            <g2:Structure>
                              <g2:sa.X g2:type="Integer">15</g2:sa.X>
                              <g2:sa.Y g2:type="Integer">3</g2:sa.Y></g2:Structure></rdf:li>
                            <rdf:li>
                            <g2:Structure>
                              <g2:sa.X g2:type="Integer">6</g2:sa.X>
                              <g2:sa.Y g2:type="Integer">12</g2:sa.Y></g2:Structure></rdf:li>
                            <rdf:li>
                            <g2:Structure>
                              <g2:sa.X g2:type="Integer">15</g2:sa.X>
                              <g2:sa.Y g2:type="Integer">21</g2:sa.Y></g2:Structure></rdf:li>
                            <rdf:li>
                            <g2:Structure>
                              <g2:sa.X g2:type="Integer">12</g2:sa.X>
                              <g2:sa.Y g2:type="Integer">24</g2:sa.Y></g2:Structure></rdf:li>
                            <rdf:li>
                            <g2:Structure>
                              <g2:sa.X g2:type="Integer">0</g2:sa.X>
                              <g2:sa.Y g2:type="Integer">12</g2:sa.Y></g2:Structure></rdf:li>
                            <rdf:li>
                            <g2:Structure>
                              <g2:sa.X g2:type="Integer">12</g2:sa.X>
                              <g2:sa.Y g2:type="Integer">0</g2:sa.Y></g2:Structure></rdf:li></g2:Sequence></g2:sa.POINTS></g2:Structure></rdf:li></g2:Sequence></g2:sa.LINE-DRAWING-ELEMENTS></g2:Structure></rdf:li>
                <rdf:li>
                <g2:Structure>
                  <g2:sa.REGION-OR-COLOR g2:type="Symbol">BLUE</g2:sa.REGION-OR-COLOR>
                  <g2:sa.LINE-DRAWING-ELEMENTS>
                    <g2:Sequence>
                      <rdf:li>
                      <g2:Structure>
                        <g2:sa.TYPE g2:type="Symbol">OUTLINE</g2:sa.TYPE>
                        <g2:sa.POINTS>
                          <g2:Sequence>
                            <rdf:li>
                            <g2:Structure>
                              <g2:sa.X g2:type="Integer">18</g2:sa.X>
                              <g2:sa.Y g2:type="Integer">0</g2:sa.Y></g2:Structure></rdf:li>
                            <rdf:li>
                            <g2:Structure>
                              <g2:sa.X g2:type="Integer">30</g2:sa.X>
                              <g2:sa.Y g2:type="Integer">12</g2:sa.Y></g2:Structure></rdf:li>
                            <rdf:li>
                            <g2:Structure>
                              <g2:sa.X g2:type="Integer">18</g2:sa.X>
                              <g2:sa.Y g2:type="Integer">24</g2:sa.Y></g2:Structure></rdf:li>
                            <rdf:li>
                            <g2:Structure>
                              <g2:sa.X g2:type="Integer">6</g2:sa.X>
                              <g2:sa.Y g2:type="Integer">12</g2:sa.Y></g2:Structure></rdf:li></g2:Sequence></g2:sa.POINTS></g2:Structure></rdf:li></g2:Sequence></g2:sa.LINE-DRAWING-ELEMENTS></g2:Structure></rdf:li>
                <rdf:li>
                <g2:Structure>
                  <g2:sa.REGION-OR-COLOR g2:type="Symbol">BLUE</g2:sa.REGION-OR-COLOR>
                  <g2:sa.LINE-DRAWING-ELEMENTS>
                    <g2:Sequence>
                      <rdf:li>
                      <g2:Structure>
                        <g2:sa.TYPE g2:type="Symbol">FILLED-CIRCLE</g2:sa.TYPE>
                        <g2:sa.POINTS>
                          <g2:Sequence>
                            <rdf:li>
                            <g2:Structure>
                              <g2:sa.X g2:type="Integer">21</g2:sa.X>
                              <g2:sa.Y g2:type="Integer">14</g2:sa.Y></g2:Structure></rdf:li>
                            <rdf:li>
                            <g2:Structure>
                              <g2:sa.X g2:type="Integer">22</g2:sa.X>
                              <g2:sa.Y g2:type="Integer">12</g2:sa.Y></g2:Structure></rdf:li>
                            <rdf:li>
                            <g2:Structure>
                              <g2:sa.X g2:type="Integer">23</g2:sa.X>
                              <g2:sa.Y g2:type="Integer">13</g2:sa.Y></g2:Structure></rdf:li></g2:Sequence></g2:sa.POINTS></g2:Structure></rdf:li>
                      <rdf:li>
                      <g2:Structure>
                        <g2:sa.TYPE g2:type="Symbol">FILLED-CIRCLE</g2:sa.TYPE>
                        <g2:sa.POINTS>
                          <g2:Sequence>
                            <rdf:li>
                            <g2:Structure>
                              <g2:sa.X g2:type="Integer">15</g2:sa.X>
                              <g2:sa.Y g2:type="Integer">14</g2:sa.Y></g2:Structure></rdf:li>
                            <rdf:li>
                            <g2:Structure>
                              <g2:sa.X g2:type="Integer">16</g2:sa.X>
                              <g2:sa.Y g2:type="Integer">12</g2:sa.Y></g2:Structure></rdf:li>
                            <rdf:li>
                            <g2:Structure>
                              <g2:sa.X g2:type="Integer">17</g2:sa.X>
                              <g2:sa.Y g2:type="Integer">13</g2:sa.Y></g2:Structure></rdf:li></g2:Sequence></g2:sa.POINTS></g2:Structure></rdf:li></g2:Sequence></g2:sa.LINE-DRAWING-ELEMENTS></g2:Structure></rdf:li>
                <rdf:li>
                <g2:Structure>
                  <g2:sa.REGION-OR-COLOR g2:type="Symbol">BLUE</g2:sa.REGION-OR-COLOR>
                  <g2:sa.LINE-DRAWING-ELEMENTS>
                    <g2:Sequence>
                      <rdf:li>
                      <g2:Structure>
                        <g2:sa.TYPE g2:type="Symbol">FILLED-POLYGON</g2:sa.TYPE>
                        <g2:sa.POINTS>
                          <g2:Sequence>
                            <rdf:li>
                            <g2:Structure>
                              <g2:sa.X g2:type="Integer">12</g2:sa.X>
                              <g2:sa.Y g2:type="Integer">13</g2:sa.Y></g2:Structure></rdf:li>
                            <rdf:li>
                            <g2:Structure>
                              <g2:sa.X g2:type="Integer">13</g2:sa.X>
                              <g2:sa.Y g2:type="Integer">11</g2:sa.Y></g2:Structure></rdf:li>
                            <rdf:li>
                            <g2:Structure>
                              <g2:sa.X g2:type="Integer">17</g2:sa.X>
                              <g2:sa.Y g2:type="Integer">11</g2:sa.Y></g2:Structure></rdf:li>
                            <rdf:li>
                            <g2:Structure>
                              <g2:sa.X g2:type="Integer">18</g2:sa.X>
                              <g2:sa.Y g2:type="Integer">8</g2:sa.Y></g2:Structure></rdf:li>
                            <rdf:li>
                            <g2:Structure>
                              <g2:sa.X g2:type="Integer">22</g2:sa.X>
                              <g2:sa.Y g2:type="Integer">8</g2:sa.Y></g2:Structure></rdf:li>
                            <rdf:li>
                            <g2:Structure>
                              <g2:sa.X g2:type="Integer">21</g2:sa.X>
                              <g2:sa.Y g2:type="Integer">11</g2:sa.Y></g2:Structure></rdf:li>
                            <rdf:li>
                            <g2:Structure>
                              <g2:sa.X g2:type="Integer">25</g2:sa.X>
                              <g2:sa.Y g2:type="Integer">11</g2:sa.Y></g2:Structure></rdf:li>
                            <rdf:li>
                            <g2:Structure>
                              <g2:sa.X g2:type="Integer">24</g2:sa.X>
                              <g2:sa.Y g2:type="Integer">13</g2:sa.Y></g2:Structure></rdf:li></g2:Sequence></g2:sa.POINTS></g2:Structure></rdf:li></g2:Sequence></g2:sa.LINE-DRAWING-ELEMENTS></g2:Structure></rdf:li>
                <rdf:li>
                <g2:Structure>
                  <g2:sa.REGION-OR-COLOR g2:type="Symbol">BLUE</g2:sa.REGION-OR-COLOR>
                  <g2:sa.LINE-DRAWING-ELEMENTS>
                    <g2:Sequence>
                      <rdf:li>
                      <g2:Structure>
                        <g2:sa.TYPE g2:type="Symbol">LINES</g2:sa.TYPE>
                        <g2:sa.POINTS>
                          <g2:Sequence>
                            <rdf:li>
                            <g2:Structure>
                              <g2:sa.X g2:type="Integer">16</g2:sa.X>
                              <g2:sa.Y g2:type="Integer">8</g2:sa.Y></g2:Structure></rdf:li>
                            <rdf:li>
                            <g2:Structure>
                              <g2:sa.X g2:type="Integer">14</g2:sa.X>
                              <g2:sa.Y g2:type="Integer">8</g2:sa.Y></g2:Structure></rdf:li></g2:Sequence></g2:sa.POINTS></g2:Structure></rdf:li>
                      <rdf:li>
                      <g2:Structure>
                        <g2:sa.TYPE g2:type="Symbol">LINES</g2:sa.TYPE>
                        <g2:sa.POINTS>
                          <g2:Sequence>
                            <rdf:li>
                            <g2:Structure>
                              <g2:sa.X g2:type="Integer">15</g2:sa.X>
                              <g2:sa.Y g2:type="Integer">9</g2:sa.Y></g2:Structure></rdf:li>
                            <rdf:li>
                            <g2:Structure>
                              <g2:sa.X g2:type="Integer">12</g2:sa.X>
                              <g2:sa.Y g2:type="Integer">9</g2:sa.Y></g2:Structure></rdf:li></g2:Sequence></g2:sa.POINTS></g2:Structure></rdf:li>
                      <rdf:li>
                      <g2:Structure>
                        <g2:sa.TYPE g2:type="Symbol">LINES</g2:sa.TYPE>
                        <g2:sa.POINTS>
                          <g2:Sequence>
                            <rdf:li>
                            <g2:Structure>
                              <g2:sa.X g2:type="Integer">12</g2:sa.X>
                              <g2:sa.Y g2:type="Integer">11</g2:sa.Y></g2:Structure></rdf:li>
                            <rdf:li>
                            <g2:Structure>
                              <g2:sa.X g2:type="Integer">9</g2:sa.X>
                              <g2:sa.Y g2:type="Integer">11</g2:sa.Y></g2:Structure></rdf:li></g2:Sequence></g2:sa.POINTS></g2:Structure></rdf:li>
                      <rdf:li>
                      <g2:Structure>
                        <g2:sa.TYPE g2:type="Symbol">LINES</g2:sa.TYPE>
                        <g2:sa.POINTS>
                          <g2:Sequence>
                            <rdf:li>
                            <g2:Structure>
                              <g2:sa.X g2:type="Integer">11</g2:sa.X>
                              <g2:sa.Y g2:type="Integer">12</g2:sa.Y></g2:Structure></rdf:li>
                            <rdf:li>
                            <g2:Structure>
                              <g2:sa.X g2:type="Integer">8</g2:sa.X>
                              <g2:sa.Y g2:type="Integer">12</g2:sa.Y></g2:Structure></rdf:li></g2:Sequence></g2:sa.POINTS></g2:Structure></rdf:li></g2:Sequence></g2:sa.LINE-DRAWING-ELEMENTS></g2:Structure></rdf:li>
                <rdf:li>
                <g2:Structure>
                  <g2:sa.REGION-OR-COLOR g2:type="Symbol">DONE-CHECK-MARK</g2:sa.REGION-OR-COLOR>
                  <g2:sa.LINE-DRAWING-ELEMENTS>
                    <g2:Sequence>
                      <rdf:li>
                      <g2:Structure>
                        <g2:sa.TYPE g2:type="Symbol">FILLED-POLYGON</g2:sa.TYPE>
                        <g2:sa.POINTS>
                          <g2:Sequence>
                            <rdf:li>
                            <g2:Structure>
                              <g2:sa.X g2:type="Integer">24</g2:sa.X>
                              <g2:sa.Y g2:type="Integer">2</g2:sa.Y></g2:Structure></rdf:li>
                            <rdf:li>
                            <g2:Structure>
                              <g2:sa.X g2:type="Integer">24</g2:sa.X>
                              <g2:sa.Y g2:type="Integer">1</g2:sa.Y></g2:Structure></rdf:li>
                            <rdf:li>
                            <g2:Structure>
                              <g2:sa.X g2:type="Integer">26</g2:sa.X>
                              <g2:sa.Y g2:type="Integer">3</g2:sa.Y></g2:Structure></rdf:li>
                            <rdf:li>
                            <g2:Structure>
                              <g2:sa.X g2:type="Integer">28</g2:sa.X>
                              <g2:sa.Y g2:type="Integer">1</g2:sa.Y></g2:Structure></rdf:li>
                            <rdf:li>
                            <g2:Structure>
                              <g2:sa.X g2:type="Integer">28</g2:sa.X>
                              <g2:sa.Y g2:type="Integer">2</g2:sa.Y></g2:Structure></rdf:li>
                            <rdf:li>
                            <g2:Structure>
                              <g2:sa.X g2:type="Integer">25</g2:sa.X>
                              <g2:sa.Y g2:type="Integer">4</g2:sa.Y></g2:Structure></rdf:li></g2:Sequence></g2:sa.POINTS></g2:Structure></rdf:li></g2:Sequence></g2:sa.LINE-DRAWING-ELEMENTS></g2:Structure></rdf:li></g2:Sequence></g2:sa.LAYERS></g2:Structure></g2:a.ICON-DESCRIPTION>
        <g2:a.STUBS>
          <g2:Sequence>
            <rdf:li>
            <g2:Structure>
              <g2:sa.PORTNAME g2:type="Symbol">NEXT-TEST-PORT</g2:sa.PORTNAME>
              <g2:sa.CONNECTION-CLASS g2:type="Symbol">NEXT-BENCHMARK</g2:sa.CONNECTION-CLASS>
              <g2:sa.EDGE-LOCATION g2:type="Symbol">BOTTOM</g2:sa.EDGE-LOCATION>
              <g2:sa.COORDINATE-LOCATION g2:type="Integer">15</g2:sa.COORDINATE-LOCATION></g2:Structure></rdf:li></g2:Sequence></g2:a.STUBS></g2:c.OBJECT-DEFINITION></rdf:li></g2:Sequence></g2:externaldefinitions>
  <g2:panes>
    <g2:Sequence>
      <rdf:li>
      <g2:Structure>
        <g2:sa.WORKSPACE><g2:c.KB-WORKSPACE rdf:resource="#75cdc9b758aa11e6bd5c005056365ec5"/></g2:sa.WORKSPACE>
        <g2:sa.X-IN-WORKSPACE g2:type="Integer">47</g2:sa.X-IN-WORKSPACE>
        <g2:sa.Y-IN-WORKSPACE g2:type="Integer">44</g2:sa.Y-IN-WORKSPACE>
        <g2:sa.X-MAGNIFICATION g2:type="Integer">256</g2:sa.X-MAGNIFICATION>
        <g2:sa.Y-MAGNIFICATION g2:type="Integer">256</g2:sa.Y-MAGNIFICATION></g2:Structure></rdf:li></g2:Sequence></g2:panes>
  <g2:checksums>
    <g2:Structure>
      <g2:sa.ATTRIBUTE-NAME g2:type="Text">e5a3dad75e66324f8f78647fddb5f9a1</g2:sa.ATTRIBUTE-NAME>
      <g2:sa.UUID g2:type="Text">ae1dba8c786abce59197383208bd1767</g2:sa.UUID>
      <g2:sa.VALUE g2:type="Text">269f6b8c68382b8911ef038c81050952</g2:sa.VALUE>
      <g2:sa.TEXT g2:type="Text">1eb7d432245d91c1c9491f8a215a3b5e</g2:sa.TEXT>
      <g2:sa.BINARY g2:type="Text">d41d8cd98f00b204e9800998ecf8427e</g2:sa.BINARY></g2:Structure></g2:checksums></g2:Module>

<g2:c.KB-WORKSPACE ID="75cdc9b758aa11e6bd5c005056365ec5">
  <g2:a.NAMES g2:type="Symbol">MAIN-WORKSPACE</g2:a.NAMES>
  <g2:a.MODULE-ASSIGNMENT g2:type="Symbol">TEST--CLONE-ITEM--CONNECTIONS-IN-SUBWORKSPACE-SHOULD-REMAIN</g2:a.MODULE-ASSIGNMENT>
  <g2:a.DEFAULT-WINDOW-POSITION-AND-SCALE>
    <g2:Structure>
      <g2:sa.X g2:type="Integer">682</g2:sa.X>
      <g2:sa.Y g2:type="Integer">596</g2:sa.Y></g2:Structure></g2:a.DEFAULT-WINDOW-POSITION-AND-SCALE>
  <g2:a.EDGES-OF-WORKSPACE>
    <g2:Structure>
      <g2:sa.LEFT g2:type="Integer">-350</g2:sa.LEFT>
      <g2:sa.TOP g2:type="Integer">318</g2:sa.TOP>
      <g2:sa.RIGHT g2:type="Integer">557</g2:sa.RIGHT>
      <g2:sa.BOTTOM g2:type="Integer">-219</g2:sa.BOTTOM></g2:Structure></g2:a.EDGES-OF-WORKSPACE>
  <g2:a.NAME-BOX>
    <g2:Structure>
      <g2:sa.COLOR>
        <g2:Structure>
          <g2:sa.BACKGROUND-COLOR g2:type="Symbol">BLACK</g2:sa.BACKGROUND-COLOR>
          <g2:sa.TEXT-COLOR g2:type="Symbol">WHITE</g2:sa.TEXT-COLOR></g2:Structure></g2:sa.COLOR>
      <g2:sa.POSITION>
        <g2:Structure>
          <g2:sa.X-OFFSET g2:type="Integer">-423</g2:sa.X-OFFSET>
          <g2:sa.Y-OFFSET g2:type="Integer">232</g2:sa.Y-OFFSET></g2:Structure></g2:sa.POSITION></g2:Structure></g2:a.NAME-BOX></g2:c.KB-WORKSPACE>

<g2:c.RULE ID="2aa077c0449c11deb142005056c00008">
  <g2:a.OPTIONS>
    <g2:Structure>
      <g2:sa.BACKWARD-CHAIN g2:type="TruthValue">true</g2:sa.BACKWARD-CHAIN>
      <g2:sa.FORWARD-CHAIN g2:type="TruthValue">true</g2:sa.FORWARD-CHAIN>
      <g2:sa.DATA-SEEKING g2:type="TruthValue">true</g2:sa.DATA-SEEKING>
      <g2:sa.CAUSE-FORWARD g2:type="TruthValue">true</g2:sa.CAUSE-FORWARD></g2:Structure></g2:a.OPTIONS>
  <g2:a.AUTHORS>
    <g2:Structure>
      <g2:sa.AUTHORS>
        <g2:Sequence>
          <rdf:li g2:type="Symbol">ADMINISTRATOR</rdf:li>
          <rdf:li g2:type="Symbol">CITY</rdf:li></g2:Sequence></g2:sa.AUTHORS>
      <g2:sa.TIMESTAMP>
        <g2:Structure>
          <g2:sa.YEAR g2:type="Integer">2016</g2:sa.YEAR>
          <g2:sa.MONTH g2:type="Integer">8</g2:sa.MONTH>
          <g2:sa.DATE g2:type="Integer">2</g2:sa.DATE>
          <g2:sa.HOURS g2:type="Integer">15</g2:sa.HOURS>
          <g2:sa.MINUTES g2:type="Integer">12</g2:sa.MINUTES></g2:Structure></g2:sa.TIMESTAMP></g2:Structure></g2:a.AUTHORS>
  <g2:a.TEXT><![CDATA[initially conclude that test-suite-name = "test--clone-item-connections-in-subworkspace-should-remain"]]></g2:a.TEXT>
  <g2:a.TEXT-FONT>
    <g2:Structure>
      <g2:sa.FONT-SIZE g2:type="Symbol">LARGE</g2:sa.FONT-SIZE></g2:Structure></g2:a.TEXT-FONT>
  <g2:a.TEXT-ALIGNMENT g2:type="Symbol">LEFT</g2:a.TEXT-ALIGNMENT>
  <g2:a.FOLLOWING-ITEM-IN-WORKSPACE-LAYERING><c.BENCHMARK-TEST rdf:resource="#2aa077c1449c11deb142005056c00008"/></g2:a.FOLLOWING-ITEM-IN-WORKSPACE-LAYERING>
  <g2:a.POSITION-IN-WORKSPACE>
    <g2:Structure>
      <g2:sa.X g2:type="Integer">180</g2:sa.X>
      <g2:sa.Y g2:type="Integer">254</g2:sa.Y>
      <g2:sa.SUPERIOR><g2:c.KB-WORKSPACE rdf:resource="#75cdc9b758aa11e6bd5c005056365ec5"/></g2:sa.SUPERIOR></g2:Structure></g2:a.POSITION-IN-WORKSPACE>
  <g2:a.SIZE-IN-WORKSPACE>
    <g2:Structure>
      <g2:sa.WIDTH g2:type="Integer">564</g2:sa.WIDTH>
      <g2:sa.HEIGHT g2:type="Integer">66</g2:sa.HEIGHT></g2:Structure></g2:a.SIZE-IN-WORKSPACE></g2:c.RULE>

<c.BENCHMARK-TEST ID="2aa077c1449c11deb142005056c00008">
  <g2:a.NAMES g2:type="Symbol">DO-ALL</g2:a.NAMES>
  <ua.TEST-RESULT>
    <c.TEST-RESULT-PARAMETER ID="2aa077c3449c11deb142005056c00008">
      <g2:a.OPTIONS>
        <g2:Structure>
          <g2:sa.FORWARD-CHAIN g2:type="TruthValue">true</g2:sa.FORWARD-CHAIN>
          <g2:sa.FORWARD-CHAIN-EVEN-FOR-SAME-VALUE g2:type="TruthValue">false</g2:sa.FORWARD-CHAIN-EVEN-FOR-SAME-VALUE></g2:Structure></g2:a.OPTIONS>
      <ua.TEST-INFO>
        <g2:c.TEXT-PARAMETER ID="2aa077c4449c11deb142005056c00008">
          <g2:a.OPTIONS>
            <g2:Structure>
              <g2:sa.FORWARD-CHAIN g2:type="TruthValue">false</g2:sa.FORWARD-CHAIN>
              <g2:sa.FORWARD-CHAIN-EVEN-FOR-SAME-VALUE g2:type="TruthValue">false</g2:sa.FORWARD-CHAIN-EVEN-FOR-SAME-VALUE></g2:Structure></g2:a.OPTIONS>
          <g2:a.ICON-VARIABLES>
            <g2:Structure>
              <g2:sa.WIDTH g2:type="Integer">50</g2:sa.WIDTH>
              <g2:sa.HEIGHT g2:type="Integer">50</g2:sa.HEIGHT></g2:Structure></g2:a.ICON-VARIABLES></g2:c.TEXT-PARAMETER></ua.TEST-INFO>
      <g2:a.ICON-VARIABLES>
        <g2:Structure>
          <g2:sa.WIDTH g2:type="Integer">50</g2:sa.WIDTH>
          <g2:sa.HEIGHT g2:type="Integer">50</g2:sa.HEIGHT></g2:Structure></g2:a.ICON-VARIABLES></c.TEST-RESULT-PARAMETER></ua.TEST-RESULT>
  <ua.TIMEOUT-LIMIT g2:type="Integer" g2:unit="SECONDS">10</ua.TIMEOUT-LIMIT>
  <ua.COUNTED g2:type="TruthValue" g2:unit="TRUTH-VALUE">false</ua.COUNTED>
  <g2:a.ICON-VARIABLES>
    <g2:Structure>
      <g2:sa.WIDTH g2:type="Integer">30</g2:sa.WIDTH>
      <g2:sa.HEIGHT g2:type="Integer">24</g2:sa.HEIGHT></g2:Structure></g2:a.ICON-VARIABLES>
  <g2:a.FOLLOWING-ITEM-IN-WORKSPACE-LAYERING><c.NEXT-BENCHMARK rdf:resource="#2aa077ce449c11deb142005056c00008"/></g2:a.FOLLOWING-ITEM-IN-WORKSPACE-LAYERING>
  <g2:a.POSITION-IN-WORKSPACE>
    <g2:Structure>
      <g2:sa.X g2:type="Integer">-287</g2:sa.X>
      <g2:sa.Y g2:type="Integer">151</g2:sa.Y>
      <g2:sa.SUPERIOR><g2:c.KB-WORKSPACE rdf:resource="#75cdc9b758aa11e6bd5c005056365ec5"/></g2:sa.SUPERIOR></g2:Structure></g2:a.POSITION-IN-WORKSPACE>
  <g2:a.SIZE-IN-WORKSPACE>
    <g2:Structure>
      <g2:sa.WIDTH g2:type="Integer">30</g2:sa.WIDTH>
      <g2:sa.HEIGHT g2:type="Integer">24</g2:sa.HEIGHT></g2:Structure></g2:a.SIZE-IN-WORKSPACE>
  <g2:a.NAME-BOX>
    <g2:Structure>
      <g2:sa.COLOR>
        <g2:Structure>
          <g2:sa.BACKGROUND-COLOR g2:type="Symbol">TRANSPARENT</g2:sa.BACKGROUND-COLOR>
          <g2:sa.TEXT-COLOR g2:type="Symbol">FOREGROUND</g2:sa.TEXT-COLOR></g2:Structure></g2:sa.COLOR>
      <g2:sa.POSITION>
        <g2:Structure>
          <g2:sa.X-OFFSET g2:type="Integer">0</g2:sa.X-OFFSET>
          <g2:sa.Y-OFFSET g2:type="Integer">40</g2:sa.Y-OFFSET></g2:Structure></g2:sa.POSITION></g2:Structure></g2:a.NAME-BOX></c.BENCHMARK-TEST>

<g2:c.KB-WORKSPACE ID="2aa077c5449c11deb142005056c00008">
  <g2:a.NAMES g2:type="Symbol">TEST-WS</g2:a.NAMES>
  <g2:a.DEFAULT-WINDOW-POSITION-AND-SCALE>
    <g2:Structure>
      <g2:sa.X g2:type="Integer">647</g2:sa.X>
      <g2:sa.Y g2:type="Integer">469</g2:sa.Y></g2:Structure></g2:a.DEFAULT-WINDOW-POSITION-AND-SCALE>
  <g2:a.EDGES-OF-WORKSPACE>
    <g2:Structure>
      <g2:sa.LEFT g2:type="Integer">-361</g2:sa.LEFT>
      <g2:sa.TOP g2:type="Integer">355</g2:sa.TOP>
      <g2:sa.RIGHT g2:type="Integer">432</g2:sa.RIGHT>
      <g2:sa.BOTTOM g2:type="Integer">-267</g2:sa.BOTTOM></g2:Structure></g2:a.EDGES-OF-WORKSPACE>
  <g2:a.PARENT-OF-SUBWORKSPACE><c.BENCHMARK-TEST rdf:resource="#2aa077c1449c11deb142005056c00008"/></g2:a.PARENT-OF-SUBWORKSPACE>
  <g2:a.NAME-BOX>
    <g2:Structure>
      <g2:sa.COLOR>
        <g2:Structure>
          <g2:sa.BACKGROUND-COLOR g2:type="Symbol">BLACK</g2:sa.BACKGROUND-COLOR>
          <g2:sa.TEXT-COLOR g2:type="Symbol">WHITE</g2:sa.TEXT-COLOR></g2:Structure></g2:sa.COLOR>
      <g2:sa.POSITION>
        <g2:Structure>
          <g2:sa.X-OFFSET g2:type="Integer">-366</g2:sa.X-OFFSET>
          <g2:sa.Y-OFFSET g2:type="Integer">281</g2:sa.Y-OFFSET></g2:Structure></g2:sa.POSITION></g2:Structure></g2:a.NAME-BOX></g2:c.KB-WORKSPACE>

<g2:c.OBJECT-DEFINITION ID="fcfe8d24e0fe11e5851f901b0e445e73">
  <g2:a.AUTHORS>
    <g2:Structure>
      <g2:sa.AUTHORS>
        <g2:Sequence>
          <rdf:li g2:type="Symbol">KPUSER</rdf:li></g2:Sequence></g2:sa.AUTHORS>
      <g2:sa.TIMESTAMP>
        <g2:Structure>
          <g2:sa.YEAR g2:type="Integer">2016</g2:sa.YEAR>
          <g2:sa.MONTH g2:type="Integer">3</g2:sa.MONTH>
          <g2:sa.DATE g2:type="Integer">3</g2:sa.DATE>
          <g2:sa.HOURS g2:type="Integer">14</g2:sa.HOURS>
          <g2:sa.MINUTES g2:type="Integer">0</g2:sa.MINUTES></g2:Structure></g2:sa.TIMESTAMP></g2:Structure></g2:a.AUTHORS>
  <g2:a.CLASS-NAME g2:type="Symbol">FFT-DEFINITION</g2:a.CLASS-NAME>
  <g2:a.DIRECT-SUPERIOR-CLASSES>
    <g2:Sequence>
      <rdf:li g2:type="Symbol">OBJECT</rdf:li></g2:Sequence></g2:a.DIRECT-SUPERIOR-CLASSES>
  <g2:a.ICON-DESCRIPTION>
    <g2:Structure>
      <g2:sa.WIDTH g2:type="Integer">50</g2:sa.WIDTH>
      <g2:sa.HEIGHT g2:type="Integer">50</g2:sa.HEIGHT>
      <g2:sa.LAYERS>
        <g2:Sequence>
          <rdf:li>
          <g2:Structure>
            <g2:sa.REGION-OR-COLOR g2:type="Symbol">MEDIUM-AQUAMARINE</g2:sa.REGION-OR-COLOR>
            <g2:sa.LINE-DRAWING-ELEMENTS>
              <g2:Sequence>
                <rdf:li>
                <g2:Structure>
                  <g2:sa.TYPE g2:type="Symbol">FILLED-RECTANGLE</g2:sa.TYPE>
                  <g2:sa.POINTS>
                    <g2:Sequence>
                      <rdf:li>
                      <g2:Structure>
                        <g2:sa.X g2:type="Integer">2</g2:sa.X>
                        <g2:sa.Y g2:type="Integer">2</g2:sa.Y></g2:Structure></rdf:li>
                      <rdf:li>
                      <g2:Structure>
                        <g2:sa.X g2:type="Integer">35</g2:sa.X>
                        <g2:sa.Y g2:type="Integer">48</g2:sa.Y></g2:Structure></rdf:li></g2:Sequence></g2:sa.POINTS></g2:Structure></rdf:li></g2:Sequence></g2:sa.LINE-DRAWING-ELEMENTS></g2:Structure></rdf:li>
          <rdf:li>
          <g2:Structure>
            <g2:sa.REGION-OR-COLOR g2:type="Symbol">GRAY</g2:sa.REGION-OR-COLOR>
            <g2:sa.LINE-DRAWING-ELEMENTS>
              <g2:Sequence>
                <rdf:li>
                <g2:Structure>
                  <g2:sa.TYPE g2:type="Symbol">FILLED-RECTANGLE</g2:sa.TYPE>
                  <g2:sa.POINTS>
                    <g2:Sequence>
                      <rdf:li>
                      <g2:Structure>
                        <g2:sa.X g2:type="Integer">38</g2:sa.X>
                        <g2:sa.Y g2:type="Integer">2</g2:sa.Y></g2:Structure></rdf:li>
                      <rdf:li>
                      <g2:Structure>
                        <g2:sa.X g2:type="Integer">46</g2:sa.X>
                        <g2:sa.Y g2:type="Integer">48</g2:sa.Y></g2:Structure></rdf:li></g2:Sequence></g2:sa.POINTS></g2:Structure></rdf:li></g2:Sequence></g2:sa.LINE-DRAWING-ELEMENTS></g2:Structure></rdf:li>
          <rdf:li>
          <g2:Structure>
            <g2:sa.REGION-OR-COLOR g2:type="Symbol">BLACK</g2:sa.REGION-OR-COLOR>
            <g2:sa.LINE-DRAWING-ELEMENTS>
              <g2:Sequence>
                <rdf:li>
                <g2:Structure>
                  <g2:sa.TYPE g2:type="Symbol">FILLED-CIRCLE</g2:sa.TYPE>
                  <g2:sa.POINTS>
                    <g2:Sequence>
                      <rdf:li>
                      <g2:Structure>
                        <g2:sa.X g2:type="Integer">20</g2:sa.X>
                        <g2:sa.Y g2:type="Integer">38</g2:sa.Y></g2:Structure></rdf:li>
                      <rdf:li>
                      <g2:Structure>
                        <g2:sa.X g2:type="Integer">21</g2:sa.X>
                        <g2:sa.Y g2:type="Integer">37</g2:sa.Y></g2:Structure></rdf:li>
                      <rdf:li>
                      <g2:Structure>
                        <g2:sa.X g2:type="Integer">22</g2:sa.X>
                        <g2:sa.Y g2:type="Integer">38</g2:sa.Y></g2:Structure></rdf:li></g2:Sequence></g2:sa.POINTS></g2:Structure></rdf:li>
                <rdf:li>
                <g2:Structure>
                  <g2:sa.TYPE g2:type="Symbol">FILLED-CIRCLE</g2:sa.TYPE>
                  <g2:sa.POINTS>
                    <g2:Sequence>
                      <rdf:li>
                      <g2:Structure>
                        <g2:sa.X g2:type="Integer">20</g2:sa.X>
                        <g2:sa.Y g2:type="Integer">42</g2:sa.Y></g2:Structure></rdf:li>
                      <rdf:li>
                      <g2:Structure>
                        <g2:sa.X g2:type="Integer">21</g2:sa.X>
                        <g2:sa.Y g2:type="Integer">41</g2:sa.Y></g2:Structure></rdf:li>
                      <rdf:li>
                      <g2:Structure>
                        <g2:sa.X g2:type="Integer">22</g2:sa.X>
                        <g2:sa.Y g2:type="Integer">42</g2:sa.Y></g2:Structure></rdf:li></g2:Sequence></g2:sa.POINTS></g2:Structure></rdf:li>
                <rdf:li>
                <g2:Structure>
                  <g2:sa.TYPE g2:type="Symbol">FILLED-CIRCLE</g2:sa.TYPE>
                  <g2:sa.POINTS>
                    <g2:Sequence>
                      <rdf:li>
                      <g2:Structure>
                        <g2:sa.X g2:type="Integer">20</g2:sa.X>
                        <g2:sa.Y g2:type="Integer">46</g2:sa.Y></g2:Structure></rdf:li>
                      <rdf:li>
                      <g2:Structure>
                        <g2:sa.X g2:type="Integer">21</g2:sa.X>
                        <g2:sa.Y g2:type="Integer">45</g2:sa.Y></g2:Structure></rdf:li>
                      <rdf:li>
                      <g2:Structure>
                        <g2:sa.X g2:type="Integer">22</g2:sa.X>
                        <g2:sa.Y g2:type="Integer">46</g2:sa.Y></g2:Structure></rdf:li></g2:Sequence></g2:sa.POINTS></g2:Structure></rdf:li>
                <rdf:li>
                <g2:Structure>
                  <g2:sa.TYPE g2:type="Symbol">LINES</g2:sa.TYPE>
                  <g2:sa.POINTS>
                    <g2:Sequence>
                      <rdf:li>
                      <g2:Structure>
                        <g2:sa.X g2:type="Integer">2</g2:sa.X>
                        <g2:sa.Y g2:type="Integer">34</g2:sa.Y></g2:Structure></rdf:li>
                      <rdf:li>
                      <g2:Structure>
                        <g2:sa.X g2:type="Integer">35</g2:sa.X>
                        <g2:sa.Y g2:type="Integer">34</g2:sa.Y></g2:Structure></rdf:li></g2:Sequence></g2:sa.POINTS></g2:Structure></rdf:li>
                <rdf:li>
                <g2:Structure>
                  <g2:sa.TYPE g2:type="Symbol">LINES</g2:sa.TYPE>
                  <g2:sa.POINTS>
                    <g2:Sequence>
                      <rdf:li>
                      <g2:Structure>
                        <g2:sa.X g2:type="Integer">2</g2:sa.X>
                        <g2:sa.Y g2:type="Integer">26</g2:sa.Y></g2:Structure></rdf:li>
                      <rdf:li>
                      <g2:Structure>
                        <g2:sa.X g2:type="Integer">35</g2:sa.X>
                        <g2:sa.Y g2:type="Integer">26</g2:sa.Y></g2:Structure></rdf:li></g2:Sequence></g2:sa.POINTS></g2:Structure></rdf:li>
                <rdf:li>
                <g2:Structure>
                  <g2:sa.TYPE g2:type="Symbol">LINES</g2:sa.TYPE>
                  <g2:sa.POINTS>
                    <g2:Sequence>
                      <rdf:li>
                      <g2:Structure>
                        <g2:sa.X g2:type="Integer">2</g2:sa.X>
                        <g2:sa.Y g2:type="Integer">18</g2:sa.Y></g2:Structure></rdf:li>
                      <rdf:li>
                      <g2:Structure>
                        <g2:sa.X g2:type="Integer">35</g2:sa.X>
                        <g2:sa.Y g2:type="Integer">18</g2:sa.Y></g2:Structure></rdf:li></g2:Sequence></g2:sa.POINTS></g2:Structure></rdf:li>
                <rdf:li>
                <g2:Structure>
                  <g2:sa.TYPE g2:type="Symbol">LINES</g2:sa.TYPE>
                  <g2:sa.POINTS>
                    <g2:Sequence>
                      <rdf:li>
                      <g2:Structure>
                        <g2:sa.X g2:type="Integer">2</g2:sa.X>
                        <g2:sa.Y g2:type="Integer">10</g2:sa.Y></g2:Structure></rdf:li>
                      <rdf:li>
                      <g2:Structure>
                        <g2:sa.X g2:type="Integer">35</g2:sa.X>
                        <g2:sa.Y g2:type="Integer">10</g2:sa.Y></g2:Structure></rdf:li></g2:Sequence></g2:sa.POINTS></g2:Structure></rdf:li>
                <rdf:li>
                <g2:Structure>
                  <g2:sa.TYPE g2:type="Symbol">OUTLINE</g2:sa.TYPE>
                  <g2:sa.POINTS>
                    <g2:Sequence>
                      <rdf:li>
                      <g2:Structure>
                        <g2:sa.X g2:type="Integer">2</g2:sa.X>
                        <g2:sa.Y g2:type="Integer">2</g2:sa.Y></g2:Structure></rdf:li>
                      <rdf:li>
                      <g2:Structure>
                        <g2:sa.X g2:type="Integer">2</g2:sa.X>
                        <g2:sa.Y g2:type="Integer">48</g2:sa.Y></g2:Structure></rdf:li>
                      <rdf:li>
                      <g2:Structure>
                        <g2:sa.X g2:type="Integer">46</g2:sa.X>
                        <g2:sa.Y g2:type="Integer">48</g2:sa.Y></g2:Structure></rdf:li>
                      <rdf:li>
                      <g2:Structure>
                        <g2:sa.X g2:type="Integer">46</g2:sa.X>
                        <g2:sa.Y g2:type="Integer">2</g2:sa.Y></g2:Structure></rdf:li></g2:Sequence></g2:sa.POINTS></g2:Structure></rdf:li>
                <rdf:li>
                <g2:Structure>
                  <g2:sa.TYPE g2:type="Symbol">LINES</g2:sa.TYPE>
                  <g2:sa.POINTS>
                    <g2:Sequence>
                      <rdf:li>
                      <g2:Structure>
                        <g2:sa.X g2:type="Integer">38</g2:sa.X>
                        <g2:sa.Y g2:type="Integer">10</g2:sa.Y></g2:Structure></rdf:li>
                      <rdf:li>
                      <g2:Structure>
                        <g2:sa.X g2:type="Integer">46</g2:sa.X>
                        <g2:sa.Y g2:type="Integer">10</g2:sa.Y></g2:Structure></rdf:li></g2:Sequence></g2:sa.POINTS></g2:Structure></rdf:li>
                <rdf:li>
                <g2:Structure>
                  <g2:sa.TYPE g2:type="Symbol">LINES</g2:sa.TYPE>
                  <g2:sa.POINTS>
                    <g2:Sequence>
                      <rdf:li>
                      <g2:Structure>
                        <g2:sa.X g2:type="Integer">38</g2:sa.X>
                        <g2:sa.Y g2:type="Integer">18</g2:sa.Y></g2:Structure></rdf:li>
                      <rdf:li>
                      <g2:Structure>
                        <g2:sa.X g2:type="Integer">46</g2:sa.X>
                        <g2:sa.Y g2:type="Integer">18</g2:sa.Y></g2:Structure></rdf:li></g2:Sequence></g2:sa.POINTS></g2:Structure></rdf:li>
                <rdf:li>
                <g2:Structure>
                  <g2:sa.TYPE g2:type="Symbol">LINES</g2:sa.TYPE>
                  <g2:sa.POINTS>
                    <g2:Sequence>
                      <rdf:li>
                      <g2:Structure>
                        <g2:sa.X g2:type="Integer">38</g2:sa.X>
                        <g2:sa.Y g2:type="Integer">26</g2:sa.Y></g2:Structure></rdf:li>
                      <rdf:li>
                      <g2:Structure>
                        <g2:sa.X g2:type="Integer">46</g2:sa.X>
                        <g2:sa.Y g2:type="Integer">26</g2:sa.Y></g2:Structure></rdf:li></g2:Sequence></g2:sa.POINTS></g2:Structure></rdf:li>
                <rdf:li>
                <g2:Structure>
                  <g2:sa.TYPE g2:type="Symbol">LINES</g2:sa.TYPE>
                  <g2:sa.POINTS>
                    <g2:Sequence>
                      <rdf:li>
                      <g2:Structure>
                        <g2:sa.X g2:type="Integer">38</g2:sa.X>
                        <g2:sa.Y g2:type="Integer">34</g2:sa.Y></g2:Structure></rdf:li>
                      <rdf:li>
                      <g2:Structure>
                        <g2:sa.X g2:type="Integer">46</g2:sa.X>
                        <g2:sa.Y g2:type="Integer">34</g2:sa.Y></g2:Structure></rdf:li></g2:Sequence></g2:sa.POINTS></g2:Structure></rdf:li>
                <rdf:li>
                <g2:Structure>
                  <g2:sa.TYPE g2:type="Symbol">LINES</g2:sa.TYPE>
                  <g2:sa.POINTS>
                    <g2:Sequence>
                      <rdf:li>
                      <g2:Structure>
                        <g2:sa.X g2:type="Integer">9</g2:sa.X>
                        <g2:sa.Y g2:type="Integer">2</g2:sa.Y></g2:Structure></rdf:li>
                      <rdf:li>
                      <g2:Structure>
                        <g2:sa.X g2:type="Integer">9</g2:sa.X>
                        <g2:sa.Y g2:type="Integer">48</g2:sa.Y></g2:Structure></rdf:li></g2:Sequence></g2:sa.POINTS></g2:Structure></rdf:li></g2:Sequence></g2:sa.LINE-DRAWING-ELEMENTS></g2:Structure></rdf:li></g2:Sequence></g2:sa.LAYERS></g2:Structure></g2:a.ICON-DESCRIPTION>
  <g2:a.ICON-VARIABLES>
    <g2:Structure>
      <g2:sa.WIDTH g2:type="Integer">60</g2:sa.WIDTH>
      <g2:sa.HEIGHT g2:type="Integer">52</g2:sa.HEIGHT></g2:Structure></g2:a.ICON-VARIABLES>
  <g2:a.FOLLOWING-ITEM-IN-WORKSPACE-LAYERING><g2:c.CONNECTION-DEFINITION rdf:resource="#162c23c1011d11e6a6e8a5852247bcfa"/></g2:a.FOLLOWING-ITEM-IN-WORKSPACE-LAYERING>
  <g2:a.POSITION-IN-WORKSPACE>
    <g2:Structure>
      <g2:sa.X g2:type="Integer">-240</g2:sa.X>
      <g2:sa.Y g2:type="Integer">247</g2:sa.Y>
      <g2:sa.SUPERIOR><g2:c.KB-WORKSPACE rdf:resource="#2aa077c5449c11deb142005056c00008"/></g2:sa.SUPERIOR></g2:Structure></g2:a.POSITION-IN-WORKSPACE>
  <g2:a.SIZE-IN-WORKSPACE>
    <g2:Structure>
      <g2:sa.WIDTH g2:type="Integer">60</g2:sa.WIDTH>
      <g2:sa.HEIGHT g2:type="Integer">52</g2:sa.HEIGHT></g2:Structure></g2:a.SIZE-IN-WORKSPACE>
  <g2:a.NAME-BOX>
    <g2:Structure>
      <g2:sa.COLOR>
        <g2:Structure>
          <g2:sa.BACKGROUND-COLOR g2:type="Symbol">TRANSPARENT</g2:sa.BACKGROUND-COLOR>
          <g2:sa.TEXT-COLOR g2:type="Symbol">FOREGROUND</g2:sa.TEXT-COLOR></g2:Structure></g2:sa.COLOR>
      <g2:sa.POSITION>
        <g2:Structure>
          <g2:sa.X-OFFSET g2:type="Integer">-70</g2:sa.X-OFFSET>
          <g2:sa.Y-OFFSET g2:type="Integer">-30</g2:sa.Y-OFFSET></g2:Structure></g2:sa.POSITION></g2:Structure></g2:a.NAME-BOX></g2:c.OBJECT-DEFINITION>

<g2:c.CONNECTION-DEFINITION ID="162c23c1011d11e6a6e8a5852247bcfa">
  <g2:a.AUTHORS>
    <g2:Structure>
      <g2:sa.AUTHORS>
        <g2:Sequence>
          <rdf:li g2:type="Symbol">BUDDEN73</rdf:li>
          <rdf:li g2:type="Symbol">KPUSER</rdf:li></g2:Sequence></g2:sa.AUTHORS>
      <g2:sa.TIMESTAMP>
        <g2:Structure>
          <g2:sa.YEAR g2:type="Integer">2016</g2:sa.YEAR>
          <g2:sa.MONTH g2:type="Integer">8</g2:sa.MONTH>
          <g2:sa.DATE g2:type="Integer">3</g2:sa.DATE>
          <g2:sa.HOURS g2:type="Integer">14</g2:sa.HOURS>
          <g2:sa.MINUTES g2:type="Integer">57</g2:sa.MINUTES></g2:Structure></g2:sa.TIMESTAMP></g2:Structure></g2:a.AUTHORS>
  <g2:a.CLASS-NAME g2:type="Symbol">直線接続-A-STRAIGHT-LINE-CONNECTED-TO-THE-TU-DU</g2:a.CLASS-NAME>
  <g2:a.DIRECT-SUPERIOR-CLASSES>
    <g2:Sequence>
      <rdf:li g2:type="Symbol">CONNECTION</rdf:li></g2:Sequence></g2:a.DIRECT-SUPERIOR-CLASSES>
  <g2:a.STUB-LENGTH g2:type="Integer">5</g2:a.STUB-LENGTH>
  <g2:a.JUNCTION-BLOCK g2:type="Symbol">JUNCTION-BLOCK-FOR-直線接続-A-STRAIGHT-LINE-CONNECTED-TO-THE-TU-DU</g2:a.JUNCTION-BLOCK>
  <g2:a.ICON-VARIABLES>
    <g2:Structure>
      <g2:sa.WIDTH g2:type="Integer">60</g2:sa.WIDTH>
      <g2:sa.HEIGHT g2:type="Integer">52</g2:sa.HEIGHT></g2:Structure></g2:a.ICON-VARIABLES>
  <g2:a.FOLLOWING-ITEM-IN-WORKSPACE-LAYERING><g2:c.OBJECT-DEFINITION rdf:resource="#162c23c4011d11e6a6e8a5852247bcfa"/></g2:a.FOLLOWING-ITEM-IN-WORKSPACE-LAYERING>
  <g2:a.POSITION-IN-WORKSPACE>
    <g2:Structure>
      <g2:sa.X g2:type="Integer">-240</g2:sa.X>
      <g2:sa.Y g2:type="Integer">47</g2:sa.Y>
      <g2:sa.SUPERIOR><g2:c.KB-WORKSPACE rdf:resource="#2aa077c5449c11deb142005056c00008"/></g2:sa.SUPERIOR></g2:Structure></g2:a.POSITION-IN-WORKSPACE>
  <g2:a.SIZE-IN-WORKSPACE>
    <g2:Structure>
      <g2:sa.WIDTH g2:type="Integer">60</g2:sa.WIDTH>
      <g2:sa.HEIGHT g2:type="Integer">52</g2:sa.HEIGHT></g2:Structure></g2:a.SIZE-IN-WORKSPACE>
  <g2:a.NAME-BOX>
    <g2:Structure>
      <g2:sa.COLOR>
        <g2:Structure>
          <g2:sa.BACKGROUND-COLOR g2:type="Symbol">TRANSPARENT</g2:sa.BACKGROUND-COLOR>
          <g2:sa.TEXT-COLOR g2:type="Symbol">FOREGROUND</g2:sa.TEXT-COLOR></g2:Structure></g2:sa.COLOR>
      <g2:sa.POSITION>
        <g2:Structure>
          <g2:sa.X-OFFSET g2:type="Integer">-54</g2:sa.X-OFFSET>
          <g2:sa.Y-OFFSET g2:type="Integer">-24</g2:sa.Y-OFFSET></g2:Structure></g2:sa.POSITION></g2:Structure></g2:a.NAME-BOX></g2:c.CONNECTION-DEFINITION>

<g2:c.OBJECT-DEFINITION ID="162c23c2011d11e6a6e8a5852247bcfa">
  <g2:a.AUTHORS>
    <g2:Structure>
      <g2:sa.AUTHORS>
        <g2:Sequence>
          <rdf:li g2:type="Symbol">BUDDEN73</rdf:li>
          <rdf:li g2:type="Symbol">KPUSER</rdf:li></g2:Sequence></g2:sa.AUTHORS>
      <g2:sa.TIMESTAMP>
        <g2:Structure>
          <g2:sa.YEAR g2:type="Integer">2016</g2:sa.YEAR>
          <g2:sa.MONTH g2:type="Integer">8</g2:sa.MONTH>
          <g2:sa.DATE g2:type="Integer">3</g2:sa.DATE>
          <g2:sa.HOURS g2:type="Integer">14</g2:sa.HOURS>
          <g2:sa.MINUTES g2:type="Integer">52</g2:sa.MINUTES></g2:Structure></g2:sa.TIMESTAMP></g2:Structure></g2:a.AUTHORS>
  <g2:a.CLASS-NAME g2:type="Symbol">直線-STRAIGHT-LINE</g2:a.CLASS-NAME>
  <g2:a.DIRECT-SUPERIOR-CLASSES>
    <g2:Sequence>
      <rdf:li g2:type="Symbol">OBJECT</rdf:li></g2:Sequence></g2:a.DIRECT-SUPERIOR-CLASSES>
  <g2:a.ICON-VARIABLES>
    <g2:Structure>
      <g2:sa.WIDTH g2:type="Integer">60</g2:sa.WIDTH>
      <g2:sa.HEIGHT g2:type="Integer">52</g2:sa.HEIGHT></g2:Structure></g2:a.ICON-VARIABLES>
  <g2:a.FOLLOWING-ITEM-IN-WORKSPACE-LAYERING><g2:c.OBJECT-DEFINITION rdf:resource="#fcfe8d24e0fe11e5851f901b0e445e73"/></g2:a.FOLLOWING-ITEM-IN-WORKSPACE-LAYERING>
  <g2:a.POSITION-IN-WORKSPACE>
    <g2:Structure>
      <g2:sa.X g2:type="Integer">-242</g2:sa.X>
      <g2:sa.Y g2:type="Integer">140</g2:sa.Y>
      <g2:sa.SUPERIOR><g2:c.KB-WORKSPACE rdf:resource="#2aa077c5449c11deb142005056c00008"/></g2:sa.SUPERIOR></g2:Structure></g2:a.POSITION-IN-WORKSPACE>
  <g2:a.SIZE-IN-WORKSPACE>
    <g2:Structure>
      <g2:sa.WIDTH g2:type="Integer">60</g2:sa.WIDTH>
      <g2:sa.HEIGHT g2:type="Integer">52</g2:sa.HEIGHT></g2:Structure></g2:a.SIZE-IN-WORKSPACE>
  <g2:a.NAME-BOX>
    <g2:Structure>
      <g2:sa.COLOR>
        <g2:Structure>
          <g2:sa.BACKGROUND-COLOR g2:type="Symbol">TRANSPARENT</g2:sa.BACKGROUND-COLOR>
          <g2:sa.TEXT-COLOR g2:type="Symbol">FOREGROUND</g2:sa.TEXT-COLOR></g2:Structure></g2:sa.COLOR>
      <g2:sa.POSITION>
        <g2:Structure>
          <g2:sa.X-OFFSET g2:type="Integer">-86</g2:sa.X-OFFSET>
          <g2:sa.Y-OFFSET g2:type="Integer">-30</g2:sa.Y-OFFSET></g2:Structure></g2:sa.POSITION></g2:Structure></g2:a.NAME-BOX></g2:c.OBJECT-DEFINITION>

<g2:c.CONNECTION-DEFINITION ID="162c23c3011d11e6a6e8a5852247bcfa">
  <g2:a.AUTHORS>
    <g2:Structure>
      <g2:sa.AUTHORS>
        <g2:Sequence>
          <rdf:li g2:type="Symbol">BUDDEN73</rdf:li>
          <rdf:li g2:type="Symbol">KPUSER</rdf:li></g2:Sequence></g2:sa.AUTHORS>
      <g2:sa.TIMESTAMP>
        <g2:Structure>
          <g2:sa.YEAR g2:type="Integer">2016</g2:sa.YEAR>
          <g2:sa.MONTH g2:type="Integer">8</g2:sa.MONTH>
          <g2:sa.DATE g2:type="Integer">3</g2:sa.DATE>
          <g2:sa.HOURS g2:type="Integer">14</g2:sa.HOURS>
          <g2:sa.MINUTES g2:type="Integer">53</g2:sa.MINUTES></g2:Structure></g2:sa.TIMESTAMP></g2:Structure></g2:a.AUTHORS>
  <g2:a.CLASS-NAME g2:type="Symbol">極細直線立体接続-VERY-FINE-LINEAR-3D-CONNECTED-TU-DU</g2:a.CLASS-NAME>
  <g2:a.DIRECT-SUPERIOR-CLASSES>
    <g2:Sequence>
      <rdf:li g2:type="Symbol">直線接続-A-STRAIGHT-LINE-CONNECTED-TO-THE-TU-DU</rdf:li></g2:Sequence></g2:a.DIRECT-SUPERIOR-CLASSES>
  <g2:a.CROSS-SECTION-PATTERN>
    <g2:Structure>
      <g2:sa.CROSS-SECTION-REGIONS>
        <g2:Sequence>
          <rdf:li>
          <g2:Structure>
            <g2:sa.REGION-NAME g2:type="Symbol">DARK-REGION</g2:sa.REGION-NAME>
            <g2:sa.REGION-COLOR g2:type="Symbol">BLACK</g2:sa.REGION-COLOR></g2:Structure></rdf:li>
          <rdf:li>
          <g2:Structure>
            <g2:sa.REGION-NAME g2:type="Symbol">LIGHT-REGION</g2:sa.REGION-NAME>
            <g2:sa.REGION-COLOR g2:type="Symbol">WHITE</g2:sa.REGION-COLOR></g2:Structure></rdf:li></g2:Sequence></g2:sa.CROSS-SECTION-REGIONS>
      <g2:sa.CROSS-SECTION-STRIPES>
        <g2:Sequence>
          <rdf:li>
          <g2:Structure>
            <g2:sa.REGION-NAME g2:type="Symbol">DARK-REGION</g2:sa.REGION-NAME>
            <g2:sa.REGION-SIZE g2:type="Integer">1</g2:sa.REGION-SIZE></g2:Structure></rdf:li>
          <rdf:li>
          <g2:Structure>
            <g2:sa.REGION-NAME g2:type="Symbol">LIGHT-REGION</g2:sa.REGION-NAME>
            <g2:sa.REGION-SIZE g2:type="Integer">1</g2:sa.REGION-SIZE></g2:Structure></rdf:li></g2:Sequence></g2:sa.CROSS-SECTION-STRIPES></g2:Structure></g2:a.CROSS-SECTION-PATTERN>
  <g2:a.STUB-LENGTH g2:type="Integer">5</g2:a.STUB-LENGTH>
  <g2:a.JUNCTION-BLOCK g2:type="Symbol">JUNCTION-BLOCK-FOR-極細直線立体接続-VERY-FINE-LINEAR-3D-CONNECTED-TU-DU</g2:a.JUNCTION-BLOCK>
  <g2:a.ICON-VARIABLES>
    <g2:Structure>
      <g2:sa.WIDTH g2:type="Integer">60</g2:sa.WIDTH>
      <g2:sa.HEIGHT g2:type="Integer">52</g2:sa.HEIGHT></g2:Structure></g2:a.ICON-VARIABLES>
  <g2:a.FOLLOWING-ITEM-IN-WORKSPACE-LAYERING><c.FFT-DEFINITION rdf:resource="#162c23c6011d11e6a6e8a5852247bcfa"/></g2:a.FOLLOWING-ITEM-IN-WORKSPACE-LAYERING>
  <g2:a.POSITION-IN-WORKSPACE>
    <g2:Structure>
      <g2:sa.X g2:type="Integer">-241</g2:sa.X>
      <g2:sa.Y g2:type="Integer">-161</g2:sa.Y>
      <g2:sa.SUPERIOR><g2:c.KB-WORKSPACE rdf:resource="#2aa077c5449c11deb142005056c00008"/></g2:sa.SUPERIOR></g2:Structure></g2:a.POSITION-IN-WORKSPACE>
  <g2:a.SIZE-IN-WORKSPACE>
    <g2:Structure>
      <g2:sa.WIDTH g2:type="Integer">60</g2:sa.WIDTH>
      <g2:sa.HEIGHT g2:type="Integer">52</g2:sa.HEIGHT></g2:Structure></g2:a.SIZE-IN-WORKSPACE>
  <g2:a.NAME-BOX>
    <g2:Structure>
      <g2:sa.COLOR>
        <g2:Structure>
          <g2:sa.BACKGROUND-COLOR g2:type="Symbol">TRANSPARENT</g2:sa.BACKGROUND-COLOR>
          <g2:sa.TEXT-COLOR g2:type="Symbol">FOREGROUND</g2:sa.TEXT-COLOR></g2:Structure></g2:sa.COLOR>
      <g2:sa.POSITION>
        <g2:Structure>
          <g2:sa.X-OFFSET g2:type="Integer">-64</g2:sa.X-OFFSET>
          <g2:sa.Y-OFFSET g2:type="Integer">-24</g2:sa.Y-OFFSET></g2:Structure></g2:sa.POSITION></g2:Structure></g2:a.NAME-BOX></g2:c.CONNECTION-DEFINITION>

<g2:c.OBJECT-DEFINITION ID="162c23c4011d11e6a6e8a5852247bcfa">
  <g2:a.AUTHORS>
    <g2:Structure>
      <g2:sa.AUTHORS>
        <g2:Sequence>
          <rdf:li g2:type="Symbol">BUDDEN73</rdf:li>
          <rdf:li g2:type="Symbol">ADMINISTRATOR</rdf:li>
          <rdf:li g2:type="Symbol">KPUSER</rdf:li></g2:Sequence></g2:sa.AUTHORS>
      <g2:sa.TIMESTAMP>
        <g2:Structure>
          <g2:sa.YEAR g2:type="Integer">2016</g2:sa.YEAR>
          <g2:sa.MONTH g2:type="Integer">8</g2:sa.MONTH>
          <g2:sa.DATE g2:type="Integer">5</g2:sa.DATE>
          <g2:sa.HOURS g2:type="Integer">22</g2:sa.HOURS>
          <g2:sa.MINUTES g2:type="Integer">39</g2:sa.MINUTES></g2:Structure></g2:sa.TIMESTAMP></g2:Structure></g2:a.AUTHORS>
  <g2:a.CLASS-NAME g2:type="Symbol">極細直線立体-VERY-FINE-LINEAR-3D</g2:a.CLASS-NAME>
  <g2:a.DIRECT-SUPERIOR-CLASSES>
    <g2:Sequence>
      <rdf:li g2:type="Symbol">直線-STRAIGHT-LINE</rdf:li></g2:Sequence></g2:a.DIRECT-SUPERIOR-CLASSES>
  <g2:a.ICON-DESCRIPTION>
    <g2:Structure>
      <g2:sa.WIDTH g2:type="Integer">10</g2:sa.WIDTH>
      <g2:sa.HEIGHT g2:type="Integer">2</g2:sa.HEIGHT>
      <g2:sa.REGIONS>
        <g2:Sequence>
          <rdf:li>
          <g2:Structure>
            <g2:sa.REGION-NAME g2:type="Symbol">DARK-REGION</g2:sa.REGION-NAME>
            <g2:sa.COLOR-NAME g2:type="Symbol">DIM-GRAY</g2:sa.COLOR-NAME></g2:Structure></rdf:li>
          <rdf:li>
          <g2:Structure>
            <g2:sa.REGION-NAME g2:type="Symbol">LIGHT-REGION</g2:sa.REGION-NAME>
            <g2:sa.COLOR-NAME g2:type="Symbol">WHITE</g2:sa.COLOR-NAME></g2:Structure></rdf:li></g2:Sequence></g2:sa.REGIONS>
      <g2:sa.LAYERS>
        <g2:Sequence>
          <rdf:li>
          <g2:Structure>
            <g2:sa.REGION-OR-COLOR g2:type="Symbol">DARK-REGION</g2:sa.REGION-OR-COLOR>
            <g2:sa.LINE-DRAWING-ELEMENTS>
              <g2:Sequence>
                <rdf:li>
                <g2:Structure>
                  <g2:sa.TYPE g2:type="Symbol">LINES</g2:sa.TYPE>
                  <g2:sa.POINTS>
                    <g2:Sequence>
                      <rdf:li>
                      <g2:Structure>
                        <g2:sa.X g2:type="Integer">0</g2:sa.X>
                        <g2:sa.Y g2:type="Integer">0</g2:sa.Y></g2:Structure></rdf:li>
                      <rdf:li>
                      <g2:Structure>
                        <g2:sa.X g2:type="Integer">10</g2:sa.X>
                        <g2:sa.Y g2:type="Integer">0</g2:sa.Y></g2:Structure></rdf:li></g2:Sequence></g2:sa.POINTS></g2:Structure></rdf:li></g2:Sequence></g2:sa.LINE-DRAWING-ELEMENTS></g2:Structure></rdf:li>
          <rdf:li>
          <g2:Structure>
            <g2:sa.REGION-OR-COLOR g2:type="Symbol">LIGHT-REGION</g2:sa.REGION-OR-COLOR>
            <g2:sa.LINE-DRAWING-ELEMENTS>
              <g2:Sequence>
                <rdf:li>
                <g2:Structure>
                  <g2:sa.TYPE g2:type="Symbol">LINES</g2:sa.TYPE>
                  <g2:sa.POINTS>
                    <g2:Sequence>
                      <rdf:li>
                      <g2:Structure>
                        <g2:sa.X g2:type="Integer">0</g2:sa.X>
                        <g2:sa.Y g2:type="Integer">1</g2:sa.Y></g2:Structure></rdf:li>
                      <rdf:li>
                      <g2:Structure>
                        <g2:sa.X g2:type="Integer">10</g2:sa.X>
                        <g2:sa.Y g2:type="Integer">1</g2:sa.Y></g2:Structure></rdf:li></g2:Sequence></g2:sa.POINTS></g2:Structure></rdf:li></g2:Sequence></g2:sa.LINE-DRAWING-ELEMENTS></g2:Structure></rdf:li></g2:Sequence></g2:sa.LAYERS></g2:Structure></g2:a.ICON-DESCRIPTION>
  <g2:a.STUBS>
    <g2:Sequence>
      <rdf:li>
      <g2:Structure>
        <g2:sa.CONNECTION-CLASS g2:type="Symbol">極細直線立体接続-VERY-FINE-LINEAR-3D-CONNECTED-TU-DU</g2:sa.CONNECTION-CLASS>
        <g2:sa.EDGE-LOCATION g2:type="Symbol">LEFT</g2:sa.EDGE-LOCATION>
        <g2:sa.COORDINATE-LOCATION g2:type="Integer">1</g2:sa.COORDINATE-LOCATION></g2:Structure></rdf:li>
      <rdf:li>
      <g2:Structure>
        <g2:sa.CONNECTION-CLASS g2:type="Symbol">極細直線立体接続-VERY-FINE-LINEAR-3D-CONNECTED-TU-DU</g2:sa.CONNECTION-CLASS>
        <g2:sa.EDGE-LOCATION g2:type="Symbol">RIGHT</g2:sa.EDGE-LOCATION>
        <g2:sa.COORDINATE-LOCATION g2:type="Integer">1</g2:sa.COORDINATE-LOCATION></g2:Structure></rdf:li></g2:Sequence></g2:a.STUBS>
  <g2:a.ICON-VARIABLES>
    <g2:Structure>
      <g2:sa.WIDTH g2:type="Integer">60</g2:sa.WIDTH>
      <g2:sa.HEIGHT g2:type="Integer">52</g2:sa.HEIGHT></g2:Structure></g2:a.ICON-VARIABLES>
  <g2:a.FOLLOWING-ITEM-IN-WORKSPACE-LAYERING><g2:c.PROCEDURE rdf:resource="#c0c53252597311e6951b005056365ec5"/></g2:a.FOLLOWING-ITEM-IN-WORKSPACE-LAYERING>
  <g2:a.POSITION-IN-WORKSPACE>
    <g2:Structure>
      <g2:sa.X g2:type="Integer">-241</g2:sa.X>
      <g2:sa.Y g2:type="Integer">-56</g2:sa.Y>
      <g2:sa.SUPERIOR><g2:c.KB-WORKSPACE rdf:resource="#2aa077c5449c11deb142005056c00008"/></g2:sa.SUPERIOR></g2:Structure></g2:a.POSITION-IN-WORKSPACE>
  <g2:a.SIZE-IN-WORKSPACE>
    <g2:Structure>
      <g2:sa.WIDTH g2:type="Integer">60</g2:sa.WIDTH>
      <g2:sa.HEIGHT g2:type="Integer">52</g2:sa.HEIGHT></g2:Structure></g2:a.SIZE-IN-WORKSPACE>
  <g2:a.NAME-BOX>
    <g2:Structure>
      <g2:sa.COLOR>
        <g2:Structure>
          <g2:sa.BACKGROUND-COLOR g2:type="Symbol">TRANSPARENT</g2:sa.BACKGROUND-COLOR>
          <g2:sa.TEXT-COLOR g2:type="Symbol">FOREGROUND</g2:sa.TEXT-COLOR></g2:Structure></g2:sa.COLOR>
      <g2:sa.POSITION>
        <g2:Structure>
          <g2:sa.X-OFFSET g2:type="Integer">-58</g2:sa.X-OFFSET>
          <g2:sa.Y-OFFSET g2:type="Integer">-24</g2:sa.Y-OFFSET></g2:Structure></g2:sa.POSITION></g2:Structure></g2:a.NAME-BOX></g2:c.OBJECT-DEFINITION>

<c.FFT-DEFINITION ID="162c23c6011d11e6a6e8a5852247bcfa">
  <g2:a.NAMES g2:type="Symbol">ORIGINAL-OBJECT3</g2:a.NAMES>
  <g2:a.ICON-VARIABLES>
    <g2:Structure>
      <g2:sa.WIDTH g2:type="Integer">50</g2:sa.WIDTH>
      <g2:sa.HEIGHT g2:type="Integer">50</g2:sa.HEIGHT></g2:Structure></g2:a.ICON-VARIABLES>
  <g2:a.POSITION-IN-WORKSPACE>
    <g2:Structure>
      <g2:sa.X g2:type="Integer">321</g2:sa.X>
      <g2:sa.Y g2:type="Integer">157</g2:sa.Y>
      <g2:sa.SUPERIOR><g2:c.KB-WORKSPACE rdf:resource="#2aa077c5449c11deb142005056c00008"/></g2:sa.SUPERIOR></g2:Structure></g2:a.POSITION-IN-WORKSPACE>
  <g2:a.SIZE-IN-WORKSPACE>
    <g2:Structure>
      <g2:sa.WIDTH g2:type="Integer">50</g2:sa.WIDTH>
      <g2:sa.HEIGHT g2:type="Integer">50</g2:sa.HEIGHT></g2:Structure></g2:a.SIZE-IN-WORKSPACE>
  <g2:a.NAME-BOX>
    <g2:Structure>
      <g2:sa.COLOR>
        <g2:Structure>
          <g2:sa.BACKGROUND-COLOR g2:type="Symbol">TRANSPARENT</g2:sa.BACKGROUND-COLOR>
          <g2:sa.TEXT-COLOR g2:type="Symbol">FOREGROUND</g2:sa.TEXT-COLOR></g2:Structure></g2:sa.COLOR>
      <g2:sa.POSITION>
        <g2:Structure>
          <g2:sa.X-OFFSET g2:type="Integer">-82</g2:sa.X-OFFSET>
          <g2:sa.Y-OFFSET g2:type="Integer">-29</g2:sa.Y-OFFSET></g2:Structure></g2:sa.POSITION></g2:Structure></g2:a.NAME-BOX></c.FFT-DEFINITION>

<g2:c.KB-WORKSPACE ID="162c23c8011d11e6a6e8a5852247bcfa">
  <g2:a.BACKGROUND-COLOR g2:type="Symbol">YELLOW</g2:a.BACKGROUND-COLOR>
  <g2:a.DEFAULT-WINDOW-POSITION-AND-SCALE>
    <g2:Structure>
      <g2:sa.X g2:type="Integer">420</g2:sa.X>
      <g2:sa.Y g2:type="Integer">766</g2:sa.Y></g2:Structure></g2:a.DEFAULT-WINDOW-POSITION-AND-SCALE>
  <g2:a.EDGES-OF-WORKSPACE>
    <g2:Structure>
      <g2:sa.LEFT g2:type="Integer">-350</g2:sa.LEFT>
      <g2:sa.TOP g2:type="Integer">250</g2:sa.TOP>
      <g2:sa.RIGHT g2:type="Integer">350</g2:sa.RIGHT>
      <g2:sa.BOTTOM g2:type="Integer">-250</g2:sa.BOTTOM></g2:Structure></g2:a.EDGES-OF-WORKSPACE>
  <g2:a.PARENT-OF-SUBWORKSPACE><c.FFT-DEFINITION rdf:resource="#162c23c6011d11e6a6e8a5852247bcfa"/></g2:a.PARENT-OF-SUBWORKSPACE></g2:c.KB-WORKSPACE>

<c.極細直線立体-VERY-FINE-LINEAR-3D ID="162c23c9011d11e6a6e8a5852247bcfa">
  <g2:a.NAMES g2:type="Symbol">ORIGINAL-極細直線立体-VERY-FINE-LINEAR-3D</g2:a.NAMES>
  <g2:a.ICON-VARIABLES>
    <g2:Structure>
      <g2:sa.WIDTH g2:type="Integer">10</g2:sa.WIDTH>
      <g2:sa.HEIGHT g2:type="Integer">2</g2:sa.HEIGHT></g2:Structure></g2:a.ICON-VARIABLES>
  <g2:a.FOLLOWING-ITEM-IN-WORKSPACE-LAYERING><c.極細直線立体接続-VERY-FINE-LINEAR-3D-CONNECTED-TU-DU rdf:resource="#162c23ca011d11e6a6e8a5852247bcfa"/></g2:a.FOLLOWING-ITEM-IN-WORKSPACE-LAYERING>
  <g2:a.POSITION-IN-WORKSPACE>
    <g2:Structure>
      <g2:sa.X g2:type="Integer">-125</g2:sa.X>
      <g2:sa.Y g2:type="Integer">84</g2:sa.Y>
      <g2:sa.SUPERIOR><g2:c.KB-WORKSPACE rdf:resource="#162c23c8011d11e6a6e8a5852247bcfa"/></g2:sa.SUPERIOR></g2:Structure></g2:a.POSITION-IN-WORKSPACE>
  <g2:a.SIZE-IN-WORKSPACE>
    <g2:Structure>
      <g2:sa.WIDTH g2:type="Integer">10</g2:sa.WIDTH>
      <g2:sa.HEIGHT g2:type="Integer">2</g2:sa.HEIGHT></g2:Structure></g2:a.SIZE-IN-WORKSPACE>
  <g2:a.NAME-BOX>
    <g2:Structure>
      <g2:sa.COLOR>
        <g2:Structure>
          <g2:sa.BACKGROUND-COLOR g2:type="Symbol">TRANSPARENT</g2:sa.BACKGROUND-COLOR>
          <g2:sa.TEXT-COLOR g2:type="Symbol">FOREGROUND</g2:sa.TEXT-COLOR></g2:Structure></g2:sa.COLOR>
      <g2:sa.POSITION>
        <g2:Structure>
          <g2:sa.X-OFFSET g2:type="Integer">-177</g2:sa.X-OFFSET>
          <g2:sa.Y-OFFSET g2:type="Integer">-5</g2:sa.Y-OFFSET></g2:Structure></g2:sa.POSITION></g2:Structure></g2:a.NAME-BOX></c.極細直線立体-VERY-FINE-LINEAR-3D>

<c.極細直線立体接続-VERY-FINE-LINEAR-3D-CONNECTED-TU-DU ID="162c23ca011d11e6a6e8a5852247bcfa">
  <g2:a.NAMES g2:type="Symbol">ORIGINAL-極細直線立体接続-VERY-FINE-LINEAR-3D-CONNECTED-TU-DU</g2:a.NAMES>
  <g2:a.CONNECTION-VERTICES>
    <g2:Sequence>
      <rdf:li g2:type="Integer">371</rdf:li>
      <rdf:li g2:type="Integer">-230</rdf:li>
      <rdf:li g2:type="Integer">-387</rdf:li></g2:Sequence></g2:a.CONNECTION-VERTICES>
  <g2:a.CONNECTION-STYLE g2:type="Symbol">ORTHOGONAL</g2:a.CONNECTION-STYLE>
  <g2:a.CONNECTION-OUTPUT>
    <g2:Structure>
      <g2:sa.ITEM><c.極細直線立体-VERY-FINE-LINEAR-3D rdf:resource="#162c23c9011d11e6a6e8a5852247bcfa"/></g2:sa.ITEM>
      <g2:sa.SIDE g2:type="Symbol">LEFT</g2:sa.SIDE>
      <g2:sa.POSITION g2:type="Integer">1</g2:sa.POSITION></g2:Structure></g2:a.CONNECTION-OUTPUT>
  <g2:a.CONNECTION-INPUT>
    <g2:Structure>
      <g2:sa.ITEM><c.極細直線立体-VERY-FINE-LINEAR-3D rdf:resource="#162c23c9011d11e6a6e8a5852247bcfa"/></g2:sa.ITEM>
      <g2:sa.SIDE g2:type="Symbol">RIGHT</g2:sa.SIDE>
      <g2:sa.POSITION g2:type="Integer">1</g2:sa.POSITION></g2:Structure></g2:a.CONNECTION-INPUT>
  <g2:a.ITEM-COLOR-PATTERN>
    <g2:Structure>
      <g2:sa.DARK-REGION g2:type="Symbol">BLACK</g2:sa.DARK-REGION>
      <g2:sa.LIGHT-REGION g2:type="Symbol">WHITE</g2:sa.LIGHT-REGION></g2:Structure></g2:a.ITEM-COLOR-PATTERN></c.極細直線立体接続-VERY-FINE-LINEAR-3D-CONNECTED-TU-DU>

<g2:c.PROCEDURE ID="c0c53252597311e6951b005056365ec5">
  <g2:a.AUTHORS>
    <g2:Structure>
      <g2:sa.AUTHORS>
        <g2:Sequence>
          <rdf:li g2:type="Symbol">BUDDEN73</rdf:li>
          <rdf:li g2:type="Symbol">ADMINISTRATOR</rdf:li></g2:Sequence></g2:sa.AUTHORS>
      <g2:sa.TIMESTAMP>
        <g2:Structure>
          <g2:sa.YEAR g2:type="Integer">2016</g2:sa.YEAR>
          <g2:sa.MONTH g2:type="Integer">8</g2:sa.MONTH>
          <g2:sa.DATE g2:type="Integer">6</g2:sa.DATE>
          <g2:sa.HOURS g2:type="Integer">13</g2:sa.HOURS>
          <g2:sa.MINUTES g2:type="Integer">35</g2:sa.MINUTES></g2:Structure></g2:sa.TIMESTAMP></g2:Structure></g2:a.AUTHORS>
  <g2:a.TEXT><![CDATA[
do-all-test(node: class benchmark-node)

FD : class fft-definition;
SW : class kb-workspace;
SW-OF-CLONE : class kb-workspace;
I : class object;
J : class item;
original-connection : class 極細直線立体接続-very-fine-linear-3d-connected-tu-du;
count-of-connections-in-clone : integer;
cloned-connection : class 極細直線立体接続-very-fine-linear-3d-connected-tu-du;
cloned-object-received-through-connection : class object;
found-cloned-object-through-cloned-connection : truth-value;
found-unexpected-object-through-cloned-connection : truth-value;
found-self-through-cloned-connection : truth-value;
begin

  found-cloned-object-through-cloned-connection = false;
  found-unexpected-object-through-cloned-connection = false;
  found-self-through-cloned-connection = false;
  
  create an fft-definition FD by cloning ORIGINAL-OBJECT3;
  conclude that the names of FD = the symbol CLONED-OBJECT3;
  transfer FD to TEST-WS at (80,0);
  
  SW-OF-CLONE = the subworkspace of FD;

  conclude that the names of FD = the symbol CLONED-OBJECT3-SUBWORKSPACE;
  
  for i = each 極細直線立体-very-fine-linear-3d do
    if (the workspace of i is the same object as SW-OF-CLONE) then
      conclude that the names of i is cloned-極細直線立体-very-fine-linear-3d;
  end;
    
  count-of-connections-in-clone = 0; 
  for J = each connection connected to cloned-極細直線立体-very-fine-linear-3d do
    begin
    count-of-connections-in-clone = count-of-connections-in-clone + 1; 
    if the class of J is 極細直線立体接続-very-fine-linear-3d-connected-tu-du then
      cloned-connection = J;
    end;
  end;
  
  for i = each object connected to cloned-connection do
    if I is the same object as cloned-極細直線立体-very-fine-linear-3d then
      found-cloned-object-through-cloned-connection = true
    else
      found-unexpected-object-through-cloned-connection = true; 
    end;
    
  for i = each object connected to  cloned-極細直線立体-very-fine-linear-3d do
    if i is the same object as cloned-極細直線立体-very-fine-linear-3d then
      found-self-through-cloned-connection = true;
    end;
    
  if count-of-connections-in-clone /= 1 then 
    call fail(node,"In subworkspace of cloned object there are [count-of-connections-in-clone] object(s) instead of 1]")
  else if not (found-cloned-object-through-cloned-connection) then
    call fail(node,"Didn't find cloned object through cloned connection")
  else if found-unexpected-object-through-cloned-connection then 
    call fail(node,"Found unexpecte object connected to cloned connection")
  else if not (found-self-through-cloned-connection) then
    call fail(node,"Cloned object is not connected to itself through cloned connection")
  else 
    call pass(node);
    
end

]]></g2:a.TEXT>
  <g2:a.ICON-VARIABLES>
    <g2:Structure>
      <g2:sa.WIDTH g2:type="Integer">50</g2:sa.WIDTH>
      <g2:sa.HEIGHT g2:type="Integer">50</g2:sa.HEIGHT></g2:Structure></g2:a.ICON-VARIABLES>
  <g2:a.FOLLOWING-ITEM-IN-WORKSPACE-LAYERING><g2:c.CONNECTION-DEFINITION rdf:resource="#162c23c3011d11e6a6e8a5852247bcfa"/></g2:a.FOLLOWING-ITEM-IN-WORKSPACE-LAYERING>
  <g2:a.POSITION-IN-WORKSPACE>
    <g2:Structure>
      <g2:sa.X g2:type="Integer">151</g2:sa.X>
      <g2:sa.Y g2:type="Integer">150</g2:sa.Y>
      <g2:sa.SUPERIOR><g2:c.KB-WORKSPACE rdf:resource="#2aa077c5449c11deb142005056c00008"/></g2:sa.SUPERIOR></g2:Structure></g2:a.POSITION-IN-WORKSPACE>
  <g2:a.SIZE-IN-WORKSPACE>
    <g2:Structure>
      <g2:sa.WIDTH g2:type="Integer">50</g2:sa.WIDTH>
      <g2:sa.HEIGHT g2:type="Integer">50</g2:sa.HEIGHT></g2:Structure></g2:a.SIZE-IN-WORKSPACE>
  <g2:a.NAME-BOX>
    <g2:Structure>
      <g2:sa.COLOR>
        <g2:Structure>
          <g2:sa.BACKGROUND-COLOR g2:type="Symbol">TRANSPARENT</g2:sa.BACKGROUND-COLOR>
          <g2:sa.TEXT-COLOR g2:type="Symbol">FOREGROUND</g2:sa.TEXT-COLOR></g2:Structure></g2:sa.COLOR>
      <g2:sa.POSITION>
        <g2:Structure>
          <g2:sa.X-OFFSET g2:type="Integer">-60</g2:sa.X-OFFSET>
          <g2:sa.Y-OFFSET g2:type="Integer">-29</g2:sa.Y-OFFSET></g2:Structure></g2:sa.POSITION></g2:Structure></g2:a.NAME-BOX></g2:c.PROCEDURE>

<c.END-FLOW ID="2aa077c6449c11deb142005056c00008">
  <ua.TEST-RESULT>
    <c.TEST-RESULT-PARAMETER ID="2aa077c7449c11deb142005056c00008">
      <g2:a.OPTIONS>
        <g2:Structure>
          <g2:sa.FORWARD-CHAIN g2:type="TruthValue">true</g2:sa.FORWARD-CHAIN>
          <g2:sa.FORWARD-CHAIN-EVEN-FOR-SAME-VALUE g2:type="TruthValue">false</g2:sa.FORWARD-CHAIN-EVEN-FOR-SAME-VALUE></g2:Structure></g2:a.OPTIONS>
      <ua.TEST-INFO>
        <g2:c.TEXT-PARAMETER ID="2aa077c8449c11deb142005056c00008">
          <g2:a.OPTIONS>
            <g2:Structure>
              <g2:sa.FORWARD-CHAIN g2:type="TruthValue">false</g2:sa.FORWARD-CHAIN>
              <g2:sa.FORWARD-CHAIN-EVEN-FOR-SAME-VALUE g2:type="TruthValue">false</g2:sa.FORWARD-CHAIN-EVEN-FOR-SAME-VALUE></g2:Structure></g2:a.OPTIONS>
          <g2:a.ICON-VARIABLES>
            <g2:Structure>
              <g2:sa.WIDTH g2:type="Integer">50</g2:sa.WIDTH>
              <g2:sa.HEIGHT g2:type="Integer">50</g2:sa.HEIGHT></g2:Structure></g2:a.ICON-VARIABLES></g2:c.TEXT-PARAMETER></ua.TEST-INFO>
      <g2:a.ICON-VARIABLES>
        <g2:Structure>
          <g2:sa.WIDTH g2:type="Integer">50</g2:sa.WIDTH>
          <g2:sa.HEIGHT g2:type="Integer">50</g2:sa.HEIGHT></g2:Structure></g2:a.ICON-VARIABLES></c.TEST-RESULT-PARAMETER></ua.TEST-RESULT>
  <ua.TIMEOUT-LIMIT g2:type="Integer" g2:unit="SECONDS">10</ua.TIMEOUT-LIMIT>
  <g2:a.ICON-VARIABLES>
    <g2:Structure>
      <g2:sa.WIDTH g2:type="Integer">50</g2:sa.WIDTH>
      <g2:sa.HEIGHT g2:type="Integer">25</g2:sa.HEIGHT></g2:Structure></g2:a.ICON-VARIABLES>
  <g2:a.FOLLOWING-ITEM-IN-WORKSPACE-LAYERING><c.START-FLOW rdf:resource="#2aa077ca449c11deb142005056c00008"/></g2:a.FOLLOWING-ITEM-IN-WORKSPACE-LAYERING>
  <g2:a.POSITION-IN-WORKSPACE>
    <g2:Structure>
      <g2:sa.X g2:type="Integer">-286</g2:sa.X>
      <g2:sa.Y g2:type="Integer">92</g2:sa.Y>
      <g2:sa.SUPERIOR><g2:c.KB-WORKSPACE rdf:resource="#75cdc9b758aa11e6bd5c005056365ec5"/></g2:sa.SUPERIOR></g2:Structure></g2:a.POSITION-IN-WORKSPACE>
  <g2:a.SIZE-IN-WORKSPACE>
    <g2:Structure>
      <g2:sa.WIDTH g2:type="Integer">50</g2:sa.WIDTH>
      <g2:sa.HEIGHT g2:type="Integer">25</g2:sa.HEIGHT></g2:Structure></g2:a.SIZE-IN-WORKSPACE></c.END-FLOW>

<g2:c.LOOSE-END ID="2aa077c9449c11deb142005056c00008">
  <g2:a.FOLLOWING-ITEM-IN-WORKSPACE-LAYERING><c.NEXT-BENCHMARK rdf:resource="#2aa077cf449c11deb142005056c00008"/></g2:a.FOLLOWING-ITEM-IN-WORKSPACE-LAYERING>
  <g2:a.POSITION-IN-WORKSPACE>
    <g2:Structure>
      <g2:sa.X g2:type="Integer">-286</g2:sa.X>
      <g2:sa.Y g2:type="Integer">109</g2:sa.Y>
      <g2:sa.SUPERIOR><g2:c.KB-WORKSPACE rdf:resource="#75cdc9b758aa11e6bd5c005056365ec5"/></g2:sa.SUPERIOR></g2:Structure></g2:a.POSITION-IN-WORKSPACE></g2:c.LOOSE-END>

<c.START-FLOW ID="2aa077ca449c11deb142005056c00008">
  <ua.TEST-RESULT>
    <c.TEST-RESULT-PARAMETER ID="2aa077cb449c11deb142005056c00008">
      <g2:a.OPTIONS>
        <g2:Structure>
          <g2:sa.FORWARD-CHAIN g2:type="TruthValue">true</g2:sa.FORWARD-CHAIN>
          <g2:sa.FORWARD-CHAIN-EVEN-FOR-SAME-VALUE g2:type="TruthValue">false</g2:sa.FORWARD-CHAIN-EVEN-FOR-SAME-VALUE></g2:Structure></g2:a.OPTIONS>
      <ua.TEST-INFO>
        <g2:c.TEXT-PARAMETER ID="2aa077cc449c11deb142005056c00008">
          <g2:a.OPTIONS>
            <g2:Structure>
              <g2:sa.FORWARD-CHAIN g2:type="TruthValue">false</g2:sa.FORWARD-CHAIN>
              <g2:sa.FORWARD-CHAIN-EVEN-FOR-SAME-VALUE g2:type="TruthValue">false</g2:sa.FORWARD-CHAIN-EVEN-FOR-SAME-VALUE></g2:Structure></g2:a.OPTIONS>
          <g2:a.ICON-VARIABLES>
            <g2:Structure>
              <g2:sa.WIDTH g2:type="Integer">50</g2:sa.WIDTH>
              <g2:sa.HEIGHT g2:type="Integer">50</g2:sa.HEIGHT></g2:Structure></g2:a.ICON-VARIABLES></g2:c.TEXT-PARAMETER></ua.TEST-INFO>
      <g2:a.ICON-VARIABLES>
        <g2:Structure>
          <g2:sa.WIDTH g2:type="Integer">50</g2:sa.WIDTH>
          <g2:sa.HEIGHT g2:type="Integer">50</g2:sa.HEIGHT></g2:Structure></g2:a.ICON-VARIABLES></c.TEST-RESULT-PARAMETER></ua.TEST-RESULT>
  <ua.TIMEOUT-LIMIT g2:type="Integer" g2:unit="SECONDS">10</ua.TIMEOUT-LIMIT>
  <ua.NUMBER-OF-EXECUTED-TESTS g2:type="Integer">1</ua.NUMBER-OF-EXECUTED-TESTS>
  <ua.TOTAL-NUMBER-OF-TESTS g2:type="Integer">1</ua.TOTAL-NUMBER-OF-TESTS>
  <g2:a.ICON-VARIABLES>
    <g2:Structure>
      <g2:sa.WIDTH g2:type="Integer">50</g2:sa.WIDTH>
      <g2:sa.HEIGHT g2:type="Integer">25</g2:sa.HEIGHT></g2:Structure></g2:a.ICON-VARIABLES>
  <g2:a.FOLLOWING-ITEM-IN-WORKSPACE-LAYERING><c.NEXT-BENCHMARK rdf:resource="#2aa077cd449c11deb142005056c00008"/></g2:a.FOLLOWING-ITEM-IN-WORKSPACE-LAYERING>
  <g2:a.POSITION-IN-WORKSPACE>
    <g2:Structure>
      <g2:sa.X g2:type="Integer">-287</g2:sa.X>
      <g2:sa.Y g2:type="Integer">197</g2:sa.Y>
      <g2:sa.SUPERIOR><g2:c.KB-WORKSPACE rdf:resource="#75cdc9b758aa11e6bd5c005056365ec5"/></g2:sa.SUPERIOR></g2:Structure></g2:a.POSITION-IN-WORKSPACE>
  <g2:a.SIZE-IN-WORKSPACE>
    <g2:Structure>
      <g2:sa.WIDTH g2:type="Integer">50</g2:sa.WIDTH>
      <g2:sa.HEIGHT g2:type="Integer">25</g2:sa.HEIGHT></g2:Structure></g2:a.SIZE-IN-WORKSPACE></c.START-FLOW>

<c.NEXT-BENCHMARK ID="2aa077cd449c11deb142005056c00008">
  <g2:a.CONNECTION-VERTICES>
    <g2:Sequence>
      <rdf:li g2:type="Integer">-15</rdf:li>
      <rdf:li g2:type="Integer">0</rdf:li></g2:Sequence></g2:a.CONNECTION-VERTICES>
  <g2:a.CONNECTION-STYLE g2:type="Symbol">ORTHOGONAL</g2:a.CONNECTION-STYLE>
  <g2:a.CONNECTION-OUTPUT>
    <g2:Structure>
      <g2:sa.ITEM><c.BENCHMARK-TEST rdf:resource="#2aa077c1449c11deb142005056c00008"/></g2:sa.ITEM>
      <g2:sa.SIDE g2:type="Symbol">TOP</g2:sa.SIDE>
      <g2:sa.POSITION g2:type="Integer">15</g2:sa.POSITION></g2:Structure></g2:a.CONNECTION-OUTPUT>
  <g2:a.CONNECTION-INPUT>
    <g2:Structure>
      <g2:sa.ITEM><c.START-FLOW rdf:resource="#2aa077ca449c11deb142005056c00008"/></g2:sa.ITEM>
      <g2:sa.SIDE g2:type="Symbol">BOTTOM</g2:sa.SIDE>
      <g2:sa.POSITION g2:type="Integer">25</g2:sa.POSITION></g2:Structure></g2:a.CONNECTION-INPUT>
  <g2:a.ITEM-COLOR-PATTERN>
    <g2:Structure>
      <g2:sa.OUTLINE g2:type="Symbol">RED</g2:sa.OUTLINE>
      <g2:sa.INSIDE g2:type="Symbol">TURQUOISE</g2:sa.INSIDE></g2:Structure></g2:a.ITEM-COLOR-PATTERN></c.NEXT-BENCHMARK>

<c.NEXT-BENCHMARK ID="2aa077ce449c11deb142005056c00008">
  <g2:a.CONNECTION-VERTICES>
    <g2:Sequence>
      <rdf:li g2:type="Integer">-5</rdf:li>
      <rdf:li g2:type="Integer">0</rdf:li></g2:Sequence></g2:a.CONNECTION-VERTICES>
  <g2:a.CONNECTION-STYLE g2:type="Symbol">ORTHOGONAL</g2:a.CONNECTION-STYLE>
  <g2:a.CONNECTION-OUTPUT>
    <g2:Structure>
      <g2:sa.ITEM><c.END-FLOW rdf:resource="#2aa077c6449c11deb142005056c00008"/></g2:sa.ITEM>
      <g2:sa.SIDE g2:type="Symbol">TOP</g2:sa.SIDE>
      <g2:sa.POSITION g2:type="Integer">24</g2:sa.POSITION></g2:Structure></g2:a.CONNECTION-OUTPUT>
  <g2:a.CONNECTION-INPUT>
    <g2:Structure>
      <g2:sa.ITEM><c.BENCHMARK-TEST rdf:resource="#2aa077c1449c11deb142005056c00008"/></g2:sa.ITEM>
      <g2:sa.SIDE g2:type="Symbol">BOTTOM</g2:sa.SIDE>
      <g2:sa.POSITION g2:type="Integer">15</g2:sa.POSITION>
      <g2:sa.PORT-NAME g2:type="Symbol">NEXT-TEST-PORT</g2:sa.PORT-NAME></g2:Structure></g2:a.CONNECTION-INPUT>
  <g2:a.FOLLOWING-ITEM-IN-WORKSPACE-LAYERING><g2:c.LOOSE-END rdf:resource="#2aa077c9449c11deb142005056c00008"/></g2:a.FOLLOWING-ITEM-IN-WORKSPACE-LAYERING>
  <g2:a.ITEM-COLOR-PATTERN>
    <g2:Structure>
      <g2:sa.OUTLINE g2:type="Symbol">RED</g2:sa.OUTLINE>
      <g2:sa.INSIDE g2:type="Symbol">TURQUOISE</g2:sa.INSIDE></g2:Structure></g2:a.ITEM-COLOR-PATTERN></c.NEXT-BENCHMARK>

<c.NEXT-BENCHMARK ID="2aa077cf449c11deb142005056c00008">
  <g2:a.CONNECTION-IS-DIRECTED g2:type="TruthValue">true</g2:a.CONNECTION-IS-DIRECTED>
  <g2:a.CONNECTION-VERTICES>
    <g2:Sequence>
      <rdf:li g2:type="Integer">-4</rdf:li></g2:Sequence></g2:a.CONNECTION-VERTICES>
  <g2:a.CONNECTION-STYLE g2:type="Symbol">ORTHOGONAL</g2:a.CONNECTION-STYLE>
  <g2:a.CONNECTION-OUTPUT>
    <g2:Structure>
      <g2:sa.ITEM><c.END-FLOW rdf:resource="#2aa077c6449c11deb142005056c00008"/></g2:sa.ITEM>
      <g2:sa.SIDE g2:type="Symbol">TOP</g2:sa.SIDE>
      <g2:sa.POSITION g2:type="Integer">25</g2:sa.POSITION></g2:Structure></g2:a.CONNECTION-OUTPUT>
  <g2:a.CONNECTION-INPUT>
    <g2:Structure>
      <g2:sa.ITEM><g2:c.LOOSE-END rdf:resource="#2aa077c9449c11deb142005056c00008"/></g2:sa.ITEM>
      <g2:sa.SIDE g2:type="Symbol">BOTTOM</g2:sa.SIDE>
      <g2:sa.POSITION g2:type="Integer">0</g2:sa.POSITION>
      <g2:sa.PORT-NAME g2:type="Symbol">STUB-CONNECTION</g2:sa.PORT-NAME></g2:Structure></g2:a.CONNECTION-INPUT>
  <g2:a.FOLLOWING-ITEM-IN-WORKSPACE-LAYERING><c.END-FLOW rdf:resource="#2aa077c6449c11deb142005056c00008"/></g2:a.FOLLOWING-ITEM-IN-WORKSPACE-LAYERING>
  <g2:a.ITEM-COLOR-PATTERN>
    <g2:Structure>
      <g2:sa.OUTLINE g2:type="Symbol">RED</g2:sa.OUTLINE>
      <g2:sa.INSIDE g2:type="Symbol">TURQUOISE</g2:sa.INSIDE></g2:Structure></g2:a.ITEM-COLOR-PATTERN></c.NEXT-BENCHMARK>

<g2:c.FREE-TEXT ID="ccc17fef5bc111e6951b005056365ec5">
  <g2:a.TEXT><![CDATA[
GENSYMCID-1848 - 
"Write regression test for GENSYMCID-1697"

Essense of regression is that there is a self-connected object O with connection C in a subworkspace of object S. When S is cloned, connection on a subworkspace used to disappear. We use several queries to ensure that after cloning:

- clone of O exists (let's name it O')
- O' is connected to a single connection C' of appropriate class
- O' is the only object connected to C'
- O' is self-connected via C'
 
]]></g2:a.TEXT>
  <g2:a.TEXT-FONT>
    <g2:Structure>
      <g2:sa.FONT-SIZE g2:type="Symbol">LARGE</g2:sa.FONT-SIZE></g2:Structure></g2:a.TEXT-FONT>
  <g2:a.TEXT-ALIGNMENT g2:type="Symbol">LEFT</g2:a.TEXT-ALIGNMENT>
  <g2:a.FOLLOWING-ITEM-IN-WORKSPACE-LAYERING><g2:c.RULE rdf:resource="#2aa077c0449c11deb142005056c00008"/></g2:a.FOLLOWING-ITEM-IN-WORKSPACE-LAYERING>
  <g2:a.POSITION-IN-WORKSPACE>
    <g2:Structure>
      <g2:sa.X g2:type="Integer">146</g2:sa.X>
      <g2:sa.Y g2:type="Integer">0</g2:sa.Y>
      <g2:sa.SUPERIOR><g2:c.KB-WORKSPACE rdf:resource="#75cdc9b758aa11e6bd5c005056365ec5"/></g2:sa.SUPERIOR></g2:Structure></g2:a.POSITION-IN-WORKSPACE>
  <g2:a.SIZE-IN-WORKSPACE>
    <g2:Structure>
      <g2:sa.WIDTH g2:type="Integer">484</g2:sa.WIDTH>
      <g2:sa.HEIGHT g2:type="Integer">377</g2:sa.HEIGHT></g2:Structure></g2:a.SIZE-IN-WORKSPACE></g2:c.FREE-TEXT>
</rdf:RDF>
